[2023-12-28 22:30:29] [INFO] device cuda is used.
[2023-12-28 22:30:29] [INFO] cudnn is actived.
[2023-12-28 22:30:29] [INFO] 
           alpha       :  0.3  
             T         :   1   
         algorithm     :   1   
     num_server_commu  :  50   
     num_client_commu  :  10   
     num_client_train  :   5   
     num_public_train  :   5   
        batch_size     :  200  
          dataset      : mnist 
       model_select    :   1   
      num_all_client   :   9   
      num_all_server   :   3   
      num_client_data  : 1200  
      num_public_data  :  50   
        proportion     :  0.8  

[2023-12-28 22:30:29] [INFO] device cuda is used.
[2023-12-28 22:30:29] [INFO] cudnn is actived.
[2023-12-28 22:30:29] [INFO] 
           alpha       :  0.3  
             T         :   1   
         algorithm     :   0   
     num_server_commu  :  50   
     num_client_commu  :  10   
     num_client_train  :   5   
     num_public_train  :   5   
        batch_size     :  200  
          dataset      : mnist 
       model_select    :   1   
      num_all_client   :   9   
      num_all_server   :   3   
      num_client_data  : 1200  
      num_public_data  :  50   
        proportion     :  0.8  

[2023-12-28 22:30:36] [INFO] --------------------------------------------------
[2023-12-28 22:30:36] [INFO] |epoch_server_commu: 0/50
[2023-12-28 22:30:36] [INFO]  |epoch_client_commu: 0/10
[2023-12-28 22:30:36] [INFO]   |server: 0
[2023-12-28 22:30:36] [INFO]    -client 0
[2023-12-28 22:30:36] [INFO] --------------------------------------------------
[2023-12-28 22:30:36] [INFO] |epoch_server_commu: 0/50
[2023-12-28 22:30:36] [INFO]  |epoch_client_commu: 0/10
[2023-12-28 22:30:36] [INFO]   |server: 0
[2023-12-28 22:30:36] [INFO]    -client 0
0 <class 'list'>
[2023-12-28 22:30:36] [INFO]     |  local epoch  : 0, acc 0.089
1 <class 'list'>
[2023-12-28 22:30:36] [INFO]     |  local epoch  : 1, acc 0.089
0 <class 'list'>
[2023-12-28 22:30:36] [INFO]     |  local epoch  : 0, acc 0.103
2 <class 'list'>
[2023-12-28 22:30:36] [INFO]     |  local epoch  : 2, acc 0.089
1 <class 'list'>
[2023-12-28 22:30:36] [INFO]     |  local epoch  : 1, acc 0.103
2 <class 'list'>
[2023-12-28 22:30:36] [INFO]     |  local epoch  : 2, acc 0.103
3 <class 'list'>
[2023-12-28 22:30:36] [INFO]     |  local epoch  : 3, acc 0.089
4 <class 'list'>
[2023-12-28 22:30:37] [INFO]     |  local epoch  : 4, acc 0.089
[2023-12-28 22:30:37] [INFO]    -client 1
3 <class 'list'>
[2023-12-28 22:30:37] [INFO]     |  local epoch  : 3, acc 0.103
0 <class 'list'>
[2023-12-28 22:30:37] [INFO]     |  local epoch  : 0, acc 0.089
4 <class 'list'>
[2023-12-28 22:30:37] [INFO]     |  local epoch  : 4, acc 0.103
[2023-12-28 22:30:37] [INFO]    -client 1
1 <class 'list'>
[2023-12-28 22:30:37] [INFO]     |  local epoch  : 1, acc 0.089
0 <class 'list'>
[2023-12-28 22:30:37] [INFO]     |  local epoch  : 0, acc 0.103
2 <class 'list'>
[2023-12-28 22:30:37] [INFO]     |  local epoch  : 2, acc 0.089
1 <class 'list'>
[2023-12-28 22:30:37] [INFO]     |  local epoch  : 1, acc 0.103
3 <class 'list'>
[2023-12-28 22:30:37] [INFO]     |  local epoch  : 3, acc 0.089
2 <class 'list'>
[2023-12-28 22:30:37] [INFO]     |  local epoch  : 2, acc 0.103
4 <class 'list'>
[2023-12-28 22:30:37] [INFO]     |  local epoch  : 4, acc 0.089
[2023-12-28 22:30:37] [INFO]    -client 2
3 <class 'list'>
[2023-12-28 22:30:37] [INFO]     |  local epoch  : 3, acc 0.103
0 <class 'list'>
[2023-12-28 22:30:37] [INFO]     |  local epoch  : 0, acc 0.089
4 <class 'list'>
[2023-12-28 22:30:37] [INFO]     |  local epoch  : 4, acc 0.103
[2023-12-28 22:30:37] [INFO]    -client 2
1 <class 'list'>
[2023-12-28 22:30:37] [INFO]     |  local epoch  : 1, acc 0.089
0 <class 'list'>
[2023-12-28 22:30:37] [INFO]     |  local epoch  : 0, acc 0.103
2 <class 'list'>
[2023-12-28 22:30:37] [INFO]     |  local epoch  : 2, acc 0.089
1 <class 'list'>
[2023-12-28 22:30:37] [INFO]     |  local epoch  : 1, acc 0.103
3 <class 'list'>
[2023-12-28 22:30:37] [INFO]     |  local epoch  : 3, acc 0.089
2 <class 'list'>
[2023-12-28 22:30:37] [INFO]     |  local epoch  : 2, acc 0.103
4 <class 'list'>
[2023-12-28 22:30:37] [INFO]     |  local epoch  : 4, acc 0.089
3 <class 'list'>
[2023-12-28 22:30:37] [INFO]     |  local epoch  : 3, acc 0.103
[2023-12-28 22:30:37] [INFO] |servers comunicated: 0, server aggregated: 0, acc_server 0: 0.089.
[2023-12-28 22:30:37] [INFO] --------------------------------------------------
[2023-12-28 22:30:37] [INFO]   |server: 1
4 <class 'list'>
[2023-12-28 22:30:37] [INFO]     |  local epoch  : 4, acc 0.103
[2023-12-28 22:30:37] [INFO]    -client 3
[2023-12-28 22:30:37] [INFO] |servers comunicated: 0, server aggregated: 0, acc_server 0: 0.103.
[2023-12-28 22:30:37] [INFO] --------------------------------------------------
[2023-12-28 22:30:37] [INFO]   |server: 1
0 <class 'list'>
[2023-12-28 22:30:37] [INFO]     |  local epoch  : 0, acc 0.096
[2023-12-28 22:30:37] [INFO]    -client 3
1 <class 'list'>
[2023-12-28 22:30:37] [INFO]     |  local epoch  : 1, acc 0.096
0 <class 'list'>
[2023-12-28 22:30:37] [INFO]     |  local epoch  : 0, acc 0.096
2 <class 'list'>
[2023-12-28 22:30:37] [INFO]     |  local epoch  : 2, acc 0.096
1 <class 'list'>
[2023-12-28 22:30:37] [INFO]     |  local epoch  : 1, acc 0.096
3 <class 'list'>
[2023-12-28 22:30:37] [INFO]     |  local epoch  : 3, acc 0.096
2 <class 'list'>
[2023-12-28 22:30:37] [INFO]     |  local epoch  : 2, acc 0.096
4 <class 'list'>
[2023-12-28 22:30:38] [INFO]     |  local epoch  : 4, acc 0.096
[2023-12-28 22:30:38] [INFO]    -client 4
3 <class 'list'>
[2023-12-28 22:30:38] [INFO]     |  local epoch  : 3, acc 0.096
0 <class 'list'>
[2023-12-28 22:30:38] [INFO]     |  local epoch  : 0, acc 0.096
4 <class 'list'>
[2023-12-28 22:30:38] [INFO]     |  local epoch  : 4, acc 0.096
[2023-12-28 22:30:38] [INFO]    -client 4
1 <class 'list'>
[2023-12-28 22:30:38] [INFO]     |  local epoch  : 1, acc 0.096
0 <class 'list'>
[2023-12-28 22:30:38] [INFO]     |  local epoch  : 0, acc 0.096
2 <class 'list'>
[2023-12-28 22:30:38] [INFO]     |  local epoch  : 2, acc 0.096
1 <class 'list'>
[2023-12-28 22:30:38] [INFO]     |  local epoch  : 1, acc 0.096
3 <class 'list'>
[2023-12-28 22:30:38] [INFO]     |  local epoch  : 3, acc 0.096
2 <class 'list'>
[2023-12-28 22:30:38] [INFO]     |  local epoch  : 2, acc 0.096
4 <class 'list'>
[2023-12-28 22:30:38] [INFO]     |  local epoch  : 4, acc 0.096
[2023-12-28 22:30:38] [INFO]    -client 5
3 <class 'list'>
[2023-12-28 22:30:38] [INFO]     |  local epoch  : 3, acc 0.096
0 <class 'list'>
[2023-12-28 22:30:38] [INFO]     |  local epoch  : 0, acc 0.096
4 <class 'list'>
[2023-12-28 22:30:38] [INFO]     |  local epoch  : 4, acc 0.096
[2023-12-28 22:30:38] [INFO]    -client 5
1 <class 'list'>
[2023-12-28 22:30:38] [INFO]     |  local epoch  : 1, acc 0.096
0 <class 'list'>
[2023-12-28 22:30:38] [INFO]     |  local epoch  : 0, acc 0.096
2 <class 'list'>
[2023-12-28 22:30:38] [INFO]     |  local epoch  : 2, acc 0.096
1 <class 'list'>
[2023-12-28 22:30:38] [INFO]     |  local epoch  : 1, acc 0.096
3 <class 'list'>
[2023-12-28 22:30:38] [INFO]     |  local epoch  : 3, acc 0.096
2 <class 'list'>
[2023-12-28 22:30:38] [INFO]     |  local epoch  : 2, acc 0.096
4 <class 'list'>
[2023-12-28 22:30:38] [INFO]     |  local epoch  : 4, acc 0.096
3 <class 'list'>
[2023-12-28 22:30:38] [INFO]     |  local epoch  : 3, acc 0.096
[2023-12-28 22:30:38] [INFO] |servers comunicated: 0, server aggregated: 0, acc_server 1: 0.096.
[2023-12-28 22:30:38] [INFO] --------------------------------------------------
[2023-12-28 22:30:38] [INFO]   |server: 2
4 <class 'list'>
[2023-12-28 22:30:38] [INFO]     |  local epoch  : 4, acc 0.096
[2023-12-28 22:30:38] [INFO]    -client 6
[2023-12-28 22:30:38] [INFO] |servers comunicated: 0, server aggregated: 0, acc_server 1: 0.096.
[2023-12-28 22:30:38] [INFO] --------------------------------------------------
[2023-12-28 22:30:38] [INFO]   |server: 2
0 <class 'list'>
[2023-12-28 22:30:38] [INFO]     |  local epoch  : 0, acc 0.098
[2023-12-28 22:30:38] [INFO]    -client 6
1 <class 'list'>
[2023-12-28 22:30:38] [INFO]     |  local epoch  : 1, acc 0.098
0 <class 'list'>
[2023-12-28 22:30:38] [INFO]     |  local epoch  : 0, acc 0.098
2 <class 'list'>
[2023-12-28 22:30:38] [INFO]     |  local epoch  : 2, acc 0.098
1 <class 'list'>
[2023-12-28 22:30:38] [INFO]     |  local epoch  : 1, acc 0.098
3 <class 'list'>
[2023-12-28 22:30:38] [INFO]     |  local epoch  : 3, acc 0.098
2 <class 'list'>
[2023-12-28 22:30:38] [INFO]     |  local epoch  : 2, acc 0.098
4 <class 'list'>
[2023-12-28 22:30:38] [INFO]     |  local epoch  : 4, acc 0.098
[2023-12-28 22:30:38] [INFO]    -client 7
3 <class 'list'>
[2023-12-28 22:30:38] [INFO]     |  local epoch  : 3, acc 0.098
0 <class 'list'>
[2023-12-28 22:30:39] [INFO]     |  local epoch  : 0, acc 0.098
4 <class 'list'>
[2023-12-28 22:30:39] [INFO]     |  local epoch  : 4, acc 0.098
[2023-12-28 22:30:39] [INFO]    -client 7
1 <class 'list'>
[2023-12-28 22:30:39] [INFO]     |  local epoch  : 1, acc 0.098
0 <class 'list'>
[2023-12-28 22:30:39] [INFO]     |  local epoch  : 0, acc 0.098
2 <class 'list'>
[2023-12-28 22:30:39] [INFO]     |  local epoch  : 2, acc 0.098
1 <class 'list'>
[2023-12-28 22:30:39] [INFO]     |  local epoch  : 1, acc 0.098
3 <class 'list'>
[2023-12-28 22:30:39] [INFO]     |  local epoch  : 3, acc 0.098
2 <class 'list'>
[2023-12-28 22:30:39] [INFO]     |  local epoch  : 2, acc 0.098
4 <class 'list'>
[2023-12-28 22:30:39] [INFO]     |  local epoch  : 4, acc 0.098
[2023-12-28 22:30:39] [INFO]    -client 8
3 <class 'list'>
[2023-12-28 22:30:39] [INFO]     |  local epoch  : 3, acc 0.098
0 <class 'list'>
[2023-12-28 22:30:39] [INFO]     |  local epoch  : 0, acc 0.098
4 <class 'list'>
[2023-12-28 22:30:39] [INFO]     |  local epoch  : 4, acc 0.098
[2023-12-28 22:30:39] [INFO]    -client 8
1 <class 'list'>
[2023-12-28 22:30:39] [INFO]     |  local epoch  : 1, acc 0.098
0 <class 'list'>
[2023-12-28 22:30:39] [INFO]     |  local epoch  : 0, acc 0.098
2 <class 'list'>
[2023-12-28 22:30:39] [INFO]     |  local epoch  : 2, acc 0.098
1 <class 'list'>
[2023-12-28 22:30:39] [INFO]     |  local epoch  : 1, acc 0.098
3 <class 'list'>
[2023-12-28 22:30:39] [INFO]     |  local epoch  : 3, acc 0.098
2 <class 'list'>
[2023-12-28 22:30:39] [INFO]     |  local epoch  : 2, acc 0.098
4 <class 'list'>
[2023-12-28 22:30:39] [INFO]     |  local epoch  : 4, acc 0.098
3 <class 'list'>
[2023-12-28 22:30:39] [INFO]     |  local epoch  : 3, acc 0.098
[2023-12-28 22:30:39] [INFO] |servers comunicated: 0, server aggregated: 0, acc_server 2: 0.098.
[2023-12-28 22:30:39] [INFO] --------------------------------------------------
[2023-12-28 22:30:39] [INFO]  |epoch_client_commu: 1/10
[2023-12-28 22:30:39] [INFO]   |server: 0
4 <class 'list'>
[2023-12-28 22:30:39] [INFO]     |  local epoch  : 4, acc 0.098
[2023-12-28 22:30:39] [INFO]    -client 0
[2023-12-28 22:30:39] [INFO] |servers comunicated: 0, server aggregated: 0, acc_server 2: 0.098.
[2023-12-28 22:30:39] [INFO] --------------------------------------------------
[2023-12-28 22:30:39] [INFO]  |epoch_client_commu: 1/10
[2023-12-28 22:30:39] [INFO]   |server: 0
0 <class 'list'>
[2023-12-28 22:30:39] [INFO]     |  local epoch  : 0, acc 0.089
[2023-12-28 22:30:39] [INFO]    -client 0
1 <class 'list'>
[2023-12-28 22:30:39] [INFO]     |  local epoch  : 1, acc 0.089
0 <class 'list'>
[2023-12-28 22:30:39] [INFO]     |  local epoch  : 0, acc 0.103
2 <class 'list'>
[2023-12-28 22:30:39] [INFO]     |  local epoch  : 2, acc 0.089
1 <class 'list'>
[2023-12-28 22:30:39] [INFO]     |  local epoch  : 1, acc 0.103
3 <class 'list'>
[2023-12-28 22:30:39] [INFO]     |  local epoch  : 3, acc 0.089
2 <class 'list'>
[2023-12-28 22:30:39] [INFO]     |  local epoch  : 2, acc 0.103
4 <class 'list'>
[2023-12-28 22:30:39] [INFO]     |  local epoch  : 4, acc 0.089
[2023-12-28 22:30:39] [INFO]    -client 1
3 <class 'list'>
[2023-12-28 22:30:39] [INFO]     |  local epoch  : 3, acc 0.103
0 <class 'list'>
[2023-12-28 22:30:40] [INFO]     |  local epoch  : 0, acc 0.089
4 <class 'list'>
[2023-12-28 22:30:40] [INFO]     |  local epoch  : 4, acc 0.103
[2023-12-28 22:30:40] [INFO]    -client 1
1 <class 'list'>
[2023-12-28 22:30:40] [INFO]     |  local epoch  : 1, acc 0.089
0 <class 'list'>
[2023-12-28 22:30:40] [INFO]     |  local epoch  : 0, acc 0.103
2 <class 'list'>
[2023-12-28 22:30:40] [INFO]     |  local epoch  : 2, acc 0.089
1 <class 'list'>
[2023-12-28 22:30:40] [INFO]     |  local epoch  : 1, acc 0.103
3 <class 'list'>
[2023-12-28 22:30:40] [INFO]     |  local epoch  : 3, acc 0.089
2 <class 'list'>
[2023-12-28 22:30:40] [INFO]     |  local epoch  : 2, acc 0.103
4 <class 'list'>
[2023-12-28 22:30:40] [INFO]     |  local epoch  : 4, acc 0.089
[2023-12-28 22:30:40] [INFO]    -client 2
3 <class 'list'>
[2023-12-28 22:30:40] [INFO]     |  local epoch  : 3, acc 0.103
0 <class 'list'>
[2023-12-28 22:30:40] [INFO]     |  local epoch  : 0, acc 0.089
4 <class 'list'>
[2023-12-28 22:30:40] [INFO]     |  local epoch  : 4, acc 0.103
[2023-12-28 22:30:40] [INFO]    -client 2
1 <class 'list'>
[2023-12-28 22:30:40] [INFO]     |  local epoch  : 1, acc 0.089
0 <class 'list'>
[2023-12-28 22:30:40] [INFO]     |  local epoch  : 0, acc 0.103
2 <class 'list'>
[2023-12-28 22:30:40] [INFO]     |  local epoch  : 2, acc 0.089
1 <class 'list'>
[2023-12-28 22:30:40] [INFO]     |  local epoch  : 1, acc 0.103
3 <class 'list'>
[2023-12-28 22:30:40] [INFO]     |  local epoch  : 3, acc 0.089
2 <class 'list'>
[2023-12-28 22:30:40] [INFO]     |  local epoch  : 2, acc 0.103
4 <class 'list'>
[2023-12-28 22:30:40] [INFO]     |  local epoch  : 4, acc 0.089
3 <class 'list'>
[2023-12-28 22:30:40] [INFO]     |  local epoch  : 3, acc 0.103
[2023-12-28 22:30:40] [INFO] |servers comunicated: 0, server aggregated: 1, acc_server 0: 0.089.
[2023-12-28 22:30:40] [INFO] --------------------------------------------------
[2023-12-28 22:30:40] [INFO]   |server: 1
[2023-12-28 22:30:40] [INFO]    -client 3
4 <class 'list'>
[2023-12-28 22:30:40] [INFO]     |  local epoch  : 4, acc 0.103
[2023-12-28 22:30:40] [INFO] |servers comunicated: 0, server aggregated: 1, acc_server 0: 0.103.
[2023-12-28 22:30:40] [INFO] --------------------------------------------------
[2023-12-28 22:30:40] [INFO]   |server: 1
0 <class 'list'>
[2023-12-28 22:30:40] [INFO]     |  local epoch  : 0, acc 0.096
[2023-12-28 22:30:40] [INFO]    -client 3
1 <class 'list'>
[2023-12-28 22:30:40] [INFO]     |  local epoch  : 1, acc 0.096
0 <class 'list'>
[2023-12-28 22:30:40] [INFO]     |  local epoch  : 0, acc 0.096
2 <class 'list'>
[2023-12-28 22:30:40] [INFO]     |  local epoch  : 2, acc 0.096
1 <class 'list'>
[2023-12-28 22:30:40] [INFO]     |  local epoch  : 1, acc 0.096
3 <class 'list'>
[2023-12-28 22:30:40] [INFO]     |  local epoch  : 3, acc 0.096
2 <class 'list'>
[2023-12-28 22:30:40] [INFO]     |  local epoch  : 2, acc 0.096
4 <class 'list'>
[2023-12-28 22:30:40] [INFO]     |  local epoch  : 4, acc 0.096
[2023-12-28 22:30:40] [INFO]    -client 4
3 <class 'list'>
[2023-12-28 22:30:40] [INFO]     |  local epoch  : 3, acc 0.096
0 <class 'list'>
[2023-12-28 22:30:41] [INFO]     |  local epoch  : 0, acc 0.096
4 <class 'list'>
[2023-12-28 22:30:41] [INFO]     |  local epoch  : 4, acc 0.096
[2023-12-28 22:30:41] [INFO]    -client 4
1 <class 'list'>
[2023-12-28 22:30:41] [INFO]     |  local epoch  : 1, acc 0.096
0 <class 'list'>
[2023-12-28 22:30:41] [INFO]     |  local epoch  : 0, acc 0.096
2 <class 'list'>
[2023-12-28 22:30:41] [INFO]     |  local epoch  : 2, acc 0.096
1 <class 'list'>
[2023-12-28 22:30:41] [INFO]     |  local epoch  : 1, acc 0.096
3 <class 'list'>
[2023-12-28 22:30:41] [INFO]     |  local epoch  : 3, acc 0.096
2 <class 'list'>
[2023-12-28 22:30:41] [INFO]     |  local epoch  : 2, acc 0.096
4 <class 'list'>
[2023-12-28 22:30:41] [INFO]     |  local epoch  : 4, acc 0.096
[2023-12-28 22:30:41] [INFO]    -client 5
3 <class 'list'>
[2023-12-28 22:30:41] [INFO]     |  local epoch  : 3, acc 0.096
0 <class 'list'>
[2023-12-28 22:30:41] [INFO]     |  local epoch  : 0, acc 0.096
4 <class 'list'>
[2023-12-28 22:30:41] [INFO]     |  local epoch  : 4, acc 0.096
[2023-12-28 22:30:41] [INFO]    -client 5
1 <class 'list'>
[2023-12-28 22:30:41] [INFO]     |  local epoch  : 1, acc 0.096
0 <class 'list'>
[2023-12-28 22:30:41] [INFO]     |  local epoch  : 0, acc 0.096
2 <class 'list'>
[2023-12-28 22:30:41] [INFO]     |  local epoch  : 2, acc 0.096
1 <class 'list'>
[2023-12-28 22:30:41] [INFO]     |  local epoch  : 1, acc 0.096
3 <class 'list'>
[2023-12-28 22:30:41] [INFO]     |  local epoch  : 3, acc 0.096
2 <class 'list'>
[2023-12-28 22:30:41] [INFO]     |  local epoch  : 2, acc 0.096
4 <class 'list'>
[2023-12-28 22:30:41] [INFO]     |  local epoch  : 4, acc 0.096
3 <class 'list'>
[2023-12-28 22:30:41] [INFO]     |  local epoch  : 3, acc 0.096
[2023-12-28 22:30:41] [INFO] |servers comunicated: 0, server aggregated: 1, acc_server 1: 0.096.
[2023-12-28 22:30:41] [INFO] --------------------------------------------------
[2023-12-28 22:30:41] [INFO]   |server: 2
4 <class 'list'>
[2023-12-28 22:30:41] [INFO]    -client 6
[2023-12-28 22:30:41] [INFO]     |  local epoch  : 4, acc 0.096
[2023-12-28 22:30:41] [INFO] |servers comunicated: 0, server aggregated: 1, acc_server 1: 0.096.
[2023-12-28 22:30:41] [INFO] --------------------------------------------------
[2023-12-28 22:30:41] [INFO]   |server: 2
0 <class 'list'>
[2023-12-28 22:30:41] [INFO]     |  local epoch  : 0, acc 0.098
[2023-12-28 22:30:41] [INFO]    -client 6
1 <class 'list'>
[2023-12-28 22:30:41] [INFO]     |  local epoch  : 1, acc 0.098
0 <class 'list'>
[2023-12-28 22:30:41] [INFO]     |  local epoch  : 0, acc 0.098
2 <class 'list'>
[2023-12-28 22:30:41] [INFO]     |  local epoch  : 2, acc 0.098
1 <class 'list'>
[2023-12-28 22:30:41] [INFO]     |  local epoch  : 1, acc 0.098
3 <class 'list'>
[2023-12-28 22:30:41] [INFO]     |  local epoch  : 3, acc 0.098
2 <class 'list'>
[2023-12-28 22:30:41] [INFO]     |  local epoch  : 2, acc 0.098
4 <class 'list'>
[2023-12-28 22:30:41] [INFO]     |  local epoch  : 4, acc 0.098
[2023-12-28 22:30:41] [INFO]    -client 7
3 <class 'list'>
[2023-12-28 22:30:41] [INFO]     |  local epoch  : 3, acc 0.098
0 <class 'list'>
[2023-12-28 22:30:42] [INFO]     |  local epoch  : 0, acc 0.098
4 <class 'list'>
[2023-12-28 22:30:42] [INFO]     |  local epoch  : 4, acc 0.098
[2023-12-28 22:30:42] [INFO]    -client 7
1 <class 'list'>
[2023-12-28 22:30:42] [INFO]     |  local epoch  : 1, acc 0.098
0 <class 'list'>
[2023-12-28 22:30:42] [INFO]     |  local epoch  : 0, acc 0.098
2 <class 'list'>
[2023-12-28 22:30:42] [INFO]     |  local epoch  : 2, acc 0.098
1 <class 'list'>
[2023-12-28 22:30:42] [INFO]     |  local epoch  : 1, acc 0.098
3 <class 'list'>
[2023-12-28 22:30:42] [INFO]     |  local epoch  : 3, acc 0.098
2 <class 'list'>
[2023-12-28 22:30:42] [INFO]     |  local epoch  : 2, acc 0.098
4 <class 'list'>
[2023-12-28 22:30:42] [INFO]     |  local epoch  : 4, acc 0.098
[2023-12-28 22:30:42] [INFO]    -client 8
3 <class 'list'>
[2023-12-28 22:30:42] [INFO]     |  local epoch  : 3, acc 0.098
0 <class 'list'>
[2023-12-28 22:30:42] [INFO]     |  local epoch  : 0, acc 0.098
4 <class 'list'>
[2023-12-28 22:30:42] [INFO]     |  local epoch  : 4, acc 0.118
[2023-12-28 22:30:42] [INFO]    -client 8
1 <class 'list'>
[2023-12-28 22:30:42] [INFO]     |  local epoch  : 1, acc 0.098
0 <class 'list'>
[2023-12-28 22:30:42] [INFO]     |  local epoch  : 0, acc 0.098
2 <class 'list'>
[2023-12-28 22:30:42] [INFO]     |  local epoch  : 2, acc 0.098
1 <class 'list'>
[2023-12-28 22:30:42] [INFO]     |  local epoch  : 1, acc 0.098
3 <class 'list'>
[2023-12-28 22:30:42] [INFO]     |  local epoch  : 3, acc 0.098
2 <class 'list'>
[2023-12-28 22:30:42] [INFO]     |  local epoch  : 2, acc 0.098
4 <class 'list'>
[2023-12-28 22:30:42] [INFO]     |  local epoch  : 4, acc 0.098
3 <class 'list'>
[2023-12-28 22:30:42] [INFO]     |  local epoch  : 3, acc 0.098
[2023-12-28 22:30:42] [INFO] |servers comunicated: 0, server aggregated: 1, acc_server 2: 0.098.
[2023-12-28 22:30:42] [INFO] --------------------------------------------------
[2023-12-28 22:30:42] [INFO]  |epoch_client_commu: 2/10
[2023-12-28 22:30:42] [INFO]   |server: 0
4 <class 'list'>
[2023-12-28 22:30:42] [INFO]     |  local epoch  : 4, acc 0.098
[2023-12-28 22:30:42] [INFO]    -client 0
[2023-12-28 22:30:42] [INFO] |servers comunicated: 0, server aggregated: 1, acc_server 2: 0.098.
[2023-12-28 22:30:42] [INFO] --------------------------------------------------
[2023-12-28 22:30:42] [INFO]  |epoch_client_commu: 2/10
[2023-12-28 22:30:42] [INFO]   |server: 0
0 <class 'list'>
[2023-12-28 22:30:42] [INFO]     |  local epoch  : 0, acc 0.089
[2023-12-28 22:30:42] [INFO]    -client 0
1 <class 'list'>
[2023-12-28 22:30:42] [INFO]     |  local epoch  : 1, acc 0.089
0 <class 'list'>
[2023-12-28 22:30:42] [INFO]     |  local epoch  : 0, acc 0.104
2 <class 'list'>
[2023-12-28 22:30:42] [INFO]     |  local epoch  : 2, acc 0.089
1 <class 'list'>
[2023-12-28 22:30:42] [INFO]     |  local epoch  : 1, acc 0.138
3 <class 'list'>
[2023-12-28 22:30:42] [INFO]     |  local epoch  : 3, acc 0.089
2 <class 'list'>
[2023-12-28 22:30:42] [INFO]     |  local epoch  : 2, acc 0.150
4 <class 'list'>
[2023-12-28 22:30:42] [INFO]     |  local epoch  : 4, acc 0.089
[2023-12-28 22:30:42] [INFO]    -client 1
3 <class 'list'>
[2023-12-28 22:30:42] [INFO]     |  local epoch  : 3, acc 0.206
0 <class 'list'>
[2023-12-28 22:30:43] [INFO]     |  local epoch  : 0, acc 0.089
4 <class 'list'>
[2023-12-28 22:30:43] [INFO]     |  local epoch  : 4, acc 0.263
[2023-12-28 22:30:43] [INFO]    -client 1
1 <class 'list'>
[2023-12-28 22:30:43] [INFO]     |  local epoch  : 1, acc 0.089
0 <class 'list'>
[2023-12-28 22:30:43] [INFO]     |  local epoch  : 0, acc 0.113
2 <class 'list'>
[2023-12-28 22:30:43] [INFO]     |  local epoch  : 2, acc 0.089
1 <class 'list'>
[2023-12-28 22:30:43] [INFO]     |  local epoch  : 1, acc 0.128
3 <class 'list'>
[2023-12-28 22:30:43] [INFO]     |  local epoch  : 3, acc 0.089
2 <class 'list'>
[2023-12-28 22:30:43] [INFO]     |  local epoch  : 2, acc 0.179
4 <class 'list'>
[2023-12-28 22:30:43] [INFO]     |  local epoch  : 4, acc 0.089
[2023-12-28 22:30:43] [INFO]    -client 2
3 <class 'list'>
[2023-12-28 22:30:43] [INFO]     |  local epoch  : 3, acc 0.204
0 <class 'list'>
[2023-12-28 22:30:43] [INFO]     |  local epoch  : 0, acc 0.089
4 <class 'list'>
[2023-12-28 22:30:43] [INFO]     |  local epoch  : 4, acc 0.264
[2023-12-28 22:30:43] [INFO]    -client 2
1 <class 'list'>
[2023-12-28 22:30:43] [INFO]     |  local epoch  : 1, acc 0.089
0 <class 'list'>
[2023-12-28 22:30:43] [INFO]     |  local epoch  : 0, acc 0.105
2 <class 'list'>
[2023-12-28 22:30:43] [INFO]     |  local epoch  : 2, acc 0.089
1 <class 'list'>
[2023-12-28 22:30:43] [INFO]     |  local epoch  : 1, acc 0.158
3 <class 'list'>
[2023-12-28 22:30:43] [INFO]     |  local epoch  : 3, acc 0.089
2 <class 'list'>
[2023-12-28 22:30:43] [INFO]     |  local epoch  : 2, acc 0.223
4 <class 'list'>
[2023-12-28 22:30:43] [INFO]     |  local epoch  : 4, acc 0.089
3 <class 'list'>
[2023-12-28 22:30:43] [INFO]     |  local epoch  : 3, acc 0.259
[2023-12-28 22:30:43] [INFO] |servers comunicated: 0, server aggregated: 2, acc_server 0: 0.089.
[2023-12-28 22:30:43] [INFO] --------------------------------------------------
[2023-12-28 22:30:43] [INFO]   |server: 1
4 <class 'list'>
[2023-12-28 22:30:43] [INFO]    -client 3
[2023-12-28 22:30:43] [INFO]     |  local epoch  : 4, acc 0.310
[2023-12-28 22:30:43] [INFO] |servers comunicated: 0, server aggregated: 2, acc_server 0: 0.271.
[2023-12-28 22:30:43] [INFO] --------------------------------------------------
[2023-12-28 22:30:43] [INFO]   |server: 1
0 <class 'list'>
[2023-12-28 22:30:43] [INFO]     |  local epoch  : 0, acc 0.096
[2023-12-28 22:30:43] [INFO]    -client 3
1 <class 'list'>
[2023-12-28 22:30:43] [INFO]     |  local epoch  : 1, acc 0.096
0 <class 'list'>
[2023-12-28 22:30:43] [INFO]     |  local epoch  : 0, acc 0.096
2 <class 'list'>
[2023-12-28 22:30:43] [INFO]     |  local epoch  : 2, acc 0.096
1 <class 'list'>
[2023-12-28 22:30:43] [INFO]     |  local epoch  : 1, acc 0.096
3 <class 'list'>
[2023-12-28 22:30:43] [INFO]     |  local epoch  : 3, acc 0.096
2 <class 'list'>
[2023-12-28 22:30:43] [INFO]     |  local epoch  : 2, acc 0.107
4 <class 'list'>
[2023-12-28 22:30:43] [INFO]     |  local epoch  : 4, acc 0.096
[2023-12-28 22:30:43] [INFO]    -client 4
3 <class 'list'>
[2023-12-28 22:30:43] [INFO]     |  local epoch  : 3, acc 0.125
0 <class 'list'>
[2023-12-28 22:30:43] [INFO]     |  local epoch  : 0, acc 0.096
4 <class 'list'>
[2023-12-28 22:30:44] [INFO]     |  local epoch  : 4, acc 0.154
[2023-12-28 22:30:44] [INFO]    -client 4
1 <class 'list'>
[2023-12-28 22:30:44] [INFO]     |  local epoch  : 1, acc 0.096
0 <class 'list'>
[2023-12-28 22:30:44] [INFO]     |  local epoch  : 0, acc 0.096
2 <class 'list'>
[2023-12-28 22:30:44] [INFO]     |  local epoch  : 2, acc 0.096
1 <class 'list'>
[2023-12-28 22:30:44] [INFO]     |  local epoch  : 1, acc 0.096
3 <class 'list'>
[2023-12-28 22:30:44] [INFO]     |  local epoch  : 3, acc 0.096
2 <class 'list'>
[2023-12-28 22:30:44] [INFO]     |  local epoch  : 2, acc 0.096
4 <class 'list'>
[2023-12-28 22:30:44] [INFO]     |  local epoch  : 4, acc 0.127
[2023-12-28 22:30:44] [INFO]    -client 5
3 <class 'list'>
[2023-12-28 22:30:44] [INFO]     |  local epoch  : 3, acc 0.098
0 <class 'list'>
[2023-12-28 22:30:44] [INFO]     |  local epoch  : 0, acc 0.096
4 <class 'list'>
[2023-12-28 22:30:44] [INFO]     |  local epoch  : 4, acc 0.138
[2023-12-28 22:30:44] [INFO]    -client 5
1 <class 'list'>
[2023-12-28 22:30:44] [INFO]     |  local epoch  : 1, acc 0.096
0 <class 'list'>
[2023-12-28 22:30:44] [INFO]     |  local epoch  : 0, acc 0.096
2 <class 'list'>
[2023-12-28 22:30:44] [INFO]     |  local epoch  : 2, acc 0.096
1 <class 'list'>
[2023-12-28 22:30:44] [INFO]     |  local epoch  : 1, acc 0.096
3 <class 'list'>
[2023-12-28 22:30:44] [INFO]     |  local epoch  : 3, acc 0.096
2 <class 'list'>
[2023-12-28 22:30:44] [INFO]     |  local epoch  : 2, acc 0.106
4 <class 'list'>
[2023-12-28 22:30:44] [INFO]     |  local epoch  : 4, acc 0.097
3 <class 'list'>
[2023-12-28 22:30:44] [INFO]     |  local epoch  : 3, acc 0.134
[2023-12-28 22:30:44] [INFO] |servers comunicated: 0, server aggregated: 2, acc_server 1: 0.097.
[2023-12-28 22:30:44] [INFO] --------------------------------------------------
[2023-12-28 22:30:44] [INFO]   |server: 2
[2023-12-28 22:30:44] [INFO]    -client 6
4 <class 'list'>
[2023-12-28 22:30:44] [INFO]     |  local epoch  : 4, acc 0.166
