[2023-12-28 22:20:31] [INFO] device cuda is used.
[2023-12-28 22:20:31] [INFO] cudnn is actived.
[2023-12-28 22:20:31] [INFO] 
           alpha       :  0.0  
             T         :   8   
         algorithm     :   0   
     num_server_commu  :   2   
     num_client_commu  :   2   
     num_client_train  :   5   
     num_public_train  :   5   
        batch_size     :  200  
          dataset      : mnist 
       model_select    :   1   
      num_all_client   :   9   
      num_all_server   :   3   
      num_client_data  : 1200  
      num_public_data  :  50   
        proportion     :  0.8  

[2023-12-28 22:20:38] [INFO] --------------------------------------------------
[2023-12-28 22:20:38] [INFO] |epoch_server_commu: 0/2
[2023-12-28 22:20:38] [INFO]  |epoch_client_commu: 0/2
[2023-12-28 22:20:38] [INFO]   |server: 0
[2023-12-28 22:20:38] [INFO]    -client 0
[2023-12-28 22:20:39] [INFO]     |  local epoch  : 0, acc 0.103
[2023-12-28 22:20:39] [INFO]     |  local epoch  : 1, acc 0.103
[2023-12-28 22:20:39] [INFO]     |  local epoch  : 2, acc 0.103
[2023-12-28 22:20:39] [INFO]     |  local epoch  : 3, acc 0.103
[2023-12-28 22:20:39] [INFO]     |  local epoch  : 4, acc 0.103
[2023-12-28 22:20:39] [INFO]    -client 1
[2023-12-28 22:20:39] [INFO]     |  local epoch  : 0, acc 0.103
[2023-12-28 22:20:39] [INFO]     |  local epoch  : 1, acc 0.103
[2023-12-28 22:20:39] [INFO]     |  local epoch  : 2, acc 0.103
[2023-12-28 22:20:39] [INFO]     |  local epoch  : 3, acc 0.103
[2023-12-28 22:20:39] [INFO]     |  local epoch  : 4, acc 0.103
[2023-12-28 22:20:39] [INFO]    -client 2
[2023-12-28 22:20:39] [INFO]     |  local epoch  : 0, acc 0.103
[2023-12-28 22:20:39] [INFO]     |  local epoch  : 1, acc 0.103
[2023-12-28 22:20:39] [INFO]     |  local epoch  : 2, acc 0.103
[2023-12-28 22:20:39] [INFO]     |  local epoch  : 3, acc 0.103
[2023-12-28 22:20:39] [INFO]     |  local epoch  : 4, acc 0.103
[2023-12-28 22:20:40] [INFO] |servers comunicated: 0, server aggregated: 0, acc_server 0: 0.103.
[2023-12-28 22:20:40] [INFO] --------------------------------------------------
[2023-12-28 22:20:40] [INFO]   |server: 1
[2023-12-28 22:20:40] [INFO]    -client 3
[2023-12-28 22:20:40] [INFO]     |  local epoch  : 0, acc 0.101
[2023-12-28 22:20:40] [INFO]     |  local epoch  : 1, acc 0.101
[2023-12-28 22:20:40] [INFO]     |  local epoch  : 2, acc 0.101
[2023-12-28 22:20:40] [INFO]     |  local epoch  : 3, acc 0.101
[2023-12-28 22:20:40] [INFO]     |  local epoch  : 4, acc 0.101
[2023-12-28 22:20:40] [INFO]    -client 4
[2023-12-28 22:20:40] [INFO]     |  local epoch  : 0, acc 0.101
[2023-12-28 22:20:40] [INFO]     |  local epoch  : 1, acc 0.101
[2023-12-28 22:20:40] [INFO]     |  local epoch  : 2, acc 0.101
[2023-12-28 22:20:40] [INFO]     |  local epoch  : 3, acc 0.101
[2023-12-28 22:20:40] [INFO]     |  local epoch  : 4, acc 0.101
[2023-12-28 22:20:40] [INFO]    -client 5
[2023-12-28 22:20:40] [INFO]     |  local epoch  : 0, acc 0.101
[2023-12-28 22:20:40] [INFO]     |  local epoch  : 1, acc 0.101
[2023-12-28 22:20:40] [INFO]     |  local epoch  : 2, acc 0.101
[2023-12-28 22:20:40] [INFO]     |  local epoch  : 3, acc 0.101
[2023-12-28 22:20:40] [INFO]     |  local epoch  : 4, acc 0.101
[2023-12-28 22:20:41] [INFO] |servers comunicated: 0, server aggregated: 0, acc_server 1: 0.101.
[2023-12-28 22:20:41] [INFO] --------------------------------------------------
[2023-12-28 22:20:41] [INFO]   |server: 2
[2023-12-28 22:20:41] [INFO]    -client 6
[2023-12-28 22:20:41] [INFO]     |  local epoch  : 0, acc 0.103
[2023-12-28 22:20:41] [INFO]     |  local epoch  : 1, acc 0.103
[2023-12-28 22:20:41] [INFO]     |  local epoch  : 2, acc 0.103
[2023-12-28 22:20:41] [INFO]     |  local epoch  : 3, acc 0.103
[2023-12-28 22:20:41] [INFO]     |  local epoch  : 4, acc 0.103
[2023-12-28 22:20:41] [INFO]    -client 7
[2023-12-28 22:20:41] [INFO]     |  local epoch  : 0, acc 0.103
[2023-12-28 22:20:41] [INFO]     |  local epoch  : 1, acc 0.103
[2023-12-28 22:20:41] [INFO]     |  local epoch  : 2, acc 0.103
[2023-12-28 22:20:41] [INFO]     |  local epoch  : 3, acc 0.103
[2023-12-28 22:20:41] [INFO]     |  local epoch  : 4, acc 0.103
[2023-12-28 22:20:41] [INFO]    -client 8
[2023-12-28 22:20:41] [INFO]     |  local epoch  : 0, acc 0.103
[2023-12-28 22:20:41] [INFO]     |  local epoch  : 1, acc 0.103
[2023-12-28 22:20:41] [INFO]     |  local epoch  : 2, acc 0.103
[2023-12-28 22:20:41] [INFO]     |  local epoch  : 3, acc 0.103
[2023-12-28 22:20:41] [INFO]     |  local epoch  : 4, acc 0.103
[2023-12-28 22:20:42] [INFO] |servers comunicated: 0, server aggregated: 0, acc_server 2: 0.103.
[2023-12-28 22:20:42] [INFO] --------------------------------------------------
[2023-12-28 22:20:42] [INFO]  |epoch_client_commu: 1/2
[2023-12-28 22:20:42] [INFO]   |server: 0
[2023-12-28 22:20:42] [INFO]    -client 0
[2023-12-28 22:20:42] [INFO]     |  local epoch  : 0, acc 0.103
[2023-12-28 22:20:42] [INFO]     |  local epoch  : 1, acc 0.103
[2023-12-28 22:20:42] [INFO]     |  local epoch  : 2, acc 0.103
[2023-12-28 22:20:42] [INFO]     |  local epoch  : 3, acc 0.103
[2023-12-28 22:20:42] [INFO]     |  local epoch  : 4, acc 0.103
[2023-12-28 22:20:42] [INFO]    -client 1
[2023-12-28 22:20:42] [INFO]     |  local epoch  : 0, acc 0.103
[2023-12-28 22:20:42] [INFO]     |  local epoch  : 1, acc 0.103
[2023-12-28 22:20:42] [INFO]     |  local epoch  : 2, acc 0.103
[2023-12-28 22:20:42] [INFO]     |  local epoch  : 3, acc 0.103
[2023-12-28 22:20:42] [INFO]     |  local epoch  : 4, acc 0.103
[2023-12-28 22:20:42] [INFO]    -client 2
[2023-12-28 22:20:42] [INFO]     |  local epoch  : 0, acc 0.103
[2023-12-28 22:20:42] [INFO]     |  local epoch  : 1, acc 0.103
[2023-12-28 22:20:42] [INFO]     |  local epoch  : 2, acc 0.103
[2023-12-28 22:20:42] [INFO]     |  local epoch  : 3, acc 0.103
[2023-12-28 22:20:42] [INFO]     |  local epoch  : 4, acc 0.103
[2023-12-28 22:20:43] [INFO] |servers comunicated: 0, server aggregated: 1, acc_server 0: 0.103.
[2023-12-28 22:20:43] [INFO] --------------------------------------------------
[2023-12-28 22:20:43] [INFO]   |server: 1
[2023-12-28 22:20:43] [INFO]    -client 3
[2023-12-28 22:20:43] [INFO]     |  local epoch  : 0, acc 0.101
[2023-12-28 22:20:43] [INFO]     |  local epoch  : 1, acc 0.101
[2023-12-28 22:20:43] [INFO]     |  local epoch  : 2, acc 0.101
[2023-12-28 22:20:43] [INFO]     |  local epoch  : 3, acc 0.101
[2023-12-28 22:20:43] [INFO]     |  local epoch  : 4, acc 0.101
[2023-12-28 22:20:43] [INFO]    -client 4
[2023-12-28 22:20:43] [INFO]     |  local epoch  : 0, acc 0.101
[2023-12-28 22:20:43] [INFO]     |  local epoch  : 1, acc 0.101
[2023-12-28 22:20:43] [INFO]     |  local epoch  : 2, acc 0.101
[2023-12-28 22:20:43] [INFO]     |  local epoch  : 3, acc 0.101
[2023-12-28 22:20:43] [INFO]     |  local epoch  : 4, acc 0.101
[2023-12-28 22:20:43] [INFO]    -client 5
[2023-12-28 22:20:43] [INFO]     |  local epoch  : 0, acc 0.101
[2023-12-28 22:20:43] [INFO]     |  local epoch  : 1, acc 0.101
[2023-12-28 22:20:43] [INFO]     |  local epoch  : 2, acc 0.101
[2023-12-28 22:20:43] [INFO]     |  local epoch  : 3, acc 0.101
[2023-12-28 22:20:43] [INFO]     |  local epoch  : 4, acc 0.101
[2023-12-28 22:20:43] [INFO] |servers comunicated: 0, server aggregated: 1, acc_server 1: 0.101.
[2023-12-28 22:20:43] [INFO] --------------------------------------------------
[2023-12-28 22:20:43] [INFO]   |server: 2
[2023-12-28 22:20:44] [INFO]    -client 6
[2023-12-28 22:20:44] [INFO]     |  local epoch  : 0, acc 0.103
[2023-12-28 22:20:44] [INFO]     |  local epoch  : 1, acc 0.103
[2023-12-28 22:20:44] [INFO]     |  local epoch  : 2, acc 0.103
[2023-12-28 22:20:44] [INFO]     |  local epoch  : 3, acc 0.103
[2023-12-28 22:20:44] [INFO]     |  local epoch  : 4, acc 0.103
[2023-12-28 22:20:44] [INFO]    -client 7
[2023-12-28 22:20:44] [INFO]     |  local epoch  : 0, acc 0.103
[2023-12-28 22:20:44] [INFO]     |  local epoch  : 1, acc 0.103
[2023-12-28 22:20:44] [INFO]     |  local epoch  : 2, acc 0.103
[2023-12-28 22:20:44] [INFO]     |  local epoch  : 3, acc 0.103
[2023-12-28 22:20:44] [INFO]     |  local epoch  : 4, acc 0.103
[2023-12-28 22:20:44] [INFO]    -client 8
[2023-12-28 22:20:44] [INFO]     |  local epoch  : 0, acc 0.103
[2023-12-28 22:20:44] [INFO]     |  local epoch  : 1, acc 0.103
[2023-12-28 22:20:44] [INFO]     |  local epoch  : 2, acc 0.103
[2023-12-28 22:20:44] [INFO]     |  local epoch  : 3, acc 0.103
[2023-12-28 22:20:44] [INFO]     |  local epoch  : 4, acc 0.103
[2023-12-28 22:20:44] [INFO] |servers comunicated: 0, server aggregated: 1, acc_server 2: 0.103.
[2023-12-28 22:20:44] [INFO] --------------------------------------------------
[2023-12-28 22:20:44] [INFO]      ********  servers comunicates  ********      
[2023-12-28 22:20:44] [INFO] --------------------------------------------------
[2023-12-28 22:20:44] [INFO] |epoch_server_commu: 1/2
[2023-12-28 22:20:44] [INFO]  |epoch_client_commu: 0/2
[2023-12-28 22:20:44] [INFO]   |server: 0
[2023-12-28 22:20:44] [INFO]    -client 0
[2023-12-28 22:20:45] [INFO]     |  local epoch  : 0, acc 0.104
[2023-12-28 22:20:45] [INFO]     |  local epoch  : 1, acc 0.108
[2023-12-28 22:20:45] [INFO]     |  local epoch  : 2, acc 0.141
[2023-12-28 22:20:45] [INFO]     |  local epoch  : 3, acc 0.180
[2023-12-28 22:20:45] [INFO]     |  local epoch  : 4, acc 0.217
[2023-12-28 22:20:45] [INFO]     | distill epoch : 0, acc 0.254
[2023-12-28 22:20:45] [INFO]     | distill epoch : 1, acc 0.274
[2023-12-28 22:20:45] [INFO]     | distill epoch : 2, acc 0.272
[2023-12-28 22:20:45] [INFO]     | distill epoch : 3, acc 0.281
[2023-12-28 22:20:45] [INFO]     | distill epoch : 4, acc 0.305
[2023-12-28 22:20:45] [INFO]    -client 1
[2023-12-28 22:20:45] [INFO]     |  local epoch  : 0, acc 0.106
[2023-12-28 22:20:45] [INFO]     |  local epoch  : 1, acc 0.118
[2023-12-28 22:20:46] [INFO]     |  local epoch  : 2, acc 0.161
[2023-12-28 22:20:46] [INFO]     |  local epoch  : 3, acc 0.223
[2023-12-28 22:20:46] [INFO]     |  local epoch  : 4, acc 0.266
[2023-12-28 22:20:46] [INFO]     | distill epoch : 0, acc 0.288
[2023-12-28 22:20:46] [INFO]     | distill epoch : 1, acc 0.285
[2023-12-28 22:20:46] [INFO]     | distill epoch : 2, acc 0.292
[2023-12-28 22:20:46] [INFO]     | distill epoch : 3, acc 0.312
[2023-12-28 22:20:46] [INFO]     | distill epoch : 4, acc 0.302
[2023-12-28 22:20:46] [INFO]    -client 2
[2023-12-28 22:20:46] [INFO]     |  local epoch  : 0, acc 0.107
[2023-12-28 22:20:46] [INFO]     |  local epoch  : 1, acc 0.165
[2023-12-28 22:20:46] [INFO]     |  local epoch  : 2, acc 0.197
[2023-12-28 22:20:46] [INFO]     |  local epoch  : 3, acc 0.288
[2023-12-28 22:20:46] [INFO]     |  local epoch  : 4, acc 0.261
[2023-12-28 22:20:46] [INFO]     | distill epoch : 0, acc 0.289
[2023-12-28 22:20:46] [INFO]     | distill epoch : 1, acc 0.291
[2023-12-28 22:20:46] [INFO]     | distill epoch : 2, acc 0.286
[2023-12-28 22:20:46] [INFO]     | distill epoch : 3, acc 0.294
[2023-12-28 22:20:47] [INFO]     | distill epoch : 4, acc 0.314
[2023-12-28 22:20:47] [INFO] |servers comunicated: 1, server aggregated: 0, acc_server 0: 0.321.
[2023-12-28 22:20:47] [INFO] --------------------------------------------------
[2023-12-28 22:20:47] [INFO]   |server: 1
[2023-12-28 22:20:47] [INFO]    -client 3
[2023-12-28 22:20:47] [INFO]     |  local epoch  : 0, acc 0.101
[2023-12-28 22:20:47] [INFO]     |  local epoch  : 1, acc 0.101
[2023-12-28 22:20:47] [INFO]     |  local epoch  : 2, acc 0.104
[2023-12-28 22:20:47] [INFO]     |  local epoch  : 3, acc 0.147
[2023-12-28 22:20:47] [INFO]     |  local epoch  : 4, acc 0.160
[2023-12-28 22:20:47] [INFO]     | distill epoch : 0, acc 0.209
[2023-12-28 22:20:47] [INFO]     | distill epoch : 1, acc 0.264
[2023-12-28 22:20:47] [INFO]     | distill epoch : 2, acc 0.290
[2023-12-28 22:20:47] [INFO]     | distill epoch : 3, acc 0.265
[2023-12-28 22:20:47] [INFO]     | distill epoch : 4, acc 0.245
[2023-12-28 22:20:47] [INFO]    -client 4
[2023-12-28 22:20:47] [INFO]     |  local epoch  : 0, acc 0.101
[2023-12-28 22:20:47] [INFO]     |  local epoch  : 1, acc 0.101
[2023-12-28 22:20:47] [INFO]     |  local epoch  : 2, acc 0.102
[2023-12-28 22:20:47] [INFO]     |  local epoch  : 3, acc 0.135
[2023-12-28 22:20:47] [INFO]     |  local epoch  : 4, acc 0.164
[2023-12-28 22:20:48] [INFO]     | distill epoch : 0, acc 0.181
[2023-12-28 22:20:48] [INFO]     | distill epoch : 1, acc 0.190
[2023-12-28 22:20:48] [INFO]     | distill epoch : 2, acc 0.221
[2023-12-28 22:20:48] [INFO]     | distill epoch : 3, acc 0.260
[2023-12-28 22:20:48] [INFO]     | distill epoch : 4, acc 0.265
[2023-12-28 22:20:48] [INFO]    -client 5
[2023-12-28 22:20:48] [INFO]     |  local epoch  : 0, acc 0.101
[2023-12-28 22:20:48] [INFO]     |  local epoch  : 1, acc 0.101
[2023-12-28 22:20:48] [INFO]     |  local epoch  : 2, acc 0.101
[2023-12-28 22:20:48] [INFO]     |  local epoch  : 3, acc 0.107
[2023-12-28 22:20:48] [INFO]     |  local epoch  : 4, acc 0.127
[2023-12-28 22:20:48] [INFO]     | distill epoch : 0, acc 0.175
[2023-12-28 22:20:48] [INFO]     | distill epoch : 1, acc 0.224
[2023-12-28 22:20:48] [INFO]     | distill epoch : 2, acc 0.260
[2023-12-28 22:20:48] [INFO]     | distill epoch : 3, acc 0.256
[2023-12-28 22:20:48] [INFO]     | distill epoch : 4, acc 0.221
[2023-12-28 22:20:48] [INFO] |servers comunicated: 1, server aggregated: 0, acc_server 1: 0.254.
[2023-12-28 22:20:48] [INFO] --[2023-12-28 22:20:48] [INFO]     |  local epoch  : 2, acc 0.098
[2023-12-28 22:20:48] [INFO]     |  local epoch  : 3, acc 0.098
[2023-12-28 22:20:48] [INFO]     |  local epoch  : 4, acc 0.098
[2023-12-28 22:20:49] [INFO]     | distill epoch : 0, acc 0.098
[2023-12-28 22:20:49] [INFO]     | distill epoch : 0, acc 0.098
[2023-12-28 22:20:49] [INFO]     | distill epoch : 1, acc 0.098
[2023-12-28 22:20:49] [INFO]     | distill epoch : 1, acc 0.098
[2023-12-28 22:20:49] [INFO]     | distill epoch : 2, acc 0.098
[2023-12-28 22:20:49] [INFO]     | distill epoch : 2, acc 0.098
[2023-12-28 22:20:49] [INFO]     | distill epoch : 3, acc 0.098
[2023-12-28 22:20:49] [INFO]     | distill epoch : 3, acc 0.098
[2023-12-28 22:20:49] [INFO]     | distill epoch : 4, acc 0.098
[2023-12-28 22:20:49] [INFO]     | distill epoch : 4, acc 0.098
[2023-12-28 22:20:49] [INFO] |servers comunicated: 1, server aggregated: 0, acc_server 1: 0.098.
[2023-12-28 22[2023-12-28 22:20:49] [INFO]     |  local epoch  : 2, acc 0.103
[2023-12-28 22:20:49] [INFO]     |  local epoch  : 3, acc 0.104
[2023-12-28 22:20:49] [INFO]     |  local epoch  : 4, acc 0.105
[2023-12-28 22:20:49] [INFO]     | distill epoch : 0, acc 0.118
[2023-12-28 22:20:49] [INFO]     | distill epoch : 1, acc 0.133
[2023-12-28 22:20:49] [INFO]     | distill epoch : 2, acc 0.148
[2023-12-28 22:20:49] [INFO]     | distill epoch : 3, acc 0.186
[2023-12-28 22:20:50] [INFO]     | distill epoch : 4, acc 0.206
[2023-12-28 22:20:50] [INFO]    -client 8
[2023-12-28 22:20:50] [INFO]     |  local epoch  : 0, acc 0.103
[2023-12-28 22:20:50] [INFO]     |  local epoch  : 1, acc 0.103
[2023-12-28 22:20:50] [INFO]     |  local epoch  : 2, acc 0.103
[2023-12-28 22:20:50] [INFO]     |  local epoch  : 3, acc 0.104
[2023-12-28 22:20:50] [INFO]     |  local epoch  : 4, acc 0.114
[2023-12-28 22:20:50] [INFO]     | distill epoch : 0, acc 0.131
[2023-12-28 22:20:50] [INFO]     | distill epoch : 1, acc 0.150
[2023-12-28 22:20:50] [INFO]     | distill epoch : 2, acc 0.155
[2023-12-28 22:20:50] [INFO]     | distill epoch : 3, acc 0.171
[2023-12-28 22:20:50] [INFO]     | distill epoch : 4, acc 0.186
[2023-12-28 22:20:50] [INFO] |servers comunicated: 1, server aggregated: 0, acc_server 2: 0.199.
[2023-12-28 22:20:50] [INFO] ----------------------------------------------[2023-12-28 22:20:50] [INFO]     | distill epoch : 4, acc 0.103
[2023-12-28 22:20:50] [INFO]    -client 7
[2023-12-28 22:20:50] [INFO]     |  local epoch  : 0, acc 0.103
[2023-12-28 22:20:50] [INFO]     |  local epoch  : 1, acc 0.103
[2023-12-28 22:20:50] [INFO]     |  local epoch  : 2, acc 0.103
[2023-12-28 22:20:50] [INFO]     |  local epoch  : 3, acc 0.103
[2023-12-28 22:20:51] [INFO]     |  local epoch  : 4, acc 0.103
[2023-12-28 22:20:51] [INFO]     | distill epoch : 0, acc 0.103
[2023-12-28 22:20:51] [INFO]     | distill epoch : 0, acc 0.103
[2023-12-28 22:20:51] [INFO]     | distill epoch : 0, acc 0.103
[2023-12-28 22:20:51] [INFO]     | distill epoch : 1, acc 0.103
[2023-12-28 22:20:51] [INFO]     | distill epoch : 1, acc 0.103
[2023-12-28 22:20:51] [INFO]     | distill epoch : 1, acc 0.103
[2023-12-28 22:20:51] [INFO]     | distill epoch : 2, acc 0.103
[2023-12-28 22:20:51] [INFO]     | distill epoch : 2, acc 0.103
[2023-12-28 22:20:51] [INFO]     | distill epoch : 2, acc 0.103
[2023-12-28 22:20:51] [INFO]     | distill epoch : 3, acc 0.103
[2023-12-28 22:20:51] [INFO]     | distill epoch : 3, acc 0.103
[2023-12-28 22:20:51] [INFO]     | distill epoch : 3, acc 0.103
[2023-12-28 22:20:51] [INFO]     | distill epoch : 4, acc 0.103
[2023-12-28 22:20:51] [INFO]     | distill epoch : 4, acc 0.103
[2023-12-28 22:20:51] [INFO]     | distill epoch : 4, acc 0.103
[2023-12-28 22:2[2023-12-28 22:20:51] [INF[2023-12-28 22:20:51] [INFO]     |  local epoch  : 0, acc 0.103
[2023-12-28 22:20:51] [INFO]     |  local epoch  : 1, acc 0.103
[2023-12-28 22:20:51] [INFO]     |  local epoch  : 2, acc 0.103
[2023-12-28 22:20:52] [INFO]     |  local epoch  : 3, acc 0.103
[2023-12-28 22:20:52] [INFO]     |  local epoch  : 4, acc 0.103
[2023-12-28 22:20:52] [INFO]     | distill epoch : 0, acc 0.103
[2023-12-28 22:20:52] [INFO]     | distill epoch : 0, acc 0.103
[2023-12-28 22:20:52] [INFO]     | distill epoch : 0, acc 0.103
[2023-12-28 22:20:52] [INFO]     | distill epoch : 1, acc 0.103
[2023-12-28 22:20:52] [INFO]     | distill epoch : 1, acc 0.103
[2023-12-28 22:20:52] [INFO]     | distill epoch : 1, acc 0.103
[2023-12-28 22:20:52] [INFO]     | distill epoch : 2, acc 0.103
[2023-12-28 22:20:52] [INFO]     | distill epoch : 2, acc 0.103
[2023-12-28 22:20:52] [INFO]     | distill epoch : 2, acc 0.103
[2023-12-28 22:20:52] [INFO]     | distill epoch : 3, acc 0.103
[2023-12-28 22:20:52] [INFO]     | distill epoch : 3, acc 0.103
[2023-12-28 22:20:52] [INFO]     | distill epoch : 3, acc 0.103
[2023-12-28 22:20:52] [INFO]     | distill epoch : 4, acc 0.103
[2023-12-28 22:20:52] [INFO]     | distill epoch : 4, acc 0.103
[2023-12-28 22:20:52] [INFO]     | distill epoch : 4, acc 0.103
[2023-12-28 22:20:52] [INFO] |servers comunicated: 1, server aggregated: 0, acc_server 2: 0.103.
[2023-12-28 22:20:52] [INFO] --------------------------------------------------
[2023-12-28 22:20:52] [INFO]  |epoch[2023-12-28 22:20:52] [INFO]     | distill epoch : 3, acc 0.3[20[2023-12-28 22:20:53] [INFO]     | dist[2023-12-28 22:20:53] [INFO]     |  local epoch  : 0, acc 0.089
[2023-12-28 22:20:53] [INFO]     |  local epoch  : 1, acc 0.089
[2023-12-28 22:20:53] [INFO]     |  local epoch  : 2, acc 0.089
[2023-12-28 22:20:53] [INFO]     |  local epoch  : 3, acc 0.089
[2023-12-28 22:20:53] [INFO]     |  local epoch  : 4, acc 0.089
[20[2023-12-28 22:20:53] [INFO]     |  local epoch  : 4, acc 0.2[20[2023-12-28 22:20:53] [INFO]     | distill epoch : 0, acc 0.2[20[2023-12-28 22:20:53] [INFO]     | distill epoch : 1, acc 0.2[20[2023-12-28 22:20:53] [INFO]     | distill epoch : 2, acc 0.2[20[2023-12-28 22:20:53] [INFO]     | distill epoch : 3, acc 0.300
[2023-12-28 22:20:53] [INFO]     | distill epoch : 4, acc 0.287
[2023-12-28 22:20:53] [INFO]    -client[20[2023-12-28 22:20:53] [INFO]     |  local epoch  : 0, acc 0.1[20[2023-12-28 22:20:53] [INFO]     |  local epoch  : 1, acc 0.1[20[2023-12-28 22:20:53] [INFO]     |  local epoch  : 2, acc 0.1[20[2023-12-28 22:20:53] [INFO]     |  local epoch  : 3, acc 0.1[20[2023-12-28 22:20:53] [INFO]     |  local epoch  : 4, acc 0.2[20[2023-12-28 22:20:53] [INFO]     | distill epoch : 0, acc 0.2[20[2023-12-28 22:20:54] [INFO]     | distill epoch : 1, acc 0.2[20[2023-12-28 22:20:54] [INFO]     | distill epoch : 2, acc 0.2[20[2023-12-28 22:20:54] [INFO]     | distill epoch : 3, acc 0.287
[2023-12-28 22:20:54] [INFO]     | distill epoch : 4, acc 0.277
[2023-12-28 22:20:54] [INFO] |servers comunicated: 1, server aggregated: 1, acc_server 1: 0.291.
[2023-[2023-12-28 22:20:54] [INFO]     |  local epoch  : 2, acc 0.089
[2023-12-28 22:20:54] [INFO]     |  local epoch  : 3, acc 0.089
[2023-12-28 22:20:54] [INFO]     |  local epoch  : 4, acc 0.089
[2023-12-28 22:20:54] [INFO]     | distill epoch : 0, acc 0.089
[2023-12-28 22:20:54] [INFO]     | distill epoch : 1, acc 0.089
[2023-12-28 22:20:54] [INFO]     | distill epoch : 2, acc 0.089
[2023-12-28 22:20:54] [INFO]     | distill epoch : 3, acc 0.089
[2023-12-28 22:20:54] [INFO]     | distill epoch : 4, acc 0.089
[2023-12-28 22:20:54] [INFO] |servers comunicated: 1, server aggregated: 1, acc_server 0: 0.08[2023-12-28 22:20:54] [INFO]     | distill epoch : 2, acc 0.389
[2023-12-28 22:20:54] [INFO]     | distill epoch : 3, acc 0.420
[2023-12-28 22:20:54] [INFO]     | distill epoch : 4, acc 0.378
[2023-12-28 22:20:54] [INFO]    -client 7
[2023-12-28 22:20:54] [INFO]     |  local epoch  : 0, acc 0.103
[2023-12-28 22:20:55] [INFO]     |  local epoch  : 1, acc 0.120
[2023-12-28 22:20:55] [INFO]     |  local epoch  : 2, acc 0.177
[2023-12-28 22:20:55] [INFO]     |  local epoch  : 3, acc 0.187
[2023-12-28 22:20:55] [INFO]     |  local epoch  : 4, acc 0.229
[2023-12-28 22:20:55] [INFO]     | distill epoch : 0, acc 0.287
[2023-12-28 22:20:55] [INFO]     | distill epoch : 1, acc 0.341
[2023-12-28 22:20:55] [INFO]     | distill epoch : 2, acc 0.360
[2023-12-28 22:20:55] [INFO]     | distill epoch : 3, acc 0.348
[2023-12-28 22:20:55] [INFO]     | distill epoch : 4, acc 0.301
[2023-12-28 22:20:55] [INFO]    -client 8
[2023-12-28 22:20:55] [INFO]     |  local epoch  : 0, acc 0.103
[2023-12-28 22:20:55] [INFO]     |  local epoch  : 1, acc 0.126
[2023-12-28 22:20:55] [INFO]     |  local epoch  : 2, acc 0.162
[2023-12-28 22:20:55] [INFO]     |  local epoch  : 3, acc 0.182
[2023-12-28 22:20:55] [INFO]     |  local epoch  : 4, acc 0.251
[2023-12-28 22:20:55] [INFO]     | distill epoch : 0, acc 0.300
[2023-12-28 22:20:55] [INFO]     | distill epoch : 1, acc 0.323
[2023-12-28 22:20:55] [INFO]     | distill epoch : 2, acc 0.341
[2023-12-28 22:20:56] [INFO]     | distill epoch : 3, acc 0.376
[2023-12-28 22:20:56] [INFO]     | distill epoch : 4, acc 0.402
[2023-12-28 22:20:56] [INFO] |servers comunicated: 1, server aggregated: 1, acc_server 2: 0.362.
[2023-12-28 22:20:56] [INFO] --------------------------------------------------
[2023-12-28 [2023-12-28 22:20:56] [INFO]     | distill epoch : 2, acc 0.165
[202[2023-12-28 22:20:59] [INFO] ./data/saved-data/mnist_algo_0/alpha_0.0_T_8/server_commu_2_client_commu_2_client_train_5_batch_size_200_num_all_client_9_num_all_server_3_num_client_data_1200_num_public_data_50_proportion_0.8.pt
till epoch : 4, acc 0.151
[2023-12-28 22:20:56] [INFO]     | distill epoch : 4, acc 0.182
[2023-12-28 22:20:56] [INFO]    -client 5
[2023-12-28 22:20:56] [INFO]     |  local epoch  : 0, acc 0.099
[2023-12-28 22:20:56] [INFO]     |  local epoch  : 1, acc 0.103
[2023-12-28 22:20:56] [INFO]     |  local epoch  : 2, acc 0.133
[2023-12-28 22:20:56] [INFO]     |  local epoch  : 3, acc 0.154
[2023-12-28 22:20:56] [INFO]     |  local epoch  : 4, acc 0.195
[2023-12-28 22:20:56] [INFO]     | distill epoch : 0, acc 0.178
[2023-12-28 22:20:56] [INFO]     | distill epoch : 0, acc 0.229
[2023-12-28 22:20:56] [INFO]     | distill epoch : 1, acc 0.185
[2023-12-28 22:20:56] [INFO]     | distill epoch : 1, acc 0.234
[2023-12-28 22:20:56] [INFO]     | distill epoch : 2, acc 0.185
[2023-12-28 22:20:56] [INFO]     | distill epoch : 2, acc 0.229
[2023-12-28 22:20:56] [INFO]     | distill epoch : 3, acc 0.177
[2023-12-28 22:20:56] [INFO]     | distill epoch : 3, acc 0.213
[2023-12-28 22:20:56] [INFO]     | distill epoch : 4, acc 0.167
[2023-12-28 22:20:57] [INFO]     | distill epoch : 4, acc 0.193
[2023-12-28 22:20:57] [INFO] |servers comunicated: 1, server aggregated: 1, acc_server 1: 0.184.
[2023-12-28 22:20:57] [INFO] --------------------------------------------------
[2023-12-28 22:20:57] [INFO]   |server: 2
[2023-12-28 22:20:57] [INFO]    -client 6
[2023-12-28 22:20:57] [INFO]     |  local epoch  : 0, acc 0.103
[2023-12-28 22:20:57] [INFO]     |  local epoch  : 1, acc 0.103
[2023-12-28 22:20:57] [INFO]     |  local epoch  : 2, acc 0.103
[2023-12-28 22:20:57] [INFO]     |  local epoch  : 3, acc 0.104
[2023-12-28 22:20:57] [INFO]     |  local epoch  : 4, acc 0.108
[2023-12-28 22:20:57] [INFO]     | distill epoch : 0, acc 0.113
[2023-12-28 22:20:57] [INFO]     | distill epoch : 0, acc 0.122
[2023-12-28 22:20:57] [INFO]     | distill epoch : 0, acc 0.135
[2023-12-28 22:20:57] [INFO]     | distill epoch : 1, acc 0.147
[2023-12-28 22:20:57] [INFO]     | distill epoch : 1, acc 0.133
[2023-12-28 22:20:57] [INFO]     | distill epoch : 1, acc 0.152
[2023-12-28 22:20:57] [INFO]     | distill epoch : 2, acc 0.179
[2023-12-28 22:20:57] [INFO]     | distill epoch : 2, acc 0.144
[2023-12-28 22:20:57] [INFO]     | distill epoch : 2, acc 0.169
[2023-12-28 22:20:57] [INFO]     | distill epoch : 3, acc 0.202
[2023-12-28 22:20:57] [INFO]     | distill epoch : 3, acc 0.159
[2023-12-28 22:20:57] [INFO]     | distill epoch : 3, acc 0.192
[2023-12-28 22:20:57] [INFO]     | distill epoch : 4, acc 0.219
[2023-12-28 22:20:57] [INFO]     | distill epoch : 4, acc 0.176
[2023-12-28 22:20:57] [INFO]     | distill epoch : 4, acc 0.213
[2023-12-28 22:20:57] [INFO]    -client 7
[2023-12-28 22:20:58] [INFO]     |  local epoch  : 0, acc 0.103
[2023-12-28 22:20:58] [INFO]     |  local epoch  : 1, acc 0.103
[2023-12-28 22:20:58] [INFO]     |  local epoch  : 2, acc 0.103
[2023-12-28 22:20:58] [INFO]     |  local epoch  : 3, acc 0.128
[2023-12-28 22:20:58] [INFO]     |  local epoch  : 4, acc 0.176
[2023-12-28 22:20:58] [INFO]     | distill epoch : 0, acc 0.187
[2023-12-28 22:20:58] [INFO]     | distill epoch : 0, acc 0.186
[2023-12-28 22:20:58] [INFO]     | distill epoch : 0, acc 0.185
[2023-12-28 22:20:58] [INFO]     | distill epoch : 1, acc 0.202
[2023-12-28 22:20:58] [INFO]     | distill epoch : 1, acc 0.189
[2023-12-28 22:20:58] [INFO]     | distill epoch : 1, acc 0.198
[2023-12-28 22:20:58] [INFO]     | distill epoch : 2, acc 0.226
[2023-12-28 22:20:58] [INFO]     | distill epoch : 2, acc 0.190
[2023-12-28 22:20:58] [INFO]     | distill epoch : 2, acc 0.197
[2023-12-28 22:20:58] [INFO]     | distill epoch : 3, acc 0.229
[2023-12-28 22:20:58] [INFO]     | distill epoch : 3, acc 0.187
[2023-12-28 22:20:58] [INFO]     | distill epoch : 3, acc 0.205
[2023-12-28 22:20:58] [INFO]     | distill epoch : 4, acc 0.217
[2023-12-28 22:20:58] [INFO]     | distill epoch : 4, acc 0.181
[2023-12-28 22:20:58] [INFO]     | distill epoch : 4, acc 0.215
[2023-12-28 22:20:58] [INFO]    -client 8
[2023-12-28 22:20:58] [INFO]     |  local epoch  : 0, acc 0.103
[2023-12-28 22:20:58] [INFO]     |  local epoch  : 1, acc 0.103
[2023-12-28 22:20:59] [INFO]     |  local epoch  : 2, acc 0.103
[2023-12-28 22:20:59] [INFO]     |  local epoch  : 3, acc 0.104
[2023-12-28 22:20:59] [INFO]     |  local epoch  : 4, acc 0.108
[2023-12-28 22:20:59] [INFO]     | distill epoch : 0, acc 0.115
[2023-12-28 22:20:59] [INFO]     | distill epoch : 0, acc 0.123
[2023-12-28 22:20:59] [INFO]     | distill epoch : 0, acc 0.137
[2023-12-28 22:20:59] [INFO]     | distill epoch : 1, acc 0.148
[2023-12-28 22:20:59] [INFO]     | distill epoch : 1, acc 0.138
[2023-12-28 22:20:59] [INFO]     | distill epoch : 1, acc 0.157
[2023-12-28 22:20:59] [INFO]     | distill epoch : 2, acc 0.178
[2023-12-28 22:20:59] [INFO]     | distill epoch : 2, acc 0.149
[2023-12-28 22:20:59] [INFO]     | distill epoch : 2, acc 0.170
[2023-12-28 22:20:59] [INFO]     | distill epoch : 3, acc 0.203
[2023-12-28 22:20:59] [INFO]     | distill epoch : 3, acc 0.163
[2023-12-28 22:20:59] [INFO]     | distill epoch : 3, acc 0.189
[2023-12-28 22:20:59] [INFO]     | distill epoch : 4, acc 0.222
[2023-12-28 22:20:59] [INFO]     | distill epoch : 4, acc 0.180
[2023-12-28 22:20:59] [INFO]     | distill epoch : 4, acc 0.211
[2023-12-28 22:20:59] [INFO] |servers comunicated: 1, server aggregated: 1, acc_server 2: 0.213.
[2023-12-28 22:20:59] [INFO] --------------------------------------------------
[2023-12-28 22:20:59] [INFO]      ********  servers comunicates  ********      
[2023-12-28 22:20:59] [INFO] ./data/saved-data/mnist_algo_1/alpha_0.0_T_8/server_commu_2_client_commu_2_client_train_5_batch_size_200_num_all_client_9_num_all_server_3_num_client_data_1200_num_public_data_50_proportion_0.8.pt
