[2023-12-28 21:57:41] [INFO] device cuda is used.
[2023-12-28 21:57:41] [INFO] cudnn is actived.
[2023-12-28 21:57:41] [INFO] 
           alpha       :  0.5  
             T         :   8   
         algorithm     :   0   
     num_server_commu  :   6   
     num_client_commu  :   2   
     num_client_train  :   5   
     num_public_train  :   5   
        batch_size     :  200  
          dataset      : mnist 
       model_select    :   1   
      num_all_client   :   9   
      num_all_server   :   3   
      num_client_data  : 1200  
      num_public_data  :  50   
        proportion     :  0.8  

[2023-12-28 21:57:48] [INFO] --------------------------------------------------
[2023-12-28 21:57:48] [INFO] |epoch_server_commu: 0/6
[2023-12-28 21:57:48] [INFO]  |epoch_client_commu: 0/2
[2023-12-28 21:57:48] [INFO]   |server: 0
[2023-12-28 21:57:48] [INFO]    -client 0
[2023-12-28 21:57:48] [INFO]     |  local epoch  : 0, acc 0.096
[2023-12-28 21:57:48] [INFO]     |  local epoch  : 1, acc 0.096
[2023-12-28 21:57:48] [INFO]     |  local epoch  : 2, acc 0.096
[2023-12-28 21:57:48] [INFO]     |  local epoch  : 3, acc 0.096
[2023-12-28 21:57:48] [INFO]     |  local epoch  : 4, acc 0.096
[2023-12-28 21:57:48] [INFO]    -client 1
[2023-12-28 21:57:48] [INFO]     |  local epoch  : 0, acc 0.096
[2023-12-28 21:57:48] [INFO]     |  local epoch  : 1, acc 0.096
[2023-12-28 21:57:48] [INFO]     |  local epoch  : 2, acc 0.096
[2023-12-28 21:57:48] [INFO]     |  local epoch  : 3, acc 0.096
[2023-12-28 21:57:49] [INFO]     |  local epoch  : 4, acc 0.096
[2023-12-28 21:57:49] [INFO]    -client 2
[2023-12-28 21:57:49] [INFO]     |  local epoch  : 0, acc 0.096
[2023-12-28 21:57:49] [INFO]     |  local epoch  : 1, acc 0.096
[2023-12-28 21:57:49] [INFO]     |  local epoch  : 2, acc 0.096
[2023-12-28 21:57:49] [INFO]     |  local epoch  : 3, acc 0.096
[2023-12-28 21:57:49] [INFO]     |  local epoch  : 4, acc 0.096
[2023-12-28 21:57:49] [INFO] |servers comunicated: 0, server aggregated: 0, acc_server 0: 0.096.
[2023-12-28 21:57:49] [INFO] --------------------------------------------------
[2023-12-28 21:57:49] [INFO]   |server: 1
[2023-12-28 21:57:49] [INFO]    -client 3
[2023-12-28 21:57:49] [INFO]     |  local epoch  : 0, acc 0.089
[2023-12-28 21:57:49] [INFO]     |  local epoch  : 1, acc 0.089
[2023-12-28 21:57:49] [INFO]     |  local epoch  : 2, acc 0.089
[2023-12-28 21:57:49] [INFO]     |  local epoch  : 3, acc 0.089
[2023-12-28 21:57:49] [INFO]     |  local epoch  : 4, acc 0.089
[2023-12-28 21:57:49] [INFO]    -client 4
[2023-12-28 21:57:49] [INFO]     |  local epoch  : 0, acc 0.089
[2023-12-28 21:57:49] [INFO]     |  local epoch  : 1, acc 0.089
[2023-12-28 21:57:49] [INFO]     |  local epoch  : 2, acc 0.089
[2023-12-28 21:57:49] [INFO]     |  local epoch  : 3, acc 0.089
[2023-12-28 21:57:49] [INFO]     |  local epoch  : 4, acc 0.089
[2023-12-28 21:57:49] [INFO]    -client 5
[2023-12-28 21:57:49] [INFO]     |  local epoch  : 0, acc 0.089
[2023-12-28 21:57:49] [INFO]     |  local epoch  : 1, acc 0.089
[2023-12-28 21:57:49] [INFO]     |  local epoch  : 2, acc 0.089
[2023-12-28 21:57:49] [INFO]     |  local epoch  : 3, acc 0.089
[2023-12-28 21:57:50] [INFO]     |  local epoch  : 4, acc 0.089
[2023-12-28 21:57:50] [INFO] |servers comunicated: 0, server aggregated: 0, acc_server 1: 0.089.
[2023-12-28 21:57:50] [INFO] --------------------------------------------------
[2023-12-28 21:57:50] [INFO]   |server: 2
[2023-12-28 21:57:50] [INFO]    -client 6
[2023-12-28 21:57:50] [INFO]     |  local epoch  : 0, acc 0.101
[2023-12-28 21:57:50] [INFO]     |  local epoch  : 1, acc 0.101
[2023-12-28 21:57:50] [INFO]     |  local epoch  : 2, acc 0.101
[2023-12-28 21:57:50] [INFO]     |  local epoch  : 3, acc 0.101
[2023-12-28 21:57:50] [INFO]     |  local epoch  : 4, acc 0.101
[2023-12-28 21:57:50] [INFO]    -client 7
[2023-12-28 21:57:50] [INFO]     |  local epoch  : 0, acc 0.101
[2023-12-28 21:57:50] [INFO]     |  local epoch  : 1, acc 0.101
[2023-12-28 21:57:50] [INFO]     |  local epoch  : 2, acc 0.101
[2023-12-28 21:57:50] [INFO]     |  local epoch  : 3, acc 0.101
[2023-12-28 21:57:50] [INFO]     |  local epoch  : 4, acc 0.101
[2023-12-28 21:57:50] [INFO]    -client 8
[2023-12-28 21:57:50] [INFO]     |  local epoch  : 0, acc 0.101
[2023-12-28 21:57:50] [INFO]     |  local epoch  : 1, acc 0.101
[2023-12-28 21:57:50] [INFO]     |  local epoch  : 2, acc 0.101
[2023-12-28 21:57:50] [INFO]     |  local epoch  : 3, acc 0.101
[2023-12-28 21:57:50] [INFO]     |  local epoch  : 4, acc 0.101
[2023-12-28 21:57:50] [INFO] |servers comunicated: 0, server aggregated: 0, acc_server 2: 0.101.
[2023-12-28 21:57:50] [INFO] --------------------------------------------------
[2023-12-28 21:57:50] [INFO]  |epoch_client_commu: 1/2
[2023-12-28 21:57:50] [INFO]   |server: 0
[2023-12-28 21:57:50] [INFO]    -client 0
[2023-12-28 21:57:50] [INFO]     |  local epoch  : 0, acc 0.096
[2023-12-28 21:57:50] [INFO]     |  local epoch  : 1, acc 0.096
[2023-12-28 21:57:51] [INFO]     |  local epoch  : 2, acc 0.096
[2023-12-28 21:57:51] [INFO]     |  local epoch  : 3, acc 0.096
[2023-12-28 21:57:51] [INFO]     |  local epoch  : 4, acc 0.096
[2023-12-28 21:57:51] [INFO]    -client 1
[2023-12-28 21:57:51] [INFO]     |  local epoch  : 0, acc 0.096
[2023-12-28 21:57:51] [INFO]     |  local epoch  : 1, acc 0.096
[2023-12-28 21:57:51] [INFO]     |  local epoch  : 2, acc 0.096
[2023-12-28 21:57:51] [INFO]     |  local epoch  : 3, acc 0.096
[2023-12-28 21:57:51] [INFO]     |  local epoch  : 4, acc 0.096
[2023-12-28 21:57:51] [INFO]    -client 2
[2023-12-28 21:57:51] [INFO]     |  local epoch  : 0, acc 0.096
[2023-12-28 21:57:51] [INFO]     |  local epoch  : 1, acc 0.096
[2023-12-28 21:57:51] [INFO]     |  local epoch  : 2, acc 0.096
[2023-12-28 21:57:51] [INFO]     |  local epoch  : 3, acc 0.096
[2023-12-28 21:57:51] [INFO]     |  local epoch  : 4, acc 0.096
[2023-12-28 21:57:51] [INFO] |servers comunicated: 0, server aggregated: 1, acc_server 0: 0.096.
[2023-12-28 21:57:51] [INFO] --------------------------------------------------
[2023-12-28 21:57:51] [INFO]   |server: 1
[2023-12-28 21:57:51] [INFO]    -client 3
[2023-12-28 21:57:51] [INFO]     |  local epoch  : 0, acc 0.089
[2023-12-28 21:57:51] [INFO]     |  local epoch  : 1, acc 0.089
[2023-12-28 21:57:51] [INFO]     |  local epoch  : 2, acc 0.089
[2023-12-28 21:57:51] [INFO]     |  local epoch  : 3, acc 0.089
[2023-12-28 21:57:51] [INFO]     |  local epoch  : 4, acc 0.089
[2023-12-28 21:57:51] [INFO]    -client 4
[2023-12-28 21:57:51] [INFO]     |  local epoch  : 0, acc 0.089
[2023-12-28 21:57:52] [INFO]     |  local epoch  : 1, acc 0.089
[2023-12-28 21:57:52] [INFO]     |  local epoch  : 2, acc 0.089
[2023-12-28 21:57:52] [INFO]     |  local epoch  : 3, acc 0.089
[2023-12-28 21:57:52] [INFO]     |  local epoch  : 4, acc 0.089
[2023-12-28 21:57:52] [INFO]    -client 5
[2023-12-28 21:57:52] [INFO]     |  local epoch  : 0, acc 0.089
[2023-12-28 21:57:52] [INFO]     |  local epoch  : 1, acc 0.089
[2023-12-28 21:57:52] [INFO]     |  local epoch  : 2, acc 0.089
[2023-12-28 21:57:52] [INFO]     |  local epoch  : 3, acc 0.089
[2023-12-28 21:57:52] [INFO]     |  local epoch  : 4, acc 0.089
[2023-12-28 21:57:52] [INFO] |servers comunicated: 0, server aggregated: 1, acc_server 1: 0.089.
[2023-12-28 21:57:52] [INFO] --------------------------------------------------
[2023-12-28 21:57:52] [INFO]   |server: 2
[2023-12-28 21:57:52] [INFO]    -client 6
[2023-12-28 21:57:52] [INFO]     |  local epoch  : 0, acc 0.101
[2023-12-28 21:57:52] [INFO]     |  local epoch  : 1, acc 0.101
[2023-12-28 21:57:52] [INFO]     |  local epoch  : 2, acc 0.101
[2023-12-28 21:57:52] [INFO]     |  local epoch  : 3, acc 0.101
[2023-12-28 21:57:52] [INFO]     |  local epoch  : 4, acc 0.101
[2023-12-28 21:57:52] [INFO]    -client 7
[2023-12-28 21:57:52] [INFO]     |  local epoch  : 0, acc 0.101
[2023-12-28 21:57:52] [INFO]     |  local epoch  : 1, acc 0.101
[2023-12-28 21:57:52] [INFO]     |  local epoch  : 2, acc 0.101
[2023-12-28 21:57:52] [INFO]     |  local epoch  : 3, acc 0.101
[2023-12-28 21:57:52] [INFO]     |  local epoch  : 4, acc 0.101
[2023-12-28 21:57:52] [INFO]    -client 8
[2023-12-28 21:57:52] [INFO]     |  local epoch  : 0, acc 0.101
[2023-12-28 21:57:53] [INFO]     |  local epoch  : 1, acc 0.101
[2023-12-28 21:57:53] [INFO]     |  local epoch  : 2, acc 0.101
[2023-12-28 21:57:53] [INFO]     |  local epoch  : 3, acc 0.101
[2023-12-28 21:57:53] [INFO]     |  local epoch  : 4, acc 0.101
[2023-12-28 21:57:53] [INFO] |servers comunicated: 0, server aggregated: 1, acc_server 2: 0.101.
[2023-12-28 21:57:53] [INFO] --------------------------------------------------
[2023-12-28 21:57:53] [INFO]      ********  servers comunicates  ********      
[2023-12-28 21:57:53] [INFO] --------------------------------------------------
[2023-12-28 21:57:53] [INFO] |epoch_server_commu: 1/6
[2023-12-28 21:57:53] [INFO]  |epoch_client_commu: 0/2
[2023-12-28 21:57:53] [INFO]   |server: 0
[2023-12-28 21:57:53] [INFO]    -client 0
[2023-12-28 21:57:53] [INFO]     |  local epoch  : 0, acc 0.096
[2023-12-28 21:57:53] [INFO]     |  local epoch  : 1, acc 0.096
[2023-12-28 21:57:53] [INFO]     |  local epoch  : 2, acc 0.096
[2023-12-28 21:57:53] [INFO]     |  local epoch  : 3, acc 0.096
[2023-12-28 21:57:53] [INFO]     |  local epoch  : 4, acc 0.098
[2023-12-28 21:57:53] [INFO]     | distill epoch : 0, acc 0.107
[2023-12-28 21:57:53] [INFO]     | distill epoch : 1, acc 0.121
[2023-12-28 21:57:53] [INFO]     | distill epoch : 2, acc 0.143
[2023-12-28 21:57:53] [INFO]     | distill epoch : 3, acc 0.175
[2023-12-28 21:57:53] [INFO]     | distill epoch : 4, acc 0.244
[2023-12-28 21:57:53] [INFO]    -client 1
[2023-12-28 21:57:54] [INFO]     |  local epoch  : 0, acc 0.096
[2023-12-28 21:57:54] [INFO]     |  local epoch  : 1, acc 0.096
[2023-12-28 21:57:54] [INFO]     |  local epoch  : 2, acc 0.096
[2023-12-28 21:57:54] [INFO]     |  local epoch  : 3, acc 0.096
[2023-12-28 21:57:54] [INFO]     |  local epoch  : 4, acc 0.096
[2023-12-28 21:57:54] [INFO]     | distill epoch : 0, acc 0.096
[2023-12-28 21:57:54] [INFO]     | distill epoch : 1, acc 0.097
[2023-12-28 21:57:54] [INFO]     | distill epoch : 2, acc 0.105
[2023-12-28 21:57:54] [INFO]     | distill epoch : 3, acc 0.146
[2023-12-28 21:57:54] [INFO]     | distill epoch : 4, acc 0.220
[2023-12-28 21:57:54] [INFO]    -client 2
[2023-12-28 21:57:54] [INFO]     |  local epoch  : 0, acc 0.096
[2023-12-28 21:57:54] [INFO]     |  local epoch  : 1, acc 0.096
[2023-12-28 21:57:54] [INFO]     |  local epoch  : 2, acc 0.096
[2023-12-28 21:57:54] [INFO]     |  local epoch  : 3, acc 0.096
[2023-12-28 21:57:54] [INFO]     |  local epoch  : 4, acc 0.115
[2023-12-28 21:57:54] [INFO]     | distill epoch : 0, acc 0.134
[2023-12-28 21:57:54] [INFO]     | distill epoch : 1, acc 0.158
[2023-12-28 21:57:54] [INFO]     | distill epoch : 2, acc 0.197
[2023-12-28 21:57:54] [INFO]     | distill epoch : 3, acc 0.266
[2023-12-28 21:57:54] [INFO]     | distill epoch : 4, acc 0.332
[2023-12-28 21:57:54] [INFO] |servers comunicated: 1, server aggregated: 0, acc_server 0: 0.256.
[2023-12-28 21:57:54] [INFO] --------------------------------------------------
[2023-12-28 21:57:54] [INFO]   |server: 1
[2023-12-28 21:57:54] [INFO]    -client 3
[2023-12-28 21:57:55] [INFO]     |  local epoch  : 0, acc 0.089
[2023-12-28 21:57:55] [INFO]     |  local epoch  : 1, acc 0.089
[2023-12-28 21:57:55] [INFO]     |  local epoch  : 2, acc 0.089
[2023-12-28 21:57:55] [INFO]     |  local epoch  : 3, acc 0.089
[2023-12-28 21:57:55] [INFO]     |  local epoch  : 4, acc 0.089
[2023-12-28 21:57:55] [INFO]     | distill epoch : 0, acc 0.089
[2023-12-28 21:57:55] [INFO]     | distill epoch : 1, acc 0.089
[2023-12-28 21:57:55] [INFO]     | distill epoch : 2, acc 0.090
[2023-12-28 21:57:55] [INFO]     | distill epoch : 3, acc 0.095
[2023-12-28 21:57:55] [INFO]     | distill epoch : 4, acc 0.125
[2023-12-28 21:57:55] [INFO]    -client 4
[2023-12-28 21:57:55] [INFO]     |  local epoch  : 0, acc 0.089
[2023-12-28 21:57:55] [INFO]     |  local epoch  : 1, acc 0.089
[2023-12-28 21:57:55] [INFO]     |  local epoch  : 2, acc 0.089
[2023-12-28 21:57:55] [INFO]     |  local epoch  : 3, acc 0.089
[2023-12-28 21:57:55] [INFO]     |  local epoch  : 4, acc 0.089
[2023-12-28 21:57:55] [INFO]     | distill epoch : 0, acc 0.089
[2023-12-28 21:57:55] [INFO]     | distill epoch : 1, acc 0.089
[2023-12-28 21:57:55] [INFO]     | distill epoch : 2, acc 0.090
[2023-12-28 21:57:55] [INFO]     | distill epoch : 3, acc 0.093
[2023-12-28 21:57:55] [INFO]     | distill epoch : 4, acc 0.118
[2023-12-28 21:57:55] [INFO]    -client 5
[2023-12-28 21:57:55] [INFO]     |  local epoch  : 0, acc 0.089
[2023-12-28 21:57:56] [INFO]     |  local epoch  : 1, acc 0.089
[2023-12-28 21:57:56] [INFO]     |  local epoch  : 2, acc 0.089
[2023-12-28 21:57:56] [INFO]     |  local epoch  : 3, acc 0.089
[2023-12-28 21:57:56] [INFO]     |  local epoch  : 4, acc 0.089
[2023-12-28 21:57:56] [INFO]     | distill epoch : 0, acc 0.089
[2023-12-28 21:57:56] [INFO]     | distill epoch : 1, acc 0.089
[2023-12-28 21:57:56] [INFO]     | distill epoch : 2, acc 0.091
[2023-12-28 21:57:56] [INFO]     | distill epoch : 3, acc 0.098
[2023-12-28 21:57:56] [INFO]     | distill epoch : 4, acc 0.114
[2023-12-28 21:57:56] [INFO] |servers comunicated: 1, server aggregated: 0, acc_server 1: 0.113.
[2023-12-28 21:57:56] [INFO] --------------------------------------------------
[2023-12-28 21:57:56] [INFO]   |server: 2
[2023-12-28 21:57:56] [INFO]    -client 6
[2023-12-28 21:57:56] [INFO]     |  local epoch  : 0, acc 0.101
[2023-12-28 21:57:56] [INFO]     |  local epoch  : 1, acc 0.101
[2023-12-28 21:57:56] [INFO]     |  local epoch  : 2, acc 0.101
[2023-12-28 21:57:56] [INFO]     |  local epoch  : 3, acc 0.101
[2023-12-28 21:57:56] [INFO]     |  local epoch  : 4, acc 0.101
[2023-12-28 21:57:56] [INFO]     | distill epoch : 0, acc 0.101
[2023-12-28 21:57:56] [INFO]     | distill epoch : 1, acc 0.101
[2023-12-28 21:57:56] [INFO]     | distill epoch : 2, acc 0.101
[2023-12-28 21:57:56] [INFO]     | distill epoch : 3, acc 0.106
[2023-12-28 21:57:56] [INFO]     | distill epoch : 4, acc 0.129
[2023-12-28 21:57:56] [INFO]    -client 7
[2023-12-28 21:57:57] [INFO]     |  local epoch  : 0, acc 0.101
[2023-12-28 21:57:57] [INFO]     |  local epoch  : 1, acc 0.101
[2023-12-28 21:57:57] [INFO]     |  local epoch  : 2, acc 0.101
[2023-12-28 21:57:57] [INFO]     |  local epoch  : 3, acc 0.101
[2023-12-28 21:57:57] [INFO]     |  local epoch  : 4, acc 0.101
[2023-12-28 21:57:57] [INFO]     | distill epoch : 0, acc 0.101
[2023-12-28 21:57:57] [INFO]     | distill epoch : 1, acc 0.102
[2023-12-28 21:57:57] [INFO]     | distill epoch : 2, acc 0.113
[2023-12-28 21:57:57] [INFO]     | distill epoch : 3, acc 0.144
[2023-12-28 21:57:57] [INFO]     | distill epoch : 4, acc 0.169
[2023-12-28 21:57:57] [INFO]    -client 8
[2023-12-28 21:57:57] [INFO]     |  local epoch  : 0, acc 0.101
[2023-12-28 21:57:57] [INFO]     |  local epoch  : 1, acc 0.101
[2023-12-28 21:57:57] [INFO]     |  local epoch  : 2, acc 0.101
[2023-12-28 21:57:57] [INFO]     |  local epoch  : 3, acc 0.101
[2023-12-28 21:57:57] [INFO]     |  local epoch  : 4, acc 0.101
[2023-12-28 21:57:57] [INFO]     | distill epoch : 0, acc 0.101
[2023-12-28 21:57:57] [INFO]     | distill epoch : 1, acc 0.101
[2023-12-28 21:57:57] [INFO]     | distill epoch : 2, acc 0.101
[2023-12-28 21:57:57] [INFO]     | distill epoch : 3, acc 0.101
[2023-12-28 21:57:57] [INFO]     | distill epoch : 4, acc 0.107
[2023-12-28 21:57:57] [INFO] |servers comunicated: 1, server aggregated: 0, acc_server 2: 0.145.
[2023-12-28 21:57:57] [INFO] --------------------------------------------------
[2023-12-28 21:57:57] [INFO]  |epoch_client_commu: 1/2
[2023-12-28 21:57:57] [INFO]   |server: 0
[2023-12-28 21:57:57] [INFO]    -client 0
[2023-12-28 21:57:58] [INFO]     |  local epoch  : 0, acc 0.097
[2023-12-28 21:57:58] [INFO]     |  local epoch  : 1, acc 0.137
[2023-12-28 21:57:58] [INFO]     |  local epoch  : 2, acc 0.160
[2023-12-28 21:57:58] [INFO]     |  local epoch  : 3, acc 0.236
[2023-12-28 21:57:58] [INFO]     |  local epoch  : 4, acc 0.300
[2023-12-28 21:57:58] [INFO]     | distill epoch : 0, acc 0.370
[2023-12-28 21:57:58] [INFO]     | distill epoch : 1, acc 0.414
[2023-12-28 21:57:58] [INFO]     | distill epoch : 2, acc 0.448
[2023-12-28 21:57:58] [INFO]     | distill epoch : 3, acc 0.489
[2023-12-28 21:57:58] [INFO]     | distill epoch : 4, acc 0.522
[2023-12-28 21:57:58] [INFO]    -client 1
[2023-12-28 21:57:58] [INFO]     |  local epoch  : 0, acc 0.097
[2023-12-28 21:57:58] [INFO]     |  local epoch  : 1, acc 0.144
[2023-12-28 21:57:58] [INFO]     |  local epoch  : 2, acc 0.164
[2023-12-28 21:57:58] [INFO]     |  local epoch  : 3, acc 0.192
[2023-12-28 21:57:58] [INFO]     |  local epoch  : 4, acc 0.255
[2023-12-28 21:57:58] [INFO]     | distill epoch : 0, acc 0.311
[2023-12-28 21:57:58] [INFO]     | distill epoch : 1, acc 0.359
[2023-12-28 21:57:58] [INFO]     | distill epoch : 2, acc 0.419
[2023-12-28 21:57:58] [INFO]     | distill epoch : 3, acc 0.475
[2023-12-28 21:57:58] [INFO]     | distill epoch : 4, acc 0.520
[2023-12-28 21:57:58] [INFO]    -client 2
[2023-12-28 21:57:58] [INFO]     |  local epoch  : 0, acc 0.097
[2023-12-28 21:57:59] [INFO]     |  local epoch  : 1, acc 0.127
[2023-12-28 21:57:59] [INFO]     |  local epoch  : 2, acc 0.182
[2023-12-28 21:57:59] [INFO]     |  local epoch  : 3, acc 0.243
[2023-12-28 21:57:59] [INFO]     |  local epoch  : 4, acc 0.314
[2023-12-28 21:57:59] [INFO]     | distill epoch : 0, acc 0.402
[2023-12-28 21:57:59] [INFO]     | distill epoch : 1, acc 0.466
[2023-12-28 21:57:59] [INFO]     | distill epoch : 2, acc 0.514
[2023-12-28 21:57:59] [INFO]     | distill epoch : 3, acc 0.543
[2023-12-28 21:57:59] [INFO]     | distill epoch : 4, acc 0.565
[2023-12-28 21:57:59] [INFO] |servers comunicated: 1, server aggregated: 1, acc_server 0: 0.546.
[2023-12-28 21:57:59] [INFO] --------------------------------------------------
[2023-12-28 21:57:59] [INFO]   |server: 1
[2023-12-28 21:57:59] [INFO]    -client 3
[2023-12-28 21:57:59] [INFO]     |  local epoch  : 0, acc 0.089
[2023-12-28 21:57:59] [INFO]     |  local epoch  : 1, acc 0.089
[2023-12-28 21:57:59] [INFO]     |  local epoch  : 2, acc 0.089
[2023-12-28 21:57:59] [INFO]     |  local epoch  : 3, acc 0.089
[2023-12-28 21:57:59] [INFO]     |  local epoch  : 4, acc 0.090
[2023-12-28 21:57:59] [INFO]     | distill epoch : 0, acc 0.098
[2023-12-28 21:57:59] [INFO]     | distill epoch : 1, acc 0.127
[2023-12-28 21:57:59] [INFO]     | distill epoch : 2, acc 0.189
[2023-12-28 21:57:59] [INFO]     | distill epoch : 3, acc 0.262
[2023-12-28 21:57:59] [INFO]     | distill epoch : 4, acc 0.325
[2023-12-28 21:57:59] [INFO]    -client 4
[2023-12-28 21:57:59] [INFO]     |  local epoch  : 0, acc 0.089
[2023-12-28 21:58:00] [INFO]     |  local epoch  : 1, acc 0.089
[2023-12-28 21:58:00] [INFO]     |  local epoch  : 2, acc 0.089
[2023-12-28 21:58:00] [INFO]     |  local epoch  : 3, acc 0.091
[2023-12-28 21:58:00] [INFO]     |  local epoch  : 4, acc 0.106
[2023-12-28 21:58:00] [INFO]     | distill epoch : 0, acc 0.150
[2023-12-28 21:58:00] [INFO]     | distill epoch : 1, acc 0.222
[2023-12-28 21:58:00] [INFO]     | distill epoch : 2, acc 0.304
[2023-12-28 21:58:00] [INFO]     | distill epoch : 3, acc 0.387
[2023-12-28 21:58:00] [INFO]     | distill epoch : 4, acc 0.413
[2023-12-28 21:58:00] [INFO]    -client 5
[2023-12-28 21:58:00] [INFO]     |  local epoch  : 0, acc 0.089
[2023-12-28 21:58:00] [INFO]     |  local epoch  : 1, acc 0.089
[2023-12-28 21:58:00] [INFO]     |  local epoch  : 2, acc 0.089
[2023-12-28 21:58:00] [INFO]     |  local epoch  : 3, acc 0.090
[2023-12-28 21:58:00] [INFO]     |  local epoch  : 4, acc 0.092
[2023-12-28 21:58:00] [INFO]     | distill epoch : 0, acc 0.103
[2023-12-28 21:58:00] [INFO]     | distill epoch : 1, acc 0.128
[2023-12-28 21:58:00] [INFO]     | distill epoch : 2, acc 0.168
[2023-12-28 21:58:00] [INFO]     | distill epoch : 3, acc 0.230
[2023-12-28 21:58:00] [INFO]     | distill epoch : 4, acc 0.306
[2023-12-28 21:58:00] [INFO] |servers comunicated: 1, server aggregated: 1, acc_server 1: 0.373.
[2023-12-28 21:58:00] [INFO] --------------------------------------------------
[2023-12-28 21:58:00] [INFO]   |server: 2
[2023-12-28 21:58:00] [INFO]    -client 6
[2023-12-28 21:58:00] [INFO]     |  local epoch  : 0, acc 0.101
[2023-12-28 21:58:01] [INFO]     |  local epoch  : 1, acc 0.101
[2023-12-28 21:58:01] [INFO]     |  local epoch  : 2, acc 0.107
[2023-12-28 21:58:01] [INFO]     |  local epoch  : 3, acc 0.115
[2023-12-28 21:58:01] [INFO]     |  local epoch  : 4, acc 0.160
[2023-12-28 21:58:01] [INFO]     | distill epoch : 0, acc 0.195
[2023-12-28 21:58:01] [INFO]     | distill epoch : 1, acc 0.217
[2023-12-28 21:58:01] [INFO]     | distill epoch : 2, acc 0.240
[2023-12-28 21:58:01] [INFO]     | distill epoch : 3, acc 0.261
[2023-12-28 21:58:01] [INFO]     | distill epoch : 4, acc 0.302
[2023-12-28 21:58:01] [INFO]    -client 7
[2023-12-28 21:58:01] [INFO]     |  local epoch  : 0, acc 0.101
[2023-12-28 21:58:01] [INFO]     |  local epoch  : 1, acc 0.101
[2023-12-28 21:58:01] [INFO]     |  local epoch  : 2, acc 0.107
[2023-12-28 21:58:01] [INFO]     |  local epoch  : 3, acc 0.141
[2023-12-28 21:58:01] [INFO]     |  local epoch  : 4, acc 0.172
[2023-12-28 21:58:01] [INFO]     | distill epoch : 0, acc 0.218
[2023-12-28 21:58:01] [INFO]     | distill epoch : 1, acc 0.254
[2023-12-28 21:58:01] [INFO]     | distill epoch : 2, acc 0.285
[2023-12-28 21:58:01] [INFO]     | distill epoch : 3, acc 0.300
[2023-12-28 21:58:01] [INFO]     | distill epoch : 4, acc 0.333
[2023-12-28 21:58:01] [INFO]    -client 8
[2023-12-28 21:58:02] [INFO]     |  local epoch  : 0, acc 0.101
[2023-12-28 21:58:02] [INFO]     |  local epoch  : 1, acc 0.101
[2023-12-28 21:58:02] [INFO]     |  local epoch  : 2, acc 0.106
[2023-12-28 21:58:02] [INFO]     |  local epoch  : 3, acc 0.107
[2023-12-28 21:58:02] [INFO]     |  local epoch  : 4, acc 0.171
[2023-12-28 21:58:02] [INFO]     | distill epoch : 0, acc 0.231
[2023-12-28 21:58:02] [INFO]     | distill epoch : 1, acc 0.276
[2023-12-28 21:58:02] [INFO]     | distill epoch : 2, acc 0.311
[2023-12-28 21:58:02] [INFO]     | distill epoch : 3, acc 0.345
[2023-12-28 21:58:02] [INFO]     | distill epoch : 4, acc 0.377
[2023-12-28 21:58:02] [INFO] |servers comunicated: 1, server aggregated: 1, acc_server 2: 0.322.
[2023-12-28 21:58:02] [INFO] --------------------------------------------------
[2023-12-28 21:58:02] [INFO]      ********  servers comunicates  ********      
[2023-12-28 21:58:02] [INFO] --------------------------------------------------
[2023-12-28 21:58:02] [INFO] |epoch_server_commu: 2/6
[2023-12-28 21:58:02] [INFO]  |epoch_client_commu: 0/2
[2023-12-28 21:58:02] [INFO]   |server: 0
[2023-12-28 21:58:02] [INFO]    -client 0
[2023-12-28 21:58:02] [INFO]     |  local epoch  : 0, acc 0.237
[2023-12-28 21:58:02] [INFO]     |  local epoch  : 1, acc 0.427
[2023-12-28 21:58:02] [INFO]     |  local epoch  : 2, acc 0.468
[2023-12-28 21:58:02] [INFO]     |  local epoch  : 3, acc 0.497
[2023-12-28 21:58:02] [INFO]     |  local epoch  : 4, acc 0.559
[2023-12-28 21:58:02] [INFO]     | distill epoch : 0, acc 0.588
[2023-12-28 21:58:02] [INFO]     | distill epoch : 1, acc 0.597
[2023-12-28 21:58:02] [INFO]     | distill epoch : 2, acc 0.610
[2023-12-28 21:58:02] [INFO]     | distill epoch : 3, acc 0.624
[2023-12-28 21:58:02] [INFO]     | distill epoch : 4, acc 0.630
[2023-12-28 21:58:02] [INFO]    -client 1
[2023-12-28 21:58:03] [INFO]     |  local epoch  : 0, acc 0.245
[2023-12-28 21:58:03] [INFO]     |  local epoch  : 1, acc 0.418
[2023-12-28 21:58:03] [INFO]     |  local epoch  : 2, acc 0.425
[2023-12-28 21:58:03] [INFO]     |  local epoch  : 3, acc 0.459
[2023-12-28 21:58:03] [INFO]     |  local epoch  : 4, acc 0.477
[2023-12-28 21:58:03] [INFO]     | distill epoch : 0, acc 0.539
[2023-12-28 21:58:03] [INFO]     | distill epoch : 1, acc 0.557
[2023-12-28 21:58:03] [INFO]     | distill epoch : 2, acc 0.575
[2023-12-28 21:58:03] [INFO]     | distill epoch : 3, acc 0.589
[2023-12-28 21:58:03] [INFO]     | distill epoch : 4, acc 0.601
[2023-12-28 21:58:03] [INFO]    -client 2
[2023-12-28 21:58:03] [INFO]     |  local epoch  : 0, acc 0.250
[2023-12-28 21:58:03] [INFO]     |  local epoch  : 1, acc 0.437
[2023-12-28 21:58:03] [INFO]     |  local epoch  : 2, acc 0.471
[2023-12-28 21:58:03] [INFO]     |  local epoch  : 3, acc 0.507
[2023-12-28 21:58:03] [INFO]     |  local epoch  : 4, acc 0.515
[2023-12-28 21:58:03] [INFO]     | distill epoch : 0, acc 0.555
[2023-12-28 21:58:03] [INFO]     | distill epoch : 1, acc 0.578
[2023-12-28 21:58:03] [INFO]     | distill epoch : 2, acc 0.590
[2023-12-28 21:58:03] [INFO]     | distill epoch : 3, acc 0.601
[2023-12-28 21:58:03] [INFO]     | distill epoch : 4, acc 0.617
[2023-12-28 21:58:03] [INFO] |servers comunicated: 2, server aggregated: 0, acc_server 0: 0.625.
[2023-12-28 21:58:03] [INFO] --------------------------------------------------
[2023-12-28 21:58:03] [INFO]   |server: 1
[2023-12-28 21:58:04] [INFO]    -client 3
[2023-12-28 21:58:04] [INFO]     |  local epoch  : 0, acc 0.091
[2023-12-28 21:58:04] [INFO]     |  local epoch  : 1, acc 0.103
[2023-12-28 21:58:04] [INFO]     |  local epoch  : 2, acc 0.162
[2023-12-28 21:58:04] [INFO]     |  local epoch  : 3, acc 0.177
[2023-12-28 21:58:04] [INFO]     |  local epoch  : 4, acc 0.232
[2023-12-28 21:58:04] [INFO]     | distill epoch : 0, acc 0.339
[2023-12-28 21:58:04] [INFO]     | distill epoch : 1, acc 0.462
[2023-12-28 21:58:04] [INFO]     | distill epoch : 2, acc 0.548
[2023-12-28 21:58:04] [INFO]     | distill epoch : 3, acc 0.578
[2023-12-28 21:58:04] [INFO]     | distill epoch : 4, acc 0.621
[2023-12-28 21:58:04] [INFO]    -client 4
[2023-12-28 21:58:04] [INFO]     |  local epoch  : 0, acc 0.091
[2023-12-28 21:58:04] [INFO]     |  local epoch  : 1, acc 0.116
[2023-12-28 21:58:04] [INFO]     |  local epoch  : 2, acc 0.168
[2023-12-28 21:58:04] [INFO]     |  local epoch  : 3, acc 0.202
[2023-12-28 21:58:04] [INFO]     |  local epoch  : 4, acc 0.223
[2023-12-28 21:58:04] [INFO]     | distill epoch : 0, acc 0.308
[2023-12-28 21:58:04] [INFO]     | distill epoch : 1, acc 0.387
[2023-12-28 21:58:04] [INFO]     | distill epoch : 2, acc 0.460
[2023-12-28 21:58:04] [INFO]     | distill epoch : 3, acc 0.491
[2023-12-28 21:58:04] [INFO]     | distill epoch : 4, acc 0.558
[2023-12-28 21:58:04] [INFO]    -client 5
[2023-12-28 21:58:05] [INFO]     |  local epoch  : 0, acc 0.091
[2023-12-28 21:58:05] [INFO]     |  local epoch  : 1, acc 0.109
[2023-12-28 21:58:05] [INFO]     |  local epoch  : 2, acc 0.171
[2023-12-28 21:58:05] [INFO]     |  local epoch  : 3, acc 0.144
[2023-12-28 21:58:05] [INFO]     |  local epoch  : 4, acc 0.233
[2023-12-28 21:58:05] [INFO]     | distill epoch : 0, acc 0.323
[2023-12-28 21:58:05] [INFO]     | distill epoch : 1, acc 0.399
[2023-12-28 21:58:05] [INFO]     | distill epoch : 2, acc 0.458
[2023-12-28 21:58:05] [INFO]     | distill epoch : 3, acc 0.513
[2023-12-28 21:58:05] [INFO]     | distill epoch : 4, acc 0.577
[2023-12-28 21:58:05] [INFO] |servers comunicated: 2, server aggregated: 0, acc_server 1: 0.596.
[2023-12-28 21:58:05] [INFO] --------------------------------------------------
[2023-12-28 21:58:05] [INFO]   |server: 2
[2023-12-28 21:58:05] [INFO]    -client 6
[2023-12-28 21:58:05] [INFO]     |  local epoch  : 0, acc 0.143
[2023-12-28 21:58:05] [INFO]     |  local epoch  : 1, acc 0.205
[2023-12-28 21:58:05] [INFO]     |  local epoch  : 2, acc 0.270
[2023-12-28 21:58:05] [INFO]     |  local epoch  : 3, acc 0.317
[2023-12-28 21:58:05] [INFO]     |  local epoch  : 4, acc 0.349
[2023-12-28 21:58:05] [INFO]     | distill epoch : 0, acc 0.443
[2023-12-28 21:58:05] [INFO]     | distill epoch : 1, acc 0.490
[2023-12-28 21:58:05] [INFO]     | distill epoch : 2, acc 0.511
[2023-12-28 21:58:05] [INFO]     | distill epoch : 3, acc 0.535
[2023-12-28 21:58:05] [INFO]     | distill epoch : 4, acc 0.546
[2023-12-28 21:58:05] [INFO]    -client 7
[2023-12-28 21:58:06] [INFO]     |  local epoch  : 0, acc 0.139
[2023-12-28 21:58:06] [INFO]     |  local epoch  : 1, acc 0.207
[2023-12-28 21:58:06] [INFO]     |  local epoch  : 2, acc 0.282
[2023-12-28 21:58:06] [INFO]     |  local epoch  : 3, acc 0.312
[2023-12-28 21:58:06] [INFO]     |  local epoch  : 4, acc 0.386
[2023-12-28 21:58:06] [INFO]     | distill epoch : 0, acc 0.440
[2023-12-28 21:58:06] [INFO]     | distill epoch : 1, acc 0.451
[2023-12-28 21:58:06] [INFO]     | distill epoch : 2, acc 0.476
[2023-12-28 21:58:06] [INFO]     | distill epoch : 3, acc 0.506
[2023-12-28 21:58:06] [INFO]     | distill epoch : 4, acc 0.504
[2023-12-28 21:58:06] [INFO]    -client 8
[2023-12-28 21:58:06] [INFO]     |  local epoch  : 0, acc 0.141
[2023-12-28 21:58:06] [INFO]     |  local epoch  : 1, acc 0.218
[2023-12-28 21:58:06] [INFO]     |  local epoch  : 2, acc 0.305
[2023-12-28 21:58:06] [INFO]     |  local epoch  : 3, acc 0.355
[2023-12-28 21:58:06] [INFO]     |  local epoch  : 4, acc 0.393
[2023-12-28 21:58:06] [INFO]     | distill epoch : 0, acc 0.486
[2023-12-28 21:58:06] [INFO]     | distill epoch : 1, acc 0.530
[2023-12-28 21:58:06] [INFO]     | distill epoch : 2, acc 0.549
[2023-12-28 21:58:06] [INFO]     | distill epoch : 3, acc 0.555
[2023-12-28 21:58:06] [INFO]     | distill epoch : 4, acc 0.555
[2023-12-28 21:58:06] [INFO] |servers comunicated: 2, server aggregated: 0, acc_server 2: 0.539.
[2023-12-28 21:58:06] [INFO] --------------------------------------------------
[2023-12-28 21:58:07] [INFO]  |epoch_client_commu: 1/2
[2023-12-28 21:58:07] [INFO]   |server: 0
[2023-12-28 21:58:07] [INFO]    -client 0
[2023-12-28 21:58:07] [INFO]     |  local epoch  : 0, acc 0.409
[2023-12-28 21:58:07] [INFO]     |  local epoch  : 1, acc 0.606
[2023-12-28 21:58:07] [INFO]     |  local epoch  : 2, acc 0.616
[2023-12-28 21:58:07] [INFO]     |  local epoch  : 3, acc 0.603
[2023-12-28 21:58:07] [INFO]     |  local epoch  : 4, acc 0.608
[2023-12-28 21:58:07] [INFO]     | distill epoch : 0, acc 0.675
[2023-12-28 21:58:07] [INFO]     | distill epoch : 1, acc 0.681
[2023-12-28 21:58:07] [INFO]     | distill epoch : 2, acc 0.677
[2023-12-28 21:58:07] [INFO]     | distill epoch : 3, acc 0.672
[2023-12-28 21:58:07] [INFO]     | distill epoch : 4, acc 0.668
[2023-12-28 21:58:07] [INFO]    -client 1
[2023-12-28 21:58:07] [INFO]     |  local epoch  : 0, acc 0.390
[2023-12-28 21:58:07] [INFO]     |  local epoch  : 1, acc 0.583
[2023-12-28 21:58:07] [INFO]     |  local epoch  : 2, acc 0.601
[2023-12-28 21:58:07] [INFO]     |  local epoch  : 3, acc 0.606
[2023-12-28 21:58:07] [INFO]     |  local epoch  : 4, acc 0.623
[2023-12-28 21:58:07] [INFO]     | distill epoch : 0, acc 0.658
[2023-12-28 21:58:07] [INFO]     | distill epoch : 1, acc 0.667
[2023-12-28 21:58:07] [INFO]     | distill epoch : 2, acc 0.666
[2023-12-28 21:58:07] [INFO]     | distill epoch : 3, acc 0.657
[2023-12-28 21:58:07] [INFO]     | distill epoch : 4, acc 0.665
[2023-12-28 21:58:07] [INFO]    -client 2
[2023-12-28 21:58:08] [INFO]     |  local epoch  : 0, acc 0.400
[2023-12-28 21:58:08] [INFO]     |  local epoch  : 1, acc 0.591
[2023-12-28 21:58:08] [INFO]     |  local epoch  : 2, acc 0.618
[2023-12-28 21:58:08] [INFO]     |  local epoch  : 3, acc 0.627
[2023-12-28 21:58:08] [INFO]     |  local epoch  : 4, acc 0.602
[2023-12-28 21:58:08] [INFO]     | distill epoch : 0, acc 0.660
[2023-12-28 21:58:08] [INFO]     | distill epoch : 1, acc 0.675
[2023-12-28 21:58:08] [INFO]     | distill epoch : 2, acc 0.675
[2023-12-28 21:58:08] [INFO]     | distill epoch : 3, acc 0.668
[2023-12-28 21:58:08] [INFO]     | distill epoch : 4, acc 0.670
[2023-12-28 21:58:08] [INFO] |servers comunicated: 2, server aggregated: 1, acc_server 0: 0.672.
[2023-12-28 21:58:08] [INFO] --------------------------------------------------
[2023-12-28 21:58:08] [INFO]   |server: 1
[2023-12-28 21:58:08] [INFO]    -client 3
[2023-12-28 21:58:08] [INFO]     |  local epoch  : 0, acc 0.121
[2023-12-28 21:58:08] [INFO]     |  local epoch  : 1, acc 0.267
[2023-12-28 21:58:08] [INFO]     |  local epoch  : 2, acc 0.321
[2023-12-28 21:58:08] [INFO]     |  local epoch  : 3, acc 0.324
[2023-12-28 21:58:08] [INFO]     |  local epoch  : 4, acc 0.343
[2023-12-28 21:58:08] [INFO]     | distill epoch : 0, acc 0.493
[2023-12-28 21:58:08] [INFO]     | distill epoch : 1, acc 0.598
[2023-12-28 21:58:08] [INFO]     | distill epoch : 2, acc 0.637
[2023-12-28 21:58:08] [INFO]     | distill epoch : 3, acc 0.661
[2023-12-28 21:58:08] [INFO]     | distill epoch : 4, acc 0.682
[2023-12-28 21:58:08] [INFO]    -client 4
[2023-12-28 21:58:09] [INFO]     |  local epoch  : 0, acc 0.127
[2023-12-28 21:58:09] [INFO]     |  local epoch  : 1, acc 0.310
[2023-12-28 21:58:09] [INFO]     |  local epoch  : 2, acc 0.273
[2023-12-28 21:58:09] [INFO]     |  local epoch  : 3, acc 0.282
[2023-12-28 21:58:09] [INFO]     |  local epoch  : 4, acc 0.303
[2023-12-28 21:58:09] [INFO]     | distill epoch : 0, acc 0.438
[2023-12-28 21:58:09] [INFO]     | distill epoch : 1, acc 0.569
[2023-12-28 21:58:09] [INFO]     | distill epoch : 2, acc 0.643
[2023-12-28 21:58:09] [INFO]     | distill epoch : 3, acc 0.660
[2023-12-28 21:58:09] [INFO]     | distill epoch : 4, acc 0.683
[2023-12-28 21:58:09] [INFO]    -client 5
[2023-12-28 21:58:09] [INFO]     |  local epoch  : 0, acc 0.126
[2023-12-28 21:58:09] [INFO]     |  local epoch  : 1, acc 0.306
[2023-12-28 21:58:09] [INFO]     |  local epoch  : 2, acc 0.312
[2023-12-28 21:58:09] [INFO]     |  local epoch  : 3, acc 0.338
[2023-12-28 21:58:09] [INFO]     |  local epoch  : 4, acc 0.396
[2023-12-28 21:58:09] [INFO]     | distill epoch : 0, acc 0.527
[2023-12-28 21:58:09] [INFO]     | distill epoch : 1, acc 0.618
[2023-12-28 21:58:09] [INFO]     | distill epoch : 2, acc 0.645
[2023-12-28 21:58:09] [INFO]     | distill epoch : 3, acc 0.674
[2023-12-28 21:58:09] [INFO]     | distill epoch : 4, acc 0.674
[2023-12-28 21:58:09] [INFO] |servers comunicated: 2, server aggregated: 1, acc_server 1: 0.681.
[2023-12-28 21:58:09] [INFO] --------------------------------------------------
[2023-12-28 21:58:09] [INFO]   |server: 2
[2023-12-28 21:58:09] [INFO]    -client 6
[2023-12-28 21:58:10] [INFO]     |  local epoch  : 0, acc 0.239
[2023-12-28 21:58:10] [INFO]     |  local epoch  : 1, acc 0.455
[2023-12-28 21:58:10] [INFO]     |  local epoch  : 2, acc 0.526
[2023-12-28 21:58:10] [INFO]     |  local epoch  : 3, acc 0.505
[2023-12-28 21:58:10] [INFO]     |  local epoch  : 4, acc 0.507
[2023-12-28 21:58:10] [INFO]     | distill epoch : 0, acc 0.598
[2023-12-28 21:58:10] [INFO]     | distill epoch : 1, acc 0.623
[2023-12-28 21:58:10] [INFO]     | distill epoch : 2, acc 0.652
[2023-12-28 21:58:10] [INFO]     | distill epoch : 3, acc 0.663
[2023-12-28 21:58:10] [INFO]     | distill epoch : 4, acc 0.667
[2023-12-28 21:58:10] [INFO]    -client 7
[2023-12-28 21:58:10] [INFO]     |  local epoch  : 0, acc 0.233
[2023-12-28 21:58:10] [INFO]     |  local epoch  : 1, acc 0.426
[2023-12-28 21:58:10] [INFO]     |  local epoch  : 2, acc 0.456
[2023-12-28 21:58:10] [INFO]     |  local epoch  : 3, acc 0.513
[2023-12-28 21:58:10] [INFO]     |  local epoch  : 4, acc 0.539
[2023-12-28 21:58:10] [INFO]     | distill epoch : 0, acc 0.587
[2023-12-28 21:58:10] [INFO]     | distill epoch : 1, acc 0.601
[2023-12-28 21:58:10] [INFO]     | distill epoch : 2, acc 0.635
[2023-12-28 21:58:10] [INFO]     | distill epoch : 3, acc 0.644
[2023-12-28 21:58:10] [INFO]     | distill epoch : 4, acc 0.648
[2023-12-28 21:58:10] [INFO]    -client 8
[2023-12-28 21:58:10] [INFO]     |  local epoch  : 0, acc 0.231
[2023-12-28 21:58:11] [INFO]     |  local epoch  : 1, acc 0.469
[2023-12-28 21:58:11] [INFO]     |  local epoch  : 2, acc 0.474
[2023-12-28 21:58:11] [INFO]     |  local epoch  : 3, acc 0.523
[2023-12-28 21:58:11] [INFO]     |  local epoch  : 4, acc 0.541
[2023-12-28 21:58:11] [INFO]     | distill epoch : 0, acc 0.590
[2023-12-28 21:58:11] [INFO]     | distill epoch : 1, acc 0.595
[2023-12-28 21:58:11] [INFO]     | distill epoch : 2, acc 0.606
[2023-12-28 21:58:11] [INFO]     | distill epoch : 3, acc 0.623
[2023-12-28 21:58:11] [INFO]     | distill epoch : 4, acc 0.638
[2023-12-28 21:58:11] [INFO] |servers comunicated: 2, server aggregated: 1, acc_server 2: 0.651.
[2023-12-28 21:58:11] [INFO] --------------------------------------------------
[2023-12-28 21:58:11] [INFO]      ********  servers comunicates  ********      
[2023-12-28 21:58:11] [INFO] --------------------------------------------------
[2023-12-28 21:58:11] [INFO] |epoch_server_commu: 3/6
[2023-12-28 21:58:11] [INFO]  |epoch_client_commu: 0/2
[2023-12-28 21:58:11] [INFO]   |server: 0
[2023-12-28 21:58:11] [INFO]    -client 0
[2023-12-28 21:58:11] [INFO]     |  local epoch  : 0, acc 0.581
[2023-12-28 21:58:11] [INFO]     |  local epoch  : 1, acc 0.692
[2023-12-28 21:58:11] [INFO]     |  local epoch  : 2, acc 0.718
[2023-12-28 21:58:11] [INFO]     |  local epoch  : 3, acc 0.695
[2023-12-28 21:58:11] [INFO]     |  local epoch  : 4, acc 0.729
[2023-12-28 21:58:11] [INFO]     | distill epoch : 0, acc 0.752
[2023-12-28 21:58:11] [INFO]     | distill epoch : 1, acc 0.753
[2023-12-28 21:58:11] [INFO]     | distill epoch : 2, acc 0.743
[2023-12-28 21:58:11] [INFO]     | distill epoch : 3, acc 0.740
[2023-12-28 21:58:11] [INFO]     | distill epoch : 4, acc 0.741
[2023-12-28 21:58:11] [INFO]    -client 1
[2023-12-28 21:58:12] [INFO]     |  local epoch  : 0, acc 0.528
[2023-12-28 21:58:12] [INFO]     |  local epoch  : 1, acc 0.683
[2023-12-28 21:58:12] [INFO]     |  local epoch  : 2, acc 0.695
[2023-12-28 21:58:12] [INFO]     |  local epoch  : 3, acc 0.693
[2023-12-28 21:58:12] [INFO]     |  local epoch  : 4, acc 0.717
[2023-12-28 21:58:12] [INFO]     | distill epoch : 0, acc 0.740
[2023-12-28 21:58:12] [INFO]     | distill epoch : 1, acc 0.741
[2023-12-28 21:58:12] [INFO]     | distill epoch : 2, acc 0.724
[2023-12-28 21:58:12] [INFO]     | distill epoch : 3, acc 0.731
[2023-12-28 21:58:12] [INFO]     | distill epoch : 4, acc 0.727
[2023-12-28 21:58:12] [INFO]    -client 2
[2023-12-28 21:58:12] [INFO]     |  local epoch  : 0, acc 0.569
[2023-12-28 21:58:12] [INFO]     |  local epoch  : 1, acc 0.687
[2023-12-28 21:58:12] [INFO]     |  local epoch  : 2, acc 0.696
[2023-12-28 21:58:12] [INFO]     |  local epoch  : 3, acc 0.678
[2023-12-28 21:58:12] [INFO]     |  local epoch  : 4, acc 0.696
[2023-12-28 21:58:12] [INFO]     | distill epoch : 0, acc 0.736
[2023-12-28 21:58:12] [INFO]     | distill epoch : 1, acc 0.734
[2023-12-28 21:58:12] [INFO]     | distill epoch : 2, acc 0.727
[2023-12-28 21:58:12] [INFO]     | distill epoch : 3, acc 0.730
[2023-12-28 21:58:12] [INFO]     | distill epoch : 4, acc 0.726
[2023-12-28 21:58:12] [INFO] |servers comunicated: 3, server aggregated: 0, acc_server 0: 0.734.
[2023-12-28 21:58:12] [INFO] --------------------------------------------------
[2023-12-28 21:58:12] [INFO]   |server: 1
[2023-12-28 21:58:12] [INFO]    -client 3
[2023-12-28 21:58:13] [INFO]     |  local epoch  : 0, acc 0.222
[2023-12-28 21:58:13] [INFO]     |  local epoch  : 1, acc 0.481
[2023-12-28 21:58:13] [INFO]     |  local epoch  : 2, acc 0.463
[2023-12-28 21:58:13] [INFO]     |  local epoch  : 3, acc 0.579
[2023-12-28 21:58:13] [INFO]     |  local epoch  : 4, acc 0.537
[2023-12-28 21:58:13] [INFO]     | distill epoch : 0, acc 0.647
[2023-12-28 21:58:13] [INFO]     | distill epoch : 1, acc 0.694
[2023-12-28 21:58:13] [INFO]     | distill epoch : 2, acc 0.708
[2023-12-28 21:58:13] [INFO]     | distill epoch : 3, acc 0.717
[2023-12-28 21:58:13] [INFO]     | distill epoch : 4, acc 0.726
[2023-12-28 21:58:13] [INFO]    -client 4
[2023-12-28 21:58:13] [INFO]     |  local epoch  : 0, acc 0.252
[2023-12-28 21:58:13] [INFO]     |  local epoch  : 1, acc 0.465
[2023-12-28 21:58:13] [INFO]     |  local epoch  : 2, acc 0.450
[2023-12-28 21:58:13] [INFO]     |  local epoch  : 3, acc 0.453
[2023-12-28 21:58:13] [INFO]     |  local epoch  : 4, acc 0.473
[2023-12-28 21:58:13] [INFO]     | distill epoch : 0, acc 0.624
[2023-12-28 21:58:13] [INFO]     | distill epoch : 1, acc 0.706
[2023-12-28 21:58:13] [INFO]     | distill epoch : 2, acc 0.727
[2023-12-28 21:58:13] [INFO]     | distill epoch : 3, acc 0.728
[2023-12-28 21:58:13] [INFO]     | distill epoch : 4, acc 0.729
[2023-12-28 21:58:13] [INFO]    -client 5
[2023-12-28 21:58:13] [INFO]     |  local epoch  : 0, acc 0.256
[2023-12-28 21:58:14] [INFO]     |  local epoch  : 1, acc 0.508
[2023-12-28 21:58:14] [INFO]     |  local epoch  : 2, acc 0.520
[2023-12-28 21:58:14] [INFO]     |  local epoch  : 3, acc 0.593
[2023-12-28 21:58:14] [INFO]     |  local epoch  : 4, acc 0.589
[2023-12-28 21:58:14] [INFO]     | distill epoch : 0, acc 0.697
[2023-12-28 21:58:14] [INFO]     | distill epoch : 1, acc 0.736
[2023-12-28 21:58:14] [INFO]     | distill epoch : 2, acc 0.736
[2023-12-28 21:58:14] [INFO]     | distill epoch : 3, acc 0.736
[2023-12-28 21:58:14] [INFO]     | distill epoch : 4, acc 0.722
[2023-12-28 21:58:14] [INFO] |servers comunicated: 3, server aggregated: 0, acc_server 1: 0.731.
[2023-12-28 21:58:14] [INFO] --------------------------------------------------
[2023-12-28 21:58:14] [INFO]   |server: 2
[2023-12-28 21:58:14] [INFO]    -client 6
[2023-12-28 21:58:14] [INFO]     |  local epoch  : 0, acc 0.384
[2023-12-28 21:58:14] [INFO]     |  local epoch  : 1, acc 0.576
[2023-12-28 21:58:14] [INFO]     |  local epoch  : 2, acc 0.605
[2023-12-28 21:58:14] [INFO]     |  local epoch  : 3, acc 0.588
[2023-12-28 21:58:14] [INFO]     |  local epoch  : 4, acc 0.598
[2023-12-28 21:58:14] [INFO]     | distill epoch : 0, acc 0.664
[2023-12-28 21:58:14] [INFO]     | distill epoch : 1, acc 0.706
[2023-12-28 21:58:14] [INFO]     | distill epoch : 2, acc 0.732
[2023-12-28 21:58:14] [INFO]     | distill epoch : 3, acc 0.734
[2023-12-28 21:58:14] [INFO]     | distill epoch : 4, acc 0.731
[2023-12-28 21:58:14] [INFO]    -client 7
[2023-12-28 21:58:14] [INFO]     |  local epoch  : 0, acc 0.392
[2023-12-28 21:58:15] [INFO]     |  local epoch  : 1, acc 0.543
[2023-12-28 21:58:15] [INFO]     |  local epoch  : 2, acc 0.566
[2023-12-28 21:58:15] [INFO]     |  local epoch  : 3, acc 0.572
[2023-12-28 21:58:15] [INFO]     |  local epoch  : 4, acc 0.571
[2023-12-28 21:58:15] [INFO]     | distill epoch : 0, acc 0.638
[2023-12-28 21:58:15] [INFO]     | distill epoch : 1, acc 0.695
[2023-12-28 21:58:15] [INFO]     | distill epoch : 2, acc 0.737
[2023-12-28 21:58:15] [INFO]     | distill epoch : 3, acc 0.739
[2023-12-28 21:58:15] [INFO]     | distill epoch : 4, acc 0.744
[2023-12-28 21:58:15] [INFO]    -client 8
[2023-12-28 21:58:15] [INFO]     |  local epoch  : 0, acc 0.376
[2023-12-28 21:58:15] [INFO]     |  local epoch  : 1, acc 0.575
[2023-12-28 21:58:15] [INFO]     |  local epoch  : 2, acc 0.583
[2023-12-28 21:58:15] [INFO]     |  local epoch  : 3, acc 0.589
[2023-12-28 21:58:15] [INFO]     |  local epoch  : 4, acc 0.629
[2023-12-28 21:58:15] [INFO]     | distill epoch : 0, acc 0.679
[2023-12-28 21:58:15] [INFO]     | distill epoch : 1, acc 0.720
[2023-12-28 21:58:15] [INFO]     | distill epoch : 2, acc 0.750
[2023-12-28 21:58:15] [INFO]     | distill epoch : 3, acc 0.751
[2023-12-28 21:58:15] [INFO]     | distill epoch : 4, acc 0.750
[2023-12-28 21:58:15] [INFO] |servers comunicated: 3, server aggregated: 0, acc_server 2: 0.745.
[2023-12-28 21:58:15] [INFO] --------------------------------------------------
[2023-12-28 21:58:15] [INFO]  |epoch_client_commu: 1/2
[2023-12-28 21:58:15] [INFO]   |server: 0
[2023-12-28 21:58:15] [INFO]    -client 0
[2023-12-28 21:58:16] [INFO]     |  local epoch  : 0, acc 0.693
[2023-12-28 21:58:16] [INFO]     |  local epoch  : 1, acc 0.759
[2023-12-28 21:58:16] [INFO]     |  local epoch  : 2, acc 0.756
[2023-12-28 21:58:16] [INFO]     |  local epoch  : 3, acc 0.771
[2023-12-28 21:58:16] [INFO]     |  local epoch  : 4, acc 0.787
[2023-12-28 21:58:16] [INFO]     | distill epoch : 0, acc 0.797
[2023-12-28 21:58:16] [INFO]     | distill epoch : 1, acc 0.788
[2023-12-28 21:58:16] [INFO]     | distill epoch : 2, acc 0.778
[2023-12-28 21:58:16] [INFO]     | distill epoch : 3, acc 0.774
[2023-12-28 21:58:16] [INFO]     | distill epoch : 4, acc 0.778
[2023-12-28 21:58:16] [INFO]    -client 1
[2023-12-28 21:58:16] [INFO]     |  local epoch  : 0, acc 0.670
[2023-12-28 21:58:16] [INFO]     |  local epoch  : 1, acc 0.747
[2023-12-28 21:58:16] [INFO]     |  local epoch  : 2, acc 0.755
[2023-12-28 21:58:16] [INFO]     |  local epoch  : 3, acc 0.756
[2023-12-28 21:58:16] [INFO]     |  local epoch  : 4, acc 0.737
[2023-12-28 21:58:16] [INFO]     | distill epoch : 0, acc 0.782
[2023-12-28 21:58:16] [INFO]     | distill epoch : 1, acc 0.786
[2023-12-28 21:58:16] [INFO]     | distill epoch : 2, acc 0.780
[2023-12-28 21:58:16] [INFO]     | distill epoch : 3, acc 0.772
[2023-12-28 21:58:16] [INFO]     | distill epoch : 4, acc 0.770
[2023-12-28 21:58:16] [INFO]    -client 2
[2023-12-28 21:58:17] [INFO]     |  local epoch  : 0, acc 0.672
[2023-12-28 21:58:17] [INFO]     |  local epoch  : 1, acc 0.740
[2023-12-28 21:58:17] [INFO]     |  local epoch  : 2, acc 0.747
[2023-12-28 21:58:17] [INFO]     |  local epoch  : 3, acc 0.756
[2023-12-28 21:58:17] [INFO]     |  local epoch  : 4, acc 0.761
[2023-12-28 21:58:17] [INFO]     | distill epoch : 0, acc 0.776
[2023-12-28 21:58:17] [INFO]     | distill epoch : 1, acc 0.769
[2023-12-28 21:58:17] [INFO]     | distill epoch : 2, acc 0.776
[2023-12-28 21:58:17] [INFO]     | distill epoch : 3, acc 0.762
[2023-12-28 21:58:17] [INFO]     | distill epoch : 4, acc 0.769
[2023-12-28 21:58:17] [INFO] |servers comunicated: 3, server aggregated: 1, acc_server 0: 0.777.
[2023-12-28 21:58:17] [INFO] --------------------------------------------------
[2023-12-28 21:58:17] [INFO]   |server: 1
[2023-12-28 21:58:17] [INFO]    -client 3
[2023-12-28 21:58:17] [INFO]     |  local epoch  : 0, acc 0.390
[2023-12-28 21:58:17] [INFO]     |  local epoch  : 1, acc 0.603
[2023-12-28 21:58:17] [INFO]     |  local epoch  : 2, acc 0.645
[2023-12-28 21:58:17] [INFO]     |  local epoch  : 3, acc 0.635
[2023-12-28 21:58:17] [INFO]     |  local epoch  : 4, acc 0.688
[2023-12-28 21:58:17] [INFO]     | distill epoch : 0, acc 0.762
[2023-12-28 21:58:17] [INFO]     | distill epoch : 1, acc 0.763
[2023-12-28 21:58:17] [INFO]     | distill epoch : 2, acc 0.767
[2023-12-28 21:58:17] [INFO]     | distill epoch : 3, acc 0.764
[2023-12-28 21:58:17] [INFO]     | distill epoch : 4, acc 0.772
[2023-12-28 21:58:17] [INFO]    -client 4
[2023-12-28 21:58:18] [INFO]     |  local epoch  : 0, acc 0.428
[2023-12-28 21:58:18] [INFO]     |  local epoch  : 1, acc 0.604
[2023-12-28 21:58:18] [INFO]     |  local epoch  : 2, acc 0.603
[2023-12-28 21:58:18] [INFO]     |  local epoch  : 3, acc 0.660
[2023-12-28 21:58:18] [INFO]     |  local epoch  : 4, acc 0.677
[2023-12-28 21:58:18] [INFO]     | distill epoch : 0, acc 0.755
[2023-12-28 21:58:18] [INFO]     | distill epoch : 1, acc 0.771
[2023-12-28 21:58:18] [INFO]     | distill epoch : 2, acc 0.761
[2023-12-28 21:58:18] [INFO]     | distill epoch : 3, acc 0.782
[2023-12-28 21:58:18] [INFO]     | distill epoch : 4, acc 0.760
[2023-12-28 21:58:18] [INFO]    -client 5
[2023-12-28 21:58:18] [INFO]     |  local epoch  : 0, acc 0.432
[2023-12-28 21:58:18] [INFO]     |  local epoch  : 1, acc 0.613
[2023-12-28 21:58:18] [INFO]     |  local epoch  : 2, acc 0.699
[2023-12-28 21:58:18] [INFO]     |  local epoch  : 3, acc 0.642
[2023-12-28 21:58:18] [INFO]     |  local epoch  : 4, acc 0.669
[2023-12-28 21:58:18] [INFO]     | distill epoch : 0, acc 0.755
[2023-12-28 21:58:18] [INFO]     | distill epoch : 1, acc 0.779
[2023-12-28 21:58:18] [INFO]     | distill epoch : 2, acc 0.771
[2023-12-28 21:58:18] [INFO]     | distill epoch : 3, acc 0.777
[2023-12-28 21:58:18] [INFO]     | distill epoch : 4, acc 0.766
[2023-12-28 21:58:18] [INFO] |servers comunicated: 3, server aggregated: 1, acc_server 1: 0.770.
[2023-12-28 21:58:18] [INFO] --------------------------------------------------
[2023-12-28 21:58:18] [INFO]   |server: 2
[2023-12-28 21:58:19] [INFO]    -client 6
[2023-12-28 21:58:19] [INFO]     |  local epoch  : 0, acc 0.479
[2023-12-28 21:58:19] [INFO]     |  local epoch  : 1, acc 0.635
[2023-12-28 21:58:19] [INFO]     |  local epoch  : 2, acc 0.660
[2023-12-28 21:58:19] [INFO]     |  local epoch  : 3, acc 0.658
[2023-12-28 21:58:19] [INFO]     |  local epoch  : 4, acc 0.631
[2023-12-28 21:58:19] [INFO]     | distill epoch : 0, acc 0.717
[2023-12-28 21:58:19] [INFO]     | distill epoch : 1, acc 0.773
[2023-12-28 21:58:19] [INFO]     | distill epoch : 2, acc 0.795
[2023-12-28 21:58:19] [INFO]     | distill epoch : 3, acc 0.784
[2023-12-28 21:58:19] [INFO]     | distill epoch : 4, acc 0.769
[2023-12-28 21:58:19] [INFO]    -client 7
[2023-12-28 21:58:19] [INFO]     |  local epoch  : 0, acc 0.478
[2023-12-28 21:58:19] [INFO]     |  local epoch  : 1, acc 0.618
[2023-12-28 21:58:19] [INFO]     |  local epoch  : 2, acc 0.670
[2023-12-28 21:58:19] [INFO]     |  local epoch  : 3, acc 0.645
[2023-12-28 21:58:19] [INFO]     |  local epoch  : 4, acc 0.688
[2023-12-28 21:58:19] [INFO]     | distill epoch : 0, acc 0.757
[2023-12-28 21:58:19] [INFO]     | distill epoch : 1, acc 0.791
[2023-12-28 21:58:19] [INFO]     | distill epoch : 2, acc 0.790
[2023-12-28 21:58:19] [INFO]     | distill epoch : 3, acc 0.772
[2023-12-28 21:58:19] [INFO]     | distill epoch : 4, acc 0.763
[2023-12-28 21:58:19] [INFO]    -client 8
[2023-12-28 21:58:20] [INFO]     |  local epoch  : 0, acc 0.487
[2023-12-28 21:58:20] [INFO]     |  local epoch  : 1, acc 0.626
[2023-12-28 21:58:20] [INFO]     |  local epoch  : 2, acc 0.664
[2023-12-28 21:58:20] [INFO]     |  local epoch  : 3, acc 0.657
[2023-12-28 21:58:20] [INFO]     |  local epoch  : 4, acc 0.682
[2023-12-28 21:58:20] [INFO]     | distill epoch : 0, acc 0.742
[2023-12-28 21:58:20] [INFO]     | distill epoch : 1, acc 0.784
[2023-12-28 21:58:20] [INFO]     | distill epoch : 2, acc 0.799
[2023-12-28 21:58:20] [INFO]     | distill epoch : 3, acc 0.785
[2023-12-28 21:58:20] [INFO]     | distill epoch : 4, acc 0.776
[2023-12-28 21:58:20] [INFO] |servers comunicated: 3, server aggregated: 1, acc_server 2: 0.778.
[2023-12-28 21:58:20] [INFO] --------------------------------------------------
[2023-12-28 21:58:20] [INFO]      ********  servers comunicates  ********      
[2023-12-28 21:58:20] [INFO] --------------------------------------------------
[2023-12-28 21:58:20] [INFO] |epoch_server_commu: 4/6
[2023-12-28 21:58:20] [INFO]  |epoch_client_commu: 0/2
[2023-12-28 21:58:20] [INFO]   |server: 0
[2023-12-28 21:58:20] [INFO]    -client 0
[2023-12-28 21:58:20] [INFO]     |  local epoch  : 0, acc 0.690
[2023-12-28 21:58:20] [INFO]     |  local epoch  : 1, acc 0.794
[2023-12-28 21:58:20] [INFO]     |  local epoch  : 2, acc 0.794
[2023-12-28 21:58:20] [INFO]     |  local epoch  : 3, acc 0.742
[2023-12-28 21:58:20] [INFO]     |  local epoch  : 4, acc 0.783
[2023-12-28 21:58:20] [INFO]     | distill epoch : 0, acc 0.808
[2023-12-28 21:58:20] [INFO]     | distill epoch : 1, acc 0.806
[2023-12-28 21:58:20] [INFO]     | distill epoch : 2, acc 0.808
[2023-12-28 21:58:20] [INFO]     | distill epoch : 3, acc 0.796
[2023-12-28 21:58:21] [INFO]     | distill epoch : 4, acc 0.800
[2023-12-28 21:58:21] [INFO]    -client 1
[2023-12-28 21:58:21] [INFO]     |  local epoch  : 0, acc 0.667
[2023-12-28 21:58:21] [INFO]     |  local epoch  : 1, acc 0.792
[2023-12-28 21:58:21] [INFO]     |  local epoch  : 2, acc 0.768
[2023-12-28 21:58:21] [INFO]     |  local epoch  : 3, acc 0.780
[2023-12-28 21:58:21] [INFO]     |  local epoch  : 4, acc 0.793
[2023-12-28 21:58:21] [INFO]     | distill epoch : 0, acc 0.812
[2023-12-28 21:58:21] [INFO]     | distill epoch : 1, acc 0.807
[2023-12-28 21:58:21] [INFO]     | distill epoch : 2, acc 0.800
[2023-12-28 21:58:21] [INFO]     | distill epoch : 3, acc 0.796
[2023-12-28 21:58:21] [INFO]     | distill epoch : 4, acc 0.789
[2023-12-28 21:58:21] [INFO]    -client 2
[2023-12-28 21:58:21] [INFO]     |  local epoch  : 0, acc 0.704
[2023-12-28 21:58:21] [INFO]     |  local epoch  : 1, acc 0.784
[2023-12-28 21:58:21] [INFO]     |  local epoch  : 2, acc 0.790
[2023-12-28 21:58:21] [INFO]     |  local epoch  : 3, acc 0.787
[2023-12-28 21:58:21] [INFO]     |  local epoch  : 4, acc 0.776
[2023-12-28 21:58:21] [INFO]     | distill epoch : 0, acc 0.797
[2023-12-28 21:58:21] [INFO]     | distill epoch : 1, acc 0.793
[2023-12-28 21:58:21] [INFO]     | distill epoch : 2, acc 0.796
[2023-12-28 21:58:21] [INFO]     | distill epoch : 3, acc 0.786
[2023-12-28 21:58:21] [INFO]     | distill epoch : 4, acc 0.798
[2023-12-28 21:58:21] [INFO] |servers comunicated: 4, server aggregated: 0, acc_server 0: 0.797.
[2023-12-28 21:58:21] [INFO] --------------------------------------------------
[2023-12-28 21:58:21] [INFO]   |server: 1
[2023-12-28 21:58:22] [INFO]    -client 3
[2023-12-28 21:58:22] [INFO]     |  local epoch  : 0, acc 0.447
[2023-12-28 21:58:22] [INFO]     |  local epoch  : 1, acc 0.690
[2023-12-28 21:58:22] [INFO]     |  local epoch  : 2, acc 0.695
[2023-12-28 21:58:22] [INFO]     |  local epoch  : 3, acc 0.685
[2023-12-28 21:58:22] [INFO]     |  local epoch  : 4, acc 0.714
[2023-12-28 21:58:22] [INFO]     | distill epoch : 0, acc 0.789
[2023-12-28 21:58:22] [INFO]     | distill epoch : 1, acc 0.792
[2023-12-28 21:58:22] [INFO]     | distill epoch : 2, acc 0.794
[2023-12-28 21:58:22] [INFO]     | distill epoch : 3, acc 0.785
[2023-12-28 21:58:22] [INFO]     | distill epoch : 4, acc 0.797
[2023-12-28 21:58:22] [INFO]    -client 4
[2023-12-28 21:58:22] [INFO]     |  local epoch  : 0, acc 0.516
[2023-12-28 21:58:22] [INFO]     |  local epoch  : 1, acc 0.689
[2023-12-28 21:58:22] [INFO]     |  local epoch  : 2, acc 0.621
[2023-12-28 21:58:22] [INFO]     |  local epoch  : 3, acc 0.681
[2023-12-28 21:58:22] [INFO]     |  local epoch  : 4, acc 0.667
[2023-12-28 21:58:22] [INFO]     | distill epoch : 0, acc 0.768
[2023-12-28 21:58:22] [INFO]     | distill epoch : 1, acc 0.799
[2023-12-28 21:58:22] [INFO]     | distill epoch : 2, acc 0.792
[2023-12-28 21:58:22] [INFO]     | distill epoch : 3, acc 0.800
[2023-12-28 21:58:22] [INFO]     | distill epoch : 4, acc 0.785
[2023-12-28 21:58:22] [INFO]    -client 5
[2023-12-28 21:58:23] [INFO]     |  local epoch  : 0, acc 0.493
[2023-12-28 21:58:23] [INFO]     |  local epoch  : 1, acc 0.668
[2023-12-28 21:58:23] [INFO]     |  local epoch  : 2, acc 0.701
[2023-12-28 21:58:23] [INFO]     |  local epoch  : 3, acc 0.741
[2023-12-28 21:58:23] [INFO]     |  local epoch  : 4, acc 0.738
[2023-12-28 21:58:23] [INFO]     | distill epoch : 0, acc 0.794
[2023-12-28 21:58:23] [INFO]     | distill epoch : 1, acc 0.797
[2023-12-28 21:58:23] [INFO]     | distill epoch : 2, acc 0.797
[2023-12-28 21:58:23] [INFO]     | distill epoch : 3, acc 0.792
[2023-12-28 21:58:23] [INFO]     | distill epoch : 4, acc 0.795
[2023-12-28 21:58:23] [INFO] |servers comunicated: 4, server aggregated: 0, acc_server 1: 0.799.
[2023-12-28 21:58:23] [INFO] --------------------------------------------------
[2023-12-28 21:58:23] [INFO]   |server: 2
[2023-12-28 21:58:23] [INFO]    -client 6
[2023-12-28 21:58:23] [INFO]     |  local epoch  : 0, acc 0.526
[2023-12-28 21:58:23] [INFO]     |  local epoch  : 1, acc 0.701
[2023-12-28 21:58:23] [INFO]     |  local epoch  : 2, acc 0.673
[2023-12-28 21:58:23] [INFO]     |  local epoch  : 3, acc 0.697
[2023-12-28 21:58:23] [INFO]     |  local epoch  : 4, acc 0.750
[2023-12-28 21:58:23] [INFO]     | distill epoch : 0, acc 0.801
[2023-12-28 21:58:23] [INFO]     | distill epoch : 1, acc 0.817
[2023-12-28 21:58:23] [INFO]     | distill epoch : 2, acc 0.811
[2023-12-28 21:58:23] [INFO]     | distill epoch : 3, acc 0.790
[2023-12-28 21:58:23] [INFO]     | distill epoch : 4, acc 0.796
[2023-12-28 21:58:23] [INFO]    -client 7
[2023-12-28 21:58:24] [INFO]     |  local epoch  : 0, acc 0.536
[2023-12-28 21:58:24] [INFO]     |  local epoch  : 1, acc 0.703
[2023-12-28 21:58:24] [INFO]     |  local epoch  : 2, acc 0.604
[2023-12-28 21:58:24] [INFO]     |  local epoch  : 3, acc 0.679
[2023-12-28 21:58:24] [INFO]     |  local epoch  : 4, acc 0.695
[2023-12-28 21:58:24] [INFO]     | distill epoch : 0, acc 0.777
[2023-12-28 21:58:24] [INFO]     | distill epoch : 1, acc 0.810
[2023-12-28 21:58:24] [INFO]     | distill epoch : 2, acc 0.817
[2023-12-28 21:58:24] [INFO]     | distill epoch : 3, acc 0.796
[2023-12-28 21:58:24] [INFO]     | distill epoch : 4, acc 0.793
[2023-12-28 21:58:24] [INFO]    -client 8
[2023-12-28 21:58:24] [INFO]     |  local epoch  : 0, acc 0.549
[2023-12-28 21:58:24] [INFO]     |  local epoch  : 1, acc 0.697
[2023-12-28 21:58:24] [INFO]     |  local epoch  : 2, acc 0.694
[2023-12-28 21:58:24] [INFO]     |  local epoch  : 3, acc 0.682
[2023-12-28 21:58:24] [INFO]     |  local epoch  : 4, acc 0.679
[2023-12-28 21:58:24] [INFO]     | distill epoch : 0, acc 0.759
[2023-12-28 21:58:24] [INFO]     | distill epoch : 1, acc 0.808
[2023-12-28 21:58:24] [INFO]     | distill epoch : 2, acc 0.819
[2023-12-28 21:58:24] [INFO]     | distill epoch : 3, acc 0.805
[2023-12-28 21:58:24] [INFO]     | distill epoch : 4, acc 0.792
[2023-12-28 21:58:25] [INFO] |servers comunicated: 4, server aggregated: 0, acc_server 2: 0.804.
[2023-12-28 21:58:25] [INFO] --------------------------------------------------
[2023-12-28 21:58:25] [INFO]  |epoch_client_commu: 1/2
[2023-12-28 21:58:25] [INFO]   |server: 0
[2023-12-28 21:58:25] [INFO]    -client 0
[2023-12-28 21:58:25] [INFO]     |  local epoch  : 0, acc 0.729
[2023-12-28 21:58:25] [INFO]     |  local epoch  : 1, acc 0.810
[2023-12-28 21:58:25] [INFO]     |  local epoch  : 2, acc 0.784
[2023-12-28 21:58:25] [INFO]     |  local epoch  : 3, acc 0.792
[2023-12-28 21:58:25] [INFO]     |  local epoch  : 4, acc 0.779
[2023-12-28 21:58:25] [INFO]     | distill epoch : 0, acc 0.827
[2023-12-28 21:58:25] [INFO]     | distill epoch : 1, acc 0.822
[2023-12-28 21:58:25] [INFO]     | distill epoch : 2, acc 0.830
[2023-12-28 21:58:25] [INFO]     | distill epoch : 3, acc 0.811
[2023-12-28 21:58:25] [INFO]     | distill epoch : 4, acc 0.817
[2023-12-28 21:58:25] [INFO]    -client 1
[2023-12-28 21:58:25] [INFO]     |  local epoch  : 0, acc 0.720
[2023-12-28 21:58:25] [INFO]     |  local epoch  : 1, acc 0.784
[2023-12-28 21:58:25] [INFO]     |  local epoch  : 2, acc 0.803
[2023-12-28 21:58:25] [INFO]     |  local epoch  : 3, acc 0.789
[2023-12-28 21:58:25] [INFO]     |  local epoch  : 4, acc 0.810
[2023-12-28 21:58:25] [INFO]     | distill epoch : 0, acc 0.829
[2023-12-28 21:58:25] [INFO]     | distill epoch : 1, acc 0.823
[2023-12-28 21:58:25] [INFO]     | distill epoch : 2, acc 0.818
[2023-12-28 21:58:25] [INFO]     | distill epoch : 3, acc 0.813
[2023-12-28 21:58:25] [INFO]     | distill epoch : 4, acc 0.806
[2023-12-28 21:58:25] [INFO]    -client 2
[2023-12-28 21:58:26] [INFO]     |  local epoch  : 0, acc 0.744
[2023-12-28 21:58:26] [INFO]     |  local epoch  : 1, acc 0.786
[2023-12-28 21:58:26] [INFO]     |  local epoch  : 2, acc 0.780
[2023-12-28 21:58:26] [INFO]     |  local epoch  : 3, acc 0.824
[2023-12-28 21:58:26] [INFO]     |  local epoch  : 4, acc 0.796
[2023-12-28 21:58:26] [INFO]     | distill epoch : 0, acc 0.818
[2023-12-28 21:58:26] [INFO]     | distill epoch : 1, acc 0.813
[2023-12-28 21:58:26] [INFO]     | distill epoch : 2, acc 0.813
[2023-12-28 21:58:26] [INFO]     | distill epoch : 3, acc 0.802
[2023-12-28 21:58:26] [INFO]     | distill epoch : 4, acc 0.813
[2023-12-28 21:58:26] [INFO] |servers comunicated: 4, server aggregated: 1, acc_server 0: 0.817.
[2023-12-28 21:58:26] [INFO] --------------------------------------------------
[2023-12-28 21:58:26] [INFO]   |server: 1
[2023-12-28 21:58:26] [INFO]    -client 3
[2023-12-28 21:58:26] [INFO]     |  local epoch  : 0, acc 0.469
[2023-12-28 21:58:26] [INFO]     |  local epoch  : 1, acc 0.732
[2023-12-28 21:58:26] [INFO]     |  local epoch  : 2, acc 0.705
[2023-12-28 21:58:26] [INFO]     |  local epoch  : 3, acc 0.704
[2023-12-28 21:58:26] [INFO]     |  local epoch  : 4, acc 0.726
[2023-12-28 21:58:26] [INFO]     | distill epoch : 0, acc 0.808
[2023-12-28 21:58:26] [INFO]     | distill epoch : 1, acc 0.812
[2023-12-28 21:58:26] [INFO]     | distill epoch : 2, acc 0.811
[2023-12-28 21:58:26] [INFO]     | distill epoch : 3, acc 0.789
[2023-12-28 21:58:26] [INFO]     | distill epoch : 4, acc 0.815
[2023-12-28 21:58:26] [INFO]    -client 4
[2023-12-28 21:58:27] [INFO]     |  local epoch  : 0, acc 0.543
[2023-12-28 21:58:27] [INFO]     |  local epoch  : 1, acc 0.729
[2023-12-28 21:58:27] [INFO]     |  local epoch  : 2, acc 0.755
[2023-12-28 21:58:27] [INFO]     |  local epoch  : 3, acc 0.780
[2023-12-28 21:58:27] [INFO]     |  local epoch  : 4, acc 0.771
[2023-12-28 21:58:27] [INFO]     | distill epoch : 0, acc 0.812
[2023-12-28 21:58:27] [INFO]     | distill epoch : 1, acc 0.804
[2023-12-28 21:58:27] [INFO]     | distill epoch : 2, acc 0.811
[2023-12-28 21:58:27] [INFO]     | distill epoch : 3, acc 0.791
[2023-12-28 21:58:27] [INFO]     | distill epoch : 4, acc 0.812
[2023-12-28 21:58:27] [INFO]    -client 5
[2023-12-28 21:58:27] [INFO]     |  local epoch  : 0, acc 0.532
[2023-12-28 21:58:27] [INFO]     |  local epoch  : 1, acc 0.737
[2023-12-28 21:58:27] [INFO]     |  local epoch  : 2, acc 0.764
[2023-12-28 21:58:27] [INFO]     |  local epoch  : 3, acc 0.767
[2023-12-28 21:58:27] [INFO]     |  local epoch  : 4, acc 0.771
[2023-12-28 21:58:27] [INFO]     | distill epoch : 0, acc 0.820
[2023-12-28 21:58:27] [INFO]     | distill epoch : 1, acc 0.808
[2023-12-28 21:58:27] [INFO]     | distill epoch : 2, acc 0.816
[2023-12-28 21:58:27] [INFO]     | distill epoch : 3, acc 0.798
[2023-12-28 21:58:27] [INFO]     | distill epoch : 4, acc 0.816
[2023-12-28 21:58:27] [INFO] |servers comunicated: 4, server aggregated: 1, acc_server 1: 0.815.
[2023-12-28 21:58:27] [INFO] --------------------------------------------------
[2023-12-28 21:58:27] [INFO]   |server: 2
[2023-12-28 21:58:27] [INFO]    -client 6
[2023-12-28 21:58:28] [INFO]     |  local epoch  : 0, acc 0.595
[2023-12-28 21:58:28] [INFO]     |  local epoch  : 1, acc 0.742
[2023-12-28 21:58:28] [INFO]     |  local epoch  : 2, acc 0.774
[2023-12-28 21:58:28] [INFO]     |  local epoch  : 3, acc 0.754
[2023-12-28 21:58:28] [INFO]     |  local epoch  : 4, acc 0.754
[2023-12-28 21:58:28] [INFO]     | distill epoch : 0, acc 0.812
[2023-12-28 21:58:28] [INFO]     | distill epoch : 1, acc 0.835
[2023-12-28 21:58:28] [INFO]     | distill epoch : 2, acc 0.827
[2023-12-28 21:58:28] [INFO]     | distill epoch : 3, acc 0.810
[2023-12-28 21:58:28] [INFO]     | distill epoch : 4, acc 0.820
[2023-12-28 21:58:28] [INFO]    -client 7
[2023-12-28 21:58:28] [INFO]     |  local epoch  : 0, acc 0.571
[2023-12-28 21:58:28] [INFO]     |  local epoch  : 1, acc 0.737
[2023-12-28 21:58:28] [INFO]     |  local epoch  : 2, acc 0.765
[2023-12-28 21:58:28] [INFO]     |  local epoch  : 3, acc 0.774
[2023-12-28 21:58:28] [INFO]     |  local epoch  : 4, acc 0.763
[2023-12-28 21:58:28] [INFO]     | distill epoch : 0, acc 0.821
[2023-12-28 21:58:28] [INFO]     | distill epoch : 1, acc 0.834
[2023-12-28 21:58:28] [INFO]     | distill epoch : 2, acc 0.823
[2023-12-28 21:58:28] [INFO]     | distill epoch : 3, acc 0.810
[2023-12-28 21:58:28] [INFO]     | distill epoch : 4, acc 0.814
[2023-12-28 21:58:28] [INFO]    -client 8
[2023-12-28 21:58:28] [INFO]     |  local epoch  : 0, acc 0.611
[2023-12-28 21:58:29] [INFO]     |  local epoch  : 1, acc 0.740
[2023-12-28 21:58:29] [INFO]     |  local epoch  : 2, acc 0.757
[2023-12-28 21:58:29] [INFO]     |  local epoch  : 3, acc 0.754
[2023-12-28 21:58:29] [INFO]     |  local epoch  : 4, acc 0.757
[2023-12-28 21:58:29] [INFO]     | distill epoch : 0, acc 0.816
[2023-12-28 21:58:29] [INFO]     | distill epoch : 1, acc 0.834
[2023-12-28 21:58:29] [INFO]     | distill epoch : 2, acc 0.827
[2023-12-28 21:58:29] [INFO]     | distill epoch : 3, acc 0.807
[2023-12-28 21:58:29] [INFO]     | distill epoch : 4, acc 0.812
[2023-12-28 21:58:29] [INFO] |servers comunicated: 4, server aggregated: 1, acc_server 2: 0.819.
[2023-12-28 21:58:29] [INFO] --------------------------------------------------
[2023-12-28 21:58:29] [INFO]      ********  servers comunicates  ********      
[2023-12-28 21:58:29] [INFO] --------------------------------------------------
[2023-12-28 21:58:29] [INFO] |epoch_server_commu: 5/6
[2023-12-28 21:58:29] [INFO]  |epoch_client_commu: 0/2
[2023-12-28 21:58:29] [INFO]   |server: 0
[2023-12-28 21:58:29] [INFO]    -client 0
[2023-12-28 21:58:29] [INFO]     |  local epoch  : 0, acc 0.783
[2023-12-28 21:58:29] [INFO]     |  local epoch  : 1, acc 0.817
[2023-12-28 21:58:29] [INFO]     |  local epoch  : 2, acc 0.811
[2023-12-28 21:58:29] [INFO]     |  local epoch  : 3, acc 0.796
[2023-12-28 21:58:29] [INFO]     |  local epoch  : 4, acc 0.819
[2023-12-28 21:58:29] [INFO]     | distill epoch : 0, acc 0.843
[2023-12-28 21:58:29] [INFO]     | distill epoch : 1, acc 0.838
[2023-12-28 21:58:29] [INFO]     | distill epoch : 2, acc 0.837
[2023-12-28 21:58:29] [INFO]     | distill epoch : 3, acc 0.827
[2023-12-28 21:58:29] [INFO]     | distill epoch : 4, acc 0.827
[2023-12-28 21:58:29] [INFO]    -client 1
[2023-12-28 21:58:29] [INFO]     |  local epoch  : 0, acc 0.768
[2023-12-28 21:58:30] [INFO]     |  local epoch  : 1, acc 0.806
[2023-12-28 21:58:30] [INFO]     |  local epoch  : 2, acc 0.799
[2023-12-28 21:58:30] [INFO]     |  local epoch  : 3, acc 0.816
[2023-12-28 21:58:30] [INFO]     |  local epoch  : 4, acc 0.823
[2023-12-28 21:58:30] [INFO]     | distill epoch : 0, acc 0.836
[2023-12-28 21:58:30] [INFO]     | distill epoch : 1, acc 0.839
[2023-12-28 21:58:30] [INFO]     | distill epoch : 2, acc 0.829
[2023-12-28 21:58:30] [INFO]     | distill epoch : 3, acc 0.830
[2023-12-28 21:58:30] [INFO]     | distill epoch : 4, acc 0.819
[2023-12-28 21:58:30] [INFO]    -client 2
[2023-12-28 21:58:30] [INFO]     |  local epoch  : 0, acc 0.761
[2023-12-28 21:58:30] [INFO]     |  local epoch  : 1, acc 0.814
[2023-12-28 21:58:30] [INFO]     |  local epoch  : 2, acc 0.799
[2023-12-28 21:58:30] [INFO]     |  local epoch  : 3, acc 0.822
[2023-12-28 21:58:30] [INFO]     |  local epoch  : 4, acc 0.801
[2023-12-28 21:58:30] [INFO]     | distill epoch : 0, acc 0.816
[2023-12-28 21:58:30] [INFO]     | distill epoch : 1, acc 0.825
[2023-12-28 21:58:30] [INFO]     | distill epoch : 2, acc 0.823
[2023-12-28 21:58:30] [INFO]     | distill epoch : 3, acc 0.824
[2023-12-28 21:58:30] [INFO]     | distill epoch : 4, acc 0.819
[2023-12-28 21:58:30] [INFO] |servers comunicated: 5, server aggregated: 0, acc_server 0: 0.831.
[2023-12-28 21:58:30] [INFO] --------------------------------------------------
[2023-12-28 21:58:30] [INFO]   |server: 1
[2023-12-28 21:58:30] [INFO]    -client 3
[2023-12-28 21:58:30] [INFO]     |  local epoch  : 0, acc 0.510
[2023-12-28 21:58:31] [INFO]     |  local epoch  : 1, acc 0.755
[2023-12-28 21:58:31] [INFO]     |  local epoch  : 2, acc 0.703
[2023-12-28 21:58:31] [INFO]     |  local epoch  : 3, acc 0.672
[2023-12-28 21:58:31] [INFO]     |  local epoch  : 4, acc 0.745
[2023-12-28 21:58:31] [INFO]     | distill epoch : 0, acc 0.819
[2023-12-28 21:58:31] [INFO]     | distill epoch : 1, acc 0.819
[2023-12-28 21:58:31] [INFO]     | distill epoch : 2, acc 0.821
[2023-12-28 21:58:31] [INFO]     | distill epoch : 3, acc 0.801
[2023-12-28 21:58:31] [INFO]     | distill epoch : 4, acc 0.819
[2023-12-28 21:58:31] [INFO]    -client 4
[2023-12-28 21:58:31] [INFO]     |  local epoch  : 0, acc 0.575
[2023-12-28 21:58:31] [INFO]     |  local epoch  : 1, acc 0.763
[2023-12-28 21:58:31] [INFO]     |  local epoch  : 2, acc 0.756
[2023-12-28 21:58:31] [INFO]     |  local epoch  : 3, acc 0.738
[2023-12-28 21:58:31] [INFO]     |  local epoch  : 4, acc 0.732
[2023-12-28 21:58:31] [INFO]     | distill epoch : 0, acc 0.816
[2023-12-28 21:58:31] [INFO]     | distill epoch : 1, acc 0.827
[2023-12-28 21:58:31] [INFO]     | distill epoch : 2, acc 0.816
[2023-12-28 21:58:31] [INFO]     | distill epoch : 3, acc 0.819
[2023-12-28 21:58:31] [INFO]     | distill epoch : 4, acc 0.812
[2023-12-28 21:58:31] [INFO]    -client 5
[2023-12-28 21:58:31] [INFO]     |  local epoch  : 0, acc 0.559
[2023-12-28 21:58:31] [INFO]     |  local epoch  : 1, acc 0.774
[2023-12-28 21:58:32] [INFO]     |  local epoch  : 2, acc 0.770
[2023-12-28 21:58:32] [INFO]     |  local epoch  : 3, acc 0.796
[2023-12-28 21:58:32] [INFO]     |  local epoch  : 4, acc 0.764
[2023-12-28 21:58:32] [INFO]     | distill epoch : 0, acc 0.825
[2023-12-28 21:58:32] [INFO]     | distill epoch : 1, acc 0.828
[2023-12-28 21:58:32] [INFO]     | distill epoch : 2, acc 0.831
[2023-12-28 21:58:32] [INFO]     | distill epoch : 3, acc 0.809
[2023-12-28 21:58:32] [INFO]     | distill epoch : 4, acc 0.824
[2023-12-28 21:58:32] [INFO] |servers comunicated: 5, server aggregated: 0, acc_server 1: 0.824.
[2023-12-28 21:58:32] [INFO] --------------------------------------------------
[2023-12-28 21:58:32] [INFO]   |server: 2
[2023-12-28 21:58:32] [INFO]    -client 6
[2023-12-28 21:58:32] [INFO]     |  local epoch  : 0, acc 0.633
[2023-12-28 21:58:32] [INFO]     |  local epoch  : 1, acc 0.762
[2023-12-28 21:58:32] [INFO]     |  local epoch  : 2, acc 0.773
[2023-12-28 21:58:32] [INFO]     |  local epoch  : 3, acc 0.728
[2023-12-28 21:58:32] [INFO]     |  local epoch  : 4, acc 0.703
[2023-12-28 21:58:32] [INFO]     | distill epoch : 0, acc 0.788
[2023-12-28 21:58:32] [INFO]     | distill epoch : 1, acc 0.836
[2023-12-28 21:58:32] [INFO]     | distill epoch : 2, acc 0.840
[2023-12-28 21:58:32] [INFO]     | distill epoch : 3, acc 0.827
[2023-12-28 21:58:32] [INFO]     | distill epoch : 4, acc 0.808
[2023-12-28 21:58:32] [INFO]    -client 7
[2023-12-28 21:58:33] [INFO]     |  local epoch  : 0, acc 0.613
[2023-12-28 21:58:33] [INFO]     |  local epoch  : 1, acc 0.770
[2023-12-28 21:58:33] [INFO]     |  local epoch  : 2, acc 0.793
[2023-12-28 21:58:33] [INFO]     |  local epoch  : 3, acc 0.741
[2023-12-28 21:58:33] [INFO]     |  local epoch  : 4, acc 0.712
[2023-12-28 21:58:33] [INFO]     | distill epoch : 0, acc 0.799
[2023-12-28 21:58:33] [INFO]     | distill epoch : 1, acc 0.839
[2023-12-28 21:58:33] [INFO]     | distill epoch : 2, acc 0.833
[2023-12-28 21:58:33] [INFO]     | distill epoch : 3, acc 0.825
[2023-12-28 21:58:33] [INFO]     | distill epoch : 4, acc 0.821
[2023-12-28 21:58:33] [INFO]    -client 8
[2023-12-28 21:58:33] [INFO]     |  local epoch  : 0, acc 0.630
[2023-12-28 21:58:33] [INFO]     |  local epoch  : 1, acc 0.759
[2023-12-28 21:58:33] [INFO]     |  local epoch  : 2, acc 0.776
[2023-12-28 21:58:33] [INFO]     |  local epoch  : 3, acc 0.774
[2023-12-28 21:58:33] [INFO]     |  local epoch  : 4, acc 0.776
[2023-12-28 21:58:33] [INFO]     | distill epoch : 0, acc 0.832
[2023-12-28 21:58:33] [INFO]     | distill epoch : 1, acc 0.842
[2023-12-28 21:58:33] [INFO]     | distill epoch : 2, acc 0.840
[2023-12-28 21:58:33] [INFO]     | distill epoch : 3, acc 0.820
[2023-12-28 21:58:33] [INFO]     | distill epoch : 4, acc 0.827
[2023-12-28 21:58:33] [INFO] |servers comunicated: 5, server aggregated: 0, acc_server 2: 0.829.
[2023-12-28 21:58:33] [INFO] --------------------------------------------------
[2023-12-28 21:58:33] [INFO]  |epoch_client_commu: 1/2
[2023-12-28 21:58:33] [INFO]   |server: 0
[2023-12-28 21:58:33] [INFO]    -client 0
[2023-12-28 21:58:34] [INFO]     |  local epoch  : 0, acc 0.770
[2023-12-28 21:58:34] [INFO]     |  local epoch  : 1, acc 0.836
[2023-12-28 21:58:34] [INFO]     |  local epoch  : 2, acc 0.815
[2023-12-28 21:58:34] [INFO]     |  local epoch  : 3, acc 0.821
[2023-12-28 21:58:34] [INFO]     |  local epoch  : 4, acc 0.816
[2023-12-28 21:58:34] [INFO]     | distill epoch : 0, acc 0.843
[2023-12-28 21:58:34] [INFO]     | distill epoch : 1, acc 0.844
[2023-12-28 21:58:34] [INFO]     | distill epoch : 2, acc 0.851
[2023-12-28 21:58:34] [INFO]     | distill epoch : 3, acc 0.829
[2023-12-28 21:58:34] [INFO]     | distill epoch : 4, acc 0.839
[2023-12-28 21:58:34] [INFO]    -client 1
[2023-12-28 21:58:34] [INFO]     |  local epoch  : 0, acc 0.722
[2023-12-28 21:58:34] [INFO]     |  local epoch  : 1, acc 0.832
[2023-12-28 21:58:34] [INFO]     |  local epoch  : 2, acc 0.825
[2023-12-28 21:58:34] [INFO]     |  local epoch  : 3, acc 0.832
[2023-12-28 21:58:34] [INFO]     |  local epoch  : 4, acc 0.813
[2023-12-28 21:58:34] [INFO]     | distill epoch : 0, acc 0.836
[2023-12-28 21:58:34] [INFO]     | distill epoch : 1, acc 0.843
[2023-12-28 21:58:34] [INFO]     | distill epoch : 2, acc 0.831
[2023-12-28 21:58:34] [INFO]     | distill epoch : 3, acc 0.833
[2023-12-28 21:58:34] [INFO]     | distill epoch : 4, acc 0.824
[2023-12-28 21:58:34] [INFO]    -client 2
[2023-12-28 21:58:34] [INFO]     |  local epoch  : 0, acc 0.773
[2023-12-28 21:58:35] [INFO]     |  local epoch  : 1, acc 0.820
[2023-12-28 21:58:35] [INFO]     |  local epoch  : 2, acc 0.839
[2023-12-28 21:58:35] [INFO]     |  local epoch  : 3, acc 0.822
[2023-12-28 21:58:35] [INFO]     |  local epoch  : 4, acc 0.834
[2023-12-28 21:58:35] [INFO]     | distill epoch : 0, acc 0.839
[2023-12-28 21:58:35] [INFO]     | distill epoch : 1, acc 0.845
[2023-12-28 21:58:35] [INFO]     | distill epoch : 2, acc 0.829
[2023-12-28 21:58:35] [INFO]     | distill epoch : 3, acc 0.835
[2023-12-28 21:58:35] [INFO]     | distill epoch : 4, acc 0.817
[2023-12-28 21:58:35] [INFO] |servers comunicated: 5, server aggregated: 1, acc_server 0: 0.836.
[2023-12-28 21:58:35] [INFO] --------------------------------------------------
[2023-12-28 21:58:35] [INFO]   |server: 1
[2023-12-28 21:58:35] [INFO]    -client 3
[2023-12-28 21:58:35] [INFO]     |  local epoch  : 0, acc 0.551
[2023-12-28 21:58:35] [INFO]     |  local epoch  : 1, acc 0.759
[2023-12-28 21:58:35] [INFO]     |  local epoch  : 2, acc 0.758
[2023-12-28 21:58:35] [INFO]     |  local epoch  : 3, acc 0.749
[2023-12-28 21:58:35] [INFO]     |  local epoch  : 4, acc 0.681
[2023-12-28 21:58:35] [INFO]     | distill epoch : 0, acc 0.798
[2023-12-28 21:58:35] [INFO]     | distill epoch : 1, acc 0.831
[2023-12-28 21:58:35] [INFO]     | distill epoch : 2, acc 0.821
[2023-12-28 21:58:35] [INFO]     | distill epoch : 3, acc 0.830
[2023-12-28 21:58:35] [INFO]     | distill epoch : 4, acc 0.805
[2023-12-28 21:58:35] [INFO]    -client 4
[2023-12-28 21:58:35] [INFO]     |  local epoch  : 0, acc 0.578
[2023-12-28 21:58:36] [INFO]     |  local epoch  : 1, acc 0.799
[2023-12-28 21:58:36] [INFO]     |  local epoch  : 2, acc 0.776
[2023-12-28 21:58:36] [INFO]     |  local epoch  : 3, acc 0.770
[2023-12-28 21:58:36] [INFO]     |  local epoch  : 4, acc 0.711
[2023-12-28 21:58:36] [INFO]     | distill epoch : 0, acc 0.809
[2023-12-28 21:58:36] [INFO]     | distill epoch : 1, acc 0.833
[2023-12-28 21:58:36] [INFO]     | distill epoch : 2, acc 0.822
[2023-12-28 21:58:36] [INFO]     | distill epoch : 3, acc 0.828
[2023-12-28 21:58:36] [INFO]     | distill epoch : 4, acc 0.819
[2023-12-28 21:58:36] [INFO]    -client 5
[2023-12-28 21:58:36] [INFO]     |  local epoch  : 0, acc 0.578
[2023-12-28 21:58:36] [INFO]     |  local epoch  : 1, acc 0.772
[2023-12-28 21:58:36] [INFO]     |  local epoch  : 2, acc 0.764
[2023-12-28 21:58:36] [INFO]     |  local epoch  : 3, acc 0.804
[2023-12-28 21:58:36] [INFO]     |  local epoch  : 4, acc 0.789
[2023-12-28 21:58:36] [INFO]     | distill epoch : 0, acc 0.838
[2023-12-28 21:58:36] [INFO]     | distill epoch : 1, acc 0.837
[2023-12-28 21:58:36] [INFO]     | distill epoch : 2, acc 0.838
[2023-12-28 21:58:36] [INFO]     | distill epoch : 3, acc 0.815
[2023-12-28 21:58:36] [INFO]     | distill epoch : 4, acc 0.836
[2023-12-28 21:58:36] [INFO] |servers comunicated: 5, server aggregated: 1, acc_server 1: 0.828.
[2023-12-28 21:58:36] [INFO] --------------------------------------------------
[2023-12-28 21:58:36] [INFO]   |server: 2
[2023-12-28 21:58:36] [INFO]    -client 6
[2023-12-28 21:58:36] [INFO]     |  local epoch  : 0, acc 0.642
[2023-12-28 21:58:37] [INFO]     |  local epoch  : 1, acc 0.765
[2023-12-28 21:58:37] [INFO]     |  local epoch  : 2, acc 0.684
[2023-12-28 21:58:37] [INFO]     |  local epoch  : 3, acc 0.771
[2023-12-28 21:58:37] [INFO]     |  local epoch  : 4, acc 0.779
[2023-12-28 21:58:37] [INFO]     | distill epoch : 0, acc 0.836
[2023-12-28 21:58:37] [INFO]     | distill epoch : 1, acc 0.848
[2023-12-28 21:58:37] [INFO]     | distill epoch : 2, acc 0.837
[2023-12-28 21:58:37] [INFO]     | distill epoch : 3, acc 0.826
[2023-12-28 21:58:37] [INFO]     | distill epoch : 4, acc 0.837
[2023-12-28 21:58:37] [INFO]    -client 7
[2023-12-28 21:58:37] [INFO]     |  local epoch  : 0, acc 0.624
[2023-12-28 21:58:37] [INFO]     |  local epoch  : 1, acc 0.799
[2023-12-28 21:58:37] [INFO]     |  local epoch  : 2, acc 0.758
[2023-12-28 21:58:37] [INFO]     |  local epoch  : 3, acc 0.707
[2023-12-28 21:58:37] [INFO]     |  local epoch  : 4, acc 0.783
[2023-12-28 21:58:37] [INFO]     | distill epoch : 0, acc 0.838
[2023-12-28 21:58:37] [INFO]     | distill epoch : 1, acc 0.850
[2023-12-28 21:58:37] [INFO]     | distill epoch : 2, acc 0.838
[2023-12-28 21:58:37] [INFO]     | distill epoch : 3, acc 0.831
[2023-12-28 21:58:37] [INFO]     | distill epoch : 4, acc 0.834
[2023-12-28 21:58:37] [INFO]    -client 8
[2023-12-28 21:58:37] [INFO]     |  local epoch  : 0, acc 0.651
[2023-12-28 21:58:38] [INFO]     |  local epoch  : 1, acc 0.790
[2023-12-28 21:58:38] [INFO]     |  local epoch  : 2, acc 0.755
[2023-12-28 21:58:38] [INFO]     |  local epoch  : 3, acc 0.775
[2023-12-28 21:58:38] [INFO]     |  local epoch  : 4, acc 0.766
[2023-12-28 21:58:38] [INFO]     | distill epoch : 0, acc 0.833
[2023-12-28 21:58:38] [INFO]     | distill epoch : 1, acc 0.846
[2023-12-28 21:58:38] [INFO]     | distill epoch : 2, acc 0.846
[2023-12-28 21:58:38] [INFO]     | distill epoch : 3, acc 0.824
[2023-12-28 21:58:38] [INFO]     | distill epoch : 4, acc 0.831
[2023-12-28 21:58:38] [INFO] |servers comunicated: 5, server aggregated: 1, acc_server 2: 0.839.
[2023-12-28 21:58:38] [INFO] --------------------------------------------------
[2023-12-28 21:58:38] [INFO]      ********  servers comunicates  ********      
[2023-12-28 21:58:38] [INFO] ./data/saved-data/mnist_algo_0/alpha_0.5_T_8/server_commu_6_client_commu_2_client_train_5_batch_size_200_num_all_client_9_num_all_server_3_num_client_data_1200_num_public_data_50_proportion_0.8.pt
