[2023-12-28 20:28:53] [INFO] device cuda is used.
[2023-12-28 20:28:53] [INFO] cudnn is actived.
[2023-12-28 20:28:53] [INFO] 
           alpha       :  0.5  
             T         :   8   
         algorithm     :   0   
     num_server_commu  :   2   
     num_client_commu  :   2   
     num_client_train  :   2   
     num_public_train  :   2   
        batch_size     :  200  
          dataset      : mnist 
       model_select    :   1   
      num_all_client   :   9   
      num_all_server   :   3   
      num_client_data  : 1200  
      num_public_data  :  50   
        proportion     :  0.8  

[2023-12-28 20:29:00] [INFO] --------------------------------------------------
[2023-12-28 20:29:00] [INFO] |epoch_server_commu: 0/2
[2023-12-28 20:29:00] [INFO]  |epoch_client_commu: 0/2
[2023-12-28 20:29:00] [INFO]   |server: 0
[2023-12-28 20:29:00] [INFO]    -client 0
[2023-12-28 20:29:00] [INFO]     |  local epoch  : 0, acc 0.089
[2023-12-28 20:29:01] [INFO]     |  local epoch  : 1, acc 0.089
[2023-12-28 20:29:01] [INFO]    -client 1
[2023-12-28 20:29:01] [INFO]     |  local epoch  : 0, acc 0.089
[2023-12-28 20:29:01] [INFO]     |  local epoch  : 1, acc 0.089
[2023-12-28 20:29:01] [INFO]    -client 2
[2023-12-28 20:29:01] [INFO]     |  local epoch  : 0, acc 0.089
[2023-12-28 20:29:01] [INFO]     |  local epoch  : 1, acc 0.089
[2023-12-28 20:29:01] [INFO] |servers comunicated: 0, server aggregated: 0, acc_server 0: 0.089.
[2023-12-28 20:29:01] [INFO] --------------------------------------------------
[2023-12-28 20:29:01] [INFO]   |server: 1
[2023-12-28 20:29:01] [INFO]    -client 3
[2023-12-28 20:29:01] [INFO]     |  local epoch  : 0, acc 0.098
[2023-12-28 20:29:01] [INFO]     |  local epoch  : 1, acc 0.101
[2023-12-28 20:29:01] [INFO]    -client 4
[2023-12-28 20:29:01] [INFO]     |  local epoch  : 0, acc 0.101
[2023-12-28 20:29:01] [INFO]     |  local epoch  : 1, acc 0.101
[2023-12-28 20:29:01] [INFO]    -client 5
[2023-12-28 20:29:01] [INFO]     |  local epoch  : 0, acc 0.101
[2023-12-28 20:29:01] [INFO]     |  local epoch  : 1, acc 0.101
[2023-12-28 20:29:01] [INFO] |servers comunicated: 0, server aggregated: 0, acc_server 1: 0.101.
[2023-12-28 20:29:01] [INFO] --------------------------------------------------
[2023-12-28 20:29:01] [INFO]   |server: 2
[2023-12-28 20:29:01] [INFO]    -client 6
[2023-12-28 20:29:01] [INFO]     |  local epoch  : 0, acc 0.098
[2023-12-28 20:29:01] [INFO]     |  local epoch  : 1, acc 0.098
[2023-12-28 20:29:01] [INFO]    -client 7
[2023-12-28 20:29:01] [INFO]     |  local epoch  : 0, acc 0.098
[2023-12-28 20:29:01] [INFO]     |  local epoch  : 1, acc 0.098
[2023-12-28 20:29:01] [INFO]    -client 8
[2023-12-28 20:29:01] [INFO]     |  local epoch  : 0, acc 0.098
[2023-12-28 20:29:01] [INFO]     |  local epoch  : 1, acc 0.098
[2023-12-28 20:29:02] [INFO] |servers comunicated: 0, server aggregated: 0, acc_server 2: 0.098.
[2023-12-28 20:29:02] [INFO] --------------------------------------------------
[2023-12-28 20:29:02] [INFO]  |epoch_client_commu: 1/2
[2023-12-28 20:29:02] [INFO]   |server: 0
[2023-12-28 20:29:02] [INFO]    -client 0
[2023-12-28 20:29:02] [INFO]     |  local epoch  : 0, acc 0.089
[2023-12-28 20:29:02] [INFO]     |  local epoch  : 1, acc 0.089
[2023-12-28 20:29:02] [INFO]    -client 1
[2023-12-28 20:29:02] [INFO]     |  local epoch  : 0, acc 0.089
[2023-12-28 20:29:02] [INFO]     |  local epoch  : 1, acc 0.089
[2023-12-28 20:29:02] [INFO]    -client 2
[2023-12-28 20:29:02] [INFO]     |  local epoch  : 0, acc 0.089
[2023-12-28 20:29:02] [INFO]     |  local epoch  : 1, acc 0.089
[2023-12-28 20:29:02] [INFO] |servers comunicated: 0, server aggregated: 1, acc_server 0: 0.089.
[2023-12-28 20:29:02] [INFO] --------------------------------------------------
[2023-12-28 20:29:02] [INFO]   |server: 1
[2023-12-28 20:29:02] [INFO]    -client 3
[2023-12-28 20:29:02] [INFO]     |  local epoch  : 0, acc 0.101
[2023-12-28 20:29:02] [INFO]     |  local epoch  : 1, acc 0.101
[2023-12-28 20:29:02] [INFO]    -client 4
[2023-12-28 20:29:02] [INFO]     |  local epoch  : 0, acc 0.101
[2023-12-28 20:29:02] [INFO]     |  local epoch  : 1, acc 0.101
[2023-12-28 20:29:02] [INFO]    -client 5
[2023-12-28 20:29:02] [INFO]     |  local epoch  : 0, acc 0.101
[2023-12-28 20:29:02] [INFO]     |  local epoch  : 1, acc 0.101
[2023-12-28 20:29:02] [INFO] |servers comunicated: 0, server aggregated: 1, acc_server 1: 0.101.
[2023-12-28 20:29:02] [INFO] --------------------------------------------------
[2023-12-28 20:29:02] [INFO]   |server: 2
[2023-12-28 20:29:02] [INFO]    -client 6
[2023-12-28 20:29:02] [INFO]     |  local epoch  : 0, acc 0.098
[2023-12-28 20:29:02] [INFO]     |  local epoch  : 1, acc 0.098
[2023-12-28 20:29:02] [INFO]    -client 7
[2023-12-28 20:29:02] [INFO]     |  local epoch  : 0, acc 0.098
[2023-12-28 20:29:02] [INFO]     |  local epoch  : 1, acc 0.098
[2023-12-28 20:29:02] [INFO]    -client 8
[2023-12-28 20:29:02] [INFO]     |  local epoch  : 0, acc 0.098
[2023-12-28 20:29:03] [INFO]     |  local epoch  : 1, acc 0.098
[2023-12-28 20:29:03] [INFO] |servers comunicated: 0, server aggregated: 1, acc_server 2: 0.098.
[2023-12-28 20:29:03] [INFO] --------------------------------------------------
[2023-12-28 20:29:03] [INFO]      ********  servers comunicates  ********      
[2023-12-28 20:29:03] [INFO] --------------------------------------------------
[2023-12-28 20:29:03] [INFO] |epoch_server_commu: 1/2
[2023-12-28 20:29:03] [INFO]  |epoch_client_commu: 0/2
[2023-12-28 20:29:03] [INFO]   |server: 0
[2023-12-28 20:29:03] [INFO]    -client 0
[2023-12-28 20:29:03] [INFO]     |  local epoch  : 0, acc 0.089
[2023-12-28 20:29:03] [INFO]     |  local epoch  : 1, acc 0.089
