[2023-12-28 20:30:57] [INFO] device cuda is used.
[2023-12-28 20:30:57] [INFO] cudnn is actived.
[2023-12-28 20:30:57] [INFO] 
           alpha       :  0.5  
             T         :   8   
         algorithm     :   0   
     num_server_commu  :   2   
     num_client_commu  :   2   
     num_client_train  :   5   
     num_public_train  :   5   
        batch_size     :  200  
          dataset      : mnist 
       model_select    :   1   
      num_all_client   :   9   
      num_all_server   :   3   
      num_client_data  : 1200  
      num_public_data  :  50   
        proportion     :  0.8  

[2023-12-28 20:31:04] [INFO] --------------------------------------------------
[2023-12-28 20:31:04] [INFO] |epoch_server_commu: 0/2
[2023-12-28 20:31:04] [INFO]  |epoch_client_commu: 0/2
[2023-12-28 20:31:04] [INFO]   |server: 0
[2023-12-28 20:31:04] [INFO]    -client 0
[2023-12-28 20:31:04] [INFO]     |  local epoch  : 0, acc 0.098
[2023-12-28 20:31:04] [INFO]     |  local epoch  : 1, acc 0.098
[2023-12-28 20:31:04] [INFO]     |  local epoch  : 2, acc 0.098
[2023-12-28 20:31:04] [INFO]     |  local epoch  : 3, acc 0.098
[2023-12-28 20:31:04] [INFO]     |  local epoch  : 4, acc 0.098
[2023-12-28 20:31:04] [INFO]    -client 1
[2023-12-28 20:31:04] [INFO]     |  local epoch  : 0, acc 0.098
[2023-12-28 20:31:04] [INFO]     |  local epoch  : 1, acc 0.098
[2023-12-28 20:31:04] [INFO]     |  local epoch  : 2, acc 0.098
[2023-12-28 20:31:05] [INFO]     |  local epoch  : 3, acc 0.098
[2023-12-28 20:31:05] [INFO]     |  local epoch  : 4, acc 0.098
[2023-12-28 20:31:05] [INFO]    -client 2
[2023-12-28 20:31:05] [INFO]     |  local epoch  : 0, acc 0.098
[2023-12-28 20:31:05] [INFO]     |  local epoch  : 1, acc 0.098
[2023-12-28 20:31:05] [INFO]     |  local epoch  : 2, acc 0.098
[2023-12-28 20:31:05] [INFO]     |  local epoch  : 3, acc 0.098
[2023-12-28 20:31:05] [INFO]     |  local epoch  : 4, acc 0.098
[2023-12-28 20:31:05] [INFO] |servers comunicated: 0, server aggregated: 0, acc_server 0: 0.098.
[2023-12-28 20:31:05] [INFO] --------------------------------------------------
[2023-12-28 20:31:05] [INFO]   |server: 1
[2023-12-28 20:31:05] [INFO]    -client 3
[2023-12-28 20:31:05] [INFO]     |  local epoch  : 0, acc 0.113
[2023-12-28 20:31:05] [INFO]     |  local epoch  : 1, acc 0.113
[2023-12-28 20:31:05] [INFO]     |  local epoch  : 2, acc 0.113
[2023-12-28 20:31:05] [INFO]     |  local epoch  : 3, acc 0.113
[2023-12-28 20:31:05] [INFO]     |  local epoch  : 4, acc 0.113
[2023-12-28 20:31:05] [INFO]    -client 4
[2023-12-28 20:31:05] [INFO]     |  local epoch  : 0, acc 0.113
[2023-12-28 20:31:05] [INFO]     |  local epoch  : 1, acc 0.113
[2023-12-28 20:31:05] [INFO]     |  local epoch  : 2, acc 0.113
[2023-12-28 20:31:05] [INFO]     |  local epoch  : 3, acc 0.113
[2023-12-28 20:31:05] [INFO]     |  local epoch  : 4, acc 0.113
[2023-12-28 20:31:05] [INFO]    -client 5
[2023-12-28 20:31:05] [INFO]     |  local epoch  : 0, acc 0.113
[2023-12-28 20:31:05] [INFO]     |  local epoch  : 1, acc 0.113
[2023-12-28 20:31:06] [INFO]     |  local epoch  : 2, acc 0.113
[2023-12-28 20:31:06] [INFO]     |  local epoch  : 3, acc 0.113
[2023-12-28 20:31:06] [INFO]     |  local epoch  : 4, acc 0.113
[2023-12-28 20:31:06] [INFO] |servers comunicated: 0, server aggregated: 0, acc_server 1: 0.113.
[2023-12-28 20:31:06] [INFO] --------------------------------------------------
[2023-12-28 20:31:06] [INFO]   |server: 2
[2023-12-28 20:31:06] [INFO]    -client 6
[2023-12-28 20:31:06] [INFO]     |  local epoch  : 0, acc 0.101
[2023-12-28 20:31:06] [INFO]     |  local epoch  : 1, acc 0.101
[2023-12-28 20:31:06] [INFO]     |  local epoch  : 2, acc 0.101
[2023-12-28 20:31:06] [INFO]     |  local epoch  : 3, acc 0.101
[2023-12-28 20:31:06] [INFO]     |  local epoch  : 4, acc 0.101
[2023-12-28 20:31:06] [INFO]    -client 7
[2023-12-28 20:31:06] [INFO]     |  local epoch  : 0, acc 0.101
[2023-12-28 20:31:06] [INFO]     |  local epoch  : 1, acc 0.101
[2023-12-28 20:31:06] [INFO]     |  local epoch  : 2, acc 0.101
[2023-12-28 20:31:06] [INFO]     |  local epoch  : 3, acc 0.101
[2023-12-28 20:31:06] [INFO]     |  local epoch  : 4, acc 0.101
[2023-12-28 20:31:06] [INFO]    -client 8
[2023-12-28 20:31:06] [INFO]     |  local epoch  : 0, acc 0.101
[2023-12-28 20:31:06] [INFO]     |  local epoch  : 1, acc 0.101
[2023-12-28 20:31:06] [INFO]     |  local epoch  : 2, acc 0.101
[2023-12-28 20:31:06] [INFO]     |  local epoch  : 3, acc 0.101
[2023-12-28 20:31:06] [INFO]     |  local epoch  : 4, acc 0.101
[2023-12-28 20:31:06] [INFO] |servers comunicated: 0, server aggregated: 0, acc_server 2: 0.101.
[2023-12-28 20:31:06] [INFO] --------------------------------------------------
[2023-12-28 20:31:06] [INFO]  |epoch_client_commu: 1/2
[2023-12-28 20:31:06] [INFO]   |server: 0
[2023-12-28 20:31:06] [INFO]    -client 0
[2023-12-28 20:31:07] [INFO]     |  local epoch  : 0, acc 0.098
[2023-12-28 20:31:07] [INFO]     |  local epoch  : 1, acc 0.098
[2023-12-28 20:31:07] [INFO]     |  local epoch  : 2, acc 0.098
[2023-12-28 20:31:07] [INFO]     |  local epoch  : 3, acc 0.098
[2023-12-28 20:31:07] [INFO]     |  local epoch  : 4, acc 0.098
[2023-12-28 20:31:07] [INFO]    -client 1
[2023-12-28 20:31:07] [INFO]     |  local epoch  : 0, acc 0.098
[2023-12-28 20:31:07] [INFO]     |  local epoch  : 1, acc 0.098
[2023-12-28 20:31:07] [INFO]     |  local epoch  : 2, acc 0.098
[2023-12-28 20:31:07] [INFO]     |  local epoch  : 3, acc 0.098
[2023-12-28 20:31:07] [INFO]     |  local epoch  : 4, acc 0.098
[2023-12-28 20:31:07] [INFO]    -client 2
[2023-12-28 20:31:07] [INFO]     |  local epoch  : 0, acc 0.098
[2023-12-28 20:31:07] [INFO]     |  local epoch  : 1, acc 0.098
[2023-12-28 20:31:07] [INFO]     |  local epoch  : 2, acc 0.098
[2023-12-28 20:31:07] [INFO]     |  local epoch  : 3, acc 0.098
[2023-12-28 20:31:07] [INFO]     |  local epoch  : 4, acc 0.098
[2023-12-28 20:31:07] [INFO] |servers comunicated: 0, server aggregated: 1, acc_server 0: 0.098.
[2023-12-28 20:31:07] [INFO] --------------------------------------------------
[2023-12-28 20:31:07] [INFO]   |server: 1
[2023-12-28 20:31:07] [INFO]    -client 3
[2023-12-28 20:31:07] [INFO]     |  local epoch  : 0, acc 0.113
[2023-12-28 20:31:07] [INFO]     |  local epoch  : 1, acc 0.113
[2023-12-28 20:31:07] [INFO]     |  local epoch  : 2, acc 0.113
[2023-12-28 20:31:07] [INFO]     |  local epoch  : 3, acc 0.113
[2023-12-28 20:31:08] [INFO]     |  local epoch  : 4, acc 0.113
[2023-12-28 20:31:08] [INFO]    -client 4
[2023-12-28 20:31:08] [INFO]     |  local epoch  : 0, acc 0.113
[2023-12-28 20:31:08] [INFO]     |  local epoch  : 1, acc 0.113
[2023-12-28 20:31:08] [INFO]     |  local epoch  : 2, acc 0.113
[2023-12-28 20:31:08] [INFO]     |  local epoch  : 3, acc 0.113
[2023-12-28 20:31:08] [INFO]     |  local epoch  : 4, acc 0.113
[2023-12-28 20:31:08] [INFO]    -client 5
[2023-12-28 20:31:08] [INFO]     |  local epoch  : 0, acc 0.113
[2023-12-28 20:31:08] [INFO]     |  local epoch  : 1, acc 0.113
[2023-12-28 20:31:08] [INFO]     |  local epoch  : 2, acc 0.113
[2023-12-28 20:31:08] [INFO]     |  local epoch  : 3, acc 0.113
[2023-12-28 20:31:08] [INFO]     |  local epoch  : 4, acc 0.113
[2023-12-28 20:31:08] [INFO] |servers comunicated: 0, server aggregated: 1, acc_server 1: 0.113.
[2023-12-28 20:31:08] [INFO] --------------------------------------------------
[2023-12-28 20:31:08] [INFO]   |server: 2
[2023-12-28 20:31:08] [INFO]    -client 6
[2023-12-28 20:31:08] [INFO]     |  local epoch  : 0, acc 0.101
[2023-12-28 20:31:08] [INFO]     |  local epoch  : 1, acc 0.101
[2023-12-28 20:31:08] [INFO]     |  local epoch  : 2, acc 0.101
[2023-12-28 20:31:08] [INFO]     |  local epoch  : 3, acc 0.101
[2023-12-28 20:31:08] [INFO]     |  local epoch  : 4, acc 0.101
[2023-12-28 20:31:08] [INFO]    -client 7
[2023-12-28 20:31:08] [INFO]     |  local epoch  : 0, acc 0.101
[2023-12-28 20:31:08] [INFO]     |  local epoch  : 1, acc 0.101
[2023-12-28 20:31:08] [INFO]     |  local epoch  : 2, acc 0.101
[2023-12-28 20:31:09] [INFO]     |  local epoch  : 3, acc 0.101
[2023-12-28 20:31:09] [INFO]     |  local epoch  : 4, acc 0.101
[2023-12-28 20:31:09] [INFO]    -client 8
[2023-12-28 20:31:09] [INFO]     |  local epoch  : 0, acc 0.101
[2023-12-28 20:31:09] [INFO]     |  local epoch  : 1, acc 0.101
[2023-12-28 20:31:09] [INFO]     |  local epoch  : 2, acc 0.101
[2023-12-28 20:31:09] [INFO]     |  local epoch  : 3, acc 0.101
[2023-12-28 20:31:09] [INFO]     |  local epoch  : 4, acc 0.101
[2023-12-28 20:31:09] [INFO] |servers comunicated: 0, server aggregated: 1, acc_server 2: 0.101.
[2023-12-28 20:31:09] [INFO] --------------------------------------------------
[2023-12-28 20:31:09] [INFO]      ********  servers comunicates  ********      
[2023-12-28 20:31:09] [INFO] --------------------------------------------------
[2023-12-28 20:31:09] [INFO] |epoch_server_commu: 1/2
[2023-12-28 20:31:09] [INFO]  |epoch_client_commu: 0/2
[2023-12-28 20:31:09] [INFO]   |server: 0
[2023-12-28 20:31:09] [INFO]    -client 0
[2023-12-28 20:31:09] [INFO]     |  local epoch  : 0, acc 0.098
[2023-12-28 20:31:09] [INFO]     |  local epoch  : 1, acc 0.098
[2023-12-28 20:31:09] [INFO]     |  local epoch  : 2, acc 0.098
[2023-12-28 20:31:09] [INFO]     |  local epoch  : 3, acc 0.098
[2023-12-28 20:31:09] [INFO]     |  local epoch  : 4, acc 0.101
[2023-12-28 20:31:09] [INFO]     | distill epoch : 0, acc 0.124
[2023-12-28 20:31:09] [INFO]     | distill epoch : 1, acc 0.162
[2023-12-28 20:31:10] [INFO]     | distill epoch : 2, acc 0.193
[2023-12-28 20:31:10] [INFO]     | distill epoch : 3, acc 0.211
[2023-12-28 20:31:10] [INFO]     | distill epoch : 4, acc 0.237
[2023-12-28 20:31:10] [INFO]    -client 1
[2023-12-28 20:31:10] [INFO]     |  local epoch  : 0, acc 0.098
[2023-12-28 20:31:10] [INFO]     |  local epoch  : 1, acc 0.098
[2023-12-28 20:31:10] [INFO]     |  local epoch  : 2, acc 0.098
[2023-12-28 20:31:10] [INFO]     |  local epoch  : 3, acc 0.098
[2023-12-28 20:31:10] [INFO]     |  local epoch  : 4, acc 0.098
[2023-12-28 20:31:10] [INFO]     | distill epoch : 0, acc 0.099
[2023-12-28 20:31:10] [INFO]     | distill epoch : 1, acc 0.109
[2023-12-28 20:31:10] [INFO]     | distill epoch : 2, acc 0.133
[2023-12-28 20:31:10] [INFO]     | distill epoch : 3, acc 0.164
[2023-12-28 20:31:10] [INFO]     | distill epoch : 4, acc 0.188
[2023-12-28 20:31:10] [INFO]    -client 2
[2023-12-28 20:31:10] [INFO]     |  local epoch  : 0, acc 0.098
[2023-12-28 20:31:10] [INFO]     |  local epoch  : 1, acc 0.098
[2023-12-28 20:31:10] [INFO]     |  local epoch  : 2, acc 0.098
[2023-12-28 20:31:10] [INFO]     |  local epoch  : 3, acc 0.098
[2023-12-28 20:31:10] [INFO]     |  local epoch  : 4, acc 0.099
[2023-12-28 20:31:10] [INFO]     | distill epoch : 0, acc 0.112
[2023-12-28 20:31:10] [INFO]     | distill epoch : 1, acc 0.140
[2023-12-28 20:31:10] [INFO]     | distill epoch : 2, acc 0.171
[2023-12-28 20:31:11] [INFO]     | distill epoch : 3, acc 0.210
[2023-12-28 20:31:11] [INFO]     | distill epoch : 4, acc 0.255
[2023-12-28 20:31:11] [INFO] |servers comunicated: 1, server aggregated: 0, acc_server 0: 0.216.
[2023-12-28 20:31:11] [INFO] --------------------------------------------------
[2023-12-28 20:31:11] [INFO]   |server: 1
[2023-12-28 20:31:11] [INFO]    -client 3
[2023-12-28 20:31:11] [INFO]     |  local epoch  : 0, acc 0.113
[2023-12-28 20:31:11] [INFO]     |  local epoch  : 1, acc 0.114
[2023-12-28 20:31:11] [INFO]     |  local epoch  : 2, acc 0.120
[2023-12-28 20:31:11] [INFO]     |  local epoch  : 3, acc 0.158
[2023-12-28 20:31:11] [INFO]     |  local epoch  : 4, acc 0.182
[2023-12-28 20:31:11] [INFO]     | distill epoch : 0, acc 0.196
[2023-12-28 20:31:11] [INFO]     | distill epoch : 1, acc 0.206
[2023-12-28 20:31:11] [INFO]     | distill epoch : 2, acc 0.218
[2023-12-28 20:31:11] [INFO]     | distill epoch : 3, acc 0.229
[2023-12-28 20:31:11] [INFO]     | distill epoch : 4, acc 0.243
[2023-12-28 20:31:11] [INFO]    -client 4
[2023-12-28 20:31:11] [INFO]     |  local epoch  : 0, acc 0.113
[2023-12-28 20:31:11] [INFO]     |  local epoch  : 1, acc 0.114
[2023-12-28 20:31:11] [INFO]     |  local epoch  : 2, acc 0.124
[2023-12-28 20:31:11] [INFO]     |  local epoch  : 3, acc 0.146
[2023-12-28 20:31:11] [INFO]     |  local epoch  : 4, acc 0.175
[2023-12-28 20:31:11] [INFO]     | distill epoch : 0, acc 0.202
[2023-12-28 20:31:11] [INFO]     | distill epoch : 1, acc 0.223
[2023-12-28 20:31:11] [INFO]     | distill epoch : 2, acc 0.237
[2023-12-28 20:31:12] [INFO]     | distill epoch : 3, acc 0.245
[2023-12-28 20:31:12] [INFO]     | distill epoch : 4, acc 0.252
[2023-12-28 20:31:12] [INFO]    -client 5
[2023-12-28 20:31:12] [INFO]     |  local epoch  : 0, acc 0.113
[2023-12-28 20:31:12] [INFO]     |  local epoch  : 1, acc 0.113
[2023-12-28 20:31:12] [INFO]     |  local epoch  : 2, acc 0.113
[2023-12-28 20:31:12] [INFO]     |  local epoch  : 3, acc 0.118
[2023-12-28 20:31:12] [INFO]     |  local epoch  : 4, acc 0.133
[2023-12-28 20:31:12] [INFO]     | distill epoch : 0, acc 0.153
[2023-12-28 20:31:12] [INFO]     | distill epoch : 1, acc 0.178
[2023-12-28 20:31:12] [INFO]     | distill epoch : 2, acc 0.200
[2023-12-28 20:31:12] [INFO]     | distill epoch : 3, acc 0.217
[2023-12-28 20:31:12] [INFO]     | distill epoch : 4, acc 0.218
[2023-12-28 20:31:12] [INFO] |servers comunicated: 1, server aggregated: 0, acc_server 1: 0.259.
[2023-12-28 20:31:12] [INFO] --------------------------------------------------
[2023-12-28 20:31:12] [INFO]   |server: 2
[2023-12-28 20:31:12] [INFO]    -client 6
[2023-12-28 20:31:12] [INFO]     |  local epoch  : 0, acc 0.101
[2023-12-28 20:31:12] [INFO]     |  local epoch  : 1, acc 0.101
[2023-12-28 20:31:12] [INFO]     |  local epoch  : 2, acc 0.101
[2023-12-28 20:31:12] [INFO]     |  local epoch  : 3, acc 0.101
[2023-12-28 20:31:12] [INFO]     |  local epoch  : 4, acc 0.101
[2023-12-28 20:31:12] [INFO]     | distill epoch : 0, acc 0.101
[2023-12-28 20:31:12] [INFO]     | distill epoch : 1, acc 0.101
[2023-12-28 20:31:12] [INFO]     | distill epoch : 2, acc 0.101
[2023-12-28 20:31:13] [INFO]     | distill epoch : 3, acc 0.101
[2023-12-28 20:31:13] [INFO]     | distill epoch : 4, acc 0.101
[2023-12-28 20:31:13] [INFO]    -client 7
[2023-12-28 20:31:13] [INFO]     |  local epoch  : 0, acc 0.101
[2023-12-28 20:31:13] [INFO]     |  local epoch  : 1, acc 0.101
[2023-12-28 20:31:13] [INFO]     |  local epoch  : 2, acc 0.101
[2023-12-28 20:31:13] [INFO]     |  local epoch  : 3, acc 0.101
[2023-12-28 20:31:13] [INFO]     |  local epoch  : 4, acc 0.101
[2023-12-28 20:31:13] [INFO]     | distill epoch : 0, acc 0.101
[2023-12-28 20:31:13] [INFO]     | distill epoch : 1, acc 0.101
[2023-12-28 20:31:13] [INFO]     | distill epoch : 2, acc 0.101
[2023-12-28 20:31:13] [INFO]     | distill epoch : 3, acc 0.101
[2023-12-28 20:31:13] [INFO]     | distill epoch : 4, acc 0.101
[2023-12-28 20:31:13] [INFO]    -client 8
[2023-12-28 20:31:13] [INFO]     |  local epoch  : 0, acc 0.101
[2023-12-28 20:31:13] [INFO]     |  local epoch  : 1, acc 0.101
[2023-12-28 20:31:13] [INFO]     |  local epoch  : 2, acc 0.101
[2023-12-28 20:31:13] [INFO]     |  local epoch  : 3, acc 0.101
[2023-12-28 20:31:13] [INFO]     |  local epoch  : 4, acc 0.101
[2023-12-28 20:31:13] [INFO]     | distill epoch : 0, acc 0.101
[2023-12-28 20:31:13] [INFO]     | distill epoch : 1, acc 0.101
[2023-12-28 20:31:13] [INFO]     | distill epoch : 2, acc 0.101
[2023-12-28 20:31:13] [INFO]     | distill epoch : 3, acc 0.101
[2023-12-28 20:31:14] [INFO]     | distill epoch : 4, acc 0.101
[2023-12-28 20:31:14] [INFO] |servers comunicated: 1, server aggregated: 0, acc_server 2: 0.101.
[2023-12-28 20:31:14] [INFO] --------------------------------------------------
[2023-12-28 20:31:14] [INFO]  |epoch_client_commu: 1/2
[2023-12-28 20:31:14] [INFO]   |server: 0
[2023-12-28 20:31:14] [INFO]    -client 0
[2023-12-28 20:31:14] [INFO]     |  local epoch  : 0, acc 0.099
[2023-12-28 20:31:14] [INFO]     |  local epoch  : 1, acc 0.184
[2023-12-28 20:31:14] [INFO]     |  local epoch  : 2, acc 0.181
[2023-12-28 20:31:14] [INFO]     |  local epoch  : 3, acc 0.209
[2023-12-28 20:31:14] [INFO]     |  local epoch  : 4, acc 0.248
[2023-12-28 20:31:14] [INFO]     | distill epoch : 0, acc 0.298
[2023-12-28 20:31:14] [INFO]     | distill epoch : 1, acc 0.388
[2023-12-28 20:31:14] [INFO]     | distill epoch : 2, acc 0.443
[2023-12-28 20:31:14] [INFO]     | distill epoch : 3, acc 0.470
[2023-12-28 20:31:14] [INFO]     | distill epoch : 4, acc 0.444
[2023-12-28 20:31:14] [INFO]    -client 1
[2023-12-28 20:31:14] [INFO]     |  local epoch  : 0, acc 0.099
[2023-12-28 20:31:14] [INFO]     |  local epoch  : 1, acc 0.119
[2023-12-28 20:31:14] [INFO]     |  local epoch  : 2, acc 0.175
[2023-12-28 20:31:14] [INFO]     |  local epoch  : 3, acc 0.204
[2023-12-28 20:31:14] [INFO]     |  local epoch  : 4, acc 0.256
[2023-12-28 20:31:14] [INFO]     | distill epoch : 0, acc 0.303
[2023-12-28 20:31:14] [INFO]     | distill epoch : 1, acc 0.379
[2023-12-28 20:31:14] [INFO]     | distill epoch : 2, acc 0.432
[2023-12-28 20:31:14] [INFO]     | distill epoch : 3, acc 0.451
[2023-12-28 20:31:15] [INFO]     | distill epoch : 4, acc 0.458
[2023-12-28 20:31:15] [INFO]    -client 2
[2023-12-28 20:31:15] [INFO]     |  local epoch  : 0, acc 0.099
[2023-12-28 20:31:15] [INFO]     |  local epoch  : 1, acc 0.142
[2023-12-28 20:31:15] [INFO]     |  local epoch  : 2, acc 0.181
[2023-12-28 20:31:15] [INFO]     |  local epoch  : 3, acc 0.191
[2023-12-28 20:31:15] [INFO]     |  local epoch  : 4, acc 0.311
[2023-12-28 20:31:15] [INFO]     | distill epoch : 0, acc 0.405
[2023-12-28 20:31:15] [INFO]     | distill epoch : 1, acc 0.451
[2023-12-28 20:31:15] [INFO]     | distill epoch : 2, acc 0.465
[2023-12-28 20:31:15] [INFO]     | distill epoch : 3, acc 0.458
[2023-12-28 20:31:15] [INFO]     | distill epoch : 4, acc 0.448
[2023-12-28 20:31:15] [INFO] |servers comunicated: 1, server aggregated: 1, acc_server 0: 0.459.
[2023-12-28 20:31:15] [INFO] --------------------------------------------------
[2023-12-28 20:31:15] [INFO]   |server: 1
[2023-12-28 20:31:15] [INFO]    -client 3
[2023-12-28 20:31:15] [INFO]     |  local epoch  : 0, acc 0.175
[2023-12-28 20:31:15] [INFO]     |  local epoch  : 1, acc 0.208
[2023-12-28 20:31:15] [INFO]     |  local epoch  : 2, acc 0.218
[2023-12-28 20:31:15] [INFO]     |  local epoch  : 3, acc 0.246
[2023-12-28 20:31:15] [INFO]     |  local epoch  : 4, acc 0.301
[2023-12-28 20:31:15] [INFO]     | distill epoch : 0, acc 0.329
[2023-12-28 20:31:15] [INFO]     | distill epoch : 1, acc 0.350
[2023-12-28 20:31:15] [INFO]     | distill epoch : 2, acc 0.368
[2023-12-28 20:31:15] [INFO]     | distill epoch : 3, acc 0.381
[2023-12-28 20:31:16] [INFO]     | distill epoch : 4, acc 0.385
[2023-12-28 20:31:16] [INFO]    -client 4
[2023-12-28 20:31:16] [INFO]     |  local epoch  : 0, acc 0.179
[2023-12-28 20:31:16] [INFO]     |  local epoch  : 1, acc 0.217
[2023-12-28 20:31:16] [INFO]     |  local epoch  : 2, acc 0.237
[2023-12-28 20:31:16] [INFO]     |  local epoch  : 3, acc 0.292
[2023-12-28 20:31:16] [INFO]     |  local epoch  : 4, acc 0.327
[2023-12-28 20:31:16] [INFO]     | distill epoch : 0, acc 0.349
[2023-12-28 20:31:16] [INFO]     | distill epoch : 1, acc 0.364
[2023-12-28 20:31:16] [INFO]     | distill epoch : 2, acc 0.372
[2023-12-28 20:31:16] [INFO]     | distill epoch : 3, acc 0.368
[2023-12-28 20:31:16] [INFO]     | distill epoch : 4, acc 0.376
[2023-12-28 20:31:16] [INFO]    -client 5
[2023-12-28 20:31:16] [INFO]     |  local epoch  : 0, acc 0.183
[2023-12-28 20:31:16] [INFO]     |  local epoch  : 1, acc 0.216
[2023-12-28 20:31:16] [INFO]     |  local epoch  : 2, acc 0.229
[2023-12-28 20:31:16] [INFO]     |  local epoch  : 3, acc 0.250
[2023-12-28 20:31:16] [INFO]     |  local epoch  : 4, acc 0.301
[2023-12-28 20:31:16] [INFO]     | distill epoch : 0, acc 0.293
[2023-12-28 20:31:16] [INFO]     | distill epoch : 1, acc 0.291
[2023-12-28 20:31:16] [INFO]     | distill epoch : 2, acc 0.292
[2023-12-28 20:31:16] [INFO]     | distill epoch : 3, acc 0.302
[2023-12-28 20:31:16] [INFO]     | distill epoch : 4, acc 0.310
[2023-12-28 20:31:17] [INFO] |servers comunicated: 1, server aggregated: 1, acc_server 1: 0.372.
[2023-12-28 20:31:17] [INFO] --------------------------------------------------
[2023-12-28 20:31:17] [INFO]   |server: 2
[2023-12-28 20:31:17] [INFO]    -client 6
[2023-12-28 20:31:17] [INFO]     |  local epoch  : 0, acc 0.101
[2023-12-28 20:31:17] [INFO]     |  local epoch  : 1, acc 0.101
[2023-12-28 20:31:17] [INFO]     |  local epoch  : 2, acc 0.101
[2023-12-28 20:31:17] [INFO]     |  local epoch  : 3, acc 0.101
[2023-12-28 20:31:17] [INFO]     |  local epoch  : 4, acc 0.107
[2023-12-28 20:31:17] [INFO]     | distill epoch : 0, acc 0.117
[2023-12-28 20:31:17] [INFO]     | distill epoch : 1, acc 0.135
[2023-12-28 20:31:17] [INFO]     | distill epoch : 2, acc 0.162
[2023-12-28 20:31:17] [INFO]     | distill epoch : 3, acc 0.187
[2023-12-28 20:31:17] [INFO]     | distill epoch : 4, acc 0.214
[2023-12-28 20:31:17] [INFO]    -client 7
[2023-12-28 20:31:17] [INFO]     |  local epoch  : 0, acc 0.101
[2023-12-28 20:31:17] [INFO]     |  local epoch  : 1, acc 0.101
[2023-12-28 20:31:17] [INFO]     |  local epoch  : 2, acc 0.101
[2023-12-28 20:31:17] [INFO]     |  local epoch  : 3, acc 0.101
[2023-12-28 20:31:17] [INFO]     |  local epoch  : 4, acc 0.102
[2023-12-28 20:31:17] [INFO]     | distill epoch : 0, acc 0.103
[2023-12-28 20:31:17] [INFO]     | distill epoch : 1, acc 0.108
[2023-12-28 20:31:17] [INFO]     | distill epoch : 2, acc 0.123
[2023-12-28 20:31:17] [INFO]     | distill epoch : 3, acc 0.154
[2023-12-28 20:31:17] [INFO]     | distill epoch : 4, acc 0.190
[2023-12-28 20:31:17] [INFO]    -client 8
[2023-12-28 20:31:18] [INFO]     |  local epoch  : 0, acc 0.101
[2023-12-28 20:31:18] [INFO]     |  local epoch  : 1, acc 0.101
[2023-12-28 20:31:18] [INFO]     |  local epoch  : 2, acc 0.101
[2023-12-28 20:31:18] [INFO]     |  local epoch  : 3, acc 0.101
[2023-12-28 20:31:18] [INFO]     |  local epoch  : 4, acc 0.106
[2023-12-28 20:31:18] [INFO]     | distill epoch : 0, acc 0.124
[2023-12-28 20:31:18] [INFO]     | distill epoch : 1, acc 0.155
[2023-12-28 20:31:18] [INFO]     | distill epoch : 2, acc 0.197
[2023-12-28 20:31:18] [INFO]     | distill epoch : 3, acc 0.234
[2023-12-28 20:31:18] [INFO]     | distill epoch : 4, acc 0.264
[2023-12-28 20:31:18] [INFO] |servers comunicated: 1, server aggregated: 1, acc_server 2: 0.207.
[2023-12-28 20:31:18] [INFO] --------------------------------------------------
[2023-12-28 20:31:18] [INFO]      ********  servers comunicates  ********      
[2023-12-28 20:31:18] [INFO] ./data/saved-data/mnist_algo_0/alpha_0.5_T_8/server_commu_2_client_commu_2_client_train_5_batch_size_200_num_all_client_9_num_all_server_3_num_client_data_1200_num_public_data_50_proportion_0.8.pt
