[2023-12-31 23:15:06] [INFO] device cuda is used.
[2023-12-31 23:15:06] [INFO] cudnn is actived.
[2023-12-31 23:15:06] [INFO] 
           alpha       :  0.5  
             T         :   8   
         algorithm     :   0   
     num_server_commu  :  50   
     num_client_commu  :  10   
     num_client_train  :   5   
     num_public_train  :   5   
        batch_size     :  32   
          dataset      : mnist 
       model_select    :   1   
      num_all_client   :   9   
      num_all_server   :   3   
      num_client_data  : 1200  
      num_public_data  :  50   
        proportion     :  0.8  

[2023-12-31 23:15:14] [INFO] --------------------------------------------------
[2023-12-31 23:15:14] [INFO] |epoch_server_commu: 0/50
[2023-12-31 23:15:14] [INFO]  |epoch_client_commu: 0/10
[2023-12-31 23:15:14] [INFO]   |server: 0
[2023-12-31 23:15:14] [INFO]    -client 0
[2023-12-31 23:15:14] [INFO]     |  local epoch  : 0, acc 0.114
[2023-12-31 23:15:15] [INFO]     |  local epoch  : 1, acc 0.098
[2023-12-31 23:15:15] [INFO]     |  local epoch  : 2, acc 0.098
[2023-12-31 23:15:16] [INFO]     |  local epoch  : 3, acc 0.098
[2023-12-31 23:15:16] [INFO]     |  local epoch  : 4, acc 0.098
[2023-12-31 23:15:16] [INFO]    -client 1
[2023-12-31 23:15:16] [INFO]     |  local epoch  : 0, acc 0.114
[2023-12-31 23:15:17] [INFO]     |  local epoch  : 1, acc 0.098
[2023-12-31 23:15:17] [INFO]     |  local epoch  : 2, acc 0.098
[2023-12-31 23:15:18] [INFO]     |  local epoch  : 3, acc 0.098
[2023-12-31 23:15:18] [INFO]     |  local epoch  : 4, acc 0.098
[2023-12-31 23:15:18] [INFO]    -client 2
[2023-12-31 23:15:19] [INFO]     |  local epoch  : 0, acc 0.114
[2023-12-31 23:15:19] [INFO]     |  local epoch  : 1, acc 0.098
[2023-12-31 23:15:19] [INFO]     |  local epoch  : 2, acc 0.098
[2023-12-31 23:15:20] [INFO]     |  local epoch  : 3, acc 0.098
[2023-12-31 23:15:20] [INFO]     |  local epoch  : 4, acc 0.098
[2023-12-31 23:15:20] [INFO] |servers comunicated: 0, server aggregated: 0, acc_server 0: 0.098.
[2023-12-31 23:15:20] [INFO] --------------------------------------------------
[2023-12-31 23:15:20] [INFO]   |server: 1
[2023-12-31 23:15:20] [INFO]    -client 3
[2023-12-31 23:15:21] [INFO]     |  local epoch  : 0, acc 0.101
[2023-12-31 23:15:21] [INFO]     |  local epoch  : 1, acc 0.101
[2023-12-31 23:15:22] [INFO]     |  local epoch  : 2, acc 0.101
[2023-12-31 23:15:22] [INFO]     |  local epoch  : 3, acc 0.101
[2023-12-31 23:15:23] [INFO]     |  local epoch  : 4, acc 0.101
[2023-12-31 23:15:23] [INFO]    -client 4
[2023-12-31 23:15:23] [INFO]     |  local epoch  : 0, acc 0.101
[2023-12-31 23:15:23] [INFO]     |  local epoch  : 1, acc 0.101
[2023-12-31 23:15:24] [INFO]     |  local epoch  : 2, acc 0.101
[2023-12-31 23:15:24] [INFO]     |  local epoch  : 3, acc 0.101
[2023-12-31 23:15:25] [INFO]     |  local epoch  : 4, acc 0.101
[2023-12-31 23:15:25] [INFO]    -client 5
[2023-12-31 23:15:25] [INFO]     |  local epoch  : 0, acc 0.101
[2023-12-31 23:15:26] [INFO]     |  local epoch  : 1, acc 0.101
[2023-12-31 23:15:26] [INFO]     |  local epoch  : 2, acc 0.101
[2023-12-31 23:15:26] [INFO]     |  local epoch  : 3, acc 0.101
[2023-12-31 23:15:27] [INFO]     |  local epoch  : 4, acc 0.101
[2023-12-31 23:15:27] [INFO] |servers comunicated: 0, server aggregated: 0, acc_server 1: 0.101.
[2023-12-31 23:15:27] [INFO] --------------------------------------------------
[2023-12-31 23:15:27] [INFO]   |server: 2
[2023-12-31 23:15:27] [INFO]    -client 6
[2023-12-31 23:15:27] [INFO]     |  local epoch  : 0, acc 0.114
[2023-12-31 23:15:28] [INFO]     |  local epoch  : 1, acc 0.157
[2023-12-31 23:15:28] [INFO]     |  local epoch  : 2, acc 0.097
[2023-12-31 23:15:29] [INFO]     |  local epoch  : 3, acc 0.097
[2023-12-31 23:15:29] [INFO]     |  local epoch  : 4, acc 0.097
[2023-12-31 23:15:29] [INFO]    -client 7
[2023-12-31 23:15:29] [INFO]     |  local epoch  : 0, acc 0.114
[2023-12-31 23:15:30] [INFO]     |  local epoch  : 1, acc 0.120
[2023-12-31 23:15:30] [INFO]     |  local epoch  : 2, acc 0.097
[2023-12-31 23:15:31] [INFO]     |  local epoch  : 3, acc 0.097
[2023-12-31 23:15:31] [INFO]     |  local epoch  : 4, acc 0.097
[2023-12-31 23:15:31] [INFO]    -client 8
[2023-12-31 23:15:32] [INFO]     |  local epoch  : 0, acc 0.114
[2023-12-31 23:15:32] [INFO]     |  local epoch  : 1, acc 0.159
[2023-12-31 23:15:32] [INFO]     |  local epoch  : 2, acc 0.097
[2023-12-31 23:15:33] [INFO]     |  local epoch  : 3, acc 0.097
[2023-12-31 23:15:33] [INFO]     |  local epoch  : 4, acc 0.097
[2023-12-31 23:15:33] [INFO] |servers comunicated: 0, server aggregated: 0, acc_server 2: 0.097.
[2023-12-31 23:15:33] [INFO] --------------------------------------------------
[2023-12-31 23:15:33] [INFO]  |epoch_client_commu: 1/10
[2023-12-31 23:15:33] [INFO]   |server: 0
[2023-12-31 23:15:33] [INFO]    -client 0
[2023-12-31 23:15:34] [INFO]     |  local epoch  : 0, acc 0.098
[2023-12-31 23:15:34] [INFO]     |  local epoch  : 1, acc 0.098
[2023-12-31 23:15:35] [INFO]     |  local epoch  : 2, acc 0.098
[2023-12-31 23:15:35] [INFO]     |  local epoch  : 3, acc 0.098
[2023-12-31 23:15:36] [INFO]     |  local epoch  : 4, acc 0.098
[2023-12-31 23:15:36] [INFO]    -client 1
[2023-12-31 23:15:36] [INFO]     |  local epoch  : 0, acc 0.098
[2023-12-31 23:15:37] [INFO]     |  local epoch  : 1, acc 0.098
[2023-12-31 23:15:37] [INFO]     |  local epoch  : 2, acc 0.098
[2023-12-31 23:15:37] [INFO]     |  local epoch  : 3, acc 0.098
[2023-12-31 23:15:38] [INFO]     |  local epoch  : 4, acc 0.098
[2023-12-31 23:15:38] [INFO]    -client 2
[2023-12-31 23:15:38] [INFO]     |  local epoch  : 0, acc 0.098
[2023-12-31 23:15:39] [INFO]     |  local epoch  : 1, acc 0.098
[2023-12-31 23:15:39] [INFO]     |  local epoch  : 2, acc 0.098
[2023-12-31 23:15:40] [INFO]     |  local epoch  : 3, acc 0.098
[2023-12-31 23:15:40] [INFO]     |  local epoch  : 4, acc 0.098
[2023-12-31 23:15:40] [INFO] |servers comunicated: 0, server aggregated: 1, acc_server 0: 0.098.
[2023-12-31 23:15:40] [INFO] --------------------------------------------------
[2023-12-31 23:15:40] [INFO]   |server: 1
[2023-12-31 23:15:40] [INFO]    -client 3
[2023-12-31 23:15:41] [INFO]     |  local epoch  : 0, acc 0.101
[2023-12-31 23:15:41] [INFO]     |  local epoch  : 1, acc 0.101
[2023-12-31 23:15:41] [INFO]     |  local epoch  : 2, acc 0.101
[2023-12-31 23:15:42] [INFO]     |  local epoch  : 3, acc 0.101
[2023-12-31 23:15:42] [INFO]     |  local epoch  : 4, acc 0.101
[2023-12-31 23:15:42] [INFO]    -client 4
[2023-12-31 23:15:43] [INFO]     |  local epoch  : 0, acc 0.101
[2023-12-31 23:15:43] [INFO]     |  local epoch  : 1, acc 0.101
[2023-12-31 23:15:44] [INFO]     |  local epoch  : 2, acc 0.101
[2023-12-31 23:15:44] [INFO]     |  local epoch  : 3, acc 0.101
[2023-12-31 23:15:44] [INFO]     |  local epoch  : 4, acc 0.101
[2023-12-31 23:15:44] [INFO]    -client 5
[2023-12-31 23:15:45] [INFO]     |  local epoch  : 0, acc 0.101
[2023-12-31 23:15:45] [INFO]     |  local epoch  : 1, acc 0.101
[2023-12-31 23:15:46] [INFO]     |  local epoch  : 2, acc 0.101
[2023-12-31 23:15:46] [INFO]     |  local epoch  : 3, acc 0.101
[2023-12-31 23:15:46] [INFO]     |  local epoch  : 4, acc 0.101
[2023-12-31 23:15:47] [INFO] |servers comunicated: 0, server aggregated: 1, acc_server 1: 0.101.
[2023-12-31 23:15:47] [INFO] --------------------------------------------------
[2023-12-31 23:15:47] [INFO]   |server: 2
[2023-12-31 23:15:47] [INFO]    -client 6
[2023-12-31 23:15:47] [INFO]     |  local epoch  : 0, acc 0.097
[2023-12-31 23:15:48] [INFO]     |  local epoch  : 1, acc 0.097
[2023-12-31 23:15:48] [INFO]     |  local epoch  : 2, acc 0.097
[2023-12-31 23:15:48] [INFO]     |  local epoch  : 3, acc 0.097
[2023-12-31 23:15:49] [INFO]     |  local epoch  : 4, acc 0.097
[2023-12-31 23:15:49] [INFO]    -client 7
[2023-12-31 23:15:49] [INFO]     |  local epoch  : 0, acc 0.097
[2023-12-31 23:15:50] [INFO]     |  local epoch  : 1, acc 0.097
[2023-12-31 23:15:50] [INFO]     |  local epoch  : 2, acc 0.097
[2023-12-31 23:15:51] [INFO]     |  local epoch  : 3, acc 0.097
[2023-12-31 23:15:51] [INFO]     |  local epoch  : 4, acc 0.097
[2023-12-31 23:15:51] [INFO]    -client 8
[2023-12-31 23:15:51] [INFO]     |  local epoch  : 0, acc 0.097
[2023-12-31 23:15:52] [INFO]     |  local epoch  : 1, acc 0.097
[2023-12-31 23:15:52] [INFO]     |  local epoch  : 2, acc 0.097
[2023-12-31 23:15:53] [INFO]     |  local epoch  : 3, acc 0.097
[2023-12-31 23:15:53] [INFO]     |  local epoch  : 4, acc 0.097
[2023-12-31 23:15:53] [INFO] |servers comunicated: 0, server aggregated: 1, acc_server 2: 0.097.
[2023-12-31 23:15:53] [INFO] --------------------------------------------------
[2023-12-31 23:15:53] [INFO]  |epoch_client_commu: 2/10
[2023-12-31 23:15:53] [INFO]   |server: 0
[2023-12-31 23:15:53] [INFO]    -client 0
[2023-12-31 23:15:54] [INFO]     |  local epoch  : 0, acc 0.098
[2023-12-31 23:15:54] [INFO]     |  local epoch  : 1, acc 0.098
[2023-12-31 23:15:55] [INFO]     |  local epoch  : 2, acc 0.098
[2023-12-31 23:15:55] [INFO]     |  local epoch  : 3, acc 0.098
[2023-12-31 23:15:55] [INFO]     |  local epoch  : 4, acc 0.098
[2023-12-31 23:15:55] [INFO]    -client 1
[2023-12-31 23:15:56] [INFO]     |  local epoch  : 0, acc 0.098
[2023-12-31 23:15:56] [INFO]     |  local epoch  : 1, acc 0.098
[2023-12-31 23:15:57] [INFO]     |  local epoch  : 2, acc 0.098
[2023-12-31 23:15:57] [INFO]     |  local epoch  : 3, acc 0.098
[2023-12-31 23:15:58] [INFO]     |  local epoch  : 4, acc 0.098
[2023-12-31 23:15:58] [INFO]    -client 2
[2023-12-31 23:15:58] [INFO]     |  local epoch  : 0, acc 0.098
[2023-12-31 23:15:58] [INFO]     |  local epoch  : 1, acc 0.098
[2023-12-31 23:15:59] [INFO]     |  local epoch  : 2, acc 0.098
[2023-12-31 23:15:59] [INFO]     |  local epoch  : 3, acc 0.098
[2023-12-31 23:16:00] [INFO]     |  local epoch  : 4, acc 0.098
[2023-12-31 23:16:00] [INFO] |servers comunicated: 0, server aggregated: 2, acc_server 0: 0.098.
[2023-12-31 23:16:00] [INFO] --------------------------------------------------
[2023-12-31 23:16:00] [INFO]   |server: 1
[2023-12-31 23:16:00] [INFO]    -client 3
[2023-12-31 23:16:00] [INFO]     |  local epoch  : 0, acc 0.101
[2023-12-31 23:16:01] [INFO]     |  local epoch  : 1, acc 0.101
[2023-12-31 23:16:01] [INFO]     |  local epoch  : 2, acc 0.101
[2023-12-31 23:16:02] [INFO]     |  local epoch  : 3, acc 0.101
[2023-12-31 23:16:02] [INFO]     |  local epoch  : 4, acc 0.101
[2023-12-31 23:16:02] [INFO]    -client 4
[2023-12-31 23:16:03] [INFO]     |  local epoch  : 0, acc 0.101
[2023-12-31 23:16:03] [INFO]     |  local epoch  : 1, acc 0.101
[2023-12-31 23:16:03] [INFO]     |  local epoch  : 2, acc 0.101
[2023-12-31 23:16:04] [INFO]     |  local epoch  : 3, acc 0.101
[2023-12-31 23:16:04] [INFO]     |  local epoch  : 4, acc 0.101
[2023-12-31 23:16:04] [INFO]    -client 5
[2023-12-31 23:16:05] [INFO]     |  local epoch  : 0, acc 0.101
[2023-12-31 23:16:05] [INFO]     |  local epoch  : 1, acc 0.101
[2023-12-31 23:16:06] [INFO]     |  local epoch  : 2, acc 0.101
[2023-12-31 23:16:06] [INFO]     |  local epoch  : 3, acc 0.101
[2023-12-31 23:16:06] [INFO]     |  local epoch  : 4, acc 0.101
[2023-12-31 23:16:07] [INFO] |servers comunicated: 0, server aggregated: 2, acc_server 1: 0.101.
[2023-12-31 23:16:07] [INFO] --------------------------------------------------
[2023-12-31 23:16:07] [INFO]   |server: 2
[2023-12-31 23:16:07] [INFO]    -client 6
[2023-12-31 23:16:07] [INFO]     |  local epoch  : 0, acc 0.097
[2023-12-31 23:16:07] [INFO]     |  local epoch  : 1, acc 0.097
[2023-12-31 23:16:08] [INFO]     |  local epoch  : 2, acc 0.097
[2023-12-31 23:16:08] [INFO]     |  local epoch  : 3, acc 0.097
[2023-12-31 23:16:09] [INFO]     |  local epoch  : 4, acc 0.097
[2023-12-31 23:16:09] [INFO]    -client 7
[2023-12-31 23:16:09] [INFO]     |  local epoch  : 0, acc 0.097
[2023-12-31 23:16:10] [INFO]     |  local epoch  : 1, acc 0.097
[2023-12-31 23:16:10] [INFO]     |  local epoch  : 2, acc 0.097
[2023-12-31 23:16:10] [INFO]     |  local epoch  : 3, acc 0.097
[2023-12-31 23:16:11] [INFO]     |  local epoch  : 4, acc 0.097
[2023-12-31 23:16:11] [INFO]    -client 8
[2023-12-31 23:16:11] [INFO]     |  local epoch  : 0, acc 0.097
[2023-12-31 23:16:12] [INFO]     |  local epoch  : 1, acc 0.097
[2023-12-31 23:16:12] [INFO]     |  local epoch  : 2, acc 0.097
[2023-12-31 23:16:12] [INFO]     |  local epoch  : 3, acc 0.097
[2023-12-31 23:16:13] [INFO]     |  local epoch  : 4, acc 0.097
[2023-12-31 23:16:13] [INFO] |servers comunicated: 0, server aggregated: 2, acc_server 2: 0.097.
[2023-12-31 23:16:13] [INFO] --------------------------------------------------
[2023-12-31 23:16:13] [INFO]  |epoch_client_commu: 3/10
[2023-12-31 23:16:13] [INFO]   |server: 0
[2023-12-31 23:16:13] [INFO]    -client 0
[2023-12-31 23:16:14] [INFO]     |  local epoch  : 0, acc 0.098
[2023-12-31 23:16:14] [INFO]     |  local epoch  : 1, acc 0.098
[2023-12-31 23:16:14] [INFO]     |  local epoch  : 2, acc 0.098
[2023-12-31 23:16:15] [INFO]     |  local epoch  : 3, acc 0.098
[2023-12-31 23:16:15] [INFO]     |  local epoch  : 4, acc 0.098
[2023-12-31 23:16:15] [INFO]    -client 1
[2023-12-31 23:16:16] [INFO]     |  local epoch  : 0, acc 0.098
[2023-12-31 23:16:16] [INFO]     |  local epoch  : 1, acc 0.098
[2023-12-31 23:16:17] [INFO]     |  local epoch  : 2, acc 0.098
[2023-12-31 23:16:17] [INFO]     |  local epoch  : 3, acc 0.098
[2023-12-31 23:16:17] [INFO]     |  local epoch  : 4, acc 0.098
[2023-12-31 23:16:17] [INFO]    -client 2
[2023-12-31 23:16:18] [INFO]     |  local epoch  : 0, acc 0.098
[2023-12-31 23:16:18] [INFO]     |  local epoch  : 1, acc 0.098
[2023-12-31 23:16:19] [INFO]     |  local epoch  : 2, acc 0.098
[2023-12-31 23:16:19] [INFO]     |  local epoch  : 3, acc 0.098
[2023-12-31 23:16:20] [INFO]     |  local epoch  : 4, acc 0.098
[2023-12-31 23:16:20] [INFO] |servers comunicated: 0, server aggregated: 3, acc_server 0: 0.098.
[2023-12-31 23:16:20] [INFO] --------------------------------------------------
[2023-12-31 23:16:20] [INFO]   |server: 1
[2023-12-31 23:16:20] [INFO]    -client 3
[2023-12-31 23:16:20] [INFO]     |  local epoch  : 0, acc 0.101
[2023-12-31 23:16:21] [INFO]     |  local epoch  : 1, acc 0.101
[2023-12-31 23:16:21] [INFO]     |  local epoch  : 2, acc 0.101
[2023-12-31 23:16:21] [INFO]     |  local epoch  : 3, acc 0.101
[2023-12-31 23:16:22] [INFO]     |  local epoch  : 4, acc 0.101
[2023-12-31 23:16:22] [INFO]    -client 4
[2023-12-31 23:16:22] [INFO]     |  local epoch  : 0, acc 0.101
[2023-12-31 23:16:23] [INFO]     |  local epoch  : 1, acc 0.101
[2023-12-31 23:16:23] [INFO]     |  local epoch  : 2, acc 0.101
[2023-12-31 23:16:24] [INFO]     |  local epoch  : 3, acc 0.101
[2023-12-31 23:16:24] [INFO]     |  local epoch  : 4, acc 0.101
[2023-12-31 23:16:24] [INFO]    -client 5
[2023-12-31 23:16:25] [INFO]     |  local epoch  : 0, acc 0.101
[2023-12-31 23:16:25] [INFO]     |  local epoch  : 1, acc 0.101
[2023-12-31 23:16:25] [INFO]     |  local epoch  : 2, acc 0.101
[2023-12-31 23:16:26] [INFO]     |  local epoch  : 3, acc 0.101
[2023-12-31 23:16:26] [INFO]     |  local epoch  : 4, acc 0.101
[2023-12-31 23:16:26] [INFO] |servers comunicated: 0, server aggregated: 3, acc_server 1: 0.101.
[2023-12-31 23:16:26] [INFO] --------------------------------------------------
[2023-12-31 23:16:26] [INFO]   |server: 2
[2023-12-31 23:16:27] [INFO]    -client 6
[2023-12-31 23:16:27] [INFO]     |  local epoch  : 0, acc 0.097
[2023-12-31 23:16:27] [INFO]     |  local epoch  : 1, acc 0.097
[2023-12-31 23:16:28] [INFO]     |  local epoch  : 2, acc 0.097
[2023-12-31 23:16:28] [INFO]     |  local epoch  : 3, acc 0.097
[2023-12-31 23:16:29] [INFO]     |  local epoch  : 4, acc 0.097
[2023-12-31 23:16:29] [INFO]    -client 7
[2023-12-31 23:16:29] [INFO]     |  local epoch  : 0, acc 0.097
[2023-12-31 23:16:29] [INFO]     |  local epoch  : 1, acc 0.097
[2023-12-31 23:16:30] [INFO]     |  local epoch  : 2, acc 0.097
[2023-12-31 23:16:30] [INFO]     |  local epoch  : 3, acc 0.097
[2023-12-31 23:16:31] [INFO]     |  local epoch  : 4, acc 0.097
[2023-12-31 23:16:31] [INFO]    -client 8
[2023-12-31 23:16:31] [INFO]     |  local epoch  : 0, acc 0.097
[2023-12-31 23:16:31] [INFO]     |  local epoch  : 1, acc 0.097
[2023-12-31 23:16:32] [INFO]     |  local epoch  : 2, acc 0.097
[2023-12-31 23:16:32] [INFO]     |  local epoch  : 3, acc 0.097
[2023-12-31 23:16:33] [INFO]     |  local epoch  : 4, acc 0.097
[2023-12-31 23:16:33] [INFO] |servers comunicated: 0, server aggregated: 3, acc_server 2: 0.097.
[2023-12-31 23:16:33] [INFO] --------------------------------------------------
[2023-12-31 23:16:33] [INFO]  |epoch_client_commu: 4/10
[2023-12-31 23:16:33] [INFO]   |server: 0
[2023-12-31 23:16:33] [INFO]    -client 0
[2023-12-31 23:16:33] [INFO]     |  local epoch  : 0, acc 0.098
[2023-12-31 23:16:34] [INFO]     |  local epoch  : 1, acc 0.098
[2023-12-31 23:16:34] [INFO]     |  local epoch  : 2, acc 0.098
[2023-12-31 23:16:35] [INFO]     |  local epoch  : 3, acc 0.104
[2023-12-31 23:16:35] [INFO]     |  local epoch  : 4, acc 0.115
[2023-12-31 23:16:35] [INFO]    -client 1
[2023-12-31 23:16:35] [INFO]     |  local epoch  : 0, acc 0.098
[2023-12-31 23:16:36] [INFO]     |  local epoch  : 1, acc 0.098
[2023-12-31 23:16:36] [INFO]     |  local epoch  : 2, acc 0.098
[2023-12-31 23:16:37] [INFO]     |  local epoch  : 3, acc 0.098
[2023-12-31 23:16:37] [INFO]     |  local epoch  : 4, acc 0.101
[2023-12-31 23:16:37] [INFO]    -client 2
[2023-12-31 23:16:37] [INFO]     |  local epoch  : 0, acc 0.098
[2023-12-31 23:16:38] [INFO]     |  local epoch  : 1, acc 0.098
[2023-12-31 23:16:38] [INFO]     |  local epoch  : 2, acc 0.098
[2023-12-31 23:16:39] [INFO]     |  local epoch  : 3, acc 0.101
[2023-12-31 23:16:39] [INFO]     |  local epoch  : 4, acc 0.122
[2023-12-31 23:16:39] [INFO] |servers comunicated: 0, server aggregated: 4, acc_server 0: 0.105.
[2023-12-31 23:16:39] [INFO] --------------------------------------------------
[2023-12-31 23:16:39] [INFO]   |server: 1
[2023-12-31 23:16:39] [INFO]    -client 3
[2023-12-31 23:16:40] [INFO]     |  local epoch  : 0, acc 0.101
[2023-12-31 23:16:40] [INFO]     |  local epoch  : 1, acc 0.101
[2023-12-31 23:16:41] [INFO]     |  local epoch  : 2, acc 0.101
[2023-12-31 23:16:41] [INFO]     |  local epoch  : 3, acc 0.101
[2023-12-31 23:16:42] [INFO]     |  local epoch  : 4, acc 0.101
[2023-12-31 23:16:42] [INFO]    -client 4
[2023-12-31 23:16:42] [INFO]     |  local epoch  : 0, acc 0.101
[2023-12-31 23:16:42] [INFO]     |  local epoch  : 1, acc 0.101
[2023-12-31 23:16:43] [INFO]     |  local epoch  : 2, acc 0.101
[2023-12-31 23:16:43] [INFO]     |  local epoch  : 3, acc 0.101
[2023-12-31 23:16:44] [INFO]     |  local epoch  : 4, acc 0.101
[2023-12-31 23:16:44] [INFO]    -client 5
[2023-12-31 23:16:44] [INFO]     |  local epoch  : 0, acc 0.101
[2023-12-31 23:16:44] [INFO]     |  local epoch  : 1, acc 0.101
[2023-12-31 23:16:45] [INFO]     |  local epoch  : 2, acc 0.101
[2023-12-31 23:16:45] [INFO]     |  local epoch  : 3, acc 0.101
[2023-12-31 23:16:46] [INFO]     |  local epoch  : 4, acc 0.101
[2023-12-31 23:16:46] [INFO] |servers comunicated: 0, server aggregated: 4, acc_server 1: 0.101.
[2023-12-31 23:16:46] [INFO] --------------------------------------------------
[2023-12-31 23:16:46] [INFO]   |server: 2
[2023-12-31 23:16:46] [INFO]    -client 6
[2023-12-31 23:16:46] [INFO]     |  local epoch  : 0, acc 0.097
[2023-12-31 23:16:47] [INFO]     |  local epoch  : 1, acc 0.097
[2023-12-31 23:16:47] [INFO]     |  local epoch  : 2, acc 0.097
[2023-12-31 23:16:48] [INFO]     |  local epoch  : 3, acc 0.097
[2023-12-31 23:16:48] [INFO]     |  local epoch  : 4, acc 0.097
[2023-12-31 23:16:48] [INFO]    -client 7
[2023-12-31 23:16:48] [INFO]     |  local epoch  : 0, acc 0.097
[2023-12-31 23:16:49] [INFO]     |  local epoch  : 1, acc 0.097
[2023-12-31 23:16:49] [INFO]     |  local epoch  : 2, acc 0.097
[2023-12-31 23:16:50] [INFO]     |  local epoch  : 3, acc 0.097
[2023-12-31 23:16:50] [INFO]     |  local epoch  : 4, acc 0.097
[2023-12-31 23:16:50] [INFO]    -client 8
[2023-12-31 23:16:50] [INFO]     |  local epoch  : 0, acc 0.097
[2023-12-31 23:16:51] [INFO]     |  local epoch  : 1, acc 0.097
[2023-12-31 23:16:51] [INFO]     |  local epoch  : 2, acc 0.097
[2023-12-31 23:16:52] [INFO]     |  local epoch  : 3, acc 0.097
[2023-12-31 23:16:52] [INFO]     |  local epoch  : 4, acc 0.097
[2023-12-31 23:16:52] [INFO] |servers comunicated: 0, server aggregated: 4, acc_server 2: 0.097.
[2023-12-31 23:16:52] [INFO] --------------------------------------------------
[2023-12-31 23:16:52] [INFO]  |epoch_client_commu: 5/10
[2023-12-31 23:16:52] [INFO]   |server: 0
[2023-12-31 23:16:52] [INFO]    -client 0
[2023-12-31 23:16:53] [INFO]     |  local epoch  : 0, acc 0.122
[2023-12-31 23:16:53] [INFO]     |  local epoch  : 1, acc 0.139
[2023-12-31 23:16:54] [INFO]     |  local epoch  : 2, acc 0.162
[2023-12-31 23:16:54] [INFO]     |  local epoch  : 3, acc 0.179
[2023-12-31 23:16:54] [INFO]     |  local epoch  : 4, acc 0.208
[2023-12-31 23:16:54] [INFO]    -client 1
[2023-12-31 23:16:55] [INFO]     |  local epoch  : 0, acc 0.111
[2023-12-31 23:16:55] [INFO]     |  local epoch  : 1, acc 0.141
[2023-12-31 23:16:56] [INFO]     |  local epoch  : 2, acc 0.210
[2023-12-31 23:16:56] [INFO]     |  local epoch  : 3, acc 0.244
[2023-12-31 23:16:56] [INFO]     |  local epoch  : 4, acc 0.312
[2023-12-31 23:16:56] [INFO]    -client 2
[2023-12-31 23:16:57] [INFO]     |  local epoch  : 0, acc 0.125
[2023-12-31 23:16:57] [INFO]     |  local epoch  : 1, acc 0.183
[2023-12-31 23:16:58] [INFO]     |  local epoch  : 2, acc 0.239
[2023-12-31 23:16:58] [INFO]     |  local epoch  : 3, acc 0.285
[2023-12-31 23:16:59] [INFO]     |  local epoch  : 4, acc 0.333
[2023-12-31 23:16:59] [INFO] |servers comunicated: 0, server aggregated: 5, acc_server 0: 0.287.
[2023-12-31 23:16:59] [INFO] --------------------------------------------------
[2023-12-31 23:16:59] [INFO]   |server: 1
[2023-12-31 23:16:59] [INFO]    -client 3
[2023-12-31 23:16:59] [INFO]     |  local epoch  : 0, acc 0.102
[2023-12-31 23:17:00] [INFO]     |  local epoch  : 1, acc 0.107
[2023-12-31 23:17:00] [INFO]     |  local epoch  : 2, acc 0.109
[2023-12-31 23:17:01] [INFO]     |  local epoch  : 3, acc 0.105
[2023-12-31 23:17:01] [INFO]     |  local epoch  : 4, acc 0.112
[2023-12-31 23:17:01] [INFO]    -client 4
[2023-12-31 23:17:01] [INFO]     |  local epoch  : 0, acc 0.103
[2023-12-31 23:17:02] [INFO]     |  local epoch  : 1, acc 0.112
[2023-12-31 23:17:02] [INFO]     |  local epoch  : 2, acc 0.120
[2023-12-31 23:17:03] [INFO]     |  local epoch  : 3, acc 0.134
[2023-12-31 23:17:03] [INFO]     |  local epoch  : 4, acc 0.151
[2023-12-31 23:17:03] [INFO]    -client 5
[2023-12-31 23:17:03] [INFO]     |  local epoch  : 0, acc 0.103
[2023-12-31 23:17:04] [INFO]     |  local epoch  : 1, acc 0.107
[2023-12-31 23:17:04] [INFO]     |  local epoch  : 2, acc 0.119
[2023-12-31 23:17:05] [INFO]     |  local epoch  : 3, acc 0.126
[2023-12-31 23:17:05] [INFO]     |  local epoch  : 4, acc 0.124
[2023-12-31 23:17:05] [INFO] |servers comunicated: 0, server aggregated: 5, acc_server 1: 0.144.
[2023-12-31 23:17:05] [INFO] --------------------------------------------------
[2023-12-31 23:17:05] [INFO]   |server: 2
[2023-12-31 23:17:05] [INFO]    -client 6
[2023-12-31 23:17:06] [INFO]     |  local epoch  : 0, acc 0.097
[2023-12-31 23:17:06] [INFO]     |  local epoch  : 1, acc 0.097
[2023-12-31 23:17:07] [INFO]     |  local epoch  : 2, acc 0.097
[2023-12-31 23:17:07] [INFO]     |  local epoch  : 3, acc 0.097
[2023-12-31 23:17:07] [INFO]     |  local epoch  : 4, acc 0.097
[2023-12-31 23:17:07] [INFO]    -client 7
[2023-12-31 23:17:08] [INFO]     |  local epoch  : 0, acc 0.097
[2023-12-31 23:17:08] [INFO]     |  local epoch  : 1, acc 0.097
[2023-12-31 23:17:09] [INFO]     |  local epoch  : 2, acc 0.097
[2023-12-31 23:17:09] [INFO]     |  local epoch  : 3, acc 0.097
[2023-12-31 23:17:09] [INFO]     |  local epoch  : 4, acc 0.097
[2023-12-31 23:17:09] [INFO]    -client 8
[2023-12-31 23:17:10] [INFO]     |  local epoch  : 0, acc 0.097
[2023-12-31 23:17:10] [INFO]     |  local epoch  : 1, acc 0.097
[2023-12-31 23:17:11] [INFO]     |  local epoch  : 2, acc 0.097
[2023-12-31 23:17:11] [INFO]     |  local epoch  : 3, acc 0.097
[2023-12-31 23:17:12] [INFO]     |  local epoch  : 4, acc 0.097
[2023-12-31 23:17:12] [INFO] |servers comunicated: 0, server aggregated: 5, acc_server 2: 0.097.
[2023-12-31 23:17:12] [INFO] --------------------------------------------------
[2023-12-31 23:17:12] [INFO]  |epoch_client_commu: 6/10
[2023-12-31 23:17:12] [INFO]   |server: 0
[2023-12-31 23:17:12] [INFO]    -client 0
[2023-12-31 23:17:12] [INFO]     |  local epoch  : 0, acc 0.273
[2023-12-31 23:17:13] [INFO]     |  local epoch  : 1, acc 0.311
[2023-12-31 23:17:13] [INFO]     |  local epoch  : 2, acc 0.324
[2023-12-31 23:17:14] [INFO]     |  local epoch  : 3, acc 0.351
[2023-12-31 23:17:14] [INFO]     |  local epoch  : 4, acc 0.415
[2023-12-31 23:17:14] [INFO]    -client 1
[2023-12-31 23:17:14] [INFO]     |  local epoch  : 0, acc 0.331
[2023-12-31 23:17:15] [INFO]     |  local epoch  : 1, acc 0.409
[2023-12-31 23:17:15] [INFO]     |  local epoch  : 2, acc 0.450
[2023-12-31 23:17:16] [INFO]     |  local epoch  : 3, acc 0.468
[2023-12-31 23:17:16] [INFO]     |  local epoch  : 4, acc 0.502
[2023-12-31 23:17:16] [INFO]    -client 2
[2023-12-31 23:17:16] [INFO]     |  local epoch  : 0, acc 0.371
[2023-12-31 23:17:17] [INFO]     |  local epoch  : 1, acc 0.415
[2023-12-31 23:17:17] [INFO]     |  local epoch  : 2, acc 0.457
[2023-12-31 23:17:18] [INFO]     |  local epoch  : 3, acc 0.485
[2023-12-31 23:17:18] [INFO]     |  local epoch  : 4, acc 0.511
[2023-12-31 23:17:18] [INFO] |servers comunicated: 0, server aggregated: 6, acc_server 0: 0.483.
[2023-12-31 23:17:18] [INFO] --------------------------------------------------
[2023-12-31 23:17:18] [INFO]   |server: 1
[2023-12-31 23:17:18] [INFO]    -client 3
[2023-12-31 23:17:19] [INFO]     |  local epoch  : 0, acc 0.159
[2023-12-31 23:17:19] [INFO]     |  local epoch  : 1, acc 0.171
[2023-12-31 23:17:20] [INFO]     |  local epoch  : 2, acc 0.204
[2023-12-31 23:17:20] [INFO]     |  local epoch  : 3, acc 0.232
[2023-12-31 23:17:20] [INFO]     |  local epoch  : 4, acc 0.251
[2023-12-31 23:17:20] [INFO]    -client 4
[2023-12-31 23:17:21] [INFO]     |  local epoch  : 0, acc 0.158
[2023-12-31 23:17:21] [INFO]     |  local epoch  : 1, acc 0.171
[2023-12-31 23:17:22] [INFO]     |  local epoch  : 2, acc 0.186
[2023-12-31 23:17:22] [INFO]     |  local epoch  : 3, acc 0.194
[2023-12-31 23:17:22] [INFO]     |  local epoch  : 4, acc 0.232
[2023-12-31 23:17:22] [INFO]    -client 5
[2023-12-31 23:17:23] [INFO]     |  local epoch  : 0, acc 0.162
[2023-12-31 23:17:23] [INFO]     |  local epoch  : 1, acc 0.186
[2023-12-31 23:17:24] [INFO]     |  local epoch  : 2, acc 0.209
[2023-12-31 23:17:24] [INFO]     |  local epoch  : 3, acc 0.205
[2023-12-31 23:17:24] [INFO]     |  local epoch  : 4, acc 0.233
[2023-12-31 23:17:25] [INFO] |servers comunicated: 0, server aggregated: 6, acc_server 1: 0.229.
[2023-12-31 23:17:25] [INFO] --------------------------------------------------
[2023-12-31 23:17:25] [INFO]   |server: 2
[2023-12-31 23:17:25] [INFO]    -client 6
[2023-12-31 23:17:25] [INFO]     |  local epoch  : 0, acc 0.101
[2023-12-31 23:17:26] [INFO]     |  local epoch  : 1, acc 0.108
[2023-12-31 23:17:26] [INFO]     |  local epoch  : 2, acc 0.121
[2023-12-31 23:17:26] [INFO]     |  local epoch  : 3, acc 0.134
[2023-12-31 23:17:27] [INFO]     |  local epoch  : 4, acc 0.142
[2023-12-31 23:17:27] [INFO]    -client 7
[2023-12-31 23:17:27] [INFO]     |  local epoch  : 0, acc 0.099
[2023-12-31 23:17:28] [INFO]     |  local epoch  : 1, acc 0.109
[2023-12-31 23:17:28] [INFO]     |  local epoch  : 2, acc 0.116
[2023-12-31 23:17:28] [INFO]     |  local epoch  : 3, acc 0.139
[2023-12-31 23:17:29] [INFO]     |  local epoch  : 4, acc 0.136
[2023-12-31 23:17:29] [INFO]    -client 8
[2023-12-31 23:17:29] [INFO]     |  local epoch  : 0, acc 0.099
[2023-12-31 23:17:30] [INFO]     |  local epoch  : 1, acc 0.110
[2023-12-31 23:17:30] [INFO]     |  local epoch  : 2, acc 0.118
[2023-12-31 23:17:31] [INFO]     |  local epoch  : 3, acc 0.139
[2023-12-31 23:17:31] [INFO]     |  local epoch  : 4, acc 0.140
[2023-12-31 23:17:31] [INFO] |servers comunicated: 0, server aggregated: 6, acc_server 2: 0.139.
[2023-12-31 23:17:31] [INFO] --------------------------------------------------
[2023-12-31 23:17:31] [INFO]  |epoch_client_commu: 7/10
[2023-12-31 23:17:31] [INFO]   |server: 0
[2023-12-31 23:17:31] [INFO]    -client 0
[2023-12-31 23:17:32] [INFO]     |  local epoch  : 0, acc 0.486
[2023-12-31 23:17:32] [INFO]     |  local epoch  : 1, acc 0.490
[2023-12-31 23:17:33] [INFO]     |  local epoch  : 2, acc 0.542
[2023-12-31 23:17:33] [INFO]     |  local epoch  : 3, acc 0.584
[2023-12-31 23:17:33] [INFO]     |  local epoch  : 4, acc 0.601
[2023-12-31 23:17:33] [INFO]    -client 1
[2023-12-31 23:17:34] [INFO]     |  local epoch  : 0, acc 0.540
[2023-12-31 23:17:34] [INFO]     |  local epoch  : 1, acc 0.534
[2023-12-31 23:17:35] [INFO]     |  local epoch  : 2, acc 0.581
[2023-12-31 23:17:35] [INFO]     |  local epoch  : 3, acc 0.617
[2023-12-31 23:17:36] [INFO]     |  local epoch  : 4, acc 0.633
[2023-12-31 23:17:36] [INFO]    -client 2
[2023-12-31 23:17:36] [INFO]     |  local epoch  : 0, acc 0.551
[2023-12-31 23:17:36] [INFO]     |  local epoch  : 1, acc 0.556
[2023-12-31 23:17:37] [INFO]     |  local epoch  : 2, acc 0.554
[2023-12-31 23:17:37] [INFO]     |  local epoch  : 3, acc 0.604
[2023-12-31 23:17:38] [INFO]     |  local epoch  : 4, acc 0.610
[2023-12-31 23:17:38] [INFO] |servers comunicated: 0, server aggregated: 7, acc_server 0: 0.631.
[2023-12-31 23:17:38] [INFO] --------------------------------------------------
[2023-12-31 23:17:38] [INFO]   |server: 1
[2023-12-31 23:17:38] [INFO]    -client 3
[2023-12-31 23:17:38] [INFO]     |  local epoch  : 0, acc 0.263
[2023-12-31 23:17:39] [INFO]     |  local epoch  : 1, acc 0.289
[2023-12-31 23:17:39] [INFO]     |  local epoch  : 2, acc 0.325
[2023-12-31 23:17:40] [INFO]     |  local epoch  : 3, acc 0.326
[2023-12-31 23:17:40] [INFO]     |  local epoch  : 4, acc 0.353
[2023-12-31 23:17:40] [INFO]    -client 4
[2023-12-31 23:17:40] [INFO]     |  local epoch  : 0, acc 0.261
[2023-12-31 23:17:41] [INFO]     |  local epoch  : 1, acc 0.262
[2023-12-31 23:17:41] [INFO]     |  local epoch  : 2, acc 0.301
[2023-12-31 23:17:42] [INFO]     |  local epoch  : 3, acc 0.310
[2023-12-31 23:17:42] [INFO]     |  local epoch  : 4, acc 0.342
[2023-12-31 23:17:42] [INFO]    -client 5
[2023-12-31 23:17:42] [INFO]     |  local epoch  : 0, acc 0.252
[2023-12-31 23:17:43] [INFO]     |  local epoch  : 1, acc 0.272
[2023-12-31 23:17:43] [INFO]     |  local epoch  : 2, acc 0.306
[2023-12-31 23:17:44] [INFO]     |  local epoch  : 3, acc 0.333
[2023-12-31 23:17:44] [INFO]     |  local epoch  : 4, acc 0.358
[2023-12-31 23:17:44] [INFO] |servers comunicated: 0, server aggregated: 7, acc_server 1: 0.333.
[2023-12-31 23:17:44] [INFO] --------------------------------------------------
[2023-12-31 23:17:44] [INFO]   |server: 2
[2023-12-31 23:17:44] [INFO]    -client 6
[2023-12-31 23:17:45] [INFO]     |  local epoch  : 0, acc 0.153
