[2023-12-28 20:47:19] [INFO] device cuda is used.
[2023-12-28 20:47:19] [INFO] cudnn is actived.
[2023-12-28 20:47:19] [INFO] 
           alpha       :  0.5  
             T         :   8   
         algorithm     :   0   
     num_server_commu  :   2   
     num_client_commu  :   2   
     num_client_train  :   5   
     num_public_train  :   5   
        batch_size     :  200  
          dataset      : mnist 
       model_select    :   1   
      num_all_client   :   9   
      num_all_server   :   3   
      num_client_data  : 1200  
      num_public_data  :  50   
        proportion     :  0.8  

[2023-12-28 20:47:26] [INFO] --------------------------------------------------
[2023-12-28 20:47:26] [INFO] |epoch_server_commu: 0/2
[2023-12-28 20:47:26] [INFO]  |epoch_client_commu: 0/2
[2023-12-28 20:47:26] [INFO]   |server: 0
[2023-12-28 20:47:26] [INFO]    -client 0
[2023-12-28 20:47:27] [INFO]     |  local epoch  : 0, acc 0.103
[2023-12-28 20:47:27] [INFO]     |  local epoch  : 1, acc 0.103
[2023-12-28 20:47:27] [INFO]     |  local epoch  : 2, acc 0.103
[2023-12-28 20:47:27] [INFO]     |  local epoch  : 3, acc 0.103
[2023-12-28 20:47:27] [INFO]     |  local epoch  : 4, acc 0.103
[2023-12-28 20:47:27] [INFO]    -client 1
[2023-12-28 20:47:27] [INFO]     |  local epoch  : 0, acc 0.103
[2023-12-28 20:47:27] [INFO]     |  local epoch  : 1, acc 0.103
[2023-12-28 20:47:27] [INFO]     |  local epoch  : 2, acc 0.103
[2023-12-28 20:47:27] [INFO]     |  local epoch  : 3, acc 0.103
[2023-12-28 20:47:27] [INFO]     |  local epoch  : 4, acc 0.103
[2023-12-28 20:47:27] [INFO]    -client 2
[2023-12-28 20:47:27] [INFO]     |  local epoch  : 0, acc 0.103
[2023-12-28 20:47:27] [INFO]     |  local epoch  : 1, acc 0.103
[2023-12-28 20:47:27] [INFO]     |  local epoch  : 2, acc 0.103
[2023-12-28 20:47:27] [INFO]     |  local epoch  : 3, acc 0.103
[2023-12-28 20:47:27] [INFO]     |  local epoch  : 4, acc 0.103
[2023-12-28 20:47:27] [INFO] |servers comunicated: 0, server aggregated: 0, acc_server 0: 0.103.
[2023-12-28 20:47:27] [INFO] --------------------------------------------------
[2023-12-28 20:47:27] [INFO]   |server: 1
[2023-12-28 20:47:27] [INFO]    -client 3
[2023-12-28 20:47:27] [INFO]     |  local epoch  : 0, acc 0.085
[2023-12-28 20:47:28] [INFO]     |  local epoch  : 1, acc 0.101
[2023-12-28 20:47:28] [INFO]     |  local epoch  : 2, acc 0.101
[2023-12-28 20:47:28] [INFO]     |  local epoch  : 3, acc 0.101
[2023-12-28 20:47:28] [INFO]     |  local epoch  : 4, acc 0.101
[2023-12-28 20:47:28] [INFO]    -client 4
[2023-12-28 20:47:28] [INFO]     |  local epoch  : 0, acc 0.086
[2023-12-28 20:47:28] [INFO]     |  local epoch  : 1, acc 0.101
[2023-12-28 20:47:28] [INFO]     |  local epoch  : 2, acc 0.101
[2023-12-28 20:47:28] [INFO]     |  local epoch  : 3, acc 0.101
[2023-12-28 20:47:28] [INFO]     |  local epoch  : 4, acc 0.101
[2023-12-28 20:47:28] [INFO]    -client 5
[2023-12-28 20:47:28] [INFO]     |  local epoch  : 0, acc 0.085
[2023-12-28 20:47:28] [INFO]     |  local epoch  : 1, acc 0.101
[2023-12-28 20:47:28] [INFO]     |  local epoch  : 2, acc 0.101
[2023-12-28 20:47:28] [INFO]     |  local epoch  : 3, acc 0.101
[2023-12-28 20:47:28] [INFO]     |  local epoch  : 4, acc 0.101
[2023-12-28 20:47:28] [INFO] |servers comunicated: 0, server aggregated: 0, acc_server 1: 0.101.
[2023-12-28 20:47:28] [INFO] --------------------------------------------------
[2023-12-28 20:47:28] [INFO]   |server: 2
[2023-12-28 20:47:28] [INFO]    -client 6
[2023-12-28 20:47:28] [INFO]     |  local epoch  : 0, acc 0.101
[2023-12-28 20:47:28] [INFO]     |  local epoch  : 1, acc 0.101
[2023-12-28 20:47:28] [INFO]     |  local epoch  : 2, acc 0.101
[2023-12-28 20:47:28] [INFO]     |  local epoch  : 3, acc 0.101
[2023-12-28 20:47:28] [INFO]     |  local epoch  : 4, acc 0.101
[2023-12-28 20:47:28] [INFO]    -client 7
[2023-12-28 20:47:29] [INFO]     |  local epoch  : 0, acc 0.101
[2023-12-28 20:47:29] [INFO]     |  local epoch  : 1, acc 0.101
[2023-12-28 20:47:29] [INFO]     |  local epoch  : 2, acc 0.101
[2023-12-28 20:47:29] [INFO]     |  local epoch  : 3, acc 0.101
[2023-12-28 20:47:29] [INFO]     |  local epoch  : 4, acc 0.101
[2023-12-28 20:47:29] [INFO]    -client 8
[2023-12-28 20:47:29] [INFO]     |  local epoch  : 0, acc 0.101
[2023-12-28 20:47:29] [INFO]     |  local epoch  : 1, acc 0.101
[2023-12-28 20:47:29] [INFO]     |  local epoch  : 2, acc 0.101
[2023-12-28 20:47:29] [INFO]     |  local epoch  : 3, acc 0.101
[2023-12-28 20:47:29] [INFO]     |  local epoch  : 4, acc 0.101
[2023-12-28 20:47:29] [INFO] |servers comunicated: 0, server aggregated: 0, acc_server 2: 0.101.
[2023-12-28 20:47:29] [INFO] --------------------------------------------------
[2023-12-28 20:47:29] [INFO]  |epoch_client_commu: 1/2
[2023-12-28 20:47:29] [INFO]   |server: 0
[2023-12-28 20:47:29] [INFO]    -client 0
[2023-12-28 20:47:29] [INFO]     |  local epoch  : 0, acc 0.103
[2023-12-28 20:47:29] [INFO]     |  local epoch  : 1, acc 0.103
[2023-12-28 20:47:29] [INFO]     |  local epoch  : 2, acc 0.103
[2023-12-28 20:47:29] [INFO]     |  local epoch  : 3, acc 0.103
[2023-12-28 20:47:29] [INFO]     |  local epoch  : 4, acc 0.103
[2023-12-28 20:47:29] [INFO]    -client 1
[2023-12-28 20:47:29] [INFO]     |  local epoch  : 0, acc 0.103
[2023-12-28 20:47:29] [INFO]     |  local epoch  : 1, acc 0.103
[2023-12-28 20:47:29] [INFO]     |  local epoch  : 2, acc 0.103
[2023-12-28 20:47:30] [INFO]     |  local epoch  : 3, acc 0.103
[2023-12-28 20:47:30] [INFO]     |  local epoch  : 4, acc 0.103
[2023-12-28 20:47:30] [INFO]    -client 2
[2023-12-28 20:47:30] [INFO]     |  local epoch  : 0, acc 0.103
[2023-12-28 20:47:30] [INFO]     |  local epoch  : 1, acc 0.103
[2023-12-28 20:47:30] [INFO]     |  local epoch  : 2, acc 0.103
[2023-12-28 20:47:30] [INFO]     |  local epoch  : 3, acc 0.103
[2023-12-28 20:47:30] [INFO]     |  local epoch  : 4, acc 0.103
[2023-12-28 20:47:30] [INFO] |servers comunicated: 0, server aggregated: 1, acc_server 0: 0.103.
[2023-12-28 20:47:30] [INFO] --------------------------------------------------
[2023-12-28 20:47:30] [INFO]   |server: 1
[2023-12-28 20:47:30] [INFO]    -client 3
[2023-12-28 20:47:30] [INFO]     |  local epoch  : 0, acc 0.101
[2023-12-28 20:47:30] [INFO]     |  local epoch  : 1, acc 0.101
[2023-12-28 20:47:30] [INFO]     |  local epoch  : 2, acc 0.101
[2023-12-28 20:47:30] [INFO]     |  local epoch  : 3, acc 0.101
[2023-12-28 20:47:30] [INFO]     |  local epoch  : 4, acc 0.101
[2023-12-28 20:47:30] [INFO]    -client 4
[2023-12-28 20:47:30] [INFO]     |  local epoch  : 0, acc 0.101
[2023-12-28 20:47:30] [INFO]     |  local epoch  : 1, acc 0.101
[2023-12-28 20:47:30] [INFO]     |  local epoch  : 2, acc 0.101
[2023-12-28 20:47:30] [INFO]     |  local epoch  : 3, acc 0.101
[2023-12-28 20:47:30] [INFO]     |  local epoch  : 4, acc 0.101
[2023-12-28 20:47:30] [INFO]    -client 5
[2023-12-28 20:47:30] [INFO]     |  local epoch  : 0, acc 0.101
[2023-12-28 20:47:30] [INFO]     |  local epoch  : 1, acc 0.101
[2023-12-28 20:47:31] [INFO]     |  local epoch  : 2, acc 0.101
[2023-12-28 20:47:31] [INFO]     |  local epoch  : 3, acc 0.101
[2023-12-28 20:47:31] [INFO]     |  local epoch  : 4, acc 0.101
[2023-12-28 20:47:31] [INFO] |servers comunicated: 0, server aggregated: 1, acc_server 1: 0.101.
[2023-12-28 20:47:31] [INFO] --------------------------------------------------
[2023-12-28 20:47:31] [INFO]   |server: 2
[2023-12-28 20:47:31] [INFO]    -client 6
[2023-12-28 20:47:31] [INFO]     |  local epoch  : 0, acc 0.101
[2023-12-28 20:47:31] [INFO]     |  local epoch  : 1, acc 0.101
[2023-12-28 20:47:31] [INFO]     |  local epoch  : 2, acc 0.101
[2023-12-28 20:47:31] [INFO]     |  local epoch  : 3, acc 0.101
[2023-12-28 20:47:31] [INFO]     |  local epoch  : 4, acc 0.101
[2023-12-28 20:47:31] [INFO]    -client 7
[2023-12-28 20:47:31] [INFO]     |  local epoch  : 0, acc 0.101
[2023-12-28 20:47:31] [INFO]     |  local epoch  : 1, acc 0.101
[2023-12-28 20:47:31] [INFO]     |  local epoch  : 2, acc 0.101
[2023-12-28 20:47:31] [INFO]     |  local epoch  : 3, acc 0.101
[2023-12-28 20:47:31] [INFO]     |  local epoch  : 4, acc 0.101
[2023-12-28 20:47:31] [INFO]    -client 8
[2023-12-28 20:47:31] [INFO]     |  local epoch  : 0, acc 0.101
[2023-12-28 20:47:31] [INFO]     |  local epoch  : 1, acc 0.101
[2023-12-28 20:47:31] [INFO]     |  local epoch  : 2, acc 0.101
[2023-12-28 20:47:31] [INFO]     |  local epoch  : 3, acc 0.101
[2023-12-28 20:47:31] [INFO]     |  local epoch  : 4, acc 0.101
[2023-12-28 20:47:31] [INFO] |servers comunicated: 0, server aggregated: 1, acc_server 2: 0.101.
[2023-12-28 20:47:31] [INFO] --------------------------------------------------
[2023-12-28 20:47:31] [INFO]      ********  servers comunicates  ********      
[2023-12-28 20:47:31] [INFO] --------------------------------------------------
[2023-12-28 20:47:31] [INFO] |epoch_server_commu: 1/2
[2023-12-28 20:47:31] [INFO]  |epoch_client_commu: 0/2
[2023-12-28 20:47:31] [INFO]   |server: 0
[2023-12-28 20:47:31] [INFO]    -client 0
[2023-12-28 20:47:32] [INFO]     |  local epoch  : 0, acc 0.103
[2023-12-28 20:47:32] [INFO]     |  local epoch  : 1, acc 0.103
[2023-12-28 20:47:32] [INFO]     |  local epoch  : 2, acc 0.108
[2023-12-28 20:47:32] [INFO]     |  local epoch  : 3, acc 0.137
[2023-12-28 20:47:32] [INFO]     |  local epoch  : 4, acc 0.205
[2023-12-28 20:47:32] [INFO]     | distill epoch : 0, acc 0.271
[2023-12-28 20:47:32] [INFO]     | distill epoch : 1, acc 0.301
[2023-12-28 20:47:32] [INFO]     | distill epoch : 2, acc 0.304
[2023-12-28 20:47:32] [INFO]     | distill epoch : 3, acc 0.305
[2023-12-28 20:47:32] [INFO]     | distill epoch : 4, acc 0.324
[2023-12-28 20:47:32] [INFO]    -client 1
[2023-12-28 20:47:32] [INFO]     |  local epoch  : 0, acc 0.103
[2023-12-28 20:47:32] [INFO]     |  local epoch  : 1, acc 0.103
[2023-12-28 20:47:32] [INFO]     |  local epoch  : 2, acc 0.112
[2023-12-28 20:47:32] [INFO]     |  local epoch  : 3, acc 0.170
[2023-12-28 20:47:32] [INFO]     |  local epoch  : 4, acc 0.236
[2023-12-28 20:47:33] [INFO]     | distill epoch : 0, acc 0.283
[2023-12-28 20:47:33] [INFO]     | distill epoch : 1, acc 0.305
[2023-12-28 20:47:33] [INFO]     | distill epoch : 2, acc 0.325
[2023-12-28 20:47:33] [INFO]     | distill epoch : 3, acc 0.345
[2023-12-28 20:47:33] [INFO]     | distill epoch : 4, acc 0.361
[2023-12-28 20:47:33] [INFO]    -client 2
[2023-12-28 20:47:33] [INFO]     |  local epoch  : 0, acc 0.103
[2023-12-28 20:47:33] [INFO]     |  local epoch  : 1, acc 0.103
[2023-12-28 20:47:33] [INFO]     |  local epoch  : 2, acc 0.104
[2023-12-28 20:47:33] [INFO]     |  local epoch  : 3, acc 0.132
[2023-12-28 20:47:33] [INFO]     |  local epoch  : 4, acc 0.196
[2023-12-28 20:47:33] [INFO]     | distill epoch : 0, acc 0.252
[2023-12-28 20:47:33] [INFO]     | distill epoch : 1, acc 0.278
[2023-12-28 20:47:33] [INFO]     | distill epoch : 2, acc 0.282
[2023-12-28 20:47:33] [INFO]     | distill epoch : 3, acc 0.281
[2023-12-28 20:47:33] [INFO]     | distill epoch : 4, acc 0.298
[2023-12-28 20:47:33] [INFO] |servers comunicated: 1, server aggregated: 0, acc_server 0: 0.322.
[2023-12-28 20:47:33] [INFO] --------------------------------------------------
[2023-12-28 20:47:33] [INFO]   |server: 1
[2023-12-28 20:47:33] [INFO]    -client 3
[2023-12-28 20:47:33] [INFO]     |  local epoch  : 0, acc 0.101
[2023-12-28 20:47:33] [INFO]     |  local epoch  : 1, acc 0.101
[2023-12-28 20:47:33] [INFO]     |  local epoch  : 2, acc 0.101
[2023-12-28 20:47:33] [INFO]     |  local epoch  : 3, acc 0.101
[2023-12-28 20:47:33] [INFO]     |  local epoch  : 4, acc 0.101
[2023-12-28 20:47:34] [INFO]     | distill epoch : 0, acc 0.101
[2023-12-28 20:47:34] [INFO]     | distill epoch : 1, acc 0.102
[2023-12-28 20:47:34] [INFO]     | distill epoch : 2, acc 0.104
[2023-12-28 20:47:34] [INFO]     | distill epoch : 3, acc 0.111
[2023-12-28 20:47:34] [INFO]     | distill epoch : 4, acc 0.136
[2023-12-28 20:47:34] [INFO]    -client 4
[2023-12-28 20:47:34] [INFO]     |  local epoch  : 0, acc 0.101
[2023-12-28 20:47:34] [INFO]     |  local epoch  : 1, acc 0.101
[2023-12-28 20:47:34] [INFO]     |  local epoch  : 2, acc 0.101
[2023-12-28 20:47:34] [INFO]     |  local epoch  : 3, acc 0.101
[2023-12-28 20:47:34] [INFO]     |  local epoch  : 4, acc 0.101
[2023-12-28 20:47:34] [INFO]     | distill epoch : 0, acc 0.102
[2023-12-28 20:47:34] [INFO]     | distill epoch : 1, acc 0.105
[2023-12-28 20:47:34] [INFO]     | distill epoch : 2, acc 0.116
[2023-12-28 20:47:34] [INFO]     | distill epoch : 3, acc 0.145
[2023-12-28 20:47:34] [INFO]     | distill epoch : 4, acc 0.177
[2023-12-28 20:47:34] [INFO]    -client 5
[2023-12-28 20:47:34] [INFO]     |  local epoch  : 0, acc 0.101
[2023-12-28 20:47:34] [INFO]     |  local epoch  : 1, acc 0.101
[2023-12-28 20:47:34] [INFO]     |  local epoch  : 2, acc 0.101
[2023-12-28 20:47:34] [INFO]     |  local epoch  : 3, acc 0.101
[2023-12-28 20:47:34] [INFO]     |  local epoch  : 4, acc 0.101
[2023-12-28 20:47:34] [INFO]     | distill epoch : 0, acc 0.102
[2023-12-28 20:47:35] [INFO]     | distill epoch : 1, acc 0.105
[2023-12-28 20:47:35] [INFO]     | distill epoch : 2, acc 0.116
[2023-12-28 20:47:35] [INFO]     | distill epoch : 3, acc 0.143
[2023-12-28 20:47:35] [INFO]     | distill epoch : 4, acc 0.174
[2023-12-28 20:47:35] [INFO] |servers comunicated: 1, server aggregated: 0, acc_server 1: 0.163.
[2023-12-28 20:47:35] [INFO] --------------------------------------------------
[2023-12-28 20:47:35] [INFO]   |server: 2
[2023-12-28 20:47:35] [INFO]    -client 6
[2023-12-28 20:47:35] [INFO]     |  local epoch  : 0, acc 0.101
[2023-12-28 20:47:35] [INFO]     |  local epoch  : 1, acc 0.101
[2023-12-28 20:47:35] [INFO]     |  local epoch  : 2, acc 0.102
[2023-12-28 20:47:35] [INFO]     |  local epoch  : 3, acc 0.126
[2023-12-28 20:47:35] [INFO]     |  local epoch  : 4, acc 0.166
[2023-12-28 20:47:35] [INFO]     | distill epoch : 0, acc 0.199
[2023-12-28 20:47:35] [INFO]     | distill epoch : 1, acc 0.224
[2023-12-28 20:47:35] [INFO]     | distill epoch : 2, acc 0.255
[2023-12-28 20:47:35] [INFO]     | distill epoch : 3, acc 0.281
[2023-12-28 20:47:35] [INFO]     | distill epoch : 4, acc 0.293
[2023-12-28 20:47:35] [INFO]    -client 7
[2023-12-28 20:47:35] [INFO]     |  local epoch  : 0, acc 0.101
[2023-12-28 20:47:35] [INFO]     |  local epoch  : 1, acc 0.101
[2023-12-28 20:47:35] [INFO]     |  local epoch  : 2, acc 0.101
[2023-12-28 20:47:35] [INFO]     |  local epoch  : 3, acc 0.101
[2023-12-28 20:47:35] [INFO]     |  local epoch  : 4, acc 0.115
[2023-12-28 20:47:35] [INFO]     | distill epoch : 0, acc 0.140
[2023-12-28 20:47:36] [INFO]     | distill epoch : 1, acc 0.163
[2023-12-28 20:47:36] [INFO]     | distill epoch : 2, acc 0.184
[2023-12-28 20:47:36] [INFO]     | distill epoch : 3, acc 0.207
[2023-12-28 20:47:36] [INFO]     | distill epoch : 4, acc 0.233
[2023-12-28 20:47:36] [INFO]    -client 8
[2023-12-28 20:47:36] [INFO]     |  local epoch  : 0, acc 0.101
[2023-12-28 20:47:36] [INFO]     |  local epoch  : 1, acc 0.101
[2023-12-28 20:47:36] [INFO]     |  local epoch  : 2, acc 0.101
[2023-12-28 20:47:36] [INFO]     |  local epoch  : 3, acc 0.107
[2023-12-28 20:47:36] [INFO]     |  local epoch  : 4, acc 0.145
[2023-12-28 20:47:36] [INFO]     | distill epoch : 0, acc 0.178
[2023-12-28 20:47:36] [INFO]     | distill epoch : 1, acc 0.216
[2023-12-28 20:47:36] [INFO]     | distill epoch : 2, acc 0.250
[2023-12-28 20:47:36] [INFO]     | distill epoch : 3, acc 0.278
[2023-12-28 20:47:36] [INFO]     | distill epoch : 4, acc 0.301
[2023-12-28 20:47:36] [INFO] |servers comunicated: 1, server aggregated: 0, acc_server 2: 0.274.
[2023-12-28 20:47:36] [INFO] --------------------------------------------------
[2023-12-28 20:47:36] [INFO]  |epoch_client_commu: 1/2
[2023-12-28 20:47:36] [INFO]   |server: 0
[2023-12-28 20:47:36] [INFO]    -client 0
[2023-12-28 20:47:36] [INFO]     |  local epoch  : 0, acc 0.166
[2023-12-28 20:47:36] [INFO]     |  local epoch  : 1, acc 0.321
[2023-12-28 20:47:36] [INFO]     |  local epoch  : 2, acc 0.329
[2023-12-28 20:47:36] [INFO]     |  local epoch  : 3, acc 0.357
[2023-12-28 20:47:36] [INFO]     |  local epoch  : 4, acc 0.367
[2023-12-28 20:47:37] [INFO]     | distill epoch : 0, acc 0.428
[2023-12-28 20:47:37] [INFO]     | distill epoch : 1, acc 0.467
[2023-12-28 20:47:37] [INFO]     | distill epoch : 2, acc 0.486
[2023-12-28 20:47:37] [INFO]     | distill epoch : 3, acc 0.502
[2023-12-28 20:47:37] [INFO]     | distill epoch : 4, acc 0.510
[2023-12-28 20:47:37] [INFO]    -client 1
[2023-12-28 20:47:37] [INFO]     |  local epoch  : 0, acc 0.188
[2023-12-28 20:47:37] [INFO]     |  local epoch  : 1, acc 0.337
[2023-12-28 20:47:37] [INFO]     |  local epoch  : 2, acc 0.374
[2023-12-28 20:47:37] [INFO]     |  local epoch  : 3, acc 0.415
[2023-12-28 20:47:37] [INFO]     |  local epoch  : 4, acc 0.478
[2023-12-28 20:47:37] [INFO]     | distill epoch : 0, acc 0.535
[2023-12-28 20:47:37] [INFO]     | distill epoch : 1, acc 0.550
[2023-12-28 20:47:37] [INFO]     | distill epoch : 2, acc 0.554
[2023-12-28 20:47:37] [INFO]     | distill epoch : 3, acc 0.564
[2023-12-28 20:47:37] [INFO]     | distill epoch : 4, acc 0.570
[2023-12-28 20:47:37] [INFO]    -client 2
[2023-12-28 20:47:37] [INFO]     |  local epoch  : 0, acc 0.180
[2023-12-28 20:47:37] [INFO]     |  local epoch  : 1, acc 0.315
[2023-12-28 20:47:37] [INFO]     |  local epoch  : 2, acc 0.344
[2023-12-28 20:47:37] [INFO]     |  local epoch  : 3, acc 0.348
[2023-12-28 20:47:37] [INFO]     |  local epoch  : 4, acc 0.385
[2023-12-28 20:47:37] [INFO]     | distill epoch : 0, acc 0.444
[2023-12-28 20:47:37] [INFO]     | distill epoch : 1, acc 0.485
[2023-12-28 20:47:38] [INFO]     | distill epoch : 2, acc 0.513
[2023-12-28 20:47:38] [INFO]     | distill epoch : 3, acc 0.541
[2023-12-28 20:47:38] [INFO]     | distill epoch : 4, acc 0.561
[2023-12-28 20:47:38] [INFO] |servers comunicated: 1, server aggregated: 1, acc_server 0: 0.549.
[2023-12-28 20:47:38] [INFO] --------------------------------------------------
[2023-12-28 20:47:38] [INFO]   |server: 1
[2023-12-28 20:47:38] [INFO]    -client 3
[2023-12-28 20:47:38] [INFO]     |  local epoch  : 0, acc 0.101
[2023-12-28 20:47:38] [INFO]     |  local epoch  : 1, acc 0.101
[2023-12-28 20:47:38] [INFO]     |  local epoch  : 2, acc 0.106
[2023-12-28 20:47:38] [INFO]     |  local epoch  : 3, acc 0.114
[2023-12-28 20:47:38] [INFO]     |  local epoch  : 4, acc 0.143
[2023-12-28 20:47:38] [INFO]     | distill epoch : 0, acc 0.175
[2023-12-28 20:47:38] [INFO]     | distill epoch : 1, acc 0.201
[2023-12-28 20:47:38] [INFO]     | distill epoch : 2, acc 0.218
[2023-12-28 20:47:38] [INFO]     | distill epoch : 3, acc 0.231
[2023-12-28 20:47:38] [INFO]     | distill epoch : 4, acc 0.265
[2023-12-28 20:47:38] [INFO]    -client 4
[2023-12-28 20:47:38] [INFO]     |  local epoch  : 0, acc 0.101
[2023-12-28 20:47:38] [INFO]     |  local epoch  : 1, acc 0.102
[2023-12-28 20:47:38] [INFO]     |  local epoch  : 2, acc 0.108
[2023-12-28 20:47:38] [INFO]     |  local epoch  : 3, acc 0.136
[2023-12-28 20:47:38] [INFO]     |  local epoch  : 4, acc 0.162
[2023-12-28 20:47:38] [INFO]     | distill epoch : 0, acc 0.186
[2023-12-28 20:47:38] [INFO]     | distill epoch : 1, acc 0.200
[2023-12-28 20:47:39] [INFO]     | distill epoch : 2, acc 0.211
[2023-12-28 20:47:39] [INFO]     | distill epoch : 3, acc 0.236
[2023-12-28 20:47:39] [INFO]     | distill epoch : 4, acc 0.267
[2023-12-28 20:47:39] [INFO]    -client 5
[2023-12-28 20:47:39] [INFO]     |  local epoch  : 0, acc 0.101
[2023-12-28 20:47:39] [INFO]     |  local epoch  : 1, acc 0.104
[2023-12-28 20:47:39] [INFO]     |  local epoch  : 2, acc 0.111
[2023-12-28 20:47:39] [INFO]     |  local epoch  : 3, acc 0.129
[2023-12-28 20:47:39] [INFO]     |  local epoch  : 4, acc 0.151
[2023-12-28 20:47:39] [INFO]     | distill epoch : 0, acc 0.177
[2023-12-28 20:47:39] [INFO]     | distill epoch : 1, acc 0.195
[2023-12-28 20:47:39] [INFO]     | distill epoch : 2, acc 0.220
[2023-12-28 20:47:39] [INFO]     | distill epoch : 3, acc 0.274
[2023-12-28 20:47:39] [INFO]     | distill epoch : 4, acc 0.297
[2023-12-28 20:47:39] [INFO] |servers comunicated: 1, server aggregated: 1, acc_server 1: 0.272.
[2023-12-28 20:47:39] [INFO] --------------------------------------------------
[2023-12-28 20:47:39] [INFO]   |server: 2
[2023-12-28 20:47:39] [INFO]    -client 6
[2023-12-28 20:47:39] [INFO]     |  local epoch  : 0, acc 0.138
[2023-12-28 20:47:39] [INFO]     |  local epoch  : 1, acc 0.242
[2023-12-28 20:47:39] [INFO]     |  local epoch  : 2, acc 0.252
[2023-12-28 20:47:39] [INFO]     |  local epoch  : 3, acc 0.296
[2023-12-28 20:47:39] [INFO]     |  local epoch  : 4, acc 0.344
[2023-12-28 20:47:39] [INFO]     | distill epoch : 0, acc 0.424
[2023-12-28 20:47:40] [INFO]     | distill epoch : 1, acc 0.479
[2023-12-28 20:47:40] [INFO]     | distill epoch : 2, acc 0.489
[2023-12-28 20:47:40] [INFO]     | distill epoch : 3, acc 0.487
[2023-12-28 20:47:40] [INFO]     | distill epoch : 4, acc 0.497
[2023-12-28 20:47:40] [INFO]    -client 7
[2023-12-28 20:47:40] [INFO]     |  local epoch  : 0, acc 0.135
[2023-12-28 20:47:40] [INFO]     |  local epoch  : 1, acc 0.173
[2023-12-28 20:47:40] [INFO]     |  local epoch  : 2, acc 0.206
[2023-12-28 20:47:40] [INFO]     |  local epoch  : 3, acc 0.255
[2023-12-28 20:47:40] [INFO]     |  local epoch  : 4, acc 0.258
[2023-12-28 20:47:40] [INFO]     | distill epoch : 0, acc 0.346
[2023-12-28 20:47:40] [INFO]     | distill epoch : 1, acc 0.425
[2023-12-28 20:47:40] [INFO]     | distill epoch : 2, acc 0.465
[2023-12-28 20:47:40] [INFO]     | distill epoch : 3, acc 0.458
[2023-12-28 20:47:40] [INFO]     | distill epoch : 4, acc 0.444
[2023-12-28 20:47:40] [INFO]    -client 8
[2023-12-28 20:47:40] [INFO]     |  local epoch  : 0, acc 0.136
[2023-12-28 20:47:40] [INFO]     |  local epoch  : 1, acc 0.206
[2023-12-28 20:47:40] [INFO]     |  local epoch  : 2, acc 0.189
[2023-12-28 20:47:40] [INFO]     |  local epoch  : 3, acc 0.249
[2023-12-28 20:47:40] [INFO]     |  local epoch  : 4, acc 0.256
[2023-12-28 20:47:41] [INFO]     | distill epoch : 0, acc 0.327
[2023-12-28 20:47:41] [INFO]     | distill epoch : 1, acc 0.400
[2023-12-28 20:47:41] [INFO]     | distill epoch : 2, acc 0.442
[2023-12-28 20:47:41] [INFO]     | distill epoch : 3, acc 0.445
[2023-12-28 20:47:41] [INFO]     | distill epoch : 4, acc 0.451
[2023-12-28 20:47:41] [INFO] |servers comunicated: 1, server aggregated: 1, acc_server 2: 0.464.
[2023-12-28 20:47:41] [INFO] --------------------------------------------------
[2023-12-28 20:47:41] [INFO]      ********  servers comunicates  ********      
[2023-12-28 20:47:41] [INFO] ./data/saved-data/mnist_algo_0/alpha_0.5_T_8/server_commu_2_client_commu_2_client_train_5_batch_size_200_num_all_client_9_num_all_server_3_num_client_data_1200_num_public_data_50_proportion_0.8.pt
