[2023-12-28 21:23:04] [INFO] device cuda is used.
[2023-12-28 21:23:04] [INFO] cudnn is actived.
[2023-12-28 21:23:04] [INFO] 
           alpha       :  0.5  
             T         :   8   
         algorithm     :   0   
     num_server_commu  :   2   
     num_client_commu  :   2   
     num_client_train  :   5   
     num_public_train  :   5   
        batch_size     :  200  
          dataset      : mnist 
       model_select    :   1   
      num_all_client   :   9   
      num_all_server   :   3   
      num_client_data  : 1200  
      num_public_data  :  50   
        proportion     :  0.8  

[2023-12-28 21:23:11] [INFO] --------------------------------------------------
[2023-12-28 21:23:11] [INFO] |epoch_server_commu: 0/2
[2023-12-28 21:23:11] [INFO]  |epoch_client_commu: 0/2
[2023-12-28 21:23:11] [INFO]   |server: 0
[2023-12-28 21:23:11] [INFO]    -client 0
[2023-12-28 21:23:12] [INFO]     |  local epoch  : 0, acc 0.089
[2023-12-28 21:23:12] [INFO]     |  local epoch  : 1, acc 0.089
[2023-12-28 21:23:12] [INFO]     |  local epoch  : 2, acc 0.089
[2023-12-28 21:23:12] [INFO]     |  local epoch  : 3, acc 0.089
[2023-12-28 21:23:12] [INFO]     |  local epoch  : 4, acc 0.089
[2023-12-28 21:23:12] [INFO]    -client 1
[2023-12-28 21:23:12] [INFO]     |  local epoch  : 0, acc 0.089
[2023-12-28 21:23:12] [INFO]     |  local epoch  : 1, acc 0.089
[2023-12-28 21:23:12] [INFO]     |  local epoch  : 2, acc 0.089
[2023-12-28 21:23:12] [INFO]     |  local epoch  : 3, acc 0.089
[2023-12-28 21:23:12] [INFO]     |  local epoch  : 4, acc 0.089
[2023-12-28 21:23:12] [INFO]    -client 2
[2023-12-28 21:23:12] [INFO]     |  local epoch  : 0, acc 0.089
[2023-12-28 21:23:12] [INFO]     |  local epoch  : 1, acc 0.089
[2023-12-28 21:23:12] [INFO]     |  local epoch  : 2, acc 0.089
[2023-12-28 21:23:12] [INFO]     |  local epoch  : 3, acc 0.089
[2023-12-28 21:23:12] [INFO]     |  local epoch  : 4, acc 0.089
[2023-12-28 21:23:12] [INFO] |servers comunicated: 0, server aggregated: 0, acc_server 0: 0.089.
[2023-12-28 21:23:12] [INFO] --------------------------------------------------
[2023-12-28 21:23:12] [INFO]   |server: 1
[2023-12-28 21:23:12] [INFO]    -client 3
[2023-12-28 21:23:12] [INFO]     |  local epoch  : 0, acc 0.049
[2023-12-28 21:23:13] [INFO]     |  local epoch  : 1, acc 0.114
[2023-12-28 21:23:13] [INFO]     |  local epoch  : 2, acc 0.114
[2023-12-28 21:23:13] [INFO]     |  local epoch  : 3, acc 0.114
[2023-12-28 21:23:13] [INFO]     |  local epoch  : 4, acc 0.114
[2023-12-28 21:23:13] [INFO]    -client 4
[2023-12-28 21:23:13] [INFO]     |  local epoch  : 0, acc 0.056
[2023-12-28 21:23:13] [INFO]     |  local epoch  : 1, acc 0.114
[2023-12-28 21:23:13] [INFO]     |  local epoch  : 2, acc 0.114
[2023-12-28 21:23:13] [INFO]     |  local epoch  : 3, acc 0.114
[2023-12-28 21:23:13] [INFO]     |  local epoch  : 4, acc 0.114
[2023-12-28 21:23:13] [INFO]    -client 5
[2023-12-28 21:23:13] [INFO]     |  local epoch  : 0, acc 0.030
[2023-12-28 21:23:13] [INFO]     |  local epoch  : 1, acc 0.114
[2023-12-28 21:23:13] [INFO]     |  local epoch  : 2, acc 0.114
[2023-12-28 21:23:13] [INFO]     |  local epoch  : 3, acc 0.114
[2023-12-28 21:23:13] [INFO]     |  local epoch  : 4, acc 0.114
[2023-12-28 21:23:13] [INFO] |servers comunicated: 0, server aggregated: 0, acc_server 1: 0.114.
[2023-12-28 21:23:13] [INFO] --------------------------------------------------
[2023-12-28 21:23:13] [INFO]   |server: 2
[2023-12-28 21:23:13] [INFO]    -client 6
[2023-12-28 21:23:13] [INFO]     |  local epoch  : 0, acc 0.097
[2023-12-28 21:23:13] [INFO]     |  local epoch  : 1, acc 0.097
[2023-12-28 21:23:13] [INFO]     |  local epoch  : 2, acc 0.097
[2023-12-28 21:23:13] [INFO]     |  local epoch  : 3, acc 0.097
[2023-12-28 21:23:13] [INFO]     |  local epoch  : 4, acc 0.097
[2023-12-28 21:23:13] [INFO]    -client 7
[2023-12-28 21:23:14] [INFO]     |  local epoch  : 0, acc 0.097
[2023-12-28 21:23:14] [INFO]     |  local epoch  : 1, acc 0.097
[2023-12-28 21:23:14] [INFO]     |  local epoch  : 2, acc 0.097
[2023-12-28 21:23:14] [INFO]     |  local epoch  : 3, acc 0.097
[2023-12-28 21:23:14] [INFO]     |  local epoch  : 4, acc 0.097
[2023-12-28 21:23:14] [INFO]    -client 8
[2023-12-28 21:23:14] [INFO]     |  local epoch  : 0, acc 0.097
[2023-12-28 21:23:14] [INFO]     |  local epoch  : 1, acc 0.097
[2023-12-28 21:23:14] [INFO]     |  local epoch  : 2, acc 0.097
[2023-12-28 21:23:14] [INFO]     |  local epoch  : 3, acc 0.097
[2023-12-28 21:23:14] [INFO]     |  local epoch  : 4, acc 0.097
[2023-12-28 21:23:14] [INFO] |servers comunicated: 0, server aggregated: 0, acc_server 2: 0.097.
[2023-12-28 21:23:14] [INFO] --------------------------------------------------
[2023-12-28 21:23:14] [INFO]  |epoch_client_commu: 1/2
[2023-12-28 21:23:14] [INFO]   |server: 0
[2023-12-28 21:23:14] [INFO]    -client 0
[2023-12-28 21:23:14] [INFO]     |  local epoch  : 0, acc 0.089
[2023-12-28 21:23:14] [INFO]     |  local epoch  : 1, acc 0.089
[2023-12-28 21:23:14] [INFO]     |  local epoch  : 2, acc 0.089
[2023-12-28 21:23:14] [INFO]     |  local epoch  : 3, acc 0.089
[2023-12-28 21:23:14] [INFO]     |  local epoch  : 4, acc 0.089
[2023-12-28 21:23:14] [INFO]    -client 1
[2023-12-28 21:23:14] [INFO]     |  local epoch  : 0, acc 0.089
[2023-12-28 21:23:14] [INFO]     |  local epoch  : 1, acc 0.089
[2023-12-28 21:23:14] [INFO]     |  local epoch  : 2, acc 0.089
[2023-12-28 21:23:14] [INFO]     |  local epoch  : 3, acc 0.089
[2023-12-28 21:23:15] [INFO]     |  local epoch  : 4, acc 0.089
[2023-12-28 21:23:15] [INFO]    -client 2
[2023-12-28 21:23:15] [INFO]     |  local epoch  : 0, acc 0.089
[2023-12-28 21:23:15] [INFO]     |  local epoch  : 1, acc 0.089
[2023-12-28 21:23:15] [INFO]     |  local epoch  : 2, acc 0.089
[2023-12-28 21:23:15] [INFO]     |  local epoch  : 3, acc 0.089
[2023-12-28 21:23:15] [INFO]     |  local epoch  : 4, acc 0.089
[2023-12-28 21:23:15] [INFO] |servers comunicated: 0, server aggregated: 1, acc_server 0: 0.089.
[2023-12-28 21:23:15] [INFO] --------------------------------------------------
[2023-12-28 21:23:15] [INFO]   |server: 1
[2023-12-28 21:23:15] [INFO]    -client 3
[2023-12-28 21:23:15] [INFO]     |  local epoch  : 0, acc 0.114
[2023-12-28 21:23:15] [INFO]     |  local epoch  : 1, acc 0.114
[2023-12-28 21:23:15] [INFO]     |  local epoch  : 2, acc 0.114
[2023-12-28 21:23:15] [INFO]     |  local epoch  : 3, acc 0.114
[2023-12-28 21:23:15] [INFO]     |  local epoch  : 4, acc 0.114
[2023-12-28 21:23:15] [INFO]    -client 4
[2023-12-28 21:23:15] [INFO]     |  local epoch  : 0, acc 0.114
[2023-12-28 21:23:15] [INFO]     |  local epoch  : 1, acc 0.114
[2023-12-28 21:23:15] [INFO]     |  local epoch  : 2, acc 0.114
[2023-12-28 21:23:15] [INFO]     |  local epoch  : 3, acc 0.114
[2023-12-28 21:23:15] [INFO]     |  local epoch  : 4, acc 0.114
[2023-12-28 21:23:15] [INFO]    -client 5
[2023-12-28 21:23:15] [INFO]     |  local epoch  : 0, acc 0.114
[2023-12-28 21:23:15] [INFO]     |  local epoch  : 1, acc 0.114
[2023-12-28 21:23:15] [INFO]     |  local epoch  : 2, acc 0.114
[2023-12-28 21:23:16] [INFO]     |  local epoch  : 3, acc 0.114
[2023-12-28 21:23:16] [INFO]     |  local epoch  : 4, acc 0.114
[2023-12-28 21:23:16] [INFO] |servers comunicated: 0, server aggregated: 1, acc_server 1: 0.114.
[2023-12-28 21:23:16] [INFO] --------------------------------------------------
[2023-12-28 21:23:16] [INFO]   |server: 2
[2023-12-28 21:23:16] [INFO]    -client 6
[2023-12-28 21:23:16] [INFO]     |  local epoch  : 0, acc 0.097
[2023-12-28 21:23:16] [INFO]     |  local epoch  : 1, acc 0.097
[2023-12-28 21:23:16] [INFO]     |  local epoch  : 2, acc 0.097
[2023-12-28 21:23:16] [INFO]     |  local epoch  : 3, acc 0.097
[2023-12-28 21:23:16] [INFO]     |  local epoch  : 4, acc 0.097
[2023-12-28 21:23:16] [INFO]    -client 7
[2023-12-28 21:23:16] [INFO]     |  local epoch  : 0, acc 0.097
[2023-12-28 21:23:16] [INFO]     |  local epoch  : 1, acc 0.097
[2023-12-28 21:23:16] [INFO]     |  local epoch  : 2, acc 0.097
[2023-12-28 21:23:16] [INFO]     |  local epoch  : 3, acc 0.097
[2023-12-28 21:23:16] [INFO]     |  local epoch  : 4, acc 0.097
[2023-12-28 21:23:16] [INFO]    -client 8
[2023-12-28 21:23:16] [INFO]     |  local epoch  : 0, acc 0.097
[2023-12-28 21:23:16] [INFO]     |  local epoch  : 1, acc 0.097
[2023-12-28 21:23:16] [INFO]     |  local epoch  : 2, acc 0.097
[2023-12-28 21:23:16] [INFO]     |  local epoch  : 3, acc 0.097
[2023-12-28 21:23:16] [INFO]     |  local epoch  : 4, acc 0.097
[2023-12-28 21:23:16] [INFO] |servers comunicated: 0, server aggregated: 1, acc_server 2: 0.097.
[2023-12-28 21:23:16] [INFO] --------------------------------------------------
[2023-12-28 21:23:16] [INFO]      ********  servers comunicates  ********      
[2023-12-28 21:23:16] [INFO] --------------------------------------------------
[2023-12-28 21:23:16] [INFO] |epoch_server_commu: 1/2
[2023-12-28 21:23:16] [INFO]  |epoch_client_commu: 0/2
[2023-12-28 21:23:16] [INFO]   |server: 0
[2023-12-28 21:23:16] [INFO]    -client 0
[2023-12-28 21:23:16] [INFO]     |  local epoch  : 0, acc 0.089
[2023-12-28 21:23:17] [INFO]     |  local epoch  : 1, acc 0.089
[2023-12-28 21:23:17] [INFO]     |  local epoch  : 2, acc 0.089
[2023-12-28 21:23:17] [INFO]     |  local epoch  : 3, acc 0.089
[2023-12-28 21:23:17] [INFO]     |  local epoch  : 4, acc 0.089
[2023-12-28 21:23:17] [INFO]     | distill epoch : 0, acc 0.089
[2023-12-28 21:23:17] [INFO]     | distill epoch : 1, acc 0.089
[2023-12-28 21:23:17] [INFO]     | distill epoch : 2, acc 0.089
[2023-12-28 21:23:17] [INFO]     | distill epoch : 3, acc 0.089
[2023-12-28 21:23:17] [INFO]     | distill epoch : 4, acc 0.089
[2023-12-28 21:23:17] [INFO]    -client 1
[2023-12-28 21:23:17] [INFO]     |  local epoch  : 0, acc 0.089
[2023-12-28 21:23:17] [INFO]     |  local epoch  : 1, acc 0.089
[2023-12-28 21:23:17] [INFO]     |  local epoch  : 2, acc 0.089
[2023-12-28 21:23:17] [INFO]     |  local epoch  : 3, acc 0.089
[2023-12-28 21:23:17] [INFO]     |  local epoch  : 4, acc 0.089
[2023-12-28 21:23:17] [INFO]     | distill epoch : 0, acc 0.089
[2023-12-28 21:23:18] [INFO]     | distill epoch : 1, acc 0.089
[2023-12-28 21:23:18] [INFO]     | distill epoch : 2, acc 0.089
[2023-12-28 21:23:18] [INFO]     | distill epoch : 3, acc 0.089
[2023-12-28 21:23:18] [INFO]     | distill epoch : 4, acc 0.089
[2023-12-28 21:23:18] [INFO]    -client 2
[2023-12-28 21:23:18] [INFO]     |  local epoch  : 0, acc 0.089
[2023-12-28 21:23:18] [INFO]     |  local epoch  : 1, acc 0.089
[2023-12-28 21:23:18] [INFO]     |  local epoch  : 2, acc 0.089
[2023-12-28 21:23:18] [INFO]     |  local epoch  : 3, acc 0.089
[2023-12-28 21:23:18] [INFO]     |  local epoch  : 4, acc 0.089
[2023-12-28 21:23:18] [INFO]     | distill epoch : 0, acc 0.089
[2023-12-28 21:23:18] [INFO]     | distill epoch : 1, acc 0.089
[2023-12-28 21:23:18] [INFO]     | distill epoch : 2, acc 0.089
[2023-12-28 21:23:18] [INFO]     | distill epoch : 3, acc 0.089
[2023-12-28 21:23:18] [INFO]     | distill epoch : 4, acc 0.089
[2023-12-28 21:23:18] [INFO] |servers comunicated: 1, server aggregated: 0, acc_server 0: 0.089.
[2023-12-28 21:23:18] [INFO] --------------------------------------------------
[2023-12-28 21:23:18] [INFO]   |server: 1
[2023-12-28 21:23:18] [INFO]    -client 3
[2023-12-28 21:23:18] [INFO]     |  local epoch  : 0, acc 0.114
[2023-12-28 21:23:18] [INFO]     |  local epoch  : 1, acc 0.116
[2023-12-28 21:23:18] [INFO]     |  local epoch  : 2, acc 0.137
[2023-12-28 21:23:18] [INFO]     |  local epoch  : 3, acc 0.176
[2023-12-28 21:23:18] [INFO]     |  local epoch  : 4, acc 0.201
[2023-12-28 21:23:18] [INFO]     | distill epoch : 0, acc 0.208
[2023-12-28 21:23:19] [INFO]     | distill epoch : 1, acc 0.231
[2023-12-28 21:23:19] [INFO]     | distill epoch : 2, acc 0.213
[2023-12-28 21:23:19] [INFO]     | distill epoch : 3, acc 0.172
[2023-12-28 21:23:19] [INFO]     | distill epoch : 4, acc 0.159
[2023-12-28 21:23:19] [INFO]    -client 4
[2023-12-28 21:23:19] [INFO]     |  local epoch  : 0, acc 0.114
[2023-12-28 21:23:19] [INFO]     |  local epoch  : 1, acc 0.114
[2023-12-28 21:23:19] [INFO]     |  local epoch  : 2, acc 0.124
[2023-12-28 21:23:19] [INFO]     |  local epoch  : 3, acc 0.165
[2023-12-28 21:23:19] [INFO]     |  local epoch  : 4, acc 0.183
[2023-12-28 21:23:19] [INFO]     | distill epoch : 0, acc 0.198
[2023-12-28 21:23:19] [INFO]     | distill epoch : 1, acc 0.211
[2023-12-28 21:23:19] [INFO]     | distill epoch : 2, acc 0.211
[2023-12-28 21:23:19] [INFO]     | distill epoch : 3, acc 0.185
[2023-12-28 21:23:19] [INFO]     | distill epoch : 4, acc 0.164
[2023-12-28 21:23:19] [INFO]    -client 5
[2023-12-28 21:23:19] [INFO]     |  local epoch  : 0, acc 0.114
[2023-12-28 21:23:19] [INFO]     |  local epoch  : 1, acc 0.114
[2023-12-28 21:23:19] [INFO]     |  local epoch  : 2, acc 0.118
[2023-12-28 21:23:19] [INFO]     |  local epoch  : 3, acc 0.136
[2023-12-28 21:23:19] [INFO]     |  local epoch  : 4, acc 0.170
[2023-12-28 21:23:19] [INFO]     | distill epoch : 0, acc 0.211
[2023-12-28 21:23:19] [INFO]     | distill epoch : 1, acc 0.222
[2023-12-28 21:23:20] [INFO]     | distill epoch : 2, acc 0.219
[2023-12-28 21:23:20] [INFO]     | distill epoch : 3, acc 0.183
[2023-12-28 21:23:20] [INFO]     | distill epoch : 4, acc 0.165
[2023-12-28 21:23:20] [INFO] |servers comunicated: 1, server aggregated: 0, acc_server 1: 0.168.
[2023-12-28 21:23:20] [INFO] --------------------------------------------------
[2023-12-28 21:23:20] [INFO]   |server: 2
[2023-12-28 21:23:20] [INFO]    -client 6
[2023-12-28 21:23:20] [INFO]     |  local epoch  : 0, acc 0.097
[2023-12-28 21:23:20] [INFO]     |  local epoch  : 1, acc 0.097
[2023-12-28 21:23:20] [INFO]     |  local epoch  : 2, acc 0.097
[2023-12-28 21:23:20] [INFO]     |  local epoch  : 3, acc 0.097
[2023-12-28 21:23:20] [INFO]     |  local epoch  : 4, acc 0.097
[2023-12-28 21:23:20] [INFO]     | distill epoch : 0, acc 0.097
[2023-12-28 21:23:20] [INFO]     | distill epoch : 1, acc 0.097
[2023-12-28 21:23:20] [INFO]     | distill epoch : 2, acc 0.097
[2023-12-28 21:23:20] [INFO]     | distill epoch : 3, acc 0.097
[2023-12-28 21:23:20] [INFO]     | distill epoch : 4, acc 0.097
[2023-12-28 21:23:20] [INFO]    -client 7
[2023-12-28 21:23:20] [INFO]     |  local epoch  : 0, acc 0.097
[2023-12-28 21:23:20] [INFO]     |  local epoch  : 1, acc 0.097
[2023-12-28 21:23:20] [INFO]     |  local epoch  : 2, acc 0.097
[2023-12-28 21:23:20] [INFO]     |  local epoch  : 3, acc 0.097
[2023-12-28 21:23:20] [INFO]     |  local epoch  : 4, acc 0.097
[2023-12-28 21:23:20] [INFO]     | distill epoch : 0, acc 0.097
[2023-12-28 21:23:20] [INFO]     | distill epoch : 1, acc 0.097
[2023-12-28 21:23:21] [INFO]     | distill epoch : 2, acc 0.097
[2023-12-28 21:23:21] [INFO]     | distill epoch : 3, acc 0.097
[2023-12-28 21:23:21] [INFO]     | distill epoch : 4, acc 0.097
[2023-12-28 21:23:21] [INFO]    -client 8
[2023-12-28 21:23:21] [INFO]     |  local epoch  : 0, acc 0.097
[2023-12-28 21:23:21] [INFO]     |  local epoch  : 1, acc 0.097
[2023-12-28 21:23:21] [INFO]     |  local epoch  : 2, acc 0.097
[2023-12-28 21:23:21] [INFO]     |  local epoch  : 3, acc 0.097
[2023-12-28 21:23:21] [INFO]     |  local epoch  : 4, acc 0.097
[2023-12-28 21:23:21] [INFO]     | distill epoch : 0, acc 0.097
[2023-12-28 21:23:21] [INFO]     | distill epoch : 1, acc 0.097
[2023-12-28 21:23:21] [INFO]     | distill epoch : 2, acc 0.097
[2023-12-28 21:23:21] [INFO]     | distill epoch : 3, acc 0.097
[2023-12-28 21:23:21] [INFO]     | distill epoch : 4, acc 0.097
[2023-12-28 21:23:21] [INFO] |servers comunicated: 1, server aggregated: 0, acc_server 2: 0.097.
[2023-12-28 21:23:21] [INFO] --------------------------------------------------
[2023-12-28 21:23:21] [INFO]  |epoch_client_commu: 1/2
[2023-12-28 21:23:21] [INFO]   |server: 0
[2023-12-28 21:23:21] [INFO]    -client 0
[2023-12-28 21:23:21] [INFO]     |  local epoch  : 0, acc 0.089
[2023-12-28 21:23:21] [INFO]     |  local epoch  : 1, acc 0.089
[2023-12-28 21:23:21] [INFO]     |  local epoch  : 2, acc 0.089
[2023-12-28 21:23:21] [INFO]     |  local epoch  : 3, acc 0.089
[2023-12-28 21:23:21] [INFO]     |  local epoch  : 4, acc 0.089
[2023-12-28 21:23:21] [INFO]     | distill epoch : 0, acc 0.089
[2023-12-28 21:23:22] [INFO]     | distill epoch : 1, acc 0.089
[2023-12-28 21:23:22] [INFO]     | distill epoch : 2, acc 0.089
[2023-12-28 21:23:22] [INFO]     | distill epoch : 3, acc 0.089
[2023-12-28 21:23:22] [INFO]     | distill epoch : 4, acc 0.089
[2023-12-28 21:23:22] [INFO]    -client 1
[2023-12-28 21:23:22] [INFO]     |  local epoch  : 0, acc 0.089
[2023-12-28 21:23:22] [INFO]     |  local epoch  : 1, acc 0.089
[2023-12-28 21:23:22] [INFO]     |  local epoch  : 2, acc 0.089
[2023-12-28 21:23:22] [INFO]     |  local epoch  : 3, acc 0.089
[2023-12-28 21:23:22] [INFO]     |  local epoch  : 4, acc 0.089
[2023-12-28 21:23:22] [INFO]     | distill epoch : 0, acc 0.089
[2023-12-28 21:23:22] [INFO]     | distill epoch : 1, acc 0.089
[2023-12-28 21:23:22] [INFO]     | distill epoch : 2, acc 0.089
[2023-12-28 21:23:22] [INFO]     | distill epoch : 3, acc 0.089
[2023-12-28 21:23:22] [INFO]     | distill epoch : 4, acc 0.090
[2023-12-28 21:23:22] [INFO]    -client 2
[2023-12-28 21:23:22] [INFO]     |  local epoch  : 0, acc 0.089
[2023-12-28 21:23:22] [INFO]     |  local epoch  : 1, acc 0.089
[2023-12-28 21:23:22] [INFO]     |  local epoch  : 2, acc 0.089
[2023-12-28 21:23:22] [INFO]     |  local epoch  : 3, acc 0.089
[2023-12-28 21:23:22] [INFO]     |  local epoch  : 4, acc 0.089
[2023-12-28 21:23:22] [INFO]     | distill epoch : 0, acc 0.089
[2023-12-28 21:23:22] [INFO]     | distill epoch : 1, acc 0.089
[2023-12-28 21:23:22] [INFO]     | distill epoch : 2, acc 0.089
[2023-12-28 21:23:23] [INFO]     | distill epoch : 3, acc 0.089
[2023-12-28 21:23:23] [INFO]     | distill epoch : 4, acc 0.089
[2023-12-28 21:23:23] [INFO] |servers comunicated: 1, server aggregated: 1, acc_server 0: 0.089.
[2023-12-28 21:23:23] [INFO] --------------------------------------------------
[2023-12-28 21:23:23] [INFO]   |server: 1
[2023-12-28 21:23:23] [INFO]    -client 3
[2023-12-28 21:23:23] [INFO]     |  local epoch  : 0, acc 0.148
[2023-12-28 21:23:23] [INFO]     |  local epoch  : 1, acc 0.215
[2023-12-28 21:23:23] [INFO]     |  local epoch  : 2, acc 0.233
[2023-12-28 21:23:23] [INFO]     |  local epoch  : 3, acc 0.244
[2023-12-28 21:23:23] [INFO]     |  local epoch  : 4, acc 0.269
[2023-12-28 21:23:23] [INFO]     | distill epoch : 0, acc 0.296
[2023-12-28 21:23:23] [INFO]     | distill epoch : 1, acc 0.308
[2023-12-28 21:23:23] [INFO]     | distill epoch : 2, acc 0.298
[2023-12-28 21:23:23] [INFO]     | distill epoch : 3, acc 0.283
[2023-12-28 21:23:23] [INFO]     | distill epoch : 4, acc 0.270
[2023-12-28 21:23:23] [INFO]    -client 4
[2023-12-28 21:23:23] [INFO]     |  local epoch  : 0, acc 0.133
[2023-12-28 21:23:23] [INFO]     |  local epoch  : 1, acc 0.228
[2023-12-28 21:23:23] [INFO]     |  local epoch  : 2, acc 0.297
[2023-12-28 21:23:23] [INFO]     |  local epoch  : 3, acc 0.331
[2023-12-28 21:23:23] [INFO]     |  local epoch  : 4, acc 0.409
[2023-12-28 21:23:23] [INFO]     | distill epoch : 0, acc 0.399
[2023-12-28 21:23:23] [INFO]     | distill epoch : 1, acc 0.384
[2023-12-28 21:23:23] [INFO]     | distill epoch : 2, acc 0.319
[2023-12-28 21:23:24] [INFO]     | distill epoch : 3, acc 0.291
[2023-12-28 21:23:24] [INFO]     | distill epoch : 4, acc 0.279
[2023-12-28 21:23:24] [INFO]    -client 5
[2023-12-28 21:23:24] [INFO]     |  local epoch  : 0, acc 0.126
[2023-12-28 21:23:24] [INFO]     |  local epoch  : 1, acc 0.207
[2023-12-28 21:23:24] [INFO]     |  local epoch  : 2, acc 0.236
[2023-12-28 21:23:24] [INFO]     |  local epoch  : 3, acc 0.279
[2023-12-28 21:23:24] [INFO]     |  local epoch  : 4, acc 0.313
[2023-12-28 21:23:24] [INFO]     | distill epoch : 0, acc 0.343
[2023-12-28 21:23:24] [INFO]     | distill epoch : 1, acc 0.359
[2023-12-28 21:23:24] [INFO]     | distill epoch : 2, acc 0.337
[2023-12-28 21:23:24] [INFO]     | distill epoch : 3, acc 0.289
[2023-12-28 21:23:24] [INFO]     | distill epoch : 4, acc 0.274
[2023-12-28 21:23:24] [INFO] |servers comunicated: 1, server aggregated: 1, acc_server 1: 0.276.
[2023-12-28 21:23:24] [INFO] --------------------------------------------------
[2023-12-28 21:23:24] [INFO]   |server: 2
[2023-12-28 21:23:24] [INFO]    -client 6
[2023-12-28 21:23:24] [INFO]     |  local epoch  : 0, acc 0.097
[2023-12-28 21:23:24] [INFO]     |  local epoch  : 1, acc 0.097
[2023-12-28 21:23:24] [INFO]     |  local epoch  : 2, acc 0.097
[2023-12-28 21:23:24] [INFO]     |  local epoch  : 3, acc 0.097
[2023-12-28 21:23:24] [INFO]     |  local epoch  : 4, acc 0.097
[2023-12-28 21:23:24] [INFO]     | distill epoch : 0, acc 0.097
[2023-12-28 21:23:24] [INFO]     | distill epoch : 1, acc 0.097
[2023-12-28 21:23:25] [INFO]     | distill epoch : 2, acc 0.097
[2023-12-28 21:23:25] [INFO]     | distill epoch : 3, acc 0.097
[2023-12-28 21:23:25] [INFO]     | distill epoch : 4, acc 0.097
[2023-12-28 21:23:25] [INFO]    -client 7
[2023-12-28 21:23:25] [INFO]     |  local epoch  : 0, acc 0.097
[2023-12-28 21:23:25] [INFO]     |  local epoch  : 1, acc 0.097
[2023-12-28 21:23:25] [INFO]     |  local epoch  : 2, acc 0.097
[2023-12-28 21:23:25] [INFO]     |  local epoch  : 3, acc 0.097
[2023-12-28 21:23:25] [INFO]     |  local epoch  : 4, acc 0.097
[2023-12-28 21:23:25] [INFO]     | distill epoch : 0, acc 0.097
[2023-12-28 21:23:25] [INFO]     | distill epoch : 1, acc 0.097
[2023-12-28 21:23:25] [INFO]     | distill epoch : 2, acc 0.097
[2023-12-28 21:23:25] [INFO]     | distill epoch : 3, acc 0.097
[2023-12-28 21:23:25] [INFO]     | distill epoch : 4, acc 0.097
[2023-12-28 21:23:25] [INFO]    -client 8
[2023-12-28 21:23:25] [INFO]     |  local epoch  : 0, acc 0.097
[2023-12-28 21:23:25] [INFO]     |  local epoch  : 1, acc 0.097
[2023-12-28 21:23:25] [INFO]     |  local epoch  : 2, acc 0.097
[2023-12-28 21:23:25] [INFO]     |  local epoch  : 3, acc 0.097
[2023-12-28 21:23:25] [INFO]     |  local epoch  : 4, acc 0.097
[2023-12-28 21:23:25] [INFO]     | distill epoch : 0, acc 0.097
[2023-12-28 21:23:25] [INFO]     | distill epoch : 1, acc 0.097
[2023-12-28 21:23:25] [INFO]     | distill epoch : 2, acc 0.097
[2023-12-28 21:23:26] [INFO]     | distill epoch : 3, acc 0.097
[2023-12-28 21:23:26] [INFO]     | distill epoch : 4, acc 0.097
[2023-12-28 21:23:26] [INFO] |servers comunicated: 1, server aggregated: 1, acc_server 2: 0.097.
[2023-12-28 21:23:26] [INFO] --------------------------------------------------
[2023-12-28 21:23:26] [INFO]      ********  servers comunicates  ********      
[2023-12-28 21:23:26] [INFO] ./data/saved-data/mnist_algo_0/alpha_0.5_T_8/server_commu_2_client_commu_2_client_train_5_batch_size_200_num_all_client_9_num_all_server_3_num_client_data_1200_num_public_data_50_proportion_0.8.pt
