[2023-12-28 22:28:26] [INFO] device cuda is used.
[2023-12-28 22:28:26] [INFO] cudnn is actived.
[2023-12-28 22:28:26] [INFO] 
           alpha       :  0.3  
             T         :   1   
         algorithm     :   0   
     num_server_commu  :  20   
     num_client_commu  :  10   
     num_client_train  :   5   
     num_public_train  :   5   
        batch_size     :  200  
          dataset      : mnist 
       model_select    :   1   
      num_all_client   :   9   
      num_all_server   :   3   
      num_client_data  : 1200  
      num_public_data  :  50   
        proportion     :  0.8  

[2023-12-28 22:28:33] [INFO] --------------------------------------------------
[2023-12-28 22:28:33] [INFO] |epoch_server_commu: 0/20
[2023-12-28 22:28:33] [INFO]  |epoch_client_commu: 0/10
[2023-12-28 22:28:33] [INFO]   |server: 0
[2023-12-28 22:28:33] [INFO]    -client 0
[2023-12-28 22:28:33] [INFO]     |  local epoch  : 0, acc 0.097
[2023-12-28 22:28:33] [INFO]     |  local epoch  : 1, acc 0.114
[2023-12-28 22:28:33] [INFO]     |  local epoch  : 2, acc 0.114
[2023-12-28 22:28:34] [INFO]     |  local epoch  : 3, acc 0.114
[2023-12-28 22:28:34] [INFO]     |  local epoch  : 4, acc 0.114
[2023-12-28 22:28:34] [INFO]    -client 1
[2023-12-28 22:28:34] [INFO]     |  local epoch  : 0, acc 0.098
[2023-12-28 22:28:34] [INFO]     |  local epoch  : 1, acc 0.114
[2023-12-28 22:28:34] [INFO]     |  local epoch  : 2, acc 0.114
[2023-12-28 22:28:34] [INFO]     |  local epoch  : 3, acc 0.114
[2023-12-28 22:28:34] [INFO]     |  local epoch  : 4, acc 0.114
[2023-12-28 22:28:34] [INFO]    -client 2
[2023-12-28 22:28:34] [INFO]     |  local epoch  : 0, acc 0.098
[2023-12-28 22:28:34] [INFO]     |  local epoch  : 1, acc 0.114
[2023-12-28 22:28:34] [INFO]     |  local epoch  : 2, acc 0.114
[2023-12-28 22:28:34] [INFO]     |  local epoch  : 3, acc 0.114
[2023-12-28 22:28:34] [INFO]     |  local epoch  : 4, acc 0.114
[2023-12-28 22:28:34] [INFO] |servers comunicated: 0, server aggregated: 0, acc_server 0: 0.114.
[2023-12-28 22:28:34] [INFO] --------------------------------------------------
[2023-12-28 22:28:34] [INFO]   |server: 1
[2023-12-28 22:28:34] [INFO]    -client 3
[2023-12-28 22:28:34] [INFO]     |  local epoch  : 0, acc 0.103
[2023-12-28 22:28:34] [INFO]     |  local epoch  : 1, acc 0.103
[2023-12-28 22:28:34] [INFO]     |  local epoch  : 2, acc 0.103
[2023-12-28 22:28:35] [INFO]     |  local epoch  : 3, acc 0.103
[2023-12-28 22:28:35] [INFO]     |  local epoch  : 4, acc 0.103
[2023-12-28 22:28:35] [INFO]    -client 4
[2023-12-28 22:28:35] [INFO]     |  local epoch  : 0, acc 0.103
[2023-12-28 22:28:35] [INFO]     |  local epoch  : 1, acc 0.103
[2023-12-28 22:28:35] [INFO]     |  local epoch  : 2, acc 0.103
[2023-12-28 22:28:35] [INFO]     |  local epoch  : 3, acc 0.103
[2023-12-28 22:28:35] [INFO]     |  local epoch  : 4, acc 0.103
[2023-12-28 22:28:35] [INFO]    -client 5
[2023-12-28 22:28:35] [INFO]     |  local epoch  : 0, acc 0.103
[2023-12-28 22:28:35] [INFO]     |  local epoch  : 1, acc 0.103
[2023-12-28 22:28:35] [INFO]     |  local epoch  : 2, acc 0.103
[2023-12-28 22:28:35] [INFO]     |  local epoch  : 3, acc 0.103
[2023-12-28 22:28:35] [INFO]     |  local epoch  : 4, acc 0.103
[2023-12-28 22:28:35] [INFO] |servers comunicated: 0, server aggregated: 0, acc_server 1: 0.103.
[2023-12-28 22:28:35] [INFO] --------------------------------------------------
[2023-12-28 22:28:35] [INFO]   |server: 2
[2023-12-28 22:28:35] [INFO]    -client 6
[2023-12-28 22:28:35] [INFO]     |  local epoch  : 0, acc 0.084
[2023-12-28 22:28:35] [INFO]     |  local epoch  : 1, acc 0.098
[2023-12-28 22:28:35] [INFO]     |  local epoch  : 2, acc 0.098
[2023-12-28 22:28:35] [INFO]     |  local epoch  : 3, acc 0.098
[2023-12-28 22:28:36] [INFO]     |  local epoch  : 4, acc 0.098
[2023-12-28 22:28:36] [INFO]    -client 7
[2023-12-28 22:28:36] [INFO]     |  local epoch  : 0, acc 0.078
[2023-12-28 22:28:36] [INFO]     |  local epoch  : 1, acc 0.098
[2023-12-28 22:28:36] [INFO]     |  local epoch  : 2, acc 0.098
[2023-12-28 22:28:36] [INFO]     |  local epoch  : 3, acc 0.098
[2023-12-28 22:28:36] [INFO]     |  local epoch  : 4, acc 0.098
[2023-12-28 22:28:36] [INFO]    -client 8
[2023-12-28 22:28:36] [INFO]     |  local epoch  : 0, acc 0.089
[2023-12-28 22:28:36] [INFO]     |  local epoch  : 1, acc 0.098
[2023-12-28 22:28:36] [INFO]     |  local epoch  : 2, acc 0.098
[2023-12-28 22:28:36] [INFO]     |  local epoch  : 3, acc 0.098
[2023-12-28 22:28:36] [INFO]     |  local epoch  : 4, acc 0.098
[2023-12-28 22:28:36] [INFO] |servers comunicated: 0, server aggregated: 0, acc_server 2: 0.098.
[2023-12-28 22:28:36] [INFO] --------------------------------------------------
[2023-12-28 22:28:36] [INFO]  |epoch_client_commu: 1/10
[2023-12-28 22:28:36] [INFO]   |server: 0
[2023-12-28 22:28:36] [INFO]    -client 0
[2023-12-28 22:28:36] [INFO]     |  local epoch  : 0, acc 0.114
[2023-12-28 22:28:36] [INFO]     |  local epoch  : 1, acc 0.114
[2023-12-28 22:28:36] [INFO]     |  local epoch  : 2, acc 0.114
[2023-12-28 22:28:36] [INFO]     |  local epoch  : 3, acc 0.114
[2023-12-28 22:28:37] [INFO]     |  local epoch  : 4, acc 0.115
[2023-12-28 22:28:37] [INFO]    -client 1
[2023-12-28 22:28:37] [INFO]     |  local epoch  : 0, acc 0.114
[2023-12-28 22:28:37] [INFO]     |  local epoch  : 1, acc 0.114
[2023-12-28 22:28:37] [INFO]     |  local epoch  : 2, acc 0.114
[2023-12-28 22:28:37] [INFO]     |  local epoch  : 3, acc 0.114
[2023-12-28 22:28:37] [INFO]     |  local epoch  : 4, acc 0.116
[2023-12-28 22:28:37] [INFO]    -client 2
[2023-12-28 22:28:37] [INFO]     |  local epoch  : 0, acc 0.114
[2023-12-28 22:28:37] [INFO]     |  local epoch  : 1, acc 0.114
[2023-12-28 22:28:37] [INFO]     |  local epoch  : 2, acc 0.114
[2023-12-28 22:28:37] [INFO]     |  local epoch  : 3, acc 0.114
[2023-12-28 22:28:37] [INFO]     |  local epoch  : 4, acc 0.114
[2023-12-28 22:28:37] [INFO] |servers comunicated: 0, server aggregated: 1, acc_server 0: 0.115.
[2023-12-28 22:28:37] [INFO] --------------------------------------------------
[2023-12-28 22:28:37] [INFO]   |server: 1
[2023-12-28 22:28:37] [INFO]    -client 3
[2023-12-28 22:28:37] [INFO]     |  local epoch  : 0, acc 0.103
[2023-12-28 22:28:37] [INFO]     |  local epoch  : 1, acc 0.103
[2023-12-28 22:28:37] [INFO]     |  local epoch  : 2, acc 0.103
[2023-12-28 22:28:37] [INFO]     |  local epoch  : 3, acc 0.103
[2023-12-28 22:28:38] [INFO]     |  local epoch  : 4, acc 0.103
[2023-12-28 22:28:38] [INFO]    -client 4
[2023-12-28 22:28:38] [INFO]     |  local epoch  : 0, acc 0.103
[2023-12-28 22:28:38] [INFO]     |  local epoch  : 1, acc 0.103
[2023-12-28 22:28:38] [INFO]     |  local epoch  : 2, acc 0.103
[2023-12-28 22:28:38] [INFO]     |  local epoch  : 3, acc 0.103
[2023-12-28 22:28:38] [INFO]     |  local epoch  : 4, acc 0.103
[2023-12-28 22:28:38] [INFO]    -client 5
[2023-12-28 22:28:38] [INFO]     |  local epoch  : 0, acc 0.103
[2023-12-28 22:28:38] [INFO]     |  local epoch  : 1, acc 0.103
[2023-12-28 22:28:38] [INFO]     |  local epoch  : 2, acc 0.103
[2023-12-28 22:28:38] [INFO]     |  local epoch  : 3, acc 0.103
[2023-12-28 22:28:38] [INFO]     |  local epoch  : 4, acc 0.103
[2023-12-28 22:28:38] [INFO] |servers comunicated: 0, server aggregated: 1, acc_server 1: 0.103.
[2023-12-28 22:28:38] [INFO] --------------------------------------------------
[2023-12-28 22:28:38] [INFO]   |server: 2
[2023-12-28 22:28:38] [INFO]    -client 6
[2023-12-28 22:28:38] [INFO]     |  local epoch  : 0, acc 0.098
[2023-12-28 22:28:38] [INFO]     |  local epoch  : 1, acc 0.098
[2023-12-28 22:28:38] [INFO]     |  local epoch  : 2, acc 0.098
[2023-12-28 22:28:38] [INFO]     |  local epoch  : 3, acc 0.098
[2023-12-28 22:28:39] [INFO]     |  local epoch  : 4, acc 0.098
[2023-12-28 22:28:39] [INFO]    -client 7
[2023-12-28 22:28:39] [INFO]     |  local epoch  : 0, acc 0.098
[2023-12-28 22:28:39] [INFO]     |  local epoch  : 1, acc 0.098
[2023-12-28 22:28:39] [INFO]     |  local epoch  : 2, acc 0.098
[2023-12-28 22:28:39] [INFO]     |  local epoch  : 3, acc 0.098
[2023-12-28 22:28:39] [INFO]     |  local epoch  : 4, acc 0.098
[2023-12-28 22:28:39] [INFO]    -client 8
[2023-12-28 22:28:39] [INFO]     |  local epoch  : 0, acc 0.098
[2023-12-28 22:28:39] [INFO]     |  local epoch  : 1, acc 0.098
[2023-12-28 22:28:39] [INFO]     |  local epoch  : 2, acc 0.098
[2023-12-28 22:28:39] [INFO]     |  local epoch  : 3, acc 0.098
[2023-12-28 22:28:39] [INFO]     |  local epoch  : 4, acc 0.098
[2023-12-28 22:28:39] [INFO] |servers comunicated: 0, server aggregated: 1, acc_server 2: 0.098.
[2023-12-28 22:28:39] [INFO] --------------------------------------------------
[2023-12-28 22:28:39] [INFO]  |epoch_client_commu: 2/10
[2023-12-28 22:28:39] [INFO]   |server: 0
[2023-12-28 22:28:39] [INFO]    -client 0
[2023-12-28 22:28:39] [INFO]     |  local epoch  : 0, acc 0.143
[2023-12-28 22:28:39] [INFO]     |  local epoch  : 1, acc 0.205
[2023-12-28 22:28:39] [INFO]     |  local epoch  : 2, acc 0.273
[2023-12-28 22:28:39] [INFO]     |  local epoch  : 3, acc 0.288
[2023-12-28 22:28:39] [INFO]     |  local epoch  : 4, acc 0.360
[2023-12-28 22:28:39] [INFO]    -client 1
[2023-12-28 22:28:40] [INFO]     |  local epoch  : 0, acc 0.139
[2023-12-28 22:28:40] [INFO]     |  local epoch  : 1, acc 0.189
[2023-12-28 22:28:40] [INFO]     |  local epoch  : 2, acc 0.224
[2023-12-28 22:28:40] [INFO]     |  local epoch  : 3, acc 0.290
[2023-12-28 22:28:40] [INFO]     |  local epoch  : 4, acc 0.339
[2023-12-28 22:28:40] [INFO]    -client 2
[2023-12-28 22:28:40] [INFO]     |  local epoch  : 0, acc 0.139
[2023-12-28 22:28:40] [INFO]     |  local epoch  : 1, acc 0.184
[2023-12-28 22:28:40] [INFO]     |  local epoch  : 2, acc 0.208
[2023-12-28 22:28:40] [INFO]     |  local epoch  : 3, acc 0.240
[2023-12-28 22:28:40] [INFO]     |  local epoch  : 4, acc 0.277
[2023-12-28 22:28:40] [INFO] |servers comunicated: 0, server aggregated: 2, acc_server 0: 0.359.
[2023-12-28 22:28:40] [INFO] --------------------------------------------------
[2023-12-28 22:28:40] [INFO]   |server: 1
[2023-12-28 22:28:40] [INFO]    -client 3
[2023-12-28 22:28:40] [INFO]     |  local epoch  : 0, acc 0.103
[2023-12-28 22:28:40] [INFO]     |  local epoch  : 1, acc 0.103
[2023-12-28 22:28:40] [INFO]     |  local epoch  : 2, acc 0.105
[2023-12-28 22:28:40] [INFO]     |  local epoch  : 3, acc 0.115
[2023-12-28 22:28:40] [INFO]     |  local epoch  : 4, acc 0.182
[2023-12-28 22:28:40] [INFO]    -client 4
[2023-12-28 22:28:41] [INFO]     |  local epoch  : 0, acc 0.103
[2023-12-28 22:28:41] [INFO]     |  local epoch  : 1, acc 0.103
[2023-12-28 22:28:41] [INFO]     |  local epoch  : 2, acc 0.103
[2023-12-28 22:28:41] [INFO]     |  local epoch  : 3, acc 0.112
[2023-12-28 22:28:41] [INFO]     |  local epoch  : 4, acc 0.133
[2023-12-28 22:28:41] [INFO]    -client 5
[2023-12-28 22:28:41] [INFO]     |  local epoch  : 0, acc 0.103
[2023-12-28 22:28:41] [INFO]     |  local epoch  : 1, acc 0.103
[2023-12-28 22:28:41] [INFO]     |  local epoch  : 2, acc 0.105
[2023-12-28 22:28:41] [INFO]     |  local epoch  : 3, acc 0.137
[2023-12-28 22:28:41] [INFO]     |  local epoch  : 4, acc 0.190
[2023-12-28 22:28:41] [INFO] |servers comunicated: 0, server aggregated: 2, acc_server 1: 0.165.
[2023-12-28 22:28:41] [INFO] --------------------------------------------------
[2023-12-28 22:28:41] [INFO]   |server: 2
[2023-12-28 22:28:41] [INFO]    -client 6
[2023-12-28 22:28:41] [INFO]     |  local epoch  : 0, acc 0.098
[2023-12-28 22:28:41] [INFO]     |  local epoch  : 1, acc 0.098
[2023-12-28 22:28:41] [INFO]     |  local epoch  : 2, acc 0.127
[2023-12-28 22:28:41] [INFO]     |  local epoch  : 3, acc 0.184
[2023-12-28 22:28:41] [INFO]     |  local epoch  : 4, acc 0.245
[2023-12-28 22:28:41] [INFO]    -client 7
[2023-12-28 22:28:42] [INFO]     |  local epoch  : 0, acc 0.098
[2023-12-28 22:28:42] [INFO]     |  local epoch  : 1, acc 0.100
[2023-12-28 22:28:42] [INFO]     |  local epoch  : 2, acc 0.169
[2023-12-28 22:28:42] [INFO]     |  local epoch  : 3, acc 0.241
[2023-12-28 22:28:42] [INFO]     |  local epoch  : 4, acc 0.288
[2023-12-28 22:28:42] [INFO]    -client 8
[2023-12-28 22:28:42] [INFO]     |  local epoch  : 0, acc 0.098
[2023-12-28 22:28:42] [INFO]     |  local epoch  : 1, acc 0.101
[2023-12-28 22:28:42] [INFO]     |  local epoch  : 2, acc 0.129
[2023-12-28 22:28:42] [INFO]     |  local epoch  : 3, acc 0.229
[2023-12-28 22:28:42] [INFO]     |  local epoch  : 4, acc 0.276
[2023-12-28 22:28:42] [INFO] |servers comunicated: 0, server aggregated: 2, acc_server 2: 0.267.
[2023-12-28 22:28:42] [INFO] --------------------------------------------------
[2023-12-28 22:28:42] [INFO]  |epoch_client_commu: 3/10
[2023-12-28 22:28:42] [INFO]   |server: 0
[2023-12-28 22:28:42] [INFO]    -client 0
[2023-12-28 22:28:42] [INFO]     |  local epoch  : 0, acc 0.388
[2023-12-28 22:28:42] [INFO]     |  local epoch  : 1, acc 0.469
[2023-12-28 22:28:42] [INFO]     |  local epoch  : 2, acc 0.468
[2023-12-28 22:28:42] [INFO]     |  local epoch  : 3, acc 0.538
[2023-12-28 22:28:42] [INFO]     |  local epoch  : 4, acc 0.578
[2023-12-28 22:28:42] [INFO]    -client 1
[2023-12-28 22:28:43] [INFO]     |  local epoch  : 0, acc 0.417
[2023-12-28 22:28:43] [INFO]     |  local epoch  : 1, acc 0.461
[2023-12-28 22:28:43] [INFO]     |  local epoch  : 2, acc 0.475
[2023-12-28 22:28:43] [INFO]     |  local epoch  : 3, acc 0.530
[2023-12-28 22:28:43] [INFO]     |  local epoch  : 4, acc 0.573
[2023-12-28 22:28:43] [INFO]    -client 2
[2023-12-28 22:28:43] [INFO]     |  local epoch  : 0, acc 0.380
[2023-12-28 22:28:43] [INFO]     |  local epoch  : 1, acc 0.427
[2023-12-28 22:28:43] [INFO]     |  local epoch  : 2, acc 0.428
[2023-12-28 22:28:43] [INFO]     |  local epoch  : 3, acc 0.507
[2023-12-28 22:28:43] [INFO]     |  local epoch  : 4, acc 0.548
[2023-12-28 22:28:43] [INFO] |servers comunicated: 0, server aggregated: 3, acc_server 0: 0.601.
[2023-12-28 22:28:43] [INFO] --------------------------------------------------
[2023-12-28 22:28:43] [INFO]   |server: 1
[2023-12-28 22:28:43] [INFO]    -client 3
[2023-12-28 22:28:43] [INFO]     |  local epoch  : 0, acc 0.258
[2023-12-28 22:28:43] [INFO]     |  local epoch  : 1, acc 0.274
[2023-12-28 22:28:43] [INFO]     |  local epoch  : 2, acc 0.318
[2023-12-28 22:28:43] [INFO]     |  local epoch  : 3, acc 0.323
[2023-12-28 22:28:43] [INFO]     |  local epoch  : 4, acc 0.358
[2023-12-28 22:28:43] [INFO]    -client 4
[2023-12-28 22:28:44] [INFO]     |  local epoch  : 0, acc 0.169
[2023-12-28 22:28:44] [INFO]     |  local epoch  : 1, acc 0.256
[2023-12-28 22:28:44] [INFO]     |  local epoch  : 2, acc 0.280
[2023-12-28 22:28:44] [INFO]     |  local epoch  : 3, acc 0.314
[2023-12-28 22:28:44] [INFO]     |  local epoch  : 4, acc 0.309
[2023-12-28 22:28:44] [INFO]    -client 5
[2023-12-28 22:28:44] [INFO]     |  local epoch  : 0, acc 0.232
[2023-12-28 22:28:44] [INFO]     |  local epoch  : 1, acc 0.250
[2023-12-28 22:28:44] [INFO]     |  local epoch  : 2, acc 0.268
[2023-12-28 22:28:44] [INFO]     |  local epoch  : 3, acc 0.295
[2023-12-28 22:28:44] [INFO]     |  local epoch  : 4, acc 0.317
[2023-12-28 22:28:44] [INFO] |servers comunicated: 0, server aggregated: 3, acc_server 1: 0.357.
[2023-12-28 22:28:44] [INFO] --------------------------------------------------
[2023-12-28 22:28:44] [INFO]   |server: 2
[2023-12-28 22:28:44] [INFO]    -client 6
[2023-12-28 22:28:44] [INFO]     |  local epoch  : 0, acc 0.364
[2023-12-28 22:28:44] [INFO]     |  local epoch  : 1, acc 0.424
[2023-12-28 22:28:44] [INFO]     |  local epoch  : 2, acc 0.425
[2023-12-28 22:28:44] [INFO]     |  local epoch  : 3, acc 0.512
[2023-12-28 22:28:44] [INFO]     |  local epoch  : 4, acc 0.528
[2023-12-28 22:28:44] [INFO]    -client 7
[2023-12-28 22:28:44] [INFO]     |  local epoch  : 0, acc 0.318
[2023-12-28 22:28:45] [INFO]     |  local epoch  : 1, acc 0.381
[2023-12-28 22:28:45] [INFO]     |  local epoch  : 2, acc 0.379
[2023-12-28 22:28:45] [INFO]     |  local epoch  : 3, acc 0.451
[2023-12-28 22:28:45] [INFO]     |  local epoch  : 4, acc 0.486
[2023-12-28 22:28:45] [INFO]    -client 8
[2023-12-28 22:28:45] [INFO]     |  local epoch  : 0, acc 0.364
[2023-12-28 22:28:45] [INFO]     |  local epoch  : 1, acc 0.366
[2023-12-28 22:28:45] [INFO]     |  local epoch  : 2, acc 0.415
[2023-12-28 22:28:45] [INFO]     |  local epoch  : 3, acc 0.436
[2023-12-28 22:28:45] [INFO]     |  local epoch  : 4, acc 0.539
[2023-12-28 22:28:45] [INFO] |servers comunicated: 0, server aggregated: 3, acc_server 2: 0.540.
[2023-12-28 22:28:45] [INFO] --------------------------------------------------
[2023-12-28 22:28:45] [INFO]  |epoch_client_commu: 4/10
[2023-12-28 22:28:45] [INFO]   |server: 0
[2023-12-28 22:28:45] [INFO]    -client 0
[2023-12-28 22:28:45] [INFO]     |  local epoch  : 0, acc 0.550
[2023-12-28 22:28:45] [INFO]     |  local epoch  : 1, acc 0.623
[2023-12-28 22:28:45] [INFO]     |  local epoch  : 2, acc 0.655
[2023-12-28 22:28:45] [INFO]     |  local epoch  : 3, acc 0.641
[2023-12-28 22:28:45] [INFO]     |  local epoch  : 4, acc 0.662
[2023-12-28 22:28:45] [INFO]    -client 1
[2023-12-28 22:28:45] [INFO]     |  local epoch  : 0, acc 0.594
[2023-12-28 22:28:46] [INFO]     |  local epoch  : 1, acc 0.648
[2023-12-28 22:28:46] [INFO]     |  local epoch  : 2, acc 0.631
[2023-12-28 22:28:46] [INFO]     |  local epoch  : 3, acc 0.691
[2023-12-28 22:28:46] [INFO]     |  local epoch  : 4, acc 0.718
[2023-12-28 22:28:46] [INFO]    -client 2
[2023-12-28 22:28:46] [INFO]     |  local epoch  : 0, acc 0.627
[2023-12-28 22:28:46] [INFO]     |  local epoch  : 1, acc 0.587
[2023-12-28 22:28:46] [INFO]     |  local epoch  : 2, acc 0.657
[2023-12-28 22:28:46] [INFO]     |  local epoch  : 3, acc 0.669
[2023-12-28 22:28:46] [INFO]     |  local epoch  : 4, acc 0.671
[2023-12-28 22:28:46] [INFO] |servers comunicated: 0, server aggregated: 4, acc_server 0: 0.710.
[2023-12-28 22:28:46] [INFO] --------------------------------------------------
[2023-12-28 22:28:46] [INFO]   |server: 1
[2023-12-28 22:28:46] [INFO]    -client 3
[2023-12-28 22:28:46] [INFO]     |  local epoch  : 0, acc 0.404
[2023-12-28 22:28:46] [INFO]     |  local epoch  : 1, acc 0.369
[2023-12-28 22:28:46] [INFO]     |  local epoch  : 2, acc 0.356
[2023-12-28 22:28:46] [INFO]     |  local epoch  : 3, acc 0.461
[2023-12-28 22:28:46] [INFO]     |  local epoch  : 4, acc 0.447
[2023-12-28 22:28:46] [INFO]    -client 4
[2023-12-28 22:28:46] [INFO]     |  local epoch  : 0, acc 0.389
[2023-12-28 22:28:47] [INFO]     |  local epoch  : 1, acc 0.356
[2023-12-28 22:28:47] [INFO]     |  local epoch  : 2, acc 0.361
[2023-12-28 22:28:47] [INFO]     |  local epoch  : 3, acc 0.413
[2023-12-28 22:28:47] [INFO]     |  local epoch  : 4, acc 0.371
[2023-12-28 22:28:47] [INFO]    -client 5
[2023-12-28 22:28:47] [INFO]     |  local epoch  : 0, acc 0.442
[2023-12-28 22:28:47] [INFO]     |  local epoch  : 1, acc 0.389
[2023-12-28 22:28:47] [INFO]     |  local epoch  : 2, acc 0.432
[2023-12-28 22:28:47] [INFO]     |  local epoch  : 3, acc 0.473
[2023-12-28 22:28:47] [INFO]     |  local epoch  : 4, acc 0.459
[2023-12-28 22:28:47] [INFO] |servers comunicated: 0, server aggregated: 4, acc_server 1: 0.444.
[2023-12-28 22:28:47] [INFO] --------------------------------------------------
[2023-12-28 22:28:47] [INFO]   |server: 2
[2023-12-28 22:28:47] [INFO]    -client 6
[2023-12-28 22:28:47] [INFO]     |  local epoch  : 0, acc 0.577
[2023-12-28 22:28:47] [INFO]     |  local epoch  : 1, acc 0.576
[2023-12-28 22:28:47] [INFO]     |  local epoch  : 2, acc 0.594
[2023-12-28 22:28:47] [INFO]     |  local epoch  : 3, acc 0.533
[2023-12-28 22:28:47] [INFO]     |  local epoch  : 4, acc 0.626
[2023-12-28 22:28:47] [INFO]    -client 7
[2023-12-28 22:28:47] [INFO]     |  local epoch  : 0, acc 0.451
[2023-12-28 22:28:48] [INFO]     |  local epoch  : 1, acc 0.534
[2023-12-28 22:28:48] [INFO]     |  local epoch  : 2, acc 0.581
[2023-12-28 22:28:48] [INFO]     |  local epoch  : 3, acc 0.588
[2023-12-28 22:28:48] [INFO]     |  local epoch  : 4, acc 0.649
[2023-12-28 22:28:48] [INFO]    -client 8
[2023-12-28 22:28:48] [INFO]     |  local epoch  : 0, acc 0.450
[2023-12-28 22:28:48] [INFO]     |  local epoch  : 1, acc 0.565
[2023-12-28 22:28:48] [INFO]     |  local epoch  : 2, acc 0.606
[2023-12-28 22:28:48] [INFO]     |  local epoch  : 3, acc 0.605
[2023-12-28 22:28:48] [INFO]     |  local epoch  : 4, acc 0.619
[2023-12-28 22:28:48] [INFO] |servers comunicated: 0, server aggregated: 4, acc_server 2: 0.647.
[2023-12-28 22:28:48] [INFO] --------------------------------------------------
[2023-12-28 22:28:48] [INFO]  |epoch_client_commu: 5/10
[2023-12-28 22:28:48] [INFO]   |server: 0
[2023-12-28 22:28:48] [INFO]    -client 0
[2023-12-28 22:28:48] [INFO]     |  local epoch  : 0, acc 0.674
[2023-12-28 22:28:48] [INFO]     |  local epoch  : 1, acc 0.704
[2023-12-28 22:28:48] [INFO]     |  local epoch  : 2, acc 0.719
[2023-12-28 22:28:48] [INFO]     |  local epoch  : 3, acc 0.742
[2023-12-28 22:28:48] [INFO]     |  local epoch  : 4, acc 0.764
[2023-12-28 22:28:48] [INFO]    -client 1
[2023-12-28 22:28:49] [INFO]     |  local epoch  : 0, acc 0.711
[2023-12-28 22:28:49] [INFO]     |  local epoch  : 1, acc 0.735
[2023-12-28 22:28:49] [INFO]     |  local epoch  : 2, acc 0.742
[2023-12-28 22:28:49] [INFO]     |  local epoch  : 3, acc 0.729
[2023-12-28 22:28:49] [INFO]     |  local epoch  : 4, acc 0.751
[2023-12-28 22:28:49] [INFO]    -client 2
[2023-12-28 22:28:49] [INFO]     |  local epoch  : 0, acc 0.695
[2023-12-28 22:28:49] [INFO]     |  local epoch  : 1, acc 0.744
[2023-12-28 22:28:49] [INFO]     |  local epoch  : 2, acc 0.718
[2023-12-28 22:28:49] [INFO]     |  local epoch  : 3, acc 0.713
[2023-12-28 22:28:49] [INFO]     |  local epoch  : 4, acc 0.756
[2023-12-28 22:28:49] [INFO] |servers comunicated: 0, server aggregated: 5, acc_server 0: 0.770.
[2023-12-28 22:28:49] [INFO] --------------------------------------------------
[2023-12-28 22:28:49] [INFO]   |server: 1
[2023-12-28 22:28:49] [INFO]    -client 3
[2023-12-28 22:28:49] [INFO]     |  local epoch  : 0, acc 0.484
[2023-12-28 22:28:49] [INFO]     |  local epoch  : 1, acc 0.513
[2023-12-28 22:28:49] [INFO]     |  local epoch  : 2, acc 0.554
[2023-12-28 22:28:49] [INFO]     |  local epoch  : 3, acc 0.646
[2023-12-28 22:28:49] [INFO]     |  local epoch  : 4, acc 0.604
[2023-12-28 22:28:49] [INFO]    -client 4
[2023-12-28 22:28:49] [INFO]     |  local epoch  : 0, acc 0.457
[2023-12-28 22:28:50] [INFO]     |  local epoch  : 1, acc 0.479
[2023-12-28 22:28:50] [INFO]     |  local epoch  : 2, acc 0.523
[2023-12-28 22:28:50] [INFO]     |  local epoch  : 3, acc 0.463
[2023-12-28 22:28:50] [INFO]     |  local epoch  : 4, acc 0.573
[2023-12-28 22:28:50] [INFO]    -client 5
[2023-12-28 22:28:50] [INFO]     |  local epoch  : 0, acc 0.500
[2023-12-28 22:28:50] [INFO]     |  local epoch  : 1, acc 0.617
[2023-12-28 22:28:50] [INFO]     |  local epoch  : 2, acc 0.644
[2023-12-28 22:28:50] [INFO]     |  local epoch  : 3, acc 0.691
[2023-12-28 22:28:50] [INFO]     |  local epoch  : 4, acc 0.707
[2023-12-28 22:28:50] [INFO] |servers comunicated: 0, server aggregated: 5, acc_server 1: 0.675.
[2023-12-28 22:28:50] [INFO] --------------------------------------------------
[2023-12-28 22:28:50] [INFO]   |server: 2
[2023-12-28 22:28:50] [INFO]    -client 6
[2023-12-28 22:28:50] [INFO]     |  local epoch  : 0, acc 0.578
[2023-12-28 22:28:50] [INFO]     |  local epoch  : 1, acc 0.646
[2023-12-28 22:28:50] [INFO]     |  local epoch  : 2, acc 0.620
[2023-12-28 22:28:50] [INFO]     |  local epoch  : 3, acc 0.654
[2023-12-28 22:28:50] [INFO]     |  local epoch  : 4, acc 0.629
[2023-12-28 22:28:50] [INFO]    -client 7
[2023-12-28 22:28:50] [INFO]     |  local epoch  : 0, acc 0.613
[2023-12-28 22:28:51] [INFO]     |  local epoch  : 1, acc 0.655
[2023-12-28 22:28:51] [INFO]     |  local epoch  : 2, acc 0.650
[2023-12-28 22:28:51] [INFO]     |  local epoch  : 3, acc 0.639
[2023-12-28 22:28:51] [INFO]     |  local epoch  : 4, acc 0.691
[2023-12-28 22:28:51] [INFO]    -client 8
[2023-12-28 22:28:51] [INFO]     |  local epoch  : 0, acc 0.658
[2023-12-28 22:28:51] [INFO]     |  local epoch  : 1, acc 0.664
[2023-12-28 22:28:51] [INFO]     |  local epoch  : 2, acc 0.694
[2023-12-28 22:28:51] [INFO]     |  local epoch  : 3, acc 0.699
[2023-12-28 22:28:51] [INFO]     |  local epoch  : 4, acc 0.705
[2023-12-28 22:28:51] [INFO] |servers comunicated: 0, server aggregated: 5, acc_server 2: 0.689.
[2023-12-28 22:28:51] [INFO] --------------------------------------------------
[2023-12-28 22:28:51] [INFO]  |epoch_client_commu: 6/10
[2023-12-28 22:28:51] [INFO]   |server: 0
[2023-12-28 22:28:51] [INFO]    -client 0
[2023-12-28 22:28:51] [INFO]     |  local epoch  : 0, acc 0.754
[2023-12-28 22:28:51] [INFO]     |  local epoch  : 1, acc 0.761
[2023-12-28 22:28:51] [INFO]     |  local epoch  : 2, acc 0.753
[2023-12-28 22:28:51] [INFO]     |  local epoch  : 3, acc 0.759
[2023-12-28 22:28:51] [INFO]     |  local epoch  : 4, acc 0.784
[2023-12-28 22:28:51] [INFO]    -client 1
[2023-12-28 22:28:51] [INFO]     |  local epoch  : 0, acc 0.763
[2023-12-28 22:28:52] [INFO]     |  local epoch  : 1, acc 0.779
[2023-12-28 22:28:52] [INFO]     |  local epoch  : 2, acc 0.782
[2023-12-28 22:28:52] [INFO]     |  local epoch  : 3, acc 0.782
[2023-12-28 22:28:52] [INFO]     |  local epoch  : 4, acc 0.768
[2023-12-28 22:28:52] [INFO]    -client 2
[2023-12-28 22:28:52] [INFO]     |  local epoch  : 0, acc 0.775
[2023-12-28 22:28:52] [INFO]     |  local epoch  : 1, acc 0.764
[2023-12-28 22:28:52] [INFO]     |  local epoch  : 2, acc 0.800
[2023-12-28 22:28:52] [INFO]     |  local epoch  : 3, acc 0.759
[2023-12-28 22:28:52] [INFO]     |  local epoch  : 4, acc 0.760
[2023-12-28 22:28:52] [INFO] |servers comunicated: 0, server aggregated: 6, acc_server 0: 0.784.
[2023-12-28 22:28:52] [INFO] --------------------------------------------------
[2023-12-28 22:28:52] [INFO]   |server: 1
[2023-12-28 22:28:52] [INFO]    -client 3
[2023-12-28 22:28:52] [INFO]     |  local epoch  : 0, acc 0.580
[2023-12-28 22:28:52] [INFO]     |  local epoch  : 1, acc 0.646
[2023-12-28 22:28:52] [INFO]     |  local epoch  : 2, acc 0.630
[2023-12-28 22:28:52] [INFO]     |  local epoch  : 3, acc 0.689
[2023-12-28 22:28:52] [INFO]     |  local epoch  : 4, acc 0.714
[2023-12-28 22:28:52] [INFO]    -client 4
[2023-12-28 22:28:52] [INFO]     |  local epoch  : 0, acc 0.677
[2023-12-28 22:28:53] [INFO]     |  local epoch  : 1, acc 0.710
[2023-12-28 22:28:53] [INFO]     |  local epoch  : 2, acc 0.694
[2023-12-28 22:28:53] [INFO]     |  local epoch  : 3, acc 0.737
[2023-12-28 22:28:53] [INFO]     |  local epoch  : 4, acc 0.716
[2023-12-28 22:28:53] [INFO]    -client 5
[2023-12-28 22:28:53] [INFO]     |  local epoch  : 0, acc 0.666
[2023-12-28 22:28:53] [INFO]     |  local epoch  : 1, acc 0.734
[2023-12-28 22:28:53] [INFO]     |  local epoch  : 2, acc 0.683
[2023-12-28 22:28:53] [INFO]     |  local epoch  : 3, acc 0.721
[2023-12-28 22:28:53] [INFO]     |  local epoch  : 4, acc 0.736
[2023-12-28 22:28:53] [INFO] |servers comunicated: 0, server aggregated: 6, acc_server 1: 0.740.
[2023-12-28 22:28:53] [INFO] --------------------------------------------------
[2023-12-28 22:28:53] [INFO]   |server: 2
[2023-12-28 22:28:53] [INFO]    -client 6
[2023-12-28 22:28:53] [INFO]     |  local epoch  : 0, acc 0.677
[2023-12-28 22:28:53] [INFO]     |  local epoch  : 1, acc 0.698
[2023-12-28 22:28:53] [INFO]     |  local epoch  : 2, acc 0.677
[2023-12-28 22:28:53] [INFO]     |  local epoch  : 3, acc 0.673
[2023-12-28 22:28:53] [INFO]     |  local epoch  : 4, acc 0.702
[2023-12-28 22:28:53] [INFO]    -client 7
[2023-12-28 22:28:53] [INFO]     |  local epoch  : 0, acc 0.657
[2023-12-28 22:28:54] [INFO]     |  local epoch  : 1, acc 0.697
[2023-12-28 22:28:54] [INFO]     |  local epoch  : 2, acc 0.675
[2023-12-28 22:28:54] [INFO]     |  local epoch  : 3, acc 0.692
[2023-12-28 22:28:54] [INFO]     |  local epoch  : 4, acc 0.687
[2023-12-28 22:28:54] [INFO]    -client 8
[2023-12-28 22:28:54] [INFO]     |  local epoch  : 0, acc 0.705
[2023-12-28 22:28:54] [INFO]     |  local epoch  : 1, acc 0.713
[2023-12-28 22:28:54] [INFO]     |  local epoch  : 2, acc 0.696
[2023-12-28 22:28:54] [INFO]     |  local epoch  : 3, acc 0.719
[2023-12-28 22:28:54] [INFO]     |  local epoch  : 4, acc 0.745
[2023-12-28 22:28:54] [INFO] |servers comunicated: 0, server aggregated: 6, acc_server 2: 0.722.
[2023-12-28 22:28:54] [INFO] --------------------------------------------------
[2023-12-28 22:28:54] [INFO]  |epoch_client_commu: 7/10
[2023-12-28 22:28:54] [INFO]   |server: 0
[2023-12-28 22:28:54] [INFO]    -client 0
[2023-12-28 22:28:54] [INFO]     |  local epoch  : 0, acc 0.800
[2023-12-28 22:28:54] [INFO]     |  local epoch  : 1, acc 0.789
[2023-12-28 22:28:54] [INFO]     |  local epoch  : 2, acc 0.772
[2023-12-28 22:28:54] [INFO]     |  local epoch  : 3, acc 0.780
[2023-12-28 22:28:54] [INFO]     |  local epoch  : 4, acc 0.801
[2023-12-28 22:28:54] [INFO]    -client 1
[2023-12-28 22:28:54] [INFO]     |  local epoch  : 0, acc 0.769
[2023-12-28 22:28:54] [INFO]     |  local epoch  : 1, acc 0.778
[2023-12-28 22:28:55] [INFO]     |  local epoch  : 2, acc 0.783
[2023-12-28 22:28:55] [INFO]     |  local epoch  : 3, acc 0.790
[2023-12-28 22:28:55] [INFO]     |  local epoch  : 4, acc 0.780
[2023-12-28 22:28:55] [INFO]    -client 2
[2023-12-28 22:28:55] [INFO]     |  local epoch  : 0, acc 0.803
[2023-12-28 22:28:55] [INFO]     |  local epoch  : 1, acc 0.799
[2023-12-28 22:28:55] [INFO]     |  local epoch  : 2, acc 0.779
[2023-12-28 22:28:55] [INFO]     |  local epoch  : 3, acc 0.803
[2023-12-28 22:28:55] [INFO]     |  local epoch  : 4, acc 0.783
[2023-12-28 22:28:55] [INFO] |servers comunicated: 0, server aggregated: 7, acc_server 0: 0.797.
[2023-12-28 22:28:55] [INFO] --------------------------------------------------
[2023-12-28 22:28:55] [INFO]   |server: 1
[2023-12-28 22:28:55] [INFO]    -client 3
[2023-12-28 22:28:55] [INFO]     |  local epoch  : 0, acc 0.710
[2023-12-28 22:28:55] [INFO]     |  local epoch  : 1, acc 0.696
[2023-12-28 22:28:55] [INFO]     |  local epoch  : 2, acc 0.689
[2023-12-28 22:28:55] [INFO]     |  local epoch  : 3, acc 0.716
[2023-12-28 22:28:55] [INFO]     |  local epoch  : 4, acc 0.732
[2023-12-28 22:28:55] [INFO]    -client 4
[2023-12-28 22:28:55] [INFO]     |  local epoch  : 0, acc 0.755
[2023-12-28 22:28:55] [INFO]     |  local epoch  : 1, acc 0.738
[2023-12-28 22:28:56] [INFO]     |  local epoch  : 2, acc 0.775
[2023-12-28 22:28:56] [INFO]     |  local epoch  : 3, acc 0.781
[2023-12-28 22:28:56] [INFO]     |  local epoch  : 4, acc 0.775
[2023-12-28 22:28:56] [INFO]    -client 5
[2023-12-28 22:28:56] [INFO]     |  local epoch  : 0, acc 0.771
[2023-12-28 22:28:56] [INFO]     |  local epoch  : 1, acc 0.747
[2023-12-28 22:28:56] [INFO]     |  local epoch  : 2, acc 0.772
[2023-12-28 22:28:56] [INFO]     |  local epoch  : 3, acc 0.785
[2023-12-28 22:28:56] [INFO]     |  local epoch  : 4, acc 0.767
[2023-12-28 22:28:56] [INFO] |servers comunicated: 0, server aggregated: 7, acc_server 1: 0.783.
[2023-12-28 22:28:56] [INFO] --------------------------------------------------
[2023-12-28 22:28:56] [INFO]   |server: 2
[2023-12-28 22:28:56] [INFO]    -client 6
[2023-12-28 22:28:56] [INFO]     |  local epoch  : 0, acc 0.722
[2023-12-28 22:28:56] [INFO]     |  local epoch  : 1, acc 0.705
[2023-12-28 22:28:56] [INFO]     |  local epoch  : 2, acc 0.726
[2023-12-28 22:28:56] [INFO]     |  local epoch  : 3, acc 0.728
[2023-12-28 22:28:56] [INFO]     |  local epoch  : 4, acc 0.741
[2023-12-28 22:28:56] [INFO]    -client 7
[2023-12-28 22:28:56] [INFO]     |  local epoch  : 0, acc 0.748
[2023-12-28 22:28:56] [INFO]     |  local epoch  : 1, acc 0.738
[2023-12-28 22:28:57] [INFO]     |  local epoch  : 2, acc 0.727
[2023-12-28 22:28:57] [INFO]     |  local epoch  : 3, acc 0.697
[2023-12-28 22:28:57] [INFO]     |  local epoch  : 4, acc 0.716
[2023-12-28 22:28:57] [INFO]    -client 8
[2023-12-28 22:28:57] [INFO]     |  local epoch  : 0, acc 0.729
[2023-12-28 22:28:57] [INFO]     |  local epoch  : 1, acc 0.787
[2023-12-28 22:28:57] [INFO]     |  local epoch  : 2, acc 0.719
[2023-12-28 22:28:57] [INFO]     |  local epoch  : 3, acc 0.754
[2023-12-28 22:28:57] [INFO]     |  local epoch  : 4, acc 0.744
[2023-12-28 22:28:57] [INFO] |servers comunicated: 0, server aggregated: 7, acc_server 2: 0.742.
[2023-12-28 22:28:57] [INFO] --------------------------------------------------
[2023-12-28 22:28:57] [INFO]  |epoch_client_commu: 8/10
[2023-12-28 22:28:57] [INFO]   |server: 0
[2023-12-28 22:28:57] [INFO]    -client 0
[2023-12-28 22:28:57] [INFO]     |  local epoch  : 0, acc 0.793
[2023-12-28 22:28:57] [INFO]     |  local epoch  : 1, acc 0.796
[2023-12-28 22:28:57] [INFO]     |  local epoch  : 2, acc 0.805
[2023-12-28 22:28:57] [INFO]     |  local epoch  : 3, acc 0.798
[2023-12-28 22:28:57] [INFO]     |  local epoch  : 4, acc 0.821
[2023-12-28 22:28:57] [INFO]    -client 1
[2023-12-28 22:28:57] [INFO]     |  local epoch  : 0, acc 0.781
[2023-12-28 22:28:57] [INFO]     |  local epoch  : 1, acc 0.794
[2023-12-28 22:28:58] [INFO]     |  local epoch  : 2, acc 0.811
[2023-12-28 22:28:58] [INFO]     |  local epoch  : 3, acc 0.817
[2023-12-28 22:28:58] [INFO]     |  local epoch  : 4, acc 0.774
[2023-12-28 22:28:58] [INFO]    -client 2
[2023-12-28 22:28:58] [INFO]     |  local epoch  : 0, acc 0.797
[2023-12-28 22:28:58] [INFO]     |  local epoch  : 1, acc 0.813
[2023-12-28 22:28:58] [INFO]     |  local epoch  : 2, acc 0.822
[2023-12-28 22:28:58] [INFO]     |  local epoch  : 3, acc 0.817
[2023-12-28 22:28:58] [INFO]     |  local epoch  : 4, acc 0.824
[2023-12-28 22:28:58] [INFO] |servers comunicated: 0, server aggregated: 8, acc_server 0: 0.821.
[2023-12-28 22:28:58] [INFO] --------------------------------------------------
[2023-12-28 22:28:58] [INFO]   |server: 1
[2023-12-28 22:28:58] [INFO]    -client 3
[2023-12-28 22:28:58] [INFO]     |  local epoch  : 0, acc 0.750
[2023-12-28 22:28:58] [INFO]     |  local epoch  : 1, acc 0.750
[2023-12-28 22:28:58] [INFO]     |  local epoch  : 2, acc 0.750
[2023-12-28 22:28:58] [INFO]     |  local epoch  : 3, acc 0.755
[2023-12-28 22:28:58] [INFO]     |  local epoch  : 4, acc 0.805
[2023-12-28 22:28:58] [INFO]    -client 4
[2023-12-28 22:28:58] [INFO]     |  local epoch  : 0, acc 0.795
[2023-12-28 22:28:58] [INFO]     |  local epoch  : 1, acc 0.793
[2023-12-28 22:28:58] [INFO]     |  local epoch  : 2, acc 0.802
[2023-12-28 22:28:59] [INFO]     |  local epoch  : 3, acc 0.764
[2023-12-28 22:28:59] [INFO]     |  local epoch  : 4, acc 0.745
[2023-12-28 22:28:59] [INFO]    -client 5
[2023-12-28 22:28:59] [INFO]     |  local epoch  : 0, acc 0.769
[2023-12-28 22:28:59] [INFO]     |  local epoch  : 1, acc 0.799
[2023-12-28 22:28:59] [INFO]     |  local epoch  : 2, acc 0.794
[2023-12-28 22:28:59] [INFO]     |  local epoch  : 3, acc 0.782
[2023-12-28 22:28:59] [INFO]     |  local epoch  : 4, acc 0.785
[2023-12-28 22:28:59] [INFO] |servers comunicated: 0, server aggregated: 8, acc_server 1: 0.809.
[2023-12-28 22:28:59] [INFO] --------------------------------------------------
[2023-12-28 22:28:59] [INFO]   |server: 2
[2023-12-28 22:28:59] [INFO]    -client 6
[2023-12-28 22:28:59] [INFO]     |  local epoch  : 0, acc 0.772
[2023-12-28 22:28:59] [INFO]     |  local epoch  : 1, acc 0.736
[2023-12-28 22:28:59] [INFO]     |  local epoch  : 2, acc 0.750
[2023-12-28 22:28:59] [INFO]     |  local epoch  : 3, acc 0.758
[2023-12-28 22:28:59] [INFO]     |  local epoch  : 4, acc 0.699
[2023-12-28 22:28:59] [INFO]    -client 7
[2023-12-28 22:28:59] [INFO]     |  local epoch  : 0, acc 0.716
[2023-12-28 22:28:59] [INFO]     |  local epoch  : 1, acc 0.759
[2023-12-28 22:28:59] [INFO]     |  local epoch  : 2, acc 0.771
[2023-12-28 22:29:00] [INFO]     |  local epoch  : 3, acc 0.797
[2023-12-28 22:29:00] [INFO]     |  local epoch  : 4, acc 0.776
[2023-12-28 22:29:00] [INFO]    -client 8
[2023-12-28 22:29:00] [INFO]     |  local epoch  : 0, acc 0.752
[2023-12-28 22:29:00] [INFO]     |  local epoch  : 1, acc 0.754
[2023-12-28 22:29:00] [INFO]     |  local epoch  : 2, acc 0.728
[2023-12-28 22:29:00] [INFO]     |  local epoch  : 3, acc 0.752
[2023-12-28 22:29:00] [INFO]     |  local epoch  : 4, acc 0.802
[2023-12-28 22:29:00] [INFO] |servers comunicated: 0, server aggregated: 8, acc_server 2: 0.768.
[2023-12-28 22:29:00] [INFO] --------------------------------------------------
[2023-12-28 22:29:00] [INFO]  |epoch_client_commu: 9/10
[2023-12-28 22:29:00] [INFO]   |server: 0
[2023-12-28 22:29:00] [INFO]    -client 0
[2023-12-28 22:29:00] [INFO]     |  local epoch  : 0, acc 0.817
[2023-12-28 22:29:00] [INFO]     |  local epoch  : 1, acc 0.831
[2023-12-28 22:29:00] [INFO]     |  local epoch  : 2, acc 0.820
[2023-12-28 22:29:00] [INFO]     |  local epoch  : 3, acc 0.802
[2023-12-28 22:29:00] [INFO]     |  local epoch  : 4, acc 0.827
[2023-12-28 22:29:00] [INFO]    -client 1
[2023-12-28 22:29:00] [INFO]     |  local epoch  : 0, acc 0.821
[2023-12-28 22:29:00] [INFO]     |  local epoch  : 1, acc 0.835
[2023-12-28 22:29:00] [INFO]     |  local epoch  : 2, acc 0.825
[2023-12-28 22:29:01] [INFO]     |  local epoch  : 3, acc 0.839
[2023-12-28 22:29:01] [INFO]     |  local epoch  : 4, acc 0.826
[2023-12-28 22:29:01] [INFO]    -client 2
[2023-12-28 22:29:01] [INFO]     |  local epoch  : 0, acc 0.818
[2023-12-28 22:29:01] [INFO]     |  local epoch  : 1, acc 0.819
[2023-12-28 22:29:01] [INFO]     |  local epoch  : 2, acc 0.820
[2023-12-28 22:29:01] [INFO]     |  local epoch  : 3, acc 0.812
[2023-12-28 22:29:01] [INFO]     |  local epoch  : 4, acc 0.822
[2023-12-28 22:29:01] [INFO] |servers comunicated: 0, server aggregated: 9, acc_server 0: 0.830.
[2023-12-28 22:29:01] [INFO] --------------------------------------------------
[2023-12-28 22:29:01] [INFO]   |server: 1
[2023-12-28 22:29:01] [INFO]    -client 3
[2023-12-28 22:29:01] [INFO]     |  local epoch  : 0, acc 0.746
[2023-12-28 22:29:01] [INFO]     |  local epoch  : 1, acc 0.816
[2023-12-28 22:29:01] [INFO]     |  local epoch  : 2, acc 0.818
[2023-12-28 22:29:01] [INFO]     |  local epoch  : 3, acc 0.828
[2023-12-28 22:29:01] [INFO]     |  local epoch  : 4, acc 0.808
[2023-12-28 22:29:01] [INFO]    -client 4
[2023-12-28 22:29:01] [INFO]     |  local epoch  : 0, acc 0.797
[2023-12-28 22:29:01] [INFO]     |  local epoch  : 1, acc 0.816
[2023-12-28 22:29:01] [INFO]     |  local epoch  : 2, acc 0.808
[2023-12-28 22:29:02] [INFO]     |  local epoch  : 3, acc 0.800
[2023-12-28 22:29:02] [INFO]     |  local epoch  : 4, acc 0.800
[2023-12-28 22:29:02] [INFO]    -client 5
[2023-12-28 22:29:02] [INFO]     |  local epoch  : 0, acc 0.800
[2023-12-28 22:29:02] [INFO]     |  local epoch  : 1, acc 0.819
[2023-12-28 22:29:02] [INFO]     |  local epoch  : 2, acc 0.793
[2023-12-28 22:29:02] [INFO]     |  local epoch  : 3, acc 0.815
[2023-12-28 22:29:02] [INFO]     |  local epoch  : 4, acc 0.800
[2023-12-28 22:29:02] [INFO] |servers comunicated: 0, server aggregated: 9, acc_server 1: 0.825.
[2023-12-28 22:29:02] [INFO] --------------------------------------------------
[2023-12-28 22:29:02] [INFO]   |server: 2
[2023-12-28 22:29:02] [INFO]    -client 6
[2023-12-28 22:29:02] [INFO]     |  local epoch  : 0, acc 0.733
[2023-12-28 22:29:02] [INFO]     |  local epoch  : 1, acc 0.731
[2023-12-28 22:29:02] [INFO]     |  local epoch  : 2, acc 0.759
[2023-12-28 22:29:02] [INFO]     |  local epoch  : 3, acc 0.738
[2023-12-28 22:29:02] [INFO]     |  local epoch  : 4, acc 0.733
[2023-12-28 22:29:02] [INFO]    -client 7
[2023-12-28 22:29:02] [INFO]     |  local epoch  : 0, acc 0.773
[2023-12-28 22:29:02] [INFO]     |  local epoch  : 1, acc 0.777
[2023-12-28 22:29:02] [INFO]     |  local epoch  : 2, acc 0.782
[2023-12-28 22:29:03] [INFO]     |  local epoch  : 3, acc 0.774
[2023-12-28 22:29:03] [INFO]     |  local epoch  : 4, acc 0.811
[2023-12-28 22:29:03] [INFO]    -client 8
[2023-12-28 22:29:03] [INFO]     |  local epoch  : 0, acc 0.735
[2023-12-28 22:29:03] [INFO]     |  local epoch  : 1, acc 0.778
[2023-12-28 22:29:03] [INFO]     |  local epoch  : 2, acc 0.787
[2023-12-28 22:29:03] [INFO]     |  local epoch  : 3, acc 0.816
[2023-12-28 22:29:03] [INFO]     |  local epoch  : 4, acc 0.801
[2023-12-28 22:29:03] [INFO] |servers comunicated: 0, server aggregated: 9, acc_server 2: 0.791.
[2023-12-28 22:29:03] [INFO] --------------------------------------------------
[2023-12-28 22:29:03] [INFO]      ********  servers comunicates  ********      
[2023-12-28 22:29:03] [INFO] --------------------------------------------------
[2023-12-28 22:29:03] [INFO] |epoch_server_commu: 1/20
[2023-12-28 22:29:03] [INFO]  |epoch_client_commu: 0/10
[2023-12-28 22:29:03] [INFO]   |server: 0
[2023-12-28 22:29:03] [INFO]    -client 0
[2023-12-28 22:29:03] [INFO]     |  local epoch  : 0, acc 0.825
[2023-12-28 22:29:03] [INFO]     |  local epoch  : 1, acc 0.833
[2023-12-28 22:29:03] [INFO]     |  local epoch  : 2, acc 0.838
[2023-12-28 22:29:03] [INFO]     |  local epoch  : 3, acc 0.816
[2023-12-28 22:29:03] [INFO]     |  local epoch  : 4, acc 0.822
[2023-12-28 22:29:04] [INFO]     | distill epoch : 0, acc 0.834
[2023-12-28 22:29:04] [INFO]     | distill epoch : 1, acc 0.833
[2023-12-28 22:29:04] [INFO]     | distill epoch : 2, acc 0.823
[2023-12-28 22:29:04] [INFO]     | distill epoch : 3, acc 0.827
[2023-12-28 22:29:04] [INFO]     | distill epoch : 4, acc 0.815
[2023-12-28 22:29:04] [INFO]    -client 1
[2023-12-28 22:29:04] [INFO]     |  local epoch  : 0, acc 0.848
[2023-12-28 22:29:04] [INFO]     |  local epoch  : 1, acc 0.820
[2023-12-28 22:29:04] [INFO]     |  local epoch  : 2, acc 0.835
[2023-12-28 22:29:04] [INFO]     |  local epoch  : 3, acc 0.808
[2023-12-28 22:29:04] [INFO]     |  local epoch  : 4, acc 0.826
[2023-12-28 22:29:04] [INFO]     | distill epoch : 0, acc 0.838
[2023-12-28 22:29:04] [INFO]     | distill epoch : 1, acc 0.845
[2023-12-28 22:29:04] [INFO]     | distill epoch : 2, acc 0.832
[2023-12-28 22:29:04] [INFO]     | distill epoch : 3, acc 0.831
[2023-12-28 22:29:04] [INFO]     | distill epoch : 4, acc 0.821
[2023-12-28 22:29:04] [INFO]    -client 2
[2023-12-28 22:29:05] [INFO]     |  local epoch  : 0, acc 0.849
[2023-12-28 22:29:05] [INFO]     |  local epoch  : 1, acc 0.834
[2023-12-28 22:29:05] [INFO]     |  local epoch  : 2, acc 0.851
[2023-12-28 22:29:05] [INFO]     |  local epoch  : 3, acc 0.844
[2023-12-28 22:29:05] [INFO]     |  local epoch  : 4, acc 0.835
[2023-12-28 22:29:05] [INFO]     | distill epoch : 0, acc 0.841
[2023-12-28 22:29:05] [INFO]     | distill epoch : 1, acc 0.820
[2023-12-28 22:29:05] [INFO]     | distill epoch : 2, acc 0.828
[2023-12-28 22:29:05] [INFO]     | distill epoch : 3, acc 0.795
[2023-12-28 22:29:05] [INFO]     | distill epoch : 4, acc 0.824
[2023-12-28 22:29:05] [INFO] |servers comunicated: 1, server aggregated: 0, acc_server 0: 0.832.
[2023-12-28 22:29:05] [INFO] --------------------------------------------------
[2023-12-28 22:29:05] [INFO]   |server: 1
[2023-12-28 22:29:05] [INFO]    -client 3
[2023-12-28 22:29:05] [INFO]     |  local epoch  : 0, acc 0.826
[2023-12-28 22:29:05] [INFO]     |  local epoch  : 1, acc 0.828
[2023-12-28 22:29:05] [INFO]     |  local epoch  : 2, acc 0.805
[2023-12-28 22:29:05] [INFO]     |  local epoch  : 3, acc 0.842
[2023-12-28 22:29:05] [INFO]     |  local epoch  : 4, acc 0.838
[2023-12-28 22:29:05] [INFO]     | distill epoch : 0, acc 0.842
[2023-12-28 22:29:06] [INFO]     | distill epoch : 1, acc 0.836
[2023-12-28 22:29:06] [INFO]     | distill epoch : 2, acc 0.835
[2023-12-28 22:29:06] [INFO]     | distill epoch : 3, acc 0.822
[2023-12-28 22:29:06] [INFO]     | distill epoch : 4, acc 0.823
[2023-12-28 22:29:06] [INFO]    -client 4
[2023-12-28 22:29:06] [INFO]     |  local epoch  : 0, acc 0.829
[2023-12-28 22:29:06] [INFO]     |  local epoch  : 1, acc 0.821
[2023-12-28 22:29:06] [INFO]     |  local epoch  : 2, acc 0.835
[2023-12-28 22:29:06] [INFO]     |  local epoch  : 3, acc 0.828
[2023-12-28 22:29:06] [INFO]     |  local epoch  : 4, acc 0.830
[2023-12-28 22:29:06] [INFO]     | distill epoch : 0, acc 0.816
[2023-12-28 22:29:06] [INFO]     | distill epoch : 1, acc 0.815
[2023-12-28 22:29:06] [INFO]     | distill epoch : 2, acc 0.810
[2023-12-28 22:29:06] [INFO]     | distill epoch : 3, acc 0.814
[2023-12-28 22:29:06] [INFO]     | distill epoch : 4, acc 0.810
[2023-12-28 22:29:06] [INFO]    -client 5
[2023-12-28 22:29:06] [INFO]     |  local epoch  : 0, acc 0.779
[2023-12-28 22:29:06] [INFO]     |  local epoch  : 1, acc 0.792
[2023-12-28 22:29:06] [INFO]     |  local epoch  : 2, acc 0.820
[2023-12-28 22:29:06] [INFO]     |  local epoch  : 3, acc 0.829
[2023-12-28 22:29:07] [INFO]     |  local epoch  : 4, acc 0.798
[2023-12-28 22:29:07] [INFO]     | distill epoch : 0, acc 0.831
[2023-12-28 22:29:07] [INFO]     | distill epoch : 1, acc 0.821
[2023-12-28 22:29:07] [INFO]     | distill epoch : 2, acc 0.820
[2023-12-28 22:29:07] [INFO]     | distill epoch : 3, acc 0.808
[2023-12-28 22:29:07] [INFO]     | distill epoch : 4, acc 0.810
[2023-12-28 22:29:07] [INFO] |servers comunicated: 1, server aggregated: 0, acc_server 1: 0.823.
[2023-12-28 22:29:07] [INFO] --------------------------------------------------
[2023-12-28 22:[2023-12-28 22:29:07] [INFO]     |  local epoch  : 3, acc 0.781
[2023-12-28 22:29:07] [INFO]     |  local epoch  : 4, acc 0.814
[2023-12-28 22:29:07] [INFO]     | distill epoch : 0, acc 0.826
[2023-12-28 22:29:07] [INFO]     | distill epoch : 0, acc 0.814
[2023-12-28 22:29:07] [INFO]     | distill epoch : 1, acc 0.798
[2023-12-28 22:29:07] [INFO]     | distill epoch : 1, acc 0.799
[2023-12-28 22:29:07] [INFO]     | distill epoch : 2, acc 0.785
[2023[2023-12-28 22:29:07] [INFO]     | distill epoch : 1, acc 0[2023[2023-12-28 22:29:07] [INFO]     | distill epoch : 2, acc 0[2023[2023-12-28 22:29:07] [INFO]     | distill epoch : 3, acc 0[2023[2023-12-28 22:29:07] [INFO]     | distill epoch : 4, acc 0[2023-12-28 22:29:08] [INFO]     | distill epoc[2023-12-28 22:29[2023-12-28 22:29:08] [INFO] |servers comunicat[2023-12-28 22:29:08] [INFO]     |  local epoch  : 1, acc 0.777
[2023-12-28 22:29:08] [INFO]     |  local epoch  : 2, acc 0.785
[2023-12-28 22:29:08] [INFO]     |  local epoch  : 3, acc 0.771
[2023-12-28 22:29:08] [INFO]     |  local epoch  : 4, acc 0.781
[2023-12-28 22:29:08] [INFO]     | distill epoch : 0, acc 0.839
[2023-12-28 22:29:08] [INFO]     | distill epoch : 1, acc 0.848
[2023-12-28 22:29:08] [INFO]     | distill epoch : 2, acc 0.834
[2023-12-28 22:29:08] [INFO]     | distill epoch : 3, acc 0.829
[2023-12-28 22:29:08] [INFO]     | distill epoch : 4, acc 0.826
[2023-12-28 22:29:08] [INFO]    -client 8
[2023-12-28 22:29:08] [INFO]     |  local epoch  : 0, acc 0.820
[2023-12-28 22:29:08] [INFO]     |  local epoch  : 1, acc 0.801
[2023-12-28 22:29:08] [INFO]     |  local epoch  : 2, acc 0.821
[2023-12-28 22:29:08] [INFO]     |  local epoch  : 3, acc 0.792
[2023-12-28 22:29:08] [INFO]     |  local epoch  : 4, acc 0.818
[2023-12-28 22:29:08] [INFO]     | distill epoch : 0, acc 0.844
[2023-12-28 22:29:08] [INFO]     | distill epoch : 1, acc 0.832
[2023-12-28 22:29:09] [INFO]     | distill epoch : 2, acc 0.828
[2023-12-28 22:29:09] [INFO]     | distill epoch : 3, acc 0.825
[2023-12-28 22:29:09] [INFO]     | distill epoch : 4, acc 0.829
[2023-12-28 22:29:09] [INFO] |servers comunicated: 1, server aggregated: 0, acc_server 2: 0.838.
[2023-12-28 22:29:09] [INFO] ----------------------------------------------[2023[2023-12-28 22:29:09] [INFO]  |epoch_client_commu: 1/10
[20[2023-12-28 22:29:09] [INFO]    -client[20[2023-12-28 22:29:09] [INFO]     |  loc[2023-12-28 22:29:09] [IN[2023-12-28 22:29:09] [INFO]     |  loc[2023-12-28 22:29:09] [IN[2023-12-28 22:29:09] [INFO]     |  loc[2023-12-28 22:29:09] [IN[2023-12-28 22:29:09] [INFO]     |  loc[2023-12-28 22:29:09] [IN[2023-12-28 22:29:09] [INFO]     |  loc[2023-12-28 22:29:09] [IN[2023-12-28 22:29:09] [INFO]     | dist[2023-12-28 22:29:09] [IN[2023-12-28 22:29:09] [INFO]     | dist[2023-12-28 22:29:09] [IN[2023-12-28 22:29:09] [INFO]     | dist[2023-12-28 22:29:09] [IN[2023-12-28 22:29:09] [INFO]     | dist[2023-12-28 22:29:09] [IN[2023-12-28 22:29:09] [INFO]     | dist[2023-12-28 22:29:09] [IN[2023-12-28 22:29:09] [INFO]     | distill epoch : 1, acc 0.786
[2023-12-28 22:29:09] [INFO]     | distill epoch : 2, acc 0.800
[2023-12-28 22:29:09] [INFO]     | distill epoch : 2, acc 0.780
[2023-12-28 22:29:09] [INFO]     | distill epoch : 2, acc 0.792
[2023-12-28 22:29:10] [INFO]     | distill epoch : 3, acc 0.783
[2023-12-28 22:29:10] [INFO]     | distill epoch : 3, acc 0.795
[2023-12-28 22:29:10] [INFO]     | distill epoch : 3, acc 0.775
[2023-12-28 22:29:10] [INFO]     | distill epoch : 4, acc 0.803
[2023-12-28 22:29:10] [INFO]     | distill epoch : 4, acc 0.779
[2023-12-28 22:29:10] [INFO]     | distill epoch : 4, acc 0.800
[2023-12-28 22:29[2023-12-28 22:29:10] [IN[2023-12-28 22:29:10] [INFO]     |  local epoch  : 0, acc 0.752
[2023-12-28 22:29:10] [INFO]     |  local epoch  : 1, acc 0.786
[2023-12-28 22:29:10] [INFO]     |  local epoch  : 2, acc 0.795
[2023-12-28 22:29:10] [INFO]     |  local epoch  : 3, acc 0.800
[2023-12-28 22:29:10] [INFO]     |  local epoch  : 4, acc 0.751
[2023-12-28 22:29:10] [INFO]     | distill epoch : 0, acc 0.825
[2023-12-28 22:29:10] [INFO]     | distill epoch : 0, acc 0.810
[2023-12-28 22:29:10] [INFO]     | distill epoch : 0, acc 0.821
[2023-12-28 22:29:10] [INFO]     | distill epoch : 1, acc 0.798
[2023-12-28 22:29:10] [INFO]     | distill epoch : 1, acc 0.806
[2023-12-28 22:29:10] [INFO]     | distill epoch : 1, acc 0.777
[2023-12-28 22:29:10] [INFO]     | distill epoch : 2, acc 0.811
[2023-12-28 22:29:11] [INFO]     | distill epoch : 2, acc 0.774
[2023-12-28 22:29:11] [INFO]     | distill epoch : 2, acc 0.807
[2023-12-28 22:29:11] [INFO]     | distill epoch : 3, acc 0.778
[2023-12-28 22:29:11] [INFO]     | distill epoch : 3, acc 0.803
[2023-12-28 22:29:11] [INFO]     | distill epoch : 3, acc 0.784
[2023-12-28 22:29:11] [INFO]     | distill epoch : 4, acc 0.796
[2023-12-28 22:29:11] [INFO]     | distill epoch : 4, acc 0.793
[2023-12-28 22:29:11] [INFO]     | distill epoch : 4, acc 0.791
[2023-12-28 22:29:11] [INFO] |servers comunicated: 1, server aggregated: 0, acc_server 2: 0.796.
[2023-12-28 22:29:11] [INFO] --------------------------------------------------
[2023-12-28 22:29:11] [INFO]  |epoch_[2023-12-28 22:29:11] [INFO]     | distill epoch : 3, acc 0.824
[2023-12-28 22:29:11] [INFO]     | distill epoch : 4, acc 0.830
[2023-12-28 22:29:11] [INFO]    -client[20[2023-12-28 22:29:11] [INFO]     |  local epoch  : 0, acc 0.7[20[2023-12-28 22:29:11] [INFO]     |  local epoch  : 1, acc 0.8[20[2023-12-28 22:29:11] [INFO]     |  local epoch  : 2, acc 0.8[20[2023-12-28 22:29:11] [INFO]     |  local epoch  : 3, acc 0.7[20[2023-12-28 22:29:11] [INFO]     |  local epoch  : 4, acc 0.8[20[2023-12-28 22:29:11] [INFO]     | distill epoch : 0, acc 0.8[20[2023-12-28 22:29:11] [INFO]     | distill epoch : 1, acc 0.8[20[2023-12-28 22:29:12] [INFO]     | distill epoch : 2, acc 0.8[20[2023-12-28 22:29:12] [INFO]     | distill epoch : 3, acc 0.818
[2023-12-28 22:29:12] [INFO]     | distill epoch : 4, acc 0.832
[2023-12-28 22:29:12] [INFO]    -client[20[2023-12-28 22:29:12] [INFO]     |  local epoch  : 0, acc 0.8[20[2023-12-28 22:29:12] [INFO]     |  local epoch  : 1, acc 0.8[20[2023-12-28 22:29:12] [INFO]     |  local epoch  : 2, acc 0.8[20[2023-12-28 22:29:12] [INFO]     |  local epoch  : 3, acc 0.8[20[2023-12-28 22:29:12] [INFO]     |  local epoch  : 4, acc 0.8[20[2023-12-28 22:29:12] [INFO]     | distill epoch : 0, acc 0.8[20[2023-12-28 22:29:12] [INFO]     | distill epoch : 1, acc 0.8[20[2023-12-28 22:29:12] [INFO]     | distill epoch : 2, acc 0.8[20[2023-12-28 22:29:12] [INFO]     | distill epoch : 3, acc 0.812
[2023-12-28 22:29:12] [INFO]     | distill epoch : 4, acc 0.829
[2023-12-28 22:29:12] [INFO] |servers comunicated: 1, server aggregated: 1, acc_server 1: 0.833.
[2023-[2023-12-28 22:29:12] [INFO]     |  local epoch  : 2, acc 0.767
[2023-12-28 22:29:12] [INFO]     |  local epoch  : 3, acc 0.733
[2023-12-28 22:29:12] [INFO]     |  local epoch  : 4, acc 0.754
[2023-12-28 22:29:12] [INFO]     | distill epoch : 0, acc 0.809
[2023-12-28 22:29:13] [INFO]     | distill epoch : 1, acc 0.829
[2023-12-28 22:29:13] [INFO]     | distill epoch : 2, acc 0.818
[2023-12-28 22:29:13] [INFO]     | distill epoch : 3, acc 0.811
[2023-12-28 22:29:13] [INFO]     | distill epoch : 4, acc 0.800
[2023-12-28 22:29:13] [INFO] |servers comunicated: 1, server aggregated: 1, acc_server 0: 0.81[2023-12-28 22:29:13] [INFO]     | distill epoch : 2, acc 0.839
[2023-12-28 22:29:13] [INFO]     | distill epoch : 3, acc 0.836
[2023-12-28 22:29:13] [INFO]     | distill epoch : 4, acc 0.833
[2023-12-28 22:29:13] [INFO]    -client[20[2023-12-28 22:29:13] [INFO]     |  local epoch  : 0, acc 0.7[20[2023-12-28 22:29:13] [INFO]     |  local epoch  : 1, acc 0.8[20[2023-12-28 22:29:13] [INFO]     |  local epoch  : 2, acc 0.8[20[2023-12-28 22:29:13] [INFO]     |  local epoch  : 3, acc 0.8[20[2023-12-28 22:29:13] [INFO]     |  local epoch  : 4, acc 0.770
[2023-12-28 22:29:13] [INFO]     | distill epoch : 0, acc 0.821
[2023-12-28 22:29:13] [INFO]     | distill epoch : 1, acc 0.846
[2023-12-28 22:29:13] [INFO]     | distill epoch : 2, acc 0.843
[2023-12-28 22:29:13] [INFO]     | distill epoch : 3, acc 0.836
[2023-12-28 22:29:13] [INFO]     | distill epoch : 4, acc 0.833
[2023-12-28 22:29:13] [INFO]    -client 8
[2023-12-28 22:29:14] [INFO]     |  local epoch  : 0, acc 0.688
[2023-12-28 22:29:14] [INFO]     |  local epoch  : 1, acc 0.831
[2023-12-28 22:29:14] [INFO]     |  local epoch  : 2, acc 0.776
[2023-12-28 22:29:14] [INFO]     |  local epoch  : 3, acc 0.778
[2023-12-28 22:29:14] [INFO]     |  local epoch  : 4, acc 0.802
[2023-12-28 22:29:14] [INFO]     | distill epoch : 0, acc 0.845
[2023-12-28 22:29:14] [INFO]     | distill epoch : 1, acc 0.846
[2023-12-28 22:29:14] [INFO]     | distill epoch : 2, acc 0.838
[2023-12-28 22:29:14] [INFO]     | distill epoch : 3, acc 0.824
[2023-12-28 22:29:14] [INFO]     | distill epoch : 4, acc 0.834
[2023-12-28 22:29:14] [INFO] |servers comunicated: 1, server aggregated: 1, acc_server 2: 0.842.
[2023-12-28 22:29:14] [INFO][2023-12-28 22:29:14] [INFO]     | distill epoch : 1, acc 0.795
[2023-12-28 22:29:14] [INFO]     | distill epoch : 2, acc 0.799
[2023-12-28 22:29:14] [INFO]     | distill epoch : 2, acc 0.794
[2023-12-28 22:29:14] [INFO]     | distill epoch : 3, acc 0.793
[2023-12-28 22:29:14] [INFO]     | distill epoch : 3, acc 0.792
[2023-12-28 22:29:14] [INFO]     | distill epoch : 4, acc 0.794
[2023-12-28 22:29:14] [INFO]     | distill epoch : 4, acc 0.796
[2023-12-28 22:29:14] [INFO]    -client 5
[2023-12-28 22:29:15] [INFO]     |  local epoch  : 0, acc 0.763
[2023-12-28 22:29:15] [INFO]     |  local epoch  : 1, acc 0.828
[2023-12-28 22:29:15] [INFO]     |  local epoch  : 2, acc 0.808
[2023-12-28 22:29:15] [INFO]     |  local epoch  : 3, acc 0.800
[2023-12-28 22:29:15] [INFO]     |  local epoch  : 4, acc 0.808
[2023-12-28 22:29:15] [INFO]     | distill epoch : 0, acc 0.824
[2023-12-28 22:29:15] [INFO]     | distill epoch : 0, acc 0.810
[2023-12-28 22:29:15] [INFO]     | distill epoch : 1, acc 0.792
[2023-12-28 22:29:15] [INFO]     | distill epoch : 1, acc 0.802
[2023-12-28 22:29:15] [INFO]     | distill epoch : 2, acc 0.790
[2023-12-28 22:29:15] [INFO]     | distill epoch : 2, acc 0.800
[2023-12-28 22:29:15] [INFO]     | distill epoch : 3, acc 0.798
[2023-12-28 22:29:15] [INFO]     | distill epoch : 3, acc 0.800
[2023-12-28 22:29:15] [INFO]     | distill epoch : 4, acc 0.798
[2023-12-28 22:29:15] [INFO]     | distill epoch : 4, acc 0.800
[2023-12-28 22:29:15] [INFO] |servers comunicated: 1, server aggregated: 1, acc_server 1: 0.807.
[2023-12-28 22:29:15] [INFO] --------------------------------------------[2023-12-28 22:29:15] [INFO]     |  local epoch  : 1, acc 0.842
[2023-12-28 22:29:15] [INFO]     |  local epoch  : 2, acc 0.850
[2023-12-28 22:29:16] [INFO]     |  local epoch  : 3, acc 0.829
[2023-12-28 22:29:16] [INFO]     |  local epoch  : 4, acc 0.849
[2023-12-28 22:29:16] [INFO]     | distill epoch : 0, acc 0.845
[2023-12-28 22:29:16] [INFO]     | distill epoch : 1, acc 0.842
[2023-12-28 22:29:16] [INFO]     | distill epoch : 2, acc 0.823
[2023-12-28 22:29:16] [INFO]     | distill epoch : 3, acc 0.839
[2023-12-28 22:29:16] [INFO]     | distill epoch : 4, acc 0.816
[2023-12-28 22:29:16] [INFO] |servers comunicated: 1, server aggregated: 2, acc_server 0: 0[2023-12-28 22:29:16] [INFO]     | distill epoch : 1, acc 0.811
[2023-12-28 22:29:16] [INFO]     | distill epoch : 1, acc 0.772
[2023-12-28 22:29:16] [INFO]     | distill epoch : 2, acc 0.816
[2023-12-28 22:29:16] [INFO]     | distill epoch : 2, acc 0.770
[2023-12-28 22:29:16] [INFO]     | distill epoch : 2, acc 0.818
[2023-12-28 22:29:16] [INFO]     | distill epoch : 3, acc 0.768
[2023-12-28 22:29:16] [INFO]     | distill epoch : 3, acc 0.816
[2023-12-28 22:29:16] [INFO]     | distill epoch : 3, acc 0.773
[2023-12-28 22:29:16] [INFO]     | distill epoch : 4, acc 0.815
[2023-12-28 22:29:16] [INFO]     | distill epoch : 4, acc 0.776
[2023-12-28 22:29:16] [INFO]     | distill epoch : 4, acc 0.812
[2023-12-28 22:29:16] [INFO]    -client 7
[2023-12-28 22:29:17] [INFO]     |  local epoch  : 0, acc 0.568
[2023-12-28 22:29:17] [INFO]     |  local epoch  : 1, acc 0.779
[2023-12-28 22:29:17] [INFO]     |  local epoch  : 2, acc 0.785
[2023-12-28 22:29:17] [INFO]     |  local epoch  : 3, acc 0.817
[2023-12-28 22:29:17] [INFO]     |  local epoch  : 4, acc 0.781
[2023-12-28 22:29:17] [INFO]     | distill epoch : 0, acc 0.835
[2023-12-28 22:29:17] [INFO]     | distill epoch : 0, acc 0.826
[2023-12-28 22:29:17] [INFO]     | distill epoch : 0, acc 0.804
[2023-12-28 22:29:17] [INFO]     | distill epoch : 1, acc 0.772
[2023-12-28 22:29:17] [INFO]     | distill epoch : 1, acc 0.819
[2023-12-28 22:29:17] [INFO]     | distill epoch : 1, acc 0.772
[2023-12-28 22:29:17] [INFO]     | distill epoch : 2, acc 0.820
[2023-12-28 22:29:17] [INFO]     | distill epoch : 2, acc 0.774
[2023-12-28 22:29:17] [INFO]     | distill epoch : 2, acc 0.817
[2023-12-28 22:29:17] [INFO]     | distill epoch : 3, acc 0.780
[2023-12-28 22:29:17] [INFO]     | distill epoch : 3, acc 0.811
[2023-12-28 22:29:17] [INFO]     | distill epoch : 3, acc 0.785
[2023-12-28 22:29:17] [INFO]     | distill epoch : 4, acc 0.810
[2023-12-28 22:29:18] [INFO]     | distill epoch : 4, acc 0.786
[2023-12-28 22:29:18] [INFO]     | distill epoch : 4, acc 0.809
[2023-12-28 22:29:18[2023-12-28 22:29:18] [2023-12-28 22:29:18] [INFO]     |  local epoch  : 0, acc 0.611
[2023-12-28 22:29:18] [INFO]     |  local epoch  : 1, acc 0.761
[2023-12-28 22:29:18] [INFO]     |  local epoch  : 2, acc 0.805
[2023-12-28 22:29:18] [INFO]     |  local epoch  : 3, acc 0.800
[2023-12-28 22:29:18] [INFO]     |  local epoch  : 4, acc 0.808
[2023-12-28 22:29:18] [INFO]     | distill epoch : 0, acc 0.841
[2023-12-28 22:29:18] [INFO]     | distill epoch : 0, acc 0.828
[2023-12-28 22:29:18] [INFO]     | distill epoch : 0, acc 0.802
:18] [INFO]     |  local epoch  : 2, acc 0.828
[2023-12-28 22:29:18] [INFO]     |  local epoch  : 3, acc 0.808
[2023-12-28 22:29:18] [INFO]     |  local epoch  : 4, acc 0.773
[2023-12-28 22:29:18] [INFO]     | distill epoch : 0, acc 0.828
