[2023-12-30 18:24:26] [INFO] device cuda is used.
[2023-12-30 18:24:26] [INFO] cudnn is actived.
[2023-12-30 18:24:26] [INFO] 
           alpha       :  0.5  
             T         :   8   
         algorithm     :   1   
     num_server_commu  :  50   
     num_client_commu  :  10   
     num_client_train  :   5   
     num_public_train  :   5   
        batch_size     :  32   
          dataset      : mnist 
       model_select    :   1   
      num_all_client   :   9   
      num_all_server   :   3   
      num_client_data  : 1200  
      num_public_data  :  50   
        proportion     :  0.8  

[2023-12-30 18:24:34] [INFO] --------------------------------------------------
[2023-12-30 18:24:34] [INFO] |epoch_server_commu: 0/50
[2023-12-30 18:24:34] [INFO]  |epoch_client_commu: 0/10
[2023-12-30 18:24:34] [INFO]   |server: 0
[2023-12-30 18:24:34] [INFO]    -client 0
[2023-12-30 18:24:34] [INFO]     |  local epoch  : 0, acc 0.101
[2023-12-30 18:24:35] [INFO]     |  local epoch  : 1, acc 0.101
[2023-12-30 18:24:35] [INFO]     |  local epoch  : 2, acc 0.101
[2023-12-30 18:24:36] [INFO]     |  local epoch  : 3, acc 0.101
[2023-12-30 18:24:36] [INFO]     |  local epoch  : 4, acc 0.103
[2023-12-30 18:24:36] [INFO]    -client 1
[2023-12-30 18:24:37] [INFO]     |  local epoch  : 0, acc 0.101
[2023-12-30 18:24:37] [INFO]     |  local epoch  : 1, acc 0.101
[2023-12-30 18:24:38] [INFO]     |  local epoch  : 2, acc 0.101
[2023-12-30 18:24:38] [INFO]     |  local epoch  : 3, acc 0.101
[2023-12-30 18:24:39] [INFO]     |  local epoch  : 4, acc 0.101
[2023-12-30 18:24:39] [INFO]    -client 2
[2023-12-30 18:24:39] [INFO]     |  local epoch  : 0, acc 0.101
[2023-12-30 18:24:40] [INFO]     |  local epoch  : 1, acc 0.101
[2023-12-30 18:24:40] [INFO]     |  local epoch  : 2, acc 0.101
[2023-12-30 18:24:41] [INFO]     |  local epoch  : 3, acc 0.101
[2023-12-30 18:24:41] [INFO]     |  local epoch  : 4, acc 0.110
[2023-12-30 18:24:42] [INFO] |servers comunicated: 0, server aggregated: 0, acc_server 0: 0.101.
[2023-12-30 18:24:42] [INFO] --------------------------------------------------
[2023-12-30 18:24:42] [INFO]   |server: 1
[2023-12-30 18:24:42] [INFO]    -client 3
[2023-12-30 18:24:42] [INFO]     |  local epoch  : 0, acc 0.114
[2023-12-30 18:24:43] [INFO]     |  local epoch  : 1, acc 0.114
[2023-12-30 18:24:43] [INFO]     |  local epoch  : 2, acc 0.195
[2023-12-30 18:24:44] [INFO]     |  local epoch  : 3, acc 0.250
[2023-12-30 18:24:44] [INFO]     |  local epoch  : 4, acc 0.325
[2023-12-30 18:24:44] [INFO]    -client 4
[2023-12-30 18:24:45] [INFO]     |  local epoch  : 0, acc 0.114
[2023-12-30 18:24:45] [INFO]     |  local epoch  : 1, acc 0.114
[2023-12-30 18:24:46] [INFO]     |  local epoch  : 2, acc 0.168
[2023-12-30 18:24:46] [INFO]     |  local epoch  : 3, acc 0.286
[2023-12-30 18:24:47] [INFO]     |  local epoch  : 4, acc 0.360
[2023-12-30 18:24:47] [INFO]    -client 5
[2023-12-30 18:24:47] [INFO]     |  local epoch  : 0, acc 0.114
[2023-12-30 18:24:48] [INFO]     |  local epoch  : 1, acc 0.114
[2023-12-30 18:24:48] [INFO]     |  local epoch  : 2, acc 0.134
[2023-12-30 18:24:49] [INFO]     |  local epoch  : 3, acc 0.191
[2023-12-30 18:24:49] [INFO]     |  local epoch  : 4, acc 0.292
[2023-12-30 18:24:50] [INFO] |servers comunicated: 0, server aggregated: 0, acc_server 1: 0.343.
[2023-12-30 18:24:50] [INFO] --------------------------------------------------
[2023-12-30 18:24:50] [INFO]   |server: 2
[2023-12-30 18:24:50] [INFO]    -client 6
[2023-12-30 18:24:50] [INFO]     |  local epoch  : 0, acc 0.101
[2023-12-30 18:24:51] [INFO]     |  local epoch  : 1, acc 0.101
[2023-12-30 18:24:51] [INFO]     |  local epoch  : 2, acc 0.101
[2023-12-30 18:24:52] [INFO]     |  local epoch  : 3, acc 0.101
[2023-12-30 18:24:52] [INFO]     |  local epoch  : 4, acc 0.119
[2023-12-30 18:24:52] [INFO]    -client 7
[2023-12-30 18:24:53] [INFO]     |  local epoch  : 0, acc 0.101
[2023-12-30 18:24:53] [INFO]     |  local epoch  : 1, acc 0.101
[2023-12-30 18:24:54] [INFO]     |  local epoch  : 2, acc 0.101
[2023-12-30 18:24:54] [INFO]     |  local epoch  : 3, acc 0.101
[2023-12-30 18:24:55] [INFO]     |  local epoch  : 4, acc 0.220
[2023-12-30 18:24:55] [INFO]    -client 8
[2023-12-30 18:24:55] [INFO]     |  local epoch  : 0, acc 0.101
[2023-12-30 18:24:56] [INFO]     |  local epoch  : 1, acc 0.101
[2023-12-30 18:24:56] [INFO]     |  local epoch  : 2, acc 0.101
[2023-12-30 18:24:57] [INFO]     |  local epoch  : 3, acc 0.119
[2023-12-30 18:24:57] [INFO]     |  local epoch  : 4, acc 0.274
[2023-12-30 18:24:57] [INFO] |servers comunicated: 0, server aggregated: 0, acc_server 2: 0.178.
[2023-12-30 18:24:57] [INFO] --------------------------------------------------
[2023-12-30 18:24:57] [INFO]  |epoch_client_commu: 1/10
[2023-12-30 18:24:57] [INFO]   |server: 0
[2023-12-30 18:24:57] [INFO]    -client 0
[2023-12-30 18:24:58] [INFO]     |  local epoch  : 0, acc 0.159
[2023-12-30 18:24:58] [INFO]     |  local epoch  : 1, acc 0.219
[2023-12-30 18:24:59] [INFO]     |  local epoch  : 2, acc 0.312
[2023-12-30 18:24:59] [INFO]     |  local epoch  : 3, acc 0.412
[2023-12-30 18:25:00] [INFO]     |  local epoch  : 4, acc 0.508
[2023-12-30 18:25:00] [INFO]    -client 1
[2023-12-30 18:25:00] [INFO]     |  local epoch  : 0, acc 0.137
[2023-12-30 18:25:01] [INFO]     |  local epoch  : 1, acc 0.207
[2023-12-30 18:25:01] [INFO]     |  local epoch  : 2, acc 0.334
[2023-12-30 18:25:02] [INFO]     |  local epoch  : 3, acc 0.417
[2023-12-30 18:25:02] [INFO]     |  local epoch  : 4, acc 0.509
[2023-12-30 18:25:02] [INFO]    -client 2
[2023-12-30 18:25:03] [INFO]     |  local epoch  : 0, acc 0.162
[2023-12-30 18:25:03] [INFO]     |  local epoch  : 1, acc 0.227
[2023-12-30 18:25:04] [INFO]     |  local epoch  : 2, acc 0.354
[2023-12-30 18:25:04] [INFO]     |  local epoch  : 3, acc 0.383
[2023-12-30 18:25:05] [INFO]     |  local epoch  : 4, acc 0.473
[2023-12-30 18:25:05] [INFO] |servers comunicated: 0, server aggregated: 1, acc_server 0: 0.497.
[2023-12-30 18:25:05] [INFO] --------------------------------------------------
[2023-12-30 18:25:05] [INFO]   |server: 1
[2023-12-30 18:25:05] [INFO]    -client 3
[2023-12-30 18:25:05] [INFO]     |  local epoch  : 0, acc 0.381
[2023-12-30 18:25:06] [INFO]     |  local epoch  : 1, acc 0.431
[2023-12-30 18:25:06] [INFO]     |  local epoch  : 2, acc 0.585
[2023-12-30 18:25:07] [INFO]     |  local epoch  : 3, acc 0.607
[2023-12-30 18:25:07] [INFO]     |  local epoch  : 4, acc 0.669
[2023-12-30 18:25:07] [INFO]    -client 4
[2023-12-30 18:25:08] [INFO]     |  local epoch  : 0, acc 0.414
[2023-12-30 18:25:08] [INFO]     |  local epoch  : 1, acc 0.544
[2023-12-30 18:25:09] [INFO]     |  local epoch  : 2, acc 0.580
[2023-12-30 18:25:09] [INFO]     |  local epoch  : 3, acc 0.650
[2023-12-30 18:25:10] [INFO]     |  local epoch  : 4, acc 0.669
[2023-12-30 18:25:10] [INFO]    -client 5
[2023-12-30 18:25:10] [INFO]     |  local epoch  : 0, acc 0.445
[2023-12-30 18:25:11] [INFO]     |  local epoch  : 1, acc 0.510
[2023-12-30 18:25:11] [INFO]     |  local epoch  : 2, acc 0.551
[2023-12-30 18:25:12] [INFO]     |  local epoch  : 3, acc 0.588
[2023-12-30 18:25:12] [INFO]     |  local epoch  : 4, acc 0.646
[2023-12-30 18:25:13] [INFO] |servers comunicated: 0, server aggregated: 1, acc_server 1: 0.707.
[2023-12-30 18:25:13] [INFO] --------------------------------------------------
[2023-12-30 18:25:13] [INFO]   |server: 2
[2023-12-30 18:25:13] [INFO]    -client 6
[2023-12-30 18:25:13] [INFO]     |  local epoch  : 0, acc 0.184
[2023-12-30 18:25:14] [INFO]     |  local epoch  : 1, acc 0.330
[2023-12-30 18:25:14] [INFO]     |  local epoch  : 2, acc 0.461
[2023-12-30 18:25:14] [INFO]     |  local epoch  : 3, acc 0.487
[2023-12-30 18:25:15] [INFO]     |  local epoch  : 4, acc 0.628
[2023-12-30 18:25:15] [INFO]    -client 7
[2023-12-30 18:25:15] [INFO]     |  local epoch  : 0, acc 0.246
[2023-12-30 18:25:16] [INFO]     |  local epoch  : 1, acc 0.267
[2023-12-30 18:25:16] [INFO]     |  local epoch  : 2, acc 0.431
[2023-12-30 18:25:17] [INFO]     |  local epoch  : 3, acc 0.552
[2023-12-30 18:25:17] [INFO]     |  local epoch  : 4, acc 0.629
[2023-12-30 18:25:17] [INFO]    -client 8
[2023-12-30 18:25:18] [INFO]     |  local epoch  : 0, acc 0.236
[2023-12-30 18:25:18] [INFO]     |  local epoch  : 1, acc 0.390
[2023-12-30 18:25:19] [INFO]     |  local epoch  : 2, acc 0.490
[2023-12-30 18:25:19] [INFO]     |  local epoch  : 3, acc 0.571
[2023-12-30 18:25:20] [INFO]     |  local epoch  : 4, acc 0.611
[2023-12-30 18:25:20] [INFO] |servers comunicated: 0, server aggregated: 1, acc_server 2: 0.637.
[2023-12-30 18:25:20] [INFO] --------------------------------------------------
[2023-12-30 18:25:20] [INFO]  |epoch_client_commu: 2/10
[2023-12-30 18:25:20] [INFO]   |server: 0
[2023-12-30 18:25:20] [INFO]    -client 0
[2023-12-30 18:25:21] [INFO]     |  local epoch  : 0, acc 0.632
[2023-12-30 18:25:21] [INFO]     |  local epoch  : 1, acc 0.621
[2023-12-30 18:25:22] [INFO]     |  local epoch  : 2, acc 0.713
[2023-12-30 18:25:22] [INFO]     |  local epoch  : 3, acc 0.664
[2023-12-30 18:25:23] [INFO]     |  local epoch  : 4, acc 0.731
[2023-12-30 18:25:23] [INFO]    -client 1
[2023-12-30 18:25:23] [INFO]     |  local epoch  : 0, acc 0.612
[2023-12-30 18:25:23] [INFO]     |  local epoch  : 1, acc 0.686
[2023-12-30 18:25:24] [INFO]     |  local epoch  : 2, acc 0.610
[2023-12-30 18:25:24] [INFO]     |  local epoch  : 3, acc 0.739
[2023-12-30 18:25:25] [INFO]     |  local epoch  : 4, acc 0.679
[2023-12-30 18:25:25] [INFO]    -client 2
[2023-12-30 18:25:25] [INFO]     |  local epoch  : 0, acc 0.526
[2023-12-30 18:25:26] [INFO]     |  local epoch  : 1, acc 0.614
[2023-12-30 18:25:26] [INFO]     |  local epoch  : 2, acc 0.693
[2023-12-30 18:25:27] [INFO]     |  local epoch  : 3, acc 0.685
[2023-12-30 18:25:27] [INFO]     |  local epoch  : 4, acc 0.690
[2023-12-30 18:25:28] [INFO] |servers comunicated: 0, server aggregated: 2, acc_server 0: 0.720.
[2023-12-30 18:25:28] [INFO] --------------------------------------------------
[2023-12-30 18:25:28] [INFO]   |server: 1
[2023-12-30 18:25:28] [INFO]    -client 3
[2023-12-30 18:25:28] [INFO]     |  local epoch  : 0, acc 0.691
[2023-12-30 18:25:29] [INFO]     |  local epoch  : 1, acc 0.726
[2023-12-30 18:25:29] [INFO]     |  local epoch  : 2, acc 0.738
[2023-12-30 18:25:30] [INFO]     |  local epoch  : 3, acc 0.753
[2023-12-30 18:25:30] [INFO]     |  local epoch  : 4, acc 0.762
[2023-12-30 18:25:30] [INFO]    -client 4
[2023-12-30 18:25:31] [INFO]     |  local epoch  : 0, acc 0.709
[2023-12-30 18:25:31] [INFO]     |  local epoch  : 1, acc 0.680
[2023-12-30 18:25:32] [INFO]     |  local epoch  : 2, acc 0.739
[2023-12-30 18:25:32] [INFO]     |  local epoch  : 3, acc 0.725
[2023-12-30 18:25:33] [INFO]     |  local epoch  : 4, acc 0.751
[2023-12-30 18:25:33] [INFO]    -client 5
[2023-12-30 18:25:33] [INFO]     |  local epoch  : 0, acc 0.698
[2023-12-30 18:25:34] [INFO]     |  local epoch  : 1, acc 0.729
[2023-12-30 18:25:34] [INFO]     |  local epoch  : 2, acc 0.733
[2023-12-30 18:25:34] [INFO]     |  local epoch  : 3, acc 0.747
[2023-12-30 18:25:35] [INFO]     |  local epoch  : 4, acc 0.711
[2023-12-30 18:25:35] [INFO] |servers comunicated: 0, server aggregated: 2, acc_server 1: 0.783.
[2023-12-30 18:25:35] [INFO] --------------------------------------------------
[2023-12-30 18:25:35] [INFO]   |server: 2
[2023-12-30 18:25:35] [INFO]    -client 6
[2023-12-30 18:25:36] [INFO]     |  local epoch  : 0, acc 0.548
[2023-12-30 18:25:36] [INFO]     |  local epoch  : 1, acc 0.655
[2023-12-30 18:25:37] [INFO]     |  local epoch  : 2, acc 0.721
[2023-12-30 18:25:37] [INFO]     |  local epoch  : 3, acc 0.668
[2023-12-30 18:25:38] [INFO]     |  local epoch  : 4, acc 0.745
[2023-12-30 18:25:38] [INFO]    -client 7
[2023-12-30 18:25:38] [INFO]     |  local epoch  : 0, acc 0.660
[2023-12-30 18:25:39] [INFO]     |  local epoch  : 1, acc 0.595
[2023-12-30 18:25:39] [INFO]     |  local epoch  : 2, acc 0.670
[2023-12-30 18:25:40] [INFO]     |  local epoch  : 3, acc 0.671
[2023-12-30 18:25:40] [INFO]     |  local epoch  : 4, acc 0.731
[2023-12-30 18:25:40] [INFO]    -client 8
[2023-12-30 18:25:41] [INFO]     |  local epoch  : 0, acc 0.597
[2023-12-30 18:25:41] [INFO]     |  local epoch  : 1, acc 0.678
[2023-12-30 18:25:42] [INFO]     |  local epoch  : 2, acc 0.694
[2023-12-30 18:25:42] [INFO]     |  local epoch  : 3, acc 0.684
[2023-12-30 18:25:43] [INFO]     |  local epoch  : 4, acc 0.714
[2023-12-30 18:25:43] [INFO] |servers comunicated: 0, server aggregated: 2, acc_server 2: 0.754.
[2023-12-30 18:25:43] [INFO] --------------------------------------------------
[2023-12-30 18:25:43] [INFO]  |epoch_client_commu: 3/10
[2023-12-30 18:25:43] [INFO]   |server: 0
[2023-12-30 18:25:43] [INFO]    -client 0
[2023-12-30 18:25:43] [INFO]     |  local epoch  : 0, acc 0.767
[2023-12-30 18:25:44] [INFO]     |  local epoch  : 1, acc 0.766
[2023-12-30 18:25:44] [INFO]     |  local epoch  : 2, acc 0.757
[2023-12-30 18:25:45] [INFO]     |  local epoch  : 3, acc 0.750
[2023-12-30 18:25:45] [INFO]     |  local epoch  : 4, acc 0.756
[2023-12-30 18:25:45] [INFO]    -client 1
[2023-12-30 18:25:46] [INFO]     |  local epoch  : 0, acc 0.739
[2023-12-30 18:25:46] [INFO]     |  local epoch  : 1, acc 0.786
[2023-12-30 18:25:47] [INFO]     |  local epoch  : 2, acc 0.753
[2023-12-30 18:25:47] [INFO]     |  local epoch  : 3, acc 0.764
[2023-12-30 18:25:48] [INFO]     |  local epoch  : 4, acc 0.780
[2023-12-30 18:25:48] [INFO]    -client 2
[2023-12-30 18:25:48] [INFO]     |  local epoch  : 0, acc 0.689
[2023-12-30 18:25:49] [INFO]     |  local epoch  : 1, acc 0.761
[2023-12-30 18:25:49] [INFO]     |  local epoch  : 2, acc 0.735
[2023-12-30 18:25:50] [INFO]     |  local epoch  : 3, acc 0.789
[2023-12-30 18:25:50] [INFO]     |  local epoch  : 4, acc 0.740
[2023-12-30 18:25:51] [INFO] |servers comunicated: 0, server aggregated: 3, acc_server 0: 0.786.
[2023-12-30 18:25:51] [INFO] --------------------------------------------------
[2023-12-30 18:25:51] [INFO]   |server: 1
[2023-12-30 18:25:51] [INFO]    -client 3
[2023-12-30 18:25:51] [INFO]     |  local epoch  : 0, acc 0.774
[2023-12-30 18:25:52] [INFO]     |  local epoch  : 1, acc 0.772
[2023-12-30 18:25:52] [INFO]     |  local epoch  : 2, acc 0.766
[2023-12-30 18:25:53] [INFO]     |  local epoch  : 3, acc 0.771
[2023-12-30 18:25:53] [INFO]     |  local epoch  : 4, acc 0.786
[2023-12-30 18:25:53] [INFO]    -client 4
[2023-12-30 18:25:54] [INFO]     |  local epoch  : 0, acc 0.753
[2023-12-30 18:25:54] [INFO]     |  local epoch  : 1, acc 0.777
[2023-12-30 18:25:55] [INFO]     |  local epoch  : 2, acc 0.784
[2023-12-30 18:25:55] [INFO]     |  local epoch  : 3, acc 0.798
[2023-12-30 18:25:56] [INFO]     |  local epoch  : 4, acc 0.780
[2023-12-30 18:25:56] [INFO]    -client 5
[2023-12-30 18:25:56] [INFO]     |  local epoch  : 0, acc 0.733
[2023-12-30 18:25:57] [INFO]     |  local epoch  : 1, acc 0.771
[2023-12-30 18:25:57] [INFO]     |  local epoch  : 2, acc 0.790
[2023-12-30 18:25:58] [INFO]     |  local epoch  : 3, acc 0.803
[2023-12-30 18:25:58] [INFO]     |  local epoch  : 4, acc 0.808
[2023-12-30 18:25:59] [INFO] |servers comunicated: 0, server aggregated: 3, acc_server 1: 0.822.
[2023-12-30 18:25:59] [INFO] --------------------------------------------------
[2023-12-30 18:25:59] [INFO]   |server: 2
[2023-12-30 18:25:59] [INFO]    -client 6
[2023-12-30 18:25:59] [INFO]     |  local epoch  : 0, acc 0.746
[2023-12-30 18:26:00] [INFO]     |  local epoch  : 1, acc 0.722
[2023-12-30 18:26:00] [INFO]     |  local epoch  : 2, acc 0.775
[2023-12-30 18:26:01] [INFO]     |  local epoch  : 3, acc 0.781
[2023-12-30 18:26:01] [INFO]     |  local epoch  : 4, acc 0.747
[2023-12-30 18:26:01] [INFO]    -client 7
[2023-12-30 18:26:02] [INFO]     |  local epoch  : 0, acc 0.715
[2023-12-30 18:26:02] [INFO]     |  local epoch  : 1, acc 0.760
[2023-12-30 18:26:03] [INFO]     |  local epoch  : 2, acc 0.781
[2023-12-30 18:26:03] [INFO]     |  local epoch  : 3, acc 0.790
[2023-12-30 18:26:04] [INFO]     |  local epoch  : 4, acc 0.787
[2023-12-30 18:26:04] [INFO]    -client 8
[2023-12-30 18:26:04] [INFO]     |  local epoch  : 0, acc 0.746
[2023-12-30 18:26:05] [INFO]     |  local epoch  : 1, acc 0.686
[2023-12-30 18:26:05] [INFO]     |  local epoch  : 2, acc 0.731
[2023-12-30 18:26:06] [INFO]     |  local epoch  : 3, acc 0.654
[2023-12-30 18:26:06] [INFO]     |  local epoch  : 4, acc 0.754
[2023-12-30 18:26:06] [INFO] |servers comunicated: 0, server aggregated: 3, acc_server 2: 0.796.
[2023-12-30 18:26:06] [INFO] --------------------------------------------------
[2023-12-30 18:26:06] [INFO]  |epoch_client_commu: 4/10
[2023-12-30 18:26:06] [INFO]   |server: 0
[2023-12-30 18:26:06] [INFO]    -client 0
[2023-12-30 18:26:07] [INFO]     |  local epoch  : 0, acc 0.748
[2023-12-30 18:26:07] [INFO]     |  local epoch  : 1, acc 0.796
[2023-12-30 18:26:08] [INFO]     |  local epoch  : 2, acc 0.749
[2023-12-30 18:26:08] [INFO]     |  local epoch  : 3, acc 0.787
[2023-12-30 18:26:09] [INFO]     |  local epoch  : 4, acc 0.776
[2023-12-30 18:26:09] [INFO]    -client 1
[2023-12-30 18:26:09] [INFO]     |  local epoch  : 0, acc 0.775
[2023-12-30 18:26:10] [INFO]     |  local epoch  : 1, acc 0.761
[2023-12-30 18:26:10] [INFO]     |  local epoch  : 2, acc 0.727
[2023-12-30 18:26:11] [INFO]     |  local epoch  : 3, acc 0.741
[2023-12-30 18:26:11] [INFO]     |  local epoch  : 4, acc 0.849
[2023-12-30 18:26:11] [INFO]    -client 2
[2023-12-30 18:26:12] [INFO]     |  local epoch  : 0, acc 0.795
[2023-12-30 18:26:12] [INFO]     |  local epoch  : 1, acc 0.806
[2023-12-30 18:26:13] [INFO]     |  local epoch  : 2, acc 0.777
[2023-12-30 18:26:13] [INFO]     |  local epoch  : 3, acc 0.754
[2023-12-30 18:26:14] [INFO]     |  local epoch  : 4, acc 0.791
[2023-12-30 18:26:14] [INFO] |servers comunicated: 0, server aggregated: 4, acc_server 0: 0.830.
[2023-12-30 18:26:14] [INFO] --------------------------------------------------
[2023-12-30 18:26:14] [INFO]   |server: 1
[2023-12-30 18:26:14] [INFO]    -client 3
[2023-12-30 18:26:15] [INFO]     |  local epoch  : 0, acc 0.832
[2023-12-30 18:26:15] [INFO]     |  local epoch  : 1, acc 0.826
[2023-12-30 18:26:15] [INFO]     |  local epoch  : 2, acc 0.815
[2023-12-30 18:26:16] [INFO]     |  local epoch  : 3, acc 0.801
[2023-12-30 18:26:16] [INFO]     |  local epoch  : 4, acc 0.802
[2023-12-30 18:26:16] [INFO]    -client 4
[2023-12-30 18:26:17] [INFO]     |  local epoch  : 0, acc 0.815
[2023-12-30 18:26:17] [INFO]     |  local epoch  : 1, acc 0.809
[2023-12-30 18:26:18] [INFO]     |  local epoch  : 2, acc 0.813
[2023-12-30 18:26:19] [INFO]     |  local epoch  : 3, acc 0.828
[2023-12-30 18:26:19] [INFO]     |  local epoch  : 4, acc 0.811
[2023-12-30 18:26:19] [INFO]    -client 5
[2023-12-30 18:26:20] [INFO]     |  local epoch  : 0, acc 0.769
[2023-12-30 18:26:20] [INFO]     |  local epoch  : 1, acc 0.757
[2023-12-30 18:26:21] [INFO]     |  local epoch  : 2, acc 0.808
[2023-12-30 18:26:21] [INFO]     |  local epoch  : 3, acc 0.814
[2023-12-30 18:26:22] [INFO]     |  local epoch  : 4, acc 0.842
[2023-12-30 18:26:22] [INFO] |servers comunicated: 0, server aggregated: 4, acc_server 1: 0.841.
[2023-12-30 18:26:22] [INFO] --------------------------------------------------
[2023-12-30 18:26:22] [INFO]   |server: 2
[2023-12-30 18:26:22] [INFO]    -client 6
[2023-12-30 18:26:22] [INFO]     |  local epoch  : 0, acc 0.807
[2023-12-30 18:26:23] [INFO]     |  local epoch  : 1, acc 0.709
[2023-12-30 18:26:23] [INFO]     |  local epoch  : 2, acc 0.757
[2023-12-30 18:26:24] [INFO]     |  local epoch  : 3, acc 0.785
[2023-12-30 18:26:24] [INFO]     |  local epoch  : 4, acc 0.816
[2023-12-30 18:26:24] [INFO]    -client 7
[2023-12-30 18:26:25] [INFO]     |  local epoch  : 0, acc 0.834
[2023-12-30 18:26:26] [INFO]     |  local epoch  : 1, acc 0.758
[2023-12-30 18:26:26] [INFO]     |  local epoch  : 2, acc 0.773
[2023-12-30 18:26:27] [INFO]     |  local epoch  : 3, acc 0.760
[2023-12-30 18:26:27] [INFO]     |  local epoch  : 4, acc 0.805
[2023-12-30 18:26:27] [INFO]    -client 8
[2023-12-30 18:26:28] [INFO]     |  local epoch  : 0, acc 0.767
[2023-12-30 18:26:28] [INFO]     |  local epoch  : 1, acc 0.743
[2023-12-30 18:26:29] [INFO]     |  local epoch  : 2, acc 0.753
[2023-12-30 18:26:29] [INFO]     |  local epoch  : 3, acc 0.801
[2023-12-30 18:26:30] [INFO]     |  local epoch  : 4, acc 0.775
[2023-12-30 18:26:30] [INFO] |servers comunicated: 0, server aggregated: 4, acc_server 2: 0.823.
[2023-12-30 18:26:30] [INFO] --------------------------------------------------
[2023-12-30 18:26:30] [INFO]  |epoch_client_commu: 5/10
[2023-12-30 18:26:30] [INFO]   |server: 0
[2023-12-30 18:26:30] [INFO]    -client 0
[2023-12-30 18:26:30] [INFO]     |  local epoch  : 0, acc 0.772
[2023-12-30 18:26:31] [INFO]     |  local epoch  : 1, acc 0.785
[2023-12-30 18:26:31] [INFO]     |  local epoch  : 2, acc 0.829
[2023-12-30 18:26:32] [INFO]     |  local epoch  : 3, acc 0.805
[2023-12-30 18:26:32] [INFO]     |  local epoch  : 4, acc 0.800
[2023-12-30 18:26:32] [INFO]    -client 1
[2023-12-30 18:26:33] [INFO]     |  local epoch  : 0, acc 0.801
[2023-12-30 18:26:33] [INFO]     |  local epoch  : 1, acc 0.779
[2023-12-30 18:26:34] [INFO]     |  local epoch  : 2, acc 0.829
[2023-12-30 18:26:34] [INFO]     |  local epoch  : 3, acc 0.812
[2023-12-30 18:26:35] [INFO]     |  local epoch  : 4, acc 0.801
[2023-12-30 18:26:35] [INFO]    -client 2
[2023-12-30 18:26:35] [INFO]     |  local epoch  : 0, acc 0.808
[2023-12-30 18:26:36] [INFO]     |  local epoch  : 1, acc 0.811
[2023-12-30 18:26:36] [INFO]     |  local epoch  : 2, acc 0.811
[2023-12-30 18:26:37] [INFO]     |  local epoch  : 3, acc 0.810
[2023-12-30 18:26:37] [INFO]     |  local epoch  : 4, acc 0.787
[2023-12-30 18:26:38] [INFO] |servers comunicated: 0, server aggregated: 5, acc_server 0: 0.825.
[2023-12-30 18:26:38] [INFO] --------------------------------------------------
[2023-12-30 18:26:38] [INFO]   |server: 1
[2023-12-30 18:26:38] [INFO]    -client 3
[2023-12-30 18:26:38] [INFO]     |  local epoch  : 0, acc 0.830
[2023-12-30 18:26:39] [INFO]     |  local epoch  : 1, acc 0.836
[2023-12-30 18:26:39] [INFO]     |  local epoch  : 2, acc 0.829
[2023-12-30 18:26:40] [INFO]     |  local epoch  : 3, acc 0.832
[2023-12-30 18:26:40] [INFO]     |  local epoch  : 4, acc 0.821
[2023-12-30 18:26:40] [INFO]    -client 4
[2023-12-30 18:26:41] [INFO]     |  local epoch  : 0, acc 0.810
[2023-12-30 18:26:41] [INFO]     |  local epoch  : 1, acc 0.829
[2023-12-30 18:26:42] [INFO]     |  local epoch  : 2, acc 0.849
[2023-12-30 18:26:42] [INFO]     |  local epoch  : 3, acc 0.841
[2023-12-30 18:26:43] [INFO]     |  local epoch  : 4, acc 0.838
[2023-12-30 18:26:43] [INFO]    -client 5
[2023-12-30 18:26:43] [INFO]     |  local epoch  : 0, acc 0.820
[2023-12-30 18:26:44] [INFO]     |  local epoch  : 1, acc 0.828
[2023-12-30 18:26:44] [INFO]     |  local epoch  : 2, acc 0.837
[2023-12-30 18:26:45] [INFO]     |  local epoch  : 3, acc 0.834
[2023-12-30 18:26:45] [INFO]     |  local epoch  : 4, acc 0.855
[2023-12-30 18:26:45] [INFO] |servers comunicated: 0, server aggregated: 5, acc_server 1: 0.858.
[2023-12-30 18:26:45] [INFO] --------------------------------------------------
[2023-12-30 18:26:45] [INFO]   |server: 2
[2023-12-30 18:26:45] [INFO]    -client 6
[2023-12-30 18:26:46] [INFO]     |  local epoch  : 0, acc 0.828
[2023-12-30 18:26:46] [INFO]     |  local epoch  : 1, acc 0.844
[2023-12-30 18:26:47] [INFO]     |  local epoch  : 2, acc 0.789
[2023-12-30 18:26:47] [INFO]     |  local epoch  : 3, acc 0.802
[2023-12-30 18:26:48] [INFO]     |  local epoch  : 4, acc 0.723
[2023-12-30 18:26:48] [INFO]    -client 7
[2023-12-30 18:26:48] [INFO]     |  local epoch  : 0, acc 0.830
[2023-12-30 18:26:49] [INFO]     |  local epoch  : 1, acc 0.853
[2023-12-30 18:26:49] [INFO]     |  local epoch  : 2, acc 0.827
[2023-12-30 18:26:50] [INFO]     |  local epoch  : 3, acc 0.850
[2023-12-30 18:26:50] [INFO]     |  local epoch  : 4, acc 0.845
[2023-12-30 18:26:50] [INFO]    -client 8
[2023-12-30 18:26:51] [INFO]     |  local epoch  : 0, acc 0.789
[2023-12-30 18:26:51] [INFO]     |  local epoch  : 1, acc 0.813
[2023-12-30 18:26:52] [INFO]     |  local epoch  : 2, acc 0.806
[2023-12-30 18:26:52] [INFO]     |  local epoch  : 3, acc 0.828
[2023-12-30 18:26:53] [INFO]     |  local epoch  : 4, acc 0.781
[2023-12-30 18:26:53] [INFO] |servers comunicated: 0, server aggregated: 5, acc_server 2: 0.830.
[2023-12-30 18:26:53] [INFO] --------------------------------------------------
[2023-12-30 18:26:53] [INFO]  |epoch_client_commu: 6/10
[2023-12-30 18:26:53] [INFO]   |server: 0
[2023-12-30 18:26:53] [INFO]    -client 0
[2023-12-30 18:26:54] [INFO]     |  local epoch  : 0, acc 0.832
[2023-12-30 18:26:54] [INFO]     |  local epoch  : 1, acc 0.837
[2023-12-30 18:26:55] [INFO]     |  local epoch  : 2, acc 0.851
[2023-12-30 18:26:55] [INFO]     |  local epoch  : 3, acc 0.827
[2023-12-30 18:26:56] [INFO]     |  local epoch  : 4, acc 0.840
[2023-12-30 18:26:56] [INFO]    -client 1
[2023-12-30 18:26:56] [INFO]     |  local epoch  : 0, acc 0.829
[2023-12-30 18:26:57] [INFO]     |  local epoch  : 1, acc 0.803
[2023-12-30 18:26:57] [INFO]     |  local epoch  : 2, acc 0.838
[2023-12-30 18:26:58] [INFO]     |  local epoch  : 3, acc 0.821
[2023-12-30 18:26:58] [INFO]     |  local epoch  : 4, acc 0.825
[2023-12-30 18:26:58] [INFO]    -client 2
[2023-12-30 18:26:59] [INFO]     |  local epoch  : 0, acc 0.838
[2023-12-30 18:26:59] [INFO]     |  local epoch  : 1, acc 0.766
[2023-12-30 18:27:00] [INFO]     |  local epoch  : 2, acc 0.846
[2023-12-30 18:27:00] [INFO]     |  local epoch  : 3, acc 0.787
[2023-12-30 18:27:01] [INFO]     |  local epoch  : 4, acc 0.828
[2023-12-30 18:27:01] [INFO] |servers comunicated: 0, server aggregated: 6, acc_server 0: 0.856.
[2023-12-30 18:27:01] [INFO] --------------------------------------------------
[2023-12-30 18:27:01] [INFO]   |server: 1
[2023-12-30 18:27:01] [INFO]    -client 3
[2023-12-30 18:27:01] [INFO]     |  local epoch  : 0, acc 0.842
[2023-12-30 18:27:02] [INFO]     |  local epoch  : 1, acc 0.845
[2023-12-30 18:27:03] [INFO]     |  local epoch  : 2, acc 0.818
[2023-12-30 18:27:03] [INFO]     |  local epoch  : 3, acc 0.824
[2023-12-30 18:27:04] [INFO]     |  local epoch  : 4, acc 0.840
[2023-12-30 18:27:04] [INFO]    -client 4
[2023-12-30 18:27:04] [INFO]     |  local epoch  : 0, acc 0.828
[2023-12-30 18:27:05] [INFO]     |  local epoch  : 1, acc 0.803
[2023-12-30 18:27:05] [INFO]     |  local epoch  : 2, acc 0.851
[2023-12-30 18:27:06] [INFO]     |  local epoch  : 3, acc 0.840
[2023-12-30 18:27:06] [INFO]     |  local epoch  : 4, acc 0.844
[2023-12-30 18:27:06] [INFO]    -client 5
[2023-12-30 18:27:07] [INFO]     |  local epoch  : 0, acc 0.835
[2023-12-30 18:27:07] [INFO]     |  local epoch  : 1, acc 0.803
[2023-12-30 18:27:08] [INFO]     |  local epoch  : 2, acc 0.804
[2023-12-30 18:27:08] [INFO]     |  local epoch  : 3, acc 0.829
[2023-12-30 18:27:09] [INFO]     |  local epoch  : 4, acc 0.799
[2023-12-30 18:27:09] [INFO] |servers comunicated: 0, server aggregated: 6, acc_server 1: 0.863.
[2023-12-30 18:27:09] [INFO] --------------------------------------------------
[2023-12-30 18:27:09] [INFO]   |server: 2
[2023-12-30 18:27:09] [INFO]    -client 6
[2023-12-30 18:27:09] [INFO]     |  local epoch  : 0, acc 0.790
[2023-12-30 18:27:10] [INFO]     |  local epoch  : 1, acc 0.798
[2023-12-30 18:27:10] [INFO]     |  local epoch  : 2, acc 0.809
[2023-12-30 18:27:11] [INFO]     |  local epoch  : 3, acc 0.835
[2023-12-30 18:27:11] [INFO]     |  local epoch  : 4, acc 0.846
[2023-12-30 18:27:11] [INFO]    -client 7
[2023-12-30 18:27:12] [INFO]     |  local epoch  : 0, acc 0.835
[2023-12-30 18:27:12] [INFO]     |  local epoch  : 1, acc 0.875
[2023-12-30 18:27:13] [INFO]     |  local epoch  : 2, acc 0.844
[2023-12-30 18:27:13] [INFO]     |  local epoch  : 3, acc 0.808
[2023-12-30 18:27:14] [INFO]     |  local epoch  : 4, acc 0.856
[2023-12-30 18:27:14] [INFO]    -client 8
[2023-12-30 18:27:14] [INFO]     |  local epoch  : 0, acc 0.768
[2023-12-30 18:27:15] [INFO]     |  local epoch  : 1, acc 0.826
[2023-12-30 18:27:15] [INFO]     |  local epoch  : 2, acc 0.793
[2023-12-30 18:27:16] [INFO]     |  local epoch  : 3, acc 0.821
[2023-12-30 18:27:16] [INFO]     |  local epoch  : 4, acc 0.766
[2023-12-30 18:27:17] [INFO] |servers comunicated: 0, server aggregated: 6, acc_server 2: 0.845.
[2023-12-30 18:27:17] [INFO] --------------------------------------------------
[2023-12-30 18:27:17] [INFO]  |epoch_client_commu: 7/10
[2023-12-30 18:27:17] [INFO]   |server: 0
[2023-12-30 18:27:17] [INFO]    -client 0
[2023-12-30 18:27:17] [INFO]     |  local epoch  : 0, acc 0.854
[2023-12-30 18:27:18] [INFO]     |  local epoch  : 1, acc 0.841
[2023-12-30 18:27:18] [INFO]     |  local epoch  : 2, acc 0.844
[2023-12-30 18:27:19] [INFO]     |  local epoch  : 3, acc 0.813
[2023-12-30 18:27:19] [INFO]     |  local epoch  : 4, acc 0.829
[2023-12-30 18:27:19] [INFO]    -client 1
[2023-12-30 18:27:20] [INFO]     |  local epoch  : 0, acc 0.857
[2023-12-30 18:27:20] [INFO]     |  local epoch  : 1, acc 0.861
