[2023-12-28 21:27:27] [INFO] device cuda is used.
[2023-12-28 21:27:27] [INFO] cudnn is actived.
[2023-12-28 21:27:27] [INFO] 
           alpha       :  0.5  
             T         :   8   
         algorithm     :   0   
     num_server_commu  :   6   
     num_client_commu  :   2   
     num_client_train  :   5   
     num_public_train  :   5   
        batch_size     :  200  
          dataset      : mnist 
       model_select    :   1   
      num_all_client   :   9   
      num_all_server   :   3   
      num_client_data  : 1200  
      num_public_data  :  50   
        proportion     :  0.8  

[2023-12-28 21:27:34] [INFO] --------------------------------------------------
[2023-12-28 21:27:34] [INFO] |epoch_server_commu: 0/6
[2023-12-28 21:27:34] [INFO]  |epoch_client_commu: 0/2
[2023-12-28 21:27:34] [INFO]   |server: 0
[2023-12-28 21:27:34] [INFO]    -client 0
[2023-12-28 21:27:34] [INFO]     |  local epoch  : 0, acc 0.103
[2023-12-28 21:27:34] [INFO]     |  local epoch  : 1, acc 0.103
[2023-12-28 21:27:35] [INFO]     |  local epoch  : 2, acc 0.103
[2023-12-28 21:27:35] [INFO]     |  local epoch  : 3, acc 0.103
[2023-12-28 21:27:35] [INFO]     |  local epoch  : 4, acc 0.103
[2023-12-28 21:27:35] [INFO]    -client 1
[2023-12-28 21:27:35] [INFO]     |  local epoch  : 0, acc 0.103
[2023-12-28 21:27:35] [INFO]     |  local epoch  : 1, acc 0.103
[2023-12-28 21:27:35] [INFO]     |  local epoch  : 2, acc 0.103
[2023-12-28 21:27:35] [INFO]     |  local epoch  : 3, acc 0.103
[2023-12-28 21:27:35] [INFO]     |  local epoch  : 4, acc 0.103
[2023-12-28 21:27:35] [INFO]    -client 2
[2023-12-28 21:27:35] [INFO]     |  local epoch  : 0, acc 0.103
[2023-12-28 21:27:35] [INFO]     |  local epoch  : 1, acc 0.103
[2023-12-28 21:27:35] [INFO]     |  local epoch  : 2, acc 0.103
[2023-12-28 21:27:35] [INFO]     |  local epoch  : 3, acc 0.103
[2023-12-28 21:27:35] [INFO]     |  local epoch  : 4, acc 0.103
[2023-12-28 21:27:35] [INFO] |servers comunicated: 0, server aggregated: 0, acc_server 0: 0.103.
[2023-12-28 21:27:35] [INFO] --------------------------------------------------
[2023-12-28 21:27:35] [INFO]   |server: 1
[2023-12-28 21:27:35] [INFO]    -client 3
[2023-12-28 21:27:35] [INFO]     |  local epoch  : 0, acc 0.114
[2023-12-28 21:27:35] [INFO]     |  local epoch  : 1, acc 0.114
[2023-12-28 21:27:35] [INFO]     |  local epoch  : 2, acc 0.114
[2023-12-28 21:27:35] [INFO]     |  local epoch  : 3, acc 0.114
[2023-12-28 21:27:35] [INFO]     |  local epoch  : 4, acc 0.114
[2023-12-28 21:27:35] [INFO]    -client 4
[2023-12-28 21:27:36] [INFO]     |  local epoch  : 0, acc 0.114
[2023-12-28 21:27:36] [INFO]     |  local epoch  : 1, acc 0.114
[2023-12-28 21:27:36] [INFO]     |  local epoch  : 2, acc 0.114
[2023-12-28 21:27:36] [INFO]     |  local epoch  : 3, acc 0.114
[2023-12-28 21:27:36] [INFO]     |  local epoch  : 4, acc 0.114
[2023-12-28 21:27:36] [INFO]    -client 5
[2023-12-28 21:27:36] [INFO]     |  local epoch  : 0, acc 0.114
[2023-12-28 21:27:36] [INFO]     |  local epoch  : 1, acc 0.114
[2023-12-28 21:27:36] [INFO]     |  local epoch  : 2, acc 0.114
[2023-12-28 21:27:36] [INFO]     |  local epoch  : 3, acc 0.114
[2023-12-28 21:27:36] [INFO]     |  local epoch  : 4, acc 0.114
[2023-12-28 21:27:36] [INFO] |servers comunicated: 0, server aggregated: 0, acc_server 1: 0.114.
[2023-12-28 21:27:36] [INFO] --------------------------------------------------
[2023-12-28 21:27:36] [INFO]   |server: 2
[2023-12-28 21:27:36] [INFO]    -client 6
[2023-12-28 21:27:36] [INFO]     |  local epoch  : 0, acc 0.097
[2023-12-28 21:27:36] [INFO]     |  local epoch  : 1, acc 0.097
[2023-12-28 21:27:36] [INFO]     |  local epoch  : 2, acc 0.097
[2023-12-28 21:27:36] [INFO]     |  local epoch  : 3, acc 0.097
[2023-12-28 21:27:36] [INFO]     |  local epoch  : 4, acc 0.097
[2023-12-28 21:27:36] [INFO]    -client 7
[2023-12-28 21:27:36] [INFO]     |  local epoch  : 0, acc 0.097
[2023-12-28 21:27:36] [INFO]     |  local epoch  : 1, acc 0.097
[2023-12-28 21:27:36] [INFO]     |  local epoch  : 2, acc 0.097
[2023-12-28 21:27:36] [INFO]     |  local epoch  : 3, acc 0.097
[2023-12-28 21:27:37] [INFO]     |  local epoch  : 4, acc 0.097
[2023-12-28 21:27:37] [INFO]    -client 8
[2023-12-28 21:27:37] [INFO]     |  local epoch  : 0, acc 0.097
[2023-12-28 21:27:37] [INFO]     |  local epoch  : 1, acc 0.097
[2023-12-28 21:27:37] [INFO]     |  local epoch  : 2, acc 0.097
[2023-12-28 21:27:37] [INFO]     |  local epoch  : 3, acc 0.097
[2023-12-28 21:27:37] [INFO]     |  local epoch  : 4, acc 0.097
[2023-12-28 21:27:37] [INFO] |servers comunicated: 0, server aggregated: 0, acc_server 2: 0.097.
[2023-12-28 21:27:37] [INFO] --------------------------------------------------
[2023-12-28 21:27:37] [INFO]  |epoch_client_commu: 1/2
[2023-12-28 21:27:37] [INFO]   |server: 0
[2023-12-28 21:27:37] [INFO]    -client 0
[2023-12-28 21:27:37] [INFO]     |  local epoch  : 0, acc 0.103
[2023-12-28 21:27:37] [INFO]     |  local epoch  : 1, acc 0.103
[2023-12-28 21:27:37] [INFO]     |  local epoch  : 2, acc 0.103
[2023-12-28 21:27:37] [INFO]     |  local epoch  : 3, acc 0.103
[2023-12-28 21:27:37] [INFO]     |  local epoch  : 4, acc 0.103
[2023-12-28 21:27:37] [INFO]    -client 1
[2023-12-28 21:27:37] [INFO]     |  local epoch  : 0, acc 0.103
[2023-12-28 21:27:37] [INFO]     |  local epoch  : 1, acc 0.103
[2023-12-28 21:27:37] [INFO]     |  local epoch  : 2, acc 0.103
[2023-12-28 21:27:37] [INFO]     |  local epoch  : 3, acc 0.103
[2023-12-28 21:27:37] [INFO]     |  local epoch  : 4, acc 0.103
[2023-12-28 21:27:37] [INFO]    -client 2
[2023-12-28 21:27:37] [INFO]     |  local epoch  : 0, acc 0.103
[2023-12-28 21:27:37] [INFO]     |  local epoch  : 1, acc 0.103
[2023-12-28 21:27:38] [INFO]     |  local epoch  : 2, acc 0.103
[2023-12-28 21:27:38] [INFO]     |  local epoch  : 3, acc 0.103
[2023-12-28 21:27:38] [INFO]     |  local epoch  : 4, acc 0.103
[2023-12-28 21:27:38] [INFO] |servers comunicated: 0, server aggregated: 1, acc_server 0: 0.103.
[2023-12-28 21:27:38] [INFO] --------------------------------------------------
[2023-12-28 21:27:38] [INFO]   |server: 1
[2023-12-28 21:27:38] [INFO]    -client 3
[2023-12-28 21:27:38] [INFO]     |  local epoch  : 0, acc 0.114
[2023-12-28 21:27:38] [INFO]     |  local epoch  : 1, acc 0.114
[2023-12-28 21:27:38] [INFO]     |  local epoch  : 2, acc 0.114
[2023-12-28 21:27:38] [INFO]     |  local epoch  : 3, acc 0.114
[2023-12-28 21:27:38] [INFO]     |  local epoch  : 4, acc 0.114
[2023-12-28 21:27:38] [INFO]    -client 4
[2023-12-28 21:27:38] [INFO]     |  local epoch  : 0, acc 0.114
[2023-12-28 21:27:38] [INFO]     |  local epoch  : 1, acc 0.114
[2023-12-28 21:27:38] [INFO]     |  local epoch  : 2, acc 0.114
[2023-12-28 21:27:38] [INFO]     |  local epoch  : 3, acc 0.114
[2023-12-28 21:27:38] [INFO]     |  local epoch  : 4, acc 0.114
[2023-12-28 21:27:38] [INFO]    -client 5
[2023-12-28 21:27:38] [INFO]     |  local epoch  : 0, acc 0.114
[2023-12-28 21:27:38] [INFO]     |  local epoch  : 1, acc 0.114
[2023-12-28 21:27:38] [INFO]     |  local epoch  : 2, acc 0.114
[2023-12-28 21:27:38] [INFO]     |  local epoch  : 3, acc 0.114
[2023-12-28 21:27:38] [INFO]     |  local epoch  : 4, acc 0.114
[2023-12-28 21:27:38] [INFO] |servers comunicated: 0, server aggregated: 1, acc_server 1: 0.114.
[2023-12-28 21:27:38] [INFO] --------------------------------------------------
[2023-12-28 21:27:38] [INFO]   |server: 2
[2023-12-28 21:27:38] [INFO]    -client 6
[2023-12-28 21:27:39] [INFO]     |  local epoch  : 0, acc 0.097
[2023-12-28 21:27:39] [INFO]     |  local epoch  : 1, acc 0.097
[2023-12-28 21:27:39] [INFO]     |  local epoch  : 2, acc 0.097
[2023-12-28 21:27:39] [INFO]     |  local epoch  : 3, acc 0.097
[2023-12-28 21:27:39] [INFO]     |  local epoch  : 4, acc 0.097
[2023-12-28 21:27:39] [INFO]    -client 7
[2023-12-28 21:27:39] [INFO]     |  local epoch  : 0, acc 0.097
[2023-12-28 21:27:39] [INFO]     |  local epoch  : 1, acc 0.097
[2023-12-28 21:27:39] [INFO]     |  local epoch  : 2, acc 0.097
[2023-12-28 21:27:39] [INFO]     |  local epoch  : 3, acc 0.097
[2023-12-28 21:27:39] [INFO]     |  local epoch  : 4, acc 0.097
[2023-12-28 21:27:39] [INFO]    -client 8
[2023-12-28 21:27:39] [INFO]     |  local epoch  : 0, acc 0.097
[2023-12-28 21:27:39] [INFO]     |  local epoch  : 1, acc 0.097
[2023-12-28 21:27:39] [INFO]     |  local epoch  : 2, acc 0.097
[2023-12-28 21:27:39] [INFO]     |  local epoch  : 3, acc 0.097
[2023-12-28 21:27:39] [INFO]     |  local epoch  : 4, acc 0.097
[2023-12-28 21:27:39] [INFO] |servers comunicated: 0, server aggregated: 1, acc_server 2: 0.097.
[2023-12-28 21:27:39] [INFO] --------------------------------------------------
[2023-12-28 21:27:39] [INFO]      ********  servers comunicates  ********      
[2023-12-28 21:27:39] [INFO] --------------------------------------------------
[2023-12-28 21:27:39] [INFO] |epoch_server_commu: 1/6
[2023-12-28 21:27:39] [INFO]  |epoch_client_commu: 0/2
[2023-12-28 21:27:39] [INFO]   |server: 0
[2023-12-28 21:27:39] [INFO]    -client 0
[2023-12-28 21:27:39] [INFO]     |  local epoch  : 0, acc 0.103
[2023-12-28 21:27:39] [INFO]     |  local epoch  : 1, acc 0.103
[2023-12-28 21:27:39] [INFO]     |  local epoch  : 2, acc 0.103
[2023-12-28 21:27:39] [INFO]     |  local epoch  : 3, acc 0.103
[2023-12-28 21:27:40] [INFO]     |  local epoch  : 4, acc 0.105
[2023-12-28 21:27:40] [INFO]     | distill epoch : 0, acc 0.110
[2023-12-28 21:27:40] [INFO]     | distill epoch : 1, acc 0.116
[2023-12-28 21:27:40] [INFO]     | distill epoch : 2, acc 0.130
[2023-12-28 21:27:40] [INFO]     | distill epoch : 3, acc 0.157
[2023-12-28 21:27:40] [INFO]     | distill epoch : 4, acc 0.191
[2023-12-28 21:27:40] [INFO]    -client 1
[2023-12-28 21:27:40] [INFO]     |  local epoch  : 0, acc 0.103
[2023-12-28 21:27:40] [INFO]     |  local epoch  : 1, acc 0.103
[2023-12-28 21:27:40] [INFO]     |  local epoch  : 2, acc 0.103
[2023-12-28 21:27:40] [INFO]     |  local epoch  : 3, acc 0.103
[2023-12-28 21:27:40] [INFO]     |  local epoch  : 4, acc 0.117
[2023-12-28 21:27:40] [INFO]     | distill epoch : 0, acc 0.133
[2023-12-28 21:27:40] [INFO]     | distill epoch : 1, acc 0.171
[2023-12-28 21:27:40] [INFO]     | distill epoch : 2, acc 0.204
[2023-12-28 21:27:40] [INFO]     | distill epoch : 3, acc 0.228
[2023-12-28 21:27:41] [INFO]     | distill epoch : 4, acc 0.245
[2023-12-28 21:27:41] [INFO]    -client 2
[2023-12-28 21:27:41] [INFO]     |  local epoch  : 0, acc 0.103
[2023-12-28 21:27:41] [INFO]     |  local epoch  : 1, acc 0.103
[2023-12-28 21:27:41] [INFO]     |  local epoch  : 2, acc 0.103
[2023-12-28 21:27:41] [INFO]     |  local epoch  : 3, acc 0.103
[2023-12-28 21:27:41] [INFO]     |  local epoch  : 4, acc 0.103
[2023-12-28 21:27:41] [INFO]     | distill epoch : 0, acc 0.104
[2023-12-28 21:27:41] [INFO]     | distill epoch : 1, acc 0.109
[2023-12-28 21:27:41] [INFO]     | distill epoch : 2, acc 0.126
[2023-12-28 21:27:41] [INFO]     | distill epoch : 3, acc 0.160
[2023-12-28 21:27:41] [INFO]     | distill epoch : 4, acc 0.200
[2023-12-28 21:27:41] [INFO] |servers comunicated: 1, server aggregated: 0, acc_server 0: 0.229.
[2023-12-28 21:27:41] [INFO] --------------------------------------------------
[2023-12-28 21:27:41] [INFO]   |server: 1
[2023-12-28 21:27:41] [INFO]    -client 3
[2023-12-28 21:27:41] [INFO]     |  local epoch  : 0, acc 0.122
[2023-12-28 21:27:41] [INFO]     |  local epoch  : 1, acc 0.153
[2023-12-28 21:27:41] [INFO]     |  local epoch  : 2, acc 0.187
[2023-12-28 21:27:41] [INFO]     |  local epoch  : 3, acc 0.201
[2023-12-28 21:27:41] [INFO]     |  local epoch  : 4, acc 0.208
[2023-12-28 21:27:41] [INFO]     | distill epoch : 0, acc 0.209
[2023-12-28 21:27:41] [INFO]     | distill epoch : 1, acc 0.210
[2023-12-28 21:27:41] [INFO]     | distill epoch : 2, acc 0.210
[2023-12-28 21:27:41] [INFO]     | distill epoch : 3, acc 0.210
[2023-12-28 21:27:42] [INFO]     | distill epoch : 4, acc 0.210
[2023-12-28 21:27:42] [INFO]    -client 4
[2023-12-28 21:27:42] [INFO]     |  local epoch  : 0, acc 0.118
[2023-12-28 21:27:42] [INFO]     |  local epoch  : 1, acc 0.146
[2023-12-28 21:27:42] [INFO]     |  local epoch  : 2, acc 0.176
[2023-12-28 21:27:42] [INFO]     |  local epoch  : 3, acc 0.228
[2023-12-28 21:27:42] [INFO]     |  local epoch  : 4, acc 0.233
[2023-12-28 21:27:42] [INFO]     | distill epoch : 0, acc 0.215
[2023-12-28 21:27:42] [INFO]     | distill epoch : 1, acc 0.209
[2023-12-28 21:27:42] [INFO]     | distill epoch : 2, acc 0.210
[2023-12-28 21:27:42] [INFO]     | distill epoch : 3, acc 0.210
[2023-12-28 21:27:42] [INFO]     | distill epoch : 4, acc 0.210
[2023-12-28 21:27:42] [INFO]    -client 5
[2023-12-28 21:27:42] [INFO]     |  local epoch  : 0, acc 0.124
[2023-12-28 21:27:42] [INFO]     |  local epoch  : 1, acc 0.151
[2023-12-28 21:27:42] [INFO]     |  local epoch  : 2, acc 0.186
[2023-12-28 21:27:42] [INFO]     |  local epoch  : 3, acc 0.225
[2023-12-28 21:27:42] [INFO]     |  local epoch  : 4, acc 0.255
[2023-12-28 21:27:42] [INFO]     | distill epoch : 0, acc 0.232
[2023-12-28 21:27:42] [INFO]     | distill epoch : 1, acc 0.214
[2023-12-28 21:27:42] [INFO]     | distill epoch : 2, acc 0.210
[2023-12-28 21:27:42] [INFO]     | distill epoch : 3, acc 0.210
[2023-12-28 21:27:42] [INFO]     | distill epoch : 4, acc 0.210
[2023-12-28 21:27:43] [INFO] |servers comunicated: 1, server aggregated: 0, acc_server 1: 0.210.
[2023-12-28 21:27:43] [INFO] --------------------------------------------------
[2023-12-28 21:27:43] [INFO]   |server: 2
[2023-12-28 21:27:43] [INFO]    -client 6
[2023-12-28 21:27:43] [INFO]     |  local epoch  : 0, acc 0.097
[2023-12-28 21:27:43] [INFO]     |  local epoch  : 1, acc 0.097
[2023-12-28 21:27:43] [INFO]     |  local epoch  : 2, acc 0.097
[2023-12-28 21:27:43] [INFO]     |  local epoch  : 3, acc 0.098
[2023-12-28 21:27:43] [INFO]     |  local epoch  : 4, acc 0.137
[2023-12-28 21:27:43] [INFO]     | distill epoch : 0, acc 0.190
[2023-12-28 21:27:43] [INFO]     | distill epoch : 1, acc 0.232
[2023-12-28 21:27:43] [INFO]     | distill epoch : 2, acc 0.265
[2023-12-28 21:27:43] [INFO]     | distill epoch : 3, acc 0.264
[2023-12-28 21:27:43] [INFO]     | distill epoch : 4, acc 0.228
[2023-12-28 21:27:43] [INFO]    -client 7
[2023-12-28 21:27:43] [INFO]     |  local epoch  : 0, acc 0.097
[2023-12-28 21:27:43] [INFO]     |  local epoch  : 1, acc 0.097
[2023-12-28 21:27:43] [INFO]     |  local epoch  : 2, acc 0.097
[2023-12-28 21:27:43] [INFO]     |  local epoch  : 3, acc 0.097
[2023-12-28 21:27:43] [INFO]     |  local epoch  : 4, acc 0.097
[2023-12-28 21:27:43] [INFO]     | distill epoch : 0, acc 0.130
[2023-12-28 21:27:43] [INFO]     | distill epoch : 1, acc 0.184
[2023-12-28 21:27:43] [INFO]     | distill epoch : 2, acc 0.205
[2023-12-28 21:27:43] [INFO]     | distill epoch : 3, acc 0.210
[2023-12-28 21:27:44] [INFO]     | distill epoch : 4, acc 0.211
[2023-12-28 21:27:44] [INFO]    -client 8
[2023-12-28 21:27:44] [INFO]     |  local epoch  : 0, acc 0.097
[2023-12-28 21:27:44] [INFO]     |  local epoch  : 1, acc 0.097
[2023-12-28 21:27:44] [INFO]     |  local epoch  : 2, acc 0.097
[2023-12-28 21:27:44] [INFO]     |  local epoch  : 3, acc 0.097
[2023-12-28 21:27:44] [INFO]     |  local epoch  : 4, acc 0.097
[2023-12-28 21:27:44] [INFO]     | distill epoch : 0, acc 0.097
[2023-12-28 21:27:44] [INFO]     | distill epoch : 1, acc 0.126
[2023-12-28 21:27:44] [INFO]     | distill epoch : 2, acc 0.184
[2023-12-28 21:27:44] [INFO]     | distill epoch : 3, acc 0.202
[2023-12-28 21:27:44] [INFO]     | distill epoch : 4, acc 0.209
[2023-12-28 21:27:44] [INFO] |servers comunicated: 1, server aggregated: 0, acc_server 2: 0.211.
[2023-12-28 21:27:44] [INFO] --------------------------------------------------
[2023-12-28 21:27:44] [INFO]  |epoch_client_commu: 1/2
[2023-12-28 21:27:44] [INFO]   |server: 0
[2023-12-28 21:27:44] [INFO]    -client 0
[2023-12-28 21:27:44] [INFO]     |  local epoch  : 0, acc 0.105
[2023-12-28 21:27:44] [INFO]     |  local epoch  : 1, acc 0.118
[2023-12-28 21:27:44] [INFO]     |  local epoch  : 2, acc 0.144
[2023-12-28 21:27:44] [INFO]     |  local epoch  : 3, acc 0.178
[2023-12-28 21:27:44] [INFO]     |  local epoch  : 4, acc 0.251
[2023-12-28 21:27:44] [INFO]     | distill epoch : 0, acc 0.290
[2023-12-28 21:27:44] [INFO]     | distill epoch : 1, acc 0.323
[2023-12-28 21:27:44] [INFO]     | distill epoch : 2, acc 0.344
[2023-12-28 21:27:44] [INFO]     | distill epoch : 3, acc 0.368
[2023-12-28 21:27:45] [INFO]     | distill epoch : 4, acc 0.378
[2023-12-28 21:27:45] [INFO]    -client 1
[2023-12-28 21:27:45] [INFO]     |  local epoch  : 0, acc 0.105
[2023-12-28 21:27:45] [INFO]     |  local epoch  : 1, acc 0.137
[2023-12-28 21:27:45] [INFO]     |  local epoch  : 2, acc 0.196
[2023-12-28 21:27:45] [INFO]     |  local epoch  : 3, acc 0.235
[2023-12-28 21:27:45] [INFO]     |  local epoch  : 4, acc 0.240
[2023-12-28 21:27:45] [INFO]     | distill epoch : 0, acc 0.270
[2023-12-28 21:27:45] [INFO]     | distill epoch : 1, acc 0.306
[2023-12-28 21:27:45] [INFO]     | distill epoch : 2, acc 0.338
[2023-12-28 21:27:45] [INFO]     | distill epoch : 3, acc 0.370
[2023-12-28 21:27:45] [INFO]     | distill epoch : 4, acc 0.393
[2023-12-28 21:27:45] [INFO]    -client 2
[2023-12-28 21:27:45] [INFO]     |  local epoch  : 0, acc 0.104
[2023-12-28 21:27:45] [INFO]     |  local epoch  : 1, acc 0.112
[2023-12-28 21:27:45] [INFO]     |  local epoch  : 2, acc 0.183
[2023-12-28 21:27:45] [INFO]     |  local epoch  : 3, acc 0.235
[2023-12-28 21:27:45] [INFO]     |  local epoch  : 4, acc 0.268
[2023-12-28 21:27:45] [INFO]     | distill epoch : 0, acc 0.318
[2023-12-28 21:27:45] [INFO]     | distill epoch : 1, acc 0.363
[2023-12-28 21:27:45] [INFO]     | distill epoch : 2, acc 0.402
[2023-12-28 21:27:45] [INFO]     | distill epoch : 3, acc 0.429
[2023-12-28 21:27:45] [INFO]     | distill epoch : 4, acc 0.446
[2023-12-28 21:27:45] [INFO] |servers comunicated: 1, server aggregated: 1, acc_server 0: 0.415.
[2023-12-28 21:27:45] [INFO] --------------------------------------------------
[2023-12-28 21:27:45] [INFO]   |server: 1
[2023-12-28 21:27:46] [INFO]    -client 3
[2023-12-28 21:27:46] [INFO]     |  local epoch  : 0, acc 0.194
[2023-12-28 21:27:46] [INFO]     |  local epoch  : 1, acc 0.207
[2023-12-28 21:27:46] [INFO]     |  local epoch  : 2, acc 0.219
[2023-12-28 21:27:46] [INFO]     |  local epoch  : 3, acc 0.257
[2023-12-28 21:27:46] [INFO]     |  local epoch  : 4, acc 0.311
[2023-12-28 21:27:46] [INFO]     | distill epoch : 0, acc 0.309
[2023-12-28 21:27:46] [INFO]     | distill epoch : 1, acc 0.300
[2023-12-28 21:27:46] [INFO]     | distill epoch : 2, acc 0.285
[2023-12-28 21:27:46] [INFO]     | distill epoch : 3, acc 0.272
[2023-12-28 21:27:46] [INFO]     | distill epoch : 4, acc 0.261
[2023-12-28 21:27:46] [INFO]    -client 4
[2023-12-28 21:27:46] [INFO]     |  local epoch  : 0, acc 0.195
[2023-12-28 21:27:46] [INFO]     |  local epoch  : 1, acc 0.225
[2023-12-28 21:27:46] [INFO]     |  local epoch  : 2, acc 0.273
[2023-12-28 21:27:46] [INFO]     |  local epoch  : 3, acc 0.363
[2023-12-28 21:27:46] [INFO]     |  local epoch  : 4, acc 0.388
[2023-12-28 21:27:46] [INFO]     | distill epoch : 0, acc 0.386
[2023-12-28 21:27:46] [INFO]     | distill epoch : 1, acc 0.368
[2023-12-28 21:27:46] [INFO]     | distill epoch : 2, acc 0.343
[2023-12-28 21:27:46] [INFO]     | distill epoch : 3, acc 0.321
[2023-12-28 21:27:46] [INFO]     | distill epoch : 4, acc 0.303
[2023-12-28 21:27:46] [INFO]    -client 5
[2023-12-28 21:27:47] [INFO]     |  local epoch  : 0, acc 0.196
[2023-12-28 21:27:47] [INFO]     |  local epoch  : 1, acc 0.210
[2023-12-28 21:27:47] [INFO]     |  local epoch  : 2, acc 0.254
[2023-12-28 21:27:47] [INFO]     |  local epoch  : 3, acc 0.283
[2023-12-28 21:27:47] [INFO]     |  local epoch  : 4, acc 0.310
[2023-12-28 21:27:47] [INFO]     | distill epoch : 0, acc 0.309
[2023-12-28 21:27:47] [INFO]     | distill epoch : 1, acc 0.305
[2023-12-28 21:27:47] [INFO]     | distill epoch : 2, acc 0.299
[2023-12-28 21:27:47] [INFO]     | distill epoch : 3, acc 0.298
[2023-12-28 21:27:47] [INFO]     | distill epoch : 4, acc 0.291
[2023-12-28 21:27:47] [INFO] |servers comunicated: 1, server aggregated: 1, acc_server 1: 0.282.
[2023-12-28 21:27:47] [INFO] --------------------------------------------------
[2023-12-28 21:27:47] [INFO]   |server: 2
[2023-12-28 21:27:47] [INFO]    -client 6
[2023-12-28 21:27:47] [INFO]     |  local epoch  : 0, acc 0.120
[2023-12-28 21:27:47] [INFO]     |  local epoch  : 1, acc 0.188
[2023-12-28 21:27:47] [INFO]     |  local epoch  : 2, acc 0.220
[2023-12-28 21:27:47] [INFO]     |  local epoch  : 3, acc 0.283
[2023-12-28 21:27:47] [INFO]     |  local epoch  : 4, acc 0.333
[2023-12-28 21:27:47] [INFO]     | distill epoch : 0, acc 0.357
[2023-12-28 21:27:47] [INFO]     | distill epoch : 1, acc 0.369
[2023-12-28 21:27:47] [INFO]     | distill epoch : 2, acc 0.373
[2023-12-28 21:27:47] [INFO]     | distill epoch : 3, acc 0.376
[2023-12-28 21:27:47] [INFO]     | distill epoch : 4, acc 0.359
[2023-12-28 21:27:47] [INFO]    -client 7
[2023-12-28 21:27:48] [INFO]     |  local epoch  : 0, acc 0.116
[2023-12-28 21:27:48] [INFO]     |  local epoch  : 1, acc 0.186
[2023-12-28 21:27:48] [INFO]     |  local epoch  : 2, acc 0.220
[2023-12-28 21:27:48] [INFO]     |  local epoch  : 3, acc 0.250
[2023-12-28 21:27:48] [INFO]     |  local epoch  : 4, acc 0.270
[2023-12-28 21:27:48] [INFO]     | distill epoch : 0, acc 0.312
[2023-12-28 21:27:48] [INFO]     | distill epoch : 1, acc 0.336
[2023-12-28 21:27:48] [INFO]     | distill epoch : 2, acc 0.351
[2023-12-28 21:27:48] [INFO]     | distill epoch : 3, acc 0.357
[2023-12-28 21:27:48] [INFO]     | distill epoch : 4, acc 0.364
[2023-12-28 21:27:48] [INFO]    -client 8
[2023-12-28 21:27:48] [INFO]     |  local epoch  : 0, acc 0.127
[2023-12-28 21:27:48] [INFO]     |  local epoch  : 1, acc 0.174
[2023-12-28 21:27:48] [INFO]     |  local epoch  : 2, acc 0.204
[2023-12-28 21:27:48] [INFO]     |  local epoch  : 3, acc 0.223
[2023-12-28 21:27:48] [INFO]     |  local epoch  : 4, acc 0.274
[2023-12-28 21:27:48] [INFO]     | distill epoch : 0, acc 0.302
[2023-12-28 21:27:48] [INFO]     | distill epoch : 1, acc 0.331
[2023-12-28 21:27:48] [INFO]     | distill epoch : 2, acc 0.335
[2023-12-28 21:27:48] [INFO]     | distill epoch : 3, acc 0.326
[2023-12-28 21:27:48] [INFO]     | distill epoch : 4, acc 0.297
[2023-12-28 21:27:48] [INFO] |servers comunicated: 1, server aggregated: 1, acc_server 2: 0.352.
[2023-12-28 21:27:48] [INFO] --------------------------------------------------
[2023-12-28 21:27:48] [INFO]      ********  servers comunicates  ********      
[2023-12-28 21:27:48] [INFO] --------------------------------------------------
[2023-12-28 21:27:48] [INFO] |epoch_server_commu: 2/6
[2023-12-28 21:27:48] [INFO]  |epoch_client_commu: 0/2
[2023-12-28 21:27:48] [INFO]   |server: 0
[2023-12-28 21:27:49] [INFO]    -client 0
[2023-12-28 21:27:49] [INFO]     |  local epoch  : 0, acc 0.259
[2023-12-28 21:27:49] [INFO]     |  local epoch  : 1, acc 0.297
[2023-12-28 21:27:49] [INFO]     |  local epoch  : 2, acc 0.312
[2023-12-28 21:27:49] [INFO]     |  local epoch  : 3, acc 0.331
[2023-12-28 21:27:49] [INFO]     |  local epoch  : 4, acc 0.352
[2023-12-28 21:27:49] [INFO]     | distill epoch : 0, acc 0.408
[2023-12-28 21:27:49] [INFO]     | distill epoch : 1, acc 0.463
[2023-12-28 21:27:49] [INFO]     | distill epoch : 2, acc 0.502
[2023-12-28 21:27:49] [INFO]     | distill epoch : 3, acc 0.525
[2023-12-28 21:27:49] [INFO]     | distill epoch : 4, acc 0.535
[2023-12-28 21:27:49] [INFO]    -client 1
[2023-12-28 21:27:49] [INFO]     |  local epoch  : 0, acc 0.264
[2023-12-28 21:27:49] [INFO]     |  local epoch  : 1, acc 0.288
[2023-12-28 21:27:49] [INFO]     |  local epoch  : 2, acc 0.288
[2023-12-28 21:27:49] [INFO]     |  local epoch  : 3, acc 0.284
[2023-12-28 21:27:49] [INFO]     |  local epoch  : 4, acc 0.323
[2023-12-28 21:27:49] [INFO]     | distill epoch : 0, acc 0.369
[2023-12-28 21:27:49] [INFO]     | distill epoch : 1, acc 0.410
[2023-12-28 21:27:49] [INFO]     | distill epoch : 2, acc 0.436
[2023-12-28 21:27:49] [INFO]     | distill epoch : 3, acc 0.459
[2023-12-28 21:27:49] [INFO]     | distill epoch : 4, acc 0.468
[2023-12-28 21:27:49] [INFO]    -client 2
[2023-12-28 21:27:50] [INFO]     |  local epoch  : 0, acc 0.266
[2023-12-28 21:27:50] [INFO]     |  local epoch  : 1, acc 0.254
[2023-12-28 21:27:50] [INFO]     |  local epoch  : 2, acc 0.300
[2023-12-28 21:27:50] [INFO]     |  local epoch  : 3, acc 0.372
[2023-12-28 21:27:50] [INFO]     |  local epoch  : 4, acc 0.364
[2023-12-28 21:27:50] [INFO]     | distill epoch : 0, acc 0.417
[2023-12-28 21:27:50] [INFO]     | distill epoch : 1, acc 0.453
[2023-12-28 21:27:50] [INFO]     | distill epoch : 2, acc 0.474
[2023-12-28 21:27:50] [INFO]     | distill epoch : 3, acc 0.486
[2023-12-28 21:27:50] [INFO]     | distill epoch : 4, acc 0.492
[2023-12-28 21:27:50] [INFO] |servers comunicated: 2, server aggregated: 0, acc_server 0: 0.499.
[2023-12-28 21:27:50] [INFO] --------------------------------------------------
[2023-12-28 21:27:50] [INFO]   |server: 1
[2023-12-28 21:27:50] [INFO]    -client 3
[2023-12-28 21:27:50] [INFO]     |  local epoch  : 0, acc 0.250
[2023-12-28 21:27:50] [INFO]     |  local epoch  : 1, acc 0.309
[2023-12-28 21:27:50] [INFO]     |  local epoch  : 2, acc 0.371
[2023-12-28 21:27:50] [INFO]     |  local epoch  : 3, acc 0.429
[2023-12-28 21:27:50] [INFO]     |  local epoch  : 4, acc 0.463
[2023-12-28 21:27:50] [INFO]     | distill epoch : 0, acc 0.501
[2023-12-28 21:27:50] [INFO]     | distill epoch : 1, acc 0.506
[2023-12-28 21:27:50] [INFO]     | distill epoch : 2, acc 0.508
[2023-12-28 21:27:50] [INFO]     | distill epoch : 3, acc 0.501
[2023-12-28 21:27:50] [INFO]     | distill epoch : 4, acc 0.498
[2023-12-28 21:27:50] [INFO]    -client 4
[2023-12-28 21:27:51] [INFO]     |  local epoch  : 0, acc 0.302
[2023-12-28 21:27:51] [INFO]     |  local epoch  : 1, acc 0.393
[2023-12-28 21:27:51] [INFO]     |  local epoch  : 2, acc 0.451
[2023-12-28 21:27:51] [INFO]     |  local epoch  : 3, acc 0.482
[2023-12-28 21:27:51] [INFO]     |  local epoch  : 4, acc 0.513
[2023-12-28 21:27:51] [INFO]     | distill epoch : 0, acc 0.541
[2023-12-28 21:27:51] [INFO]     | distill epoch : 1, acc 0.545
[2023-12-28 21:27:51] [INFO]     | distill epoch : 2, acc 0.541
[2023-12-28 21:27:51] [INFO]     | distill epoch : 3, acc 0.530
[2023-12-28 21:27:51] [INFO]     | distill epoch : 4, acc 0.527
[2023-12-28 21:27:51] [INFO]    -client 5
[2023-12-28 21:27:51] [INFO]     |  local epoch  : 0, acc 0.271
[2023-12-28 21:27:51] [INFO]     |  local epoch  : 1, acc 0.336
[2023-12-28 21:27:51] [INFO]     |  local epoch  : 2, acc 0.366
[2023-12-28 21:27:51] [INFO]     |  local epoch  : 3, acc 0.388
[2023-12-28 21:27:51] [INFO]     |  local epoch  : 4, acc 0.453
[2023-12-28 21:27:51] [INFO]     | distill epoch : 0, acc 0.466
[2023-12-28 21:27:51] [INFO]     | distill epoch : 1, acc 0.475
[2023-12-28 21:27:51] [INFO]     | distill epoch : 2, acc 0.480
[2023-12-28 21:27:51] [INFO]     | distill epoch : 3, acc 0.481
[2023-12-28 21:27:51] [INFO]     | distill epoch : 4, acc 0.476
[2023-12-28 21:27:51] [INFO] |servers comunicated: 2, server aggregated: 0, acc_server 1: 0.505.
[2023-12-28 21:27:51] [INFO] --------------------------------------------------
[2023-12-28 21:27:51] [INFO]   |server: 2
[2023-12-28 21:27:51] [INFO]    -client 6
[2023-12-28 21:27:52] [INFO]     |  local epoch  : 0, acc 0.257
[2023-12-28 21:27:52] [INFO]     |  local epoch  : 1, acc 0.360
[2023-12-28 21:27:52] [INFO]     |  local epoch  : 2, acc 0.400
[2023-12-28 21:27:52] [INFO]     |  local epoch  : 3, acc 0.402
[2023-12-28 21:27:52] [INFO]     |  local epoch  : 4, acc 0.457
[2023-12-28 21:27:52] [INFO]     | distill epoch : 0, acc 0.491
[2023-12-28 21:27:52] [INFO]     | distill epoch : 1, acc 0.503
[2023-12-28 21:27:52] [INFO]     | distill epoch : 2, acc 0.510
[2023-12-28 21:27:52] [INFO]     | distill epoch : 3, acc 0.507
[2023-12-28 21:27:52] [INFO]     | distill epoch : 4, acc 0.500
[2023-12-28 21:27:52] [INFO]    -client 7
[2023-12-28 21:27:52] [INFO]     |  local epoch  : 0, acc 0.258
[2023-12-28 21:27:52] [INFO]     |  local epoch  : 1, acc 0.296
[2023-12-28 21:27:52] [INFO]     |  local epoch  : 2, acc 0.354
[2023-12-28 21:27:52] [INFO]     |  local epoch  : 3, acc 0.393
[2023-12-28 21:27:52] [INFO]     |  local epoch  : 4, acc 0.428
[2023-12-28 21:27:52] [INFO]     | distill epoch : 0, acc 0.451
[2023-12-28 21:27:52] [INFO]     | distill epoch : 1, acc 0.465
[2023-12-28 21:27:52] [INFO]     | distill epoch : 2, acc 0.470
[2023-12-28 21:27:52] [INFO]     | distill epoch : 3, acc 0.469
[2023-12-28 21:27:52] [INFO]     | distill epoch : 4, acc 0.463
[2023-12-28 21:27:52] [INFO]    -client 8
[2023-12-28 21:27:52] [INFO]     |  local epoch  : 0, acc 0.258
[2023-12-28 21:27:53] [INFO]     |  local epoch  : 1, acc 0.316
[2023-12-28 21:27:53] [INFO]     |  local epoch  : 2, acc 0.341
[2023-12-28 21:27:53] [INFO]     |  local epoch  : 3, acc 0.352
[2023-12-28 21:27:53] [INFO]     |  local epoch  : 4, acc 0.383
[2023-12-28 21:27:53] [INFO]     | distill epoch : 0, acc 0.428
[2023-12-28 21:27:53] [INFO]     | distill epoch : 1, acc 0.449
[2023-12-28 21:27:53] [INFO]     | distill epoch : 2, acc 0.452
[2023-12-28 21:27:53] [INFO]     | distill epoch : 3, acc 0.448
[2023-12-28 21:27:53] [INFO]     | distill epoch : 4, acc 0.437
[2023-12-28 21:27:53] [INFO] |servers comunicated: 2, server aggregated: 0, acc_server 2: 0.473.
[2023-12-28 21:27:53] [INFO] --------------------------------------------------
[2023-12-28 21:27:53] [INFO]  |epoch_client_commu: 1/2
[2023-12-28 21:27:53] [INFO]   |server: 0
[2023-12-28 21:27:53] [INFO]    -client 0
[2023-12-28 21:27:53] [INFO]     |  local epoch  : 0, acc 0.323
[2023-12-28 21:27:53] [INFO]     |  local epoch  : 1, acc 0.405
[2023-12-28 21:27:53] [INFO]     |  local epoch  : 2, acc 0.397
[2023-12-28 21:27:53] [INFO]     |  local epoch  : 3, acc 0.492
[2023-12-28 21:27:53] [INFO]     |  local epoch  : 4, acc 0.572
[2023-12-28 21:27:53] [INFO]     | distill epoch : 0, acc 0.613
[2023-12-28 21:27:53] [INFO]     | distill epoch : 1, acc 0.627
[2023-12-28 21:27:53] [INFO]     | distill epoch : 2, acc 0.622
[2023-12-28 21:27:53] [INFO]     | distill epoch : 3, acc 0.622
[2023-12-28 21:27:53] [INFO]     | distill epoch : 4, acc 0.637
[2023-12-28 21:27:53] [INFO]    -client 1
[2023-12-28 21:27:53] [INFO]     |  local epoch  : 0, acc 0.320
[2023-12-28 21:27:54] [INFO]     |  local epoch  : 1, acc 0.327
[2023-12-28 21:27:54] [INFO]     |  local epoch  : 2, acc 0.382
[2023-12-28 21:27:54] [INFO]     |  local epoch  : 3, acc 0.383
[2023-12-28 21:27:54] [INFO]     |  local epoch  : 4, acc 0.494
[2023-12-28 21:27:54] [INFO]     | distill epoch : 0, acc 0.525
[2023-12-28 21:27:54] [INFO]     | distill epoch : 1, acc 0.539
[2023-12-28 21:27:54] [INFO]     | distill epoch : 2, acc 0.554
[2023-12-28 21:27:54] [INFO]     | distill epoch : 3, acc 0.569
[2023-12-28 21:27:54] [INFO]     | distill epoch : 4, acc 0.588
[2023-12-28 21:27:54] [INFO]    -client 2
[2023-12-28 21:27:54] [INFO]     |  local epoch  : 0, acc 0.324
[2023-12-28 21:27:54] [INFO]     |  local epoch  : 1, acc 0.365
[2023-12-28 21:27:54] [INFO]     |  local epoch  : 2, acc 0.425
[2023-12-28 21:27:54] [INFO]     |  local epoch  : 3, acc 0.453
[2023-12-28 21:27:54] [INFO]     |  local epoch  : 4, acc 0.526
[2023-12-28 21:27:54] [INFO]     | distill epoch : 0, acc 0.581
[2023-12-28 21:27:54] [INFO]     | distill epoch : 1, acc 0.594
[2023-12-28 21:27:54] [INFO]     | distill epoch : 2, acc 0.584
[2023-12-28 21:27:54] [INFO]     | distill epoch : 3, acc 0.585
[2023-12-28 21:27:54] [INFO]     | distill epoch : 4, acc 0.586
[2023-12-28 21:27:54] [INFO] |servers comunicated: 2, server aggregated: 1, acc_server 0: 0.607.
[2023-12-28 21:27:54] [INFO] --------------------------------------------------
[2023-12-28 21:27:54] [INFO]   |server: 1
[2023-12-28 21:27:54] [INFO]    -client 3
[2023-12-28 21:27:54] [INFO]     |  local epoch  : 0, acc 0.359
[2023-12-28 21:27:55] [INFO]     |  local epoch  : 1, acc 0.503
[2023-12-28 21:27:55] [INFO]     |  local epoch  : 2, acc 0.577
[2023-12-28 21:27:55] [INFO]     |  local epoch  : 3, acc 0.593
[2023-12-28 21:27:55] [INFO]     |  local epoch  : 4, acc 0.632
[2023-12-28 21:27:55] [INFO]     | distill epoch : 0, acc 0.658
[2023-12-28 21:27:55] [INFO]     | distill epoch : 1, acc 0.658
[2023-12-28 21:27:55] [INFO]     | distill epoch : 2, acc 0.650
[2023-12-28 21:27:55] [INFO]     | distill epoch : 3, acc 0.645
[2023-12-28 21:27:55] [INFO]     | distill epoch : 4, acc 0.638
[2023-12-28 21:27:55] [INFO]    -client 4
[2023-12-28 21:27:55] [INFO]     |  local epoch  : 0, acc 0.400
[2023-12-28 21:27:55] [INFO]     |  local epoch  : 1, acc 0.535
[2023-12-28 21:27:55] [INFO]     |  local epoch  : 2, acc 0.560
[2023-12-28 21:27:55] [INFO]     |  local epoch  : 3, acc 0.596
[2023-12-28 21:27:55] [INFO]     |  local epoch  : 4, acc 0.613
[2023-12-28 21:27:55] [INFO]     | distill epoch : 0, acc 0.640
[2023-12-28 21:27:55] [INFO]     | distill epoch : 1, acc 0.643
[2023-12-28 21:27:55] [INFO]     | distill epoch : 2, acc 0.643
[2023-12-28 21:27:55] [INFO]     | distill epoch : 3, acc 0.647
[2023-12-28 21:27:55] [INFO]     | distill epoch : 4, acc 0.644
[2023-12-28 21:27:55] [INFO]    -client 5
[2023-12-28 21:27:55] [INFO]     |  local epoch  : 0, acc 0.379
[2023-12-28 21:27:55] [INFO]     |  local epoch  : 1, acc 0.494
[2023-12-28 21:27:56] [INFO]     |  local epoch  : 2, acc 0.512
[2023-12-28 21:27:56] [INFO]     |  local epoch  : 3, acc 0.567
[2023-12-28 21:27:56] [INFO]     |  local epoch  : 4, acc 0.562
[2023-12-28 21:27:56] [INFO]     | distill epoch : 0, acc 0.589
[2023-12-28 21:27:56] [INFO]     | distill epoch : 1, acc 0.609
[2023-12-28 21:27:56] [INFO]     | distill epoch : 2, acc 0.622
[2023-12-28 21:27:56] [INFO]     | distill epoch : 3, acc 0.626
[2023-12-28 21:27:56] [INFO]     | distill epoch : 4, acc 0.628
[2023-12-28 21:27:56] [INFO] |servers comunicated: 2, server aggregated: 1, acc_server 1: 0.641.
[2023-12-28 21:27:56] [INFO] --------------------------------------------------
[2023-12-28 21:27:56] [INFO]   |server: 2
[2023-12-28 21:27:56] [INFO]    -client 6
[2023-12-28 21:27:56] [INFO]     |  local epoch  : 0, acc 0.466
[2023-12-28 21:27:56] [INFO]     |  local epoch  : 1, acc 0.505
[2023-12-28 21:27:56] [INFO]     |  local epoch  : 2, acc 0.528
[2023-12-28 21:27:56] [INFO]     |  local epoch  : 3, acc 0.574
[2023-12-28 21:27:56] [INFO]     |  local epoch  : 4, acc 0.611
[2023-12-28 21:27:56] [INFO]     | distill epoch : 0, acc 0.638
[2023-12-28 21:27:56] [INFO]     | distill epoch : 1, acc 0.633
[2023-12-28 21:27:56] [INFO]     | distill epoch : 2, acc 0.603
[2023-12-28 21:27:56] [INFO]     | distill epoch : 3, acc 0.574
[2023-12-28 21:27:56] [INFO]     | distill epoch : 4, acc 0.543
[2023-12-28 21:27:56] [INFO]    -client 7
[2023-12-28 21:27:56] [INFO]     |  local epoch  : 0, acc 0.459
[2023-12-28 21:27:56] [INFO]     |  local epoch  : 1, acc 0.495
[2023-12-28 21:27:57] [INFO]     |  local epoch  : 2, acc 0.479
[2023-12-28 21:27:57] [INFO]     |  local epoch  : 3, acc 0.503
[2023-12-28 21:27:57] [INFO]     |  local epoch  : 4, acc 0.565
[2023-12-28 21:27:57] [INFO]     | distill epoch : 0, acc 0.598
[2023-12-28 21:27:57] [INFO]     | distill epoch : 1, acc 0.603
[2023-12-28 21:27:57] [INFO]     | distill epoch : 2, acc 0.578
[2023-12-28 21:27:57] [INFO]     | distill epoch : 3, acc 0.549
[2023-12-28 21:27:57] [INFO]     | distill epoch : 4, acc 0.523
[2023-12-28 21:27:57] [INFO]    -client 8
[2023-12-28 21:27:57] [INFO]     |  local epoch  : 0, acc 0.456
[2023-12-28 21:27:57] [INFO]     |  local epoch  : 1, acc 0.442
[2023-12-28 21:27:57] [INFO]     |  local epoch  : 2, acc 0.492
[2023-12-28 21:27:57] [INFO]     |  local epoch  : 3, acc 0.556
[2023-12-28 21:27:57] [INFO]     |  local epoch  : 4, acc 0.566
[2023-12-28 21:27:57] [INFO]     | distill epoch : 0, acc 0.590
[2023-12-28 21:27:57] [INFO]     | distill epoch : 1, acc 0.582
[2023-12-28 21:27:57] [INFO]     | distill epoch : 2, acc 0.556
[2023-12-28 21:27:57] [INFO]     | distill epoch : 3, acc 0.533
[2023-12-28 21:27:57] [INFO]     | distill epoch : 4, acc 0.520
[2023-12-28 21:27:57] [INFO] |servers comunicated: 2, server aggregated: 1, acc_server 2: 0.541.
[2023-12-28 21:27:57] [INFO] --------------------------------------------------
[2023-12-28 21:27:57] [INFO]      ********  servers comunicates  ********      
[2023-12-28 21:27:57] [INFO] --------------------------------------------------
[2023-12-28 21:27:57] [INFO] |epoch_server_commu: 3/6
[2023-12-28 21:27:57] [INFO]  |epoch_client_commu: 0/2
[2023-12-28 21:27:57] [INFO]   |server: 0
[2023-12-28 21:27:57] [INFO]    -client 0
[2023-12-28 21:27:57] [INFO]     |  local epoch  : 0, acc 0.440
[2023-12-28 21:27:58] [INFO]     |  local epoch  : 1, acc 0.512
[2023-12-28 21:27:58] [INFO]     |  local epoch  : 2, acc 0.628
[2023-12-28 21:27:58] [INFO]     |  local epoch  : 3, acc 0.652
[2023-12-28 21:27:58] [INFO]     |  local epoch  : 4, acc 0.631
[2023-12-28 21:27:58] [INFO]     | distill epoch : 0, acc 0.696
[2023-12-28 21:27:58] [INFO]     | distill epoch : 1, acc 0.704
[2023-12-28 21:27:58] [INFO]     | distill epoch : 2, acc 0.690
[2023-12-28 21:27:58] [INFO]     | distill epoch : 3, acc 0.671
[2023-12-28 21:27:58] [INFO]     | distill epoch : 4, acc 0.673
[2023-12-28 21:27:58] [INFO]    -client 1
[2023-12-28 21:27:58] [INFO]     |  local epoch  : 0, acc 0.450
[2023-12-28 21:27:58] [INFO]     |  local epoch  : 1, acc 0.526
[2023-12-28 21:27:58] [INFO]     |  local epoch  : 2, acc 0.513
[2023-12-28 21:27:58] [INFO]     |  local epoch  : 3, acc 0.551
[2023-12-28 21:27:58] [INFO]     |  local epoch  : 4, acc 0.632
[2023-12-28 21:27:58] [INFO]     | distill epoch : 0, acc 0.660
[2023-12-28 21:27:58] [INFO]     | distill epoch : 1, acc 0.657
[2023-12-28 21:27:58] [INFO]     | distill epoch : 2, acc 0.646
[2023-12-28 21:27:58] [INFO]     | distill epoch : 3, acc 0.639
[2023-12-28 21:27:58] [INFO]     | distill epoch : 4, acc 0.641
[2023-12-28 21:27:58] [INFO]    -client 2
[2023-12-28 21:27:58] [INFO]     |  local epoch  : 0, acc 0.422
[2023-12-28 21:27:58] [INFO]     |  local epoch  : 1, acc 0.539
[2023-12-28 21:27:59] [INFO]     |  local epoch  : 2, acc 0.575
[2023-12-28 21:27:59] [INFO]     |  local epoch  : 3, acc 0.590
[2023-12-28 21:27:59] [INFO]     |  local epoch  : 4, acc 0.605
[2023-12-28 21:27:59] [INFO]     | distill epoch : 0, acc 0.642
[2023-12-28 21:27:59] [INFO]     | distill epoch : 1, acc 0.650
[2023-12-28 21:27:59] [INFO]     | distill epoch : 2, acc 0.645
[2023-12-28 21:27:59] [INFO]     | distill epoch : 3, acc 0.648
[2023-12-28 21:27:59] [INFO]     | distill epoch : 4, acc 0.653
[2023-12-28 21:27:59] [INFO] |servers comunicated: 3, server aggregated: 0, acc_server 0: 0.659.
[2023-12-28 21:27:59] [INFO] --------------------------------------------------
[2023-12-28 21:27:59] [INFO]   |server: 1
[2023-12-28 21:27:59] [INFO]    -client 3
[2023-12-28 21:27:59] [INFO]     |  local epoch  : 0, acc 0.502
[2023-12-28 21:27:59] [INFO]     |  local epoch  : 1, acc 0.642
[2023-12-28 21:27:59] [INFO]     |  local epoch  : 2, acc 0.661
[2023-12-28 21:27:59] [INFO]     |  local epoch  : 3, acc 0.654
[2023-12-28 21:27:59] [INFO]     |  local epoch  : 4, acc 0.712
[2023-12-28 21:27:59] [INFO]     | distill epoch : 0, acc 0.714
[2023-12-28 21:27:59] [INFO]     | distill epoch : 1, acc 0.710
[2023-12-28 21:27:59] [INFO]     | distill epoch : 2, acc 0.706
[2023-12-28 21:27:59] [INFO]     | distill epoch : 3, acc 0.701
[2023-12-28 21:27:59] [INFO]     | distill epoch : 4, acc 0.696
[2023-12-28 21:27:59] [INFO]    -client 4
[2023-12-28 21:27:59] [INFO]     |  local epoch  : 0, acc 0.512
[2023-12-28 21:27:59] [INFO]     |  local epoch  : 1, acc 0.640
[2023-12-28 21:27:59] [INFO]     |  local epoch  : 2, acc 0.649
[2023-12-28 21:28:00] [INFO]     |  local epoch  : 3, acc 0.669
[2023-12-28 21:28:00] [INFO]     |  local epoch  : 4, acc 0.704
[2023-12-28 21:28:00] [INFO]     | distill epoch : 0, acc 0.724
[2023-12-28 21:28:00] [INFO]     | distill epoch : 1, acc 0.730
[2023-12-28 21:28:00] [INFO]     | distill epoch : 2, acc 0.731
[2023-12-28 21:28:00] [INFO]     | distill epoch : 3, acc 0.728
[2023-12-28 21:28:00] [INFO]     | distill epoch : 4, acc 0.723
[2023-12-28 21:28:00] [INFO]    -client 5
[2023-12-28 21:28:00] [INFO]     |  local epoch  : 0, acc 0.515
[2023-12-28 21:28:00] [INFO]     |  local epoch  : 1, acc 0.613
[2023-12-28 21:28:00] [INFO]     |  local epoch  : 2, acc 0.642
[2023-12-28 21:28:00] [INFO]     |  local epoch  : 3, acc 0.638
[2023-12-28 21:28:00] [INFO]     |  local epoch  : 4, acc 0.678
[2023-12-28 21:28:00] [INFO]     | distill epoch : 0, acc 0.690
[2023-12-28 21:28:00] [INFO]     | distill epoch : 1, acc 0.696
[2023-12-28 21:28:00] [INFO]     | distill epoch : 2, acc 0.701
[2023-12-28 21:28:00] [INFO]     | distill epoch : 3, acc 0.704
[2023-12-28 21:28:00] [INFO]     | distill epoch : 4, acc 0.706
[2023-12-28 21:28:00] [INFO] |servers comunicated: 3, server aggregated: 0, acc_server 1: 0.711.
[2023-12-28 21:28:00] [INFO] --------------------------------------------------
[2023-12-28 21:28:00] [INFO]   |server: 2
[2023-12-28 21:28:00] [INFO]    -client 6
[2023-12-28 21:28:00] [INFO]     |  local epoch  : 0, acc 0.570
[2023-12-28 21:28:00] [INFO]     |  local epoch  : 1, acc 0.659
[2023-12-28 21:28:00] [INFO]     |  local epoch  : 2, acc 0.644
[2023-12-28 21:28:01] [INFO]     |  local epoch  : 3, acc 0.696
[2023-12-28 21:28:01] [INFO]     |  local epoch  : 4, acc 0.723
[2023-12-28 21:28:01] [INFO]     | distill epoch : 0, acc 0.741
[2023-12-28 21:28:01] [INFO]     | distill epoch : 1, acc 0.724
[2023-12-28 21:28:01] [INFO]     | distill epoch : 2, acc 0.678
[2023-12-28 21:28:01] [INFO]     | distill epoch : 3, acc 0.618
[2023-12-28 21:28:01] [INFO]     | distill epoch : 4, acc 0.566
[2023-12-28 21:28:01] [INFO]    -client 7
[2023-12-28 21:28:01] [INFO]     |  local epoch  : 0, acc 0.587
[2023-12-28 21:28:01] [INFO]     |  local epoch  : 1, acc 0.647
[2023-12-28 21:28:01] [INFO]     |  local epoch  : 2, acc 0.666
[2023-12-28 21:28:01] [INFO]     |  local epoch  : 3, acc 0.660
[2023-12-28 21:28:01] [INFO]     |  local epoch  : 4, acc 0.684
[2023-12-28 21:28:01] [INFO]     | distill epoch : 0, acc 0.721
[2023-12-28 21:28:01] [INFO]     | distill epoch : 1, acc 0.720
[2023-12-28 21:28:01] [INFO]     | distill epoch : 2, acc 0.697
[2023-12-28 21:28:01] [INFO]     | distill epoch : 3, acc 0.648
[2023-12-28 21:28:01] [INFO]     | distill epoch : 4, acc 0.600
[2023-12-28 21:28:01] [INFO]    -client 8
[2023-12-28 21:28:01] [INFO]     |  local epoch  : 0, acc 0.578
[2023-12-28 21:28:01] [INFO]     |  local epoch  : 1, acc 0.597
[2023-12-28 21:28:01] [INFO]     |  local epoch  : 2, acc 0.649
[2023-12-28 21:28:02] [INFO]     |  local epoch  : 3, acc 0.651
[2023-12-28 21:28:02] [INFO]     |  local epoch  : 4, acc 0.679
[2023-12-28 21:28:02] [INFO]     | distill epoch : 0, acc 0.710
[2023-12-28 21:28:02] [INFO]     | distill epoch : 1, acc 0.701
[2023-12-28 21:28:02] [INFO]     | distill epoch : 2, acc 0.676
[2023-12-28 21:28:02] [INFO]     | distill epoch : 3, acc 0.635
[2023-12-28 21:28:02] [INFO]     | distill epoch : 4, acc 0.596
[2023-12-28 21:28:02] [INFO] |servers comunicated: 3, server aggregated: 0, acc_server 2: 0.590.
[2023-12-28 21:28:02] [INFO] --------------------------------------------------
[2023-12-28 21:28:02] [INFO]  |epoch_client_commu: 1/2
[2023-12-28 21:28:02] [INFO]   |server: 0
[2023-12-28 21:28:02] [INFO]    -client 0
[2023-12-28 21:28:02] [INFO]     |  local epoch  : 0, acc 0.534
[2023-12-28 21:28:02] [INFO]     |  local epoch  : 1, acc 0.624
[2023-12-28 21:28:02] [INFO]     |  local epoch  : 2, acc 0.625
[2023-12-28 21:28:02] [INFO]     |  local epoch  : 3, acc 0.681
[2023-12-28 21:28:02] [INFO]     |  local epoch  : 4, acc 0.669
[2023-12-28 21:28:02] [INFO]     | distill epoch : 0, acc 0.736
[2023-12-28 21:28:02] [INFO]     | distill epoch : 1, acc 0.750
[2023-12-28 21:28:02] [INFO]     | distill epoch : 2, acc 0.736
[2023-12-28 21:28:02] [INFO]     | distill epoch : 3, acc 0.715
[2023-12-28 21:28:02] [INFO]     | distill epoch : 4, acc 0.700
[2023-12-28 21:28:02] [INFO]    -client 1
[2023-12-28 21:28:02] [INFO]     |  local epoch  : 0, acc 0.537
[2023-12-28 21:28:02] [INFO]     |  local epoch  : 1, acc 0.631
[2023-12-28 21:28:03] [INFO]     |  local epoch  : 2, acc 0.615
[2023-12-28 21:28:03] [INFO]     |  local epoch  : 3, acc 0.663
[2023-12-28 21:28:03] [INFO]     |  local epoch  : 4, acc 0.671
[2023-12-28 21:28:03] [INFO]     | distill epoch : 0, acc 0.725
[2023-12-28 21:28:03] [INFO]     | distill epoch : 1, acc 0.724
[2023-12-28 21:28:03] [INFO]     | distill epoch : 2, acc 0.702
[2023-12-28 21:28:03] [INFO]     | distill epoch : 3, acc 0.677
[2023-12-28 21:28:03] [INFO]     | distill epoch : 4, acc 0.663
[2023-12-28 21:28:03] [INFO]    -client 2
[2023-12-28 21:28:03] [INFO]     |  local epoch  : 0, acc 0.527
[2023-12-28 21:28:03] [INFO]     |  local epoch  : 1, acc 0.630
[2023-12-28 21:28:03] [INFO]     |  local epoch  : 2, acc 0.631
[2023-12-28 21:28:03] [INFO]     |  local epoch  : 3, acc 0.613
[2023-12-28 21:28:03] [INFO]     |  local epoch  : 4, acc 0.692
[2023-12-28 21:28:03] [INFO]     | distill epoch : 0, acc 0.716
[2023-12-28 21:28:03] [INFO]     | distill epoch : 1, acc 0.713
[2023-12-28 21:28:03] [INFO]     | distill epoch : 2, acc 0.697
[2023-12-28 21:28:03] [INFO]     | distill epoch : 3, acc 0.691
[2023-12-28 21:28:03] [INFO]     | distill epoch : 4, acc 0.685
[2023-12-28 21:28:03] [INFO] |servers comunicated: 3, server aggregated: 1, acc_server 0: 0.690.
[2023-12-28 21:28:03] [INFO] --------------------------------------------------
[2023-12-28 21:28:03] [INFO]   |server: 1
[2023-12-28 21:28:03] [INFO]    -client 3
[2023-12-28 21:28:03] [INFO]     |  local epoch  : 0, acc 0.579
[2023-12-28 21:28:03] [INFO]     |  local epoch  : 1, acc 0.719
[2023-12-28 21:28:03] [INFO]     |  local epoch  : 2, acc 0.748
[2023-12-28 21:28:04] [INFO]     |  local epoch  : 3, acc 0.748
[2023-12-28 21:28:04] [INFO]     |  local epoch  : 4, acc 0.749
[2023-12-28 21:28:04] [INFO]     | distill epoch : 0, acc 0.759
[2023-12-28 21:28:04] [INFO]     | distill epoch : 1, acc 0.756
[2023-12-28 21:28:04] [INFO]     | distill epoch : 2, acc 0.749
[2023-12-28 21:28:04] [INFO]     | distill epoch : 3, acc 0.743
[2023-12-28 21:28:04] [INFO]     | distill epoch : 4, acc 0.739
[2023-12-28 21:28:04] [INFO]    -client 4
[2023-12-28 21:28:04] [INFO]     |  local epoch  : 0, acc 0.581
[2023-12-28 21:28:04] [INFO]     |  local epoch  : 1, acc 0.718
[2023-12-28 21:28:04] [INFO]     |  local epoch  : 2, acc 0.720
[2023-12-28 21:28:04] [INFO]     |  local epoch  : 3, acc 0.729
[2023-12-28 21:28:04] [INFO]     |  local epoch  : 4, acc 0.756
[2023-12-28 21:28:04] [INFO]     | distill epoch : 0, acc 0.768
[2023-12-28 21:28:04] [INFO]     | distill epoch : 1, acc 0.761
[2023-12-28 21:28:04] [INFO]     | distill epoch : 2, acc 0.761
[2023-12-28 21:28:04] [INFO]     | distill epoch : 3, acc 0.757
[2023-12-28 21:28:04] [INFO]     | distill epoch : 4, acc 0.749
[2023-12-28 21:28:04] [INFO]    -client 5
[2023-12-28 21:28:04] [INFO]     |  local epoch  : 0, acc 0.582
[2023-12-28 21:28:04] [INFO]     |  local epoch  : 1, acc 0.694
[2023-12-28 21:28:05] [INFO]     |  local epoch  : 2, acc 0.715
[2023-12-28 21:28:05] [INFO]     |  local epoch  : 3, acc 0.730
[2023-12-28 21:28:05] [INFO]     |  local epoch  : 4, acc 0.742
[2023-12-28 21:28:05] [INFO]     | distill epoch : 0, acc 0.745
[2023-12-28 21:28:05] [INFO]     | distill epoch : 1, acc 0.745
[2023-12-28 21:28:05] [INFO]     | distill epoch : 2, acc 0.740
[2023-12-28 21:28:05] [INFO]     | distill epoch : 3, acc 0.733
[2023-12-28 21:28:05] [INFO]     | distill epoch : 4, acc 0.727
[2023-12-28 21:28:05] [INFO] |servers comunicated: 3, server aggregated: 1, acc_server 1: 0.744.
[2023-12-28 21:28:05] [INFO] --------------------------------------------------
[2023-12-28 21:28:05] [INFO]   |server: 2
[2023-12-28 21:28:05] [INFO]    -client 6
[2023-12-28 21:28:05] [INFO]     |  local epoch  : 0, acc 0.669
[2023-12-28 21:28:05] [INFO]     |  local epoch  : 1, acc 0.686
[2023-12-28 21:28:05] [INFO]     |  local epoch  : 2, acc 0.730
[2023-12-28 21:28:05] [INFO]     |  local epoch  : 3, acc 0.754
[2023-12-28 21:28:05] [INFO]     |  local epoch  : 4, acc 0.756
[2023-12-28 21:28:05] [INFO]     | distill epoch : 0, acc 0.770
[2023-12-28 21:28:05] [INFO]     | distill epoch : 1, acc 0.757
[2023-12-28 21:28:05] [INFO]     | distill epoch : 2, acc 0.722
[2023-12-28 21:28:05] [INFO]     | distill epoch : 3, acc 0.669
[2023-12-28 21:28:05] [INFO]     | distill epoch : 4, acc 0.616
[2023-12-28 21:28:05] [INFO]    -client 7
[2023-12-28 21:28:05] [INFO]     |  local epoch  : 0, acc 0.674
[2023-12-28 21:28:05] [INFO]     |  local epoch  : 1, acc 0.686
[2023-12-28 21:28:06] [INFO]     |  local epoch  : 2, acc 0.752
[2023-12-28 21:28:06] [INFO]     |  local epoch  : 3, acc 0.745
[2023-12-28 21:28:06] [INFO]     |  local epoch  : 4, acc 0.759
[2023-12-28 21:28:06] [INFO]     | distill epoch : 0, acc 0.775
[2023-12-28 21:28:06] [INFO]     | distill epoch : 1, acc 0.761
[2023-12-28 21:28:06] [INFO]     | distill epoch : 2, acc 0.729
[2023-12-28 21:28:06] [INFO]     | distill epoch : 3, acc 0.674
[2023-12-28 21:28:06] [INFO]     | distill epoch : 4, acc 0.614
[2023-12-28 21:28:06] [INFO]    -client 8
[2023-12-28 21:28:06] [INFO]     |  local epoch  : 0, acc 0.661
[2023-12-28 21:28:06] [INFO]     |  local epoch  : 1, acc 0.723
[2023-12-28 21:28:06] [INFO]     |  local epoch  : 2, acc 0.735
[2023-12-28 21:28:06] [INFO]     |  local epoch  : 3, acc 0.750
[2023-12-28 21:28:06] [INFO]     |  local epoch  : 4, acc 0.731
[2023-12-28 21:28:06] [INFO]     | distill epoch : 0, acc 0.759
[2023-12-28 21:28:06] [INFO]     | distill epoch : 1, acc 0.754
[2023-12-28 21:28:06] [INFO]     | distill epoch : 2, acc 0.734
[2023-12-28 21:28:06] [INFO]     | distill epoch : 3, acc 0.692
[2023-12-28 21:28:06] [INFO]     | distill epoch : 4, acc 0.638
[2023-12-28 21:28:06] [INFO] |servers comunicated: 3, server aggregated: 1, acc_server 2: 0.632.
[2023-12-28 21:28:06] [INFO] --------------------------------------------------
[2023-12-28 21:28:06] [INFO]      ********  servers comunicates  ********      
[2023-12-28 21:28:06] [INFO] --------------------------------------------------
[2023-12-28 21:28:06] [INFO] |epoch_server_commu: 4/6
[2023-12-28 21:28:06] [INFO]  |epoch_client_commu: 0/2
[2023-12-28 21:28:06] [INFO]   |server: 0
[2023-12-28 21:28:06] [INFO]    -client 0
[2023-12-28 21:28:06] [INFO]     |  local epoch  : 0, acc 0.619
[2023-12-28 21:28:07] [INFO]     |  local epoch  : 1, acc 0.710
[2023-12-28 21:28:07] [INFO]     |  local epoch  : 2, acc 0.740
[2023-12-28 21:28:07] [INFO]     |  local epoch  : 3, acc 0.749
[2023-12-28 21:28:07] [INFO]     |  local epoch  : 4, acc 0.763
[2023-12-28 21:28:07] [INFO]     | distill epoch : 0, acc 0.795
[2023-12-28 21:28:07] [INFO]     | distill epoch : 1, acc 0.783
[2023-12-28 21:28:07] [INFO]     | distill epoch : 2, acc 0.755
[2023-12-28 21:28:07] [INFO]     | distill epoch : 3, acc 0.726
[2023-12-28 21:28:07] [INFO]     | distill epoch : 4, acc 0.710
[2023-12-28 21:28:07] [INFO]    -client 1
[2023-12-28 21:28:07] [INFO]     |  local epoch  : 0, acc 0.625
[2023-12-28 21:28:07] [INFO]     |  local epoch  : 1, acc 0.731
[2023-12-28 21:28:07] [INFO]     |  local epoch  : 2, acc 0.717
[2023-12-28 21:28:07] [INFO]     |  local epoch  : 3, acc 0.758
[2023-12-28 21:28:07] [INFO]     |  local epoch  : 4, acc 0.751
[2023-12-28 21:28:07] [INFO]     | distill epoch : 0, acc 0.757
[2023-12-28 21:28:07] [INFO]     | distill epoch : 1, acc 0.745
[2023-12-28 21:28:07] [INFO]     | distill epoch : 2, acc 0.726
[2023-12-28 21:28:07] [INFO]     | distill epoch : 3, acc 0.708
[2023-12-28 21:28:07] [INFO]     | distill epoch : 4, acc 0.696
[2023-12-28 21:28:07] [INFO]    -client 2
[2023-12-28 21:28:07] [INFO]     |  local epoch  : 0, acc 0.617
[2023-12-28 21:28:07] [INFO]     |  local epoch  : 1, acc 0.703
[2023-12-28 21:28:07] [INFO]     |  local epoch  : 2, acc 0.707
[2023-12-28 21:28:08] [INFO]     |  local epoch  : 3, acc 0.681
[2023-12-28 21:28:08] [INFO]     |  local epoch  : 4, acc 0.738
[2023-12-28 21:28:08] [INFO]     | distill epoch : 0, acc 0.755
[2023-12-28 21:28:08] [INFO]     | distill epoch : 1, acc 0.745
[2023-12-28 21:28:08] [INFO]     | distill epoch : 2, acc 0.729
[2023-12-28 21:28:08] [INFO]     | distill epoch : 3, acc 0.710
[2023-12-28 21:28:08] [INFO]     | distill epoch : 4, acc 0.699
[2023-12-28 21:28:08] [INFO] |servers comunicated: 4, server aggregated: 0, acc_server 0: 0.705.
[2023-12-28 21:28:08] [INFO] --------------------------------------------------
[2023-12-28 21:28:08] [INFO]   |server: 1
[2023-12-28 21:28:08] [INFO]    -client 3
[2023-12-28 21:28:08] [INFO]     |  local epoch  : 0, acc 0.632
[2023-12-28 21:28:08] [INFO]     |  local epoch  : 1, acc 0.782
[2023-12-28 21:28:08] [INFO]     |  local epoch  : 2, acc 0.749
[2023-12-28 21:28:08] [INFO]     |  local epoch  : 3, acc 0.773
[2023-12-28 21:28:08] [INFO]     |  local epoch  : 4, acc 0.787
[2023-12-28 21:28:08] [INFO]     | distill epoch : 0, acc 0.793
[2023-12-28 21:28:08] [INFO]     | distill epoch : 1, acc 0.778
[2023-12-28 21:28:08] [INFO]     | distill epoch : 2, acc 0.765
[2023-12-28 21:28:08] [INFO]     | distill epoch : 3, acc 0.759
[2023-12-28 21:28:08] [INFO]     | distill epoch : 4, acc 0.755
[2023-12-28 21:28:08] [INFO]    -client 4
[2023-12-28 21:28:08] [INFO]     |  local epoch  : 0, acc 0.617
[2023-12-28 21:28:08] [INFO]     |  local epoch  : 1, acc 0.774
[2023-12-28 21:28:09] [INFO]     |  local epoch  : 2, acc 0.740
[2023-12-28 21:28:09] [INFO]     |  local epoch  : 3, acc 0.780
[2023-12-28 21:28:09] [INFO]     |  local epoch  : 4, acc 0.741
[2023-12-28 21:28:09] [INFO]     | distill epoch : 0, acc 0.772
[2023-12-28 21:28:09] [INFO]     | distill epoch : 1, acc 0.775
[2023-12-28 21:28:09] [INFO]     | distill epoch : 2, acc 0.765
[2023-12-28 21:28:09] [INFO]     | distill epoch : 3, acc 0.762
[2023-12-28 21:28:09] [INFO]     | distill epoch : 4, acc 0.755
[2023-12-28 21:28:09] [INFO]    -client 5
[2023-12-28 21:28:09] [INFO]     |  local epoch  : 0, acc 0.643
[2023-12-28 21:28:09] [INFO]     |  local epoch  : 1, acc 0.752
[2023-12-28 21:28:09] [INFO]     |  local epoch  : 2, acc 0.770
[2023-12-28 21:28:09] [INFO]     |  local epoch  : 3, acc 0.763
[2023-12-28 21:28:09] [INFO]     |  local epoch  : 4, acc 0.772
[2023-12-28 21:28:09] [INFO]     | distill epoch : 0, acc 0.774
[2023-12-28 21:28:09] [INFO]     | distill epoch : 1, acc 0.769
[2023-12-28 21:28:09] [INFO]     | distill epoch : 2, acc 0.764
[2023-12-28 21:28:09] [INFO]     | distill epoch : 3, acc 0.760
[2023-12-28 21:28:09] [INFO]     | distill epoch : 4, acc 0.762
[2023-12-28 21:28:09] [INFO] |servers comunicated: 4, server aggregated: 0, acc_server 1: 0.760.
[2023-12-28 21:28:09] [INFO] --------------------------------------------------
[2023-12-28 21:28:09] [INFO]   |server: 2
[2023-12-28 21:28:09] [INFO]    -client 6
[2023-12-28 21:28:09] [INFO]     |  local epoch  : 0, acc 0.728
[2023-12-28 21:28:09] [INFO]     |  local epoch  : 1, acc 0.782
[2023-12-28 21:28:10] [INFO]     |  local epoch  : 2, acc 0.783
[2023-12-28 21:28:10] [INFO]     |  local epoch  : 3, acc 0.791
[2023-12-28 21:28:10] [INFO]     |  local epoch  : 4, acc 0.801
[2023-12-28 21:28:10] [INFO]     | distill epoch : 0, acc 0.817
[2023-12-28 21:28:10] [INFO]     | distill epoch : 1, acc 0.806
[2023-12-28 21:28:10] [INFO]     | distill epoch : 2, acc 0.779
[2023-12-28 21:28:10] [INFO]     | distill epoch : 3, acc 0.728
[2023-12-28 21:28:10] [INFO]     | distill epoch : 4, acc 0.660
[2023-12-28 21:28:10] [INFO]    -client 7
[2023-12-28 21:28:10] [INFO]     |  local epoch  : 0, acc 0.732
[2023-12-28 21:28:10] [INFO]     |  local epoch  : 1, acc 0.771
[2023-12-28 21:28:10] [INFO]     |  local epoch  : 2, acc 0.766
[2023-12-28 21:28:10] [INFO]     |  local epoch  : 3, acc 0.778
[2023-12-28 21:28:10] [INFO]     |  local epoch  : 4, acc 0.785
[2023-12-28 21:28:10] [INFO]     | distill epoch : 0, acc 0.796
[2023-12-28 21:28:10] [INFO]     | distill epoch : 1, acc 0.785
[2023-12-28 21:28:10] [INFO]     | distill epoch : 2, acc 0.758
[2023-12-28 21:28:10] [INFO]     | distill epoch : 3, acc 0.707
[2023-12-28 21:28:10] [INFO]     | distill epoch : 4, acc 0.649
[2023-12-28 21:28:10] [INFO]    -client 8
[2023-12-28 21:28:10] [INFO]     |  local epoch  : 0, acc 0.728
[2023-12-28 21:28:10] [INFO]     |  local epoch  : 1, acc 0.773
[2023-12-28 21:28:11] [INFO]     |  local epoch  : 2, acc 0.783
[2023-12-28 21:28:11] [INFO]     |  local epoch  : 3, acc 0.774
[2023-12-28 21:28:11] [INFO]     |  local epoch  : 4, acc 0.805
[2023-12-28 21:28:11] [INFO]     | distill epoch : 0, acc 0.818
[2023-12-28 21:28:11] [INFO]     | distill epoch : 1, acc 0.808
[2023-12-28 21:28:11] [INFO]     | distill epoch : 2, acc 0.777
[2023-12-28 21:28:11] [INFO]     | distill epoch : 3, acc 0.719
[2023-12-28 21:28:11] [INFO]     | distill epoch : 4, acc 0.651
[2023-12-28 21:28:11] [INFO] |servers comunicated: 4, server aggregated: 0, acc_server 2: 0.657.
[2023-12-28 21:28:11] [INFO] --------------------------------------------------
[2023-12-28 21:28:11] [INFO]  |epoch_client_commu: 1/2
[2023-12-28 21:28:11] [INFO]   |server: 0
[2023-12-28 21:28:11] [INFO]    -client 0
[2023-12-28 21:28:11] [INFO]     |  local epoch  : 0, acc 0.662
[2023-12-28 21:28:11] [INFO]     |  local epoch  : 1, acc 0.752
[2023-12-28 21:28:11] [INFO]     |  local epoch  : 2, acc 0.773
[2023-12-28 21:28:11] [INFO]     |  local epoch  : 3, acc 0.787
[2023-12-28 21:28:11] [INFO]     |  local epoch  : 4, acc 0.779
[2023-12-28 21:28:11] [INFO]     | distill epoch : 0, acc 0.806
[2023-12-28 21:28:11] [INFO]     | distill epoch : 1, acc 0.790
[2023-12-28 21:28:11] [INFO]     | distill epoch : 2, acc 0.764
[2023-12-28 21:28:11] [INFO]     | distill epoch : 3, acc 0.733
[2023-12-28 21:28:11] [INFO]     | distill epoch : 4, acc 0.714
[2023-12-28 21:28:11] [INFO]    -client 1
[2023-12-28 21:28:11] [INFO]     |  local epoch  : 0, acc 0.675
[2023-12-28 21:28:11] [INFO]     |  local epoch  : 1, acc 0.758
[2023-12-28 21:28:12] [INFO]     |  local epoch  : 2, acc 0.763
[2023-12-28 21:28:12] [INFO]     |  local epoch  : 3, acc 0.774
[2023-12-28 21:28:12] [INFO]     |  local epoch  : 4, acc 0.760
[2023-12-28 21:28:12] [INFO]     | distill epoch : 0, acc 0.775
[2023-12-28 21:28:12] [INFO]     | distill epoch : 1, acc 0.761
[2023-12-28 21:28:12] [INFO]     | distill epoch : 2, acc 0.742
[2023-12-28 21:28:12] [INFO]     | distill epoch : 3, acc 0.719
[2023-12-28 21:28:12] [INFO]     | distill epoch : 4, acc 0.699
[2023-12-28 21:28:12] [INFO]    -client 2
[2023-12-28 21:28:12] [INFO]     |  local epoch  : 0, acc 0.667
[2023-12-28 21:28:12] [INFO]     |  local epoch  : 1, acc 0.727
[2023-12-28 21:28:12] [INFO]     |  local epoch  : 2, acc 0.717
[2023-12-28 21:28:12] [INFO]     |  local epoch  : 3, acc 0.726
[2023-12-28 21:28:12] [INFO]     |  local epoch  : 4, acc 0.741
[2023-12-28 21:28:12] [INFO]     | distill epoch : 0, acc 0.766
[2023-12-28 21:28:12] [INFO]     | distill epoch : 1, acc 0.767
[2023-12-28 21:28:12] [INFO]     | distill epoch : 2, acc 0.749
[2023-12-28 21:28:12] [INFO]     | distill epoch : 3, acc 0.730
[2023-12-28 21:28:12] [INFO]     | distill epoch : 4, acc 0.715
[2023-12-28 21:28:12] [INFO] |servers comunicated: 4, server aggregated: 1, acc_server 0: 0.711.
[2023-12-28 21:28:12] [INFO] --------------------------------------------------
[2023-12-28 21:28:12] [INFO]   |server: 1
[2023-12-28 21:28:12] [INFO]    -client 3
[2023-12-28 21:28:12] [INFO]     |  local epoch  : 0, acc 0.681
[2023-12-28 21:28:12] [INFO]     |  local epoch  : 1, acc 0.797
[2023-12-28 21:28:13] [INFO]     |  local epoch  : 2, acc 0.804
[2023-12-28 21:28:13] [INFO]     |  local epoch  : 3, acc 0.819
[2023-12-28 21:28:13] [INFO]     |  local epoch  : 4, acc 0.818
[2023-12-28 21:28:13] [INFO]     | distill epoch : 0, acc 0.824
[2023-12-28 21:28:13] [INFO]     | distill epoch : 1, acc 0.817
[2023-12-28 21:28:13] [INFO]     | distill epoch : 2, acc 0.787
[2023-12-28 21:28:13] [INFO]     | distill epoch : 3, acc 0.769
[2023-12-28 21:28:13] [INFO]     | distill epoch : 4, acc 0.760
[2023-12-28 21:28:13] [INFO]    -client 4
[2023-12-28 21:28:13] [INFO]     |  local epoch  : 0, acc 0.691
[2023-12-28 21:28:13] [INFO]     |  local epoch  : 1, acc 0.784
[2023-12-28 21:28:13] [INFO]     |  local epoch  : 2, acc 0.781
[2023-12-28 21:28:13] [INFO]     |  local epoch  : 3, acc 0.805
[2023-12-28 21:28:13] [INFO]     |  local epoch  : 4, acc 0.791
[2023-12-28 21:28:13] [INFO]     | distill epoch : 0, acc 0.803
[2023-12-28 21:28:13] [INFO]     | distill epoch : 1, acc 0.799
[2023-12-28 21:28:13] [INFO]     | distill epoch : 2, acc 0.784
[2023-12-28 21:28:13] [INFO]     | distill epoch : 3, acc 0.775
[2023-12-28 21:28:13] [INFO]     | distill epoch : 4, acc 0.770
[2023-12-28 21:28:13] [INFO]    -client 5
[2023-12-28 21:28:13] [INFO]     |  local epoch  : 0, acc 0.698
[2023-12-28 21:28:13] [INFO]     |  local epoch  : 1, acc 0.799
[2023-12-28 21:28:14] [INFO]     |  local epoch  : 2, acc 0.799
[2023-12-28 21:28:14] [INFO]     |  local epoch  : 3, acc 0.778
[2023-12-28 21:28:14] [INFO]     |  local epoch  : 4, acc 0.798
[2023-12-28 21:28:14] [INFO]     | distill epoch : 0, acc 0.802
[2023-12-28 21:28:14] [INFO]     | distill epoch : 1, acc 0.789
[2023-12-28 21:28:14] [INFO]     | distill epoch : 2, acc 0.776
[2023-12-28 21:28:14] [INFO]     | distill epoch : 3, acc 0.771
[2023-12-28 21:28:14] [INFO]     | distill epoch : 4, acc 0.769
[2023-12-28 21:28:14] [INFO] |servers comunicated: 4, server aggregated: 1, acc_server 1: 0.769.
[2023-12-28 21:28:14] [INFO] --------------------------------------------------
[2023-12-28 21:28:14] [INFO]   |server: 2
[2023-12-28 21:28:14] [INFO]    -client 6
[2023-12-28 21:28:14] [INFO]     |  local epoch  : 0, acc 0.758
[2023-12-28 21:28:14] [INFO]     |  local epoch  : 1, acc 0.789
[2023-12-28 21:28:14] [INFO]     |  local epoch  : 2, acc 0.799
[2023-12-28 21:28:14] [INFO]     |  local epoch  : 3, acc 0.823
[2023-12-28 21:28:14] [INFO]     |  local epoch  : 4, acc 0.813
[2023-12-28 21:28:14] [INFO]     | distill epoch : 0, acc 0.830
[2023-12-28 21:28:14] [INFO]     | distill epoch : 1, acc 0.823
[2023-12-28 21:28:14] [INFO]     | distill epoch : 2, acc 0.791
[2023-12-28 21:28:14] [INFO]     | distill epoch : 3, acc 0.739
[2023-12-28 21:28:14] [INFO]     | distill epoch : 4, acc 0.677
[2023-12-28 21:28:14] [INFO]    -client 7
[2023-12-28 21:28:14] [INFO]     |  local epoch  : 0, acc 0.758
[2023-12-28 21:28:15] [INFO]     |  local epoch  : 1, acc 0.802
[2023-12-28 21:28:15] [INFO]     |  local epoch  : 2, acc 0.786
[2023-12-28 21:28:15] [INFO]     |  local epoch  : 3, acc 0.789
[2023-12-28 21:28:15] [INFO]     |  local epoch  : 4, acc 0.792
[2023-12-28 21:28:15] [INFO]     | distill epoch : 0, acc 0.813
[2023-12-28 21:28:15] [INFO]     | distill epoch : 1, acc 0.809
[2023-12-28 21:28:15] [INFO]     | distill epoch : 2, acc 0.788
[2023-12-28 21:28:15] [INFO]     | distill epoch : 3, acc 0.741
[2023-12-28 21:28:15] [INFO]     | distill epoch : 4, acc 0.676
[2023-12-28 21:28:15] [INFO]    -client 8
[2023-12-28 21:28:15] [INFO]     |  local epoch  : 0, acc 0.757
[2023-12-28 21:28:15] [INFO]     |  local epoch  : 1, acc 0.798
[2023-12-28 21:28:15] [INFO]     |  local epoch  : 2, acc 0.806
[2023-12-28 21:28:15] [INFO]     |  local epoch  : 3, acc 0.784
[2023-12-28 21:28:15] [INFO]     |  local epoch  : 4, acc 0.809
[2023-12-28 21:28:15] [INFO]     | distill epoch : 0, acc 0.825
[2023-12-28 21:28:15] [INFO]     | distill epoch : 1, acc 0.819
[2023-12-28 21:28:15] [INFO]     | distill epoch : 2, acc 0.792
[2023-12-28 21:28:15] [INFO]     | distill epoch : 3, acc 0.743
[2023-12-28 21:28:15] [INFO]     | distill epoch : 4, acc 0.680
[2023-12-28 21:28:15] [INFO] |servers comunicated: 4, server aggregated: 1, acc_server 2: 0.684.
[2023-12-28 21:28:15] [INFO] --------------------------------------------------
[2023-12-28 21:28:15] [INFO]      ********  servers comunicates  ********      
[2023-12-28 21:28:15] [INFO] --------------------------------------------------
[2023-12-28 21:28:15] [INFO] |epoch_server_commu: 5/6
[2023-12-28 21:28:15] [INFO]  |epoch_client_commu: 0/2
[2023-12-28 21:28:15] [INFO]   |server: 0
[2023-12-28 21:28:15] [INFO]    -client 0
[2023-12-28 21:28:16] [INFO]     |  local epoch  : 0, acc 0.678
[2023-12-28 21:28:16] [INFO]     |  local epoch  : 1, acc 0.776
[2023-12-28 21:28:16] [INFO]     |  local epoch  : 2, acc 0.697
[2023-12-28 21:28:16] [INFO]     |  local epoch  : 3, acc 0.787
[2023-12-28 21:28:16] [INFO]     |  local epoch  : 4, acc 0.806
[2023-12-28 21:28:16] [INFO]     | distill epoch : 0, acc 0.826
[2023-12-28 21:28:16] [INFO]     | distill epoch : 1, acc 0.809
[2023-12-28 21:28:16] [INFO]     | distill epoch : 2, acc 0.770
[2023-12-28 21:28:16] [INFO]     | distill epoch : 3, acc 0.740
[2023-12-28 21:28:16] [INFO]     | distill epoch : 4, acc 0.719
[2023-12-28 21:28:16] [INFO]    -client 1
[2023-12-28 21:28:16] [INFO]     |  local epoch  : 0, acc 0.680
[2023-12-28 21:28:16] [INFO]     |  local epoch  : 1, acc 0.788
[2023-12-28 21:28:16] [INFO]     |  local epoch  : 2, acc 0.790
[2023-12-28 21:28:16] [INFO]     |  local epoch  : 3, acc 0.761
[2023-12-28 21:28:16] [INFO]     |  local epoch  : 4, acc 0.793
[2023-12-28 21:28:16] [INFO]     | distill epoch : 0, acc 0.800
[2023-12-28 21:28:16] [INFO]     | distill epoch : 1, acc 0.784
[2023-12-28 21:28:16] [INFO]     | distill epoch : 2, acc 0.761
[2023-12-28 21:28:16] [INFO]     | distill epoch : 3, acc 0.734
[2023-12-28 21:28:16] [INFO]     | distill epoch : 4, acc 0.710
[2023-12-28 21:28:16] [INFO]    -client 2
[2023-12-28 21:28:16] [INFO]     |  local epoch  : 0, acc 0.681
[2023-12-28 21:28:17] [INFO]     |  local epoch  : 1, acc 0.745
[2023-12-28 21:28:17] [INFO]     |  local epoch  : 2, acc 0.778
[2023-12-28 21:28:17] [INFO]     |  local epoch  : 3, acc 0.752
[2023-12-28 21:28:17] [INFO]     |  local epoch  : 4, acc 0.789
[2023-12-28 21:28:17] [INFO]     | distill epoch : 0, acc 0.804
[2023-12-28 21:28:17] [INFO]     | distill epoch : 1, acc 0.792
[2023-12-28 21:28:17] [INFO]     | distill epoch : 2, acc 0.766
[2023-12-28 21:28:17] [INFO]     | distill epoch : 3, acc 0.748
[2023-12-28 21:28:17] [INFO]     | distill epoch : 4, acc 0.731
[2023-12-28 21:28:17] [INFO] |servers comunicated: 5, server aggregated: 0, acc_server 0: 0.721.
[2023-12-28 21:28:17] [INFO] --------------------------------------------------
[2023-12-28 21:28:17] [INFO]   |server: 1
[2023-12-28 21:28:17] [INFO]    -client 3
[2023-12-28 21:28:17] [INFO]     |  local epoch  : 0, acc 0.733
[2023-12-28 21:28:17] [INFO]     |  local epoch  : 1, acc 0.826
[2023-12-28 21:28:17] [INFO]     |  local epoch  : 2, acc 0.825
[2023-12-28 21:28:17] [INFO]     |  local epoch  : 3, acc 0.819
[2023-12-28 21:28:17] [INFO]     |  local epoch  : 4, acc 0.844
[2023-12-28 21:28:17] [INFO]     | distill epoch : 0, acc 0.841
[2023-12-28 21:28:17] [INFO]     | distill epoch : 1, acc 0.822
[2023-12-28 21:28:17] [INFO]     | distill epoch : 2, acc 0.786
[2023-12-28 21:28:17] [INFO]     | distill epoch : 3, acc 0.769
[2023-12-28 21:28:17] [INFO]     | distill epoch : 4, acc 0.768
[2023-12-28 21:28:17] [INFO]    -client 4
[2023-12-28 21:28:18] [INFO]     |  local epoch  : 0, acc 0.733
[2023-12-28 21:28:18] [INFO]     |  local epoch  : 1, acc 0.826
[2023-12-28 21:28:18] [INFO]     |  local epoch  : 2, acc 0.808
[2023-12-28 21:28:18] [INFO]     |  local epoch  : 3, acc 0.814
[2023-12-28 21:28:18] [INFO]     |  local epoch  : 4, acc 0.816
[2023-12-28 21:28:18] [INFO]     | distill epoch : 0, acc 0.830
[2023-12-28 21:28:18] [INFO]     | distill epoch : 1, acc 0.823
[2023-12-28 21:28:18] [INFO]     | distill epoch : 2, acc 0.799
[2023-12-28 21:28:18] [INFO]     | distill epoch : 3, acc 0.777
[2023-12-28 21:28:18] [INFO]     | distill epoch : 4, acc 0.772
[2023-12-28 21:28:18] [INFO]    -client 5
[2023-12-28 21:28:18] [INFO]     |  local epoch  : 0, acc 0.759
[2023-12-28 21:28:18] [INFO]     |  local epoch  : 1, acc 0.810
[2023-12-28 21:28:18] [INFO]     |  local epoch  : 2, acc 0.815
[2023-12-28 21:28:18] [INFO]     |  local epoch  : 3, acc 0.830
[2023-12-28 21:28:18] [INFO]     |  local epoch  : 4, acc 0.818
[2023-12-28 21:28:18] [INFO]     | distill epoch : 0, acc 0.820
[2023-12-28 21:28:18] [INFO]     | distill epoch : 1, acc 0.802
[2023-12-28 21:28:18] [INFO]     | distill epoch : 2, acc 0.781
[2023-12-28 21:28:18] [INFO]     | distill epoch : 3, acc 0.776
[2023-12-28 21:28:18] [INFO]     | distill epoch : 4, acc 0.771
[2023-12-28 21:28:18] [INFO] |servers comunicated: 5, server aggregated: 0, acc_server 1: 0.771.
[2023-12-28 21:28:18] [INFO] --------------------------------------------------
[2023-12-28 21:28:18] [INFO]   |server: 2
[2023-12-28 21:28:18] [INFO]    -client 6
[2023-12-28 21:28:19] [INFO]     |  local epoch  : 0, acc 0.782
[2023-12-28 21:28:19] [INFO]     |  local epoch  : 1, acc 0.811
[2023-12-28 21:28:19] [INFO]     |  local epoch  : 2, acc 0.803
[2023-12-28 21:28:19] [INFO]     |  local epoch  : 3, acc 0.810
[2023-12-28 21:28:19] [INFO]     |  local epoch  : 4, acc 0.825
[2023-12-28 21:28:19] [INFO]     | distill epoch : 0, acc 0.831
[2023-12-28 21:28:19] [INFO]     | distill epoch : 1, acc 0.821
[2023-12-28 21:28:19] [INFO]     | distill epoch : 2, acc 0.792
[2023-12-28 21:28:19] [INFO]     | distill epoch : 3, acc 0.739
[2023-12-28 21:28:19] [INFO]     | distill epoch : 4, acc 0.682
[2023-12-28 21:28:19] [INFO]    -client 7
[2023-12-28 21:28:19] [INFO]     |  local epoch  : 0, acc 0.784
[2023-12-28 21:28:19] [INFO]     |  local epoch  : 1, acc 0.823
[2023-12-28 21:28:19] [INFO]     |  local epoch  : 2, acc 0.819
[2023-12-28 21:28:19] [INFO]     |  local epoch  : 3, acc 0.817
[2023-12-28 21:28:19] [INFO]     |  local epoch  : 4, acc 0.813
[2023-12-28 21:28:19] [INFO]     | distill epoch : 0, acc 0.835
[2023-12-28 21:28:19] [INFO]     | distill epoch : 1, acc 0.833
[2023-12-28 21:28:19] [INFO]     | distill epoch : 2, acc 0.814
[2023-12-28 21:28:19] [INFO]     | distill epoch : 3, acc 0.774
[2023-12-28 21:28:20] [INFO]     | distill epoch : 4, acc 0.709
[2023-12-28 21:28:20] [INFO]    -client 8
[2023-12-28 21:28:20] [INFO]     |  local epoch  : 0, acc 0.782
[2023-12-28 21:28:20] [INFO]     |  local epoch  : 1, acc 0.813
[2023-12-28 21:28:20] [INFO]     |  local epoch  : 2, acc 0.812
[2023-12-28 21:28:20] [INFO]     |  local epoch  : 3, acc 0.806
[2023-12-28 21:28:20] [INFO]     |  local epoch  : 4, acc 0.812
[2023-12-28 21:28:20] [INFO]     | distill epoch : 0, acc 0.832
[2023-12-28 21:28:20] [INFO]     | distill epoch : 1, acc 0.833
[2023-12-28 21:28:20] [INFO]     | distill epoch : 2, acc 0.814
[2023-12-28 21:28:20] [INFO]     | distill epoch : 3, acc 0.769
[2023-12-28 21:28:20] [INFO]     | distill epoch : 4, acc 0.703
[2023-12-28 21:28:20] [INFO] |servers comunicated: 5, server aggregated: 0, acc_server 2: 0.704.
[2023-12-28 21:28:20] [INFO] --------------------------------------------------
[2023-12-28 21:28:20] [INFO]  |epoch_client_commu: 1/2
[2023-12-28 21:28:20] [INFO]   |server: 0
[2023-12-28 21:28:20] [INFO]    -client 0
[2023-12-28 21:28:20] [INFO]     |  local epoch  : 0, acc 0.693
[2023-12-28 21:28:20] [INFO]     |  local epoch  : 1, acc 0.780
[2023-12-28 21:28:20] [INFO]     |  local epoch  : 2, acc 0.816
[2023-12-28 21:28:20] [INFO]     |  local epoch  : 3, acc 0.806
[2023-12-28 21:28:20] [INFO]     |  local epoch  : 4, acc 0.821
[2023-12-28 21:28:20] [INFO]     | distill epoch : 0, acc 0.839
[2023-12-28 21:28:20] [INFO]     | distill epoch : 1, acc 0.820
[2023-12-28 21:28:20] [INFO]     | distill epoch : 2, acc 0.791
[2023-12-28 21:28:20] [INFO]     | distill epoch : 3, acc 0.762
[2023-12-28 21:28:21] [INFO]     | distill epoch : 4, acc 0.733
[2023-12-28 21:28:21] [INFO]    -client 1
[2023-12-28 21:28:21] [INFO]     |  local epoch  : 0, acc 0.714
[2023-12-28 21:28:21] [INFO]     |  local epoch  : 1, acc 0.803
[2023-12-28 21:28:21] [INFO]     |  local epoch  : 2, acc 0.763
[2023-12-28 21:28:21] [INFO]     |  local epoch  : 3, acc 0.799
[2023-12-28 21:28:21] [INFO]     |  local epoch  : 4, acc 0.769
[2023-12-28 21:28:21] [INFO]     | distill epoch : 0, acc 0.801
[2023-12-28 21:28:21] [INFO]     | distill epoch : 1, acc 0.796
[2023-12-28 21:28:21] [INFO]     | distill epoch : 2, acc 0.777
[2023-12-28 21:28:21] [INFO]     | distill epoch : 3, acc 0.755
[2023-12-28 21:28:21] [INFO]     | distill epoch : 4, acc 0.728
[2023-12-28 21:28:21] [INFO]    -client 2
[2023-12-28 21:28:21] [INFO]     |  local epoch  : 0, acc 0.707
[2023-12-28 21:28:21] [INFO]     |  local epoch  : 1, acc 0.748
[2023-12-28 21:28:21] [INFO]     |  local epoch  : 2, acc 0.793
[2023-12-28 21:28:21] [INFO]     |  local epoch  : 3, acc 0.761
[2023-12-28 21:28:21] [INFO]     |  local epoch  : 4, acc 0.807
[2023-12-28 21:28:21] [INFO]     | distill epoch : 0, acc 0.831
[2023-12-28 21:28:21] [INFO]     | distill epoch : 1, acc 0.816
[2023-12-28 21:28:21] [INFO]     | distill epoch : 2, acc 0.789
[2023-12-28 21:28:21] [INFO]     | distill epoch : 3, acc 0.761
[2023-12-28 21:28:21] [INFO]     | distill epoch : 4, acc 0.736
[2023-12-28 21:28:22] [INFO] |servers comunicated: 5, server aggregated: 1, acc_server 0: 0.738.
[2023-12-28 21:28:22] [INFO] --------------------------------------------------
[2023-12-28 21:28:22] [INFO]   |server: 1
[2023-12-28 21:28:22] [INFO]    -client 3
[2023-12-28 21:28:22] [INFO]     |  local epoch  : 0, acc 0.765
[2023-12-28 21:28:22] [INFO]     |  local epoch  : 1, acc 0.839
[2023-12-28 21:28:22] [INFO]     |  local epoch  : 2, acc 0.839
[2023-12-28 21:28:22] [INFO]     |  local epoch  : 3, acc 0.843
[2023-12-28 21:28:22] [INFO]     |  local epoch  : 4, acc 0.823
[2023-12-28 21:28:22] [INFO]     | distill epoch : 0, acc 0.833
[2023-12-28 21:28:22] [INFO]     | distill epoch : 1, acc 0.823
[2023-12-28 21:28:22] [INFO]     | distill epoch : 2, acc 0.794
[2023-12-28 21:28:22] [INFO]     | distill epoch : 3, acc 0.776
[2023-12-28 21:28:22] [INFO]     | distill epoch : 4, acc 0.777
[2023-12-28 21:28:22] [INFO]    -client 4
[2023-12-28 21:28:22] [INFO]     |  local epoch  : 0, acc 0.750
[2023-12-28 21:28:22] [INFO]     |  local epoch  : 1, acc 0.841
[2023-12-28 21:28:22] [INFO]     |  local epoch  : 2, acc 0.818
[2023-12-28 21:28:22] [INFO]     |  local epoch  : 3, acc 0.830
[2023-12-28 21:28:22] [INFO]     |  local epoch  : 4, acc 0.817
[2023-12-28 21:28:22] [INFO]     | distill epoch : 0, acc 0.839
[2023-12-28 21:28:22] [INFO]     | distill epoch : 1, acc 0.832
[2023-12-28 21:28:22] [INFO]     | distill epoch : 2, acc 0.807
[2023-12-28 21:28:22] [INFO]     | distill epoch : 3, acc 0.788
[2023-12-28 21:28:23] [INFO]     | distill epoch : 4, acc 0.787
[2023-12-28 21:28:23] [INFO]    -client 5
[2023-12-28 21:28:23] [INFO]     |  local epoch  : 0, acc 0.769
[2023-12-28 21:28:23] [INFO]     |  local epoch  : 1, acc 0.827
[2023-12-28 21:28:23] [INFO]     |  local epoch  : 2, acc 0.831
[2023-12-28 21:28:23] [INFO]     |  local epoch  : 3, acc 0.824
[2023-12-28 21:28:23] [INFO]     |  local epoch  : 4, acc 0.833
[2023-12-28 21:28:23] [INFO]     | distill epoch : 0, acc 0.836
[2023-12-28 21:28:23] [INFO]     | distill epoch : 1, acc 0.820
[2023-12-28 21:28:23] [INFO]     | distill epoch : 2, acc 0.793
[2023-12-28 21:28:23] [INFO]     | distill epoch : 3, acc 0.780
[2023-12-28 21:28:23] [INFO]     | distill epoch : 4, acc 0.781
[2023-12-28 21:28:23] [INFO] |servers comunicated: 5, server aggregated: 1, acc_server 1: 0.787.
[2023-12-28 21:28:23] [INFO] --------------------------------------------------
[2023-12-28 21:28:23] [INFO]   |server: 2
[2023-12-28 21:28:23] [INFO]    -client 6
[2023-12-28 21:28:23] [INFO]     |  local epoch  : 0, acc 0.794
[2023-12-28 21:28:23] [INFO]     |  local epoch  : 1, acc 0.825
[2023-12-28 21:28:23] [INFO]     |  local epoch  : 2, acc 0.831
[2023-12-28 21:28:23] [INFO]     |  local epoch  : 3, acc 0.821
[2023-12-28 21:28:23] [INFO]     |  local epoch  : 4, acc 0.809
[2023-12-28 21:28:23] [INFO]     | distill epoch : 0, acc 0.832
[2023-12-28 21:28:23] [INFO]     | distill epoch : 1, acc 0.835
[2023-12-28 21:28:23] [INFO]     | distill epoch : 2, acc 0.817
[2023-12-28 21:28:24] [INFO]     | distill epoch : 3, acc 0.790
[2023-12-28 21:28:24] [INFO]     | distill epoch : 4, acc 0.734
[2023-12-28 21:28:24] [INFO]    -client 7
[2023-12-28 21:28:24] [INFO]     |  local epoch  : 0, acc 0.799
[2023-12-28 21:28:24] [INFO]     |  local epoch  : 1, acc 0.834
[2023-12-28 21:28:24] [INFO]     |  local epoch  : 2, acc 0.819
[2023-12-28 21:28:24] [INFO]     |  local epoch  : 3, acc 0.830
[2023-12-28 21:28:24] [INFO]     |  local epoch  : 4, acc 0.820
[2023-12-28 21:28:24] [INFO]     | distill epoch : 0, acc 0.839
[2023-12-28 21:28:24] [INFO]     | distill epoch : 1, acc 0.830
[2023-12-28 21:28:24] [INFO]     | distill epoch : 2, acc 0.801
[2023-12-28 21:28:24] [INFO]     | distill epoch : 3, acc 0.758
[2023-12-28 21:28:24] [INFO]     | distill epoch : 4, acc 0.695
[2023-12-28 21:28:24] [INFO]    -client 8
[2023-12-28 21:28:24] [INFO]     |  local epoch  : 0, acc 0.790
[2023-12-28 21:28:24] [INFO]     |  local epoch  : 1, acc 0.816
[2023-12-28 21:28:24] [INFO]     |  local epoch  : 2, acc 0.821
[2023-12-28 21:28:24] [INFO]     |  local epoch  : 3, acc 0.845
[2023-12-28 21:28:24] [INFO]     |  local epoch  : 4, acc 0.830
[2023-12-28 21:28:24] [INFO]     | distill epoch : 0, acc 0.842
[2023-12-28 21:28:24] [INFO]     | distill epoch : 1, acc 0.836
[2023-12-28 21:28:24] [INFO]     | distill epoch : 2, acc 0.818
[2023-12-28 21:28:24] [INFO]     | distill epoch : 3, acc 0.766
[2023-12-28 21:28:25] [INFO]     | distill epoch : 4, acc 0.691
[2023-12-28 21:28:25] [INFO] |servers comunicated: 5, server aggregated: 1, acc_server 2: 0.711.
[2023-12-28 21:28:25] [INFO] --------------------------------------------------
[2023-12-28 21:28:25] [INFO]      ********  servers comunicates  ********      
[2023-12-28 21:28:25] [INFO] ./data/saved-data/mnist_algo_0/alpha_0.5_T_8/server_commu_6_client_commu_2_client_train_5_batch_size_200_num_all_client_9_num_all_server_3_num_client_data_1200_num_public_data_50_proportion_0.8.pt
