[2023-12-28 21:51:16] [INFO] device cuda is used.
[2023-12-28 21:51:16] [INFO] cudnn is actived.
[2023-12-28 21:51:16] [INFO] 
           alpha       :  0.5  
             T         :   8   
         algorithm     :   0   
     num_server_commu  :   6   
     num_client_commu  :   2   
     num_client_train  :   5   
     num_public_train  :   5   
        batch_size     :  200  
          dataset      : mnist 
       model_select    :   1   
      num_all_client   :   9   
      num_all_server   :   3   
      num_client_data  : 1200  
      num_public_data  :  50   
        proportion     :  0.8  

[2023-12-28 21:51:23] [INFO] --------------------------------------------------
[2023-12-28 21:51:23] [INFO] |epoch_server_commu: 0/6
[2023-12-28 21:51:23] [INFO]  |epoch_client_commu: 0/2
[2023-12-28 21:51:23] [INFO]   |server: 0
[2023-12-28 21:51:23] [INFO]    -client 0
[2023-12-28 21:51:24] [INFO]     |  local epoch  : 0, acc 0.096
[2023-12-28 21:51:24] [INFO]     |  local epoch  : 1, acc 0.096
[2023-12-28 21:51:24] [INFO]     |  local epoch  : 2, acc 0.096
[2023-12-28 21:51:24] [INFO]     |  local epoch  : 3, acc 0.096
[2023-12-28 21:51:24] [INFO]     |  local epoch  : 4, acc 0.096
[2023-12-28 21:51:24] [INFO]    -client 1
[2023-12-28 21:51:24] [INFO]     |  local epoch  : 0, acc 0.096
[2023-12-28 21:51:24] [INFO]     |  local epoch  : 1, acc 0.096
[2023-12-28 21:51:24] [INFO]     |  local epoch  : 2, acc 0.096
[2023-12-28 21:51:24] [INFO]     |  local epoch  : 3, acc 0.096
[2023-12-28 21:51:24] [INFO]     |  local epoch  : 4, acc 0.096
[2023-12-28 21:51:24] [INFO]    -client 2
[2023-12-28 21:51:24] [INFO]     |  local epoch  : 0, acc 0.096
[2023-12-28 21:51:24] [INFO]     |  local epoch  : 1, acc 0.096
[2023-12-28 21:51:24] [INFO]     |  local epoch  : 2, acc 0.096
[2023-12-28 21:51:24] [INFO]     |  local epoch  : 3, acc 0.096
[2023-12-28 21:51:24] [INFO]     |  local epoch  : 4, acc 0.096
[2023-12-28 21:51:24] [INFO] |servers comunicated: 0, server aggregated: 0, acc_server 0: 0.096.
[2023-12-28 21:51:24] [INFO] --------------------------------------------------
[2023-12-28 21:51:24] [INFO]   |server: 1
[2023-12-28 21:51:24] [INFO]    -client 3
[2023-12-28 21:51:24] [INFO]     |  local epoch  : 0, acc 0.098
[2023-12-28 21:51:25] [INFO]     |  local epoch  : 1, acc 0.098
[2023-12-28 21:51:25] [INFO]     |  local epoch  : 2, acc 0.098
[2023-12-28 21:51:25] [INFO]     |  local epoch  : 3, acc 0.098
[2023-12-28 21:51:25] [INFO]     |  local epoch  : 4, acc 0.098
[2023-12-28 21:51:25] [INFO]    -client 4
[2023-12-28 21:51:25] [INFO]     |  local epoch  : 0, acc 0.098
[2023-12-28 21:51:25] [INFO]     |  local epoch  : 1, acc 0.098
[2023-12-28 21:51:25] [INFO]     |  local epoch  : 2, acc 0.098
[2023-12-28 21:51:25] [INFO]     |  local epoch  : 3, acc 0.098
[2023-12-28 21:51:25] [INFO]     |  local epoch  : 4, acc 0.098
[2023-12-28 21:51:25] [INFO]    -client 5
[2023-12-28 21:51:25] [INFO]     |  local epoch  : 0, acc 0.098
[2023-12-28 21:51:25] [INFO]     |  local epoch  : 1, acc 0.098
[2023-12-28 21:51:25] [INFO]     |  local epoch  : 2, acc 0.098
[2023-12-28 21:51:25] [INFO]     |  local epoch  : 3, acc 0.098
[2023-12-28 21:51:25] [INFO]     |  local epoch  : 4, acc 0.098
[2023-12-28 21:51:25] [INFO] |servers comunicated: 0, server aggregated: 0, acc_server 1: 0.098.
[2023-12-28 21:51:25] [INFO] --------------------------------------------------
[2023-12-28 21:51:25] [INFO]   |server: 2
[2023-12-28 21:51:25] [INFO]    -client 6
[2023-12-28 21:51:25] [INFO]     |  local epoch  : 0, acc 0.098
[2023-12-28 21:51:25] [INFO]     |  local epoch  : 1, acc 0.098
[2023-12-28 21:51:25] [INFO]     |  local epoch  : 2, acc 0.098
[2023-12-28 21:51:25] [INFO]     |  local epoch  : 3, acc 0.098
[2023-12-28 21:51:25] [INFO]     |  local epoch  : 4, acc 0.098
[2023-12-28 21:51:25] [INFO]    -client 7
[2023-12-28 21:51:26] [INFO]     |  local epoch  : 0, acc 0.098
[2023-12-28 21:51:26] [INFO]     |  local epoch  : 1, acc 0.098
[2023-12-28 21:51:26] [INFO]     |  local epoch  : 2, acc 0.098
[2023-12-28 21:51:26] [INFO]     |  local epoch  : 3, acc 0.098
[2023-12-28 21:51:26] [INFO]     |  local epoch  : 4, acc 0.098
[2023-12-28 21:51:26] [INFO]    -client 8
[2023-12-28 21:51:26] [INFO]     |  local epoch  : 0, acc 0.098
[2023-12-28 21:51:26] [INFO]     |  local epoch  : 1, acc 0.098
[2023-12-28 21:51:26] [INFO]     |  local epoch  : 2, acc 0.098
[2023-12-28 21:51:26] [INFO]     |  local epoch  : 3, acc 0.098
[2023-12-28 21:51:26] [INFO]     |  local epoch  : 4, acc 0.098
[2023-12-28 21:51:26] [INFO] |servers comunicated: 0, server aggregated: 0, acc_server 2: 0.098.
[2023-12-28 21:51:26] [INFO] --------------------------------------------------
[2023-12-28 21:51:26] [INFO]  |epoch_client_commu: 1/2
[2023-12-28 21:51:26] [INFO]   |server: 0
[2023-12-28 21:51:26] [INFO]    -client 0
[2023-12-28 21:51:26] [INFO]     |  local epoch  : 0, acc 0.096
[2023-12-28 21:51:26] [INFO]     |  local epoch  : 1, acc 0.096
[2023-12-28 21:51:26] [INFO]     |  local epoch  : 2, acc 0.096
[2023-12-28 21:51:26] [INFO]     |  local epoch  : 3, acc 0.096
[2023-12-28 21:51:26] [INFO]     |  local epoch  : 4, acc 0.096
[2023-12-28 21:51:26] [INFO]    -client 1
[2023-12-28 21:51:26] [INFO]     |  local epoch  : 0, acc 0.096
[2023-12-28 21:51:26] [INFO]     |  local epoch  : 1, acc 0.096
[2023-12-28 21:51:26] [INFO]     |  local epoch  : 2, acc 0.096
[2023-12-28 21:51:26] [INFO]     |  local epoch  : 3, acc 0.096
[2023-12-28 21:51:27] [INFO]     |  local epoch  : 4, acc 0.096
[2023-12-28 21:51:27] [INFO]    -client 2
[2023-12-28 21:51:27] [INFO]     |  local epoch  : 0, acc 0.096
[2023-12-28 21:51:27] [INFO]     |  local epoch  : 1, acc 0.096
[2023-12-28 21:51:27] [INFO]     |  local epoch  : 2, acc 0.096
[2023-12-28 21:51:27] [INFO]     |  local epoch  : 3, acc 0.096
[2023-12-28 21:51:27] [INFO]     |  local epoch  : 4, acc 0.096
[2023-12-28 21:51:27] [INFO] |servers comunicated: 0, server aggregated: 1, acc_server 0: 0.096.
[2023-12-28 21:51:27] [INFO] --------------------------------------------------
[2023-12-28 21:51:27] [INFO]   |server: 1
[2023-12-28 21:51:27] [INFO]    -client 3
[2023-12-28 21:51:27] [INFO]     |  local epoch  : 0, acc 0.098
[2023-12-28 21:51:27] [INFO]     |  local epoch  : 1, acc 0.098
[2023-12-28 21:51:27] [INFO]     |  local epoch  : 2, acc 0.098
[2023-12-28 21:51:27] [INFO]     |  local epoch  : 3, acc 0.098
[2023-12-28 21:51:27] [INFO]     |  local epoch  : 4, acc 0.098
[2023-12-28 21:51:27] [INFO]    -client 4
[2023-12-28 21:51:27] [INFO]     |  local epoch  : 0, acc 0.098
[2023-12-28 21:51:27] [INFO]     |  local epoch  : 1, acc 0.098
[2023-12-28 21:51:27] [INFO]     |  local epoch  : 2, acc 0.098
[2023-12-28 21:51:27] [INFO]     |  local epoch  : 3, acc 0.098
[2023-12-28 21:51:27] [INFO]     |  local epoch  : 4, acc 0.098
[2023-12-28 21:51:27] [INFO]    -client 5
[2023-12-28 21:51:27] [INFO]     |  local epoch  : 0, acc 0.098
[2023-12-28 21:51:27] [INFO]     |  local epoch  : 1, acc 0.098
[2023-12-28 21:51:27] [INFO]     |  local epoch  : 2, acc 0.098
[2023-12-28 21:51:28] [INFO]     |  local epoch  : 3, acc 0.098
[2023-12-28 21:51:28] [INFO]     |  local epoch  : 4, acc 0.098
[2023-12-28 21:51:28] [INFO] |servers comunicated: 0, server aggregated: 1, acc_server 1: 0.098.
[2023-12-28 21:51:28] [INFO] --------------------------------------------------
[2023-12-28 21:51:28] [INFO]   |server: 2
[2023-12-28 21:51:28] [INFO]    -client 6
[2023-12-28 21:51:28] [INFO]     |  local epoch  : 0, acc 0.098
[2023-12-28 21:51:28] [INFO]     |  local epoch  : 1, acc 0.098
[2023-12-28 21:51:28] [INFO]     |  local epoch  : 2, acc 0.098
[2023-12-28 21:51:28] [INFO]     |  local epoch  : 3, acc 0.098
[2023-12-28 21:51:28] [INFO]     |  local epoch  : 4, acc 0.098
[2023-12-28 21:51:28] [INFO]    -client 7
[2023-12-28 21:51:28] [INFO]     |  local epoch  : 0, acc 0.098
[2023-12-28 21:51:28] [INFO]     |  local epoch  : 1, acc 0.098
[2023-12-28 21:51:28] [INFO]     |  local epoch  : 2, acc 0.098
[2023-12-28 21:51:28] [INFO]     |  local epoch  : 3, acc 0.098
[2023-12-28 21:51:28] [INFO]     |  local epoch  : 4, acc 0.098
[2023-12-28 21:51:28] [INFO]    -client 8
[2023-12-28 21:51:28] [INFO]     |  local epoch  : 0, acc 0.098
[2023-12-28 21:51:28] [INFO]     |  local epoch  : 1, acc 0.098
[2023-12-28 21:51:28] [INFO]     |  local epoch  : 2, acc 0.098
[2023-12-28 21:51:28] [INFO]     |  local epoch  : 3, acc 0.098
[2023-12-28 21:51:28] [INFO]     |  local epoch  : 4, acc 0.098
[2023-12-28 21:51:28] [INFO] |servers comunicated: 0, server aggregated: 1, acc_server 2: 0.098.
[2023-12-28 21:51:28] [INFO] --------------------------------------------------
[2023-12-28 21:51:28] [INFO]      ********  servers comunicates  ********      
[2023-12-28 21:51:28] [INFO] --------------------------------------------------
[2023-12-28 21:51:28] [INFO] |epoch_server_commu: 1/6
[2023-12-28 21:51:28] [INFO]  |epoch_client_commu: 0/2
[2023-12-28 21:51:28] [INFO]   |server: 0
[2023-12-28 21:51:28] [INFO]    -client 0
[2023-12-28 21:51:28] [INFO]     |  local epoch  : 0, acc 0.096
[2023-12-28 21:51:29] [INFO]     |  local epoch  : 1, acc 0.096
[2023-12-28 21:51:29] [INFO]     |  local epoch  : 2, acc 0.096
[2023-12-28 21:51:29] [INFO]     |  local epoch  : 3, acc 0.096
[2023-12-28 21:51:29] [INFO]     |  local epoch  : 4, acc 0.096
[2023-12-28 21:51:29] [INFO]     | distill epoch : 0, acc 0.100
[2023-12-28 21:51:29] [INFO]     | distill epoch : 1, acc 0.122
[2023-12-28 21:51:29] [INFO]     | distill epoch : 2, acc 0.165
[2023-12-28 21:51:29] [INFO]     | distill epoch : 3, acc 0.206
[2023-12-28 21:51:29] [INFO]     | distill epoch : 4, acc 0.234
[2023-12-28 21:51:29] [INFO]    -client 1
[2023-12-28 21:51:29] [INFO]     |  local epoch  : 0, acc 0.096
[2023-12-28 21:51:29] [INFO]     |  local epoch  : 1, acc 0.096
[2023-12-28 21:51:29] [INFO]     |  local epoch  : 2, acc 0.096
[2023-12-28 21:51:29] [INFO]     |  local epoch  : 3, acc 0.096
[2023-12-28 21:51:29] [INFO]     |  local epoch  : 4, acc 0.097
[2023-12-28 21:51:29] [INFO]     | distill epoch : 0, acc 0.102
[2023-12-28 21:51:29] [INFO]     | distill epoch : 1, acc 0.130
[2023-12-28 21:51:30] [INFO]     | distill epoch : 2, acc 0.178
[2023-12-28 21:51:30] [INFO]     | distill epoch : 3, acc 0.216
[2023-12-28 21:51:30] [INFO]     | distill epoch : 4, acc 0.240
[2023-12-28 21:51:30] [INFO]    -client 2
[2023-12-28 21:51:30] [INFO]     |  local epoch  : 0, acc 0.096
[2023-12-28 21:51:30] [INFO]     |  local epoch  : 1, acc 0.096
[2023-12-28 21:51:30] [INFO]     |  local epoch  : 2, acc 0.096
[2023-12-28 21:51:30] [INFO]     |  local epoch  : 3, acc 0.096
[2023-12-28 21:51:30] [INFO]     |  local epoch  : 4, acc 0.096
[2023-12-28 21:51:30] [INFO]     | distill epoch : 0, acc 0.096
[2023-12-28 21:51:30] [INFO]     | distill epoch : 1, acc 0.097
[2023-12-28 21:51:30] [INFO]     | distill epoch : 2, acc 0.100
[2023-12-28 21:51:30] [INFO]     | distill epoch : 3, acc 0.128
[2023-12-28 21:51:30] [INFO]     | distill epoch : 4, acc 0.183
[2023-12-28 21:51:30] [INFO] |servers comunicated: 1, server aggregated: 0, acc_server 0: 0.216.
[2023-12-28 21:51:30] [INFO] --------------------------------------------------
[2023-12-28 21:51:30] [INFO]   |server: 1
[2023-12-28 21:51:30] [INFO]    -client 3
[2023-12-28 21:51:30] [INFO]     |  local epoch  : 0, acc 0.098
[2023-12-28 21:51:30] [INFO]     |  local epoch  : 1, acc 0.099
[2023-12-28 21:51:30] [INFO]     |  local epoch  : 2, acc 0.219
[2023-12-28 21:51:30] [INFO]     |  local epoch  : 3, acc 0.257
[2023-12-28 21:51:30] [INFO]     |  local epoch  : 4, acc 0.286
[2023-12-28 21:51:30] [INFO]     | distill epoch : 0, acc 0.330
[2023-12-28 21:51:30] [INFO]     | distill epoch : 1, acc 0.367
[2023-12-28 21:51:31] [INFO]     | distill epoch : 2, acc 0.370
[2023-12-28 21:51:31] [INFO]     | distill epoch : 3, acc 0.387
[2023-12-28 21:51:31] [INFO]     | distill epoch : 4, acc 0.375
[2023-12-28 21:51:31] [INFO]    -client 4
[2023-12-28 21:51:31] [INFO]     |  local epoch  : 0, acc 0.098
[2023-12-28 21:51:31] [INFO]     |  local epoch  : 1, acc 0.098
[2023-12-28 21:51:31] [INFO]     |  local epoch  : 2, acc 0.106
[2023-12-28 21:51:31] [INFO]     |  local epoch  : 3, acc 0.128
[2023-12-28 21:51:31] [INFO]     |  local epoch  : 4, acc 0.215
[2023-12-28 21:51:31] [INFO]     | distill epoch : 0, acc 0.261
[2023-12-28 21:51:31] [INFO]     | distill epoch : 1, acc 0.291
[2023-12-28 21:51:31] [INFO]     | distill epoch : 2, acc 0.273
[2023-12-28 21:51:31] [INFO]     | distill epoch : 3, acc 0.274
[2023-12-28 21:51:31] [INFO]     | distill epoch : 4, acc 0.255
[2023-12-28 21:51:31] [INFO]    -client 5
[2023-12-28 21:51:31] [INFO]     |  local epoch  : 0, acc 0.098
[2023-12-28 21:51:31] [INFO]     |  local epoch  : 1, acc 0.098
[2023-12-28 21:51:31] [INFO]     |  local epoch  : 2, acc 0.161
[2023-12-28 21:51:31] [INFO]     |  local epoch  : 3, acc 0.206
[2023-12-28 21:51:31] [INFO]     |  local epoch  : 4, acc 0.231
[2023-12-28 21:51:31] [INFO]     | distill epoch : 0, acc 0.262
[2023-12-28 21:51:31] [INFO]     | distill epoch : 1, acc 0.281
[2023-12-28 21:51:31] [INFO]     | distill epoch : 2, acc 0.293
[2023-12-28 21:51:32] [INFO]     | distill epoch : 3, acc 0.302
[2023-12-28 21:51:32] [INFO]     | distill epoch : 4, acc 0.315
[2023-12-28 21:51:32] [INFO] |servers comunicated: 1, server aggregated: 0, acc_server 1: 0.317.
[2023-12-28 21:51:32] [INFO] --------------------------------------------------
[2023-12-28 21:51:32] [INFO]   |server: 2
[2023-12-28 21:51:32] [INFO]    -client 6
[2023-12-28 21:51:32] [INFO]     |  local epoch  : 0, acc 0.098
[2023-12-28 21:51:32] [INFO]     |  local epoch  : 1, acc 0.098
[2023-12-28 21:51:32] [INFO]     |  local epoch  : 2, acc 0.098
[2023-12-28 21:51:32] [INFO]     |  local epoch  : 3, acc 0.098
[2023-12-28 21:51:32] [INFO]     |  local epoch  : 4, acc 0.119
[2023-12-28 21:51:32] [INFO]     | distill epoch : 0, acc 0.161
[2023-12-28 21:51:32] [INFO]     | distill epoch : 1, acc 0.218
[2023-12-28 21:51:32] [INFO]     | distill epoch : 2, acc 0.279
[2023-12-28 21:51:32] [INFO]     | distill epoch : 3, acc 0.342
[2023-12-28 21:51:32] [INFO]     | distill epoch : 4, acc 0.419
[2023-12-28 21:51:32] [INFO]    -client 7
[2023-12-28 21:51:32] [INFO]     |  local epoch  : 0, acc 0.098
[2023-12-28 21:51:32] [INFO]     |  local epoch  : 1, acc 0.098
[2023-12-28 21:51:32] [INFO]     |  local epoch  : 2, acc 0.098
[2023-12-28 21:51:32] [INFO]     |  local epoch  : 3, acc 0.098
[2023-12-28 21:51:32] [INFO]     |  local epoch  : 4, acc 0.102
[2023-12-28 21:51:32] [INFO]     | distill epoch : 0, acc 0.117
[2023-12-28 21:51:32] [INFO]     | distill epoch : 1, acc 0.151
[2023-12-28 21:51:33] [INFO]     | distill epoch : 2, acc 0.210
[2023-12-28 21:51:33] [INFO]     | distill epoch : 3, acc 0.268
[2023-12-28 21:51:33] [INFO]     | distill epoch : 4, acc 0.273
[2023-12-28 21:51:33] [INFO]    -client 8
[2023-12-28 21:51:33] [INFO]     |  local epoch  : 0, acc 0.098
[2023-12-28 21:51:33] [INFO]     |  local epoch  : 1, acc 0.098
[2023-12-28 21:51:33] [INFO]     |  local epoch  : 2, acc 0.098
[2023-12-28 21:51:33] [INFO]     |  local epoch  : 3, acc 0.098
[2023-12-28 21:51:33] [INFO]     |  local epoch  : 4, acc 0.099
[2023-12-28 21:51:33] [INFO]     | distill epoch : 0, acc 0.108
[2023-12-28 21:51:33] [INFO]     | distill epoch : 1, acc 0.134
[2023-12-28 21:51:33] [INFO]     | distill epoch : 2, acc 0.177
[2023-12-28 21:51:33] [INFO]     | distill epoch : 3, acc 0.200
[2023-12-28 21:51:33] [INFO]     | distill epoch : 4, acc 0.216
[2023-12-28 21:51:33] [INFO] |servers comunicated: 1, server aggregated: 0, acc_server 2: 0.286.
[2023-12-28 21:51:33] [INFO] --------------------------------------------------
[2023-12-28 21:51:33] [INFO]  |epoch_client_commu: 1/2
[2023-12-28 21:51:33] [INFO]   |server: 0
[2023-12-28 21:51:33] [INFO]    -client 0
[2023-12-28 21:51:33] [INFO]     |  local epoch  : 0, acc 0.096
[2023-12-28 21:51:33] [INFO]     |  local epoch  : 1, acc 0.123
[2023-12-28 21:51:33] [INFO]     |  local epoch  : 2, acc 0.174
[2023-12-28 21:51:33] [INFO]     |  local epoch  : 3, acc 0.229
[2023-12-28 21:51:33] [INFO]     |  local epoch  : 4, acc 0.287
[2023-12-28 21:51:33] [INFO]     | distill epoch : 0, acc 0.312
[2023-12-28 21:51:33] [INFO]     | distill epoch : 1, acc 0.329
[2023-12-28 21:51:34] [INFO]     | distill epoch : 2, acc 0.346
[2023-12-28 21:51:34] [INFO]     | distill epoch : 3, acc 0.368
[2023-12-28 21:51:34] [INFO]     | distill epoch : 4, acc 0.392
[2023-12-28 21:51:34] [INFO]    -client 1
[2023-12-28 21:51:34] [INFO]     |  local epoch  : 0, acc 0.096
[2023-12-28 21:51:34] [INFO]     |  local epoch  : 1, acc 0.108
[2023-12-28 21:51:34] [INFO]     |  local epoch  : 2, acc 0.145
[2023-12-28 21:51:34] [INFO]     |  local epoch  : 3, acc 0.201
[2023-12-28 21:51:34] [INFO]     |  local epoch  : 4, acc 0.244
[2023-12-28 21:51:34] [INFO]     | distill epoch : 0, acc 0.291
[2023-12-28 21:51:34] [INFO]     | distill epoch : 1, acc 0.346
[2023-12-28 21:51:34] [INFO]     | distill epoch : 2, acc 0.403
[2023-12-28 21:51:34] [INFO]     | distill epoch : 3, acc 0.456
[2023-12-28 21:51:34] [INFO]     | distill epoch : 4, acc 0.469
[2023-12-28 21:51:34] [INFO]    -client 2
[2023-12-28 21:51:34] [INFO]     |  local epoch  : 0, acc 0.096
[2023-12-28 21:51:34] [INFO]     |  local epoch  : 1, acc 0.104
[2023-12-28 21:51:34] [INFO]     |  local epoch  : 2, acc 0.147
[2023-12-28 21:51:34] [INFO]     |  local epoch  : 3, acc 0.208
[2023-12-28 21:51:34] [INFO]     |  local epoch  : 4, acc 0.275
[2023-12-28 21:51:34] [INFO]     | distill epoch : 0, acc 0.308
[2023-12-28 21:51:34] [INFO]     | distill epoch : 1, acc 0.344
[2023-12-28 21:51:34] [INFO]     | distill epoch : 2, acc 0.390
[2023-12-28 21:51:35] [INFO]     | distill epoch : 3, acc 0.407
[2023-12-28 21:51:35] [INFO]     | distill epoch : 4, acc 0.409
[2023-12-28 21:51:35] [INFO] |servers comunicated: 1, server aggregated: 1, acc_server 0: 0.406.
[2023-12-28 21:51:35] [INFO] --------------------------------------------------
[2023-12-28 21:51:35] [INFO]   |server: 1
[2023-12-28 21:51:35] [INFO]    -client 3
[2023-12-28 21:51:35] [INFO]     |  local epoch  : 0, acc 0.234
[2023-12-28 21:51:35] [INFO]     |  local epoch  : 1, acc 0.382
[2023-12-28 21:51:35] [INFO]     |  local epoch  : 2, acc 0.412
[2023-12-28 21:51:35] [INFO]     |  local epoch  : 3, acc 0.462
[2023-12-28 21:51:35] [INFO]     |  local epoch  : 4, acc 0.471
[2023-12-28 21:51:35] [INFO]     | distill epoch : 0, acc 0.514
[2023-12-28 21:51:35] [INFO]     | distill epoch : 1, acc 0.510
[2023-12-28 21:51:35] [INFO]     | distill epoch : 2, acc 0.511
[2023-12-28 21:51:35] [INFO]     | distill epoch : 3, acc 0.535
[2023-12-28 21:51:35] [INFO]     | distill epoch : 4, acc 0.541
[2023-12-28 21:51:35] [INFO]    -client 4
[2023-12-28 21:51:35] [INFO]     |  local epoch  : 0, acc 0.233
[2023-12-28 21:51:35] [INFO]     |  local epoch  : 1, acc 0.384
[2023-12-28 21:51:35] [INFO]     |  local epoch  : 2, acc 0.407
[2023-12-28 21:51:35] [INFO]     |  local epoch  : 3, acc 0.439
[2023-12-28 21:51:35] [INFO]     |  local epoch  : 4, acc 0.518
[2023-12-28 21:51:35] [INFO]     | distill epoch : 0, acc 0.565
[2023-12-28 21:51:35] [INFO]     | distill epoch : 1, acc 0.545
[2023-12-28 21:51:35] [INFO]     | distill epoch : 2, acc 0.541
[2023-12-28 21:51:36] [INFO]     | distill epoch : 3, acc 0.556
[2023-12-28 21:51:36] [INFO]     | distill epoch : 4, acc 0.563
[2023-12-28 21:51:36] [INFO]    -client 5
[2023-12-28 21:51:36] [INFO]     |  local epoch  : 0, acc 0.238
[2023-12-28 21:51:36] [INFO]     |  local epoch  : 1, acc 0.359
[2023-12-28 21:51:36] [INFO]     |  local epoch  : 2, acc 0.389
[2023-12-28 21:51:36] [INFO]     |  local epoch  : 3, acc 0.485
[2023-12-28 21:51:36] [INFO]     |  local epoch  : 4, acc 0.519
[2023-12-28 21:51:36] [INFO]     | distill epoch : 0, acc 0.505
[2023-12-28 21:51:36] [INFO]     | distill epoch : 1, acc 0.525
[2023-12-28 21:51:36] [INFO]     | distill epoch : 2, acc 0.540
[2023-12-28 21:51:36] [INFO]     | distill epoch : 3, acc 0.556
[2023-12-28 21:51:36] [INFO]     | distill epoch : 4, acc 0.569
[2023-12-28 21:51:36] [INFO] |servers comunicated: 1, server aggregated: 1, acc_server 1: 0.559.
[2023-12-28 21:51:36] [INFO] --------------------------------------------------
[2023-12-28 21:51:36] [INFO]   |server: 2
[2023-12-28 21:51:36] [INFO]    -client 6
[2023-12-28 21:51:36] [INFO]     |  local epoch  : 0, acc 0.107
[2023-12-28 21:51:36] [INFO]     |  local epoch  : 1, acc 0.204
[2023-12-28 21:51:36] [INFO]     |  local epoch  : 2, acc 0.234
[2023-12-28 21:51:36] [INFO]     |  local epoch  : 3, acc 0.250
[2023-12-28 21:51:36] [INFO]     |  local epoch  : 4, acc 0.305
[2023-12-28 21:51:36] [INFO]     | distill epoch : 0, acc 0.355
[2023-12-28 21:51:36] [INFO]     | distill epoch : 1, acc 0.394
[2023-12-28 21:51:36] [INFO]     | distill epoch : 2, acc 0.418
[2023-12-28 21:51:37] [INFO]     | distill epoch : 3, acc 0.428
[2023-12-28 21:51:37] [INFO]     | distill epoch : 4, acc 0.397
[2023-12-28 21:51:37] [INFO]    -client 7
[2023-12-28 21:51:37] [INFO]     |  local epoch  : 0, acc 0.107
[2023-12-28 21:51:37] [INFO]     |  local epoch  : 1, acc 0.225
[2023-12-28 21:51:37] [INFO]     |  local epoch  : 2, acc 0.253
[2023-12-28 21:51:37] [INFO]     |  local epoch  : 3, acc 0.302
[2023-12-28 21:51:37] [INFO]     |  local epoch  : 4, acc 0.344
[2023-12-28 21:51:37] [INFO]     | distill epoch : 0, acc 0.356
[2023-12-28 21:51:37] [INFO]     | distill epoch : 1, acc 0.334
[2023-12-28 21:51:37] [INFO]     | distill epoch : 2, acc 0.331
[2023-12-28 21:51:37] [INFO]     | distill epoch : 3, acc 0.352
[2023-12-28 21:51:37] [INFO]     | distill epoch : 4, acc 0.373
[2023-12-28 21:51:37] [INFO]    -client 8
[2023-12-28 21:51:37] [INFO]     |  local epoch  : 0, acc 0.106
[2023-12-28 21:51:37] [INFO]     |  local epoch  : 1, acc 0.148
[2023-12-28 21:51:37] [INFO]     |  local epoch  : 2, acc 0.226
[2023-12-28 21:51:37] [INFO]     |  local epoch  : 3, acc 0.261
[2023-12-28 21:51:37] [INFO]     |  local epoch  : 4, acc 0.285
[2023-12-28 21:51:37] [INFO]     | distill epoch : 0, acc 0.327
[2023-12-28 21:51:37] [INFO]     | distill epoch : 1, acc 0.347
[2023-12-28 21:51:37] [INFO]     | distill epoch : 2, acc 0.338
[2023-12-28 21:51:38] [INFO]     | distill epoch : 3, acc 0.352
[2023-12-28 21:51:38] [INFO]     | distill epoch : 4, acc 0.377
[2023-12-28 21:51:38] [INFO] |servers comunicated: 1, server aggregated: 1, acc_server 2: 0.368.
[2023-12-28 21:51:38] [INFO] --------------------------------------------------
[2023-12-28 21:51:38] [INFO]      ********  servers comunicates  ********      
[2023-12-28 21:51:38] [INFO] --------------------------------------------------
[2023-12-28 21:51:38] [INFO] |epoch_server_commu: 2/6
[2023-12-28 21:51:38] [INFO]  |epoch_client_commu: 0/2
[2023-12-28 21:51:38] [INFO]   |server: 0
[2023-12-28 21:51:38] [INFO]    -client 0
[2023-12-28 21:51:38] [INFO]     |  local epoch  : 0, acc 0.246
[2023-12-28 21:51:38] [INFO]     |  local epoch  : 1, acc 0.387
[2023-12-28 21:51:38] [INFO]     |  local epoch  : 2, acc 0.401
[2023-12-28 21:51:38] [INFO]     |  local epoch  : 3, acc 0.496
[2023-12-28 21:51:38] [INFO]     |  local epoch  : 4, acc 0.574
[2023-12-28 21:51:38] [INFO]     | distill epoch : 0, acc 0.598
[2023-12-28 21:51:38] [INFO]     | distill epoch : 1, acc 0.588
[2023-12-28 21:51:38] [INFO]     | distill epoch : 2, acc 0.604
[2023-12-28 21:51:38] [INFO]     | distill epoch : 3, acc 0.619
[2023-12-28 21:51:38] [INFO]     | distill epoch : 4, acc 0.636
[2023-12-28 21:51:38] [INFO]    -client 1
[2023-12-28 21:51:38] [INFO]     |  local epoch  : 0, acc 0.256
[2023-12-28 21:51:38] [INFO]     |  local epoch  : 1, acc 0.386
[2023-12-28 21:51:38] [INFO]     |  local epoch  : 2, acc 0.398
[2023-12-28 21:51:38] [INFO]     |  local epoch  : 3, acc 0.453
[2023-12-28 21:51:38] [INFO]     |  local epoch  : 4, acc 0.518
[2023-12-28 21:51:38] [INFO]     | distill epoch : 0, acc 0.577
[2023-12-28 21:51:38] [INFO]     | distill epoch : 1, acc 0.598
[2023-12-28 21:51:39] [INFO]     | distill epoch : 2, acc 0.616
[2023-12-28 21:51:39] [INFO]     | distill epoch : 3, acc 0.631
[2023-12-28 21:51:39] [INFO]     | distill epoch : 4, acc 0.638
[2023-12-28 21:51:39] [INFO]    -client 2
[2023-12-28 21:51:39] [INFO]     |  local epoch  : 0, acc 0.249
[2023-12-28 21:51:39] [INFO]     |  local epoch  : 1, acc 0.411
[2023-12-28 21:51:39] [INFO]     |  local epoch  : 2, acc 0.470
[2023-12-28 21:51:39] [INFO]     |  local epoch  : 3, acc 0.532
[2023-12-28 21:51:39] [INFO]     |  local epoch  : 4, acc 0.528
[2023-12-28 21:51:39] [INFO]     | distill epoch : 0, acc 0.601
[2023-12-28 21:51:39] [INFO]     | distill epoch : 1, acc 0.613
[2023-12-28 21:51:39] [INFO]     | distill epoch : 2, acc 0.617
[2023-12-28 21:51:39] [INFO]     | distill epoch : 3, acc 0.631
[2023-12-28 21:51:39] [INFO]     | distill epoch : 4, acc 0.640
[2023-12-28 21:51:39] [INFO] |servers comunicated: 2, server aggregated: 0, acc_server 0: 0.646.
[2023-12-28 21:51:39] [INFO] --------------------------------------------------
[2023-12-28 21:51:39] [INFO]   |server: 1
[2023-12-28 21:51:39] [INFO]    -client 3
[2023-12-28 21:51:39] [INFO]     |  local epoch  : 0, acc 0.470
[2023-12-28 21:51:39] [INFO]     |  local epoch  : 1, acc 0.619
[2023-12-28 21:51:39] [INFO]     |  local epoch  : 2, acc 0.636
[2023-12-28 21:51:39] [INFO]     |  local epoch  : 3, acc 0.667
[2023-12-28 21:51:39] [INFO]     |  local epoch  : 4, acc 0.700
[2023-12-28 21:51:39] [INFO]     | distill epoch : 0, acc 0.718
[2023-12-28 21:51:39] [INFO]     | distill epoch : 1, acc 0.736
[2023-12-28 21:51:40] [INFO]     | distill epoch : 2, acc 0.740
[2023-12-28 21:51:40] [INFO]     | distill epoch : 3, acc 0.744
[2023-12-28 21:51:40] [INFO]     | distill epoch : 4, acc 0.747
[2023-12-28 21:51:40] [INFO]    -client 4
[2023-12-28 21:51:40] [INFO]     |  local epoch  : 0, acc 0.550
[2023-12-28 21:51:40] [INFO]     |  local epoch  : 1, acc 0.649
[2023-12-28 21:51:40] [INFO]     |  local epoch  : 2, acc 0.683
[2023-12-28 21:51:40] [INFO]     |  local epoch  : 3, acc 0.666
[2023-12-28 21:51:40] [INFO]     |  local epoch  : 4, acc 0.704
[2023-12-28 21:51:40] [INFO]     | distill epoch : 0, acc 0.748
[2023-12-28 21:51:40] [INFO]     | distill epoch : 1, acc 0.741
[2023-12-28 21:51:40] [INFO]     | distill epoch : 2, acc 0.764
[2023-12-28 21:51:40] [INFO]     | distill epoch : 3, acc 0.737
[2023-12-28 21:51:40] [INFO]     | distill epoch : 4, acc 0.768
[2023-12-28 21:51:40] [INFO]    -client 5
[2023-12-28 21:51:40] [INFO]     |  local epoch  : 0, acc 0.558
[2023-12-28 21:51:40] [INFO]     |  local epoch  : 1, acc 0.643
[2023-12-28 21:51:40] [INFO]     |  local epoch  : 2, acc 0.678
[2023-12-28 21:51:40] [INFO]     |  local epoch  : 3, acc 0.720
[2023-12-28 21:51:40] [INFO]     |  local epoch  : 4, acc 0.644
[2023-12-28 21:51:40] [INFO]     | distill epoch : 0, acc 0.723
[2023-12-28 21:51:40] [INFO]     | distill epoch : 1, acc 0.742
[2023-12-28 21:51:40] [INFO]     | distill epoch : 2, acc 0.754
[2023-12-28 21:51:41] [INFO]     | distill epoch : 3, acc 0.762
[2023-12-28 21:51:41] [INFO]     | distill epoch : 4, acc 0.742
[2023-12-28 21:51:41] [INFO] |servers comunicated: 2, server aggregated: 0, acc_server 1: 0.763.
[2023-12-28 21:51:41] [INFO] --------------------------------------------------
[2023-12-28 21:51:41] [INFO]   |server: 2
[2023-12-28 21:51:41] [INFO]    -client 6
[2023-12-28 21:51:41] [INFO]     |  local epoch  : 0, acc 0.309
[2023-12-28 21:51:41] [INFO]     |  local epoch  : 1, acc 0.452
[2023-12-28 21:51:41] [INFO]     |  local epoch  : 2, acc 0.461
[2023-12-28 21:51:41] [INFO]     |  local epoch  : 3, acc 0.475
[2023-12-28 21:51:41] [INFO]     |  local epoch  : 4, acc 0.495
[2023-12-28 21:51:41] [INFO]     | distill epoch : 0, acc 0.549
[2023-12-28 21:51:41] [INFO]     | distill epoch : 1, acc 0.594
[2023-12-28 21:51:41] [INFO]     | distill epoch : 2, acc 0.622
[2023-12-28 21:51:41] [INFO]     | distill epoch : 3, acc 0.604
[2023-12-28 21:51:41] [INFO]     | distill epoch : 4, acc 0.589
[2023-12-28 21:51:41] [INFO]    -client 7
[2023-12-28 21:51:41] [INFO]     |  local epoch  : 0, acc 0.266
[2023-12-28 21:51:41] [INFO]     |  local epoch  : 1, acc 0.445
[2023-12-28 21:51:41] [INFO]     |  local epoch  : 2, acc 0.510
[2023-12-28 21:51:41] [INFO]     |  local epoch  : 3, acc 0.566
[2023-12-28 21:51:41] [INFO]     |  local epoch  : 4, acc 0.568
[2023-12-28 21:51:41] [INFO]     | distill epoch : 0, acc 0.564
[2023-12-28 21:51:41] [INFO]     | distill epoch : 1, acc 0.501
[2023-12-28 21:51:41] [INFO]     | distill epoch : 2, acc 0.521
[2023-12-28 21:51:42] [INFO]     | distill epoch : 3, acc 0.539
[2023-12-28 21:51:42] [INFO]     | distill epoch : 4, acc 0.553
[2023-12-28 21:51:42] [INFO]    -client 8
[2023-12-28 21:51:42] [INFO]     |  local epoch  : 0, acc 0.258
[2023-12-28 21:51:42] [INFO]     |  local epoch  : 1, acc 0.374
[2023-12-28 21:51:42] [INFO]     |  local epoch  : 2, acc 0.403
[2023-12-28 21:51:42] [INFO]     |  local epoch  : 3, acc 0.428
[2023-12-28 21:51:42] [INFO]     |  local epoch  : 4, acc 0.490
[2023-12-28 21:51:42] [INFO]     | distill epoch : 0, acc 0.504
[2023-12-28 21:51:42] [INFO]     | distill epoch : 1, acc 0.473
[2023-12-28 21:51:42] [INFO]     | distill epoch : 2, acc 0.467
[2023-12-28 21:51:42] [INFO]     | distill epoch : 3, acc 0.487
[2023-12-28 21:51:42] [INFO]     | distill epoch : 4, acc 0.516
[2023-12-28 21:51:42] [INFO] |servers comunicated: 2, server aggregated: 0, acc_server 2: 0.563.
[2023-12-28 21:51:42] [INFO] --------------------------------------------------
[2023-12-28 21:51:42] [INFO]  |epoch_client_commu: 1/2
[2023-12-28 21:51:42] [INFO]   |server: 0
[2023-12-28 21:51:42] [INFO]    -client 0
[2023-12-28 21:51:42] [INFO]     |  local epoch  : 0, acc 0.494
[2023-12-28 21:51:42] [INFO]     |  local epoch  : 1, acc 0.695
[2023-12-28 21:51:42] [INFO]     |  local epoch  : 2, acc 0.696
[2023-12-28 21:51:42] [INFO]     |  local epoch  : 3, acc 0.699
[2023-12-28 21:51:42] [INFO]     |  local epoch  : 4, acc 0.727
[2023-12-28 21:51:42] [INFO]     | distill epoch : 0, acc 0.749
[2023-12-28 21:51:42] [INFO]     | distill epoch : 1, acc 0.738
[2023-12-28 21:51:43] [INFO]     | distill epoch : 2, acc 0.748
[2023-12-28 21:51:43] [INFO]     | distill epoch : 3, acc 0.735
[2023-12-28 21:51:43] [INFO]     | distill epoch : 4, acc 0.756
[2023-12-28 21:51:43] [INFO]    -client 1
[2023-12-28 21:51:43] [INFO]     |  local epoch  : 0, acc 0.516
[2023-12-28 21:51:43] [INFO]     |  local epoch  : 1, acc 0.671
[2023-12-28 21:51:43] [INFO]     |  local epoch  : 2, acc 0.666
[2023-12-28 21:51:43] [INFO]     |  local epoch  : 3, acc 0.723
[2023-12-28 21:51:43] [INFO]     |  local epoch  : 4, acc 0.725
[2023-12-28 21:51:43] [INFO]     | distill epoch : 0, acc 0.747
[2023-12-28 21:51:43] [INFO]     | distill epoch : 1, acc 0.729
[2023-12-28 21:51:43] [INFO]     | distill epoch : 2, acc 0.751
[2023-12-28 21:51:43] [INFO]     | distill epoch : 3, acc 0.740
[2023-12-28 21:51:43] [INFO]     | distill epoch : 4, acc 0.760
[2023-12-28 21:51:43] [INFO]    -client 2
[2023-12-28 21:51:43] [INFO]     |  local epoch  : 0, acc 0.539
[2023-12-28 21:51:43] [INFO]     |  local epoch  : 1, acc 0.691
[2023-12-28 21:51:43] [INFO]     |  local epoch  : 2, acc 0.674
[2023-12-28 21:51:43] [INFO]     |  local epoch  : 3, acc 0.730
[2023-12-28 21:51:43] [INFO]     |  local epoch  : 4, acc 0.730
[2023-12-28 21:51:43] [INFO]     | distill epoch : 0, acc 0.756
[2023-12-28 21:51:43] [INFO]     | distill epoch : 1, acc 0.749
[2023-12-28 21:51:43] [INFO]     | distill epoch : 2, acc 0.764
[2023-12-28 21:51:44] [INFO]     | distill epoch : 3, acc 0.754
[2023-12-28 21:51:44] [INFO]     | distill epoch : 4, acc 0.772
[2023-12-28 21:51:44] [INFO] |servers comunicated: 2, server aggregated: 1, acc_server 0: 0.766.
[2023-12-28 21:51:44] [INFO] --------------------------------------------------
[2023-12-28 21:51:44] [INFO]   |server: 1
[2023-12-28 21:51:44] [INFO]    -client 3
[2023-12-28 21:51:44] [INFO]     |  local epoch  : 0, acc 0.647
[2023-12-28 21:51:44] [INFO]     |  local epoch  : 1, acc 0.769
[2023-12-28 21:51:44] [INFO]     |  local epoch  : 2, acc 0.768
[2023-12-28 21:51:44] [INFO]     |  local epoch  : 3, acc 0.788
[2023-12-28 21:51:44] [INFO]     |  local epoch  : 4, acc 0.802
[2023-12-28 21:51:44] [INFO]     | distill epoch : 0, acc 0.805
[2023-12-28 21:51:44] [INFO]     | distill epoch : 1, acc 0.796
[2023-12-28 21:51:44] [INFO]     | distill epoch : 2, acc 0.787
[2023-12-28 21:51:44] [INFO]     | distill epoch : 3, acc 0.809
[2023-12-28 21:51:44] [INFO]     | distill epoch : 4, acc 0.778
[2023-12-28 21:51:44] [INFO]    -client 4
[2023-12-28 21:51:44] [INFO]     |  local epoch  : 0, acc 0.708
[2023-12-28 21:51:44] [INFO]     |  local epoch  : 1, acc 0.760
[2023-12-28 21:51:44] [INFO]     |  local epoch  : 2, acc 0.763
[2023-12-28 21:51:44] [INFO]     |  local epoch  : 3, acc 0.800
[2023-12-28 21:51:44] [INFO]     |  local epoch  : 4, acc 0.778
[2023-12-28 21:51:44] [INFO]     | distill epoch : 0, acc 0.806
[2023-12-28 21:51:44] [INFO]     | distill epoch : 1, acc 0.808
[2023-12-28 21:51:44] [INFO]     | distill epoch : 2, acc 0.778
[2023-12-28 21:51:45] [INFO]     | distill epoch : 3, acc 0.807
[2023-12-28 21:51:45] [INFO]     | distill epoch : 4, acc 0.775
[2023-12-28 21:51:45] [INFO]    -client 5
[2023-12-28 21:51:45] [INFO]     |  local epoch  : 0, acc 0.684
[2023-12-28 21:51:45] [INFO]     |  local epoch  : 1, acc 0.764
[2023-12-28 21:51:45] [INFO]     |  local epoch  : 2, acc 0.776
[2023-12-28 21:51:45] [INFO]     |  local epoch  : 3, acc 0.791
[2023-12-28 21:51:45] [INFO]     |  local epoch  : 4, acc 0.784
[2023-12-28 21:51:45] [INFO]     | distill epoch : 0, acc 0.810
[2023-12-28 21:51:45] [INFO]     | distill epoch : 1, acc 0.798
[2023-12-28 21:51:45] [INFO]     | distill epoch : 2, acc 0.797
[2023-12-28 21:51:45] [INFO]     | distill epoch : 3, acc 0.792
[2023-12-28 21:51:45] [INFO]     | distill epoch : 4, acc 0.780
[2023-12-28 21:51:45] [INFO] |servers comunicated: 2, server aggregated: 1, acc_server 1: 0.781.
[2023-12-28 21:51:45] [INFO] --------------------------------------------------
[2023-12-28 21:51:45] [INFO]   |server: 2
[2023-12-28 21:51:45] [INFO]    -client 6
[2023-12-28 21:51:45] [INFO]     |  local epoch  : 0, acc 0.515
[2023-12-28 21:51:45] [INFO]     |  local epoch  : 1, acc 0.649
[2023-12-28 21:51:45] [INFO]     |  local epoch  : 2, acc 0.654
[2023-12-28 21:51:45] [INFO]     |  local epoch  : 3, acc 0.658
[2023-12-28 21:51:45] [INFO]     |  local epoch  : 4, acc 0.692
[2023-12-28 21:51:45] [INFO]     | distill epoch : 0, acc 0.723
[2023-12-28 21:51:45] [INFO]     | distill epoch : 1, acc 0.726
[2023-12-28 21:51:45] [INFO]     | distill epoch : 2, acc 0.730
[2023-12-28 21:51:46] [INFO]     | distill epoch : 3, acc 0.727
[2023-12-28 21:51:46] [INFO]     | distill epoch : 4, acc 0.727
[2023-12-28 21:51:46] [INFO]    -client 7
[2023-12-28 21:51:46] [INFO]     |  local epoch  : 0, acc 0.470
[2023-12-28 21:51:46] [INFO]     |  local epoch  : 1, acc 0.646
[2023-12-28 21:51:46] [INFO]     |  local epoch  : 2, acc 0.626
[2023-12-28 21:51:46] [INFO]     |  local epoch  : 3, acc 0.644
[2023-12-28 21:51:46] [INFO]     |  local epoch  : 4, acc 0.664
[2023-12-28 21:51:46] [INFO]     | distill epoch : 0, acc 0.679
[2023-12-28 21:51:46] [INFO]     | distill epoch : 1, acc 0.690
[2023-12-28 21:51:46] [INFO]     | distill epoch : 2, acc 0.703
[2023-12-28 21:51:46] [INFO]     | distill epoch : 3, acc 0.706
[2023-12-28 21:51:46] [INFO]     | distill epoch : 4, acc 0.722
[2023-12-28 21:51:46] [INFO]    -client 8
[2023-12-28 21:51:46] [INFO]     |  local epoch  : 0, acc 0.437
[2023-12-28 21:51:46] [INFO]     |  local epoch  : 1, acc 0.597
[2023-12-28 21:51:46] [INFO]     |  local epoch  : 2, acc 0.533
[2023-12-28 21:51:46] [INFO]     |  local epoch  : 3, acc 0.595
[2023-12-28 21:51:46] [INFO]     |  local epoch  : 4, acc 0.615
[2023-12-28 21:51:46] [INFO]     | distill epoch : 0, acc 0.657
[2023-12-28 21:51:46] [INFO]     | distill epoch : 1, acc 0.658
[2023-12-28 21:51:46] [INFO]     | distill epoch : 2, acc 0.688
[2023-12-28 21:51:47] [INFO]     | distill epoch : 3, acc 0.690
[2023-12-28 21:51:47] [INFO]     | distill epoch : 4, acc 0.705
[2023-12-28 21:51:47] [INFO] |servers comunicated: 2, server aggregated: 1, acc_server 2: 0.723.
[2023-12-28 21:51:47] [INFO] --------------------------------------------------
[2023-12-28 21:51:47] [INFO]      ********  servers comunicates  ********      
[2023-12-28 21:51:47] [INFO] --------------------------------------------------
[2023-12-28 21:51:47] [INFO] |epoch_server_commu: 3/6
[2023-12-28 21:51:47] [INFO]  |epoch_client_commu: 0/2
[2023-12-28 21:51:47] [INFO]   |server: 0
[2023-12-28 21:51:47] [INFO]    -client 0
[2023-12-28 21:51:47] [INFO]     |  local epoch  : 0, acc 0.625
[2023-12-28 21:51:47] [INFO]     |  local epoch  : 1, acc 0.774
[2023-12-28 21:51:47] [INFO]     |  local epoch  : 2, acc 0.754
[2023-12-28 21:51:47] [INFO]     |  local epoch  : 3, acc 0.743
[2023-12-28 21:51:47] [INFO]     |  local epoch  : 4, acc 0.786
[2023-12-28 21:51:47] [INFO]     | distill epoch : 0, acc 0.791
[2023-12-28 21:51:47] [INFO]     | distill epoch : 1, acc 0.782
[2023-12-28 21:51:47] [INFO]     | distill epoch : 2, acc 0.795
[2023-12-28 21:51:47] [INFO]     | distill epoch : 3, acc 0.774
[2023-12-28 21:51:47] [INFO]     | distill epoch : 4, acc 0.795
[2023-12-28 21:51:47] [INFO]    -client 1
[2023-12-28 21:51:47] [INFO]     |  local epoch  : 0, acc 0.644
[2023-12-28 21:51:47] [INFO]     |  local epoch  : 1, acc 0.767
[2023-12-28 21:51:47] [INFO]     |  local epoch  : 2, acc 0.778
[2023-12-28 21:51:47] [INFO]     |  local epoch  : 3, acc 0.783
[2023-12-28 21:51:47] [INFO]     |  local epoch  : 4, acc 0.787
[2023-12-28 21:51:47] [INFO]     | distill epoch : 0, acc 0.791
[2023-12-28 21:51:47] [INFO]     | distill epoch : 1, acc 0.786
[2023-12-28 21:51:47] [INFO]     | distill epoch : 2, acc 0.795
[2023-12-28 21:51:48] [INFO]     | distill epoch : 3, acc 0.785
[2023-12-28 21:51:48] [INFO]     | distill epoch : 4, acc 0.795
[2023-12-28 21:51:48] [INFO]    -client 2
[2023-12-28 21:51:48] [INFO]     |  local epoch  : 0, acc 0.656
[2023-12-28 21:51:48] [INFO]     |  local epoch  : 1, acc 0.764
[2023-12-28 21:51:48] [INFO]     |  local epoch  : 2, acc 0.772
[2023-12-28 21:51:48] [INFO]     |  local epoch  : 3, acc 0.773
[2023-12-28 21:51:48] [INFO]     |  local epoch  : 4, acc 0.779
[2023-12-28 21:51:48] [INFO]     | distill epoch : 0, acc 0.793
[2023-12-28 21:51:48] [INFO]     | distill epoch : 1, acc 0.796
[2023-12-28 21:51:48] [INFO]     | distill epoch : 2, acc 0.802
[2023-12-28 21:51:48] [INFO]     | distill epoch : 3, acc 0.790
[2023-12-28 21:51:48] [INFO]     | distill epoch : 4, acc 0.799
[2023-12-28 21:51:48] [INFO] |servers comunicated: 3, server aggregated: 0, acc_server 0: 0.799.
[2023-12-28 21:51:48] [INFO] --------------------------------------------------
[2023-12-28 21:51:48] [INFO]   |server: 1
[2023-12-28 21:51:48] [INFO]    -client 3
[2023-12-28 21:51:48] [INFO]     |  local epoch  : 0, acc 0.654
[2023-12-28 21:51:48] [INFO]     |  local epoch  : 1, acc 0.813
[2023-12-28 21:51:48] [INFO]     |  local epoch  : 2, acc 0.810
[2023-12-28 21:51:48] [INFO]     |  local epoch  : 3, acc 0.823
[2023-12-28 21:51:48] [INFO]     |  local epoch  : 4, acc 0.825
[2023-12-28 21:51:48] [INFO]     | distill epoch : 0, acc 0.828
[2023-12-28 21:51:48] [INFO]     | distill epoch : 1, acc 0.825
[2023-12-28 21:51:48] [INFO]     | distill epoch : 2, acc 0.793
[2023-12-28 21:51:49] [INFO]     | distill epoch : 3, acc 0.824
[2023-12-28 21:51:49] [INFO]     | distill epoch : 4, acc 0.797
[2023-12-28 21:51:49] [INFO]    -client 4
[2023-12-28 21:51:49] [INFO]     |  local epoch  : 0, acc 0.717
[2023-12-28 21:51:49] [INFO]     |  local epoch  : 1, acc 0.817
[2023-12-28 21:51:49] [INFO]     |  local epoch  : 2, acc 0.790
[2023-12-28 21:51:49] [INFO]     |  local epoch  : 3, acc 0.812
[2023-12-28 21:51:49] [INFO]     |  local epoch  : 4, acc 0.799
[2023-12-28 21:51:49] [INFO]     | distill epoch : 0, acc 0.833
[2023-12-28 21:51:49] [INFO]     | distill epoch : 1, acc 0.814
[2023-12-28 21:51:49] [INFO]     | distill epoch : 2, acc 0.816
[2023-12-28 21:51:49] [INFO]     | distill epoch : 3, acc 0.807
[2023-12-28 21:51:49] [INFO]     | distill epoch : 4, acc 0.818
[2023-12-28 21:51:49] [INFO]    -client 5
[2023-12-28 21:51:49] [INFO]     |  local epoch  : 0, acc 0.697
[2023-12-28 21:51:49] [INFO]     |  local epoch  : 1, acc 0.816
[2023-12-28 21:51:49] [INFO]     |  local epoch  : 2, acc 0.802
[2023-12-28 21:51:49] [INFO]     |  local epoch  : 3, acc 0.813
[2023-12-28 21:51:49] [INFO]     |  local epoch  : 4, acc 0.813
[2023-12-28 21:51:49] [INFO]     | distill epoch : 0, acc 0.827
[2023-12-28 21:51:49] [INFO]     | distill epoch : 1, acc 0.828
[2023-12-28 21:51:49] [INFO]     | distill epoch : 2, acc 0.801
[2023-12-28 21:51:49] [INFO]     | distill epoch : 3, acc 0.821
[2023-12-28 21:51:50] [INFO]     | distill epoch : 4, acc 0.800
[2023-12-28 21:51:50] [INFO] |servers comunicated: 3, server aggregated: 0, acc_server 1: 0.823.
[2023-12-28 21:51:50] [INFO] --------------------------------------------------
[2023-12-28 21:51:50] [INFO]   |server: 2
[2023-12-28 21:51:50] [INFO]    -client 6
[2023-12-28 21:51:50] [INFO]     |  local epoch  : 0, acc 0.613
[2023-12-28 21:51:50] [INFO]     |  local epoch  : 1, acc 0.712
[2023-12-28 21:51:50] [INFO]     |  local epoch  : 2, acc 0.716
[2023-12-28 21:51:50] [INFO]     |  local epoch  : 3, acc 0.727
[2023-12-28 21:51:50] [INFO]     |  local epoch  : 4, acc 0.705
[2023-12-28 21:51:50] [INFO]     | distill epoch : 0, acc 0.760
[2023-12-28 21:51:50] [INFO]     | distill epoch : 1, acc 0.790
[2023-12-28 21:51:50] [INFO]     | distill epoch : 2, acc 0.772
[2023-12-28 21:51:50] [INFO]     | distill epoch : 3, acc 0.791
[2023-12-28 21:51:50] [INFO]     | distill epoch : 4, acc 0.758
[2023-12-28 21:51:50] [INFO]    -client 7
[2023-12-28 21:51:50] [INFO]     |  local epoch  : 0, acc 0.563
[2023-12-28 21:51:50] [INFO]     |  local epoch  : 1, acc 0.692
[2023-12-28 21:51:50] [INFO]     |  local epoch  : 2, acc 0.688
[2023-12-28 21:51:50] [INFO]     |  local epoch  : 3, acc 0.716
[2023-12-28 21:51:50] [INFO]     |  local epoch  : 4, acc 0.703
[2023-12-28 21:51:50] [INFO]     | distill epoch : 0, acc 0.757
[2023-12-28 21:51:50] [INFO]     | distill epoch : 1, acc 0.776
[2023-12-28 21:51:50] [INFO]     | distill epoch : 2, acc 0.769
[2023-12-28 21:51:50] [INFO]     | distill epoch : 3, acc 0.763
[2023-12-28 21:51:51] [INFO]     | distill epoch : 4, acc 0.762
[2023-12-28 21:51:51] [INFO]    -client 8
[2023-12-28 21:51:51] [INFO]     |  local epoch  : 0, acc 0.553
[2023-12-28 21:51:51] [INFO]     |  local epoch  : 1, acc 0.699
[2023-12-28 21:51:51] [INFO]     |  local epoch  : 2, acc 0.693
[2023-12-28 21:51:51] [INFO]     |  local epoch  : 3, acc 0.682
[2023-12-28 21:51:51] [INFO]     |  local epoch  : 4, acc 0.713
[2023-12-28 21:51:51] [INFO]     | distill epoch : 0, acc 0.749
[2023-12-28 21:51:51] [INFO]     | distill epoch : 1, acc 0.762
[2023-12-28 21:51:51] [INFO]     | distill epoch : 2, acc 0.748
[2023-12-28 21:51:51] [INFO]     | distill epoch : 3, acc 0.750
[2023-12-28 21:51:51] [INFO]     | distill epoch : 4, acc 0.752
[2023-12-28 21:51:51] [INFO] |servers comunicated: 3, server aggregated: 0, acc_server 2: 0.759.
[2023-12-28 21:51:51] [INFO] --------------------------------------------------
[2023-12-28 21:51:51] [INFO]  |epoch_client_commu: 1/2
[2023-12-28 21:51:51] [INFO]   |server: 0
[2023-12-28 21:51:51] [INFO]    -client 0
[2023-12-28 21:51:51] [INFO]     |  local epoch  : 0, acc 0.683
[2023-12-28 21:51:51] [INFO]     |  local epoch  : 1, acc 0.810
[2023-12-28 21:51:51] [INFO]     |  local epoch  : 2, acc 0.775
[2023-12-28 21:51:51] [INFO]     |  local epoch  : 3, acc 0.814
[2023-12-28 21:51:51] [INFO]     |  local epoch  : 4, acc 0.792
[2023-12-28 21:51:51] [INFO]     | distill epoch : 0, acc 0.811
[2023-12-28 21:51:51] [INFO]     | distill epoch : 1, acc 0.804
[2023-12-28 21:51:51] [INFO]     | distill epoch : 2, acc 0.817
[2023-12-28 21:51:52] [INFO]     | distill epoch : 3, acc 0.791
[2023-12-28 21:51:52] [INFO]     | distill epoch : 4, acc 0.818
[2023-12-28 21:51:52] [INFO]    -client 1
[2023-12-28 21:51:52] [INFO]     |  local epoch  : 0, acc 0.693
[2023-12-28 21:51:52] [INFO]     |  local epoch  : 1, acc 0.806
[2023-12-28 21:51:52] [INFO]     |  local epoch  : 2, acc 0.788
[2023-12-28 21:51:52] [INFO]     |  local epoch  : 3, acc 0.774
[2023-12-28 21:51:52] [INFO]     |  local epoch  : 4, acc 0.802
[2023-12-28 21:51:52] [INFO]     | distill epoch : 0, acc 0.822
[2023-12-28 21:51:52] [INFO]     | distill epoch : 1, acc 0.811
[2023-12-28 21:51:52] [INFO]     | distill epoch : 2, acc 0.821
[2023-12-28 21:51:52] [INFO]     | distill epoch : 3, acc 0.799
[2023-12-28 21:51:52] [INFO]     | distill epoch : 4, acc 0.820
[2023-12-28 21:51:52] [INFO]    -client 2
[2023-12-28 21:51:52] [INFO]     |  local epoch  : 0, acc 0.718
[2023-12-28 21:51:52] [INFO]     |  local epoch  : 1, acc 0.798
[2023-12-28 21:51:52] [INFO]     |  local epoch  : 2, acc 0.797
[2023-12-28 21:51:52] [INFO]     |  local epoch  : 3, acc 0.796
[2023-12-28 21:51:52] [INFO]     |  local epoch  : 4, acc 0.813
[2023-12-28 21:51:52] [INFO]     | distill epoch : 0, acc 0.821
[2023-12-28 21:51:52] [INFO]     | distill epoch : 1, acc 0.821
[2023-12-28 21:51:52] [INFO]     | distill epoch : 2, acc 0.813
[2023-12-28 21:51:52] [INFO]     | distill epoch : 3, acc 0.819
[2023-12-28 21:51:52] [INFO]     | distill epoch : 4, acc 0.805
[2023-12-28 21:51:53] [INFO] |servers comunicated: 3, server aggregated: 1, acc_server 0: 0.825.
[2023-12-28 21:51:53] [INFO] --------------------------------------------------
[2023-12-28 21:51:53] [INFO]   |server: 1
[2023-12-28 21:51:53] [INFO]    -client 3
[2023-12-28 21:51:53] [INFO]     |  local epoch  : 0, acc 0.724
[2023-12-28 21:51:53] [INFO]     |  local epoch  : 1, acc 0.825
[2023-12-28 21:51:53] [INFO]     |  local epoch  : 2, acc 0.804
[2023-12-28 21:51:53] [INFO]     |  local epoch  : 3, acc 0.841
[2023-12-28 21:51:53] [INFO]     |  local epoch  : 4, acc 0.826
[2023-12-28 21:51:53] [INFO]     | distill epoch : 0, acc 0.845
[2023-12-28 21:51:53] [INFO]     | distill epoch : 1, acc 0.836
[2023-12-28 21:51:53] [INFO]     | distill epoch : 2, acc 0.816
[2023-12-28 21:51:53] [INFO]     | distill epoch : 3, acc 0.835
[2023-12-28 21:51:53] [INFO]     | distill epoch : 4, acc 0.812
[2023-12-28 21:51:53] [INFO]    -client 4
[2023-12-28 21:51:53] [INFO]     |  local epoch  : 0, acc 0.737
[2023-12-28 21:51:53] [INFO]     |  local epoch  : 1, acc 0.844
[2023-12-28 21:51:53] [INFO]     |  local epoch  : 2, acc 0.813
[2023-12-28 21:51:53] [INFO]     |  local epoch  : 3, acc 0.843
[2023-12-28 21:51:53] [INFO]     |  local epoch  : 4, acc 0.826
[2023-12-28 21:51:53] [INFO]     | distill epoch : 0, acc 0.845
[2023-12-28 21:51:53] [INFO]     | distill epoch : 1, acc 0.838
[2023-12-28 21:51:53] [INFO]     | distill epoch : 2, acc 0.806
[2023-12-28 21:51:54] [INFO]     | distill epoch : 3, acc 0.835
[2023-12-28 21:51:54] [INFO]     | distill epoch : 4, acc 0.813
[2023-12-28 21:51:54] [INFO]    -client 5
[2023-12-28 21:51:54] [INFO]     |  local epoch  : 0, acc 0.747
[2023-12-28 21:51:54] [INFO]     |  local epoch  : 1, acc 0.828
[2023-12-28 21:51:54] [INFO]     |  local epoch  : 2, acc 0.827
[2023-12-28 21:51:54] [INFO]     |  local epoch  : 3, acc 0.808
[2023-12-28 21:51:54] [INFO]     |  local epoch  : 4, acc 0.814
[2023-12-28 21:51:54] [INFO]     | distill epoch : 0, acc 0.841
[2023-12-28 21:51:54] [INFO]     | distill epoch : 1, acc 0.842
[2023-12-28 21:51:54] [INFO]     | distill epoch : 2, acc 0.820
[2023-12-28 21:51:54] [INFO]     | distill epoch : 3, acc 0.840
[2023-12-28 21:51:54] [INFO]     | distill epoch : 4, acc 0.816
[2023-12-28 21:51:54] [INFO] |servers comunicated: 3, server aggregated: 1, acc_server 1: 0.823.
[2023-12-28 21:51:54] [INFO] --------------------------------------------------
[2023-12-28 21:51:54] [INFO]   |server: 2
[2023-12-28 21:51:54] [INFO]    -client 6
[2023-12-28 21:51:54] [INFO]     |  local epoch  : 0, acc 0.678
[2023-12-28 21:51:54] [INFO]     |  local epoch  : 1, acc 0.720
[2023-12-28 21:51:54] [INFO]     |  local epoch  : 2, acc 0.728
[2023-12-28 21:51:54] [INFO]     |  local epoch  : 3, acc 0.725
[2023-12-28 21:51:54] [INFO]     |  local epoch  : 4, acc 0.738
[2023-12-28 21:51:54] [INFO]     | distill epoch : 0, acc 0.799
[2023-12-28 21:51:54] [INFO]     | distill epoch : 1, acc 0.812
[2023-12-28 21:51:54] [INFO]     | distill epoch : 2, acc 0.785
[2023-12-28 21:51:55] [INFO]     | distill epoch : 3, acc 0.813
[2023-12-28 21:51:55] [INFO]     | distill epoch : 4, acc 0.774
[2023-12-28 21:51:55] [INFO]    -client 7
[2023-12-28 21:51:55] [INFO]     |  local epoch  : 0, acc 0.623
[2023-12-28 21:51:55] [INFO]     |  local epoch  : 1, acc 0.726
[2023-12-28 21:51:55] [INFO]     |  local epoch  : 2, acc 0.714
[2023-12-28 21:51:55] [INFO]     |  local epoch  : 3, acc 0.741
[2023-12-28 21:51:55] [INFO]     |  local epoch  : 4, acc 0.731
[2023-12-28 21:51:55] [INFO]     | distill epoch : 0, acc 0.787
[2023-12-28 21:51:55] [INFO]     | distill epoch : 1, acc 0.798
[2023-12-28 21:51:55] [INFO]     | distill epoch : 2, acc 0.784
[2023-12-28 21:51:55] [INFO]     | distill epoch : 3, acc 0.791
[2023-12-28 21:51:55] [INFO]     | distill epoch : 4, acc 0.779
[2023-12-28 21:51:55] [INFO]    -client 8
[2023-12-28 21:51:55] [INFO]     |  local epoch  : 0, acc 0.653
[2023-12-28 21:51:55] [INFO]     |  local epoch  : 1, acc 0.719
[2023-12-28 21:51:55] [INFO]     |  local epoch  : 2, acc 0.701
[2023-12-28 21:51:55] [INFO]     |  local epoch  : 3, acc 0.747
[2023-12-28 21:51:55] [INFO]     |  local epoch  : 4, acc 0.744
[2023-12-28 21:51:55] [INFO]     | distill epoch : 0, acc 0.786
[2023-12-28 21:51:55] [INFO]     | distill epoch : 1, acc 0.786
[2023-12-28 21:51:55] [INFO]     | distill epoch : 2, acc 0.770
[2023-12-28 21:51:56] [INFO]     | distill epoch : 3, acc 0.782
[2023-12-28 21:51:56] [INFO]     | distill epoch : 4, acc 0.774
[2023-12-28 21:51:56] [INFO] |servers comunicated: 3, server aggregated: 1, acc_server 2: 0.784.
[2023-12-28 21:51:56] [INFO] --------------------------------------------------
[2023-12-28 21:51:56] [INFO]      ********  servers comunicates  ********      
[2023-12-28 21:51:56] [INFO] --------------------------------------------------
[2023-12-28 21:51:56] [INFO] |epoch_server_commu: 4/6
[2023-12-28 21:51:56] [INFO]  |epoch_client_commu: 0/2
[2023-12-28 21:51:56] [INFO]   |server: 0
[2023-12-28 21:51:56] [INFO]    -client 0
[2023-12-28 21:51:56] [INFO]     |  local epoch  : 0, acc 0.733
[2023-12-28 21:51:56] [INFO]     |  local epoch  : 1, acc 0.822
[2023-12-28 21:51:56] [INFO]     |  local epoch  : 2, acc 0.804
[2023-12-28 21:51:56] [INFO]     |  local epoch  : 3, acc 0.832
[2023-12-28 21:51:56] [INFO]     |  local epoch  : 4, acc 0.823
[2023-12-28 21:51:56] [INFO]     | distill epoch : 0, acc 0.834
[2023-12-28 21:51:56] [INFO]     | distill epoch : 1, acc 0.827
[2023-12-28 21:51:56] [INFO]     | distill epoch : 2, acc 0.838
[2023-12-28 21:51:56] [INFO]     | distill epoch : 3, acc 0.810
[2023-12-28 21:51:56] [INFO]     | distill epoch : 4, acc 0.838
[2023-12-28 21:51:56] [INFO]    -client 1
[2023-12-28 21:51:56] [INFO]     |  local epoch  : 0, acc 0.719
[2023-12-28 21:51:56] [INFO]     |  local epoch  : 1, acc 0.823
[2023-12-28 21:51:56] [INFO]     |  local epoch  : 2, acc 0.803
[2023-12-28 21:51:56] [INFO]     |  local epoch  : 3, acc 0.813
[2023-12-28 21:51:56] [INFO]     |  local epoch  : 4, acc 0.804
[2023-12-28 21:51:56] [INFO]     | distill epoch : 0, acc 0.831
[2023-12-28 21:51:56] [INFO]     | distill epoch : 1, acc 0.828
[2023-12-28 21:51:56] [INFO]     | distill epoch : 2, acc 0.839
[2023-12-28 21:51:57] [INFO]     | distill epoch : 3, acc 0.814
[2023-12-28 21:51:57] [INFO]     | distill epoch : 4, acc 0.836
[2023-12-28 21:51:57] [INFO]    -client 2
[2023-12-28 21:51:57] [INFO]     |  local epoch  : 0, acc 0.750
[2023-12-28 21:51:57] [INFO]     |  local epoch  : 1, acc 0.818
[2023-12-28 21:51:57] [INFO]     |  local epoch  : 2, acc 0.816
[2023-12-28 21:51:57] [INFO]     |  local epoch  : 3, acc 0.819
[2023-12-28 21:51:57] [INFO]     |  local epoch  : 4, acc 0.810
[2023-12-28 21:51:57] [INFO]     | distill epoch : 0, acc 0.834
[2023-12-28 21:51:57] [INFO]     | distill epoch : 1, acc 0.828
[2023-12-28 21:51:57] [INFO]     | distill epoch : 2, acc 0.837
[2023-12-28 21:51:57] [INFO]     | distill epoch : 3, acc 0.824
[2023-12-28 21:51:57] [INFO]     | distill epoch : 4, acc 0.831
[2023-12-28 21:51:57] [INFO] |servers comunicated: 4, server aggregated: 0, acc_server 0: 0.839.
[2023-12-28 21:51:57] [INFO] --------------------------------------------------
[2023-12-28 21:51:57] [INFO]   |server: 1
[2023-12-28 21:51:57] [INFO]    -client 3
[2023-12-28 21:51:57] [INFO]     |  local epoch  : 0, acc 0.731
[2023-12-28 21:51:57] [INFO]     |  local epoch  : 1, acc 0.849
[2023-12-28 21:51:57] [INFO]     |  local epoch  : 2, acc 0.836
[2023-12-28 21:51:57] [INFO]     |  local epoch  : 3, acc 0.818
[2023-12-28 21:51:57] [INFO]     |  local epoch  : 4, acc 0.843
[2023-12-28 21:51:57] [INFO]     | distill epoch : 0, acc 0.849
[2023-12-28 21:51:57] [INFO]     | distill epoch : 1, acc 0.842
[2023-12-28 21:51:57] [INFO]     | distill epoch : 2, acc 0.838
[2023-12-28 21:51:58] [INFO]     | distill epoch : 3, acc 0.841
[2023-12-28 21:51:58] [INFO]     | distill epoch : 4, acc 0.835
[2023-12-28 21:51:58] [INFO]    -client 4
[2023-12-28 21:51:58] [INFO]     |  local epoch  : 0, acc 0.742
[2023-12-28 21:51:58] [INFO]     |  local epoch  : 1, acc 0.851
[2023-12-28 21:51:58] [INFO]     |  local epoch  : 2, acc 0.832
[2023-12-28 21:51:58] [INFO]     |  local epoch  : 3, acc 0.845
[2023-12-28 21:51:58] [INFO]     |  local epoch  : 4, acc 0.829
[2023-12-28 21:51:58] [INFO]     | distill epoch : 0, acc 0.854
[2023-12-28 21:51:58] [INFO]     | distill epoch : 1, acc 0.846
[2023-12-28 21:51:58] [INFO]     | distill epoch : 2, acc 0.837
[2023-12-28 21:51:58] [INFO]     | distill epoch : 3, acc 0.843
[2023-12-28 21:51:58] [INFO]     | distill epoch : 4, acc 0.826
[2023-12-28 21:51:58] [INFO]    -client 5
[2023-12-28 21:51:58] [INFO]     |  local epoch  : 0, acc 0.744
[2023-12-28 21:51:58] [INFO]     |  local epoch  : 1, acc 0.851
[2023-12-28 21:51:58] [INFO]     |  local epoch  : 2, acc 0.846
[2023-12-28 21:51:58] [INFO]     |  local epoch  : 3, acc 0.814
[2023-12-28 21:51:58] [INFO]     |  local epoch  : 4, acc 0.834
[2023-12-28 21:51:58] [INFO]     | distill epoch : 0, acc 0.861
[2023-12-28 21:51:58] [INFO]     | distill epoch : 1, acc 0.849
[2023-12-28 21:51:58] [INFO]     | distill epoch : 2, acc 0.845
[2023-12-28 21:51:58] [INFO]     | distill epoch : 3, acc 0.844
[2023-12-28 21:51:59] [INFO]     | distill epoch : 4, acc 0.842
[2023-12-28 21:51:59] [INFO] |servers comunicated: 4, server aggregated: 0, acc_server 1: 0.838.
[2023-12-28 21:51:59] [INFO] --------------------------------------------------
[2023-12-28 21:51:59] [INFO]   |server: 2
[2023-12-28 21:51:59] [INFO]    -client 6
[2023-12-28 21:51:59] [INFO]     |  local epoch  : 0, acc 0.689
[2023-12-28 21:51:59] [INFO]     |  local epoch  : 1, acc 0.758
[2023-12-28 21:51:59] [INFO]     |  local epoch  : 2, acc 0.730
[2023-12-28 21:51:59] [INFO]     |  local epoch  : 3, acc 0.745
[2023-12-28 21:51:59] [INFO]     |  local epoch  : 4, acc 0.754
[2023-12-28 21:51:59] [INFO]     | distill epoch : 0, acc 0.816
[2023-12-28 21:51:59] [INFO]     | distill epoch : 1, acc 0.820
[2023-12-28 21:51:59] [INFO]     | distill epoch : 2, acc 0.799
[2023-12-28 21:51:59] [INFO]     | distill epoch : 3, acc 0.818
[2023-12-28 21:51:59] [INFO]     | distill epoch : 4, acc 0.797
[2023-12-28 21:51:59] [INFO]    -client 7
[2023-12-28 21:51:59] [INFO]     |  local epoch  : 0, acc 0.638
[2023-12-28 21:51:59] [INFO]     |  local epoch  : 1, acc 0.739
[2023-12-28 21:51:59] [INFO]     |  local epoch  : 2, acc 0.748
[2023-12-28 21:51:59] [INFO]     |  local epoch  : 3, acc 0.753
[2023-12-28 21:51:59] [INFO]     |  local epoch  : 4, acc 0.735
[2023-12-28 21:51:59] [INFO]     | distill epoch : 0, acc 0.804
[2023-12-28 21:51:59] [INFO]     | distill epoch : 1, acc 0.821
[2023-12-28 21:51:59] [INFO]     | distill epoch : 2, acc 0.808
[2023-12-28 21:52:00] [INFO]     | distill epoch : 3, acc 0.809
[2023-12-28 21:52:00] [INFO]     | distill epoch : 4, acc 0.804
[2023-12-28 21:52:00] [INFO]    -client 8
[2023-12-28 21:52:00] [INFO]     |  local epoch  : 0, acc 0.648
[2023-12-28 21:52:00] [INFO]     |  local epoch  : 1, acc 0.755
[2023-12-28 21:52:00] [INFO]     |  local epoch  : 2, acc 0.737
[2023-12-28 21:52:00] [INFO]     |  local epoch  : 3, acc 0.747
[2023-12-28 21:52:00] [INFO]     |  local epoch  : 4, acc 0.774
[2023-12-28 21:52:00] [INFO]     | distill epoch : 0, acc 0.814
[2023-12-28 21:52:00] [INFO]     | distill epoch : 1, acc 0.796
[2023-12-28 21:52:00] [INFO]     | distill epoch : 2, acc 0.796
[2023-12-28 21:52:00] [INFO]     | distill epoch : 3, acc 0.794
[2023-12-28 21:52:00] [INFO]     | distill epoch : 4, acc 0.793
[2023-12-28 21:52:00] [INFO] |servers comunicated: 4, server aggregated: 0, acc_server 2: 0.805.
[2023-12-28 21:52:00] [INFO] --------------------------------------------------
[2023-12-28 21:52:00] [INFO]  |epoch_client_commu: 1/2
[2023-12-28 21:52:00] [INFO]   |server: 0
[2023-12-28 21:52:00] [INFO]    -client 0
[2023-12-28 21:52:00] [INFO]     |  local epoch  : 0, acc 0.747
[2023-12-28 21:52:00] [INFO]     |  local epoch  : 1, acc 0.836
[2023-12-28 21:52:00] [INFO]     |  local epoch  : 2, acc 0.810
[2023-12-28 21:52:00] [INFO]     |  local epoch  : 3, acc 0.836
[2023-12-28 21:52:00] [INFO]     |  local epoch  : 4, acc 0.832
[2023-12-28 21:52:00] [INFO]     | distill epoch : 0, acc 0.844
[2023-12-28 21:52:00] [INFO]     | distill epoch : 1, acc 0.834
[2023-12-28 21:52:00] [INFO]     | distill epoch : 2, acc 0.847
[2023-12-28 21:52:01] [INFO]     | distill epoch : 3, acc 0.823
[2023-12-28 21:52:01] [INFO]     | distill epoch : 4, acc 0.845
[2023-12-28 21:52:01] [INFO]    -client 1
[2023-12-28 21:52:01] [INFO]     |  local epoch  : 0, acc 0.749
[2023-12-28 21:52:01] [INFO]     |  local epoch  : 1, acc 0.824
[2023-12-28 21:52:01] [INFO]     |  local epoch  : 2, acc 0.827
[2023-12-28 21:52:01] [INFO]     |  local epoch  : 3, acc 0.827
[2023-12-28 21:52:01] [INFO]     |  local epoch  : 4, acc 0.820
[2023-12-28 21:52:01] [INFO]     | distill epoch : 0, acc 0.844
[2023-12-28 21:52:01] [INFO]     | distill epoch : 1, acc 0.838
[2023-12-28 21:52:01] [INFO]     | distill epoch : 2, acc 0.846
[2023-12-28 21:52:01] [INFO]     | distill epoch : 3, acc 0.826
[2023-12-28 21:52:01] [INFO]     | distill epoch : 4, acc 0.841
[2023-12-28 21:52:01] [INFO]    -client 2
[2023-12-28 21:52:01] [INFO]     |  local epoch  : 0, acc 0.768
[2023-12-28 21:52:01] [INFO]     |  local epoch  : 1, acc 0.829
[2023-12-28 21:52:01] [INFO]     |  local epoch  : 2, acc 0.814
[2023-12-28 21:52:01] [INFO]     |  local epoch  : 3, acc 0.825
[2023-12-28 21:52:01] [INFO]     |  local epoch  : 4, acc 0.820
[2023-12-28 21:52:01] [INFO]     | distill epoch : 0, acc 0.842
[2023-12-28 21:52:01] [INFO]     | distill epoch : 1, acc 0.838
[2023-12-28 21:52:01] [INFO]     | distill epoch : 2, acc 0.841
[2023-12-28 21:52:01] [INFO]     | distill epoch : 3, acc 0.831
[2023-12-28 21:52:02] [INFO]     | distill epoch : 4, acc 0.839
[2023-12-28 21:52:02] [INFO] |servers comunicated: 4, server aggregated: 1, acc_server 0: 0.847.
[2023-12-28 21:52:02] [INFO] --------------------------------------------------
[2023-12-28 21:52:02] [INFO]   |server: 1
[2023-12-28 21:52:02] [INFO]    -client 3
[2023-12-28 21:52:02] [INFO]     |  local epoch  : 0, acc 0.763
[2023-12-28 21:52:02] [INFO]     |  local epoch  : 1, acc 0.857
[2023-12-28 21:52:02] [INFO]     |  local epoch  : 2, acc 0.849
[2023-12-28 21:52:02] [INFO]     |  local epoch  : 3, acc 0.848
[2023-12-28 21:52:02] [INFO]     |  local epoch  : 4, acc 0.851
[2023-12-28 21:52:02] [INFO]     | distill epoch : 0, acc 0.854
[2023-12-28 21:52:02] [INFO]     | distill epoch : 1, acc 0.849
[2023-12-28 21:52:02] [INFO]     | distill epoch : 2, acc 0.831
[2023-12-28 21:52:02] [INFO]     | distill epoch : 3, acc 0.851
[2023-12-28 21:52:02] [INFO]     | distill epoch : 4, acc 0.833
[2023-12-28 21:52:02] [INFO]    -client 4
[2023-12-28 21:52:02] [INFO]     |  local epoch  : 0, acc 0.755
[2023-12-28 21:52:02] [INFO]     |  local epoch  : 1, acc 0.866
[2023-12-28 21:52:02] [INFO]     |  local epoch  : 2, acc 0.836
[2023-12-28 21:52:02] [INFO]     |  local epoch  : 3, acc 0.838
[2023-12-28 21:52:02] [INFO]     |  local epoch  : 4, acc 0.850
[2023-12-28 21:52:02] [INFO]     | distill epoch : 0, acc 0.863
[2023-12-28 21:52:02] [INFO]     | distill epoch : 1, acc 0.852
[2023-12-28 21:52:02] [INFO]     | distill epoch : 2, acc 0.827
[2023-12-28 21:52:02] [INFO]     | distill epoch : 3, acc 0.848
[2023-12-28 21:52:03] [INFO]     | distill epoch : 4, acc 0.825
[2023-12-28 21:52:03] [INFO]    -client 5
[2023-12-28 21:52:03] [INFO]     |  local epoch  : 0, acc 0.774
[2023-12-28 21:52:03] [INFO]     |  local epoch  : 1, acc 0.869
[2023-12-28 21:52:03] [INFO]     |  local epoch  : 2, acc 0.855
[2023-12-28 21:52:03] [INFO]     |  local epoch  : 3, acc 0.852
[2023-12-28 21:52:03] [INFO]     |  local epoch  : 4, acc 0.844
[2023-12-28 21:52:03] [INFO]     | distill epoch : 0, acc 0.862
[2023-12-28 21:52:03] [INFO]     | distill epoch : 1, acc 0.858
[2023-12-28 21:52:03] [INFO]     | distill epoch : 2, acc 0.830
[2023-12-28 21:52:03] [INFO]     | distill epoch : 3, acc 0.856
[2023-12-28 21:52:03] [INFO]     | distill epoch : 4, acc 0.828
[2023-12-28 21:52:03] [INFO] |servers comunicated: 4, server aggregated: 1, acc_server 1: 0.842.
[2023-12-28 21:52:03] [INFO] --------------------------------------------------
[2023-12-28 21:52:03] [INFO]   |server: 2
[2023-12-28 21:52:03] [INFO]    -client 6
[2023-12-28 21:52:03] [INFO]     |  local epoch  : 0, acc 0.709
[2023-12-28 21:52:03] [INFO]     |  local epoch  : 1, acc 0.770
[2023-12-28 21:52:03] [INFO]     |  local epoch  : 2, acc 0.796
[2023-12-28 21:52:03] [INFO]     |  local epoch  : 3, acc 0.811
[2023-12-28 21:52:03] [INFO]     |  local epoch  : 4, acc 0.791
[2023-12-28 21:52:03] [INFO]     | distill epoch : 0, acc 0.835
[2023-12-28 21:52:03] [INFO]     | distill epoch : 1, acc 0.824
[2023-12-28 21:52:03] [INFO]     | distill epoch : 2, acc 0.813
[2023-12-28 21:52:03] [INFO]     | distill epoch : 3, acc 0.820
[2023-12-28 21:52:04] [INFO]     | distill epoch : 4, acc 0.811
[2023-12-28 21:52:04] [INFO]    -client 7
[2023-12-28 21:52:04] [INFO]     |  local epoch  : 0, acc 0.690
[2023-12-28 21:52:04] [INFO]     |  local epoch  : 1, acc 0.721
[2023-12-28 21:52:04] [INFO]     |  local epoch  : 2, acc 0.731
[2023-12-28 21:52:04] [INFO]     |  local epoch  : 3, acc 0.691
[2023-12-28 21:52:04] [INFO]     |  local epoch  : 4, acc 0.730
[2023-12-28 21:52:04] [INFO]     | distill epoch : 0, acc 0.798
[2023-12-28 21:52:04] [INFO]     | distill epoch : 1, acc 0.829
[2023-12-28 21:52:04] [INFO]     | distill epoch : 2, acc 0.820
[2023-12-28 21:52:04] [INFO]     | distill epoch : 3, acc 0.822
[2023-12-28 21:52:04] [INFO]     | distill epoch : 4, acc 0.818
[2023-12-28 21:52:04] [INFO]    -client 8
[2023-12-28 21:52:04] [INFO]     |  local epoch  : 0, acc 0.661
[2023-12-28 21:52:04] [INFO]     |  local epoch  : 1, acc 0.778
[2023-12-28 21:52:04] [INFO]     |  local epoch  : 2, acc 0.741
[2023-12-28 21:52:04] [INFO]     |  local epoch  : 3, acc 0.774
[2023-12-28 21:52:04] [INFO]     |  local epoch  : 4, acc 0.777
[2023-12-28 21:52:04] [INFO]     | distill epoch : 0, acc 0.822
[2023-12-28 21:52:04] [INFO]     | distill epoch : 1, acc 0.815
[2023-12-28 21:52:04] [INFO]     | distill epoch : 2, acc 0.799
[2023-12-28 21:52:04] [INFO]     | distill epoch : 3, acc 0.813
[2023-12-28 21:52:05] [INFO]     | distill epoch : 4, acc 0.799
[2023-12-28 21:52:05] [INFO] |servers comunicated: 4, server aggregated: 1, acc_server 2: 0.819.
[2023-12-28 21:52:05] [INFO] --------------------------------------------------
[2023-12-28 21:52:05] [INFO]      ********  servers comunicates  ********      
[2023-12-28 21:52:05] [INFO] --------------------------------------------------
[2023-12-28 21:52:05] [INFO] |epoch_server_commu: 5/6
[2023-12-28 21:52:05] [INFO]  |epoch_client_commu: 0/2
[2023-12-28 21:52:05] [INFO]   |server: 0
[2023-12-28 21:52:05] [INFO]    -client 0
[2023-12-28 21:52:05] [INFO]     |  local epoch  : 0, acc 0.745
[2023-12-28 21:52:05] [INFO]     |  local epoch  : 1, acc 0.844
[2023-12-28 21:52:05] [INFO]     |  local epoch  : 2, acc 0.832
[2023-12-28 21:52:05] [INFO]     |  local epoch  : 3, acc 0.847
[2023-12-28 21:52:05] [INFO]     |  local epoch  : 4, acc 0.835
[2023-12-28 21:52:05] [INFO]     | distill epoch : 0, acc 0.849
[2023-12-28 21:52:05] [INFO]     | distill epoch : 1, acc 0.844
[2023-12-28 21:52:05] [INFO]     | distill epoch : 2, acc 0.855
[2023-12-28 21:52:05] [INFO]     | distill epoch : 3, acc 0.831
[2023-12-28 21:52:05] [INFO]     | distill epoch : 4, acc 0.856
[2023-12-28 21:52:05] [INFO]    -client 1
[2023-12-28 21:52:05] [INFO]     |  local epoch  : 0, acc 0.758
[2023-12-28 21:52:05] [INFO]     |  local epoch  : 1, acc 0.844
[2023-12-28 21:52:05] [INFO]     |  local epoch  : 2, acc 0.840
[2023-12-28 21:52:05] [INFO]     |  local epoch  : 3, acc 0.843
[2023-12-28 21:52:05] [INFO]     |  local epoch  : 4, acc 0.826
[2023-12-28 21:52:05] [INFO]     | distill epoch : 0, acc 0.847
[2023-12-28 21:52:05] [INFO]     | distill epoch : 1, acc 0.843
[2023-12-28 21:52:05] [INFO]     | distill epoch : 2, acc 0.856
[2023-12-28 21:52:05] [INFO]     | distill epoch : 3, acc 0.833
[2023-12-28 21:52:06] [INFO]     | distill epoch : 4, acc 0.854
[2023-12-28 21:52:06] [INFO]    -client 2
[2023-12-28 21:52:06] [INFO]     |  local epoch  : 0, acc 0.775
[2023-12-28 21:52:06] [INFO]     |  local epoch  : 1, acc 0.846
[2023-12-28 21:52:06] [INFO]     |  local epoch  : 2, acc 0.816
[2023-12-28 21:52:06] [INFO]     |  local epoch  : 3, acc 0.843
[2023-12-28 21:52:06] [INFO]     |  local epoch  : 4, acc 0.843
[2023-12-28 21:52:06] [INFO]     | distill epoch : 0, acc 0.849
[2023-12-28 21:52:06] [INFO]     | distill epoch : 1, acc 0.846
[2023-12-28 21:52:06] [INFO]     | distill epoch : 2, acc 0.838
[2023-12-28 21:52:06] [INFO]     | distill epoch : 3, acc 0.842
[2023-12-28 21:52:06] [INFO]     | distill epoch : 4, acc 0.836
[2023-12-28 21:52:06] [INFO] |servers comunicated: 5, server aggregated: 0, acc_server 0: 0.855.
[2023-12-28 21:52:06] [INFO] --------------------------------------------------
[2023-12-28 21:52:06] [INFO]   |server: 1
[2023-12-28 21:52:06] [INFO]    -client 3
[2023-12-28 21:52:06] [INFO]     |  local epoch  : 0, acc 0.784
[2023-12-28 21:52:06] [INFO]     |  local epoch  : 1, acc 0.858
[2023-12-28 21:52:06] [INFO]     |  local epoch  : 2, acc 0.839
[2023-12-28 21:52:06] [INFO]     |  local epoch  : 3, acc 0.848
[2023-12-28 21:52:06] [INFO]     |  local epoch  : 4, acc 0.842
[2023-12-28 21:52:06] [INFO]     | distill epoch : 0, acc 0.869
[2023-12-28 21:52:06] [INFO]     | distill epoch : 1, acc 0.857
[2023-12-28 21:52:06] [INFO]     | distill epoch : 2, acc 0.868
[2023-12-28 21:52:06] [INFO]     | distill epoch : 3, acc 0.838
[2023-12-28 21:52:07] [INFO]     | distill epoch : 4, acc 0.856
[2023-12-28 21:52:07] [INFO]    -client 4
[2023-12-28 21:52:07] [INFO]     |  local epoch  : 0, acc 0.758
[2023-12-28 21:52:07] [INFO]     |  local epoch  : 1, acc 0.868
[2023-12-28 21:52:07] [INFO]     |  local epoch  : 2, acc 0.860
[2023-12-28 21:52:07] [INFO]     |  local epoch  : 3, acc 0.844
[2023-12-28 21:52:07] [INFO]     |  local epoch  : 4, acc 0.859
[2023-12-28 21:52:07] [INFO]     | distill epoch : 0, acc 0.871
[2023-12-28 21:52:07] [INFO]     | distill epoch : 1, acc 0.856
[2023-12-28 21:52:07] [INFO]     | distill epoch : 2, acc 0.831
[2023-12-28 21:52:07] [INFO]     | distill epoch : 3, acc 0.856
[2023-12-28 21:52:07] [INFO]     | distill epoch : 4, acc 0.830
[2023-12-28 21:52:07] [INFO]    -client 5
[2023-12-28 21:52:07] [INFO]     |  local epoch  : 0, acc 0.787
[2023-12-28 21:52:07] [INFO]     |  local epoch  : 1, acc 0.860
[2023-12-28 21:52:07] [INFO]     |  local epoch  : 2, acc 0.857
[2023-12-28 21:52:07] [INFO]     |  local epoch  : 3, acc 0.863
[2023-12-28 21:52:07] [INFO]     |  local epoch  : 4, acc 0.852
[2023-12-28 21:52:07] [INFO]     | distill epoch : 0, acc 0.867
[2023-12-28 21:52:07] [INFO]     | distill epoch : 1, acc 0.865
[2023-12-28 21:52:07] [INFO]     | distill epoch : 2, acc 0.857
[2023-12-28 21:52:07] [INFO]     | distill epoch : 3, acc 0.863
[2023-12-28 21:52:07] [INFO]     | distill epoch : 4, acc 0.849
[2023-12-28 21:52:07] [INFO] |servers comunicated: 5, server aggregated: 0, acc_server 1: 0.861.
[2023-12-28 21:52:07] [INFO] --------------------------------------------------
[2023-12-28 21:52:07] [INFO]   |server: 2
[2023-12-28 21:52:08] [INFO]    -client 6
[2023-12-28 21:52:08] [INFO]     |  local epoch  : 0, acc 0.704
[2023-12-28 21:52:08] [INFO]     |  local epoch  : 1, acc 0.797
[2023-12-28 21:52:08] [INFO]     |  local epoch  : 2, acc 0.815
[2023-12-28 21:52:08] [INFO]     |  local epoch  : 3, acc 0.790
[2023-12-28 21:52:08] [INFO]     |  local epoch  : 4, acc 0.824
[2023-12-28 21:52:08] [INFO]     | distill epoch : 0, acc 0.843
[2023-12-28 21:52:08] [INFO]     | distill epoch : 1, acc 0.823
[2023-12-28 21:52:08] [INFO]     | distill epoch : 2, acc 0.839
[2023-12-28 21:52:08] [INFO]     | distill epoch : 3, acc 0.808
[2023-12-28 21:52:08] [INFO]     | distill epoch : 4, acc 0.838
[2023-12-28 21:52:08] [INFO]    -client 7
[2023-12-28 21:52:08] [INFO]     |  local epoch  : 0, acc 0.657
[2023-12-28 21:52:08] [INFO]     |  local epoch  : 1, acc 0.776
[2023-12-28 21:52:08] [INFO]     |  local epoch  : 2, acc 0.769
[2023-12-28 21:52:08] [INFO]     |  local epoch  : 3, acc 0.750
[2023-12-28 21:52:08] [INFO]     |  local epoch  : 4, acc 0.796
[2023-12-28 21:52:08] [INFO]     | distill epoch : 0, acc 0.838
[2023-12-28 21:52:08] [INFO]     | distill epoch : 1, acc 0.825
[2023-12-28 21:52:08] [INFO]     | distill epoch : 2, acc 0.820
[2023-12-28 21:52:08] [INFO]     | distill epoch : 3, acc 0.830
[2023-12-28 21:52:09] [INFO]     | distill epoch : 4, acc 0.814
[2023-12-28 21:52:09] [INFO]    -client 8
[2023-12-28 21:52:09] [INFO]     |  local epoch  : 0, acc 0.692
[2023-12-28 21:52:09] [INFO]     |  local epoch  : 1, acc 0.778
[2023-12-28 21:52:09] [INFO]     |  local epoch  : 2, acc 0.789
[2023-12-28 21:52:09] [INFO]     |  local epoch  : 3, acc 0.799
[2023-12-28 21:52:09] [INFO]     |  local epoch  : 4, acc 0.791
[2023-12-28 21:52:09] [INFO]     | distill epoch : 0, acc 0.832
[2023-12-28 21:52:09] [INFO]     | distill epoch : 1, acc 0.830
[2023-12-28 21:52:09] [INFO]     | distill epoch : 2, acc 0.818
[2023-12-28 21:52:09] [INFO]     | distill epoch : 3, acc 0.820
[2023-12-28 21:52:09] [INFO]     | distill epoch : 4, acc 0.815
[2023-12-28 21:52:09] [INFO] |servers comunicated: 5, server aggregated: 0, acc_server 2: 0.828.
[2023-12-28 21:52:09] [INFO] --------------------------------------------------
[2023-12-28 21:52:09] [INFO]  |epoch_client_commu: 1/2
[2023-12-28 21:52:09] [INFO]   |server: 0
[2023-12-28 21:52:09] [INFO]    -client 0
[2023-12-28 21:52:09] [INFO]     |  local epoch  : 0, acc 0.773
[2023-12-28 21:52:09] [INFO]     |  local epoch  : 1, acc 0.851
[2023-12-28 21:52:09] [INFO]     |  local epoch  : 2, acc 0.837
[2023-12-28 21:52:09] [INFO]     |  local epoch  : 3, acc 0.853
[2023-12-28 21:52:09] [INFO]     |  local epoch  : 4, acc 0.835
[2023-12-28 21:52:09] [INFO]     | distill epoch : 0, acc 0.861
[2023-12-28 21:52:09] [INFO]     | distill epoch : 1, acc 0.857
[2023-12-28 21:52:09] [INFO]     | distill epoch : 2, acc 0.859
[2023-12-28 21:52:09] [INFO]     | distill epoch : 3, acc 0.852
[2023-12-28 21:52:10] [INFO]     | distill epoch : 4, acc 0.854
[2023-12-28 21:52:10] [INFO]    -client 1
[2023-12-28 21:52:10] [INFO]     |  local epoch  : 0, acc 0.748
[2023-12-28 21:52:10] [INFO]     |  local epoch  : 1, acc 0.852
[2023-12-28 21:52:10] [INFO]     |  local epoch  : 2, acc 0.841
[2023-12-28 21:52:10] [INFO]     |  local epoch  : 3, acc 0.828
[2023-12-28 21:52:10] [INFO]     |  local epoch  : 4, acc 0.857
[2023-12-28 21:52:10] [INFO]     | distill epoch : 0, acc 0.860
[2023-12-28 21:52:10] [INFO]     | distill epoch : 1, acc 0.855
[2023-12-28 21:52:10] [INFO]     | distill epoch : 2, acc 0.851
[2023-12-28 21:52:10] [INFO]     | distill epoch : 3, acc 0.855
[2023-12-28 21:52:10] [INFO]     | distill epoch : 4, acc 0.848
[2023-12-28 21:52:10] [INFO]    -client 2
[2023-12-28 21:52:10] [INFO]     |  local epoch  : 0, acc 0.786
[2023-12-28 21:52:10] [INFO]     |  local epoch  : 1, acc 0.858
[2023-12-28 21:52:10] [INFO]     |  local epoch  : 2, acc 0.835
[2023-12-28 21:52:10] [INFO]     |  local epoch  : 3, acc 0.849
[2023-12-28 21:52:10] [INFO]     |  local epoch  : 4, acc 0.833
[2023-12-28 21:52:10] [INFO]     | distill epoch : 0, acc 0.852
[2023-12-28 21:52:10] [INFO]     | distill epoch : 1, acc 0.851
[2023-12-28 21:52:10] [INFO]     | distill epoch : 2, acc 0.849
[2023-12-28 21:52:10] [INFO]     | distill epoch : 3, acc 0.851
[2023-12-28 21:52:10] [INFO]     | distill epoch : 4, acc 0.843
[2023-12-28 21:52:11] [INFO] |servers comunicated: 5, server aggregated: 1, acc_server 0: 0.857.
[2023-12-28 21:52:11] [INFO] --------------------------------------------------
[2023-12-28 21:52:11] [INFO]   |server: 1
[2023-12-28 21:52:11] [INFO]    -client 3
[2023-12-28 21:52:11] [INFO]     |  local epoch  : 0, acc 0.791
[2023-12-28 21:52:11] [INFO]     |  local epoch  : 1, acc 0.867
[2023-12-28 21:52:11] [INFO]     |  local epoch  : 2, acc 0.862
[2023-12-28 21:52:11] [INFO]     |  local epoch  : 3, acc 0.858
[2023-12-28 21:52:11] [INFO]     |  local epoch  : 4, acc 0.843
[2023-12-28 21:52:11] [INFO]     | distill epoch : 0, acc 0.868
[2023-12-28 21:52:11] [INFO]     | distill epoch : 1, acc 0.856
[2023-12-28 21:52:11] [INFO]     | distill epoch : 2, acc 0.859
[2023-12-28 21:52:11] [INFO]     | distill epoch : 3, acc 0.854
[2023-12-28 21:52:11] [INFO]     | distill epoch : 4, acc 0.855
[2023-12-28 21:52:11] [INFO]    -client 4
[2023-12-28 21:52:11] [INFO]     |  local epoch  : 0, acc 0.769
[2023-12-28 21:52:11] [INFO]     |  local epoch  : 1, acc 0.872
[2023-12-28 21:52:11] [INFO]     |  local epoch  : 2, acc 0.854
[2023-12-28 21:52:11] [INFO]     |  local epoch  : 3, acc 0.876
[2023-12-28 21:52:11] [INFO]     |  local epoch  : 4, acc 0.859
[2023-12-28 21:52:11] [INFO]     | distill epoch : 0, acc 0.869
[2023-12-28 21:52:11] [INFO]     | distill epoch : 1, acc 0.861
[2023-12-28 21:52:11] [INFO]     | distill epoch : 2, acc 0.845
[2023-12-28 21:52:11] [INFO]     | distill epoch : 3, acc 0.859
[2023-12-28 21:52:11] [INFO]     | distill epoch : 4, acc 0.841
[2023-12-28 21:52:11] [INFO]    -client 5
[2023-12-28 21:52:12] [INFO]     |  local epoch  : 0, acc 0.812
[2023-12-28 21:52:12] [INFO]     |  local epoch  : 1, acc 0.871
[2023-12-28 21:52:12] [INFO]     |  local epoch  : 2, acc 0.864
[2023-12-28 21:52:12] [INFO]     |  local epoch  : 3, acc 0.850
[2023-12-28 21:52:12] [INFO]     |  local epoch  : 4, acc 0.866
[2023-12-28 21:52:12] [INFO]     | distill epoch : 0, acc 0.874
[2023-12-28 21:52:12] [INFO]     | distill epoch : 1, acc 0.866
[2023-12-28 21:52:12] [INFO]     | distill epoch : 2, acc 0.862
[2023-12-28 21:52:12] [INFO]     | distill epoch : 3, acc 0.864
[2023-12-28 21:52:12] [INFO]     | distill epoch : 4, acc 0.858
[2023-12-28 21:52:12] [INFO] |servers comunicated: 5, server aggregated: 1, acc_server 1: 0.868.
[2023-12-28 21:52:12] [INFO] --------------------------------------------------
[2023-12-28 21:52:12] [INFO]   |server: 2
[2023-12-28 21:52:12] [INFO]    -client 6
[2023-12-28 21:52:12] [INFO]     |  local epoch  : 0, acc 0.743
[2023-12-28 21:52:12] [INFO]     |  local epoch  : 1, acc 0.799
[2023-12-28 21:52:12] [INFO]     |  local epoch  : 2, acc 0.832
[2023-12-28 21:52:12] [INFO]     |  local epoch  : 3, acc 0.814
[2023-12-28 21:52:12] [INFO]     |  local epoch  : 4, acc 0.826
[2023-12-28 21:52:12] [INFO]     | distill epoch : 0, acc 0.844
[2023-12-28 21:52:12] [INFO]     | distill epoch : 1, acc 0.827
[2023-12-28 21:52:12] [INFO]     | distill epoch : 2, acc 0.844
[2023-12-28 21:52:12] [INFO]     | distill epoch : 3, acc 0.820
[2023-12-28 21:52:12] [INFO]     | distill epoch : 4, acc 0.837
[2023-12-28 21:52:12] [INFO]    -client 7
[2023-12-28 21:52:13] [INFO]     |  local epoch  : 0, acc 0.674
[2023-12-28 21:52:13] [INFO]     |  local epoch  : 1, acc 0.769
[2023-12-28 21:52:13] [INFO]     |  local epoch  : 2, acc 0.780
[2023-12-28 21:52:13] [INFO]     |  local epoch  : 3, acc 0.806
[2023-12-28 21:52:13] [INFO]     |  local epoch  : 4, acc 0.756
[2023-12-28 21:52:13] [INFO]     | distill epoch : 0, acc 0.820
[2023-12-28 21:52:13] [INFO]     | distill epoch : 1, acc 0.836
[2023-12-28 21:52:13] [INFO]     | distill epoch : 2, acc 0.824
[2023-12-28 21:52:13] [INFO]     | distill epoch : 3, acc 0.836
[2023-12-28 21:52:13] [INFO]     | distill epoch : 4, acc 0.824
[2023-12-28 21:52:13] [INFO]    -client 8
[2023-12-28 21:52:13] [INFO]     |  local epoch  : 0, acc 0.697
[2023-12-28 21:52:13] [INFO]     |  local epoch  : 1, acc 0.789
[2023-12-28 21:52:13] [INFO]     |  local epoch  : 2, acc 0.742
[2023-12-28 21:52:13] [INFO]     |  local epoch  : 3, acc 0.763
[2023-12-28 21:52:13] [INFO]     |  local epoch  : 4, acc 0.779
[2023-12-28 21:52:13] [INFO]     | distill epoch : 0, acc 0.835
[2023-12-28 21:52:13] [INFO]     | distill epoch : 1, acc 0.838
[2023-12-28 21:52:13] [INFO]     | distill epoch : 2, acc 0.817
[2023-12-28 21:52:13] [INFO]     | distill epoch : 3, acc 0.838
[2023-12-28 21:52:13] [INFO]     | distill epoch : 4, acc 0.822
[2023-12-28 21:52:13] [INFO] |servers comunicated: 5, server aggregated: 1, acc_server 2: 0.832.
[2023-12-28 21:52:13] [INFO] --------------------------------------------------
[2023-12-28 21:52:13] [INFO]      ********  servers comunicates  ********      
[2023-12-28 21:52:13] [INFO] ./data/saved-data/mnist_algo_0/alpha_0.5_T_8/server_commu_6_client_commu_2_client_train_5_batch_size_200_num_all_client_9_num_all_server_3_num_client_data_1200_num_public_data_50_proportion_0.8.pt
