[2023-12-28 20:27:15] [INFO] device cuda is used.
[2023-12-28 20:27:15] [INFO] cudnn is actived.
[2023-12-28 20:27:15] [INFO] 
           alpha       :  0.5  
             T         :   8   
         algorithm     :   0   
     num_server_commu  :   2   
     num_client_commu  :   2   
     num_client_train  :   2   
     num_public_train  :   2   
        batch_size     :  200  
          dataset      : mnist 
       model_select    :   1   
      num_all_client   :   9   
      num_all_server   :   3   
      num_client_data  : 1200  
      num_public_data  :  50   
        proportion     :  0.8  

[2023-12-28 20:27:22] [INFO] --------------------------------------------------
[2023-12-28 20:27:22] [INFO] |epoch_server_commu: 0/2
[2023-12-28 20:27:22] [INFO]  |epoch_client_commu: 0/2
[2023-12-28 20:27:22] [INFO]   |server: 0
[2023-12-28 20:27:22] [INFO]    -client 0
[2023-12-28 20:27:23] [INFO]     |  local epoch  : 0, acc 0.098
[2023-12-28 20:27:23] [INFO]     |  local epoch  : 1, acc 0.098
[2023-12-28 20:27:23] [INFO]    -client 1
[2023-12-28 20:27:23] [INFO]     |  local epoch  : 0, acc 0.098
[2023-12-28 20:27:23] [INFO]     |  local epoch  : 1, acc 0.098
[2023-12-28 20:27:23] [INFO]    -client 2
[2023-12-28 20:27:23] [INFO]     |  local epoch  : 0, acc 0.098
[2023-12-28 20:27:23] [INFO]     |  local epoch  : 1, acc 0.098
[2023-12-28 20:27:23] [INFO] |servers comunicated: 0, server aggregated: 0, acc_server 0: 0.098.
[2023-12-28 20:27:23] [INFO] --------------------------------------------------
[2023-12-28 20:27:23] [INFO]   |server: 1
[2023-12-28 20:27:23] [INFO]    -client 3
[2023-12-28 20:27:23] [INFO]     |  local epoch  : 0, acc 0.113
[2023-12-28 20:27:23] [INFO]     |  local epoch  : 1, acc 0.113
[2023-12-28 20:27:23] [INFO]    -client 4
[2023-12-28 20:27:23] [INFO]     |  local epoch  : 0, acc 0.113
[2023-12-28 20:27:23] [INFO]     |  local epoch  : 1, acc 0.113
[2023-12-28 20:27:23] [INFO]    -client 5
[2023-12-28 20:27:23] [INFO]     |  local epoch  : 0, acc 0.113
[2023-12-28 20:27:23] [INFO]     |  local epoch  : 1, acc 0.113
[2023-12-28 20:27:23] [INFO] |servers comunicated: 0, server aggregated: 0, acc_server 1: 0.113.
[2023-12-28 20:27:23] [INFO] --------------------------------------------------
[2023-12-28 20:27:23] [INFO]   |server: 2
[2023-12-28 20:27:23] [INFO]    -client 6
[2023-12-28 20:27:24] [INFO]     |  local epoch  : 0, acc 0.096
[2023-12-28 20:27:24] [INFO]     |  local epoch  : 1, acc 0.096
[2023-12-28 20:27:24] [INFO]    -client 7
[2023-12-28 20:27:24] [INFO]     |  local epoch  : 0, acc 0.096
[2023-12-28 20:27:24] [INFO]     |  local epoch  : 1, acc 0.096
[2023-12-28 20:27:24] [INFO]    -client 8
[2023-12-28 20:27:24] [INFO]     |  local epoch  : 0, acc 0.096
[2023-12-28 20:27:24] [INFO]     |  local epoch  : 1, acc 0.096
[2023-12-28 20:27:24] [INFO] |servers comunicated: 0, server aggregated: 0, acc_server 2: 0.096.
[2023-12-28 20:27:24] [INFO] --------------------------------------------------
[2023-12-28 20:27:24] [INFO]  |epoch_client_commu: 1/2
[2023-12-28 20:27:24] [INFO]   |server: 0
[2023-12-28 20:27:24] [INFO]    -client 0
[2023-12-28 20:27:24] [INFO]     |  local epoch  : 0, acc 0.098
[2023-12-28 20:27:24] [INFO]     |  local epoch  : 1, acc 0.098
[2023-12-28 20:27:24] [INFO]    -client 1
[2023-12-28 20:27:24] [INFO]     |  local epoch  : 0, acc 0.098
[2023-12-28 20:27:24] [INFO]     |  local epoch  : 1, acc 0.098
[2023-12-28 20:27:24] [INFO]    -client 2
[2023-12-28 20:27:24] [INFO]     |  local epoch  : 0, acc 0.098
[2023-12-28 20:27:24] [INFO]     |  local epoch  : 1, acc 0.098
[2023-12-28 20:27:24] [INFO] |servers comunicated: 0, server aggregated: 1, acc_server 0: 0.098.
[2023-12-28 20:27:24] [INFO] --------------------------------------------------
[2023-12-28 20:27:24] [INFO]   |server: 1
[2023-12-28 20:27:24] [INFO]    -client 3
[2023-12-28 20:27:24] [INFO]     |  local epoch  : 0, acc 0.113
[2023-12-28 20:27:24] [INFO]     |  local epoch  : 1, acc 0.113
[2023-12-28 20:27:24] [INFO]    -client 4
[2023-12-28 20:27:24] [INFO]     |  local epoch  : 0, acc 0.113
[2023-12-28 20:27:24] [INFO]     |  local epoch  : 1, acc 0.113
[2023-12-28 20:27:24] [INFO]    -client 5
[2023-12-28 20:27:24] [INFO]     |  local epoch  : 0, acc 0.113
[2023-12-28 20:27:24] [INFO]     |  local epoch  : 1, acc 0.113
[2023-12-28 20:27:25] [INFO] |servers comunicated: 0, server aggregated: 1, acc_server 1: 0.113.
[2023-12-28 20:27:25] [INFO] --------------------------------------------------
[2023-12-28 20:27:25] [INFO]   |server: 2
[2023-12-28 20:27:25] [INFO]    -client 6
[2023-12-28 20:27:25] [INFO]     |  local epoch  : 0, acc 0.096
[2023-12-28 20:27:25] [INFO]     |  local epoch  : 1, acc 0.096
[2023-12-28 20:27:25] [INFO]    -client 7
[2023-12-28 20:27:25] [INFO]     |  local epoch  : 0, acc 0.096
[2023-12-28 20:27:25] [INFO]     |  local epoch  : 1, acc 0.096
[2023-12-28 20:27:25] [INFO]    -client 8
[2023-12-28 20:27:25] [INFO]     |  local epoch  : 0, acc 0.096
[2023-12-28 20:27:25] [INFO]     |  local epoch  : 1, acc 0.096
[2023-12-28 20:27:25] [INFO] |servers comunicated: 0, server aggregated: 1, acc_server 2: 0.096.
[2023-12-28 20:27:25] [INFO] --------------------------------------------------
[2023-12-28 20:27:25] [INFO]      ********  servers comunicates  ********      
[2023-12-28 20:27:25] [INFO] --------------------------------------------------
[2023-12-28 20:27:25] [INFO] |epoch_server_commu: 1/2
[2023-12-28 20:27:25] [INFO]  |epoch_client_commu: 0/2
[2023-12-28 20:27:25] [INFO]   |server: 0
[2023-12-28 20:27:25] [INFO]    -client 0
[2023-12-28 20:27:25] [INFO]     |  local epoch  : 0, acc 0.098
[2023-12-28 20:27:25] [INFO]     |  local epoch  : 1, acc 0.098
