[2023-12-28 21:34:20] [INFO] device cuda is used.
[2023-12-28 21:34:20] [INFO] cudnn is actived.
[2023-12-28 21:34:20] [INFO] 
           alpha       :  0.5  
             T         :   8   
         algorithm     :   0   
     num_server_commu  :   6   
     num_client_commu  :   2   
     num_client_train  :   5   
     num_public_train  :   5   
        batch_size     :  200  
          dataset      : mnist 
       model_select    :   1   
      num_all_client   :   9   
      num_all_server   :   3   
      num_client_data  : 1200  
      num_public_data  :  50   
        proportion     :  0.8  

[2023-12-28 21:34:27] [INFO] --------------------------------------------------
[2023-12-28 21:34:27] [INFO] |epoch_server_commu: 0/6
[2023-12-28 21:34:27] [INFO]  |epoch_client_commu: 0/2
[2023-12-28 21:34:27] [INFO]   |server: 0
[2023-12-28 21:34:27] [INFO]    -client 0
[2023-12-28 21:34:28] [INFO]     |  local epoch  : 0, acc 0.101
[2023-12-28 21:34:28] [INFO]     |  local epoch  : 1, acc 0.101
[2023-12-28 21:34:28] [INFO]     |  local epoch  : 2, acc 0.101
[2023-12-28 21:34:28] [INFO]     |  local epoch  : 3, acc 0.101
[2023-12-28 21:34:28] [INFO]     |  local epoch  : 4, acc 0.101
[2023-12-28 21:34:28] [INFO]    -client 1
[2023-12-28 21:34:28] [INFO]     |  local epoch  : 0, acc 0.101
[2023-12-28 21:34:28] [INFO]     |  local epoch  : 1, acc 0.101
[2023-12-28 21:34:28] [INFO]     |  local epoch  : 2, acc 0.101
[2023-12-28 21:34:28] [INFO]     |  local epoch  : 3, acc 0.101
[2023-12-28 21:34:28] [INFO]     |  local epoch  : 4, acc 0.101
[2023-12-28 21:34:28] [INFO]    -client 2
[2023-12-28 21:34:28] [INFO]     |  local epoch  : 0, acc 0.101
[2023-12-28 21:34:28] [INFO]     |  local epoch  : 1, acc 0.101
[2023-12-28 21:34:28] [INFO]     |  local epoch  : 2, acc 0.101
[2023-12-28 21:34:28] [INFO]     |  local epoch  : 3, acc 0.101
[2023-12-28 21:34:28] [INFO]     |  local epoch  : 4, acc 0.101
[2023-12-28 21:34:28] [INFO] |servers comunicated: 0, server aggregated: 0, acc_server 0: 0.101.
[2023-12-28 21:34:28] [INFO] --------------------------------------------------
[2023-12-28 21:34:28] [INFO]   |server: 1
[2023-12-28 21:34:28] [INFO]    -client 3
[2023-12-28 21:34:28] [INFO]     |  local epoch  : 0, acc 0.103
[2023-12-28 21:34:28] [INFO]     |  local epoch  : 1, acc 0.103
[2023-12-28 21:34:28] [INFO]     |  local epoch  : 2, acc 0.103
[2023-12-28 21:34:28] [INFO]     |  local epoch  : 3, acc 0.103
[2023-12-28 21:34:29] [INFO]     |  local epoch  : 4, acc 0.103
[2023-12-28 21:34:29] [INFO]    -client 4
[2023-12-28 21:34:29] [INFO]     |  local epoch  : 0, acc 0.103
[2023-12-28 21:34:29] [INFO]     |  local epoch  : 1, acc 0.103
[2023-12-28 21:34:29] [INFO]     |  local epoch  : 2, acc 0.103
[2023-12-28 21:34:29] [INFO]     |  local epoch  : 3, acc 0.103
[2023-12-28 21:34:29] [INFO]     |  local epoch  : 4, acc 0.103
[2023-12-28 21:34:29] [INFO]    -client 5
[2023-12-28 21:34:29] [INFO]     |  local epoch  : 0, acc 0.103
[2023-12-28 21:34:29] [INFO]     |  local epoch  : 1, acc 0.103
[2023-12-28 21:34:29] [INFO]     |  local epoch  : 2, acc 0.103
[2023-12-28 21:34:29] [INFO]     |  local epoch  : 3, acc 0.103
[2023-12-28 21:34:29] [INFO]     |  local epoch  : 4, acc 0.103
[2023-12-28 21:34:29] [INFO] |servers comunicated: 0, server aggregated: 0, acc_server 1: 0.103.
[2023-12-28 21:34:29] [INFO] --------------------------------------------------
[2023-12-28 21:34:29] [INFO]   |server: 2
[2023-12-28 21:34:29] [INFO]    -client 6
[2023-12-28 21:34:29] [INFO]     |  local epoch  : 0, acc 0.098
[2023-12-28 21:34:29] [INFO]     |  local epoch  : 1, acc 0.098
[2023-12-28 21:34:29] [INFO]     |  local epoch  : 2, acc 0.098
[2023-12-28 21:34:29] [INFO]     |  local epoch  : 3, acc 0.098
[2023-12-28 21:34:29] [INFO]     |  local epoch  : 4, acc 0.098
[2023-12-28 21:34:29] [INFO]    -client 7
[2023-12-28 21:34:29] [INFO]     |  local epoch  : 0, acc 0.098
[2023-12-28 21:34:29] [INFO]     |  local epoch  : 1, acc 0.098
[2023-12-28 21:34:29] [INFO]     |  local epoch  : 2, acc 0.098
[2023-12-28 21:34:30] [INFO]     |  local epoch  : 3, acc 0.098
[2023-12-28 21:34:30] [INFO]     |  local epoch  : 4, acc 0.098
[2023-12-28 21:34:30] [INFO]    -client 8
[2023-12-28 21:34:30] [INFO]     |  local epoch  : 0, acc 0.098
[2023-12-28 21:34:30] [INFO]     |  local epoch  : 1, acc 0.098
[2023-12-28 21:34:30] [INFO]     |  local epoch  : 2, acc 0.098
[2023-12-28 21:34:30] [INFO]     |  local epoch  : 3, acc 0.098
[2023-12-28 21:34:30] [INFO]     |  local epoch  : 4, acc 0.098
[2023-12-28 21:34:30] [INFO] |servers comunicated: 0, server aggregated: 0, acc_server 2: 0.098.
[2023-12-28 21:34:30] [INFO] --------------------------------------------------
[2023-12-28 21:34:30] [INFO]  |epoch_client_commu: 1/2
[2023-12-28 21:34:30] [INFO]   |server: 0
[2023-12-28 21:34:30] [INFO]    -client 0
[2023-12-28 21:34:30] [INFO]     |  local epoch  : 0, acc 0.101
[2023-12-28 21:34:30] [INFO]     |  local epoch  : 1, acc 0.101
[2023-12-28 21:34:30] [INFO]     |  local epoch  : 2, acc 0.101
[2023-12-28 21:34:30] [INFO]     |  local epoch  : 3, acc 0.101
[2023-12-28 21:34:30] [INFO]     |  local epoch  : 4, acc 0.101
[2023-12-28 21:34:30] [INFO]    -client 1
[2023-12-28 21:34:30] [INFO]     |  local epoch  : 0, acc 0.101
[2023-12-28 21:34:30] [INFO]     |  local epoch  : 1, acc 0.101
[2023-12-28 21:34:30] [INFO]     |  local epoch  : 2, acc 0.101
[2023-12-28 21:34:30] [INFO]     |  local epoch  : 3, acc 0.101
[2023-12-28 21:34:30] [INFO]     |  local epoch  : 4, acc 0.101
[2023-12-28 21:34:30] [INFO]    -client 2
[2023-12-28 21:34:30] [INFO]     |  local epoch  : 0, acc 0.101
[2023-12-28 21:34:30] [INFO]     |  local epoch  : 1, acc 0.101
[2023-12-28 21:34:31] [INFO]     |  local epoch  : 2, acc 0.101
[2023-12-28 21:34:31] [INFO]     |  local epoch  : 3, acc 0.101
[2023-12-28 21:34:31] [INFO]     |  local epoch  : 4, acc 0.101
[2023-12-28 21:34:31] [INFO] |servers comunicated: 0, server aggregated: 1, acc_server 0: 0.101.
[2023-12-28 21:34:31] [INFO] --------------------------------------------------
[2023-12-28 21:34:31] [INFO]   |server: 1
[2023-12-28 21:34:31] [INFO]    -client 3
[2023-12-28 21:34:31] [INFO]     |  local epoch  : 0, acc 0.103
[2023-12-28 21:34:31] [INFO]     |  local epoch  : 1, acc 0.103
[2023-12-28 21:34:31] [INFO]     |  local epoch  : 2, acc 0.103
[2023-12-28 21:34:31] [INFO]     |  local epoch  : 3, acc 0.103
[2023-12-28 21:34:31] [INFO]     |  local epoch  : 4, acc 0.103
[2023-12-28 21:34:31] [INFO]    -client 4
[2023-12-28 21:34:31] [INFO]     |  local epoch  : 0, acc 0.103
[2023-12-28 21:34:31] [INFO]     |  local epoch  : 1, acc 0.103
[2023-12-28 21:34:31] [INFO]     |  local epoch  : 2, acc 0.103
[2023-12-28 21:34:31] [INFO]     |  local epoch  : 3, acc 0.103
[2023-12-28 21:34:31] [INFO]     |  local epoch  : 4, acc 0.103
[2023-12-28 21:34:31] [INFO]    -client 5
[2023-12-28 21:34:31] [INFO]     |  local epoch  : 0, acc 0.103
[2023-12-28 21:34:31] [INFO]     |  local epoch  : 1, acc 0.103
[2023-12-28 21:34:31] [INFO]     |  local epoch  : 2, acc 0.103
[2023-12-28 21:34:31] [INFO]     |  local epoch  : 3, acc 0.103
[2023-12-28 21:34:31] [INFO]     |  local epoch  : 4, acc 0.103
[2023-12-28 21:34:31] [INFO] |servers comunicated: 0, server aggregated: 1, acc_server 1: 0.103.
[2023-12-28 21:34:31] [INFO] --------------------------------------------------
[2023-12-28 21:34:31] [INFO]   |server: 2
[2023-12-28 21:34:31] [INFO]    -client 6
[2023-12-28 21:34:32] [INFO]     |  local epoch  : 0, acc 0.098
[2023-12-28 21:34:32] [INFO]     |  local epoch  : 1, acc 0.098
[2023-12-28 21:34:32] [INFO]     |  local epoch  : 2, acc 0.098
[2023-12-28 21:34:32] [INFO]     |  local epoch  : 3, acc 0.098
[2023-12-28 21:34:32] [INFO]     |  local epoch  : 4, acc 0.098
[2023-12-28 21:34:32] [INFO]    -client 7
[2023-12-28 21:34:32] [INFO]     |  local epoch  : 0, acc 0.098
[2023-12-28 21:34:32] [INFO]     |  local epoch  : 1, acc 0.098
[2023-12-28 21:34:32] [INFO]     |  local epoch  : 2, acc 0.098
[2023-12-28 21:34:32] [INFO]     |  local epoch  : 3, acc 0.098
[2023-12-28 21:34:32] [INFO]     |  local epoch  : 4, acc 0.098
[2023-12-28 21:34:32] [INFO]    -client 8
[2023-12-28 21:34:32] [INFO]     |  local epoch  : 0, acc 0.098
[2023-12-28 21:34:32] [INFO]     |  local epoch  : 1, acc 0.098
[2023-12-28 21:34:32] [INFO]     |  local epoch  : 2, acc 0.098
[2023-12-28 21:34:32] [INFO]     |  local epoch  : 3, acc 0.098
[2023-12-28 21:34:32] [INFO]     |  local epoch  : 4, acc 0.098
[2023-12-28 21:34:32] [INFO] |servers comunicated: 0, server aggregated: 1, acc_server 2: 0.098.
[2023-12-28 21:34:32] [INFO] --------------------------------------------------
[2023-12-28 21:34:32] [INFO]      ********  servers comunicates  ********      
[2023-12-28 21:34:32] [INFO] --------------------------------------------------
[2023-12-28 21:34:32] [INFO] |epoch_server_commu: 1/6
[2023-12-28 21:34:32] [INFO]  |epoch_client_commu: 0/2
[2023-12-28 21:34:32] [INFO]   |server: 0
[2023-12-28 21:34:32] [INFO]    -client 0
[2023-12-28 21:34:32] [INFO]     |  local epoch  : 0, acc 0.101
[2023-12-28 21:34:32] [INFO]     |  local epoch  : 1, acc 0.101
[2023-12-28 21:34:32] [INFO]     |  local epoch  : 2, acc 0.101
[2023-12-28 21:34:32] [INFO]     |  local epoch  : 3, acc 0.101
[2023-12-28 21:34:33] [INFO]     |  local epoch  : 4, acc 0.101
[2023-12-28 21:34:33] [INFO]     | distill epoch : 0, acc 0.101
[2023-12-28 21:34:33] [INFO]     | distill epoch : 1, acc 0.101
[2023-12-28 21:34:33] [INFO]     | distill epoch : 2, acc 0.101
[2023-12-28 21:34:33] [INFO]     | distill epoch : 3, acc 0.101
[2023-12-28 21:34:33] [INFO]     | distill epoch : 4, acc 0.101
[2023-12-28 21:34:33] [INFO]    -client 1
[2023-12-28 21:34:33] [INFO]     |  local epoch  : 0, acc 0.101
[2023-12-28 21:34:33] [INFO]     |  local epoch  : 1, acc 0.101
[2023-12-28 21:34:33] [INFO]     |  local epoch  : 2, acc 0.101
[2023-12-28 21:34:33] [INFO]     |  local epoch  : 3, acc 0.101
[2023-12-28 21:34:33] [INFO]     |  local epoch  : 4, acc 0.101
[2023-12-28 21:34:33] [INFO]     | distill epoch : 0, acc 0.101
[2023-12-28 21:34:33] [INFO]     | distill epoch : 1, acc 0.101
[2023-12-28 21:34:33] [INFO]     | distill epoch : 2, acc 0.101
[2023-12-28 21:34:33] [INFO]     | distill epoch : 3, acc 0.101
[2023-12-28 21:34:33] [INFO]     | distill epoch : 4, acc 0.101
[2023-12-28 21:34:33] [INFO]    -client 2
[2023-12-28 21:34:34] [INFO]     |  local epoch  : 0, acc 0.101
[2023-12-28 21:34:34] [INFO]     |  local epoch  : 1, acc 0.101
[2023-12-28 21:34:34] [INFO]     |  local epoch  : 2, acc 0.101
[2023-12-28 21:34:34] [INFO]     |  local epoch  : 3, acc 0.101
[2023-12-28 21:34:34] [INFO]     |  local epoch  : 4, acc 0.101
[2023-12-28 21:34:34] [INFO]     | distill epoch : 0, acc 0.101
[2023-12-28 21:34:34] [INFO]     | distill epoch : 1, acc 0.101
[2023-12-28 21:34:34] [INFO]     | distill epoch : 2, acc 0.101
[2023-12-28 21:34:34] [INFO]     | distill epoch : 3, acc 0.101
[2023-12-28 21:34:34] [INFO]     | distill epoch : 4, acc 0.101
[2023-12-28 21:34:34] [INFO] |servers comunicated: 1, server aggregated: 0, acc_server 0: 0.101.
[2023-12-28 21:34:34] [INFO] --------------------------------------------------
[2023-12-28 21:34:34] [INFO]   |server: 1
[2023-12-28 21:34:34] [INFO]    -client 3
[2023-12-28 21:34:34] [INFO]     |  local epoch  : 0, acc 0.103
[2023-12-28 21:34:34] [INFO]     |  local epoch  : 1, acc 0.103
[2023-12-28 21:34:34] [INFO]     |  local epoch  : 2, acc 0.103
[2023-12-28 21:34:34] [INFO]     |  local epoch  : 3, acc 0.103
[2023-12-28 21:34:34] [INFO]     |  local epoch  : 4, acc 0.103
[2023-12-28 21:34:34] [INFO]     | distill epoch : 0, acc 0.103
[2023-12-28 21:34:34] [INFO]     | distill epoch : 1, acc 0.103
[2023-12-28 21:34:34] [INFO]     | distill epoch : 2, acc 0.103
[2023-12-28 21:34:34] [INFO]     | distill epoch : 3, acc 0.104
[2023-12-28 21:34:34] [INFO]     | distill epoch : 4, acc 0.108
[2023-12-28 21:34:34] [INFO]    -client 4
[2023-12-28 21:34:35] [INFO]     |  local epoch  : 0, acc 0.103
[2023-12-28 21:34:35] [INFO]     |  local epoch  : 1, acc 0.103
[2023-12-28 21:34:35] [INFO]     |  local epoch  : 2, acc 0.103
[2023-12-28 21:34:35] [INFO]     |  local epoch  : 3, acc 0.103
[2023-12-28 21:34:35] [INFO]     |  local epoch  : 4, acc 0.103
[2023-12-28 21:34:35] [INFO]     | distill epoch : 0, acc 0.103
[2023-12-28 21:34:35] [INFO]     | distill epoch : 1, acc 0.103
[2023-12-28 21:34:35] [INFO]     | distill epoch : 2, acc 0.103
[2023-12-28 21:34:35] [INFO]     | distill epoch : 3, acc 0.106
[2023-12-28 21:34:35] [INFO]     | distill epoch : 4, acc 0.113
[2023-12-28 21:34:35] [INFO]    -client 5
[2023-12-28 21:34:35] [INFO]     |  local epoch  : 0, acc 0.103
[2023-12-28 21:34:35] [INFO]     |  local epoch  : 1, acc 0.103
[2023-12-28 21:34:35] [INFO]     |  local epoch  : 2, acc 0.103
[2023-12-28 21:34:35] [INFO]     |  local epoch  : 3, acc 0.103
[2023-12-28 21:34:35] [INFO]     |  local epoch  : 4, acc 0.103
[2023-12-28 21:34:35] [INFO]     | distill epoch : 0, acc 0.103
[2023-12-28 21:34:35] [INFO]     | distill epoch : 1, acc 0.103
[2023-12-28 21:34:35] [INFO]     | distill epoch : 2, acc 0.103
[2023-12-28 21:34:35] [INFO]     | distill epoch : 3, acc 0.104
[2023-12-28 21:34:35] [INFO]     | distill epoch : 4, acc 0.109
[2023-12-28 21:34:35] [INFO] |servers comunicated: 1, server aggregated: 0, acc_server 1: 0.110.
[2023-12-28 21:34:35] [INFO] --------------------------------------------------
[2023-12-28 21:34:35] [INFO]   |server: 2
[2023-12-28 21:34:35] [INFO]    -client 6
[2023-12-28 21:34:36] [INFO]     |  local epoch  : 0, acc 0.098
[2023-12-28 21:34:36] [INFO]     |  local epoch  : 1, acc 0.098
[2023-12-28 21:34:36] [INFO]     |  local epoch  : 2, acc 0.098
[2023-12-28 21:34:36] [INFO]     |  local epoch  : 3, acc 0.098
[2023-12-28 21:34:36] [INFO]     |  local epoch  : 4, acc 0.098
[2023-12-28 21:34:36] [INFO]     | distill epoch : 0, acc 0.098
[2023-12-28 21:34:36] [INFO]     | distill epoch : 1, acc 0.098
[2023-12-28 21:34:36] [INFO]     | distill epoch : 2, acc 0.098
[2023-12-28 21:34:36] [INFO]     | distill epoch : 3, acc 0.098
[2023-12-28 21:34:36] [INFO]     | distill epoch : 4, acc 0.098
[2023-12-28 21:34:36] [INFO]    -client 7
[2023-12-28 21:34:36] [INFO]     |  local epoch  : 0, acc 0.098
[2023-12-28 21:34:36] [INFO]     |  local epoch  : 1, acc 0.098
[2023-12-28 21:34:36] [INFO]     |  local epoch  : 2, acc 0.098
[2023-12-28 21:34:36] [INFO]     |  local epoch  : 3, acc 0.098
[2023-12-28 21:34:36] [INFO]     |  local epoch  : 4, acc 0.098
[2023-12-28 21:34:36] [INFO]     | distill epoch : 0, acc 0.098
[2023-12-28 21:34:36] [INFO]     | distill epoch : 1, acc 0.098
[2023-12-28 21:34:36] [INFO]     | distill epoch : 2, acc 0.098
[2023-12-28 21:34:36] [INFO]     | distill epoch : 3, acc 0.098
[2023-12-28 21:34:36] [INFO]     | distill epoch : 4, acc 0.098
[2023-12-28 21:34:36] [INFO]    -client 8
[2023-12-28 21:34:37] [INFO]     |  local epoch  : 0, acc 0.098
[2023-12-28 21:34:37] [INFO]     |  local epoch  : 1, acc 0.098
[2023-12-28 21:34:37] [INFO]     |  local epoch  : 2, acc 0.098
[2023-12-28 21:34:37] [INFO]     |  local epoch  : 3, acc 0.098
[2023-12-28 21:34:37] [INFO]     |  local epoch  : 4, acc 0.098
[2023-12-28 21:34:37] [INFO]     | distill epoch : 0, acc 0.098
[2023-12-28 21:34:37] [INFO]     | distill epoch : 1, acc 0.098
[2023-12-28 21:34:37] [INFO]     | distill epoch : 2, acc 0.098
[2023-12-28 21:34:37] [INFO]     | distill epoch : 3, acc 0.098
[2023-12-28 21:34:37] [INFO]     | distill epoch : 4, acc 0.098
[2023-12-28 21:34:37] [INFO] |servers comunicated: 1, server aggregated: 0, acc_server 2: 0.098.
[2023-12-28 21:34:37] [INFO] --------------------------------------------------
[2023-12-28 21:34:37] [INFO]  |epoch_client_commu: 1/2
[2023-12-28 21:34:37] [INFO]   |server: 0
[2023-12-28 21:34:37] [INFO]    -client 0
[2023-12-28 21:34:37] [INFO]     |  local epoch  : 0, acc 0.101
[2023-12-28 21:34:37] [INFO]     |  local epoch  : 1, acc 0.101
[2023-12-28 21:34:37] [INFO]     |  local epoch  : 2, acc 0.101
[2023-12-28 21:34:37] [INFO]     |  local epoch  : 3, acc 0.101
[2023-12-28 21:34:37] [INFO]     |  local epoch  : 4, acc 0.101
[2023-12-28 21:34:37] [INFO]     | distill epoch : 0, acc 0.101
[2023-12-28 21:34:37] [INFO]     | distill epoch : 1, acc 0.101
[2023-12-28 21:34:37] [INFO]     | distill epoch : 2, acc 0.102
[2023-12-28 21:34:37] [INFO]     | distill epoch : 3, acc 0.104
[2023-12-28 21:34:37] [INFO]     | distill epoch : 4, acc 0.109
[2023-12-28 21:34:37] [INFO]    -client 1
[2023-12-28 21:34:38] [INFO]     |  local epoch  : 0, acc 0.101
[2023-12-28 21:34:38] [INFO]     |  local epoch  : 1, acc 0.101
[2023-12-28 21:34:38] [INFO]     |  local epoch  : 2, acc 0.101
[2023-12-28 21:34:38] [INFO]     |  local epoch  : 3, acc 0.101
[2023-12-28 21:34:38] [INFO]     |  local epoch  : 4, acc 0.101
[2023-12-28 21:34:38] [INFO]     | distill epoch : 0, acc 0.101
[2023-12-28 21:34:38] [INFO]     | distill epoch : 1, acc 0.102
[2023-12-28 21:34:38] [INFO]     | distill epoch : 2, acc 0.106
[2023-12-28 21:34:38] [INFO]     | distill epoch : 3, acc 0.111
[2023-12-28 21:34:38] [INFO]     | distill epoch : 4, acc 0.127
[2023-12-28 21:34:38] [INFO]    -client 2
[2023-12-28 21:34:38] [INFO]     |  local epoch  : 0, acc 0.101
[2023-12-28 21:34:38] [INFO]     |  local epoch  : 1, acc 0.101
[2023-12-28 21:34:38] [INFO]     |  local epoch  : 2, acc 0.101
[2023-12-28 21:34:38] [INFO]     |  local epoch  : 3, acc 0.101
[2023-12-28 21:34:38] [INFO]     |  local epoch  : 4, acc 0.101
[2023-12-28 21:34:38] [INFO]     | distill epoch : 0, acc 0.101
[2023-12-28 21:34:38] [INFO]     | distill epoch : 1, acc 0.101
[2023-12-28 21:34:38] [INFO]     | distill epoch : 2, acc 0.101
[2023-12-28 21:34:38] [INFO]     | distill epoch : 3, acc 0.103
[2023-12-28 21:34:38] [INFO]     | distill epoch : 4, acc 0.108
[2023-12-28 21:34:38] [INFO] |servers comunicated: 1, server aggregated: 1, acc_server 0: 0.112.
[2023-12-28 21:34:38] [INFO] --------------------------------------------------
[2023-12-28 21:34:38] [INFO]   |server: 1
[2023-12-28 21:34:38] [INFO]    -client 3
[2023-12-28 21:34:39] [INFO]     |  local epoch  : 0, acc 0.103
[2023-12-28 21:34:39] [INFO]     |  local epoch  : 1, acc 0.103
[2023-12-28 21:34:39] [INFO]     |  local epoch  : 2, acc 0.110
[2023-12-28 21:34:39] [INFO]     |  local epoch  : 3, acc 0.136
[2023-12-28 21:34:39] [INFO]     |  local epoch  : 4, acc 0.170
[2023-12-28 21:34:39] [INFO]     | distill epoch : 0, acc 0.203
[2023-12-28 21:34:39] [INFO]     | distill epoch : 1, acc 0.231
[2023-12-28 21:34:39] [INFO]     | distill epoch : 2, acc 0.254
[2023-12-28 21:34:39] [INFO]     | distill epoch : 3, acc 0.266
[2023-12-28 21:34:39] [INFO]     | distill epoch : 4, acc 0.271
[2023-12-28 21:34:39] [INFO]    -client 4
[2023-12-28 21:34:39] [INFO]     |  local epoch  : 0, acc 0.103
[2023-12-28 21:34:39] [INFO]     |  local epoch  : 1, acc 0.103
[2023-12-28 21:34:39] [INFO]     |  local epoch  : 2, acc 0.109
[2023-12-28 21:34:39] [INFO]     |  local epoch  : 3, acc 0.140
[2023-12-28 21:34:39] [INFO]     |  local epoch  : 4, acc 0.175
[2023-12-28 21:34:39] [INFO]     | distill epoch : 0, acc 0.207
[2023-12-28 21:34:39] [INFO]     | distill epoch : 1, acc 0.234
[2023-12-28 21:34:39] [INFO]     | distill epoch : 2, acc 0.254
[2023-12-28 21:34:39] [INFO]     | distill epoch : 3, acc 0.264
[2023-12-28 21:34:39] [INFO]     | distill epoch : 4, acc 0.265
[2023-12-28 21:34:39] [INFO]    -client 5
[2023-12-28 21:34:39] [INFO]     |  local epoch  : 0, acc 0.103
[2023-12-28 21:34:40] [INFO]     |  local epoch  : 1, acc 0.103
[2023-12-28 21:34:40] [INFO]     |  local epoch  : 2, acc 0.114
[2023-12-28 21:34:40] [INFO]     |  local epoch  : 3, acc 0.134
[2023-12-28 21:34:40] [INFO]     |  local epoch  : 4, acc 0.180
[2023-12-28 21:34:40] [INFO]     | distill epoch : 0, acc 0.221
[2023-12-28 21:34:40] [INFO]     | distill epoch : 1, acc 0.256
[2023-12-28 21:34:40] [INFO]     | distill epoch : 2, acc 0.293
[2023-12-28 21:34:40] [INFO]     | distill epoch : 3, acc 0.320
[2023-12-28 21:34:40] [INFO]     | distill epoch : 4, acc 0.339
[2023-12-28 21:34:40] [INFO] |servers comunicated: 1, server aggregated: 1, acc_server 1: 0.284.
[2023-12-28 21:34:40] [INFO] --------------------------------------------------
[2023-12-28 21:34:40] [INFO]   |server: 2
[2023-12-28 21:34:40] [INFO]    -client 6
[2023-12-28 21:34:40] [INFO]     |  local epoch  : 0, acc 0.098
[2023-12-28 21:34:40] [INFO]     |  local epoch  : 1, acc 0.098
[2023-12-28 21:34:40] [INFO]     |  local epoch  : 2, acc 0.098
[2023-12-28 21:34:40] [INFO]     |  local epoch  : 3, acc 0.100
[2023-12-28 21:34:40] [INFO]     |  local epoch  : 4, acc 0.109
[2023-12-28 21:34:40] [INFO]     | distill epoch : 0, acc 0.119
[2023-12-28 21:34:40] [INFO]     | distill epoch : 1, acc 0.138
[2023-12-28 21:34:40] [INFO]     | distill epoch : 2, acc 0.164
[2023-12-28 21:34:40] [INFO]     | distill epoch : 3, acc 0.191
[2023-12-28 21:34:40] [INFO]     | distill epoch : 4, acc 0.210
[2023-12-28 21:34:40] [INFO]    -client 7
[2023-12-28 21:34:41] [INFO]     |  local epoch  : 0, acc 0.098
[2023-12-28 21:34:41] [INFO]     |  local epoch  : 1, acc 0.098
[2023-12-28 21:34:41] [INFO]     |  local epoch  : 2, acc 0.098
[2023-12-28 21:34:41] [INFO]     |  local epoch  : 3, acc 0.099
[2023-12-28 21:34:41] [INFO]     |  local epoch  : 4, acc 0.112
[2023-12-28 21:34:41] [INFO]     | distill epoch : 0, acc 0.129
[2023-12-28 21:34:41] [INFO]     | distill epoch : 1, acc 0.147
[2023-12-28 21:34:41] [INFO]     | distill epoch : 2, acc 0.171
[2023-12-28 21:34:41] [INFO]     | distill epoch : 3, acc 0.191
[2023-12-28 21:34:41] [INFO]     | distill epoch : 4, acc 0.221
[2023-12-28 21:34:41] [INFO]    -client 8
[2023-12-28 21:34:41] [INFO]     |  local epoch  : 0, acc 0.098
[2023-12-28 21:34:41] [INFO]     |  local epoch  : 1, acc 0.098
[2023-12-28 21:34:41] [INFO]     |  local epoch  : 2, acc 0.098
[2023-12-28 21:34:41] [INFO]     |  local epoch  : 3, acc 0.099
[2023-12-28 21:34:41] [INFO]     |  local epoch  : 4, acc 0.120
[2023-12-28 21:34:41] [INFO]     | distill epoch : 0, acc 0.136
[2023-12-28 21:34:41] [INFO]     | distill epoch : 1, acc 0.151
[2023-12-28 21:34:41] [INFO]     | distill epoch : 2, acc 0.171
[2023-12-28 21:34:41] [INFO]     | distill epoch : 3, acc 0.191
[2023-12-28 21:34:41] [INFO]     | distill epoch : 4, acc 0.223
[2023-12-28 21:34:41] [INFO] |servers comunicated: 1, server aggregated: 1, acc_server 2: 0.228.
[2023-12-28 21:34:41] [INFO] --------------------------------------------------
[2023-12-28 21:34:41] [INFO]      ********  servers comunicates  ********      
[2023-12-28 21:34:41] [INFO] --------------------------------------------------
[2023-12-28 21:34:41] [INFO] |epoch_server_commu: 2/6
[2023-12-28 21:34:41] [INFO]  |epoch_client_commu: 0/2
[2023-12-28 21:34:41] [INFO]   |server: 0
[2023-12-28 21:34:41] [INFO]    -client 0
[2023-12-28 21:34:42] [INFO]     |  local epoch  : 0, acc 0.101
[2023-12-28 21:34:42] [INFO]     |  local epoch  : 1, acc 0.101
[2023-12-28 21:34:42] [INFO]     |  local epoch  : 2, acc 0.106
[2023-12-28 21:34:42] [INFO]     |  local epoch  : 3, acc 0.133
[2023-12-28 21:34:42] [INFO]     |  local epoch  : 4, acc 0.178
[2023-12-28 21:34:42] [INFO]     | distill epoch : 0, acc 0.199
[2023-12-28 21:34:42] [INFO]     | distill epoch : 1, acc 0.214
[2023-12-28 21:34:42] [INFO]     | distill epoch : 2, acc 0.223
[2023-12-28 21:34:42] [INFO]     | distill epoch : 3, acc 0.222
[2023-12-28 21:34:42] [INFO]     | distill epoch : 4, acc 0.219
[2023-12-28 21:34:42] [INFO]    -client 1
[2023-12-28 21:34:42] [INFO]     |  local epoch  : 0, acc 0.101
[2023-12-28 21:34:42] [INFO]     |  local epoch  : 1, acc 0.103
[2023-12-28 21:34:42] [INFO]     |  local epoch  : 2, acc 0.118
[2023-12-28 21:34:42] [INFO]     |  local epoch  : 3, acc 0.131
[2023-12-28 21:34:42] [INFO]     |  local epoch  : 4, acc 0.190
[2023-12-28 21:34:42] [INFO]     | distill epoch : 0, acc 0.216
[2023-12-28 21:34:42] [INFO]     | distill epoch : 1, acc 0.237
[2023-12-28 21:34:42] [INFO]     | distill epoch : 2, acc 0.250
[2023-12-28 21:34:42] [INFO]     | distill epoch : 3, acc 0.253
[2023-12-28 21:34:42] [INFO]     | distill epoch : 4, acc 0.248
[2023-12-28 21:34:42] [INFO]    -client 2
[2023-12-28 21:34:42] [INFO]     |  local epoch  : 0, acc 0.101
[2023-12-28 21:34:43] [INFO]     |  local epoch  : 1, acc 0.102
[2023-12-28 21:34:43] [INFO]     |  local epoch  : 2, acc 0.108
[2023-12-28 21:34:43] [INFO]     |  local epoch  : 3, acc 0.145
[2023-12-28 21:34:43] [INFO]     |  local epoch  : 4, acc 0.192
[2023-12-28 21:34:43] [INFO]     | distill epoch : 0, acc 0.212
[2023-12-28 21:34:43] [INFO]     | distill epoch : 1, acc 0.231
[2023-12-28 21:34:43] [INFO]     | distill epoch : 2, acc 0.242
[2023-12-28 21:34:43] [INFO]     | distill epoch : 3, acc 0.244
[2023-12-28 21:34:43] [INFO]     | distill epoch : 4, acc 0.246
[2023-12-28 21:34:43] [INFO] |servers comunicated: 2, server aggregated: 0, acc_server 0: 0.229.
[2023-12-28 21:34:43] [INFO] --------------------------------------------------
[2023-12-28 21:34:43] [INFO]   |server: 1
[2023-12-28 21:34:43] [INFO]    -client 3
[2023-12-28 21:34:43] [INFO]     |  local epoch  : 0, acc 0.189
[2023-12-28 21:34:43] [INFO]     |  local epoch  : 1, acc 0.237
[2023-12-28 21:34:43] [INFO]     |  local epoch  : 2, acc 0.235
[2023-12-28 21:34:43] [INFO]     |  local epoch  : 3, acc 0.250
[2023-12-28 21:34:43] [INFO]     |  local epoch  : 4, acc 0.283
[2023-12-28 21:34:43] [INFO]     | distill epoch : 0, acc 0.295
[2023-12-28 21:34:43] [INFO]     | distill epoch : 1, acc 0.302
[2023-12-28 21:34:43] [INFO]     | distill epoch : 2, acc 0.311
[2023-12-28 21:34:43] [INFO]     | distill epoch : 3, acc 0.323
[2023-12-28 21:34:43] [INFO]     | distill epoch : 4, acc 0.339
[2023-12-28 21:34:43] [INFO]    -client 4
[2023-12-28 21:34:43] [INFO]     |  local epoch  : 0, acc 0.194
[2023-12-28 21:34:44] [INFO]     |  local epoch  : 1, acc 0.235
[2023-12-28 21:34:44] [INFO]     |  local epoch  : 2, acc 0.253
[2023-12-28 21:34:44] [INFO]     |  local epoch  : 3, acc 0.263
[2023-12-28 21:34:44] [INFO]     |  local epoch  : 4, acc 0.292
[2023-12-28 21:34:44] [INFO]     | distill epoch : 0, acc 0.298
[2023-12-28 21:34:44] [INFO]     | distill epoch : 1, acc 0.298
[2023-12-28 21:34:44] [INFO]     | distill epoch : 2, acc 0.294
[2023-12-28 21:34:44] [INFO]     | distill epoch : 3, acc 0.306
[2023-12-28 21:34:44] [INFO]     | distill epoch : 4, acc 0.319
[2023-12-28 21:34:44] [INFO]    -client 5
[2023-12-28 21:34:44] [INFO]     |  local epoch  : 0, acc 0.188
[2023-12-28 21:34:44] [INFO]     |  local epoch  : 1, acc 0.250
[2023-12-28 21:34:44] [INFO]     |  local epoch  : 2, acc 0.257
[2023-12-28 21:34:44] [INFO]     |  local epoch  : 3, acc 0.280
[2023-12-28 21:34:44] [INFO]     |  local epoch  : 4, acc 0.310
[2023-12-28 21:34:44] [INFO]     | distill epoch : 0, acc 0.321
[2023-12-28 21:34:44] [INFO]     | distill epoch : 1, acc 0.329
[2023-12-28 21:34:44] [INFO]     | distill epoch : 2, acc 0.339
[2023-12-28 21:34:44] [INFO]     | distill epoch : 3, acc 0.360
[2023-12-28 21:34:44] [INFO]     | distill epoch : 4, acc 0.379
[2023-12-28 21:34:44] [INFO] |servers comunicated: 2, server aggregated: 0, acc_server 1: 0.343.
[2023-12-28 21:34:44] [INFO] --------------------------------------------------
[2023-12-28 21:34:44] [INFO]   |server: 2
[2023-12-28 21:34:44] [INFO]    -client 6
[2023-12-28 21:34:44] [INFO]     |  local epoch  : 0, acc 0.118
[2023-12-28 21:34:45] [INFO]     |  local epoch  : 1, acc 0.164
[2023-12-28 21:34:45] [INFO]     |  local epoch  : 2, acc 0.245
[2023-12-28 21:34:45] [INFO]     |  local epoch  : 3, acc 0.274
[2023-12-28 21:34:45] [INFO]     |  local epoch  : 4, acc 0.338
[2023-12-28 21:34:45] [INFO]     | distill epoch : 0, acc 0.384
[2023-12-28 21:34:45] [INFO]     | distill epoch : 1, acc 0.398
[2023-12-28 21:34:45] [INFO]     | distill epoch : 2, acc 0.396
[2023-12-28 21:34:45] [INFO]     | distill epoch : 3, acc 0.389
[2023-12-28 21:34:45] [INFO]     | distill epoch : 4, acc 0.375
[2023-12-28 21:34:45] [INFO]    -client 7
[2023-12-28 21:34:45] [INFO]     |  local epoch  : 0, acc 0.118
[2023-12-28 21:34:45] [INFO]     |  local epoch  : 1, acc 0.166
[2023-12-28 21:34:45] [INFO]     |  local epoch  : 2, acc 0.174
[2023-12-28 21:34:45] [INFO]     |  local epoch  : 3, acc 0.222
[2023-12-28 21:34:45] [INFO]     |  local epoch  : 4, acc 0.275
[2023-12-28 21:34:45] [INFO]     | distill epoch : 0, acc 0.304
[2023-12-28 21:34:45] [INFO]     | distill epoch : 1, acc 0.326
[2023-12-28 21:34:45] [INFO]     | distill epoch : 2, acc 0.329
[2023-12-28 21:34:45] [INFO]     | distill epoch : 3, acc 0.329
[2023-12-28 21:34:45] [INFO]     | distill epoch : 4, acc 0.332
[2023-12-28 21:34:45] [INFO]    -client 8
[2023-12-28 21:34:45] [INFO]     |  local epoch  : 0, acc 0.118
[2023-12-28 21:34:45] [INFO]     |  local epoch  : 1, acc 0.140
[2023-12-28 21:34:46] [INFO]     |  local epoch  : 2, acc 0.213
[2023-12-28 21:34:46] [INFO]     |  local epoch  : 3, acc 0.215
[2023-12-28 21:34:46] [INFO]     |  local epoch  : 4, acc 0.277
[2023-12-28 21:34:46] [INFO]     | distill epoch : 0, acc 0.317
[2023-12-28 21:34:46] [INFO]     | distill epoch : 1, acc 0.343
[2023-12-28 21:34:46] [INFO]     | distill epoch : 2, acc 0.365
[2023-12-28 21:34:46] [INFO]     | distill epoch : 3, acc 0.376
[2023-12-28 21:34:46] [INFO]     | distill epoch : 4, acc 0.377
[2023-12-28 21:34:46] [INFO] |servers comunicated: 2, server aggregated: 0, acc_server 2: 0.375.
[2023-12-28 21:34:46] [INFO] --------------------------------------------------
[2023-12-28 21:34:46] [INFO]  |epoch_client_commu: 1/2
[2023-12-28 21:34:46] [INFO]   |server: 0
[2023-12-28 21:34:46] [INFO]    -client 0
[2023-12-28 21:34:46] [INFO]     |  local epoch  : 0, acc 0.186
[2023-12-28 21:34:46] [INFO]     |  local epoch  : 1, acc 0.211
[2023-12-28 21:34:46] [INFO]     |  local epoch  : 2, acc 0.228
[2023-12-28 21:34:46] [INFO]     |  local epoch  : 3, acc 0.234
[2023-12-28 21:34:46] [INFO]     |  local epoch  : 4, acc 0.261
[2023-12-28 21:34:46] [INFO]     | distill epoch : 0, acc 0.282
[2023-12-28 21:34:46] [INFO]     | distill epoch : 1, acc 0.298
[2023-12-28 21:34:46] [INFO]     | distill epoch : 2, acc 0.310
[2023-12-28 21:34:46] [INFO]     | distill epoch : 3, acc 0.322
[2023-12-28 21:34:46] [INFO]     | distill epoch : 4, acc 0.328
[2023-12-28 21:34:46] [INFO]    -client 1
[2023-12-28 21:34:46] [INFO]     |  local epoch  : 0, acc 0.185
[2023-12-28 21:34:46] [INFO]     |  local epoch  : 1, acc 0.208
[2023-12-28 21:34:47] [INFO]     |  local epoch  : 2, acc 0.242
[2023-12-28 21:34:47] [INFO]     |  local epoch  : 3, acc 0.242
[2023-12-28 21:34:47] [INFO]     |  local epoch  : 4, acc 0.261
[2023-12-28 21:34:47] [INFO]     | distill epoch : 0, acc 0.288
[2023-12-28 21:34:47] [INFO]     | distill epoch : 1, acc 0.317
[2023-12-28 21:34:47] [INFO]     | distill epoch : 2, acc 0.344
[2023-12-28 21:34:47] [INFO]     | distill epoch : 3, acc 0.370
[2023-12-28 21:34:47] [INFO]     | distill epoch : 4, acc 0.382
[2023-12-28 21:34:47] [INFO]    -client 2
[2023-12-28 21:34:47] [INFO]     |  local epoch  : 0, acc 0.187
[2023-12-28 21:34:47] [INFO]     |  local epoch  : 1, acc 0.213
[2023-12-28 21:34:47] [INFO]     |  local epoch  : 2, acc 0.233
[2023-12-28 21:34:47] [INFO]     |  local epoch  : 3, acc 0.257
[2023-12-28 21:34:47] [INFO]     |  local epoch  : 4, acc 0.275
[2023-12-28 21:34:47] [INFO]     | distill epoch : 0, acc 0.312
[2023-12-28 21:34:47] [INFO]     | distill epoch : 1, acc 0.339
[2023-12-28 21:34:47] [INFO]     | distill epoch : 2, acc 0.362
[2023-12-28 21:34:47] [INFO]     | distill epoch : 3, acc 0.361
[2023-12-28 21:34:47] [INFO]     | distill epoch : 4, acc 0.361
[2023-12-28 21:34:47] [INFO] |servers comunicated: 2, server aggregated: 1, acc_server 0: 0.377.
[2023-12-28 21:34:47] [INFO] --------------------------------------------------
[2023-12-28 21:34:47] [INFO]   |server: 1
[2023-12-28 21:34:47] [INFO]    -client 3
[2023-12-28 21:34:47] [INFO]     |  local epoch  : 0, acc 0.289
[2023-12-28 21:34:47] [INFO]     |  local epoch  : 1, acc 0.305
[2023-12-28 21:34:48] [INFO]     |  local epoch  : 2, acc 0.339
[2023-12-28 21:34:48] [INFO]     |  local epoch  : 3, acc 0.398
[2023-12-28 21:34:48] [INFO]     |  local epoch  : 4, acc 0.443
[2023-12-28 21:34:48] [INFO]     | distill epoch : 0, acc 0.487
[2023-12-28 21:34:48] [INFO]     | distill epoch : 1, acc 0.518
[2023-12-28 21:34:48] [INFO]     | distill epoch : 2, acc 0.540
[2023-12-28 21:34:48] [INFO]     | distill epoch : 3, acc 0.544
[2023-12-28 21:34:48] [INFO]     | distill epoch : 4, acc 0.539
[2023-12-28 21:34:48] [INFO]    -client 4
[2023-12-28 21:34:48] [INFO]     |  local epoch  : 0, acc 0.294
[2023-12-28 21:34:48] [INFO]     |  local epoch  : 1, acc 0.324
[2023-12-28 21:34:48] [INFO]     |  local epoch  : 2, acc 0.346
[2023-12-28 21:34:48] [INFO]     |  local epoch  : 3, acc 0.386
[2023-12-28 21:34:48] [INFO]     |  local epoch  : 4, acc 0.400
[2023-12-28 21:34:48] [INFO]     | distill epoch : 0, acc 0.431
[2023-12-28 21:34:48] [INFO]     | distill epoch : 1, acc 0.461
[2023-12-28 21:34:48] [INFO]     | distill epoch : 2, acc 0.489
[2023-12-28 21:34:48] [INFO]     | distill epoch : 3, acc 0.504
[2023-12-28 21:34:48] [INFO]     | distill epoch : 4, acc 0.521
[2023-12-28 21:34:48] [INFO]    -client 5
[2023-12-28 21:34:48] [INFO]     |  local epoch  : 0, acc 0.299
[2023-12-28 21:34:48] [INFO]     |  local epoch  : 1, acc 0.339
[2023-12-28 21:34:48] [INFO]     |  local epoch  : 2, acc 0.361
[2023-12-28 21:34:49] [INFO]     |  local epoch  : 3, acc 0.374
[2023-12-28 21:34:49] [INFO]     |  local epoch  : 4, acc 0.386
[2023-12-28 21:34:49] [INFO]     | distill epoch : 0, acc 0.423
[2023-12-28 21:34:49] [INFO]     | distill epoch : 1, acc 0.466
[2023-12-28 21:34:49] [INFO]     | distill epoch : 2, acc 0.499
[2023-12-28 21:34:49] [INFO]     | distill epoch : 3, acc 0.531
[2023-12-28 21:34:49] [INFO]     | distill epoch : 4, acc 0.547
[2023-12-28 21:34:49] [INFO] |servers comunicated: 2, server aggregated: 1, acc_server 1: 0.541.
[2023-12-28 21:34:49] [INFO] --------------------------------------------------
[2023-12-28 21:34:49] [INFO]   |server: 2
[2023-12-28 21:34:49] [INFO]    -client 6
[2023-12-28 21:34:49] [INFO]     |  local epoch  : 0, acc 0.328
[2023-12-28 21:34:49] [INFO]     |  local epoch  : 1, acc 0.430
[2023-12-28 21:34:49] [INFO]     |  local epoch  : 2, acc 0.464
[2023-12-28 21:34:49] [INFO]     |  local epoch  : 3, acc 0.534
[2023-12-28 21:34:49] [INFO]     |  local epoch  : 4, acc 0.560
[2023-12-28 21:34:49] [INFO]     | distill epoch : 0, acc 0.590
[2023-12-28 21:34:49] [INFO]     | distill epoch : 1, acc 0.592
[2023-12-28 21:34:49] [INFO]     | distill epoch : 2, acc 0.579
[2023-12-28 21:34:49] [INFO]     | distill epoch : 3, acc 0.562
[2023-12-28 21:34:49] [INFO]     | distill epoch : 4, acc 0.565
[2023-12-28 21:34:49] [INFO]    -client 7
[2023-12-28 21:34:49] [INFO]     |  local epoch  : 0, acc 0.317
[2023-12-28 21:34:49] [INFO]     |  local epoch  : 1, acc 0.391
[2023-12-28 21:34:49] [INFO]     |  local epoch  : 2, acc 0.464
[2023-12-28 21:34:50] [INFO]     |  local epoch  : 3, acc 0.486
[2023-12-28 21:34:50] [INFO]     |  local epoch  : 4, acc 0.483
[2023-12-28 21:34:50] [INFO]     | distill epoch : 0, acc 0.496
[2023-12-28 21:34:50] [INFO]     | distill epoch : 1, acc 0.492
[2023-12-28 21:34:50] [INFO]     | distill epoch : 2, acc 0.484
[2023-12-28 21:34:50] [INFO]     | distill epoch : 3, acc 0.487
[2023-12-28 21:34:50] [INFO]     | distill epoch : 4, acc 0.508
[2023-12-28 21:34:50] [INFO]    -client 8
[2023-12-28 21:34:50] [INFO]     |  local epoch  : 0, acc 0.311
[2023-12-28 21:34:50] [INFO]     |  local epoch  : 1, acc 0.412
[2023-12-28 21:34:50] [INFO]     |  local epoch  : 2, acc 0.442
[2023-12-28 21:34:50] [INFO]     |  local epoch  : 3, acc 0.525
[2023-12-28 21:34:50] [INFO]     |  local epoch  : 4, acc 0.558
[2023-12-28 21:34:50] [INFO]     | distill epoch : 0, acc 0.591
[2023-12-28 21:34:50] [INFO]     | distill epoch : 1, acc 0.600
[2023-12-28 21:34:50] [INFO]     | distill epoch : 2, acc 0.587
[2023-12-28 21:34:50] [INFO]     | distill epoch : 3, acc 0.572
[2023-12-28 21:34:50] [INFO]     | distill epoch : 4, acc 0.556
[2023-12-28 21:34:50] [INFO] |servers comunicated: 2, server aggregated: 1, acc_server 2: 0.541.
[2023-12-28 21:34:50] [INFO] --------------------------------------------------
[2023-12-28 21:34:50] [INFO]      ********  servers comunicates  ********      
[2023-12-28 21:34:50] [INFO] --------------------------------------------------
[2023-12-28 21:34:50] [INFO] |epoch_server_commu: 3/6
[2023-12-28 21:34:50] [INFO]  |epoch_client_commu: 0/2
[2023-12-28 21:34:50] [INFO]   |server: 0
[2023-12-28 21:34:50] [INFO]    -client 0
[2023-12-28 21:34:50] [INFO]     |  local epoch  : 0, acc 0.259
[2023-12-28 21:34:50] [INFO]     |  local epoch  : 1, acc 0.311
[2023-12-28 21:34:50] [INFO]     |  local epoch  : 2, acc 0.321
[2023-12-28 21:34:51] [INFO]     |  local epoch  : 3, acc 0.381
[2023-12-28 21:34:51] [INFO]     |  local epoch  : 4, acc 0.353
[2023-12-28 21:34:51] [INFO]     | distill epoch : 0, acc 0.407
[2023-12-28 21:34:51] [INFO]     | distill epoch : 1, acc 0.450
[2023-12-28 21:34:51] [INFO]     | distill epoch : 2, acc 0.478
[2023-12-28 21:34:51] [INFO]     | distill epoch : 3, acc 0.495
[2023-12-28 21:34:51] [INFO]     | distill epoch : 4, acc 0.504
[2023-12-28 21:34:51] [INFO]    -client 1
[2023-12-28 21:34:51] [INFO]     |  local epoch  : 0, acc 0.264
[2023-12-28 21:34:51] [INFO]     |  local epoch  : 1, acc 0.300
[2023-12-28 21:34:51] [INFO]     |  local epoch  : 2, acc 0.325
[2023-12-28 21:34:51] [INFO]     |  local epoch  : 3, acc 0.346
[2023-12-28 21:34:51] [INFO]     |  local epoch  : 4, acc 0.379
[2023-12-28 21:34:51] [INFO]     | distill epoch : 0, acc 0.439
[2023-12-28 21:34:51] [INFO]     | distill epoch : 1, acc 0.477
[2023-12-28 21:34:51] [INFO]     | distill epoch : 2, acc 0.496
[2023-12-28 21:34:51] [INFO]     | distill epoch : 3, acc 0.508
[2023-12-28 21:34:51] [INFO]     | distill epoch : 4, acc 0.520
[2023-12-28 21:34:51] [INFO]    -client 2
[2023-12-28 21:34:51] [INFO]     |  local epoch  : 0, acc 0.260
[2023-12-28 21:34:51] [INFO]     |  local epoch  : 1, acc 0.321
[2023-12-28 21:34:51] [INFO]     |  local epoch  : 2, acc 0.375
[2023-12-28 21:34:51] [INFO]     |  local epoch  : 3, acc 0.425
[2023-12-28 21:34:51] [INFO]     |  local epoch  : 4, acc 0.439
[2023-12-28 21:34:52] [INFO]     | distill epoch : 0, acc 0.489
[2023-12-28 21:34:52] [INFO]     | distill epoch : 1, acc 0.510
[2023-12-28 21:34:52] [INFO]     | distill epoch : 2, acc 0.521
[2023-12-28 21:34:52] [INFO]     | distill epoch : 3, acc 0.528
[2023-12-28 21:34:52] [INFO]     | distill epoch : 4, acc 0.539
[2023-12-28 21:34:52] [INFO] |servers comunicated: 3, server aggregated: 0, acc_server 0: 0.526.
[2023-12-28 21:34:52] [INFO] --------------------------------------------------
[2023-12-28 21:34:52] [INFO]   |server: 1
[2023-12-28 21:34:52] [INFO]    -client 3
[2023-12-28 21:34:52] [INFO]     |  local epoch  : 0, acc 0.413
[2023-12-28 21:34:52] [INFO]     |  local epoch  : 1, acc 0.540
[2023-12-28 21:34:52] [INFO]     |  local epoch  : 2, acc 0.522
[2023-12-28 21:34:52] [INFO]     |  local epoch  : 3, acc 0.545
[2023-12-28 21:34:52] [INFO]     |  local epoch  : 4, acc 0.572
[2023-12-28 21:34:52] [INFO]     | distill epoch : 0, acc 0.641
[2023-12-28 21:34:52] [INFO]     | distill epoch : 1, acc 0.688
[2023-12-28 21:34:52] [INFO]     | distill epoch : 2, acc 0.702
[2023-12-28 21:34:52] [INFO]     | distill epoch : 3, acc 0.699
[2023-12-28 21:34:52] [INFO]     | distill epoch : 4, acc 0.684
[2023-12-28 21:34:52] [INFO]    -client 4
[2023-12-28 21:34:52] [INFO]     |  local epoch  : 0, acc 0.444
[2023-12-28 21:34:52] [INFO]     |  local epoch  : 1, acc 0.539
[2023-12-28 21:34:52] [INFO]     |  local epoch  : 2, acc 0.534
[2023-12-28 21:34:52] [INFO]     |  local epoch  : 3, acc 0.544
[2023-12-28 21:34:53] [INFO]     |  local epoch  : 4, acc 0.584
[2023-12-28 21:34:53] [INFO]     | distill epoch : 0, acc 0.631
[2023-12-28 21:34:53] [INFO]     | distill epoch : 1, acc 0.659
[2023-12-28 21:34:53] [INFO]     | distill epoch : 2, acc 0.667
[2023-12-28 21:34:53] [INFO]     | distill epoch : 3, acc 0.671
[2023-12-28 21:34:53] [INFO]     | distill epoch : 4, acc 0.668
[2023-12-28 21:34:53] [INFO]    -client 5
[2023-12-28 21:34:53] [INFO]     |  local epoch  : 0, acc 0.415
[2023-12-28 21:34:53] [INFO]     |  local epoch  : 1, acc 0.512
[2023-12-28 21:34:53] [INFO]     |  local epoch  : 2, acc 0.525
[2023-12-28 21:34:53] [INFO]     |  local epoch  : 3, acc 0.535
[2023-12-28 21:34:53] [INFO]     |  local epoch  : 4, acc 0.559
[2023-12-28 21:34:53] [INFO]     | distill epoch : 0, acc 0.620
[2023-12-28 21:34:53] [INFO]     | distill epoch : 1, acc 0.658
[2023-12-28 21:34:53] [INFO]     | distill epoch : 2, acc 0.676
[2023-12-28 21:34:53] [INFO]     | distill epoch : 3, acc 0.681
[2023-12-28 21:34:53] [INFO]     | distill epoch : 4, acc 0.683
[2023-12-28 21:34:53] [INFO] |servers comunicated: 3, server aggregated: 0, acc_server 1: 0.683.
[2023-12-28 21:34:53] [INFO] --------------------------------------------------
[2023-12-28 21:34:53] [INFO]   |server: 2
[2023-12-28 21:34:53] [INFO]    -client 6
[2023-12-28 21:34:53] [INFO]     |  local epoch  : 0, acc 0.511
[2023-12-28 21:34:53] [INFO]     |  local epoch  : 1, acc 0.629
[2023-12-28 21:34:53] [INFO]     |  local epoch  : 2, acc 0.621
[2023-12-28 21:34:53] [INFO]     |  local epoch  : 3, acc 0.671
[2023-12-28 21:34:54] [INFO]     |  local epoch  : 4, acc 0.667
[2023-12-28 21:34:54] [INFO]     | distill epoch : 0, acc 0.683
[2023-12-28 21:34:54] [INFO]     | distill epoch : 1, acc 0.682
[2023-12-28 21:34:54] [INFO]     | distill epoch : 2, acc 0.691
[2023-12-28 21:34:54] [INFO]     | distill epoch : 3, acc 0.704
[2023-12-28 21:34:54] [INFO]     | distill epoch : 4, acc 0.723
[2023-12-28 21:34:54] [INFO]    -client 7
[2023-12-28 21:34:54] [INFO]     |  local epoch  : 0, acc 0.498
[2023-12-28 21:34:54] [INFO]     |  local epoch  : 1, acc 0.592
[2023-12-28 21:34:54] [INFO]     |  local epoch  : 2, acc 0.601
[2023-12-28 21:34:54] [INFO]     |  local epoch  : 3, acc 0.617
[2023-12-28 21:34:54] [INFO]     |  local epoch  : 4, acc 0.631
[2023-12-28 21:34:54] [INFO]     | distill epoch : 0, acc 0.651
[2023-12-28 21:34:54] [INFO]     | distill epoch : 1, acc 0.663
[2023-12-28 21:34:54] [INFO]     | distill epoch : 2, acc 0.671
[2023-12-28 21:34:54] [INFO]     | distill epoch : 3, acc 0.676
[2023-12-28 21:34:54] [INFO]     | distill epoch : 4, acc 0.689
[2023-12-28 21:34:54] [INFO]    -client 8
[2023-12-28 21:34:54] [INFO]     |  local epoch  : 0, acc 0.486
[2023-12-28 21:34:54] [INFO]     |  local epoch  : 1, acc 0.613
[2023-12-28 21:34:54] [INFO]     |  local epoch  : 2, acc 0.621
[2023-12-28 21:34:54] [INFO]     |  local epoch  : 3, acc 0.624
[2023-12-28 21:34:55] [INFO]     |  local epoch  : 4, acc 0.638
[2023-12-28 21:34:55] [INFO]     | distill epoch : 0, acc 0.668
[2023-12-28 21:34:55] [INFO]     | distill epoch : 1, acc 0.675
[2023-12-28 21:34:55] [INFO]     | distill epoch : 2, acc 0.675
[2023-12-28 21:34:55] [INFO]     | distill epoch : 3, acc 0.681
[2023-12-28 21:34:55] [INFO]     | distill epoch : 4, acc 0.694
[2023-12-28 21:34:55] [INFO] |servers comunicated: 3, server aggregated: 0, acc_server 2: 0.703.
[2023-12-28 21:34:55] [INFO] --------------------------------------------------
[2023-12-28 21:34:55] [INFO]  |epoch_client_commu: 1/2
[2023-12-28 21:34:55] [INFO]   |server: 0
[2023-12-28 21:34:55] [INFO]    -client 0
[2023-12-28 21:34:55] [INFO]     |  local epoch  : 0, acc 0.392
[2023-12-28 21:34:55] [INFO]     |  local epoch  : 1, acc 0.488
[2023-12-28 21:34:55] [INFO]     |  local epoch  : 2, acc 0.464
[2023-12-28 21:34:55] [INFO]     |  local epoch  : 3, acc 0.512
[2023-12-28 21:34:55] [INFO]     |  local epoch  : 4, acc 0.544
[2023-12-28 21:34:55] [INFO]     | distill epoch : 0, acc 0.584
[2023-12-28 21:34:55] [INFO]     | distill epoch : 1, acc 0.605
[2023-12-28 21:34:55] [INFO]     | distill epoch : 2, acc 0.624
[2023-12-28 21:34:55] [INFO]     | distill epoch : 3, acc 0.639
[2023-12-28 21:34:55] [INFO]     | distill epoch : 4, acc 0.652
[2023-12-28 21:34:55] [INFO]    -client 1
[2023-12-28 21:34:55] [INFO]     |  local epoch  : 0, acc 0.393
[2023-12-28 21:34:55] [INFO]     |  local epoch  : 1, acc 0.534
[2023-12-28 21:34:55] [INFO]     |  local epoch  : 2, acc 0.531
[2023-12-28 21:34:56] [INFO]     |  local epoch  : 3, acc 0.560
[2023-12-28 21:34:56] [INFO]     |  local epoch  : 4, acc 0.552
[2023-12-28 21:34:56] [INFO]     | distill epoch : 0, acc 0.589
[2023-12-28 21:34:56] [INFO]     | distill epoch : 1, acc 0.612
[2023-12-28 21:34:56] [INFO]     | distill epoch : 2, acc 0.633
[2023-12-28 21:34:56] [INFO]     | distill epoch : 3, acc 0.663
[2023-12-28 21:34:56] [INFO]     | distill epoch : 4, acc 0.679
[2023-12-28 21:34:56] [INFO]    -client 2
[2023-12-28 21:34:56] [INFO]     |  local epoch  : 0, acc 0.405
[2023-12-28 21:34:56] [INFO]     |  local epoch  : 1, acc 0.516
[2023-12-28 21:34:56] [INFO]     |  local epoch  : 2, acc 0.507
[2023-12-28 21:34:56] [INFO]     |  local epoch  : 3, acc 0.537
[2023-12-28 21:34:56] [INFO]     |  local epoch  : 4, acc 0.547
[2023-12-28 21:34:56] [INFO]     | distill epoch : 0, acc 0.584
[2023-12-28 21:34:56] [INFO]     | distill epoch : 1, acc 0.621
[2023-12-28 21:34:56] [INFO]     | distill epoch : 2, acc 0.653
[2023-12-28 21:34:56] [INFO]     | distill epoch : 3, acc 0.679
[2023-12-28 21:34:56] [INFO]     | distill epoch : 4, acc 0.696
[2023-12-28 21:34:56] [INFO] |servers comunicated: 3, server aggregated: 1, acc_server 0: 0.682.
[2023-12-28 21:34:56] [INFO] --------------------------------------------------
[2023-12-28 21:34:56] [INFO]   |server: 1
[2023-12-28 21:34:56] [INFO]    -client 3
[2023-12-28 21:34:56] [INFO]     |  local epoch  : 0, acc 0.541
[2023-12-28 21:34:56] [INFO]     |  local epoch  : 1, acc 0.655
[2023-12-28 21:34:56] [INFO]     |  local epoch  : 2, acc 0.673
[2023-12-28 21:34:57] [INFO]     |  local epoch  : 3, acc 0.616
[2023-12-28 21:34:57] [INFO]     |  local epoch  : 4, acc 0.691
[2023-12-28 21:34:57] [INFO]     | distill epoch : 0, acc 0.740
[2023-12-28 21:34:57] [INFO]     | distill epoch : 1, acc 0.754
[2023-12-28 21:34:57] [INFO]     | distill epoch : 2, acc 0.748
[2023-12-28 21:34:57] [INFO]     | distill epoch : 3, acc 0.742
[2023-12-28 21:34:57] [INFO]     | distill epoch : 4, acc 0.742
[2023-12-28 21:34:57] [INFO]    -client 4
[2023-12-28 21:34:57] [INFO]     |  local epoch  : 0, acc 0.573
[2023-12-28 21:34:57] [INFO]     |  local epoch  : 1, acc 0.671
[2023-12-28 21:34:57] [INFO]     |  local epoch  : 2, acc 0.606
[2023-12-28 21:34:57] [INFO]     |  local epoch  : 3, acc 0.688
[2023-12-28 21:34:57] [INFO]     |  local epoch  : 4, acc 0.706
[2023-12-28 21:34:57] [INFO]     | distill epoch : 0, acc 0.745
[2023-12-28 21:34:57] [INFO]     | distill epoch : 1, acc 0.749
[2023-12-28 21:34:57] [INFO]     | distill epoch : 2, acc 0.737
[2023-12-28 21:34:57] [INFO]     | distill epoch : 3, acc 0.731
[2023-12-28 21:34:57] [INFO]     | distill epoch : 4, acc 0.728
[2023-12-28 21:34:57] [INFO]    -client 5
[2023-12-28 21:34:57] [INFO]     |  local epoch  : 0, acc 0.517
[2023-12-28 21:34:57] [INFO]     |  local epoch  : 1, acc 0.660
[2023-12-28 21:34:57] [INFO]     |  local epoch  : 2, acc 0.647
[2023-12-28 21:34:57] [INFO]     |  local epoch  : 3, acc 0.688
[2023-12-28 21:34:58] [INFO]     |  local epoch  : 4, acc 0.705
[2023-12-28 21:34:58] [INFO]     | distill epoch : 0, acc 0.743
[2023-12-28 21:34:58] [INFO]     | distill epoch : 1, acc 0.756
[2023-12-28 21:34:58] [INFO]     | distill epoch : 2, acc 0.758
[2023-12-28 21:34:58] [INFO]     | distill epoch : 3, acc 0.749
[2023-12-28 21:34:58] [INFO]     | distill epoch : 4, acc 0.742
[2023-12-28 21:34:58] [INFO] |servers comunicated: 3, server aggregated: 1, acc_server 1: 0.740.
[2023-12-28 21:34:58] [INFO] --------------------------------------------------
[2023-12-28 21:34:58] [INFO]   |server: 2
[2023-12-28 21:34:58] [INFO]    -client 6
[2023-12-28 21:34:58] [INFO]     |  local epoch  : 0, acc 0.623
[2023-12-28 21:34:58] [INFO]     |  local epoch  : 1, acc 0.702
[2023-12-28 21:34:58] [INFO]     |  local epoch  : 2, acc 0.695
[2023-12-28 21:34:58] [INFO]     |  local epoch  : 3, acc 0.711
[2023-12-28 21:34:58] [INFO]     |  local epoch  : 4, acc 0.722
[2023-12-28 21:34:58] [INFO]     | distill epoch : 0, acc 0.754
[2023-12-28 21:34:58] [INFO]     | distill epoch : 1, acc 0.762
[2023-12-28 21:34:58] [INFO]     | distill epoch : 2, acc 0.773
[2023-12-28 21:34:58] [INFO]     | distill epoch : 3, acc 0.764
[2023-12-28 21:34:58] [INFO]     | distill epoch : 4, acc 0.784
[2023-12-28 21:34:58] [INFO]    -client 7
[2023-12-28 21:34:58] [INFO]     |  local epoch  : 0, acc 0.596
[2023-12-28 21:34:58] [INFO]     |  local epoch  : 1, acc 0.666
[2023-12-28 21:34:58] [INFO]     |  local epoch  : 2, acc 0.675
[2023-12-28 21:34:59] [INFO]     |  local epoch  : 3, acc 0.690
[2023-12-28 21:34:59] [INFO]     |  local epoch  : 4, acc 0.701
[2023-12-28 21:34:59] [INFO]     | distill epoch : 0, acc 0.740
[2023-12-28 21:34:59] [INFO]     | distill epoch : 1, acc 0.752
[2023-12-28 21:34:59] [INFO]     | distill epoch : 2, acc 0.763
[2023-12-28 21:34:59] [INFO]     | distill epoch : 3, acc 0.767
[2023-12-28 21:34:59] [INFO]     | distill epoch : 4, acc 0.770
[2023-12-28 21:34:59] [INFO]    -client 8
[2023-12-28 21:34:59] [INFO]     |  local epoch  : 0, acc 0.588
[2023-12-28 21:34:59] [INFO]     |  local epoch  : 1, acc 0.682
[2023-12-28 21:34:59] [INFO]     |  local epoch  : 2, acc 0.695
[2023-12-28 21:34:59] [INFO]     |  local epoch  : 3, acc 0.695
[2023-12-28 21:34:59] [INFO]     |  local epoch  : 4, acc 0.687
[2023-12-28 21:34:59] [INFO]     | distill epoch : 0, acc 0.713
[2023-12-28 21:34:59] [INFO]     | distill epoch : 1, acc 0.731
[2023-12-28 21:34:59] [INFO]     | distill epoch : 2, acc 0.736
[2023-12-28 21:34:59] [INFO]     | distill epoch : 3, acc 0.757
[2023-12-28 21:34:59] [INFO]     | distill epoch : 4, acc 0.760
[2023-12-28 21:34:59] [INFO] |servers comunicated: 3, server aggregated: 1, acc_server 2: 0.775.
[2023-12-28 21:34:59] [INFO] --------------------------------------------------
[2023-12-28 21:34:59] [INFO]      ********  servers comunicates  ********      
[2023-12-28 21:34:59] [INFO] --------------------------------------------------
[2023-12-28 21:34:59] [INFO] |epoch_server_commu: 4/6
[2023-12-28 21:34:59] [INFO]  |epoch_client_commu: 0/2
[2023-12-28 21:34:59] [INFO]   |server: 0
[2023-12-28 21:34:59] [INFO]    -client 0
[2023-12-28 21:34:59] [INFO]     |  local epoch  : 0, acc 0.500
[2023-12-28 21:34:59] [INFO]     |  local epoch  : 1, acc 0.609
[2023-12-28 21:35:00] [INFO]     |  local epoch  : 2, acc 0.564
[2023-12-28 21:35:00] [INFO]     |  local epoch  : 3, acc 0.591
[2023-12-28 21:35:00] [INFO]     |  local epoch  : 4, acc 0.606
[2023-12-28 21:35:00] [INFO]     | distill epoch : 0, acc 0.650
[2023-12-28 21:35:00] [INFO]     | distill epoch : 1, acc 0.696
[2023-12-28 21:35:00] [INFO]     | distill epoch : 2, acc 0.731
[2023-12-28 21:35:00] [INFO]     | distill epoch : 3, acc 0.750
[2023-12-28 21:35:00] [INFO]     | distill epoch : 4, acc 0.748
[2023-12-28 21:35:00] [INFO]    -client 1
[2023-12-28 21:35:00] [INFO]     |  local epoch  : 0, acc 0.528
[2023-12-28 21:35:00] [INFO]     |  local epoch  : 1, acc 0.619
[2023-12-28 21:35:00] [INFO]     |  local epoch  : 2, acc 0.613
[2023-12-28 21:35:00] [INFO]     |  local epoch  : 3, acc 0.633
[2023-12-28 21:35:00] [INFO]     |  local epoch  : 4, acc 0.629
[2023-12-28 21:35:00] [INFO]     | distill epoch : 0, acc 0.673
[2023-12-28 21:35:00] [INFO]     | distill epoch : 1, acc 0.712
[2023-12-28 21:35:00] [INFO]     | distill epoch : 2, acc 0.738
[2023-12-28 21:35:00] [INFO]     | distill epoch : 3, acc 0.747
[2023-12-28 21:35:00] [INFO]     | distill epoch : 4, acc 0.745
[2023-12-28 21:35:00] [INFO]    -client 2
[2023-12-28 21:35:00] [INFO]     |  local epoch  : 0, acc 0.531
[2023-12-28 21:35:00] [INFO]     |  local epoch  : 1, acc 0.596
[2023-12-28 21:35:00] [INFO]     |  local epoch  : 2, acc 0.607
[2023-12-28 21:35:01] [INFO]     |  local epoch  : 3, acc 0.623
[2023-12-28 21:35:01] [INFO]     |  local epoch  : 4, acc 0.641
[2023-12-28 21:35:01] [INFO]     | distill epoch : 0, acc 0.695
[2023-12-28 21:35:01] [INFO]     | distill epoch : 1, acc 0.734
[2023-12-28 21:35:01] [INFO]     | distill epoch : 2, acc 0.753
[2023-12-28 21:35:01] [INFO]     | distill epoch : 3, acc 0.761
[2023-12-28 21:35:01] [INFO]     | distill epoch : 4, acc 0.750
[2023-12-28 21:35:01] [INFO] |servers comunicated: 4, server aggregated: 0, acc_server 0: 0.750.
[2023-12-28 21:35:01] [INFO] --------------------------------------------------
[2023-12-28 21:35:01] [INFO]   |server: 1
[2023-12-28 21:35:01] [INFO]    -client 3
[2023-12-28 21:35:01] [INFO]     |  local epoch  : 0, acc 0.633
[2023-12-28 21:35:01] [INFO]     |  local epoch  : 1, acc 0.742
[2023-12-28 21:35:01] [INFO]     |  local epoch  : 2, acc 0.707
[2023-12-28 21:35:01] [INFO]     |  local epoch  : 3, acc 0.763
[2023-12-28 21:35:01] [INFO]     |  local epoch  : 4, acc 0.715
[2023-12-28 21:35:01] [INFO]     | distill epoch : 0, acc 0.770
[2023-12-28 21:35:01] [INFO]     | distill epoch : 1, acc 0.786
[2023-12-28 21:35:01] [INFO]     | distill epoch : 2, acc 0.786
[2023-12-28 21:35:01] [INFO]     | distill epoch : 3, acc 0.777
[2023-12-28 21:35:01] [INFO]     | distill epoch : 4, acc 0.779
[2023-12-28 21:35:01] [INFO]    -client 4
[2023-12-28 21:35:01] [INFO]     |  local epoch  : 0, acc 0.679
[2023-12-28 21:35:01] [INFO]     |  local epoch  : 1, acc 0.729
[2023-12-28 21:35:01] [INFO]     |  local epoch  : 2, acc 0.758
[2023-12-28 21:35:02] [INFO]     |  local epoch  : 3, acc 0.755
[2023-12-28 21:35:02] [INFO]     |  local epoch  : 4, acc 0.762
[2023-12-28 21:35:02] [INFO]     | distill epoch : 0, acc 0.784
[2023-12-28 21:35:02] [INFO]     | distill epoch : 1, acc 0.776
[2023-12-28 21:35:02] [INFO]     | distill epoch : 2, acc 0.769
[2023-12-28 21:35:02] [INFO]     | distill epoch : 3, acc 0.758
[2023-12-28 21:35:02] [INFO]     | distill epoch : 4, acc 0.761
[2023-12-28 21:35:02] [INFO]    -client 5
[2023-12-28 21:35:02] [INFO]     |  local epoch  : 0, acc 0.600
[2023-12-28 21:35:02] [INFO]     |  local epoch  : 1, acc 0.746
[2023-12-28 21:35:02] [INFO]     |  local epoch  : 2, acc 0.715
[2023-12-28 21:35:02] [INFO]     |  local epoch  : 3, acc 0.696
[2023-12-28 21:35:02] [INFO]     |  local epoch  : 4, acc 0.754
[2023-12-28 21:35:02] [INFO]     | distill epoch : 0, acc 0.790
[2023-12-28 21:35:02] [INFO]     | distill epoch : 1, acc 0.792
[2023-12-28 21:35:02] [INFO]     | distill epoch : 2, acc 0.788
[2023-12-28 21:35:02] [INFO]     | distill epoch : 3, acc 0.781
[2023-12-28 21:35:02] [INFO]     | distill epoch : 4, acc 0.773
[2023-12-28 21:35:02] [INFO] |servers comunicated: 4, server aggregated: 0, acc_server 1: 0.773.
[2023-12-28 21:35:02] [INFO] --------------------------------------------------
[2023-12-28 21:35:02] [INFO]   |server: 2
[2023-12-28 21:35:02] [INFO]    -client 6
[2023-12-28 21:35:02] [INFO]     |  local epoch  : 0, acc 0.663
[2023-12-28 21:35:02] [INFO]     |  local epoch  : 1, acc 0.741
[2023-12-28 21:35:02] [INFO]     |  local epoch  : 2, acc 0.753
[2023-12-28 21:35:03] [INFO]     |  local epoch  : 3, acc 0.753
[2023-12-28 21:35:03] [INFO]     |  local epoch  : 4, acc 0.781
[2023-12-28 21:35:03] [INFO]     | distill epoch : 0, acc 0.795
[2023-12-28 21:35:03] [INFO]     | distill epoch : 1, acc 0.799
[2023-12-28 21:35:03] [INFO]     | distill epoch : 2, acc 0.791
[2023-12-28 21:35:03] [INFO]     | distill epoch : 3, acc 0.797
[2023-12-28 21:35:03] [INFO]     | distill epoch : 4, acc 0.777
[2023-12-28 21:35:03] [INFO]    -client 7
[2023-12-28 21:35:03] [INFO]     |  local epoch  : 0, acc 0.639
[2023-12-28 21:35:03] [INFO]     |  local epoch  : 1, acc 0.711
[2023-12-28 21:35:03] [INFO]     |  local epoch  : 2, acc 0.711
[2023-12-28 21:35:03] [INFO]     |  local epoch  : 3, acc 0.717
[2023-12-28 21:35:03] [INFO]     |  local epoch  : 4, acc 0.692
[2023-12-28 21:35:03] [INFO]     | distill epoch : 0, acc 0.744
[2023-12-28 21:35:03] [INFO]     | distill epoch : 1, acc 0.780
[2023-12-28 21:35:03] [INFO]     | distill epoch : 2, acc 0.789
[2023-12-28 21:35:03] [INFO]     | distill epoch : 3, acc 0.801
[2023-12-28 21:35:03] [INFO]     | distill epoch : 4, acc 0.788
[2023-12-28 21:35:03] [INFO]    -client 8
[2023-12-28 21:35:03] [INFO]     |  local epoch  : 0, acc 0.634
[2023-12-28 21:35:03] [INFO]     |  local epoch  : 1, acc 0.728
[2023-12-28 21:35:03] [INFO]     |  local epoch  : 2, acc 0.727
[2023-12-28 21:35:04] [INFO]     |  local epoch  : 3, acc 0.735
[2023-12-28 21:35:04] [INFO]     |  local epoch  : 4, acc 0.727
[2023-12-28 21:35:04] [INFO]     | distill epoch : 0, acc 0.761
[2023-12-28 21:35:04] [INFO]     | distill epoch : 1, acc 0.772
[2023-12-28 21:35:04] [INFO]     | distill epoch : 2, acc 0.793
[2023-12-28 21:35:04] [INFO]     | distill epoch : 3, acc 0.778
[2023-12-28 21:35:04] [INFO]     | distill epoch : 4, acc 0.798
[2023-12-28 21:35:04] [INFO] |servers comunicated: 4, server aggregated: 0, acc_server 2: 0.796.
[2023-12-28 21:35:04] [INFO] --------------------------------------------------
[2023-12-28 21:35:04] [INFO]  |epoch_client_commu: 1/2
[2023-12-28 21:35:04] [INFO]   |server: 0
[2023-12-28 21:35:04] [INFO]    -client 0
[2023-12-28 21:35:04] [INFO]     |  local epoch  : 0, acc 0.598
[2023-12-28 21:35:04] [INFO]     |  local epoch  : 1, acc 0.647
[2023-12-28 21:35:04] [INFO]     |  local epoch  : 2, acc 0.634
[2023-12-28 21:35:04] [INFO]     |  local epoch  : 3, acc 0.626
[2023-12-28 21:35:04] [INFO]     |  local epoch  : 4, acc 0.676
[2023-12-28 21:35:04] [INFO]     | distill epoch : 0, acc 0.732
[2023-12-28 21:35:04] [INFO]     | distill epoch : 1, acc 0.779
[2023-12-28 21:35:04] [INFO]     | distill epoch : 2, acc 0.795
[2023-12-28 21:35:04] [INFO]     | distill epoch : 3, acc 0.789
[2023-12-28 21:35:04] [INFO]     | distill epoch : 4, acc 0.783
[2023-12-28 21:35:04] [INFO]    -client 1
[2023-12-28 21:35:04] [INFO]     |  local epoch  : 0, acc 0.602
[2023-12-28 21:35:04] [INFO]     |  local epoch  : 1, acc 0.663
[2023-12-28 21:35:04] [INFO]     |  local epoch  : 2, acc 0.654
[2023-12-28 21:35:05] [INFO]     |  local epoch  : 3, acc 0.659
[2023-12-28 21:35:05] [INFO]     |  local epoch  : 4, acc 0.670
[2023-12-28 21:35:05] [INFO]     | distill epoch : 0, acc 0.729
[2023-12-28 21:35:05] [INFO]     | distill epoch : 1, acc 0.775
[2023-12-28 21:35:05] [INFO]     | distill epoch : 2, acc 0.793
[2023-12-28 21:35:05] [INFO]     | distill epoch : 3, acc 0.785
[2023-12-28 21:35:05] [INFO]     | distill epoch : 4, acc 0.778
[2023-12-28 21:35:05] [INFO]    -client 2
[2023-12-28 21:35:05] [INFO]     |  local epoch  : 0, acc 0.596
[2023-12-28 21:35:05] [INFO]     |  local epoch  : 1, acc 0.660
[2023-12-28 21:35:05] [INFO]     |  local epoch  : 2, acc 0.670
[2023-12-28 21:35:05] [INFO]     |  local epoch  : 3, acc 0.696
[2023-12-28 21:35:05] [INFO]     |  local epoch  : 4, acc 0.675
[2023-12-28 21:35:05] [INFO]     | distill epoch : 0, acc 0.742
[2023-12-28 21:35:05] [INFO]     | distill epoch : 1, acc 0.781
[2023-12-28 21:35:05] [INFO]     | distill epoch : 2, acc 0.793
[2023-12-28 21:35:05] [INFO]     | distill epoch : 3, acc 0.790
[2023-12-28 21:35:05] [INFO]     | distill epoch : 4, acc 0.777
[2023-12-28 21:35:05] [INFO] |servers comunicated: 4, server aggregated: 1, acc_server 0: 0.783.
[2023-12-28 21:35:05] [INFO] --------------------------------------------------
[2023-12-28 21:35:05] [INFO]   |server: 1
[2023-12-28 21:35:05] [INFO]    -client 3
[2023-12-28 21:35:05] [INFO]     |  local epoch  : 0, acc 0.673
[2023-12-28 21:35:05] [INFO]     |  local epoch  : 1, acc 0.781
[2023-12-28 21:35:05] [INFO]     |  local epoch  : 2, acc 0.739
[2023-12-28 21:35:06] [INFO]     |  local epoch  : 3, acc 0.769
[2023-12-28 21:35:06] [INFO]     |  local epoch  : 4, acc 0.751
[2023-12-28 21:35:06] [INFO]     | distill epoch : 0, acc 0.788
[2023-12-28 21:35:06] [INFO]     | distill epoch : 1, acc 0.793
[2023-12-28 21:35:06] [INFO]     | distill epoch : 2, acc 0.797
[2023-12-28 21:35:06] [INFO]     | distill epoch : 3, acc 0.796
[2023-12-28 21:35:06] [INFO]     | distill epoch : 4, acc 0.791
[2023-12-28 21:35:06] [INFO]    -client 4
[2023-12-28 21:35:06] [INFO]     |  local epoch  : 0, acc 0.723
[2023-12-28 21:35:06] [INFO]     |  local epoch  : 1, acc 0.786
[2023-12-28 21:35:06] [INFO]     |  local epoch  : 2, acc 0.787
[2023-12-28 21:35:06] [INFO]     |  local epoch  : 3, acc 0.781
[2023-12-28 21:35:06] [INFO]     |  local epoch  : 4, acc 0.793
[2023-12-28 21:35:06] [INFO]     | distill epoch : 0, acc 0.813
[2023-12-28 21:35:06] [INFO]     | distill epoch : 1, acc 0.807
[2023-12-28 21:35:06] [INFO]     | distill epoch : 2, acc 0.801
[2023-12-28 21:35:06] [INFO]     | distill epoch : 3, acc 0.787
[2023-12-28 21:35:06] [INFO]     | distill epoch : 4, acc 0.789
[2023-12-28 21:35:06] [INFO]    -client 5
[2023-12-28 21:35:06] [INFO]     |  local epoch  : 0, acc 0.681
[2023-12-28 21:35:06] [INFO]     |  local epoch  : 1, acc 0.775
[2023-12-28 21:35:06] [INFO]     |  local epoch  : 2, acc 0.766
[2023-12-28 21:35:07] [INFO]     |  local epoch  : 3, acc 0.777
[2023-12-28 21:35:07] [INFO]     |  local epoch  : 4, acc 0.792
[2023-12-28 21:35:07] [INFO]     | distill epoch : 0, acc 0.818
[2023-12-28 21:35:07] [INFO]     | distill epoch : 1, acc 0.807
[2023-12-28 21:35:07] [INFO]     | distill epoch : 2, acc 0.799
[2023-12-28 21:35:07] [INFO]     | distill epoch : 3, acc 0.794
[2023-12-28 21:35:07] [INFO]     | distill epoch : 4, acc 0.788
[2023-12-28 21:35:07] [INFO] |servers comunicated: 4, server aggregated: 1, acc_server 1: 0.791.
[2023-12-28 21:35:07] [INFO] --------------------------------------------------
[2023-12-28 21:35:07] [INFO]   |server: 2
[2023-12-28 21:35:07] [INFO]    -client 6
[2023-12-28 21:35:07] [INFO]     |  local epoch  : 0, acc 0.704
[2023-12-28 21:35:07] [INFO]     |  local epoch  : 1, acc 0.773
[2023-12-28 21:35:07] [INFO]     |  local epoch  : 2, acc 0.765
[2023-12-28 21:35:07] [INFO]     |  local epoch  : 3, acc 0.759
[2023-12-28 21:35:07] [INFO]     |  local epoch  : 4, acc 0.783
[2023-12-28 21:35:07] [INFO]     | distill epoch : 0, acc 0.816
[2023-12-28 21:35:07] [INFO]     | distill epoch : 1, acc 0.804
[2023-12-28 21:35:07] [INFO]     | distill epoch : 2, acc 0.821
[2023-12-28 21:35:07] [INFO]     | distill epoch : 3, acc 0.787
[2023-12-28 21:35:07] [INFO]     | distill epoch : 4, acc 0.817
[2023-12-28 21:35:07] [INFO]    -client 7
[2023-12-28 21:35:07] [INFO]     |  local epoch  : 0, acc 0.674
[2023-12-28 21:35:07] [INFO]     |  local epoch  : 1, acc 0.757
[2023-12-28 21:35:07] [INFO]     |  local epoch  : 2, acc 0.759
[2023-12-28 21:35:08] [INFO]     |  local epoch  : 3, acc 0.744
[2023-12-28 21:35:08] [INFO]     |  local epoch  : 4, acc 0.790
[2023-12-28 21:35:08] [INFO]     | distill epoch : 0, acc 0.825
[2023-12-28 21:35:08] [INFO]     | distill epoch : 1, acc 0.827
[2023-12-28 21:35:08] [INFO]     | distill epoch : 2, acc 0.824
[2023-12-28 21:35:08] [INFO]     | distill epoch : 3, acc 0.807
[2023-12-28 21:35:08] [INFO]     | distill epoch : 4, acc 0.816
[2023-12-28 21:35:08] [INFO]    -client 8
[2023-12-28 21:35:08] [INFO]     |  local epoch  : 0, acc 0.657
[2023-12-28 21:35:08] [INFO]     |  local epoch  : 1, acc 0.749
[2023-12-28 21:35:08] [INFO]     |  local epoch  : 2, acc 0.743
[2023-12-28 21:35:08] [INFO]     |  local epoch  : 3, acc 0.768
[2023-12-28 21:35:08] [INFO]     |  local epoch  : 4, acc 0.746
[2023-12-28 21:35:08] [INFO]     | distill epoch : 0, acc 0.791
[2023-12-28 21:35:08] [INFO]     | distill epoch : 1, acc 0.809
[2023-12-28 21:35:08] [INFO]     | distill epoch : 2, acc 0.809
[2023-12-28 21:35:08] [INFO]     | distill epoch : 3, acc 0.803
[2023-12-28 21:35:08] [INFO]     | distill epoch : 4, acc 0.800
[2023-12-28 21:35:08] [INFO] |servers comunicated: 4, server aggregated: 1, acc_server 2: 0.814.
[2023-12-28 21:35:08] [INFO] --------------------------------------------------
[2023-12-28 21:35:08] [INFO]      ********  servers comunicates  ********      
[2023-12-28 21:35:08] [INFO] --------------------------------------------------
[2023-12-28 21:35:08] [INFO] |epoch_server_commu: 5/6
[2023-12-28 21:35:08] [INFO]  |epoch_client_commu: 0/2
[2023-12-28 21:35:08] [INFO]   |server: 0
[2023-12-28 21:35:08] [INFO]    -client 0
[2023-12-28 21:35:08] [INFO]     |  local epoch  : 0, acc 0.635
[2023-12-28 21:35:08] [INFO]     |  local epoch  : 1, acc 0.712
[2023-12-28 21:35:09] [INFO]     |  local epoch  : 2, acc 0.682
[2023-12-28 21:35:09] [INFO]     |  local epoch  : 3, acc 0.713
[2023-12-28 21:35:09] [INFO]     |  local epoch  : 4, acc 0.740
[2023-12-28 21:35:09] [INFO]     | distill epoch : 0, acc 0.798
[2023-12-28 21:35:09] [INFO]     | distill epoch : 1, acc 0.821
[2023-12-28 21:35:09] [INFO]     | distill epoch : 2, acc 0.814
[2023-12-28 21:35:09] [INFO]     | distill epoch : 3, acc 0.806
[2023-12-28 21:35:09] [INFO]     | distill epoch : 4, acc 0.798
[2023-12-28 21:35:09] [INFO]    -client 1
[2023-12-28 21:35:09] [INFO]     |  local epoch  : 0, acc 0.638
[2023-12-28 21:35:09] [INFO]     |  local epoch  : 1, acc 0.727
[2023-12-28 21:35:09] [INFO]     |  local epoch  : 2, acc 0.690
[2023-12-28 21:35:09] [INFO]     |  local epoch  : 3, acc 0.709
[2023-12-28 21:35:09] [INFO]     |  local epoch  : 4, acc 0.749
[2023-12-28 21:35:09] [INFO]     | distill epoch : 0, acc 0.796
[2023-12-28 21:35:09] [INFO]     | distill epoch : 1, acc 0.813
[2023-12-28 21:35:09] [INFO]     | distill epoch : 2, acc 0.811
[2023-12-28 21:35:09] [INFO]     | distill epoch : 3, acc 0.800
[2023-12-28 21:35:09] [INFO]     | distill epoch : 4, acc 0.801
[2023-12-28 21:35:09] [INFO]    -client 2
[2023-12-28 21:35:09] [INFO]     |  local epoch  : 0, acc 0.639
[2023-12-28 21:35:09] [INFO]     |  local epoch  : 1, acc 0.712
[2023-12-28 21:35:09] [INFO]     |  local epoch  : 2, acc 0.746
[2023-12-28 21:35:10] [INFO]     |  local epoch  : 3, acc 0.735
[2023-12-28 21:35:10] [INFO]     |  local epoch  : 4, acc 0.761
[2023-12-28 21:35:10] [INFO]     | distill epoch : 0, acc 0.800
[2023-12-28 21:35:10] [INFO]     | distill epoch : 1, acc 0.815
[2023-12-28 21:35:10] [INFO]     | distill epoch : 2, acc 0.815
[2023-12-28 21:35:10] [INFO]     | distill epoch : 3, acc 0.800
[2023-12-28 21:35:10] [INFO]     | distill epoch : 4, acc 0.802
[2023-12-28 21:35:10] [INFO] |servers comunicated: 5, server aggregated: 0, acc_server 0: 0.804.
[2023-12-28 21:35:10] [INFO] --------------------------------------------------
[2023-12-28 21:35:10] [INFO]   |server: 1
[2023-12-28 21:35:10] [INFO]    -client 3
[2023-12-28 21:35:10] [INFO]     |  local epoch  : 0, acc 0.704
[2023-12-28 21:35:10] [INFO]     |  local epoch  : 1, acc 0.806
[2023-12-28 21:35:10] [INFO]     |  local epoch  : 2, acc 0.785
[2023-12-28 21:35:10] [INFO]     |  local epoch  : 3, acc 0.777
[2023-12-28 21:35:10] [INFO]     |  local epoch  : 4, acc 0.799
[2023-12-28 21:35:10] [INFO]     | distill epoch : 0, acc 0.817
[2023-12-28 21:35:10] [INFO]     | distill epoch : 1, acc 0.815
[2023-12-28 21:35:10] [INFO]     | distill epoch : 2, acc 0.815
[2023-12-28 21:35:10] [INFO]     | distill epoch : 3, acc 0.803
[2023-12-28 21:35:10] [INFO]     | distill epoch : 4, acc 0.808
[2023-12-28 21:35:10] [INFO]    -client 4
[2023-12-28 21:35:10] [INFO]     |  local epoch  : 0, acc 0.742
[2023-12-28 21:35:10] [INFO]     |  local epoch  : 1, acc 0.823
[2023-12-28 21:35:10] [INFO]     |  local epoch  : 2, acc 0.806
[2023-12-28 21:35:11] [INFO]     |  local epoch  : 3, acc 0.785
[2023-12-28 21:35:11] [INFO]     |  local epoch  : 4, acc 0.832
[2023-12-28 21:35:11] [INFO]     | distill epoch : 0, acc 0.828
[2023-12-28 21:35:11] [INFO]     | distill epoch : 1, acc 0.816
[2023-12-28 21:35:11] [INFO]     | distill epoch : 2, acc 0.799
[2023-12-28 21:35:11] [INFO]     | distill epoch : 3, acc 0.793
[2023-12-28 21:35:11] [INFO]     | distill epoch : 4, acc 0.790
[2023-12-28 21:35:11] [INFO]    -client 5
[2023-12-28 21:35:11] [INFO]     |  local epoch  : 0, acc 0.709
[2023-12-28 21:35:11] [INFO]     |  local epoch  : 1, acc 0.815
[2023-12-28 21:35:11] [INFO]     |  local epoch  : 2, acc 0.793
[2023-12-28 21:35:11] [INFO]     |  local epoch  : 3, acc 0.806
[2023-12-28 21:35:11] [INFO]     |  local epoch  : 4, acc 0.820
[2023-12-28 21:35:11] [INFO]     | distill epoch : 0, acc 0.834
[2023-12-28 21:35:11] [INFO]     | distill epoch : 1, acc 0.826
[2023-12-28 21:35:11] [INFO]     | distill epoch : 2, acc 0.824
[2023-12-28 21:35:11] [INFO]     | distill epoch : 3, acc 0.799
[2023-12-28 21:35:11] [INFO]     | distill epoch : 4, acc 0.808
[2023-12-28 21:35:11] [INFO] |servers comunicated: 5, server aggregated: 0, acc_server 1: 0.805.
[2023-12-28 21:35:11] [INFO] --------------------------------------------------
[2023-12-28 21:35:11] [INFO]   |server: 2
[2023-12-28 21:35:11] [INFO]    -client 6
[2023-12-28 21:35:11] [INFO]     |  local epoch  : 0, acc 0.710
[2023-12-28 21:35:12] [INFO]     |  local epoch  : 1, acc 0.795
[2023-12-28 21:35:12] [INFO]     |  local epoch  : 2, acc 0.810
[2023-12-28 21:35:12] [INFO]     |  local epoch  : 3, acc 0.809
[2023-12-28 21:35:12] [INFO]     |  local epoch  : 4, acc 0.815
[2023-12-28 21:35:12] [INFO]     | distill epoch : 0, acc 0.828
[2023-12-28 21:35:12] [INFO]     | distill epoch : 1, acc 0.823
[2023-12-28 21:35:12] [INFO]     | distill epoch : 2, acc 0.818
[2023-12-28 21:35:12] [INFO]     | distill epoch : 3, acc 0.811
[2023-12-28 21:35:12] [INFO]     | distill epoch : 4, acc 0.798
[2023-12-28 21:35:12] [INFO]    -client 7
[2023-12-28 21:35:12] [INFO]     |  local epoch  : 0, acc 0.680
[2023-12-28 21:35:12] [INFO]     |  local epoch  : 1, acc 0.785
[2023-12-28 21:35:12] [INFO]     |  local epoch  : 2, acc 0.785
[2023-12-28 21:35:12] [INFO]     |  local epoch  : 3, acc 0.794
[2023-12-28 21:35:12] [INFO]     |  local epoch  : 4, acc 0.783
[2023-12-28 21:35:12] [INFO]     | distill epoch : 0, acc 0.827
[2023-12-28 21:35:12] [INFO]     | distill epoch : 1, acc 0.834
[2023-12-28 21:35:12] [INFO]     | distill epoch : 2, acc 0.839
[2023-12-28 21:35:12] [INFO]     | distill epoch : 3, acc 0.815
[2023-12-28 21:35:12] [INFO]     | distill epoch : 4, acc 0.825
[2023-12-28 21:35:12] [INFO]    -client 8
[2023-12-28 21:35:12] [INFO]     |  local epoch  : 0, acc 0.674
[2023-12-28 21:35:12] [INFO]     |  local epoch  : 1, acc 0.781
[2023-12-28 21:35:13] [INFO]     |  local epoch  : 2, acc 0.757
[2023-12-28 21:35:13] [INFO]     |  local epoch  : 3, acc 0.759
[2023-12-28 21:35:13] [INFO]     |  local epoch  : 4, acc 0.794
[2023-12-28 21:35:13] [INFO]     | distill epoch : 0, acc 0.819
[2023-12-28 21:35:13] [INFO]     | distill epoch : 1, acc 0.821
[2023-12-28 21:35:13] [INFO]     | distill epoch : 2, acc 0.819
[2023-12-28 21:35:13] [INFO]     | distill epoch : 3, acc 0.811
[2023-12-28 21:35:13] [INFO]     | distill epoch : 4, acc 0.795
[2023-12-28 21:35:13] [INFO] |servers comunicated: 5, server aggregated: 0, acc_server 2: 0.811.
[2023-12-28 21:35:13] [INFO] --------------------------------------------------
[2023-12-28 21:35:13] [INFO]  |epoch_client_commu: 1/2
[2023-12-28 21:35:13] [INFO]   |server: 0
[2023-12-28 21:35:13] [INFO]    -client 0
[2023-12-28 21:35:13] [INFO]     |  local epoch  : 0, acc 0.658
[2023-12-28 21:35:13] [INFO]     |  local epoch  : 1, acc 0.771
[2023-12-28 21:35:13] [INFO]     |  local epoch  : 2, acc 0.736
[2023-12-28 21:35:13] [INFO]     |  local epoch  : 3, acc 0.745
[2023-12-28 21:35:13] [INFO]     |  local epoch  : 4, acc 0.717
[2023-12-28 21:35:13] [INFO]     | distill epoch : 0, acc 0.788
[2023-12-28 21:35:13] [INFO]     | distill epoch : 1, acc 0.824
[2023-12-28 21:35:13] [INFO]     | distill epoch : 2, acc 0.824
[2023-12-28 21:35:13] [INFO]     | distill epoch : 3, acc 0.818
[2023-12-28 21:35:13] [INFO]     | distill epoch : 4, acc 0.796
[2023-12-28 21:35:13] [INFO]    -client 1
[2023-12-28 21:35:13] [INFO]     |  local epoch  : 0, acc 0.660
[2023-12-28 21:35:14] [INFO]     |  local epoch  : 1, acc 0.776
[2023-12-28 21:35:14] [INFO]     |  local epoch  : 2, acc 0.743
[2023-12-28 21:35:14] [INFO]     |  local epoch  : 3, acc 0.696
[2023-12-28 21:35:14] [INFO]     |  local epoch  : 4, acc 0.750
[2023-12-28 21:35:14] [INFO]     | distill epoch : 0, acc 0.803
[2023-12-28 21:35:14] [INFO]     | distill epoch : 1, acc 0.825
[2023-12-28 21:35:14] [INFO]     | distill epoch : 2, acc 0.819
[2023-12-28 21:35:14] [INFO]     | distill epoch : 3, acc 0.806
[2023-12-28 21:35:14] [INFO]     | distill epoch : 4, acc 0.804
[2023-12-28 21:35:14] [INFO]    -client 2
[2023-12-28 21:35:14] [INFO]     |  local epoch  : 0, acc 0.665
[2023-12-28 21:35:14] [INFO]     |  local epoch  : 1, acc 0.733
[2023-12-28 21:35:14] [INFO]     |  local epoch  : 2, acc 0.738
[2023-12-28 21:35:14] [INFO]     |  local epoch  : 3, acc 0.737
[2023-12-28 21:35:14] [INFO]     |  local epoch  : 4, acc 0.785
[2023-12-28 21:35:14] [INFO]     | distill epoch : 0, acc 0.821
[2023-12-28 21:35:14] [INFO]     | distill epoch : 1, acc 0.833
[2023-12-28 21:35:14] [INFO]     | distill epoch : 2, acc 0.820
[2023-12-28 21:35:14] [INFO]     | distill epoch : 3, acc 0.808
[2023-12-28 21:35:14] [INFO]     | distill epoch : 4, acc 0.802
[2023-12-28 21:35:14] [INFO] |servers comunicated: 5, server aggregated: 1, acc_server 0: 0.805.
[2023-12-28 21:35:14] [INFO] --------------------------------------------------
[2023-12-28 21:35:14] [INFO]   |server: 1
[2023-12-28 21:35:14] [INFO]    -client 3
[2023-12-28 21:35:14] [INFO]     |  local epoch  : 0, acc 0.736
[2023-12-28 21:35:15] [INFO]     |  local epoch  : 1, acc 0.823
[2023-12-28 21:35:15] [INFO]     |  local epoch  : 2, acc 0.813
[2023-12-28 21:35:15] [INFO]     |  local epoch  : 3, acc 0.823
[2023-12-28 21:35:15] [INFO]     |  local epoch  : 4, acc 0.823
[2023-12-28 21:35:15] [INFO]     | distill epoch : 0, acc 0.838
[2023-12-28 21:35:15] [INFO]     | distill epoch : 1, acc 0.830
[2023-12-28 21:35:15] [INFO]     | distill epoch : 2, acc 0.829
[2023-12-28 21:35:15] [INFO]     | distill epoch : 3, acc 0.814
[2023-12-28 21:35:15] [INFO]     | distill epoch : 4, acc 0.822
[2023-12-28 21:35:15] [INFO]    -client 4
[2023-12-28 21:35:15] [INFO]     |  local epoch  : 0, acc 0.757
[2023-12-28 21:35:15] [INFO]     |  local epoch  : 1, acc 0.842
[2023-12-28 21:35:15] [INFO]     |  local epoch  : 2, acc 0.827
[2023-12-28 21:35:15] [INFO]     |  local epoch  : 3, acc 0.838
[2023-12-28 21:35:15] [INFO]     |  local epoch  : 4, acc 0.806
[2023-12-28 21:35:15] [INFO]     | distill epoch : 0, acc 0.841
[2023-12-28 21:35:15] [INFO]     | distill epoch : 1, acc 0.833
[2023-12-28 21:35:15] [INFO]     | distill epoch : 2, acc 0.822
[2023-12-28 21:35:15] [INFO]     | distill epoch : 3, acc 0.812
[2023-12-28 21:35:15] [INFO]     | distill epoch : 4, acc 0.791
[2023-12-28 21:35:15] [INFO]    -client 5
[2023-12-28 21:35:15] [INFO]     |  local epoch  : 0, acc 0.738
[2023-12-28 21:35:15] [INFO]     |  local epoch  : 1, acc 0.827
[2023-12-28 21:35:16] [INFO]     |  local epoch  : 2, acc 0.826
[2023-12-28 21:35:16] [INFO]     |  local epoch  : 3, acc 0.793
[2023-12-28 21:35:16] [INFO]     |  local epoch  : 4, acc 0.830
[2023-12-28 21:35:16] [INFO]     | distill epoch : 0, acc 0.845
[2023-12-28 21:35:16] [INFO]     | distill epoch : 1, acc 0.831
[2023-12-28 21:35:16] [INFO]     | distill epoch : 2, acc 0.821
[2023-12-28 21:35:16] [INFO]     | distill epoch : 3, acc 0.804
[2023-12-28 21:35:16] [INFO]     | distill epoch : 4, acc 0.810
[2023-12-28 21:35:16] [INFO] |servers comunicated: 5, server aggregated: 1, acc_server 1: 0.816.
[2023-12-28 21:35:16] [INFO] --------------------------------------------------
[2023-12-28 21:35:16] [INFO]   |server: 2
[2023-12-28 21:35:16] [INFO]    -client 6
[2023-12-28 21:35:16] [INFO]     |  local epoch  : 0, acc 0.729
[2023-12-28 21:35:16] [INFO]     |  local epoch  : 1, acc 0.819
[2023-12-28 21:35:16] [INFO]     |  local epoch  : 2, acc 0.822
[2023-12-28 21:35:16] [INFO]     |  local epoch  : 3, acc 0.820
[2023-12-28 21:35:16] [INFO]     |  local epoch  : 4, acc 0.824
[2023-12-28 21:35:16] [INFO]     | distill epoch : 0, acc 0.827
[2023-12-28 21:35:16] [INFO]     | distill epoch : 1, acc 0.821
[2023-12-28 21:35:16] [INFO]     | distill epoch : 2, acc 0.814
[2023-12-28 21:35:16] [INFO]     | distill epoch : 3, acc 0.811
[2023-12-28 21:35:16] [INFO]     | distill epoch : 4, acc 0.794
[2023-12-28 21:35:16] [INFO]    -client 7
[2023-12-28 21:35:16] [INFO]     |  local epoch  : 0, acc 0.705
[2023-12-28 21:35:17] [INFO]     |  local epoch  : 1, acc 0.790
[2023-12-28 21:35:17] [INFO]     |  local epoch  : 2, acc 0.748
[2023-12-28 21:35:17] [INFO]     |  local epoch  : 3, acc 0.772
[2023-12-28 21:35:17] [INFO]     |  local epoch  : 4, acc 0.781
[2023-12-28 21:35:17] [INFO]     | distill epoch : 0, acc 0.825
[2023-12-28 21:35:17] [INFO]     | distill epoch : 1, acc 0.839
[2023-12-28 21:35:17] [INFO]     | distill epoch : 2, acc 0.833
[2023-12-28 21:35:17] [INFO]     | distill epoch : 3, acc 0.820
[2023-12-28 21:35:17] [INFO]     | distill epoch : 4, acc 0.825
[2023-12-28 21:35:17] [INFO]    -client 8
[2023-12-28 21:35:17] [INFO]     |  local epoch  : 0, acc 0.702
[2023-12-28 21:35:17] [INFO]     |  local epoch  : 1, acc 0.801
[2023-12-28 21:35:17] [INFO]     |  local epoch  : 2, acc 0.751
[2023-12-28 21:35:17] [INFO]     |  local epoch  : 3, acc 0.752
[2023-12-28 21:35:17] [INFO]     |  local epoch  : 4, acc 0.755
[2023-12-28 21:35:17] [INFO]     | distill epoch : 0, acc 0.812
[2023-12-28 21:35:17] [INFO]     | distill epoch : 1, acc 0.825
[2023-12-28 21:35:17] [INFO]     | distill epoch : 2, acc 0.826
[2023-12-28 21:35:17] [INFO]     | distill epoch : 3, acc 0.809
[2023-12-28 21:35:17] [INFO]     | distill epoch : 4, acc 0.818
[2023-12-28 21:35:17] [INFO] |servers comunicated: 5, server aggregated: 1, acc_server 2: 0.820.
[2023-12-28 21:35:17] [INFO] --------------------------------------------------
[2023-12-28 21:35:17] [INFO]      ********  servers comunicates  ********      
[2023-12-28 21:35:17] [INFO] ./data/saved-data/mnist_algo_0/alpha_0.5_T_8/server_commu_6_client_commu_2_client_train_5_batch_size_200_num_all_client_9_num_all_server_3_num_client_data_1200_num_public_data_50_proportion_0.8.pt
