[2023-12-28 21:45:08] [INFO] device cuda is used.
[2023-12-28 21:45:08] [INFO] cudnn is actived.
[2023-12-28 21:45:08] [INFO] 
           alpha       :  0.5  
             T         :   8   
         algorithm     :   0   
     num_server_commu  :   6   
     num_client_commu  :   2   
     num_client_train  :   5   
     num_public_train  :   5   
        batch_size     :  200  
          dataset      : mnist 
       model_select    :   1   
      num_all_client   :   9   
      num_all_server   :   3   
      num_client_data  : 1200  
      num_public_data  :  50   
        proportion     :  0.8  

[2023-12-28 21:45:15] [INFO] --------------------------------------------------
[2023-12-28 21:45:15] [INFO] |epoch_server_commu: 0/6
[2023-12-28 21:45:15] [INFO]  |epoch_client_commu: 0/2
[2023-12-28 21:45:15] [INFO]   |server: 0
[2023-12-28 21:45:15] [INFO]    -client 0
[2023-12-28 21:45:16] [INFO]     |  local epoch  : 0, acc 0.098
[2023-12-28 21:45:16] [INFO]     |  local epoch  : 1, acc 0.098
[2023-12-28 21:45:16] [INFO]     |  local epoch  : 2, acc 0.098
[2023-12-28 21:45:16] [INFO]     |  local epoch  : 3, acc 0.098
[2023-12-28 21:45:16] [INFO]     |  local epoch  : 4, acc 0.098
[2023-12-28 21:45:16] [INFO]    -client 1
[2023-12-28 21:45:16] [INFO]     |  local epoch  : 0, acc 0.098
[2023-12-28 21:45:16] [INFO]     |  local epoch  : 1, acc 0.098
[2023-12-28 21:45:16] [INFO]     |  local epoch  : 2, acc 0.098
[2023-12-28 21:45:16] [INFO]     |  local epoch  : 3, acc 0.098
[2023-12-28 21:45:16] [INFO]     |  local epoch  : 4, acc 0.098
[2023-12-28 21:45:16] [INFO]    -client 2
[2023-12-28 21:45:16] [INFO]     |  local epoch  : 0, acc 0.098
[2023-12-28 21:45:16] [INFO]     |  local epoch  : 1, acc 0.098
[2023-12-28 21:45:16] [INFO]     |  local epoch  : 2, acc 0.098
[2023-12-28 21:45:16] [INFO]     |  local epoch  : 3, acc 0.098
[2023-12-28 21:45:16] [INFO]     |  local epoch  : 4, acc 0.098
[2023-12-28 21:45:16] [INFO] |servers comunicated: 0, server aggregated: 0, acc_server 0: 0.098.
[2023-12-28 21:45:16] [INFO] --------------------------------------------------
[2023-12-28 21:45:16] [INFO]   |server: 1
[2023-12-28 21:45:16] [INFO]    -client 3
[2023-12-28 21:45:16] [INFO]     |  local epoch  : 0, acc 0.101
[2023-12-28 21:45:16] [INFO]     |  local epoch  : 1, acc 0.101
[2023-12-28 21:45:17] [INFO]     |  local epoch  : 2, acc 0.101
[2023-12-28 21:45:17] [INFO]     |  local epoch  : 3, acc 0.101
[2023-12-28 21:45:17] [INFO]     |  local epoch  : 4, acc 0.101
[2023-12-28 21:45:17] [INFO]    -client 4
[2023-12-28 21:45:17] [INFO]     |  local epoch  : 0, acc 0.101
[2023-12-28 21:45:17] [INFO]     |  local epoch  : 1, acc 0.101
[2023-12-28 21:45:17] [INFO]     |  local epoch  : 2, acc 0.101
[2023-12-28 21:45:17] [INFO]     |  local epoch  : 3, acc 0.101
[2023-12-28 21:45:17] [INFO]     |  local epoch  : 4, acc 0.101
[2023-12-28 21:45:17] [INFO]    -client 5
[2023-12-28 21:45:17] [INFO]     |  local epoch  : 0, acc 0.101
[2023-12-28 21:45:17] [INFO]     |  local epoch  : 1, acc 0.101
[2023-12-28 21:45:17] [INFO]     |  local epoch  : 2, acc 0.101
[2023-12-28 21:45:17] [INFO]     |  local epoch  : 3, acc 0.101
[2023-12-28 21:45:17] [INFO]     |  local epoch  : 4, acc 0.101
[2023-12-28 21:45:17] [INFO] |servers comunicated: 0, server aggregated: 0, acc_server 1: 0.101.
[2023-12-28 21:45:17] [INFO] --------------------------------------------------
[2023-12-28 21:45:17] [INFO]   |server: 2
[2023-12-28 21:45:17] [INFO]    -client 6
[2023-12-28 21:45:17] [INFO]     |  local epoch  : 0, acc 0.097
[2023-12-28 21:45:17] [INFO]     |  local epoch  : 1, acc 0.097
[2023-12-28 21:45:17] [INFO]     |  local epoch  : 2, acc 0.097
[2023-12-28 21:45:17] [INFO]     |  local epoch  : 3, acc 0.097
[2023-12-28 21:45:17] [INFO]     |  local epoch  : 4, acc 0.097
[2023-12-28 21:45:17] [INFO]    -client 7
[2023-12-28 21:45:17] [INFO]     |  local epoch  : 0, acc 0.097
[2023-12-28 21:45:18] [INFO]     |  local epoch  : 1, acc 0.097
[2023-12-28 21:45:18] [INFO]     |  local epoch  : 2, acc 0.097
[2023-12-28 21:45:18] [INFO]     |  local epoch  : 3, acc 0.097
[2023-12-28 21:45:18] [INFO]     |  local epoch  : 4, acc 0.097
[2023-12-28 21:45:18] [INFO]    -client 8
[2023-12-28 21:45:18] [INFO]     |  local epoch  : 0, acc 0.097
[2023-12-28 21:45:18] [INFO]     |  local epoch  : 1, acc 0.097
[2023-12-28 21:45:18] [INFO]     |  local epoch  : 2, acc 0.097
[2023-12-28 21:45:18] [INFO]     |  local epoch  : 3, acc 0.097
[2023-12-28 21:45:18] [INFO]     |  local epoch  : 4, acc 0.097
[2023-12-28 21:45:18] [INFO] |servers comunicated: 0, server aggregated: 0, acc_server 2: 0.097.
[2023-12-28 21:45:18] [INFO] --------------------------------------------------
[2023-12-28 21:45:18] [INFO]  |epoch_client_commu: 1/2
[2023-12-28 21:45:18] [INFO]   |server: 0
[2023-12-28 21:45:18] [INFO]    -client 0
[2023-12-28 21:45:18] [INFO]     |  local epoch  : 0, acc 0.098
[2023-12-28 21:45:18] [INFO]     |  local epoch  : 1, acc 0.098
[2023-12-28 21:45:18] [INFO]     |  local epoch  : 2, acc 0.098
[2023-12-28 21:45:18] [INFO]     |  local epoch  : 3, acc 0.098
[2023-12-28 21:45:18] [INFO]     |  local epoch  : 4, acc 0.098
[2023-12-28 21:45:18] [INFO]    -client 1
[2023-12-28 21:45:18] [INFO]     |  local epoch  : 0, acc 0.098
[2023-12-28 21:45:18] [INFO]     |  local epoch  : 1, acc 0.098
[2023-12-28 21:45:18] [INFO]     |  local epoch  : 2, acc 0.098
[2023-12-28 21:45:18] [INFO]     |  local epoch  : 3, acc 0.098
[2023-12-28 21:45:18] [INFO]     |  local epoch  : 4, acc 0.098
[2023-12-28 21:45:18] [INFO]    -client 2
[2023-12-28 21:45:19] [INFO]     |  local epoch  : 0, acc 0.098
[2023-12-28 21:45:19] [INFO]     |  local epoch  : 1, acc 0.098
[2023-12-28 21:45:19] [INFO]     |  local epoch  : 2, acc 0.098
[2023-12-28 21:45:19] [INFO]     |  local epoch  : 3, acc 0.098
[2023-12-28 21:45:19] [INFO]     |  local epoch  : 4, acc 0.098
[2023-12-28 21:45:19] [INFO] |servers comunicated: 0, server aggregated: 1, acc_server 0: 0.098.
[2023-12-28 21:45:19] [INFO] --------------------------------------------------
[2023-12-28 21:45:19] [INFO]   |server: 1
[2023-12-28 21:45:19] [INFO]    -client 3
[2023-12-28 21:45:19] [INFO]     |  local epoch  : 0, acc 0.101
[2023-12-28 21:45:19] [INFO]     |  local epoch  : 1, acc 0.101
[2023-12-28 21:45:19] [INFO]     |  local epoch  : 2, acc 0.101
[2023-12-28 21:45:19] [INFO]     |  local epoch  : 3, acc 0.101
[2023-12-28 21:45:19] [INFO]     |  local epoch  : 4, acc 0.101
[2023-12-28 21:45:19] [INFO]    -client 4
[2023-12-28 21:45:19] [INFO]     |  local epoch  : 0, acc 0.101
[2023-12-28 21:45:19] [INFO]     |  local epoch  : 1, acc 0.101
[2023-12-28 21:45:19] [INFO]     |  local epoch  : 2, acc 0.101
[2023-12-28 21:45:19] [INFO]     |  local epoch  : 3, acc 0.101
[2023-12-28 21:45:19] [INFO]     |  local epoch  : 4, acc 0.101
[2023-12-28 21:45:19] [INFO]    -client 5
[2023-12-28 21:45:19] [INFO]     |  local epoch  : 0, acc 0.101
[2023-12-28 21:45:19] [INFO]     |  local epoch  : 1, acc 0.101
[2023-12-28 21:45:19] [INFO]     |  local epoch  : 2, acc 0.101
[2023-12-28 21:45:19] [INFO]     |  local epoch  : 3, acc 0.101
[2023-12-28 21:45:20] [INFO]     |  local epoch  : 4, acc 0.101
[2023-12-28 21:45:20] [INFO] |servers comunicated: 0, server aggregated: 1, acc_server 1: 0.101.
[2023-12-28 21:45:20] [INFO] --------------------------------------------------
[2023-12-28 21:45:20] [INFO]   |server: 2
[2023-12-28 21:45:20] [INFO]    -client 6
[2023-12-28 21:45:20] [INFO]     |  local epoch  : 0, acc 0.097
[2023-12-28 21:45:20] [INFO]     |  local epoch  : 1, acc 0.097
[2023-12-28 21:45:20] [INFO]     |  local epoch  : 2, acc 0.097
[2023-12-28 21:45:20] [INFO]     |  local epoch  : 3, acc 0.097
[2023-12-28 21:45:20] [INFO]     |  local epoch  : 4, acc 0.097
[2023-12-28 21:45:20] [INFO]    -client 7
[2023-12-28 21:45:20] [INFO]     |  local epoch  : 0, acc 0.097
[2023-12-28 21:45:20] [INFO]     |  local epoch  : 1, acc 0.097
[2023-12-28 21:45:20] [INFO]     |  local epoch  : 2, acc 0.097
[2023-12-28 21:45:20] [INFO]     |  local epoch  : 3, acc 0.097
[2023-12-28 21:45:20] [INFO]     |  local epoch  : 4, acc 0.097
[2023-12-28 21:45:20] [INFO]    -client 8
[2023-12-28 21:45:20] [INFO]     |  local epoch  : 0, acc 0.097
[2023-12-28 21:45:20] [INFO]     |  local epoch  : 1, acc 0.097
[2023-12-28 21:45:20] [INFO]     |  local epoch  : 2, acc 0.097
[2023-12-28 21:45:20] [INFO]     |  local epoch  : 3, acc 0.097
[2023-12-28 21:45:20] [INFO]     |  local epoch  : 4, acc 0.097
[2023-12-28 21:45:20] [INFO] |servers comunicated: 0, server aggregated: 1, acc_server 2: 0.097.
[2023-12-28 21:45:20] [INFO] --------------------------------------------------
[2023-12-28 21:45:20] [INFO]      ********  servers comunicates  ********      
[2023-12-28 21:45:20] [INFO] --------------------------------------------------
[2023-12-28 21:45:20] [INFO] |epoch_server_commu: 1/6
[2023-12-28 21:45:20] [INFO]  |epoch_client_commu: 0/2
[2023-12-28 21:45:20] [INFO]   |server: 0
[2023-12-28 21:45:20] [INFO]    -client 0
[2023-12-28 21:45:20] [INFO]     |  local epoch  : 0, acc 0.098
[2023-12-28 21:45:20] [INFO]     |  local epoch  : 1, acc 0.098
[2023-12-28 21:45:21] [INFO]     |  local epoch  : 2, acc 0.098
[2023-12-28 21:45:21] [INFO]     |  local epoch  : 3, acc 0.098
[2023-12-28 21:45:21] [INFO]     |  local epoch  : 4, acc 0.098
[2023-12-28 21:45:21] [INFO]     | distill epoch : 0, acc 0.098
[2023-12-28 21:45:21] [INFO]     | distill epoch : 1, acc 0.098
[2023-12-28 21:45:21] [INFO]     | distill epoch : 2, acc 0.098
[2023-12-28 21:45:21] [INFO]     | distill epoch : 3, acc 0.098
[2023-12-28 21:45:21] [INFO]     | distill epoch : 4, acc 0.098
[2023-12-28 21:45:21] [INFO]    -client 1
[2023-12-28 21:45:21] [INFO]     |  local epoch  : 0, acc 0.098
[2023-12-28 21:45:21] [INFO]     |  local epoch  : 1, acc 0.098
[2023-12-28 21:45:21] [INFO]     |  local epoch  : 2, acc 0.098
[2023-12-28 21:45:21] [INFO]     |  local epoch  : 3, acc 0.098
[2023-12-28 21:45:21] [INFO]     |  local epoch  : 4, acc 0.098
[2023-12-28 21:45:21] [INFO]     | distill epoch : 0, acc 0.098
[2023-12-28 21:45:22] [INFO]     | distill epoch : 1, acc 0.098
[2023-12-28 21:45:22] [INFO]     | distill epoch : 2, acc 0.098
[2023-12-28 21:45:22] [INFO]     | distill epoch : 3, acc 0.098
[2023-12-28 21:45:22] [INFO]     | distill epoch : 4, acc 0.098
[2023-12-28 21:45:22] [INFO]    -client 2
[2023-12-28 21:45:22] [INFO]     |  local epoch  : 0, acc 0.098
[2023-12-28 21:45:22] [INFO]     |  local epoch  : 1, acc 0.098
[2023-12-28 21:45:22] [INFO]     |  local epoch  : 2, acc 0.098
[2023-12-28 21:45:22] [INFO]     |  local epoch  : 3, acc 0.098
[2023-12-28 21:45:22] [INFO]     |  local epoch  : 4, acc 0.098
[2023-12-28 21:45:22] [INFO]     | distill epoch : 0, acc 0.098
[2023-12-28 21:45:22] [INFO]     | distill epoch : 1, acc 0.098
[2023-12-28 21:45:22] [INFO]     | distill epoch : 2, acc 0.098
[2023-12-28 21:45:22] [INFO]     | distill epoch : 3, acc 0.098
[2023-12-28 21:45:22] [INFO]     | distill epoch : 4, acc 0.098
[2023-12-28 21:45:22] [INFO] |servers comunicated: 1, server aggregated: 0, acc_server 0: 0.098.
[2023-12-28 21:45:22] [INFO] --------------------------------------------------
[2023-12-28 21:45:22] [INFO]   |server: 1
[2023-12-28 21:45:22] [INFO]    -client 3
[2023-12-28 21:45:22] [INFO]     |  local epoch  : 0, acc 0.101
[2023-12-28 21:45:22] [INFO]     |  local epoch  : 1, acc 0.101
[2023-12-28 21:45:22] [INFO]     |  local epoch  : 2, acc 0.101
[2023-12-28 21:45:22] [INFO]     |  local epoch  : 3, acc 0.101
[2023-12-28 21:45:22] [INFO]     |  local epoch  : 4, acc 0.101
[2023-12-28 21:45:22] [INFO]     | distill epoch : 0, acc 0.101
[2023-12-28 21:45:23] [INFO]     | distill epoch : 1, acc 0.101
[2023-12-28 21:45:23] [INFO]     | distill epoch : 2, acc 0.101
[2023-12-28 21:45:23] [INFO]     | distill epoch : 3, acc 0.101
[2023-12-28 21:45:23] [INFO]     | distill epoch : 4, acc 0.101
[2023-12-28 21:45:23] [INFO]    -client 4
[2023-12-28 21:45:23] [INFO]     |  local epoch  : 0, acc 0.101
[2023-12-28 21:45:23] [INFO]     |  local epoch  : 1, acc 0.101
[2023-12-28 21:45:23] [INFO]     |  local epoch  : 2, acc 0.101
[2023-12-28 21:45:23] [INFO]     |  local epoch  : 3, acc 0.101
[2023-12-28 21:45:23] [INFO]     |  local epoch  : 4, acc 0.101
[2023-12-28 21:45:23] [INFO]     | distill epoch : 0, acc 0.101
[2023-12-28 21:45:23] [INFO]     | distill epoch : 1, acc 0.101
[2023-12-28 21:45:23] [INFO]     | distill epoch : 2, acc 0.101
[2023-12-28 21:45:23] [INFO]     | distill epoch : 3, acc 0.101
[2023-12-28 21:45:23] [INFO]     | distill epoch : 4, acc 0.101
[2023-12-28 21:45:23] [INFO]    -client 5
[2023-12-28 21:45:23] [INFO]     |  local epoch  : 0, acc 0.101
[2023-12-28 21:45:23] [INFO]     |  local epoch  : 1, acc 0.101
[2023-12-28 21:45:23] [INFO]     |  local epoch  : 2, acc 0.101
[2023-12-28 21:45:23] [INFO]     |  local epoch  : 3, acc 0.101
[2023-12-28 21:45:23] [INFO]     |  local epoch  : 4, acc 0.101
[2023-12-28 21:45:23] [INFO]     | distill epoch : 0, acc 0.101
[2023-12-28 21:45:23] [INFO]     | distill epoch : 1, acc 0.101
[2023-12-28 21:45:24] [INFO]     | distill epoch : 2, acc 0.101
[2023-12-28 21:45:24] [INFO]     | distill epoch : 3, acc 0.101
[2023-12-28 21:45:24] [INFO]     | distill epoch : 4, acc 0.101
[2023-12-28 21:45:24] [INFO] |servers comunicated: 1, server aggregated: 0, acc_server 1: 0.101.
[2023-12-28 21:45:24] [INFO] --------------------------------------------------
[2023-12-28 21:45:24] [INFO]   |server: 2
[2023-12-28 21:45:24] [INFO]    -client 6
[2023-12-28 21:45:24] [INFO]     |  local epoch  : 0, acc 0.097
[2023-12-28 21:45:24] [INFO]     |  local epoch  : 1, acc 0.097
[2023-12-28 21:45:24] [INFO]     |  local epoch  : 2, acc 0.097
[2023-12-28 21:45:24] [INFO]     |  local epoch  : 3, acc 0.097
[2023-12-28 21:45:24] [INFO]     |  local epoch  : 4, acc 0.097
[2023-12-28 21:45:24] [INFO]     | distill epoch : 0, acc 0.097
[2023-12-28 21:45:24] [INFO]     | distill epoch : 1, acc 0.097
[2023-12-28 21:45:24] [INFO]     | distill epoch : 2, acc 0.097
[2023-12-28 21:45:24] [INFO]     | distill epoch : 3, acc 0.097
[2023-12-28 21:45:24] [INFO]     | distill epoch : 4, acc 0.097
[2023-12-28 21:45:24] [INFO]    -client 7
[2023-12-28 21:45:24] [INFO]     |  local epoch  : 0, acc 0.097
[2023-12-28 21:45:24] [INFO]     |  local epoch  : 1, acc 0.097
[2023-12-28 21:45:24] [INFO]     |  local epoch  : 2, acc 0.097
[2023-12-28 21:45:24] [INFO]     |  local epoch  : 3, acc 0.097
[2023-12-28 21:45:24] [INFO]     |  local epoch  : 4, acc 0.097
[2023-12-28 21:45:24] [INFO]     | distill epoch : 0, acc 0.097
[2023-12-28 21:45:25] [INFO]     | distill epoch : 1, acc 0.097
[2023-12-28 21:45:25] [INFO]     | distill epoch : 2, acc 0.097
[2023-12-28 21:45:25] [INFO]     | distill epoch : 3, acc 0.097
[2023-12-28 21:45:25] [INFO]     | distill epoch : 4, acc 0.097
[2023-12-28 21:45:25] [INFO]    -client 8
[2023-12-28 21:45:25] [INFO]     |  local epoch  : 0, acc 0.097
[2023-12-28 21:45:25] [INFO]     |  local epoch  : 1, acc 0.097
[2023-12-28 21:45:25] [INFO]     |  local epoch  : 2, acc 0.097
[2023-12-28 21:45:25] [INFO]     |  local epoch  : 3, acc 0.097
[2023-12-28 21:45:25] [INFO]     |  local epoch  : 4, acc 0.097
[2023-12-28 21:45:25] [INFO]     | distill epoch : 0, acc 0.097
[2023-12-28 21:45:25] [INFO]     | distill epoch : 1, acc 0.097
[2023-12-28 21:45:25] [INFO]     | distill epoch : 2, acc 0.097
[2023-12-28 21:45:25] [INFO]     | distill epoch : 3, acc 0.097
[2023-12-28 21:45:25] [INFO]     | distill epoch : 4, acc 0.097
[2023-12-28 21:45:25] [INFO] |servers comunicated: 1, server aggregated: 0, acc_server 2: 0.097.
[2023-12-28 21:45:25] [INFO] --------------------------------------------------
[2023-12-28 21:45:25] [INFO]  |epoch_client_commu: 1/2
[2023-12-28 21:45:25] [INFO]   |server: 0
[2023-12-28 21:45:25] [INFO]    -client 0
[2023-12-28 21:45:25] [INFO]     |  local epoch  : 0, acc 0.098
[2023-12-28 21:45:25] [INFO]     |  local epoch  : 1, acc 0.098
[2023-12-28 21:45:25] [INFO]     |  local epoch  : 2, acc 0.098
[2023-12-28 21:45:25] [INFO]     |  local epoch  : 3, acc 0.098
[2023-12-28 21:45:25] [INFO]     |  local epoch  : 4, acc 0.098
[2023-12-28 21:45:26] [INFO]     | distill epoch : 0, acc 0.098
[2023-12-28 21:45:26] [INFO]     | distill epoch : 1, acc 0.098
[2023-12-28 21:45:26] [INFO]     | distill epoch : 2, acc 0.099
[2023-12-28 21:45:26] [INFO]     | distill epoch : 3, acc 0.101
[2023-12-28 21:45:26] [INFO]     | distill epoch : 4, acc 0.116
[2023-12-28 21:45:26] [INFO]    -client 1
[2023-12-28 21:45:26] [INFO]     |  local epoch  : 0, acc 0.098
[2023-12-28 21:45:26] [INFO]     |  local epoch  : 1, acc 0.098
[2023-12-28 21:45:26] [INFO]     |  local epoch  : 2, acc 0.098
[2023-12-28 21:45:26] [INFO]     |  local epoch  : 3, acc 0.098
[2023-12-28 21:45:26] [INFO]     |  local epoch  : 4, acc 0.098
[2023-12-28 21:45:26] [INFO]     | distill epoch : 0, acc 0.098
[2023-12-28 21:45:26] [INFO]     | distill epoch : 1, acc 0.098
[2023-12-28 21:45:26] [INFO]     | distill epoch : 2, acc 0.098
[2023-12-28 21:45:26] [INFO]     | distill epoch : 3, acc 0.105
[2023-12-28 21:45:26] [INFO]     | distill epoch : 4, acc 0.139
[2023-12-28 21:45:26] [INFO]    -client 2
[2023-12-28 21:45:26] [INFO]     |  local epoch  : 0, acc 0.098
[2023-12-28 21:45:26] [INFO]     |  local epoch  : 1, acc 0.098
[2023-12-28 21:45:26] [INFO]     |  local epoch  : 2, acc 0.098
[2023-12-28 21:45:26] [INFO]     |  local epoch  : 3, acc 0.098
[2023-12-28 21:45:26] [INFO]     |  local epoch  : 4, acc 0.098
[2023-12-28 21:45:26] [INFO]     | distill epoch : 0, acc 0.098
[2023-12-28 21:45:27] [INFO]     | distill epoch : 1, acc 0.098
[2023-12-28 21:45:27] [INFO]     | distill epoch : 2, acc 0.098
[2023-12-28 21:45:27] [INFO]     | distill epoch : 3, acc 0.101
[2023-12-28 21:45:27] [INFO]     | distill epoch : 4, acc 0.132
[2023-12-28 21:45:27] [INFO] |servers comunicated: 1, server aggregated: 1, acc_server 0: 0.124.
[2023-12-28 21:45:27] [INFO] --------------------------------------------------
[2023-12-28 21:45:27] [INFO]   |server: 1
[2023-12-28 21:45:27] [INFO]    -client 3
[2023-12-28 21:45:27] [INFO]     |  local epoch  : 0, acc 0.101
[2023-12-28 21:45:27] [INFO]     |  local epoch  : 1, acc 0.101
[2023-12-28 21:45:27] [INFO]     |  local epoch  : 2, acc 0.101
[2023-12-28 21:45:27] [INFO]     |  local epoch  : 3, acc 0.101
[2023-12-28 21:45:27] [INFO]     |  local epoch  : 4, acc 0.101
[2023-12-28 21:45:27] [INFO]     | distill epoch : 0, acc 0.103
[2023-12-28 21:45:27] [INFO]     | distill epoch : 1, acc 0.110
[2023-12-28 21:45:27] [INFO]     | distill epoch : 2, acc 0.124
[2023-12-28 21:45:27] [INFO]     | distill epoch : 3, acc 0.153
[2023-12-28 21:45:27] [INFO]     | distill epoch : 4, acc 0.180
[2023-12-28 21:45:27] [INFO]    -client 4
[2023-12-28 21:45:27] [INFO]     |  local epoch  : 0, acc 0.101
[2023-12-28 21:45:27] [INFO]     |  local epoch  : 1, acc 0.101
[2023-12-28 21:45:27] [INFO]     |  local epoch  : 2, acc 0.101
[2023-12-28 21:45:27] [INFO]     |  local epoch  : 3, acc 0.101
[2023-12-28 21:45:27] [INFO]     |  local epoch  : 4, acc 0.101
[2023-12-28 21:45:27] [INFO]     | distill epoch : 0, acc 0.101
[2023-12-28 21:45:28] [INFO]     | distill epoch : 1, acc 0.102
[2023-12-28 21:45:28] [INFO]     | distill epoch : 2, acc 0.107
[2023-12-28 21:45:28] [INFO]     | distill epoch : 3, acc 0.116
[2023-12-28 21:45:28] [INFO]     | distill epoch : 4, acc 0.126
[2023-12-28 21:45:28] [INFO]    -client 5
[2023-12-28 21:45:28] [INFO]     |  local epoch  : 0, acc 0.101
[2023-12-28 21:45:28] [INFO]     |  local epoch  : 1, acc 0.101
[2023-12-28 21:45:28] [INFO]     |  local epoch  : 2, acc 0.101
[2023-12-28 21:45:28] [INFO]     |  local epoch  : 3, acc 0.101
[2023-12-28 21:45:28] [INFO]     |  local epoch  : 4, acc 0.101
[2023-12-28 21:45:28] [INFO]     | distill epoch : 0, acc 0.101
[2023-12-28 21:45:28] [INFO]     | distill epoch : 1, acc 0.102
[2023-12-28 21:45:28] [INFO]     | distill epoch : 2, acc 0.105
[2023-12-28 21:45:28] [INFO]     | distill epoch : 3, acc 0.113
[2023-12-28 21:45:28] [INFO]     | distill epoch : 4, acc 0.129
[2023-12-28 21:45:28] [INFO] |servers comunicated: 1, server aggregated: 1, acc_server 1: 0.142.
[2023-12-28 21:45:28] [INFO] --------------------------------------------------
[2023-12-28 21:45:28] [INFO]   |server: 2
[2023-12-28 21:45:28] [INFO]    -client 6
[2023-12-28 21:45:28] [INFO]     |  local epoch  : 0, acc 0.097
[2023-12-28 21:45:28] [INFO]     |  local epoch  : 1, acc 0.097
[2023-12-28 21:45:28] [INFO]     |  local epoch  : 2, acc 0.097
[2023-12-28 21:45:28] [INFO]     |  local epoch  : 3, acc 0.097
[2023-12-28 21:45:28] [INFO]     |  local epoch  : 4, acc 0.097
[2023-12-28 21:45:29] [INFO]     | distill epoch : 0, acc 0.097
[2023-12-28 21:45:29] [INFO]     | distill epoch : 1, acc 0.097
[2023-12-28 21:45:29] [INFO]     | distill epoch : 2, acc 0.097
[2023-12-28 21:45:29] [INFO]     | distill epoch : 3, acc 0.097
[2023-12-28 21:45:29] [INFO]     | distill epoch : 4, acc 0.097
[2023-12-28 21:45:29] [INFO]    -client 7
[2023-12-28 21:45:29] [INFO]     |  local epoch  : 0, acc 0.097
[2023-12-28 21:45:29] [INFO]     |  local epoch  : 1, acc 0.097
[2023-12-28 21:45:29] [INFO]     |  local epoch  : 2, acc 0.097
[2023-12-28 21:45:29] [INFO]     |  local epoch  : 3, acc 0.097
[2023-12-28 21:45:29] [INFO]     |  local epoch  : 4, acc 0.097
[2023-12-28 21:45:29] [INFO]     | distill epoch : 0, acc 0.097
[2023-12-28 21:45:29] [INFO]     | distill epoch : 1, acc 0.097
[2023-12-28 21:45:29] [INFO]     | distill epoch : 2, acc 0.097
[2023-12-28 21:45:29] [INFO]     | distill epoch : 3, acc 0.097
[2023-12-28 21:45:29] [INFO]     | distill epoch : 4, acc 0.097
[2023-12-28 21:45:29] [INFO]    -client 8
[2023-12-28 21:45:29] [INFO]     |  local epoch  : 0, acc 0.097
[2023-12-28 21:45:29] [INFO]     |  local epoch  : 1, acc 0.097
[2023-12-28 21:45:29] [INFO]     |  local epoch  : 2, acc 0.097
[2023-12-28 21:45:29] [INFO]     |  local epoch  : 3, acc 0.097
[2023-12-28 21:45:29] [INFO]     |  local epoch  : 4, acc 0.097
[2023-12-28 21:45:29] [INFO]     | distill epoch : 0, acc 0.097
[2023-12-28 21:45:30] [INFO]     | distill epoch : 1, acc 0.097
[2023-12-28 21:45:30] [INFO]     | distill epoch : 2, acc 0.097
[2023-12-28 21:45:30] [INFO]     | distill epoch : 3, acc 0.097
[2023-12-28 21:45:30] [INFO]     | distill epoch : 4, acc 0.097
[2023-12-28 21:45:30] [INFO] |servers comunicated: 1, server aggregated: 1, acc_server 2: 0.097.
[2023-12-28 21:45:30] [INFO] --------------------------------------------------
[2023-12-28 21:45:30] [INFO]      ********  servers comunicates  ********      
[2023-12-28 21:45:30] [INFO] --------------------------------------------------
[2023-12-28 21:45:30] [INFO] |epoch_server_commu: 2/6
[2023-12-28 21:45:30] [INFO]  |epoch_client_commu: 0/2
[2023-12-28 21:45:30] [INFO]   |server: 0
[2023-12-28 21:45:30] [INFO]    -client 0
[2023-12-28 21:45:30] [INFO]     |  local epoch  : 0, acc 0.098
[2023-12-28 21:45:30] [INFO]     |  local epoch  : 1, acc 0.098
[2023-12-28 21:45:30] [INFO]     |  local epoch  : 2, acc 0.101
[2023-12-28 21:45:30] [INFO]     |  local epoch  : 3, acc 0.135
[2023-12-28 21:45:30] [INFO]     |  local epoch  : 4, acc 0.155
[2023-12-28 21:45:30] [INFO]     | distill epoch : 0, acc 0.175
[2023-12-28 21:45:30] [INFO]     | distill epoch : 1, acc 0.196
[2023-12-28 21:45:30] [INFO]     | distill epoch : 2, acc 0.221
[2023-12-28 21:45:30] [INFO]     | distill epoch : 3, acc 0.191
[2023-12-28 21:45:30] [INFO]     | distill epoch : 4, acc 0.183
[2023-12-28 21:45:30] [INFO]    -client 1
[2023-12-28 21:45:30] [INFO]     |  local epoch  : 0, acc 0.098
[2023-12-28 21:45:30] [INFO]     |  local epoch  : 1, acc 0.098
[2023-12-28 21:45:30] [INFO]     |  local epoch  : 2, acc 0.098
[2023-12-28 21:45:30] [INFO]     |  local epoch  : 3, acc 0.101
[2023-12-28 21:45:31] [INFO]     |  local epoch  : 4, acc 0.141
[2023-12-28 21:45:31] [INFO]     | distill epoch : 0, acc 0.180
[2023-12-28 21:45:31] [INFO]     | distill epoch : 1, acc 0.202
[2023-12-28 21:45:31] [INFO]     | distill epoch : 2, acc 0.201
[2023-12-28 21:45:31] [INFO]     | distill epoch : 3, acc 0.199
[2023-12-28 21:45:31] [INFO]     | distill epoch : 4, acc 0.204
[2023-12-28 21:45:31] [INFO]    -client 2
[2023-12-28 21:45:31] [INFO]     |  local epoch  : 0, acc 0.098
[2023-12-28 21:45:31] [INFO]     |  local epoch  : 1, acc 0.098
[2023-12-28 21:45:31] [INFO]     |  local epoch  : 2, acc 0.099
[2023-12-28 21:45:31] [INFO]     |  local epoch  : 3, acc 0.102
[2023-12-28 21:45:31] [INFO]     |  local epoch  : 4, acc 0.121
[2023-12-28 21:45:31] [INFO]     | distill epoch : 0, acc 0.155
[2023-12-28 21:45:31] [INFO]     | distill epoch : 1, acc 0.180
[2023-12-28 21:45:31] [INFO]     | distill epoch : 2, acc 0.193
[2023-12-28 21:45:31] [INFO]     | distill epoch : 3, acc 0.204
[2023-12-28 21:45:31] [INFO]     | distill epoch : 4, acc 0.220
[2023-12-28 21:45:31] [INFO] |servers comunicated: 2, server aggregated: 0, acc_server 0: 0.224.
[2023-12-28 21:45:31] [INFO] --------------------------------------------------
[2023-12-28 21:45:31] [INFO]   |server: 1
[2023-12-28 21:45:31] [INFO]    -client 3
[2023-12-28 21:45:31] [INFO]     |  local epoch  : 0, acc 0.101
[2023-12-28 21:45:31] [INFO]     |  local epoch  : 1, acc 0.103
[2023-12-28 21:45:31] [INFO]     |  local epoch  : 2, acc 0.111
[2023-12-28 21:45:31] [INFO]     |  local epoch  : 3, acc 0.147
[2023-12-28 21:45:32] [INFO]     |  local epoch  : 4, acc 0.156
[2023-12-28 21:45:32] [INFO]     | distill epoch : 0, acc 0.193
[2023-12-28 21:45:32] [INFO]     | distill epoch : 1, acc 0.236
[2023-12-28 21:45:32] [INFO]     | distill epoch : 2, acc 0.267
[2023-12-28 21:45:32] [INFO]     | distill epoch : 3, acc 0.269
[2023-12-28 21:45:32] [INFO]     | distill epoch : 4, acc 0.257
[2023-12-28 21:45:32] [INFO]    -client 4
[2023-12-28 21:45:32] [INFO]     |  local epoch  : 0, acc 0.101
[2023-12-28 21:45:32] [INFO]     |  local epoch  : 1, acc 0.101
[2023-12-28 21:45:32] [INFO]     |  local epoch  : 2, acc 0.109
[2023-12-28 21:45:32] [INFO]     |  local epoch  : 3, acc 0.113
[2023-12-28 21:45:32] [INFO]     |  local epoch  : 4, acc 0.154
[2023-12-28 21:45:32] [INFO]     | distill epoch : 0, acc 0.191
[2023-12-28 21:45:32] [INFO]     | distill epoch : 1, acc 0.229
[2023-12-28 21:45:32] [INFO]     | distill epoch : 2, acc 0.249
[2023-12-28 21:45:32] [INFO]     | distill epoch : 3, acc 0.240
[2023-12-28 21:45:32] [INFO]     | distill epoch : 4, acc 0.214
[2023-12-28 21:45:32] [INFO]    -client 5
[2023-12-28 21:45:32] [INFO]     |  local epoch  : 0, acc 0.101
[2023-12-28 21:45:32] [INFO]     |  local epoch  : 1, acc 0.102
[2023-12-28 21:45:32] [INFO]     |  local epoch  : 2, acc 0.109
[2023-12-28 21:45:32] [INFO]     |  local epoch  : 3, acc 0.136
[2023-12-28 21:45:32] [INFO]     |  local epoch  : 4, acc 0.152
[2023-12-28 21:45:33] [INFO]     | distill epoch : 0, acc 0.175
[2023-12-28 21:45:33] [INFO]     | distill epoch : 1, acc 0.205
[2023-12-28 21:45:33] [INFO]     | distill epoch : 2, acc 0.242
[2023-12-28 21:45:33] [INFO]     | distill epoch : 3, acc 0.277
[2023-12-28 21:45:33] [INFO]     | distill epoch : 4, acc 0.304
[2023-12-28 21:45:33] [INFO] |servers comunicated: 2, server aggregated: 0, acc_server 1: 0.242.
[2023-12-28 21:45:33] [INFO] --------------------------------------------------
[2023-12-28 21:45:33] [INFO]   |server: 2
[2023-12-28 21:45:33] [INFO]    -client 6
[2023-12-28 21:45:33] [INFO]     |  local epoch  : 0, acc 0.097
[2023-12-28 21:45:33] [INFO]     |  local epoch  : 1, acc 0.097
[2023-12-28 21:45:33] [INFO]     |  local epoch  : 2, acc 0.097
[2023-12-28 21:45:33] [INFO]     |  local epoch  : 3, acc 0.097
[2023-12-28 21:45:33] [INFO]     |  local epoch  : 4, acc 0.097
[2023-12-28 21:45:33] [INFO]     | distill epoch : 0, acc 0.097
[2023-12-28 21:45:33] [INFO]     | distill epoch : 1, acc 0.097
[2023-12-28 21:45:33] [INFO]     | distill epoch : 2, acc 0.097
[2023-12-28 21:45:33] [INFO]     | distill epoch : 3, acc 0.102
[2023-12-28 21:45:33] [INFO]     | distill epoch : 4, acc 0.118
[2023-12-28 21:45:33] [INFO]    -client 7
[2023-12-28 21:45:33] [INFO]     |  local epoch  : 0, acc 0.097
[2023-12-28 21:45:33] [INFO]     |  local epoch  : 1, acc 0.097
[2023-12-28 21:45:33] [INFO]     |  local epoch  : 2, acc 0.097
[2023-12-28 21:45:33] [INFO]     |  local epoch  : 3, acc 0.097
[2023-12-28 21:45:34] [INFO]     |  local epoch  : 4, acc 0.097
[2023-12-28 21:45:34] [INFO]     | distill epoch : 0, acc 0.097
[2023-12-28 21:45:34] [INFO]     | distill epoch : 1, acc 0.097
[2023-12-28 21:45:34] [INFO]     | distill epoch : 2, acc 0.101
[2023-12-28 21:45:34] [INFO]     | distill epoch : 3, acc 0.126
[2023-12-28 21:45:34] [INFO]     | distill epoch : 4, acc 0.162
[2023-12-28 21:45:34] [INFO]    -client 8
[2023-12-28 21:45:34] [INFO]     |  local epoch  : 0, acc 0.097
[2023-12-28 21:45:34] [INFO]     |  local epoch  : 1, acc 0.097
[2023-12-28 21:45:34] [INFO]     |  local epoch  : 2, acc 0.097
[2023-12-28 21:45:34] [INFO]     |  local epoch  : 3, acc 0.097
[2023-12-28 21:45:34] [INFO]     |  local epoch  : 4, acc 0.097
[2023-12-28 21:45:34] [INFO]     | distill epoch : 0, acc 0.097
[2023-12-28 21:45:34] [INFO]     | distill epoch : 1, acc 0.098
[2023-12-28 21:45:34] [INFO]     | distill epoch : 2, acc 0.099
[2023-12-28 21:45:34] [INFO]     | distill epoch : 3, acc 0.112
[2023-12-28 21:45:34] [INFO]     | distill epoch : 4, acc 0.149
[2023-12-28 21:45:34] [INFO] |servers comunicated: 2, server aggregated: 0, acc_server 2: 0.132.
[2023-12-28 21:45:34] [INFO] --------------------------------------------------
[2023-12-28 21:45:34] [INFO]  |epoch_client_commu: 1/2
[2023-12-28 21:45:34] [INFO]   |server: 0
[2023-12-28 21:45:34] [INFO]    -client 0
[2023-12-28 21:45:34] [INFO]     |  local epoch  : 0, acc 0.117
[2023-12-28 21:45:34] [INFO]     |  local epoch  : 1, acc 0.198
[2023-12-28 21:45:34] [INFO]     |  local epoch  : 2, acc 0.257
[2023-12-28 21:45:35] [INFO]     |  local epoch  : 3, acc 0.260
[2023-12-28 21:45:35] [INFO]     |  local epoch  : 4, acc 0.295
[2023-12-28 21:45:35] [INFO]     | distill epoch : 0, acc 0.319
[2023-12-28 21:45:35] [INFO]     | distill epoch : 1, acc 0.330
[2023-12-28 21:45:35] [INFO]     | distill epoch : 2, acc 0.328
[2023-12-28 21:45:35] [INFO]     | distill epoch : 3, acc 0.348
[2023-12-28 21:45:35] [INFO]     | distill epoch : 4, acc 0.344
[2023-12-28 21:45:35] [INFO]    -client 1
[2023-12-28 21:45:35] [INFO]     |  local epoch  : 0, acc 0.119
[2023-12-28 21:45:35] [INFO]     |  local epoch  : 1, acc 0.178
[2023-12-28 21:45:35] [INFO]     |  local epoch  : 2, acc 0.200
[2023-12-28 21:45:35] [INFO]     |  local epoch  : 3, acc 0.217
[2023-12-28 21:45:35] [INFO]     |  local epoch  : 4, acc 0.222
[2023-12-28 21:45:35] [INFO]     | distill epoch : 0, acc 0.254
[2023-12-28 21:45:35] [INFO]     | distill epoch : 1, acc 0.280
[2023-12-28 21:45:35] [INFO]     | distill epoch : 2, acc 0.301
[2023-12-28 21:45:35] [INFO]     | distill epoch : 3, acc 0.314
[2023-12-28 21:45:35] [INFO]     | distill epoch : 4, acc 0.332
[2023-12-28 21:45:35] [INFO]    -client 2
[2023-12-28 21:45:35] [INFO]     |  local epoch  : 0, acc 0.117
[2023-12-28 21:45:35] [INFO]     |  local epoch  : 1, acc 0.175
[2023-12-28 21:45:35] [INFO]     |  local epoch  : 2, acc 0.192
[2023-12-28 21:45:35] [INFO]     |  local epoch  : 3, acc 0.238
[2023-12-28 21:45:35] [INFO]     |  local epoch  : 4, acc 0.243
[2023-12-28 21:45:36] [INFO]     | distill epoch : 0, acc 0.272
[2023-12-28 21:45:36] [INFO]     | distill epoch : 1, acc 0.288
[2023-12-28 21:45:36] [INFO]     | distill epoch : 2, acc 0.303
[2023-12-28 21:45:36] [INFO]     | distill epoch : 3, acc 0.316
[2023-12-28 21:45:36] [INFO]     | distill epoch : 4, acc 0.333
[2023-12-28 21:45:36] [INFO] |servers comunicated: 2, server aggregated: 1, acc_server 0: 0.334.
[2023-12-28 21:45:36] [INFO] --------------------------------------------------
[2023-12-28 21:45:36] [INFO]   |server: 1
[2023-12-28 21:45:36] [INFO]    -client 3
[2023-12-28 21:45:36] [INFO]     |  local epoch  : 0, acc 0.121
[2023-12-28 21:45:36] [INFO]     |  local epoch  : 1, acc 0.172
[2023-12-28 21:45:36] [INFO]     |  local epoch  : 2, acc 0.244
[2023-12-28 21:45:36] [INFO]     |  local epoch  : 3, acc 0.290
[2023-12-28 21:45:36] [INFO]     |  local epoch  : 4, acc 0.310
[2023-12-28 21:45:36] [INFO]     | distill epoch : 0, acc 0.355
[2023-12-28 21:45:36] [INFO]     | distill epoch : 1, acc 0.380
[2023-12-28 21:45:36] [INFO]     | distill epoch : 2, acc 0.394
[2023-12-28 21:45:36] [INFO]     | distill epoch : 3, acc 0.403
[2023-12-28 21:45:36] [INFO]     | distill epoch : 4, acc 0.407
[2023-12-28 21:45:36] [INFO]    -client 4
[2023-12-28 21:45:36] [INFO]     |  local epoch  : 0, acc 0.123
[2023-12-28 21:45:36] [INFO]     |  local epoch  : 1, acc 0.175
[2023-12-28 21:45:36] [INFO]     |  local epoch  : 2, acc 0.272
[2023-12-28 21:45:36] [INFO]     |  local epoch  : 3, acc 0.239
[2023-12-28 21:45:37] [INFO]     |  local epoch  : 4, acc 0.280
[2023-12-28 21:45:37] [INFO]     | distill epoch : 0, acc 0.340
[2023-12-28 21:45:37] [INFO]     | distill epoch : 1, acc 0.390
[2023-12-28 21:45:37] [INFO]     | distill epoch : 2, acc 0.402
[2023-12-28 21:45:37] [INFO]     | distill epoch : 3, acc 0.394
[2023-12-28 21:45:37] [INFO]     | distill epoch : 4, acc 0.353
[2023-12-28 21:45:37] [INFO]    -client 5
[2023-12-28 21:45:37] [INFO]     |  local epoch  : 0, acc 0.121
[2023-12-28 21:45:37] [INFO]     |  local epoch  : 1, acc 0.203
[2023-12-28 21:45:37] [INFO]     |  local epoch  : 2, acc 0.200
[2023-12-28 21:45:37] [INFO]     |  local epoch  : 3, acc 0.241
[2023-12-28 21:45:37] [INFO]     |  local epoch  : 4, acc 0.262
[2023-12-28 21:45:37] [INFO]     | distill epoch : 0, acc 0.308
[2023-12-28 21:45:37] [INFO]     | distill epoch : 1, acc 0.344
[2023-12-28 21:45:37] [INFO]     | distill epoch : 2, acc 0.381
[2023-12-28 21:45:37] [INFO]     | distill epoch : 3, acc 0.405
[2023-12-28 21:45:37] [INFO]     | distill epoch : 4, acc 0.416
[2023-12-28 21:45:37] [INFO] |servers comunicated: 2, server aggregated: 1, acc_server 1: 0.398.
[2023-12-28 21:45:37] [INFO] --------------------------------------------------
[2023-12-28 21:45:37] [INFO]   |server: 2
[2023-12-28 21:45:37] [INFO]    -client 6
[2023-12-28 21:45:37] [INFO]     |  local epoch  : 0, acc 0.097
[2023-12-28 21:45:37] [INFO]     |  local epoch  : 1, acc 0.097
[2023-12-28 21:45:37] [INFO]     |  local epoch  : 2, acc 0.102
[2023-12-28 21:45:38] [INFO]     |  local epoch  : 3, acc 0.105
[2023-12-28 21:45:38] [INFO]     |  local epoch  : 4, acc 0.151
[2023-12-28 21:45:38] [INFO]     | distill epoch : 0, acc 0.195
[2023-12-28 21:45:38] [INFO]     | distill epoch : 1, acc 0.253
[2023-12-28 21:45:38] [INFO]     | distill epoch : 2, acc 0.308
[2023-12-28 21:45:38] [INFO]     | distill epoch : 3, acc 0.342
[2023-12-28 21:45:38] [INFO]     | distill epoch : 4, acc 0.343
[2023-12-28 21:45:38] [INFO]    -client 7
[2023-12-28 21:45:38] [INFO]     |  local epoch  : 0, acc 0.097
[2023-12-28 21:45:38] [INFO]     |  local epoch  : 1, acc 0.097
[2023-12-28 21:45:38] [INFO]     |  local epoch  : 2, acc 0.101
[2023-12-28 21:45:38] [INFO]     |  local epoch  : 3, acc 0.099
[2023-12-28 21:45:38] [INFO]     |  local epoch  : 4, acc 0.106
[2023-12-28 21:45:38] [INFO]     | distill epoch : 0, acc 0.129
[2023-12-28 21:45:38] [INFO]     | distill epoch : 1, acc 0.163
[2023-12-28 21:45:38] [INFO]     | distill epoch : 2, acc 0.203
[2023-12-28 21:45:38] [INFO]     | distill epoch : 3, acc 0.239
[2023-12-28 21:45:38] [INFO]     | distill epoch : 4, acc 0.258
[2023-12-28 21:45:38] [INFO]    -client 8
[2023-12-28 21:45:38] [INFO]     |  local epoch  : 0, acc 0.097
[2023-12-28 21:45:38] [INFO]     |  local epoch  : 1, acc 0.097
[2023-12-28 21:45:38] [INFO]     |  local epoch  : 2, acc 0.097
[2023-12-28 21:45:38] [INFO]     |  local epoch  : 3, acc 0.099
[2023-12-28 21:45:39] [INFO]     |  local epoch  : 4, acc 0.123
[2023-12-28 21:45:39] [INFO]     | distill epoch : 0, acc 0.158
[2023-12-28 21:45:39] [INFO]     | distill epoch : 1, acc 0.205
[2023-12-28 21:45:39] [INFO]     | distill epoch : 2, acc 0.252
[2023-12-28 21:45:39] [INFO]     | distill epoch : 3, acc 0.286
[2023-12-28 21:45:39] [INFO]     | distill epoch : 4, acc 0.288
[2023-12-28 21:45:39] [INFO] |servers comunicated: 2, server aggregated: 1, acc_server 2: 0.292.
[2023-12-28 21:45:39] [INFO] --------------------------------------------------
[2023-12-28 21:45:39] [INFO]      ********  servers comunicates  ********      
[2023-12-28 21:45:39] [INFO] --------------------------------------------------
[2023-12-28 21:45:39] [INFO] |epoch_server_commu: 3/6
[2023-12-28 21:45:39] [INFO]  |epoch_client_commu: 0/2
[2023-12-28 21:45:39] [INFO]   |server: 0
[2023-12-28 21:45:39] [INFO]    -client 0
[2023-12-28 21:45:39] [INFO]     |  local epoch  : 0, acc 0.253
[2023-12-28 21:45:39] [INFO]     |  local epoch  : 1, acc 0.373
[2023-12-28 21:45:39] [INFO]     |  local epoch  : 2, acc 0.394
[2023-12-28 21:45:39] [INFO]     |  local epoch  : 3, acc 0.431
[2023-12-28 21:45:39] [INFO]     |  local epoch  : 4, acc 0.443
[2023-12-28 21:45:39] [INFO]     | distill epoch : 0, acc 0.512
[2023-12-28 21:45:39] [INFO]     | distill epoch : 1, acc 0.552
[2023-12-28 21:45:39] [INFO]     | distill epoch : 2, acc 0.566
[2023-12-28 21:45:39] [INFO]     | distill epoch : 3, acc 0.574
[2023-12-28 21:45:39] [INFO]     | distill epoch : 4, acc 0.562
[2023-12-28 21:45:39] [INFO]    -client 1
[2023-12-28 21:45:39] [INFO]     |  local epoch  : 0, acc 0.255
[2023-12-28 21:45:39] [INFO]     |  local epoch  : 1, acc 0.334
[2023-12-28 21:45:39] [INFO]     |  local epoch  : 2, acc 0.411
[2023-12-28 21:45:40] [INFO]     |  local epoch  : 3, acc 0.433
[2023-12-28 21:45:40] [INFO]     |  local epoch  : 4, acc 0.484
[2023-12-28 21:45:40] [INFO]     | distill epoch : 0, acc 0.543
[2023-12-28 21:45:40] [INFO]     | distill epoch : 1, acc 0.568
[2023-12-28 21:45:40] [INFO]     | distill epoch : 2, acc 0.578
[2023-12-28 21:45:40] [INFO]     | distill epoch : 3, acc 0.579
[2023-12-28 21:45:40] [INFO]     | distill epoch : 4, acc 0.578
[2023-12-28 21:45:40] [INFO]    -client 2
[2023-12-28 21:45:40] [INFO]     |  local epoch  : 0, acc 0.249
[2023-12-28 21:45:40] [INFO]     |  local epoch  : 1, acc 0.308
[2023-12-28 21:45:40] [INFO]     |  local epoch  : 2, acc 0.364
[2023-12-28 21:45:40] [INFO]     |  local epoch  : 3, acc 0.343
[2023-12-28 21:45:40] [INFO]     |  local epoch  : 4, acc 0.422
[2023-12-28 21:45:40] [INFO]     | distill epoch : 0, acc 0.438
[2023-12-28 21:45:40] [INFO]     | distill epoch : 1, acc 0.471
[2023-12-28 21:45:40] [INFO]     | distill epoch : 2, acc 0.491
[2023-12-28 21:45:40] [INFO]     | distill epoch : 3, acc 0.512
[2023-12-28 21:45:40] [INFO]     | distill epoch : 4, acc 0.519
[2023-12-28 21:45:40] [INFO] |servers comunicated: 3, server aggregated: 0, acc_server 0: 0.552.
[2023-12-28 21:45:40] [INFO] --------------------------------------------------
[2023-12-28 21:45:40] [INFO]   |server: 1
[2023-12-28 21:45:40] [INFO]    -client 3
[2023-12-28 21:45:40] [INFO]     |  local epoch  : 0, acc 0.195
[2023-12-28 21:45:40] [INFO]     |  local epoch  : 1, acc 0.353
[2023-12-28 21:45:40] [INFO]     |  local epoch  : 2, acc 0.348
[2023-12-28 21:45:41] [INFO]     |  local epoch  : 3, acc 0.371
[2023-12-28 21:45:41] [INFO]     |  local epoch  : 4, acc 0.371
[2023-12-28 21:45:41] [INFO]     | distill epoch : 0, acc 0.432
[2023-12-28 21:45:41] [INFO]     | distill epoch : 1, acc 0.480
[2023-12-28 21:45:41] [INFO]     | distill epoch : 2, acc 0.521
[2023-12-28 21:45:41] [INFO]     | distill epoch : 3, acc 0.534
[2023-12-28 21:45:41] [INFO]     | distill epoch : 4, acc 0.546
[2023-12-28 21:45:41] [INFO]    -client 4
[2023-12-28 21:45:41] [INFO]     |  local epoch  : 0, acc 0.189
[2023-12-28 21:45:41] [INFO]     |  local epoch  : 1, acc 0.359
[2023-12-28 21:45:41] [INFO]     |  local epoch  : 2, acc 0.364
[2023-12-28 21:45:41] [INFO]     |  local epoch  : 3, acc 0.320
[2023-12-28 21:45:41] [INFO]     |  local epoch  : 4, acc 0.370
[2023-12-28 21:45:41] [INFO]     | distill epoch : 0, acc 0.455
[2023-12-28 21:45:41] [INFO]     | distill epoch : 1, acc 0.542
[2023-12-28 21:45:41] [INFO]     | distill epoch : 2, acc 0.581
[2023-12-28 21:45:41] [INFO]     | distill epoch : 3, acc 0.586
[2023-12-28 21:45:41] [INFO]     | distill epoch : 4, acc 0.591
[2023-12-28 21:45:41] [INFO]    -client 5
[2023-12-28 21:45:41] [INFO]     |  local epoch  : 0, acc 0.200
[2023-12-28 21:45:41] [INFO]     |  local epoch  : 1, acc 0.352
[2023-12-28 21:45:41] [INFO]     |  local epoch  : 2, acc 0.378
[2023-12-28 21:45:41] [INFO]     |  local epoch  : 3, acc 0.322
[2023-12-28 21:45:42] [INFO]     |  local epoch  : 4, acc 0.375
[2023-12-28 21:45:42] [INFO]     | distill epoch : 0, acc 0.418
[2023-12-28 21:45:42] [INFO]     | distill epoch : 1, acc 0.459
[2023-12-28 21:45:42] [INFO]     | distill epoch : 2, acc 0.490
[2023-12-28 21:45:42] [INFO]     | distill epoch : 3, acc 0.517
[2023-12-28 21:45:42] [INFO]     | distill epoch : 4, acc 0.533
[2023-12-28 21:45:42] [INFO] |servers comunicated: 3, server aggregated: 0, acc_server 1: 0.561.
[2023-12-28 21:45:42] [INFO] --------------------------------------------------
[2023-12-28 21:45:42] [INFO]   |server: 2
[2023-12-28 21:45:42] [INFO]    -client 6
[2023-12-28 21:45:42] [INFO]     |  local epoch  : 0, acc 0.109
[2023-12-28 21:45:42] [INFO]     |  local epoch  : 1, acc 0.140
[2023-12-28 21:45:42] [INFO]     |  local epoch  : 2, acc 0.160
[2023-12-28 21:45:42] [INFO]     |  local epoch  : 3, acc 0.212
[2023-12-28 21:45:42] [INFO]     |  local epoch  : 4, acc 0.270
[2023-12-28 21:45:42] [INFO]     | distill epoch : 0, acc 0.322
[2023-12-28 21:45:42] [INFO]     | distill epoch : 1, acc 0.369
[2023-12-28 21:45:42] [INFO]     | distill epoch : 2, acc 0.402
[2023-12-28 21:45:42] [INFO]     | distill epoch : 3, acc 0.414
[2023-12-28 21:45:42] [INFO]     | distill epoch : 4, acc 0.425
[2023-12-28 21:45:42] [INFO]    -client 7
[2023-12-28 21:45:42] [INFO]     |  local epoch  : 0, acc 0.110
[2023-12-28 21:45:42] [INFO]     |  local epoch  : 1, acc 0.145
[2023-12-28 21:45:42] [INFO]     |  local epoch  : 2, acc 0.187
[2023-12-28 21:45:43] [INFO]     |  local epoch  : 3, acc 0.205
[2023-12-28 21:45:43] [INFO]     |  local epoch  : 4, acc 0.222
[2023-12-28 21:45:43] [INFO]     | distill epoch : 0, acc 0.266
[2023-12-28 21:45:43] [INFO]     | distill epoch : 1, acc 0.303
[2023-12-28 21:45:43] [INFO]     | distill epoch : 2, acc 0.331
[2023-12-28 21:45:43] [INFO]     | distill epoch : 3, acc 0.345
[2023-12-28 21:45:43] [INFO]     | distill epoch : 4, acc 0.347
[2023-12-28 21:45:43] [INFO]    -client 8
[2023-12-28 21:45:43] [INFO]     |  local epoch  : 0, acc 0.110
[2023-12-28 21:45:43] [INFO]     |  local epoch  : 1, acc 0.143
[2023-12-28 21:45:43] [INFO]     |  local epoch  : 2, acc 0.174
[2023-12-28 21:45:43] [INFO]     |  local epoch  : 3, acc 0.216
[2023-12-28 21:45:43] [INFO]     |  local epoch  : 4, acc 0.235
[2023-12-28 21:45:43] [INFO]     | distill epoch : 0, acc 0.292
[2023-12-28 21:45:43] [INFO]     | distill epoch : 1, acc 0.332
[2023-12-28 21:45:43] [INFO]     | distill epoch : 2, acc 0.365
[2023-12-28 21:45:43] [INFO]     | distill epoch : 3, acc 0.373
[2023-12-28 21:45:43] [INFO]     | distill epoch : 4, acc 0.382
[2023-12-28 21:45:43] [INFO] |servers comunicated: 3, server aggregated: 0, acc_server 2: 0.401.
[2023-12-28 21:45:43] [INFO] --------------------------------------------------
[2023-12-28 21:45:43] [INFO]  |epoch_client_commu: 1/2
[2023-12-28 21:45:43] [INFO]   |server: 0
[2023-12-28 21:45:43] [INFO]    -client 0
[2023-12-28 21:45:43] [INFO]     |  local epoch  : 0, acc 0.424
[2023-12-28 21:45:43] [INFO]     |  local epoch  : 1, acc 0.529
[2023-12-28 21:45:44] [INFO]     |  local epoch  : 2, acc 0.509
[2023-12-28 21:45:44] [INFO]     |  local epoch  : 3, acc 0.598
[2023-12-28 21:45:44] [INFO]     |  local epoch  : 4, acc 0.588
[2023-12-28 21:45:44] [INFO]     | distill epoch : 0, acc 0.646
[2023-12-28 21:45:44] [INFO]     | distill epoch : 1, acc 0.668
[2023-12-28 21:45:44] [INFO]     | distill epoch : 2, acc 0.664
[2023-12-28 21:45:44] [INFO]     | distill epoch : 3, acc 0.650
[2023-12-28 21:45:44] [INFO]     | distill epoch : 4, acc 0.638
[2023-12-28 21:45:44] [INFO]    -client 1
[2023-12-28 21:45:44] [INFO]     |  local epoch  : 0, acc 0.403
[2023-12-28 21:45:44] [INFO]     |  local epoch  : 1, acc 0.538
[2023-12-28 21:45:44] [INFO]     |  local epoch  : 2, acc 0.562
[2023-12-28 21:45:44] [INFO]     |  local epoch  : 3, acc 0.572
[2023-12-28 21:45:44] [INFO]     |  local epoch  : 4, acc 0.581
[2023-12-28 21:45:44] [INFO]     | distill epoch : 0, acc 0.650
[2023-12-28 21:45:44] [INFO]     | distill epoch : 1, acc 0.673
[2023-12-28 21:45:44] [INFO]     | distill epoch : 2, acc 0.675
[2023-12-28 21:45:44] [INFO]     | distill epoch : 3, acc 0.667
[2023-12-28 21:45:44] [INFO]     | distill epoch : 4, acc 0.646
[2023-12-28 21:45:44] [INFO]    -client 2
[2023-12-28 21:45:44] [INFO]     |  local epoch  : 0, acc 0.411
[2023-12-28 21:45:44] [INFO]     |  local epoch  : 1, acc 0.536
[2023-12-28 21:45:44] [INFO]     |  local epoch  : 2, acc 0.596
[2023-12-28 21:45:45] [INFO]     |  local epoch  : 3, acc 0.617
[2023-12-28 21:45:45] [INFO]     |  local epoch  : 4, acc 0.587
[2023-12-28 21:45:45] [INFO]     | distill epoch : 0, acc 0.638
[2023-12-28 21:45:45] [INFO]     | distill epoch : 1, acc 0.636
[2023-12-28 21:45:45] [INFO]     | distill epoch : 2, acc 0.618
[2023-12-28 21:45:45] [INFO]     | distill epoch : 3, acc 0.614
[2023-12-28 21:45:45] [INFO]     | distill epoch : 4, acc 0.607
[2023-12-28 21:45:45] [INFO] |servers comunicated: 3, server aggregated: 1, acc_server 0: 0.630.
[2023-12-28 21:45:45] [INFO] --------------------------------------------------
[2023-12-28 21:45:45] [INFO]   |server: 1
[2023-12-28 21:45:45] [INFO]    -client 3
[2023-12-28 21:45:45] [INFO]     |  local epoch  : 0, acc 0.319
[2023-12-28 21:45:45] [INFO]     |  local epoch  : 1, acc 0.488
[2023-12-28 21:45:45] [INFO]     |  local epoch  : 2, acc 0.485
[2023-12-28 21:45:45] [INFO]     |  local epoch  : 3, acc 0.501
[2023-12-28 21:45:45] [INFO]     |  local epoch  : 4, acc 0.538
[2023-12-28 21:45:45] [INFO]     | distill epoch : 0, acc 0.608
[2023-12-28 21:45:45] [INFO]     | distill epoch : 1, acc 0.644
[2023-12-28 21:45:45] [INFO]     | distill epoch : 2, acc 0.662
[2023-12-28 21:45:45] [INFO]     | distill epoch : 3, acc 0.668
[2023-12-28 21:45:45] [INFO]     | distill epoch : 4, acc 0.668
[2023-12-28 21:45:45] [INFO]    -client 4
[2023-12-28 21:45:45] [INFO]     |  local epoch  : 0, acc 0.300
[2023-12-28 21:45:45] [INFO]     |  local epoch  : 1, acc 0.457
[2023-12-28 21:45:46] [INFO]     |  local epoch  : 2, acc 0.495
[2023-12-28 21:45:46] [INFO]     |  local epoch  : 3, acc 0.493
[2023-12-28 21:45:46] [INFO]     |  local epoch  : 4, acc 0.504
[2023-12-28 21:45:46] [INFO]     | distill epoch : 0, acc 0.610
[2023-12-28 21:45:46] [INFO]     | distill epoch : 1, acc 0.665
[2023-12-28 21:45:46] [INFO]     | distill epoch : 2, acc 0.682
[2023-12-28 21:45:46] [INFO]     | distill epoch : 3, acc 0.666
[2023-12-28 21:45:46] [INFO]     | distill epoch : 4, acc 0.654
[2023-12-28 21:45:46] [INFO]    -client 5
[2023-12-28 21:45:46] [INFO]     |  local epoch  : 0, acc 0.286
[2023-12-28 21:45:46] [INFO]     |  local epoch  : 1, acc 0.464
[2023-12-28 21:45:46] [INFO]     |  local epoch  : 2, acc 0.424
[2023-12-28 21:45:46] [INFO]     |  local epoch  : 3, acc 0.460
[2023-12-28 21:45:46] [INFO]     |  local epoch  : 4, acc 0.454
[2023-12-28 21:45:46] [INFO]     | distill epoch : 0, acc 0.558
[2023-12-28 21:45:46] [INFO]     | distill epoch : 1, acc 0.618
[2023-12-28 21:45:46] [INFO]     | distill epoch : 2, acc 0.654
[2023-12-28 21:45:46] [INFO]     | distill epoch : 3, acc 0.662
[2023-12-28 21:45:46] [INFO]     | distill epoch : 4, acc 0.667
[2023-12-28 21:45:46] [INFO] |servers comunicated: 3, server aggregated: 1, acc_server 1: 0.669.
[2023-12-28 21:45:46] [INFO] --------------------------------------------------
[2023-12-28 21:45:46] [INFO]   |server: 2
[2023-12-28 21:45:46] [INFO]    -client 6
[2023-12-28 21:45:46] [INFO]     |  local epoch  : 0, acc 0.187
[2023-12-28 21:45:47] [INFO]     |  local epoch  : 1, acc 0.296
[2023-12-28 21:45:47] [INFO]     |  local epoch  : 2, acc 0.337
[2023-12-28 21:45:47] [INFO]     |  local epoch  : 3, acc 0.344
[2023-12-28 21:45:47] [INFO]     |  local epoch  : 4, acc 0.362
[2023-12-28 21:45:47] [INFO]     | distill epoch : 0, acc 0.429
[2023-12-28 21:45:47] [INFO]     | distill epoch : 1, acc 0.473
[2023-12-28 21:45:47] [INFO]     | distill epoch : 2, acc 0.491
[2023-12-28 21:45:47] [INFO]     | distill epoch : 3, acc 0.490
[2023-12-28 21:45:47] [INFO]     | distill epoch : 4, acc 0.484
[2023-12-28 21:45:47] [INFO]    -client 7
[2023-12-28 21:45:47] [INFO]     |  local epoch  : 0, acc 0.181
[2023-12-28 21:45:47] [INFO]     |  local epoch  : 1, acc 0.272
[2023-12-28 21:45:47] [INFO]     |  local epoch  : 2, acc 0.310
[2023-12-28 21:45:47] [INFO]     |  local epoch  : 3, acc 0.324
[2023-12-28 21:45:47] [INFO]     |  local epoch  : 4, acc 0.268
[2023-12-28 21:45:47] [INFO]     | distill epoch : 0, acc 0.336
[2023-12-28 21:45:47] [INFO]     | distill epoch : 1, acc 0.404
[2023-12-28 21:45:47] [INFO]     | distill epoch : 2, acc 0.462
[2023-12-28 21:45:47] [INFO]     | distill epoch : 3, acc 0.506
[2023-12-28 21:45:47] [INFO]     | distill epoch : 4, acc 0.512
[2023-12-28 21:45:47] [INFO]    -client 8
[2023-12-28 21:45:47] [INFO]     |  local epoch  : 0, acc 0.178
[2023-12-28 21:45:47] [INFO]     |  local epoch  : 1, acc 0.296
[2023-12-28 21:45:48] [INFO]     |  local epoch  : 2, acc 0.301
[2023-12-28 21:45:48] [INFO]     |  local epoch  : 3, acc 0.356
[2023-12-28 21:45:48] [INFO]     |  local epoch  : 4, acc 0.342
[2023-12-28 21:45:48] [INFO]     | distill epoch : 0, acc 0.405
[2023-12-28 21:45:48] [INFO]     | distill epoch : 1, acc 0.443
[2023-12-28 21:45:48] [INFO]     | distill epoch : 2, acc 0.459
[2023-12-28 21:45:48] [INFO]     | distill epoch : 3, acc 0.458
[2023-12-28 21:45:48] [INFO]     | distill epoch : 4, acc 0.478
[2023-12-28 21:45:48] [INFO] |servers comunicated: 3, server aggregated: 1, acc_server 2: 0.464.
[2023-12-28 21:45:48] [INFO] --------------------------------------------------
[2023-12-28 21:45:48] [INFO]      ********  servers comunicates  ********      
[2023-12-28 21:45:48] [INFO] --------------------------------------------------
[2023-12-28 21:45:48] [INFO] |epoch_server_commu: 4/6
[2023-12-28 21:45:48] [INFO]  |epoch_client_commu: 0/2
[2023-12-28 21:45:48] [INFO]   |server: 0
[2023-12-28 21:45:48] [INFO]    -client 0
[2023-12-28 21:45:48] [INFO]     |  local epoch  : 0, acc 0.571
[2023-12-28 21:45:48] [INFO]     |  local epoch  : 1, acc 0.645
[2023-12-28 21:45:48] [INFO]     |  local epoch  : 2, acc 0.620
[2023-12-28 21:45:48] [INFO]     |  local epoch  : 3, acc 0.639
[2023-12-28 21:45:48] [INFO]     |  local epoch  : 4, acc 0.678
[2023-12-28 21:45:48] [INFO]     | distill epoch : 0, acc 0.717
[2023-12-28 21:45:48] [INFO]     | distill epoch : 1, acc 0.709
[2023-12-28 21:45:48] [INFO]     | distill epoch : 2, acc 0.701
[2023-12-28 21:45:48] [INFO]     | distill epoch : 3, acc 0.698
[2023-12-28 21:45:48] [INFO]     | distill epoch : 4, acc 0.699
[2023-12-28 21:45:48] [INFO]    -client 1
[2023-12-28 21:45:48] [INFO]     |  local epoch  : 0, acc 0.576
[2023-12-28 21:45:49] [INFO]     |  local epoch  : 1, acc 0.663
[2023-12-28 21:45:49] [INFO]     |  local epoch  : 2, acc 0.675
[2023-12-28 21:45:49] [INFO]     |  local epoch  : 3, acc 0.667
[2023-12-28 21:45:49] [INFO]     |  local epoch  : 4, acc 0.685
[2023-12-28 21:45:49] [INFO]     | distill epoch : 0, acc 0.711
[2023-12-28 21:45:49] [INFO]     | distill epoch : 1, acc 0.714
[2023-12-28 21:45:49] [INFO]     | distill epoch : 2, acc 0.706
[2023-12-28 21:45:49] [INFO]     | distill epoch : 3, acc 0.696
[2023-12-28 21:45:49] [INFO]     | distill epoch : 4, acc 0.719
[2023-12-28 21:45:49] [INFO]    -client 2
[2023-12-28 21:45:49] [INFO]     |  local epoch  : 0, acc 0.555
[2023-12-28 21:45:49] [INFO]     |  local epoch  : 1, acc 0.661
[2023-12-28 21:45:49] [INFO]     |  local epoch  : 2, acc 0.654
[2023-12-28 21:45:49] [INFO]     |  local epoch  : 3, acc 0.630
[2023-12-28 21:45:49] [INFO]     |  local epoch  : 4, acc 0.669
[2023-12-28 21:45:49] [INFO]     | distill epoch : 0, acc 0.707
[2023-12-28 21:45:49] [INFO]     | distill epoch : 1, acc 0.687
[2023-12-28 21:45:49] [INFO]     | distill epoch : 2, acc 0.695
[2023-12-28 21:45:49] [INFO]     | distill epoch : 3, acc 0.674
[2023-12-28 21:45:49] [INFO]     | distill epoch : 4, acc 0.715
[2023-12-28 21:45:49] [INFO] |servers comunicated: 4, server aggregated: 0, acc_server 0: 0.716.
[2023-12-28 21:45:49] [INFO] --------------------------------------------------
[2023-12-28 21:45:49] [INFO]   |server: 1
[2023-12-28 21:45:49] [INFO]    -client 3
[2023-12-28 21:45:49] [INFO]     |  local epoch  : 0, acc 0.395
[2023-12-28 21:45:50] [INFO]     |  local epoch  : 1, acc 0.579
[2023-12-28 21:45:50] [INFO]     |  local epoch  : 2, acc 0.611
[2023-12-28 21:45:50] [INFO]     |  local epoch  : 3, acc 0.584
[2023-12-28 21:45:50] [INFO]     |  local epoch  : 4, acc 0.596
[2023-12-28 21:45:50] [INFO]     | distill epoch : 0, acc 0.684
[2023-12-28 21:45:50] [INFO]     | distill epoch : 1, acc 0.730
[2023-12-28 21:45:50] [INFO]     | distill epoch : 2, acc 0.735
[2023-12-28 21:45:50] [INFO]     | distill epoch : 3, acc 0.717
[2023-12-28 21:45:50] [INFO]     | distill epoch : 4, acc 0.723
[2023-12-28 21:45:50] [INFO]    -client 4
[2023-12-28 21:45:50] [INFO]     |  local epoch  : 0, acc 0.363
[2023-12-28 21:45:50] [INFO]     |  local epoch  : 1, acc 0.584
[2023-12-28 21:45:50] [INFO]     |  local epoch  : 2, acc 0.463
[2023-12-28 21:45:50] [INFO]     |  local epoch  : 3, acc 0.581
[2023-12-28 21:45:50] [INFO]     |  local epoch  : 4, acc 0.594
[2023-12-28 21:45:50] [INFO]     | distill epoch : 0, acc 0.682
[2023-12-28 21:45:50] [INFO]     | distill epoch : 1, acc 0.729
[2023-12-28 21:45:50] [INFO]     | distill epoch : 2, acc 0.738
[2023-12-28 21:45:50] [INFO]     | distill epoch : 3, acc 0.715
[2023-12-28 21:45:50] [INFO]     | distill epoch : 4, acc 0.700
[2023-12-28 21:45:50] [INFO]    -client 5
[2023-12-28 21:45:50] [INFO]     |  local epoch  : 0, acc 0.364
[2023-12-28 21:45:50] [INFO]     |  local epoch  : 1, acc 0.571
[2023-12-28 21:45:51] [INFO]     |  local epoch  : 2, acc 0.457
[2023-12-28 21:45:51] [INFO]     |  local epoch  : 3, acc 0.529
[2023-12-28 21:45:51] [INFO]     |  local epoch  : 4, acc 0.594
[2023-12-28 21:45:51] [INFO]     | distill epoch : 0, acc 0.665
[2023-12-28 21:45:51] [INFO]     | distill epoch : 1, acc 0.705
[2023-12-28 21:45:51] [INFO]     | distill epoch : 2, acc 0.721
[2023-12-28 21:45:51] [INFO]     | distill epoch : 3, acc 0.711
[2023-12-28 21:45:51] [INFO]     | distill epoch : 4, acc 0.701
[2023-12-28 21:45:51] [INFO] |servers comunicated: 4, server aggregated: 0, acc_server 1: 0.709.
[2023-12-28 21:45:51] [INFO] --------------------------------------------------
[2023-12-28 21:45:51] [INFO]   |server: 2
[2023-12-28 21:45:51] [INFO]    -client 6
[2023-12-28 21:45:51] [INFO]     |  local epoch  : 0, acc 0.258
[2023-12-28 21:45:51] [INFO]     |  local epoch  : 1, acc 0.401
[2023-12-28 21:45:51] [INFO]     |  local epoch  : 2, acc 0.384
[2023-12-28 21:45:51] [INFO]     |  local epoch  : 3, acc 0.419
[2023-12-28 21:45:51] [INFO]     |  local epoch  : 4, acc 0.364
[2023-12-28 21:45:51] [INFO]     | distill epoch : 0, acc 0.444
[2023-12-28 21:45:51] [INFO]     | distill epoch : 1, acc 0.507
[2023-12-28 21:45:51] [INFO]     | distill epoch : 2, acc 0.557
[2023-12-28 21:45:51] [INFO]     | distill epoch : 3, acc 0.579
[2023-12-28 21:45:51] [INFO]     | distill epoch : 4, acc 0.602
[2023-12-28 21:45:51] [INFO]    -client 7
[2023-12-28 21:45:51] [INFO]     |  local epoch  : 0, acc 0.238
[2023-12-28 21:45:52] [INFO]     |  local epoch  : 1, acc 0.396
[2023-12-28 21:45:52] [INFO]     |  local epoch  : 2, acc 0.371
[2023-12-28 21:45:52] [INFO]     |  local epoch  : 3, acc 0.405
[2023-12-28 21:45:52] [INFO]     |  local epoch  : 4, acc 0.402
[2023-12-28 21:45:52] [INFO]     | distill epoch : 0, acc 0.500
[2023-12-28 21:45:52] [INFO]     | distill epoch : 1, acc 0.587
[2023-12-28 21:45:52] [INFO]     | distill epoch : 2, acc 0.636
[2023-12-28 21:45:52] [INFO]     | distill epoch : 3, acc 0.626
[2023-12-28 21:45:52] [INFO]     | distill epoch : 4, acc 0.621
[2023-12-28 21:45:52] [INFO]    -client 8
[2023-12-28 21:45:52] [INFO]     |  local epoch  : 0, acc 0.260
[2023-12-28 21:45:52] [INFO]     |  local epoch  : 1, acc 0.396
[2023-12-28 21:45:52] [INFO]     |  local epoch  : 2, acc 0.445
[2023-12-28 21:45:52] [INFO]     |  local epoch  : 3, acc 0.452
[2023-12-28 21:45:52] [INFO]     |  local epoch  : 4, acc 0.462
[2023-12-28 21:45:52] [INFO]     | distill epoch : 0, acc 0.564
[2023-12-28 21:45:52] [INFO]     | distill epoch : 1, acc 0.631
[2023-12-28 21:45:52] [INFO]     | distill epoch : 2, acc 0.654
[2023-12-28 21:45:52] [INFO]     | distill epoch : 3, acc 0.636
[2023-12-28 21:45:52] [INFO]     | distill epoch : 4, acc 0.635
[2023-12-28 21:45:52] [INFO] |servers comunicated: 4, server aggregated: 0, acc_server 2: 0.627.
[2023-12-28 21:45:52] [INFO] --------------------------------------------------
[2023-12-28 21:45:52] [INFO]  |epoch_client_commu: 1/2
[2023-12-28 21:45:52] [INFO]   |server: 0
[2023-12-28 21:45:52] [INFO]    -client 0
[2023-12-28 21:45:52] [INFO]     |  local epoch  : 0, acc 0.628
[2023-12-28 21:45:53] [INFO]     |  local epoch  : 1, acc 0.707
[2023-12-28 21:45:53] [INFO]     |  local epoch  : 2, acc 0.685
[2023-12-28 21:45:53] [INFO]     |  local epoch  : 3, acc 0.702
[2023-12-28 21:45:53] [INFO]     |  local epoch  : 4, acc 0.732
[2023-12-28 21:45:53] [INFO]     | distill epoch : 0, acc 0.741
[2023-12-28 21:45:53] [INFO]     | distill epoch : 1, acc 0.761
[2023-12-28 21:45:53] [INFO]     | distill epoch : 2, acc 0.743
[2023-12-28 21:45:53] [INFO]     | distill epoch : 3, acc 0.768
[2023-12-28 21:45:53] [INFO]     | distill epoch : 4, acc 0.711
[2023-12-28 21:45:53] [INFO]    -client 1
[2023-12-28 21:45:53] [INFO]     |  local epoch  : 0, acc 0.633
[2023-12-28 21:45:53] [INFO]     |  local epoch  : 1, acc 0.717
[2023-12-28 21:45:53] [INFO]     |  local epoch  : 2, acc 0.708
[2023-12-28 21:45:53] [INFO]     |  local epoch  : 3, acc 0.695
[2023-12-28 21:45:53] [INFO]     |  local epoch  : 4, acc 0.703
[2023-12-28 21:45:53] [INFO]     | distill epoch : 0, acc 0.742
[2023-12-28 21:45:53] [INFO]     | distill epoch : 1, acc 0.746
[2023-12-28 21:45:53] [INFO]     | distill epoch : 2, acc 0.757
[2023-12-28 21:45:53] [INFO]     | distill epoch : 3, acc 0.729
[2023-12-28 21:45:53] [INFO]     | distill epoch : 4, acc 0.765
[2023-12-28 21:45:53] [INFO]    -client 2
[2023-12-28 21:45:53] [INFO]     |  local epoch  : 0, acc 0.626
[2023-12-28 21:45:53] [INFO]     |  local epoch  : 1, acc 0.703
[2023-12-28 21:45:54] [INFO]     |  local epoch  : 2, acc 0.742
[2023-12-28 21:45:54] [INFO]     |  local epoch  : 3, acc 0.750
[2023-12-28 21:45:54] [INFO]     |  local epoch  : 4, acc 0.750
[2023-12-28 21:45:54] [INFO]     | distill epoch : 0, acc 0.747
[2023-12-28 21:45:54] [INFO]     | distill epoch : 1, acc 0.758
[2023-12-28 21:45:54] [INFO]     | distill epoch : 2, acc 0.744
[2023-12-28 21:45:54] [INFO]     | distill epoch : 3, acc 0.765
[2023-12-28 21:45:54] [INFO]     | distill epoch : 4, acc 0.706
[2023-12-28 21:45:54] [INFO] |servers comunicated: 4, server aggregated: 1, acc_server 0: 0.748.
[2023-12-28 21:45:54] [INFO] --------------------------------------------------
[2023-12-28 21:45:54] [INFO]   |server: 1
[2023-12-28 21:45:54] [INFO]    -client 3
[2023-12-28 21:45:54] [INFO]     |  local epoch  : 0, acc 0.471
[2023-12-28 21:45:54] [INFO]     |  local epoch  : 1, acc 0.675
[2023-12-28 21:45:54] [INFO]     |  local epoch  : 2, acc 0.638
[2023-12-28 21:45:54] [INFO]     |  local epoch  : 3, acc 0.614
[2023-12-28 21:45:54] [INFO]     |  local epoch  : 4, acc 0.624
[2023-12-28 21:45:54] [INFO]     | distill epoch : 0, acc 0.726
[2023-12-28 21:45:54] [INFO]     | distill epoch : 1, acc 0.770
[2023-12-28 21:45:54] [INFO]     | distill epoch : 2, acc 0.781
[2023-12-28 21:45:54] [INFO]     | distill epoch : 3, acc 0.766
[2023-12-28 21:45:54] [INFO]     | distill epoch : 4, acc 0.779
[2023-12-28 21:45:54] [INFO]    -client 4
[2023-12-28 21:45:54] [INFO]     |  local epoch  : 0, acc 0.448
[2023-12-28 21:45:54] [INFO]     |  local epoch  : 1, acc 0.663
[2023-12-28 21:45:55] [INFO]     |  local epoch  : 2, acc 0.678
[2023-12-28 21:45:55] [INFO]     |  local epoch  : 3, acc 0.701
[2023-12-28 21:45:55] [INFO]     |  local epoch  : 4, acc 0.710
[2023-12-28 21:45:55] [INFO]     | distill epoch : 0, acc 0.770
[2023-12-28 21:45:55] [INFO]     | distill epoch : 1, acc 0.785
[2023-12-28 21:45:55] [INFO]     | distill epoch : 2, acc 0.771
[2023-12-28 21:45:55] [INFO]     | distill epoch : 3, acc 0.758
[2023-12-28 21:45:55] [INFO]     | distill epoch : 4, acc 0.768
[2023-12-28 21:45:55] [INFO]    -client 5
[2023-12-28 21:45:55] [INFO]     |  local epoch  : 0, acc 0.454
[2023-12-28 21:45:55] [INFO]     |  local epoch  : 1, acc 0.620
[2023-12-28 21:45:55] [INFO]     |  local epoch  : 2, acc 0.588
[2023-12-28 21:45:55] [INFO]     |  local epoch  : 3, acc 0.575
[2023-12-28 21:45:55] [INFO]     |  local epoch  : 4, acc 0.636
[2023-12-28 21:45:55] [INFO]     | distill epoch : 0, acc 0.721
[2023-12-28 21:45:55] [INFO]     | distill epoch : 1, acc 0.763
[2023-12-28 21:45:55] [INFO]     | distill epoch : 2, acc 0.776
[2023-12-28 21:45:55] [INFO]     | distill epoch : 3, acc 0.758
[2023-12-28 21:45:55] [INFO]     | distill epoch : 4, acc 0.768
[2023-12-28 21:45:55] [INFO] |servers comunicated: 4, server aggregated: 1, acc_server 1: 0.773.
[2023-12-28 21:45:55] [INFO] --------------------------------------------------
[2023-12-28 21:45:55] [INFO]   |server: 2
[2023-12-28 21:45:55] [INFO]    -client 6
[2023-12-28 21:45:55] [INFO]     |  local epoch  : 0, acc 0.334
[2023-12-28 21:45:55] [INFO]     |  local epoch  : 1, acc 0.464
[2023-12-28 21:45:56] [INFO]     |  local epoch  : 2, acc 0.437
[2023-12-28 21:45:56] [INFO]     |  local epoch  : 3, acc 0.474
[2023-12-28 21:45:56] [INFO]     |  local epoch  : 4, acc 0.535
[2023-12-28 21:45:56] [INFO]     | distill epoch : 0, acc 0.634
[2023-12-28 21:45:56] [INFO]     | distill epoch : 1, acc 0.707
[2023-12-28 21:45:56] [INFO]     | distill epoch : 2, acc 0.727
[2023-12-28 21:45:56] [INFO]     | distill epoch : 3, acc 0.725
[2023-12-28 21:45:56] [INFO]     | distill epoch : 4, acc 0.712
[2023-12-28 21:45:56] [INFO]    -client 7
[2023-12-28 21:45:56] [INFO]     |  local epoch  : 0, acc 0.323
[2023-12-28 21:45:56] [INFO]     |  local epoch  : 1, acc 0.521
[2023-12-28 21:45:56] [INFO]     |  local epoch  : 2, acc 0.510
[2023-12-28 21:45:56] [INFO]     |  local epoch  : 3, acc 0.483
[2023-12-28 21:45:56] [INFO]     |  local epoch  : 4, acc 0.500
[2023-12-28 21:45:56] [INFO]     | distill epoch : 0, acc 0.616
[2023-12-28 21:45:56] [INFO]     | distill epoch : 1, acc 0.706
[2023-12-28 21:45:56] [INFO]     | distill epoch : 2, acc 0.738
[2023-12-28 21:45:56] [INFO]     | distill epoch : 3, acc 0.727
[2023-12-28 21:45:56] [INFO]     | distill epoch : 4, acc 0.715
[2023-12-28 21:45:56] [INFO]    -client 8
[2023-12-28 21:45:56] [INFO]     |  local epoch  : 0, acc 0.341
[2023-12-28 21:45:56] [INFO]     |  local epoch  : 1, acc 0.510
[2023-12-28 21:45:57] [INFO]     |  local epoch  : 2, acc 0.509
[2023-12-28 21:45:57] [INFO]     |  local epoch  : 3, acc 0.473
[2023-12-28 21:45:57] [INFO]     |  local epoch  : 4, acc 0.523
[2023-12-28 21:45:57] [INFO]     | distill epoch : 0, acc 0.635
[2023-12-28 21:45:57] [INFO]     | distill epoch : 1, acc 0.717
[2023-12-28 21:45:57] [INFO]     | distill epoch : 2, acc 0.740
[2023-12-28 21:45:57] [INFO]     | distill epoch : 3, acc 0.728
[2023-12-28 21:45:57] [INFO]     | distill epoch : 4, acc 0.710
[2023-12-28 21:45:57] [INFO] |servers comunicated: 4, server aggregated: 1, acc_server 2: 0.714.
[2023-12-28 21:45:57] [INFO] --------------------------------------------------
[2023-12-28 21:45:57] [INFO]      ********  servers comunicates  ********      
[2023-12-28 21:45:57] [INFO] --------------------------------------------------
[2023-12-28 21:45:57] [INFO] |epoch_server_commu: 5/6
[2023-12-28 21:45:57] [INFO]  |epoch_client_commu: 0/2
[2023-12-28 21:45:57] [INFO]   |server: 0
[2023-12-28 21:45:57] [INFO]    -client 0
[2023-12-28 21:45:57] [INFO]     |  local epoch  : 0, acc 0.699
[2023-12-28 21:45:57] [INFO]     |  local epoch  : 1, acc 0.731
[2023-12-28 21:45:57] [INFO]     |  local epoch  : 2, acc 0.709
[2023-12-28 21:45:57] [INFO]     |  local epoch  : 3, acc 0.716
[2023-12-28 21:45:57] [INFO]     |  local epoch  : 4, acc 0.735
[2023-12-28 21:45:57] [INFO]     | distill epoch : 0, acc 0.776
[2023-12-28 21:45:57] [INFO]     | distill epoch : 1, acc 0.775
[2023-12-28 21:45:57] [INFO]     | distill epoch : 2, acc 0.793
[2023-12-28 21:45:57] [INFO]     | distill epoch : 3, acc 0.753
[2023-12-28 21:45:57] [INFO]     | distill epoch : 4, acc 0.783
[2023-12-28 21:45:57] [INFO]    -client 1
[2023-12-28 21:45:57] [INFO]     |  local epoch  : 0, acc 0.694
[2023-12-28 21:45:57] [INFO]     |  local epoch  : 1, acc 0.722
[2023-12-28 21:45:58] [INFO]     |  local epoch  : 2, acc 0.749
[2023-12-28 21:45:58] [INFO]     |  local epoch  : 3, acc 0.765
[2023-12-28 21:45:58] [INFO]     |  local epoch  : 4, acc 0.770
[2023-12-28 21:45:58] [INFO]     | distill epoch : 0, acc 0.774
[2023-12-28 21:45:58] [INFO]     | distill epoch : 1, acc 0.796
[2023-12-28 21:45:58] [INFO]     | distill epoch : 2, acc 0.746
[2023-12-28 21:45:58] [INFO]     | distill epoch : 3, acc 0.792
[2023-12-28 21:45:58] [INFO]     | distill epoch : 4, acc 0.742
[2023-12-28 21:45:58] [INFO]    -client 2
[2023-12-28 21:45:58] [INFO]     |  local epoch  : 0, acc 0.681
[2023-12-28 21:45:58] [INFO]     |  local epoch  : 1, acc 0.737
[2023-12-28 21:45:58] [INFO]     |  local epoch  : 2, acc 0.720
[2023-12-28 21:45:58] [INFO]     |  local epoch  : 3, acc 0.736
[2023-12-28 21:45:58] [INFO]     |  local epoch  : 4, acc 0.737
[2023-12-28 21:45:58] [INFO]     | distill epoch : 0, acc 0.783
[2023-12-28 21:45:58] [INFO]     | distill epoch : 1, acc 0.761
[2023-12-28 21:45:58] [INFO]     | distill epoch : 2, acc 0.796
[2023-12-28 21:45:58] [INFO]     | distill epoch : 3, acc 0.744
[2023-12-28 21:45:58] [INFO]     | distill epoch : 4, acc 0.790
[2023-12-28 21:45:58] [INFO] |servers comunicated: 5, server aggregated: 0, acc_server 0: 0.783.
[2023-12-28 21:45:58] [INFO] --------------------------------------------------
[2023-12-28 21:45:58] [INFO]   |server: 1
[2023-12-28 21:45:58] [INFO]    -client 3
[2023-12-28 21:45:58] [INFO]     |  local epoch  : 0, acc 0.496
[2023-12-28 21:45:58] [INFO]     |  local epoch  : 1, acc 0.733
[2023-12-28 21:45:59] [INFO]     |  local epoch  : 2, acc 0.728
[2023-12-28 21:45:59] [INFO]     |  local epoch  : 3, acc 0.750
[2023-12-28 21:45:59] [INFO]     |  local epoch  : 4, acc 0.755
[2023-12-28 21:45:59] [INFO]     | distill epoch : 0, acc 0.792
[2023-12-28 21:45:59] [INFO]     | distill epoch : 1, acc 0.800
[2023-12-28 21:45:59] [INFO]     | distill epoch : 2, acc 0.799
[2023-12-28 21:45:59] [INFO]     | distill epoch : 3, acc 0.801
[2023-12-28 21:45:59] [INFO]     | distill epoch : 4, acc 0.790
[2023-12-28 21:45:59] [INFO]    -client 4
[2023-12-28 21:45:59] [INFO]     |  local epoch  : 0, acc 0.494
[2023-12-28 21:45:59] [INFO]     |  local epoch  : 1, acc 0.722
[2023-12-28 21:45:59] [INFO]     |  local epoch  : 2, acc 0.737
[2023-12-28 21:45:59] [INFO]     |  local epoch  : 3, acc 0.697
[2023-12-28 21:45:59] [INFO]     |  local epoch  : 4, acc 0.732
[2023-12-28 21:45:59] [INFO]     | distill epoch : 0, acc 0.802
[2023-12-28 21:45:59] [INFO]     | distill epoch : 1, acc 0.813
[2023-12-28 21:45:59] [INFO]     | distill epoch : 2, acc 0.799
[2023-12-28 21:45:59] [INFO]     | distill epoch : 3, acc 0.793
[2023-12-28 21:45:59] [INFO]     | distill epoch : 4, acc 0.793
[2023-12-28 21:45:59] [INFO]    -client 5
[2023-12-28 21:45:59] [INFO]     |  local epoch  : 0, acc 0.494
[2023-12-28 21:45:59] [INFO]     |  local epoch  : 1, acc 0.700
[2023-12-28 21:46:00] [INFO]     |  local epoch  : 2, acc 0.681
[2023-12-28 21:46:00] [INFO]     |  local epoch  : 3, acc 0.692
[2023-12-28 21:46:00] [INFO]     |  local epoch  : 4, acc 0.686
[2023-12-28 21:46:00] [INFO]     | distill epoch : 0, acc 0.755
[2023-12-28 21:46:00] [INFO]     | distill epoch : 1, acc 0.788
[2023-12-28 21:46:00] [INFO]     | distill epoch : 2, acc 0.795
[2023-12-28 21:46:00] [INFO]     | distill epoch : 3, acc 0.785
[2023-12-28 21:46:00] [INFO]     | distill epoch : 4, acc 0.793
[2023-12-28 21:46:00] [INFO] |servers comunicated: 5, server aggregated: 0, acc_server 1: 0.798.
[2023-12-28 21:46:00] [INFO] --------------------------------------------------
[2023-12-28 21:46:00] [INFO]   |server: 2
[2023-12-28 21:46:00] [INFO]    -client 6
[2023-12-28 21:46:00] [INFO]     |  local epoch  : 0, acc 0.402
[2023-12-28 21:46:00] [INFO]     |  local epoch  : 1, acc 0.581
[2023-12-28 21:46:00] [INFO]     |  local epoch  : 2, acc 0.596
[2023-12-28 21:46:00] [INFO]     |  local epoch  : 3, acc 0.591
[2023-12-28 21:46:00] [INFO]     |  local epoch  : 4, acc 0.615
[2023-12-28 21:46:00] [INFO]     | distill epoch : 0, acc 0.720
[2023-12-28 21:46:00] [INFO]     | distill epoch : 1, acc 0.771
[2023-12-28 21:46:00] [INFO]     | distill epoch : 2, acc 0.769
[2023-12-28 21:46:00] [INFO]     | distill epoch : 3, acc 0.770
[2023-12-28 21:46:00] [INFO]     | distill epoch : 4, acc 0.762
[2023-12-28 21:46:00] [INFO]    -client 7
[2023-12-28 21:46:00] [INFO]     |  local epoch  : 0, acc 0.409
[2023-12-28 21:46:01] [INFO]     |  local epoch  : 1, acc 0.615
[2023-12-28 21:46:01] [INFO]     |  local epoch  : 2, acc 0.660
[2023-12-28 21:46:01] [INFO]     |  local epoch  : 3, acc 0.654
[2023-12-28 21:46:01] [INFO]     |  local epoch  : 4, acc 0.662
[2023-12-28 21:46:01] [INFO]     | distill epoch : 0, acc 0.753
[2023-12-28 21:46:01] [INFO]     | distill epoch : 1, acc 0.783
[2023-12-28 21:46:01] [INFO]     | distill epoch : 2, acc 0.766
[2023-12-28 21:46:01] [INFO]     | distill epoch : 3, acc 0.758
[2023-12-28 21:46:01] [INFO]     | distill epoch : 4, acc 0.748
[2023-12-28 21:46:01] [INFO]    -client 8
[2023-12-28 21:46:01] [INFO]     |  local epoch  : 0, acc 0.414
[2023-12-28 21:46:01] [INFO]     |  local epoch  : 1, acc 0.634
[2023-12-28 21:46:01] [INFO]     |  local epoch  : 2, acc 0.672
[2023-12-28 21:46:01] [INFO]     |  local epoch  : 3, acc 0.663
[2023-12-28 21:46:01] [INFO]     |  local epoch  : 4, acc 0.679
[2023-12-28 21:46:01] [INFO]     | distill epoch : 0, acc 0.758
[2023-12-28 21:46:01] [INFO]     | distill epoch : 1, acc 0.788
[2023-12-28 21:46:01] [INFO]     | distill epoch : 2, acc 0.781
[2023-12-28 21:46:01] [INFO]     | distill epoch : 3, acc 0.760
[2023-12-28 21:46:01] [INFO]     | distill epoch : 4, acc 0.757
[2023-12-28 21:46:01] [INFO] |servers comunicated: 5, server aggregated: 0, acc_server 2: 0.758.
[2023-12-28 21:46:01] [INFO] --------------------------------------------------
[2023-12-28 21:46:01] [INFO]  |epoch_client_commu: 1/2
[2023-12-28 21:46:01] [INFO]   |server: 0
[2023-12-28 21:46:01] [INFO]    -client 0
[2023-12-28 21:46:01] [INFO]     |  local epoch  : 0, acc 0.716
[2023-12-28 21:46:02] [INFO]     |  local epoch  : 1, acc 0.739
[2023-12-28 21:46:02] [INFO]     |  local epoch  : 2, acc 0.734
[2023-12-28 21:46:02] [INFO]     |  local epoch  : 3, acc 0.758
[2023-12-28 21:46:02] [INFO]     |  local epoch  : 4, acc 0.787
[2023-12-28 21:46:02] [INFO]     | distill epoch : 0, acc 0.782
[2023-12-28 21:46:02] [INFO]     | distill epoch : 1, acc 0.806
[2023-12-28 21:46:02] [INFO]     | distill epoch : 2, acc 0.782
[2023-12-28 21:46:02] [INFO]     | distill epoch : 3, acc 0.807
[2023-12-28 21:46:02] [INFO]     | distill epoch : 4, acc 0.767
[2023-12-28 21:46:02] [INFO]    -client 1
[2023-12-28 21:46:02] [INFO]     |  local epoch  : 0, acc 0.721
[2023-12-28 21:46:02] [INFO]     |  local epoch  : 1, acc 0.769
[2023-12-28 21:46:02] [INFO]     |  local epoch  : 2, acc 0.733
[2023-12-28 21:46:02] [INFO]     |  local epoch  : 3, acc 0.761
[2023-12-28 21:46:02] [INFO]     |  local epoch  : 4, acc 0.736
[2023-12-28 21:46:02] [INFO]     | distill epoch : 0, acc 0.773
[2023-12-28 21:46:02] [INFO]     | distill epoch : 1, acc 0.806
[2023-12-28 21:46:02] [INFO]     | distill epoch : 2, acc 0.773
[2023-12-28 21:46:02] [INFO]     | distill epoch : 3, acc 0.802
[2023-12-28 21:46:02] [INFO]     | distill epoch : 4, acc 0.759
[2023-12-28 21:46:02] [INFO]    -client 2
[2023-12-28 21:46:02] [INFO]     |  local epoch  : 0, acc 0.713
[2023-12-28 21:46:02] [INFO]     |  local epoch  : 1, acc 0.756
[2023-12-28 21:46:03] [INFO]     |  local epoch  : 2, acc 0.816
[2023-12-28 21:46:03] [INFO]     |  local epoch  : 3, acc 0.752
[2023-12-28 21:46:03] [INFO]     |  local epoch  : 4, acc 0.770
[2023-12-28 21:46:03] [INFO]     | distill epoch : 0, acc 0.798
[2023-12-28 21:46:03] [INFO]     | distill epoch : 1, acc 0.805
[2023-12-28 21:46:03] [INFO]     | distill epoch : 2, acc 0.775
[2023-12-28 21:46:03] [INFO]     | distill epoch : 3, acc 0.806
[2023-12-28 21:46:03] [INFO]     | distill epoch : 4, acc 0.766
[2023-12-28 21:46:03] [INFO] |servers comunicated: 5, server aggregated: 1, acc_server 0: 0.766.
[2023-12-28 21:46:03] [INFO] --------------------------------------------------
[2023-12-28 21:46:03] [INFO]   |server: 1
[2023-12-28 21:46:03] [INFO]    -client 3
[2023-12-28 21:46:03] [INFO]     |  local epoch  : 0, acc 0.555
[2023-12-28 21:46:03] [INFO]     |  local epoch  : 1, acc 0.756
[2023-12-28 21:46:03] [INFO]     |  local epoch  : 2, acc 0.767
[2023-12-28 21:46:03] [INFO]     |  local epoch  : 3, acc 0.786
[2023-12-28 21:46:03] [INFO]     |  local epoch  : 4, acc 0.767
[2023-12-28 21:46:03] [INFO]     | distill epoch : 0, acc 0.811
[2023-12-28 21:46:03] [INFO]     | distill epoch : 1, acc 0.816
[2023-12-28 21:46:03] [INFO]     | distill epoch : 2, acc 0.819
[2023-12-28 21:46:03] [INFO]     | distill epoch : 3, acc 0.802
[2023-12-28 21:46:03] [INFO]     | distill epoch : 4, acc 0.816
[2023-12-28 21:46:03] [INFO]    -client 4
[2023-12-28 21:46:03] [INFO]     |  local epoch  : 0, acc 0.530
[2023-12-28 21:46:03] [INFO]     |  local epoch  : 1, acc 0.741
[2023-12-28 21:46:04] [INFO]     |  local epoch  : 2, acc 0.768
[2023-12-28 21:46:04] [INFO]     |  local epoch  : 3, acc 0.763
[2023-12-28 21:46:04] [INFO]     |  local epoch  : 4, acc 0.740
[2023-12-28 21:46:04] [INFO]     | distill epoch : 0, acc 0.816
[2023-12-28 21:46:04] [INFO]     | distill epoch : 1, acc 0.825
[2023-12-28 21:46:04] [INFO]     | distill epoch : 2, acc 0.814
[2023-12-28 21:46:04] [INFO]     | distill epoch : 3, acc 0.816
[2023-12-28 21:46:04] [INFO]     | distill epoch : 4, acc 0.804
[2023-12-28 21:46:04] [INFO]    -client 5
[2023-12-28 21:46:04] [INFO]     |  local epoch  : 0, acc 0.520
[2023-12-28 21:46:04] [INFO]     |  local epoch  : 1, acc 0.730
[2023-12-28 21:46:04] [INFO]     |  local epoch  : 2, acc 0.759
[2023-12-28 21:46:04] [INFO]     |  local epoch  : 3, acc 0.725
[2023-12-28 21:46:04] [INFO]     |  local epoch  : 4, acc 0.741
[2023-12-28 21:46:04] [INFO]     | distill epoch : 0, acc 0.801
[2023-12-28 21:46:04] [INFO]     | distill epoch : 1, acc 0.819
[2023-12-28 21:46:04] [INFO]     | distill epoch : 2, acc 0.812
[2023-12-28 21:46:04] [INFO]     | distill epoch : 3, acc 0.810
[2023-12-28 21:46:04] [INFO]     | distill epoch : 4, acc 0.808
[2023-12-28 21:46:04] [INFO] |servers comunicated: 5, server aggregated: 1, acc_server 1: 0.816.
[2023-12-28 21:46:04] [INFO] --------------------------------------------------
[2023-12-28 21:46:04] [INFO]   |server: 2
[2023-12-28 21:46:04] [INFO]    -client 6
[2023-12-28 21:46:04] [INFO]     |  local epoch  : 0, acc 0.474
[2023-12-28 21:46:04] [INFO]     |  local epoch  : 1, acc 0.656
[2023-12-28 21:46:05] [INFO]     |  local epoch  : 2, acc 0.667
[2023-12-28 21:46:05] [INFO]     |  local epoch  : 3, acc 0.615
[2023-12-28 21:46:05] [INFO]     |  local epoch  : 4, acc 0.644
[2023-12-28 21:46:05] [INFO]     | distill epoch : 0, acc 0.767
[2023-12-28 21:46:05] [INFO]     | distill epoch : 1, acc 0.795
[2023-12-28 21:46:05] [INFO]     | distill epoch : 2, acc 0.794
[2023-12-28 21:46:05] [INFO]     | distill epoch : 3, acc 0.793
[2023-12-28 21:46:05] [INFO]     | distill epoch : 4, acc 0.783
[2023-12-28 21:46:05] [INFO]    -client 7
[2023-12-28 21:46:05] [INFO]     |  local epoch  : 0, acc 0.477
[2023-12-28 21:46:05] [INFO]     |  local epoch  : 1, acc 0.673
[2023-12-28 21:46:05] [INFO]     |  local epoch  : 2, acc 0.691
[2023-12-28 21:46:05] [INFO]     |  local epoch  : 3, acc 0.713
[2023-12-28 21:46:05] [INFO]     |  local epoch  : 4, acc 0.664
[2023-12-28 21:46:05] [INFO]     | distill epoch : 0, acc 0.771
[2023-12-28 21:46:05] [INFO]     | distill epoch : 1, acc 0.809
[2023-12-28 21:46:05] [INFO]     | distill epoch : 2, acc 0.789
[2023-12-28 21:46:05] [INFO]     | distill epoch : 3, acc 0.790
[2023-12-28 21:46:05] [INFO]     | distill epoch : 4, acc 0.770
[2023-12-28 21:46:05] [INFO]    -client 8
[2023-12-28 21:46:05] [INFO]     |  local epoch  : 0, acc 0.479
[2023-12-28 21:46:05] [INFO]     |  local epoch  : 1, acc 0.684
[2023-12-28 21:46:05] [INFO]     |  local epoch  : 2, acc 0.627
[2023-12-28 21:46:06] [INFO]     |  local epoch  : 3, acc 0.630
[2023-12-28 21:46:06] [INFO]     |  local epoch  : 4, acc 0.659
[2023-12-28 21:46:06] [INFO]     | distill epoch : 0, acc 0.755
[2023-12-28 21:46:06] [INFO]     | distill epoch : 1, acc 0.796
[2023-12-28 21:46:06] [INFO]     | distill epoch : 2, acc 0.786
[2023-12-28 21:46:06] [INFO]     | distill epoch : 3, acc 0.782
[2023-12-28 21:46:06] [INFO]     | distill epoch : 4, acc 0.765
[2023-12-28 21:46:06] [INFO] |servers comunicated: 5, server aggregated: 1, acc_server 2: 0.778.
[2023-12-28 21:46:06] [INFO] --------------------------------------------------
[2023-12-28 21:46:06] [INFO]      ********  servers comunicates  ********      
[2023-12-28 21:46:06] [INFO] ./data/saved-data/mnist_algo_0/alpha_0.5_T_8/server_commu_6_client_commu_2_client_train_5_batch_size_200_num_all_client_9_num_all_server_3_num_client_data_1200_num_public_data_50_proportion_0.8.pt
