[2023-12-28 21:10:04] [INFO] device cuda is used.
[2023-12-28 21:10:04] [INFO] cudnn is actived.
[2023-12-28 21:10:04] [INFO] 
           alpha       :  0.5  
             T         :   8   
         algorithm     :   0   
     num_server_commu  :   2   
     num_client_commu  :   2   
     num_client_train  :   5   
     num_public_train  :   5   
        batch_size     :  200  
          dataset      : mnist 
       model_select    :   1   
      num_all_client   :   9   
      num_all_server   :   3   
      num_client_data  : 1200  
      num_public_data  :  50   
        proportion     :  0.8  

[2023-12-28 21:10:11] [INFO] --------------------------------------------------
[2023-12-28 21:10:11] [INFO] |epoch_server_commu: 0/2
[2023-12-28 21:10:11] [INFO]  |epoch_client_commu: 0/2
[2023-12-28 21:10:11] [INFO]   |server: 0
[2023-12-28 21:10:11] [INFO]    -client 0
[2023-12-28 21:10:12] [INFO]     |  local epoch  : 0, acc 0.101
[2023-12-28 21:10:12] [INFO]     |  local epoch  : 1, acc 0.098
[2023-12-28 21:10:12] [INFO]     |  local epoch  : 2, acc 0.098
[2023-12-28 21:10:12] [INFO]     |  local epoch  : 3, acc 0.098
[2023-12-28 21:10:12] [INFO]     |  local epoch  : 4, acc 0.098
[2023-12-28 21:10:12] [INFO]    -client 1
[2023-12-28 21:10:12] [INFO]     |  local epoch  : 0, acc 0.100
[2023-12-28 21:10:12] [INFO]     |  local epoch  : 1, acc 0.098
[2023-12-28 21:10:12] [INFO]     |  local epoch  : 2, acc 0.098
[2023-12-28 21:10:12] [INFO]     |  local epoch  : 3, acc 0.098
[2023-12-28 21:10:12] [INFO]     |  local epoch  : 4, acc 0.098
[2023-12-28 21:10:12] [INFO]    -client 2
[2023-12-28 21:10:12] [INFO]     |  local epoch  : 0, acc 0.106
[2023-12-28 21:10:12] [INFO]     |  local epoch  : 1, acc 0.098
[2023-12-28 21:10:12] [INFO]     |  local epoch  : 2, acc 0.098
[2023-12-28 21:10:12] [INFO]     |  local epoch  : 3, acc 0.098
[2023-12-28 21:10:12] [INFO]     |  local epoch  : 4, acc 0.098
[2023-12-28 21:10:12] [INFO] |servers comunicated: 0, server aggregated: 0, acc_server 0: 0.098.
[2023-12-28 21:10:12] [INFO] --------------------------------------------------
[2023-12-28 21:10:12] [INFO]   |server: 1
[2023-12-28 21:10:12] [INFO]    -client 3
[2023-12-28 21:10:12] [INFO]     |  local epoch  : 0, acc 0.098
[2023-12-28 21:10:13] [INFO]     |  local epoch  : 1, acc 0.098
[2023-12-28 21:10:13] [INFO]     |  local epoch  : 2, acc 0.098
[2023-12-28 21:10:13] [INFO]     |  local epoch  : 3, acc 0.098
[2023-12-28 21:10:13] [INFO]     |  local epoch  : 4, acc 0.098
[2023-12-28 21:10:13] [INFO]    -client 4
[2023-12-28 21:10:13] [INFO]     |  local epoch  : 0, acc 0.098
[2023-12-28 21:10:13] [INFO]     |  local epoch  : 1, acc 0.098
[2023-12-28 21:10:13] [INFO]     |  local epoch  : 2, acc 0.098
[2023-12-28 21:10:13] [INFO]     |  local epoch  : 3, acc 0.098
[2023-12-28 21:10:13] [INFO]     |  local epoch  : 4, acc 0.098
[2023-12-28 21:10:13] [INFO]    -client 5
[2023-12-28 21:10:13] [INFO]     |  local epoch  : 0, acc 0.098
[2023-12-28 21:10:13] [INFO]     |  local epoch  : 1, acc 0.098
[2023-12-28 21:10:13] [INFO]     |  local epoch  : 2, acc 0.098
[2023-12-28 21:10:13] [INFO]     |  local epoch  : 3, acc 0.098
[2023-12-28 21:10:13] [INFO]     |  local epoch  : 4, acc 0.098
[2023-12-28 21:10:13] [INFO] |servers comunicated: 0, server aggregated: 0, acc_server 1: 0.098.
[2023-12-28 21:10:13] [INFO] --------------------------------------------------
[2023-12-28 21:10:13] [INFO]   |server: 2
[2023-12-28 21:10:13] [INFO]    -client 6
[2023-12-28 21:10:13] [INFO]     |  local epoch  : 0, acc 0.097
[2023-12-28 21:10:13] [INFO]     |  local epoch  : 1, acc 0.097
[2023-12-28 21:10:13] [INFO]     |  local epoch  : 2, acc 0.097
[2023-12-28 21:10:13] [INFO]     |  local epoch  : 3, acc 0.097
[2023-12-28 21:10:14] [INFO]     |  local epoch  : 4, acc 0.097
[2023-12-28 21:10:14] [INFO]    -client 7
[2023-12-28 21:10:14] [INFO]     |  local epoch  : 0, acc 0.097
[2023-12-28 21:10:14] [INFO]     |  local epoch  : 1, acc 0.097
[2023-12-28 21:10:14] [INFO]     |  local epoch  : 2, acc 0.097
[2023-12-28 21:10:14] [INFO]     |  local epoch  : 3, acc 0.097
[2023-12-28 21:10:14] [INFO]     |  local epoch  : 4, acc 0.097
[2023-12-28 21:10:14] [INFO]    -client 8
[2023-12-28 21:10:14] [INFO]     |  local epoch  : 0, acc 0.097
[2023-12-28 21:10:14] [INFO]     |  local epoch  : 1, acc 0.097
[2023-12-28 21:10:14] [INFO]     |  local epoch  : 2, acc 0.097
[2023-12-28 21:10:14] [INFO]     |  local epoch  : 3, acc 0.097
[2023-12-28 21:10:14] [INFO]     |  local epoch  : 4, acc 0.097
[2023-12-28 21:10:14] [INFO] |servers comunicated: 0, server aggregated: 0, acc_server 2: 0.097.
[2023-12-28 21:10:14] [INFO] --------------------------------------------------
[2023-12-28 21:10:14] [INFO]  |epoch_client_commu: 1/2
[2023-12-28 21:10:14] [INFO]   |server: 0
[2023-12-28 21:10:14] [INFO]    -client 0
[2023-12-28 21:10:14] [INFO]     |  local epoch  : 0, acc 0.098
[2023-12-28 21:10:14] [INFO]     |  local epoch  : 1, acc 0.098
[2023-12-28 21:10:14] [INFO]     |  local epoch  : 2, acc 0.098
[2023-12-28 21:10:14] [INFO]     |  local epoch  : 3, acc 0.098
[2023-12-28 21:10:14] [INFO]     |  local epoch  : 4, acc 0.098
[2023-12-28 21:10:14] [INFO]    -client 1
[2023-12-28 21:10:14] [INFO]     |  local epoch  : 0, acc 0.098
[2023-12-28 21:10:14] [INFO]     |  local epoch  : 1, acc 0.098
[2023-12-28 21:10:14] [INFO]     |  local epoch  : 2, acc 0.098
[2023-12-28 21:10:15] [INFO]     |  local epoch  : 3, acc 0.098
[2023-12-28 21:10:15] [INFO]     |  local epoch  : 4, acc 0.098
[2023-12-28 21:10:15] [INFO]    -client 2
[2023-12-28 21:10:15] [INFO]     |  local epoch  : 0, acc 0.098
[2023-12-28 21:10:15] [INFO]     |  local epoch  : 1, acc 0.098
[2023-12-28 21:10:15] [INFO]     |  local epoch  : 2, acc 0.098
[2023-12-28 21:10:15] [INFO]     |  local epoch  : 3, acc 0.098
[2023-12-28 21:10:15] [INFO]     |  local epoch  : 4, acc 0.098
[2023-12-28 21:10:15] [INFO] |servers comunicated: 0, server aggregated: 1, acc_server 0: 0.098.
[2023-12-28 21:10:15] [INFO] --------------------------------------------------
[2023-12-28 21:10:15] [INFO]   |server: 1
[2023-12-28 21:10:15] [INFO]    -client 3
[2023-12-28 21:10:15] [INFO]     |  local epoch  : 0, acc 0.098
[2023-12-28 21:10:15] [INFO]     |  local epoch  : 1, acc 0.098
[2023-12-28 21:10:15] [INFO]     |  local epoch  : 2, acc 0.098
[2023-12-28 21:10:15] [INFO]     |  local epoch  : 3, acc 0.098
[2023-12-28 21:10:15] [INFO]     |  local epoch  : 4, acc 0.098
[2023-12-28 21:10:15] [INFO]    -client 4
[2023-12-28 21:10:15] [INFO]     |  local epoch  : 0, acc 0.098
[2023-12-28 21:10:15] [INFO]     |  local epoch  : 1, acc 0.098
[2023-12-28 21:10:15] [INFO]     |  local epoch  : 2, acc 0.098
[2023-12-28 21:10:15] [INFO]     |  local epoch  : 3, acc 0.098
[2023-12-28 21:10:15] [INFO]     |  local epoch  : 4, acc 0.098
[2023-12-28 21:10:15] [INFO]    -client 5
[2023-12-28 21:10:15] [INFO]     |  local epoch  : 0, acc 0.098
[2023-12-28 21:10:15] [INFO]     |  local epoch  : 1, acc 0.098
[2023-12-28 21:10:15] [INFO]     |  local epoch  : 2, acc 0.098
[2023-12-28 21:10:16] [INFO]     |  local epoch  : 3, acc 0.098
[2023-12-28 21:10:16] [INFO]     |  local epoch  : 4, acc 0.098
[2023-12-28 21:10:16] [INFO] |servers comunicated: 0, server aggregated: 1, acc_server 1: 0.098.
[2023-12-28 21:10:16] [INFO] --------------------------------------------------
[2023-12-28 21:10:16] [INFO]   |server: 2
[2023-12-28 21:10:16] [INFO]    -client 6
[2023-12-28 21:10:16] [INFO]     |  local epoch  : 0, acc 0.097
[2023-12-28 21:10:16] [INFO]     |  local epoch  : 1, acc 0.097
[2023-12-28 21:10:16] [INFO]     |  local epoch  : 2, acc 0.097
[2023-12-28 21:10:16] [INFO]     |  local epoch  : 3, acc 0.097
[2023-12-28 21:10:16] [INFO]     |  local epoch  : 4, acc 0.097
[2023-12-28 21:10:16] [INFO]    -client 7
[2023-12-28 21:10:16] [INFO]     |  local epoch  : 0, acc 0.097
[2023-12-28 21:10:16] [INFO]     |  local epoch  : 1, acc 0.097
[2023-12-28 21:10:16] [INFO]     |  local epoch  : 2, acc 0.097
[2023-12-28 21:10:16] [INFO]     |  local epoch  : 3, acc 0.097
[2023-12-28 21:10:16] [INFO]     |  local epoch  : 4, acc 0.097
[2023-12-28 21:10:16] [INFO]    -client 8
[2023-12-28 21:10:16] [INFO]     |  local epoch  : 0, acc 0.097
[2023-12-28 21:10:16] [INFO]     |  local epoch  : 1, acc 0.097
[2023-12-28 21:10:16] [INFO]     |  local epoch  : 2, acc 0.097
[2023-12-28 21:10:16] [INFO]     |  local epoch  : 3, acc 0.097
[2023-12-28 21:10:16] [INFO]     |  local epoch  : 4, acc 0.097
[2023-12-28 21:10:16] [INFO] |servers comunicated: 0, server aggregated: 1, acc_server 2: 0.097.
[2023-12-28 21:10:16] [INFO] --------------------------------------------------
[2023-12-28 21:10:16] [INFO]      ********  servers comunicates  ********      
[2023-12-28 21:10:16] [INFO] --------------------------------------------------
[2023-12-28 21:10:16] [INFO] |epoch_server_commu: 1/2
[2023-12-28 21:10:16] [INFO]  |epoch_client_commu: 0/2
[2023-12-28 21:10:16] [INFO]   |server: 0
[2023-12-28 21:10:16] [INFO]    -client 0
[2023-12-28 21:10:17] [INFO]     |  local epoch  : 0, acc 0.098
[2023-12-28 21:10:17] [INFO]     |  local epoch  : 1, acc 0.098
[2023-12-28 21:10:17] [INFO]     |  local epoch  : 2, acc 0.099
[2023-12-28 21:10:17] [INFO]     |  local epoch  : 3, acc 0.129
[2023-12-28 21:10:17] [INFO]     |  local epoch  : 4, acc 0.207
[2023-12-28 21:10:17] [INFO]     | distill epoch : 0, acc 0.250
[2023-12-28 21:10:17] [INFO]     | distill epoch : 1, acc 0.283
[2023-12-28 21:10:17] [INFO]     | distill epoch : 2, acc 0.290
[2023-12-28 21:10:17] [INFO]     | distill epoch : 3, acc 0.284
[2023-12-28 21:10:17] [INFO]     | distill epoch : 4, acc 0.289
[2023-12-28 21:10:17] [INFO]    -client 1
[2023-12-28 21:10:17] [INFO]     |  local epoch  : 0, acc 0.098
[2023-12-28 21:10:17] [INFO]     |  local epoch  : 1, acc 0.098
[2023-12-28 21:10:17] [INFO]     |  local epoch  : 2, acc 0.099
[2023-12-28 21:10:17] [INFO]     |  local epoch  : 3, acc 0.115
[2023-12-28 21:10:17] [INFO]     |  local epoch  : 4, acc 0.148
[2023-12-28 21:10:17] [INFO]     | distill epoch : 0, acc 0.176
[2023-12-28 21:10:18] [INFO]     | distill epoch : 1, acc 0.198
[2023-12-28 21:10:18] [INFO]     | distill epoch : 2, acc 0.212
[2023-12-28 21:10:18] [INFO]     | distill epoch : 3, acc 0.229
[2023-12-28 21:10:18] [INFO]     | distill epoch : 4, acc 0.269
[2023-12-28 21:10:18] [INFO]    -client 2
[2023-12-28 21:10:18] [INFO]     |  local epoch  : 0, acc 0.098
[2023-12-28 21:10:18] [INFO]     |  local epoch  : 1, acc 0.098
[2023-12-28 21:10:18] [INFO]     |  local epoch  : 2, acc 0.098
[2023-12-28 21:10:18] [INFO]     |  local epoch  : 3, acc 0.101
[2023-12-28 21:10:18] [INFO]     |  local epoch  : 4, acc 0.167
[2023-12-28 21:10:18] [INFO]     | distill epoch : 0, acc 0.217
[2023-12-28 21:10:18] [INFO]     | distill epoch : 1, acc 0.255
[2023-12-28 21:10:18] [INFO]     | distill epoch : 2, acc 0.277
[2023-12-28 21:10:18] [INFO]     | distill epoch : 3, acc 0.299
[2023-12-28 21:10:18] [INFO]     | distill epoch : 4, acc 0.327
[2023-12-28 21:10:18] [INFO] |servers comunicated: 1, server aggregated: 0, acc_server 0: 0.292.
[2023-12-28 21:10:18] [INFO] --------------------------------------------------
[2023-12-28 21:10:18] [INFO]   |server: 1
[2023-12-28 21:10:18] [INFO]    -client 3
[2023-12-28 21:10:18] [INFO]     |  local epoch  : 0, acc 0.098
[2023-12-28 21:10:18] [INFO]     |  local epoch  : 1, acc 0.098
[2023-12-28 21:10:18] [INFO]     |  local epoch  : 2, acc 0.104
[2023-12-28 21:10:18] [INFO]     |  local epoch  : 3, acc 0.165
[2023-12-28 21:10:18] [INFO]     |  local epoch  : 4, acc 0.216
[2023-12-28 21:10:19] [INFO]     | distill epoch : 0, acc 0.254
[2023-12-28 21:10:19] [INFO]     | distill epoch : 1, acc 0.288
[2023-12-28 21:10:19] [INFO]     | distill epoch : 2, acc 0.300
[2023-12-28 21:10:19] [INFO]     | distill epoch : 3, acc 0.321
[2023-12-28 21:10:19] [INFO]     | distill epoch : 4, acc 0.333
[2023-12-28 21:10:19] [INFO]    -client 4
[2023-12-28 21:10:19] [INFO]     |  local epoch  : 0, acc 0.098
[2023-12-28 21:10:19] [INFO]     |  local epoch  : 1, acc 0.098
[2023-12-28 21:10:19] [INFO]     |  local epoch  : 2, acc 0.098
[2023-12-28 21:10:19] [INFO]     |  local epoch  : 3, acc 0.116
[2023-12-28 21:10:19] [INFO]     |  local epoch  : 4, acc 0.219
[2023-12-28 21:10:19] [INFO]     | distill epoch : 0, acc 0.258
[2023-12-28 21:10:19] [INFO]     | distill epoch : 1, acc 0.281
[2023-12-28 21:10:19] [INFO]     | distill epoch : 2, acc 0.298
[2023-12-28 21:10:19] [INFO]     | distill epoch : 3, acc 0.318
[2023-12-28 21:10:19] [INFO]     | distill epoch : 4, acc 0.339
[2023-12-28 21:10:19] [INFO]    -client 5
[2023-12-28 21:10:19] [INFO]     |  local epoch  : 0, acc 0.098
[2023-12-28 21:10:19] [INFO]     |  local epoch  : 1, acc 0.098
[2023-12-28 21:10:19] [INFO]     |  local epoch  : 2, acc 0.100
[2023-12-28 21:10:19] [INFO]     |  local epoch  : 3, acc 0.119
[2023-12-28 21:10:19] [INFO]     |  local epoch  : 4, acc 0.149
[2023-12-28 21:10:19] [INFO]     | distill epoch : 0, acc 0.187
[2023-12-28 21:10:20] [INFO]     | distill epoch : 1, acc 0.222
[2023-12-28 21:10:20] [INFO]     | distill epoch : 2, acc 0.258
[2023-12-28 21:10:20] [INFO]     | distill epoch : 3, acc 0.289
[2023-12-28 21:10:20] [INFO]     | distill epoch : 4, acc 0.317
[2023-12-28 21:10:20] [INFO] |servers comunicated: 1, server aggregated: 0, acc_server 1: 0.323.
[2023-12-28 21:10:20] [INFO] --------------------------------------------------
[2023-12-28 21:10:20] [INFO]   |server: 2
[2023-12-28 21:10:20] [INFO]    -client 6
[2023-12-28 21:10:20] [INFO]     |  local epoch  : 0, acc 0.097
[2023-12-28 21:10:20] [INFO]     |  local epoch  : 1, acc 0.097
[2023-12-28 21:10:20] [INFO]     |  local epoch  : 2, acc 0.097
[2023-12-28 21:10:20] [INFO]     |  local epoch  : 3, acc 0.097
[2023-12-28 21:10:20] [INFO]     |  local epoch  : 4, acc 0.097
[2023-12-28 21:10:20] [INFO]     | distill epoch : 0, acc 0.097
[2023-12-28 21:10:20] [INFO]     | distill epoch : 1, acc 0.098
[2023-12-28 21:10:20] [INFO]     | distill epoch : 2, acc 0.098
[2023-12-28 21:10:20] [INFO]     | distill epoch : 3, acc 0.101
[2023-12-28 21:10:20] [INFO]     | distill epoch : 4, acc 0.110
[2023-12-28 21:10:20] [INFO]    -client 7
[2023-12-28 21:10:20] [INFO]     |  local epoch  : 0, acc 0.097
[2023-12-28 21:10:20] [INFO]     |  local epoch  : 1, acc 0.097
[2023-12-28 21:10:20] [INFO]     |  local epoch  : 2, acc 0.097
[2023-12-28 21:10:20] [INFO]     |  local epoch  : 3, acc 0.097
[2023-12-28 21:10:20] [INFO]     |  local epoch  : 4, acc 0.097
[2023-12-28 21:10:20] [INFO]     | distill epoch : 0, acc 0.097
[2023-12-28 21:10:21] [INFO]     | distill epoch : 1, acc 0.097
[2023-12-28 21:10:21] [INFO]     | distill epoch : 2, acc 0.098
[2023-12-28 21:10:21] [INFO]     | distill epoch : 3, acc 0.099
[2023-12-28 21:10:21] [INFO]     | distill epoch : 4, acc 0.104
[2023-12-28 21:10:21] [INFO]    -client 8
[2023-12-28 21:10:21] [INFO]     |  local epoch  : 0, acc 0.097
[2023-12-28 21:10:21] [INFO]     |  local epoch  : 1, acc 0.097
[2023-12-28 21:10:21] [INFO]     |  local epoch  : 2, acc 0.097
[2023-12-28 21:10:21] [INFO]     |  local epoch  : 3, acc 0.097
[2023-12-28 21:10:21] [INFO]     |  local epoch  : 4, acc 0.097
[2023-12-28 21:10:21] [INFO]     | distill epoch : 0, acc 0.098
[2023-12-28 21:10:21] [INFO]     | distill epoch : 1, acc 0.098
[2023-12-28 21:10:21] [INFO]     | distill epoch : 2, acc 0.099
[2023-12-28 21:10:21] [INFO]     | distill epoch : 3, acc 0.102
[2023-12-28 21:10:21] [INFO]     | distill epoch : 4, acc 0.110
[2023-12-28 21:10:21] [INFO] |servers comunicated: 1, server aggregated: 0, acc_server 2: 0.105.
[2023-12-28 21:10:21] [INFO] --------------------------------------------------
[2023-12-28 21:10:21] [INFO]  |epoch_client_commu: 1/2
[2023-12-28 21:10:21] [INFO]   |server: 0
[2023-12-28 21:10:21] [INFO]    -client 0
[2023-12-28 21:10:21] [INFO]     |  local epoch  : 0, acc 0.171
[2023-12-28 21:10:21] [INFO]     |  local epoch  : 1, acc 0.275
[2023-12-28 21:10:21] [INFO]     |  local epoch  : 2, acc 0.267
[2023-12-28 21:10:21] [INFO]     |  local epoch  : 3, acc 0.345
[2023-12-28 21:10:21] [INFO]     |  local epoch  : 4, acc 0.371
[2023-12-28 21:10:22] [INFO]     | distill epoch : 0, acc 0.446
[2023-12-28 21:10:22] [INFO]     | distill epoch : 1, acc 0.498
[2023-12-28 21:10:22] [INFO]     | distill epoch : 2, acc 0.497
[2023-12-28 21:10:22] [INFO]     | distill epoch : 3, acc 0.470
[2023-12-28 21:10:22] [INFO]     | distill epoch : 4, acc 0.461
[2023-12-28 21:10:22] [INFO]    -client 1
[2023-12-28 21:10:22] [INFO]     |  local epoch  : 0, acc 0.171
[2023-12-28 21:10:22] [INFO]     |  local epoch  : 1, acc 0.230
[2023-12-28 21:10:22] [INFO]     |  local epoch  : 2, acc 0.269
[2023-12-28 21:10:22] [INFO]     |  local epoch  : 3, acc 0.295
[2023-12-28 21:10:22] [INFO]     |  local epoch  : 4, acc 0.332
[2023-12-28 21:10:22] [INFO]     | distill epoch : 0, acc 0.350
[2023-12-28 21:10:22] [INFO]     | distill epoch : 1, acc 0.365
[2023-12-28 21:10:22] [INFO]     | distill epoch : 2, acc 0.379
[2023-12-28 21:10:22] [INFO]     | distill epoch : 3, acc 0.400
[2023-12-28 21:10:22] [INFO]     | distill epoch : 4, acc 0.431
[2023-12-28 21:10:22] [INFO]    -client 2
[2023-12-28 21:10:22] [INFO]     |  local epoch  : 0, acc 0.167
[2023-12-28 21:10:22] [INFO]     |  local epoch  : 1, acc 0.227
[2023-12-28 21:10:22] [INFO]     |  local epoch  : 2, acc 0.252
[2023-12-28 21:10:22] [INFO]     |  local epoch  : 3, acc 0.299
[2023-12-28 21:10:22] [INFO]     |  local epoch  : 4, acc 0.339
[2023-12-28 21:10:22] [INFO]     | distill epoch : 0, acc 0.383
[2023-12-28 21:10:22] [INFO]     | distill epoch : 1, acc 0.414
[2023-12-28 21:10:23] [INFO]     | distill epoch : 2, acc 0.430
[2023-12-28 21:10:23] [INFO]     | distill epoch : 3, acc 0.427
[2023-12-28 21:10:23] [INFO]     | distill epoch : 4, acc 0.450
[2023-12-28 21:10:23] [INFO] |servers comunicated: 1, server aggregated: 1, acc_server 0: 0.432.
[2023-12-28 21:10:23] [INFO] --------------------------------------------------
[2023-12-28 21:10:23] [INFO]   |server: 1
[2023-12-28 21:10:23] [INFO]    -client 3
[2023-12-28 21:10:23] [INFO]     |  local epoch  : 0, acc 0.186
[2023-12-28 21:10:23] [INFO]     |  local epoch  : 1, acc 0.303
[2023-12-28 21:10:23] [INFO]     |  local epoch  : 2, acc 0.367
[2023-12-28 21:10:23] [INFO]     |  local epoch  : 3, acc 0.411
[2023-12-28 21:10:23] [INFO]     |  local epoch  : 4, acc 0.400
[2023-12-28 21:10:23] [INFO]     | distill epoch : 0, acc 0.438
[2023-12-28 21:10:23] [INFO]     | distill epoch : 1, acc 0.460
[2023-12-28 21:10:23] [INFO]     | distill epoch : 2, acc 0.467
[2023-12-28 21:10:23] [INFO]     | distill epoch : 3, acc 0.469
[2023-12-28 21:10:23] [INFO]     | distill epoch : 4, acc 0.460
[2023-12-28 21:10:23] [INFO]    -client 4
[2023-12-28 21:10:23] [INFO]     |  local epoch  : 0, acc 0.184
[2023-12-28 21:10:23] [INFO]     |  local epoch  : 1, acc 0.331
[2023-12-28 21:10:23] [INFO]     |  local epoch  : 2, acc 0.406
[2023-12-28 21:10:23] [INFO]     |  local epoch  : 3, acc 0.463
[2023-12-28 21:10:23] [INFO]     |  local epoch  : 4, acc 0.490
[2023-12-28 21:10:23] [INFO]     | distill epoch : 0, acc 0.543
[2023-12-28 21:10:23] [INFO]     | distill epoch : 1, acc 0.570
[2023-12-28 21:10:24] [INFO]     | distill epoch : 2, acc 0.560
[2023-12-28 21:10:24] [INFO]     | distill epoch : 3, acc 0.542
[2023-12-28 21:10:24] [INFO]     | distill epoch : 4, acc 0.522
[2023-12-28 21:10:24] [INFO]    -client 5
[2023-12-28 21:10:24] [INFO]     |  local epoch  : 0, acc 0.167
[2023-12-28 21:10:24] [INFO]     |  local epoch  : 1, acc 0.250
[2023-12-28 21:10:24] [INFO]     |  local epoch  : 2, acc 0.305
[2023-12-28 21:10:24] [INFO]     |  local epoch  : 3, acc 0.386
[2023-12-28 21:10:24] [INFO]     |  local epoch  : 4, acc 0.419
[2023-12-28 21:10:24] [INFO]     | distill epoch : 0, acc 0.465
[2023-12-28 21:10:24] [INFO]     | distill epoch : 1, acc 0.477
[2023-12-28 21:10:24] [INFO]     | distill epoch : 2, acc 0.468
[2023-12-28 21:10:24] [INFO]     | distill epoch : 3, acc 0.459
[2023-12-28 21:10:24] [INFO]     | distill epoch : 4, acc 0.452
[2023-12-28 21:10:24] [INFO] |servers comunicated: 1, server aggregated: 1, acc_server 1: 0.470.
[2023-12-28 21:10:24] [INFO] --------------------------------------------------
[2023-12-28 21:10:24] [INFO]   |server: 2
[2023-12-28 21:10:24] [INFO]    -client 6
[2023-12-28 21:10:24] [INFO]     |  local epoch  : 0, acc 0.097
[2023-12-28 21:10:24] [INFO]     |  local epoch  : 1, acc 0.098
[2023-12-28 21:10:24] [INFO]     |  local epoch  : 2, acc 0.099
[2023-12-28 21:10:24] [INFO]     |  local epoch  : 3, acc 0.102
[2023-12-28 21:10:24] [INFO]     |  local epoch  : 4, acc 0.116
[2023-12-28 21:10:24] [INFO]     | distill epoch : 0, acc 0.137
[2023-12-28 21:10:25] [INFO]     | distill epoch : 1, acc 0.157
[2023-12-28 21:10:25] [INFO]     | distill epoch : 2, acc 0.186
[2023-12-28 21:10:25] [INFO]     | distill epoch : 3, acc 0.212
[2023-12-28 21:10:25] [INFO]     | distill epoch : 4, acc 0.240
[2023-12-28 21:10:25] [INFO]    -client 7
[2023-12-28 21:10:25] [INFO]     |  local epoch  : 0, acc 0.097
[2023-12-28 21:10:25] [INFO]     |  local epoch  : 1, acc 0.097
[2023-12-28 21:10:25] [INFO]     |  local epoch  : 2, acc 0.098
[2023-12-28 21:10:25] [INFO]     |  local epoch  : 3, acc 0.098
[2023-12-28 21:10:25] [INFO]     |  local epoch  : 4, acc 0.107
[2023-12-28 21:10:25] [INFO]     | distill epoch : 0, acc 0.120
[2023-12-28 21:10:25] [INFO]     | distill epoch : 1, acc 0.134
[2023-12-28 21:10:25] [INFO]     | distill epoch : 2, acc 0.151
[2023-12-28 21:10:25] [INFO]     | distill epoch : 3, acc 0.167
[2023-12-28 21:10:25] [INFO]     | distill epoch : 4, acc 0.183
[2023-12-28 21:10:25] [INFO]    -client 8
[2023-12-28 21:10:25] [INFO]     |  local epoch  : 0, acc 0.097
[2023-12-28 21:10:25] [INFO]     |  local epoch  : 1, acc 0.098
[2023-12-28 21:10:25] [INFO]     |  local epoch  : 2, acc 0.098
[2023-12-28 21:10:25] [INFO]     |  local epoch  : 3, acc 0.102
[2023-12-28 21:10:25] [INFO]     |  local epoch  : 4, acc 0.103
[2023-12-28 21:10:25] [INFO]     | distill epoch : 0, acc 0.111
[2023-12-28 21:10:25] [INFO]     | distill epoch : 1, acc 0.124
[2023-12-28 21:10:26] [INFO]     | distill epoch : 2, acc 0.145
[2023-12-28 21:10:26] [INFO]     | distill epoch : 3, acc 0.170
[2023-12-28 21:10:26] [INFO]     | distill epoch : 4, acc 0.203
[2023-12-28 21:10:26] [INFO] |servers comunicated: 1, server aggregated: 1, acc_server 2: 0.213.
[2023-12-28 21:10:26] [INFO] --------------------------------------------------
[2023-12-28 21:10:26] [INFO]      ********  servers comunicates  ********      
[2023-12-28 21:10:26] [INFO] ./data/saved-data/mnist_algo_0/alpha_0.5_T_8/server_commu_2_client_commu_2_client_train_5_batch_size_200_num_all_client_9_num_all_server_3_num_client_data_1200_num_public_data_50_proportion_0.8.pt
