[2023-12-28 22:56:49] [INFO] device cuda is used.
[2023-12-28 22:56:49] [INFO] cudnn is actived.
[2023-12-28 22:56:49] [INFO] 
           alpha       :  0.3  
             T         :   1   
         algorithm     :   0   
     num_server_commu  :  50   
     num_client_commu  :  10   
     num_client_train  :   5   
     num_public_train  :   5   
        batch_size     :  200  
          dataset      : mnist 
       model_select    :   1   
      num_all_client   :   9   
      num_all_server   :   3   
      num_client_data  : 1200  
      num_public_data  :  50   
        proportion     :  0.8  

[2023-12-28 22:56:56] [INFO] --------------------------------------------------
[2023-12-28 22:56:56] [INFO] |epoch_server_commu: 0/50
[2023-12-28 22:56:56] [INFO]  |epoch_client_commu: 0/10
[2023-12-28 22:56:56] [INFO]   |server: 0
[2023-12-28 22:56:56] [INFO]    -client 0
[2023-12-28 22:56:57] [INFO]     |  local epoch  : 0, acc 0.103
[2023-12-28 22:56:57] [INFO]     |  local epoch  : 1, acc 0.103
[2023-12-28 22:56:57] [INFO]     |  local epoch  : 2, acc 0.103
[2023-12-28 22:56:57] [INFO]     |  local epoch  : 3, acc 0.096
[2023-12-28 22:56:57] [INFO]     |  local epoch  : 4, acc 0.096
[2023-12-28 22:56:57] [INFO]    -client 1
[2023-12-28 22:56:57] [INFO]     |  local epoch  : 0, acc 0.098
[2023-12-28 22:56:57] [INFO]     |  local epoch  : 1, acc 0.096
[2023-12-28 22:56:57] [INFO]     |  local epoch  : 2, acc 0.096
[2023-12-28 22:56:57] [INFO]     |  local epoch  : 3, acc 0.096
[2023-12-28 22:56:57] [INFO]     |  local epoch  : 4, acc 0.096
[2023-12-28 22:56:57] [INFO]    -client 2
[2023-12-28 22:56:57] [INFO]     |  local epoch  : 0, acc 0.098
[2023-12-28 22:56:57] [INFO]     |  local epoch  : 1, acc 0.096
[2023-12-28 22:56:57] [INFO]     |  local epoch  : 2, acc 0.096
[2023-12-28 22:56:57] [INFO]     |  local epoch  : 3, acc 0.096
[2023-12-28 22:56:57] [INFO]     |  local epoch  : 4, acc 0.096
[2023-12-28 22:56:57] [INFO] |servers comunicated: 0, server aggregated: 0, acc_server 0: 0.096.
[2023-12-28 22:56:57] [INFO] --------------------------------------------------
[2023-12-28 22:56:57] [INFO]   |server: 1
[2023-12-28 22:56:57] [INFO]    -client 3
[2023-12-28 22:56:57] [INFO]     |  local epoch  : 0, acc 0.130
[2023-12-28 22:56:58] [INFO]     |  local epoch  : 1, acc 0.101
[2023-12-28 22:56:58] [INFO]     |  local epoch  : 2, acc 0.101
[2023-12-28 22:56:58] [INFO]     |  local epoch  : 3, acc 0.101
[2023-12-28 22:56:58] [INFO]     |  local epoch  : 4, acc 0.101
[2023-12-28 22:56:58] [INFO]    -client 4
[2023-12-28 22:56:58] [INFO]     |  local epoch  : 0, acc 0.131
[2023-12-28 22:56:58] [INFO]     |  local epoch  : 1, acc 0.101
[2023-12-28 22:56:58] [INFO]     |  local epoch  : 2, acc 0.101
[2023-12-28 22:56:58] [INFO]     |  local epoch  : 3, acc 0.101
[2023-12-28 22:56:58] [INFO]     |  local epoch  : 4, acc 0.101
[2023-12-28 22:56:58] [INFO]    -client 5
[2023-12-28 22:56:58] [INFO]     |  local epoch  : 0, acc 0.140
[2023-12-28 22:56:58] [INFO]     |  local epoch  : 1, acc 0.101
[2023-12-28 22:56:58] [INFO]     |  local epoch  : 2, acc 0.101
[2023-12-28 22:56:58] [INFO]     |  local epoch  : 3, acc 0.101
[2023-12-28 22:56:58] [INFO]     |  local epoch  : 4, acc 0.101
[2023-12-28 22:56:58] [INFO] |servers comunicated: 0, server aggregated: 0, acc_server 1: 0.101.
[2023-12-28 22:56:58] [INFO] --------------------------------------------------
[2023-12-28 22:56:58] [INFO]   |server: 2
[2023-12-28 22:56:58] [INFO]    -client 6
[2023-12-28 22:56:58] [INFO]     |  local epoch  : 0, acc 0.098
[2023-12-28 22:56:59] [INFO]     |  local epoch  : 1, acc 0.098
[2023-12-28 22:56:59] [INFO]     |  local epoch  : 2, acc 0.098
[2023-12-28 22:56:59] [INFO]     |  local epoch  : 3, acc 0.098
[2023-12-28 22:56:59] [INFO]     |  local epoch  : 4, acc 0.098
[2023-12-28 22:56:59] [INFO]    -client 7
[2023-12-28 22:56:59] [INFO]     |  local epoch  : 0, acc 0.098
[2023-12-28 22:56:59] [INFO]     |  local epoch  : 1, acc 0.098
[2023-12-28 22:56:59] [INFO]     |  local epoch  : 2, acc 0.098
[2023-12-28 22:56:59] [INFO]     |  local epoch  : 3, acc 0.098
[2023-12-28 22:56:59] [INFO]     |  local epoch  : 4, acc 0.098
[2023-12-28 22:56:59] [INFO]    -client 8
[2023-12-28 22:56:59] [INFO]     |  local epoch  : 0, acc 0.098
[2023-12-28 22:56:59] [INFO]     |  local epoch  : 1, acc 0.098
[2023-12-28 22:56:59] [INFO]     |  local epoch  : 2, acc 0.098
[2023-12-28 22:56:59] [INFO]     |  local epoch  : 3, acc 0.098
[2023-12-28 22:56:59] [INFO]     |  local epoch  : 4, acc 0.098
[2023-12-28 22:56:59] [INFO] |servers comunicated: 0, server aggregated: 0, acc_server 2: 0.098.
[2023-12-28 22:56:59] [INFO] --------------------------------------------------
[2023-12-28 22:56:59] [INFO]  |epoch_client_commu: 1/10
[2023-12-28 22:56:59] [INFO]   |server: 0
[2023-12-28 22:56:59] [INFO]    -client 0
[2023-12-28 22:56:59] [INFO]     |  local epoch  : 0, acc 0.096
[2023-12-28 22:57:00] [INFO]     |  local epoch  : 1, acc 0.096
[2023-12-28 22:57:00] [INFO]     |  local epoch  : 2, acc 0.096
[2023-12-28 22:57:00] [INFO]     |  local epoch  : 3, acc 0.096
[2023-12-28 22:57:00] [INFO]     |  local epoch  : 4, acc 0.096
[2023-12-28 22:57:00] [INFO]    -client 1
[2023-12-28 22:57:00] [INFO]     |  local epoch  : 0, acc 0.096
[2023-12-28 22:57:00] [INFO]     |  local epoch  : 1, acc 0.096
[2023-12-28 22:57:00] [INFO]     |  local epoch  : 2, acc 0.096
[2023-12-28 22:57:00] [INFO]     |  local epoch  : 3, acc 0.096
[2023-12-28 22:57:00] [INFO]     |  local epoch  : 4, acc 0.096
[2023-12-28 22:57:00] [INFO]    -client 2
[2023-12-28 22:57:00] [INFO]     |  local epoch  : 0, acc 0.096
[2023-12-28 22:57:00] [INFO]     |  local epoch  : 1, acc 0.096
[2023-12-28 22:57:00] [INFO]     |  local epoch  : 2, acc 0.096
[2023-12-28 22:57:00] [INFO]     |  local epoch  : 3, acc 0.096
[2023-12-28 22:57:00] [INFO]     |  local epoch  : 4, acc 0.096
[2023-12-28 22:57:00] [INFO] |servers comunicated: 0, server aggregated: 1, acc_server 0: 0.096.
[2023-12-28 22:57:00] [INFO] --------------------------------------------------
[2023-12-28 22:57:00] [INFO]   |server: 1
[2023-12-28 22:57:00] [INFO]    -client 3
[2023-12-28 22:57:00] [INFO]     |  local epoch  : 0, acc 0.101
[2023-12-28 22:57:01] [INFO]     |  local epoch  : 1, acc 0.101
[2023-12-28 22:57:01] [INFO]     |  local epoch  : 2, acc 0.101
[2023-12-28 22:57:01] [INFO]     |  local epoch  : 3, acc 0.101
[2023-12-28 22:57:01] [INFO]     |  local epoch  : 4, acc 0.101
[2023-12-28 22:57:01] [INFO]    -client 4
[2023-12-28 22:57:01] [INFO]     |  local epoch  : 0, acc 0.101
[2023-12-28 22:57:01] [INFO]     |  local epoch  : 1, acc 0.101
[2023-12-28 22:57:01] [INFO]     |  local epoch  : 2, acc 0.101
[2023-12-28 22:57:01] [INFO]     |  local epoch  : 3, acc 0.101
[2023-12-28 22:57:01] [INFO]     |  local epoch  : 4, acc 0.101
[2023-12-28 22:57:01] [INFO]    -client 5
[2023-12-28 22:57:01] [INFO]     |  local epoch  : 0, acc 0.101
[2023-12-28 22:57:01] [INFO]     |  local epoch  : 1, acc 0.101
[2023-12-28 22:57:01] [INFO]     |  local epoch  : 2, acc 0.101
[2023-12-28 22:57:01] [INFO]     |  local epoch  : 3, acc 0.101
[2023-12-28 22:57:01] [INFO]     |  local epoch  : 4, acc 0.101
[2023-12-28 22:57:01] [INFO] |servers comunicated: 0, server aggregated: 1, acc_server 1: 0.101.
[2023-12-28 22:57:01] [INFO] --------------------------------------------------
[2023-12-28 22:57:01] [INFO]   |server: 2
[2023-12-28 22:57:01] [INFO]    -client 6
[2023-12-28 22:57:01] [INFO]     |  local epoch  : 0, acc 0.098
[2023-12-28 22:57:01] [INFO]     |  local epoch  : 1, acc 0.098
[2023-12-28 22:57:02] [INFO]     |  local epoch  : 2, acc 0.098
[2023-12-28 22:57:02] [INFO]     |  local epoch  : 3, acc 0.098
[2023-12-28 22:57:02] [INFO]     |  local epoch  : 4, acc 0.098
[2023-12-28 22:57:02] [INFO]    -client 7
[2023-12-28 22:57:02] [INFO]     |  local epoch  : 0, acc 0.098
[2023-12-28 22:57:02] [INFO]     |  local epoch  : 1, acc 0.098
[2023-12-28 22:57:02] [INFO]     |  local epoch  : 2, acc 0.098
[2023-12-28 22:57:02] [INFO]     |  local epoch  : 3, acc 0.098
[2023-12-28 22:57:02] [INFO]     |  local epoch  : 4, acc 0.098
[2023-12-28 22:57:02] [INFO]    -client 8
[2023-12-28 22:57:02] [INFO]     |  local epoch  : 0, acc 0.098
[2023-12-28 22:57:02] [INFO]     |  local epoch  : 1, acc 0.098
[2023-12-28 22:57:02] [INFO]     |  local epoch  : 2, acc 0.098
[2023-12-28 22:57:02] [INFO]     |  local epoch  : 3, acc 0.098
[2023-12-28 22:57:02] [INFO]     |  local epoch  : 4, acc 0.098
[2023-12-28 22:57:02] [INFO] |servers comunicated: 0, server aggregated: 1, acc_server 2: 0.098.
[2023-12-28 22:57:02] [INFO] --------------------------------------------------
[2023-12-28 22:57:02] [INFO]  |epoch_client_commu: 2/10
[2023-12-28 22:57:02] [INFO]   |server: 0
[2023-12-28 22:57:02] [INFO]    -client 0
[2023-12-28 22:57:02] [INFO]     |  local epoch  : 0, acc 0.096
[2023-12-28 22:57:02] [INFO]     |  local epoch  : 1, acc 0.096
[2023-12-28 22:57:03] [INFO]     |  local epoch  : 2, acc 0.096
[2023-12-28 22:57:03] [INFO]     |  local epoch  : 3, acc 0.096
