[2023-12-28 21:18:00] [INFO] device cuda is used.
[2023-12-28 21:18:00] [INFO] cudnn is actived.
[2023-12-28 21:18:00] [INFO] 
           alpha       :  0.5  
             T         :   8   
         algorithm     :   0   
     num_server_commu  :   2   
     num_client_commu  :   2   
     num_client_train  :   5   
     num_public_train  :   5   
        batch_size     :  200  
          dataset      : mnist 
       model_select    :   1   
      num_all_client   :   9   
      num_all_server   :   3   
      num_client_data  : 1200  
      num_public_data  :  50   
        proportion     :  0.8  

[2023-12-28 21:18:07] [INFO] --------------------------------------------------
[2023-12-28 21:18:07] [INFO] |epoch_server_commu: 0/2
[2023-12-28 21:18:07] [INFO]  |epoch_client_commu: 0/2
[2023-12-28 21:18:07] [INFO]   |server: 0
[2023-12-28 21:18:07] [INFO]    -client 0
[2023-12-28 21:18:07] [INFO]     |  local epoch  : 0, acc 0.097
[2023-12-28 21:18:07] [INFO]     |  local epoch  : 1, acc 0.097
[2023-12-28 21:18:07] [INFO]     |  local epoch  : 2, acc 0.097
[2023-12-28 21:18:07] [INFO]     |  local epoch  : 3, acc 0.097
[2023-12-28 21:18:07] [INFO]     |  local epoch  : 4, acc 0.097
[2023-12-28 21:18:07] [INFO]    -client 1
[2023-12-28 21:18:07] [INFO]     |  local epoch  : 0, acc 0.097
[2023-12-28 21:18:07] [INFO]     |  local epoch  : 1, acc 0.097
[2023-12-28 21:18:07] [INFO]     |  local epoch  : 2, acc 0.097
[2023-12-28 21:18:07] [INFO]     |  local epoch  : 3, acc 0.097
[2023-12-28 21:18:08] [INFO]     |  local epoch  : 4, acc 0.097
[2023-12-28 21:18:08] [INFO]    -client 2
[2023-12-28 21:18:08] [INFO]     |  local epoch  : 0, acc 0.097
[2023-12-28 21:18:08] [INFO]     |  local epoch  : 1, acc 0.097
[2023-12-28 21:18:08] [INFO]     |  local epoch  : 2, acc 0.097
[2023-12-28 21:18:08] [INFO]     |  local epoch  : 3, acc 0.097
[2023-12-28 21:18:08] [INFO]     |  local epoch  : 4, acc 0.097
[2023-12-28 21:18:08] [INFO] |servers comunicated: 0, server aggregated: 0, acc_server 0: 0.097.
[2023-12-28 21:18:08] [INFO] --------------------------------------------------
[2023-12-28 21:18:08] [INFO]   |server: 1
[2023-12-28 21:18:08] [INFO]    -client 3
[2023-12-28 21:18:08] [INFO]     |  local epoch  : 0, acc 0.101
[2023-12-28 21:18:08] [INFO]     |  local epoch  : 1, acc 0.101
[2023-12-28 21:18:08] [INFO]     |  local epoch  : 2, acc 0.101
[2023-12-28 21:18:08] [INFO]     |  local epoch  : 3, acc 0.101
[2023-12-28 21:18:08] [INFO]     |  local epoch  : 4, acc 0.101
[2023-12-28 21:18:08] [INFO]    -client 4
[2023-12-28 21:18:08] [INFO]     |  local epoch  : 0, acc 0.101
[2023-12-28 21:18:08] [INFO]     |  local epoch  : 1, acc 0.101
[2023-12-28 21:18:08] [INFO]     |  local epoch  : 2, acc 0.101
[2023-12-28 21:18:08] [INFO]     |  local epoch  : 3, acc 0.101
[2023-12-28 21:18:08] [INFO]     |  local epoch  : 4, acc 0.101
[2023-12-28 21:18:08] [INFO]    -client 5
[2023-12-28 21:18:08] [INFO]     |  local epoch  : 0, acc 0.101
[2023-12-28 21:18:08] [INFO]     |  local epoch  : 1, acc 0.101
[2023-12-28 21:18:08] [INFO]     |  local epoch  : 2, acc 0.101
[2023-12-28 21:18:09] [INFO]     |  local epoch  : 3, acc 0.101
[2023-12-28 21:18:09] [INFO]     |  local epoch  : 4, acc 0.101
[2023-12-28 21:18:09] [INFO] |servers comunicated: 0, server aggregated: 0, acc_server 1: 0.101.
[2023-12-28 21:18:09] [INFO] --------------------------------------------------
[2023-12-28 21:18:09] [INFO]   |server: 2
[2023-12-28 21:18:09] [INFO]    -client 6
[2023-12-28 21:18:09] [INFO]     |  local epoch  : 0, acc 0.098
[2023-12-28 21:18:09] [INFO]     |  local epoch  : 1, acc 0.098
[2023-12-28 21:18:09] [INFO]     |  local epoch  : 2, acc 0.098
[2023-12-28 21:18:09] [INFO]     |  local epoch  : 3, acc 0.098
[2023-12-28 21:18:09] [INFO]     |  local epoch  : 4, acc 0.098
[2023-12-28 21:18:09] [INFO]    -client 7
[2023-12-28 21:18:09] [INFO]     |  local epoch  : 0, acc 0.098
[2023-12-28 21:18:09] [INFO]     |  local epoch  : 1, acc 0.098
[2023-12-28 21:18:09] [INFO]     |  local epoch  : 2, acc 0.098
[2023-12-28 21:18:09] [INFO]     |  local epoch  : 3, acc 0.098
[2023-12-28 21:18:09] [INFO]     |  local epoch  : 4, acc 0.098
[2023-12-28 21:18:09] [INFO]    -client 8
[2023-12-28 21:18:09] [INFO]     |  local epoch  : 0, acc 0.098
[2023-12-28 21:18:09] [INFO]     |  local epoch  : 1, acc 0.098
[2023-12-28 21:18:09] [INFO]     |  local epoch  : 2, acc 0.098
[2023-12-28 21:18:09] [INFO]     |  local epoch  : 3, acc 0.098
[2023-12-28 21:18:09] [INFO]     |  local epoch  : 4, acc 0.098
[2023-12-28 21:18:09] [INFO] |servers comunicated: 0, server aggregated: 0, acc_server 2: 0.098.
[2023-12-28 21:18:09] [INFO] --------------------------------------------------
[2023-12-28 21:18:09] [INFO]  |epoch_client_commu: 1/2
[2023-12-28 21:18:09] [INFO]   |server: 0
[2023-12-28 21:18:09] [INFO]    -client 0
[2023-12-28 21:18:09] [INFO]     |  local epoch  : 0, acc 0.097
[2023-12-28 21:18:10] [INFO]     |  local epoch  : 1, acc 0.097
[2023-12-28 21:18:10] [INFO]     |  local epoch  : 2, acc 0.097
[2023-12-28 21:18:10] [INFO]     |  local epoch  : 3, acc 0.097
[2023-12-28 21:18:10] [INFO]     |  local epoch  : 4, acc 0.097
[2023-12-28 21:18:10] [INFO]    -client 1
[2023-12-28 21:18:10] [INFO]     |  local epoch  : 0, acc 0.097
[2023-12-28 21:18:10] [INFO]     |  local epoch  : 1, acc 0.097
[2023-12-28 21:18:10] [INFO]     |  local epoch  : 2, acc 0.097
[2023-12-28 21:18:10] [INFO]     |  local epoch  : 3, acc 0.097
[2023-12-28 21:18:10] [INFO]     |  local epoch  : 4, acc 0.097
[2023-12-28 21:18:10] [INFO]    -client 2
[2023-12-28 21:18:10] [INFO]     |  local epoch  : 0, acc 0.097
[2023-12-28 21:18:10] [INFO]     |  local epoch  : 1, acc 0.097
[2023-12-28 21:18:10] [INFO]     |  local epoch  : 2, acc 0.097
[2023-12-28 21:18:10] [INFO]     |  local epoch  : 3, acc 0.097
[2023-12-28 21:18:10] [INFO]     |  local epoch  : 4, acc 0.097
[2023-12-28 21:18:10] [INFO] |servers comunicated: 0, server aggregated: 1, acc_server 0: 0.097.
[2023-12-28 21:18:10] [INFO] --------------------------------------------------
[2023-12-28 21:18:10] [INFO]   |server: 1
[2023-12-28 21:18:10] [INFO]    -client 3
[2023-12-28 21:18:10] [INFO]     |  local epoch  : 0, acc 0.101
[2023-12-28 21:18:10] [INFO]     |  local epoch  : 1, acc 0.101
[2023-12-28 21:18:10] [INFO]     |  local epoch  : 2, acc 0.101
[2023-12-28 21:18:10] [INFO]     |  local epoch  : 3, acc 0.101
[2023-12-28 21:18:10] [INFO]     |  local epoch  : 4, acc 0.101
[2023-12-28 21:18:10] [INFO]    -client 4
[2023-12-28 21:18:11] [INFO]     |  local epoch  : 0, acc 0.101
[2023-12-28 21:18:11] [INFO]     |  local epoch  : 1, acc 0.101
[2023-12-28 21:18:11] [INFO]     |  local epoch  : 2, acc 0.101
[2023-12-28 21:18:11] [INFO]     |  local epoch  : 3, acc 0.101
[2023-12-28 21:18:11] [INFO]     |  local epoch  : 4, acc 0.101
[2023-12-28 21:18:11] [INFO]    -client 5
[2023-12-28 21:18:11] [INFO]     |  local epoch  : 0, acc 0.101
[2023-12-28 21:18:11] [INFO]     |  local epoch  : 1, acc 0.101
[2023-12-28 21:18:11] [INFO]     |  local epoch  : 2, acc 0.101
[2023-12-28 21:18:11] [INFO]     |  local epoch  : 3, acc 0.101
[2023-12-28 21:18:11] [INFO]     |  local epoch  : 4, acc 0.101
[2023-12-28 21:18:11] [INFO] |servers comunicated: 0, server aggregated: 1, acc_server 1: 0.101.
[2023-12-28 21:18:11] [INFO] --------------------------------------------------
[2023-12-28 21:18:11] [INFO]   |server: 2
[2023-12-28 21:18:11] [INFO]    -client 6
[2023-12-28 21:18:11] [INFO]     |  local epoch  : 0, acc 0.098
[2023-12-28 21:18:11] [INFO]     |  local epoch  : 1, acc 0.098
[2023-12-28 21:18:11] [INFO]     |  local epoch  : 2, acc 0.098
[2023-12-28 21:18:11] [INFO]     |  local epoch  : 3, acc 0.098
[2023-12-28 21:18:11] [INFO]     |  local epoch  : 4, acc 0.098
[2023-12-28 21:18:11] [INFO]    -client 7
[2023-12-28 21:18:11] [INFO]     |  local epoch  : 0, acc 0.098
[2023-12-28 21:18:11] [INFO]     |  local epoch  : 1, acc 0.098
[2023-12-28 21:18:11] [INFO]     |  local epoch  : 2, acc 0.098
[2023-12-28 21:18:11] [INFO]     |  local epoch  : 3, acc 0.098
[2023-12-28 21:18:12] [INFO]     |  local epoch  : 4, acc 0.098
[2023-12-28 21:18:12] [INFO]    -client 8
[2023-12-28 21:18:12] [INFO]     |  local epoch  : 0, acc 0.098
[2023-12-28 21:18:12] [INFO]     |  local epoch  : 1, acc 0.098
[2023-12-28 21:18:12] [INFO]     |  local epoch  : 2, acc 0.098
[2023-12-28 21:18:12] [INFO]     |  local epoch  : 3, acc 0.098
[2023-12-28 21:18:12] [INFO]     |  local epoch  : 4, acc 0.098
[2023-12-28 21:18:12] [INFO] |servers comunicated: 0, server aggregated: 1, acc_server 2: 0.098.
[2023-12-28 21:18:12] [INFO] --------------------------------------------------
[2023-12-28 21:18:12] [INFO]      ********  servers comunicates  ********      
[2023-12-28 21:18:12] [INFO] --------------------------------------------------
[2023-12-28 21:18:12] [INFO] |epoch_server_commu: 1/2
[2023-12-28 21:18:12] [INFO]  |epoch_client_commu: 0/2
[2023-12-28 21:18:12] [INFO]   |server: 0
[2023-12-28 21:18:12] [INFO]    -client 0
[2023-12-28 21:18:12] [INFO]     |  local epoch  : 0, acc 0.097
[2023-12-28 21:18:12] [INFO]     |  local epoch  : 1, acc 0.097
[2023-12-28 21:18:12] [INFO]     |  local epoch  : 2, acc 0.123
[2023-12-28 21:18:12] [INFO]     |  local epoch  : 3, acc 0.166
[2023-12-28 21:18:12] [INFO]     |  local epoch  : 4, acc 0.202
[2023-12-28 21:18:12] [INFO]     | distill epoch : 0, acc 0.235
[2023-12-28 21:18:12] [INFO]     | distill epoch : 1, acc 0.267
[2023-12-28 21:18:13] [INFO]     | distill epoch : 2, acc 0.301
[2023-12-28 21:18:13] [INFO]     | distill epoch : 3, acc 0.346
[2023-12-28 21:18:13] [INFO]     | distill epoch : 4, acc 0.382
[2023-12-28 21:18:13] [INFO]    -client 1
[2023-12-28 21:18:13] [INFO]     |  local epoch  : 0, acc 0.097
[2023-12-28 21:18:13] [INFO]     |  local epoch  : 1, acc 0.097
[2023-12-28 21:18:13] [INFO]     |  local epoch  : 2, acc 0.123
[2023-12-28 21:18:13] [INFO]     |  local epoch  : 3, acc 0.159
[2023-12-28 21:18:13] [INFO]     |  local epoch  : 4, acc 0.174
[2023-12-28 21:18:13] [INFO]     | distill epoch : 0, acc 0.198
[2023-12-28 21:18:13] [INFO]     | distill epoch : 1, acc 0.230
[2023-12-28 21:18:13] [INFO]     | distill epoch : 2, acc 0.276
[2023-12-28 21:18:13] [INFO]     | distill epoch : 3, acc 0.342
[2023-12-28 21:18:13] [INFO]     | distill epoch : 4, acc 0.396
[2023-12-28 21:18:13] [INFO]    -client 2
[2023-12-28 21:18:13] [INFO]     |  local epoch  : 0, acc 0.097
[2023-12-28 21:18:13] [INFO]     |  local epoch  : 1, acc 0.097
[2023-12-28 21:18:13] [INFO]     |  local epoch  : 2, acc 0.109
[2023-12-28 21:18:13] [INFO]     |  local epoch  : 3, acc 0.150
[2023-12-28 21:18:13] [INFO]     |  local epoch  : 4, acc 0.179
[2023-12-28 21:18:13] [INFO]     | distill epoch : 0, acc 0.209
[2023-12-28 21:18:13] [INFO]     | distill epoch : 1, acc 0.243
[2023-12-28 21:18:13] [INFO]     | distill epoch : 2, acc 0.278
[2023-12-28 21:18:14] [INFO]     | distill epoch : 3, acc 0.315
[2023-12-28 21:18:14] [INFO]     | distill epoch : 4, acc 0.360
[2023-12-28 21:18:14] [INFO] |servers comunicated: 1, server aggregated: 0, acc_server 0: 0.378.
[2023-12-28 21:18:14] [INFO] --------------------------------------------------
[2023-12-28 21:18:14] [INFO]   |server: 1
[2023-12-28 21:18:14] [INFO]    -client 3
[2023-12-28 21:18:14] [INFO]     |  local epoch  : 0, acc 0.101
[2023-12-28 21:18:14] [INFO]     |  local epoch  : 1, acc 0.101
[2023-12-28 21:18:14] [INFO]     |  local epoch  : 2, acc 0.102
[2023-12-28 21:18:14] [INFO]     |  local epoch  : 3, acc 0.119
[2023-12-28 21:18:14] [INFO]     |  local epoch  : 4, acc 0.163
[2023-12-28 21:18:14] [INFO]     | distill epoch : 0, acc 0.199
[2023-12-28 21:18:14] [INFO]     | distill epoch : 1, acc 0.230
[2023-12-28 21:18:14] [INFO]     | distill epoch : 2, acc 0.248
[2023-12-28 21:18:14] [INFO]     | distill epoch : 3, acc 0.236
[2023-12-28 21:18:14] [INFO]     | distill epoch : 4, acc 0.214
[2023-12-28 21:18:14] [INFO]    -client 4
[2023-12-28 21:18:14] [INFO]     |  local epoch  : 0, acc 0.101
[2023-12-28 21:18:14] [INFO]     |  local epoch  : 1, acc 0.101
[2023-12-28 21:18:14] [INFO]     |  local epoch  : 2, acc 0.104
[2023-12-28 21:18:14] [INFO]     |  local epoch  : 3, acc 0.130
[2023-12-28 21:18:14] [INFO]     |  local epoch  : 4, acc 0.157
[2023-12-28 21:18:14] [INFO]     | distill epoch : 0, acc 0.187
[2023-12-28 21:18:14] [INFO]     | distill epoch : 1, acc 0.215
[2023-12-28 21:18:14] [INFO]     | distill epoch : 2, acc 0.239
[2023-12-28 21:18:15] [INFO]     | distill epoch : 3, acc 0.243
[2023-12-28 21:18:15] [INFO]     | distill epoch : 4, acc 0.229
[2023-12-28 21:18:15] [INFO]    -client 5
[2023-12-28 21:18:15] [INFO]     |  local epoch  : 0, acc 0.101
[2023-12-28 21:18:15] [INFO]     |  local epoch  : 1, acc 0.101
[2023-12-28 21:18:15] [INFO]     |  local epoch  : 2, acc 0.109
[2023-12-28 21:18:15] [INFO]     |  local epoch  : 3, acc 0.146
[2023-12-28 21:18:15] [INFO]     |  local epoch  : 4, acc 0.244
[2023-12-28 21:18:15] [INFO]     | distill epoch : 0, acc 0.283
[2023-12-28 21:18:15] [INFO]     | distill epoch : 1, acc 0.303
[2023-12-28 21:18:15] [INFO]     | distill epoch : 2, acc 0.278
[2023-12-28 21:18:15] [INFO]     | distill epoch : 3, acc 0.239
[2023-12-28 21:18:15] [INFO]     | distill epoch : 4, acc 0.209
[2023-12-28 21:18:15] [INFO] |servers comunicated: 1, server aggregated: 0, acc_server 1: 0.218.
[2023-12-28 21:18:15] [INFO] --------------------------------------------------
[2023-12-28 21:18:15] [INFO]   |server: 2
[2023-12-28 21:18:15] [INFO]    -client 6
[2023-12-28 21:18:15] [INFO]     |  local epoch  : 0, acc 0.111
[2023-12-28 21:18:15] [INFO]     |  local epoch  : 1, acc 0.137
[2023-12-28 21:18:15] [INFO]     |  local epoch  : 2, acc 0.189
[2023-12-28 21:18:15] [INFO]     |  local epoch  : 3, acc 0.307
[2023-12-28 21:18:15] [INFO]     |  local epoch  : 4, acc 0.390
[2023-12-28 21:18:15] [INFO]     | distill epoch : 0, acc 0.438
[2023-12-28 21:18:15] [INFO]     | distill epoch : 1, acc 0.477
[2023-12-28 21:18:16] [INFO]     | distill epoch : 2, acc 0.492
[2023-12-28 21:18:16] [INFO]     | distill epoch : 3, acc 0.448
[2023-12-28 21:18:16] [INFO]     | distill epoch : 4, acc 0.380
[2023-12-28 21:18:16] [INFO]    -client 7
[2023-12-28 21:18:16] [INFO]     |  local epoch  : 0, acc 0.101
[2023-12-28 21:18:16] [INFO]     |  local epoch  : 1, acc 0.142
[2023-12-28 21:18:16] [INFO]     |  local epoch  : 2, acc 0.176
[2023-12-28 21:18:16] [INFO]     |  local epoch  : 3, acc 0.254
[2023-12-28 21:18:16] [INFO]     |  local epoch  : 4, acc 0.329
[2023-12-28 21:18:16] [INFO]     | distill epoch : 0, acc 0.359
[2023-12-28 21:18:16] [INFO]     | distill epoch : 1, acc 0.385
[2023-12-28 21:18:16] [INFO]     | distill epoch : 2, acc 0.428
[2023-12-28 21:18:16] [INFO]     | distill epoch : 3, acc 0.407
[2023-12-28 21:18:16] [INFO]     | distill epoch : 4, acc 0.314
[2023-12-28 21:18:16] [INFO]    -client 8
[2023-12-28 21:18:16] [INFO]     |  local epoch  : 0, acc 0.098
[2023-12-28 21:18:16] [INFO]     |  local epoch  : 1, acc 0.214
[2023-12-28 21:18:16] [INFO]     |  local epoch  : 2, acc 0.300
[2023-12-28 21:18:16] [INFO]     |  local epoch  : 3, acc 0.412
[2023-12-28 21:18:16] [INFO]     |  local epoch  : 4, acc 0.432
[2023-12-28 21:18:16] [INFO]     | distill epoch : 0, acc 0.488
[2023-12-28 21:18:16] [INFO]     | distill epoch : 1, acc 0.529
[2023-12-28 21:18:16] [INFO]     | distill epoch : 2, acc 0.539
[2023-12-28 21:18:17] [INFO]     | distill epoch : 3, acc 0.511
[2023-12-28 21:18:17] [INFO]     | distill epoch : 4, acc 0.452
[2023-12-28 21:18:17] [INFO] |servers comunicated: 1, server aggregated: 0, acc_server 2: 0.388.
[2023-12-28 21:18:17] [INFO] --------------------------------------------------
[2023-12-28 21:18:17] [INFO]  |epoch_client_commu: 1/2
[2023-12-28 21:18:17] [INFO]   |server: 0
[2023-12-28 21:18:17] [INFO]    -client 0
[2023-12-28 21:18:17] [INFO]     |  local epoch  : 0, acc 0.163
[2023-12-28 21:18:17] [INFO]     |  local epoch  : 1, acc 0.205
[2023-12-28 21:18:17] [INFO]     |  local epoch  : 2, acc 0.251
[2023-12-28 21:18:17] [INFO]     |  local epoch  : 3, acc 0.300
[2023-12-28 21:18:17] [INFO]     |  local epoch  : 4, acc 0.349
[2023-12-28 21:18:17] [INFO]     | distill epoch : 0, acc 0.424
[2023-12-28 21:18:17] [INFO]     | distill epoch : 1, acc 0.508
[2023-12-28 21:18:17] [INFO]     | distill epoch : 2, acc 0.585
[2023-12-28 21:18:17] [INFO]     | distill epoch : 3, acc 0.624
[2023-12-28 21:18:17] [INFO]     | distill epoch : 4, acc 0.632
[2023-12-28 21:18:17] [INFO]    -client 1
[2023-12-28 21:18:17] [INFO]     |  local epoch  : 0, acc 0.161
[2023-12-28 21:18:17] [INFO]     |  local epoch  : 1, acc 0.202
[2023-12-28 21:18:17] [INFO]     |  local epoch  : 2, acc 0.256
[2023-12-28 21:18:17] [INFO]     |  local epoch  : 3, acc 0.311
[2023-12-28 21:18:17] [INFO]     |  local epoch  : 4, acc 0.369
[2023-12-28 21:18:17] [INFO]     | distill epoch : 0, acc 0.450
[2023-12-28 21:18:17] [INFO]     | distill epoch : 1, acc 0.513
[2023-12-28 21:18:17] [INFO]     | distill epoch : 2, acc 0.542
[2023-12-28 21:18:18] [INFO]     | distill epoch : 3, acc 0.562
[2023-12-28 21:18:18] [INFO]     | distill epoch : 4, acc 0.586
[2023-12-28 21:18:18] [INFO]    -client 2
[2023-12-28 21:18:18] [INFO]     |  local epoch  : 0, acc 0.163
[2023-12-28 21:18:18] [INFO]     |  local epoch  : 1, acc 0.200
[2023-12-28 21:18:18] [INFO]     |  local epoch  : 2, acc 0.219
[2023-12-28 21:18:18] [INFO]     |  local epoch  : 3, acc 0.259
[2023-12-28 21:18:18] [INFO]     |  local epoch  : 4, acc 0.385
[2023-12-28 21:18:18] [INFO]     | distill epoch : 0, acc 0.470
[2023-12-28 21:18:18] [INFO]     | distill epoch : 1, acc 0.532
[2023-12-28 21:18:18] [INFO]     | distill epoch : 2, acc 0.587
[2023-12-28 21:18:18] [INFO]     | distill epoch : 3, acc 0.620
[2023-12-28 21:18:18] [INFO]     | distill epoch : 4, acc 0.636
[2023-12-28 21:18:18] [INFO] |servers comunicated: 1, server aggregated: 1, acc_server 0: 0.625.
[2023-12-28 21:18:18] [INFO] --------------------------------------------------
[2023-12-28 21:18:18] [INFO]   |server: 1
[2023-12-28 21:18:18] [INFO]    -client 3
[2023-12-28 21:18:18] [INFO]     |  local epoch  : 0, acc 0.120
[2023-12-28 21:18:18] [INFO]     |  local epoch  : 1, acc 0.187
[2023-12-28 21:18:18] [INFO]     |  local epoch  : 2, acc 0.229
[2023-12-28 21:18:18] [INFO]     |  local epoch  : 3, acc 0.263
[2023-12-28 21:18:18] [INFO]     |  local epoch  : 4, acc 0.319
[2023-12-28 21:18:18] [INFO]     | distill epoch : 0, acc 0.381
[2023-12-28 21:18:18] [INFO]     | distill epoch : 1, acc 0.433
[2023-12-28 21:18:18] [INFO]     | distill epoch : 2, acc 0.454
[2023-12-28 21:18:19] [INFO]     | distill epoch : 3, acc 0.454
[2023-12-28 21:18:19] [INFO]     | distill epoch : 4, acc 0.453
[2023-12-28 21:18:19] [INFO]    -client 4
[2023-12-28 21:18:19] [INFO]     |  local epoch  : 0, acc 0.137
[2023-12-28 21:18:19] [INFO]     |  local epoch  : 1, acc 0.211
[2023-12-28 21:18:19] [INFO]     |  local epoch  : 2, acc 0.243
[2023-12-28 21:18:19] [INFO]     |  local epoch  : 3, acc 0.268
[2023-12-28 21:18:19] [INFO]     |  local epoch  : 4, acc 0.334
[2023-12-28 21:18:19] [INFO]     | distill epoch : 0, acc 0.378
[2023-12-28 21:18:19] [INFO]     | distill epoch : 1, acc 0.414
[2023-12-28 21:18:19] [INFO]     | distill epoch : 2, acc 0.429
[2023-12-28 21:18:19] [INFO]     | distill epoch : 3, acc 0.440
[2023-12-28 21:18:19] [INFO]     | distill epoch : 4, acc 0.439
[2023-12-28 21:18:19] [INFO]    -client 5
[2023-12-28 21:18:19] [INFO]     |  local epoch  : 0, acc 0.126
[2023-12-28 21:18:19] [INFO]     |  local epoch  : 1, acc 0.234
[2023-12-28 21:18:19] [INFO]     |  local epoch  : 2, acc 0.303
[2023-12-28 21:18:19] [INFO]     |  local epoch  : 3, acc 0.338
[2023-12-28 21:18:19] [INFO]     |  local epoch  : 4, acc 0.414
[2023-12-28 21:18:19] [INFO]     | distill epoch : 0, acc 0.454
[2023-12-28 21:18:19] [INFO]     | distill epoch : 1, acc 0.488
[2023-12-28 21:18:19] [INFO]     | distill epoch : 2, acc 0.497
[2023-12-28 21:18:20] [INFO]     | distill epoch : 3, acc 0.506
[2023-12-28 21:18:20] [INFO]     | distill epoch : 4, acc 0.510
[2023-12-28 21:18:20] [INFO] |servers comunicated: 1, server aggregated: 1, acc_server 1: 0.472.
[2023-12-28 21:18:20] [INFO] --------------------------------------------------
[2023-12-28 21:18:20] [INFO]   |server: 2
[2023-12-28 21:18:20] [INFO]    -client 6
[2023-12-28 21:18:20] [INFO]     |  local epoch  : 0, acc 0.293
[2023-12-28 21:18:20] [INFO]     |  local epoch  : 1, acc 0.519
[2023-12-28 21:18:20] [INFO]     |  local epoch  : 2, acc 0.556
[2023-12-28 21:18:20] [INFO]     |  local epoch  : 3, acc 0.627
[2023-12-28 21:18:20] [INFO]     |  local epoch  : 4, acc 0.658
[2023-12-28 21:18:20] [INFO]     | distill epoch : 0, acc 0.679
[2023-12-28 21:18:20] [INFO]     | distill epoch : 1, acc 0.662
[2023-12-28 21:18:20] [INFO]     | distill epoch : 2, acc 0.636
[2023-12-28 21:18:20] [INFO]     | distill epoch : 3, acc 0.609
[2023-12-28 21:18:20] [INFO]     | distill epoch : 4, acc 0.602
[2023-12-28 21:18:20] [INFO]    -client 7
[2023-12-28 21:18:20] [INFO]     |  local epoch  : 0, acc 0.244
[2023-12-28 21:18:20] [INFO]     |  local epoch  : 1, acc 0.420
[2023-12-28 21:18:20] [INFO]     |  local epoch  : 2, acc 0.460
[2023-12-28 21:18:20] [INFO]     |  local epoch  : 3, acc 0.618
[2023-12-28 21:18:20] [INFO]     |  local epoch  : 4, acc 0.626
[2023-12-28 21:18:20] [INFO]     | distill epoch : 0, acc 0.669
[2023-12-28 21:18:20] [INFO]     | distill epoch : 1, acc 0.672
[2023-12-28 21:18:20] [INFO]     | distill epoch : 2, acc 0.649
[2023-12-28 21:18:21] [INFO]     | distill epoch : 3, acc 0.632
[2023-12-28 21:18:21] [INFO]     | distill epoch : 4, acc 0.634
[2023-12-28 21:18:21] [INFO]    -client 8
[2023-12-28 21:18:21] [INFO]     |  local epoch  : 0, acc 0.277
[2023-12-28 21:18:21] [INFO]     |  local epoch  : 1, acc 0.493
[2023-12-28 21:18:21] [INFO]     |  local epoch  : 2, acc 0.519
[2023-12-28 21:18:21] [INFO]     |  local epoch  : 3, acc 0.592
[2023-12-28 21:18:21] [INFO]     |  local epoch  : 4, acc 0.577
[2023-12-28 21:18:21] [INFO]     | distill epoch : 0, acc 0.615
[2023-12-28 21:18:21] [INFO]     | distill epoch : 1, acc 0.628
[2023-12-28 21:18:21] [INFO]     | distill epoch : 2, acc 0.621
[2023-12-28 21:18:21] [INFO]     | distill epoch : 3, acc 0.609
[2023-12-28 21:18:21] [INFO]     | distill epoch : 4, acc 0.610
[2023-12-28 21:18:21] [INFO] |servers comunicated: 1, server aggregated: 1, acc_server 2: 0.622.
[2023-12-28 21:18:21] [INFO] --------------------------------------------------
[2023-12-28 21:18:21] [INFO]      ********  servers comunicates  ********      
[2023-12-28 21:18:21] [INFO] ./data/saved-data/mnist_algo_0/alpha_0.5_T_8/server_commu_2_client_commu_2_client_train_5_batch_size_200_num_all_client_9_num_all_server_3_num_client_data_1200_num_public_data_50_proportion_0.8.pt
