[2023-12-28 22:57:08] [INFO] device cuda is used.
[2023-12-28 22:57:08] [INFO] cudnn is actived.
[2023-12-28 22:57:08] [INFO] 
           alpha       :  0.7  
             T         :   8   
         algorithm     :   0   
     num_server_commu  :  50   
     num_client_commu  :  10   
     num_client_train  :   5   
     num_public_train  :   5   
        batch_size     :  200  
          dataset      : mnist 
       model_select    :   1   
      num_all_client   :   9   
      num_all_server   :   3   
      num_client_data  : 1200  
      num_public_data  :  50   
        proportion     :  0.8  

[2023-12-28 22:57:15] [INFO] --------------------------------------------------
[2023-12-28 22:57:15] [INFO] |epoch_server_commu: 0/50
[2023-12-28 22:57:15] [INFO]  |epoch_client_commu: 0/10
[2023-12-28 22:57:15] [INFO]   |server: 0
[2023-12-28 22:57:15] [INFO]    -client 0
[2023-12-28 22:57:16] [INFO]     |  local epoch  : 0, acc 0.089
[2023-12-28 22:57:16] [INFO]     |  local epoch  : 1, acc 0.089
[2023-12-28 22:57:16] [INFO]     |  local epoch  : 2, acc 0.089
[2023-12-28 22:57:16] [INFO]     |  local epoch  : 3, acc 0.089
[2023-12-28 22:57:16] [INFO]     |  local epoch  : 4, acc 0.089
[2023-12-28 22:57:16] [INFO]    -client 1
[2023-12-28 22:57:16] [INFO]     |  local epoch  : 0, acc 0.089
[2023-12-28 22:57:16] [INFO]     |  local epoch  : 1, acc 0.089
[2023-12-28 22:57:16] [INFO]     |  local epoch  : 2, acc 0.089
[2023-12-28 22:57:16] [INFO]     |  local epoch  : 3, acc 0.089
[2023-12-28 22:57:16] [INFO]     |  local epoch  : 4, acc 0.089
[2023-12-28 22:57:16] [INFO]    -client 2
[2023-12-28 22:57:16] [INFO]     |  local epoch  : 0, acc 0.089
[2023-12-28 22:57:16] [INFO]     |  local epoch  : 1, acc 0.089
[2023-12-28 22:57:16] [INFO]     |  local epoch  : 2, acc 0.089
[2023-12-28 22:57:16] [INFO]     |  local epoch  : 3, acc 0.089
[2023-12-28 22:57:17] [INFO]     |  local epoch  : 4, acc 0.089
[2023-12-28 22:57:17] [INFO] |servers comunicated: 0, server aggregated: 0, acc_server 0: 0.089.
[2023-12-28 22:57:17] [INFO] --------------------------------------------------
[2023-12-28 22:57:17] [INFO]   |server: 1
[2023-12-28 22:57:17] [INFO]    -client 3
[2023-12-28 22:57:17] [INFO]     |  local epoch  : 0, acc 0.098
[2023-12-28 22:57:17] [INFO]     |  local epoch  : 1, acc 0.098
[2023-12-28 22:57:17] [INFO]     |  local epoch  : 2, acc 0.098
[2023-12-28 22:57:17] [INFO]     |  local epoch  : 3, acc 0.098
[2023-12-28 22:57:17] [INFO]     |  local epoch  : 4, acc 0.098
[2023-12-28 22:57:17] [INFO]    -client 4
[2023-12-28 22:57:17] [INFO]     |  local epoch  : 0, acc 0.098
[2023-12-28 22:57:17] [INFO]     |  local epoch  : 1, acc 0.098
[2023-12-28 22:57:17] [INFO]     |  local epoch  : 2, acc 0.098
[2023-12-28 22:57:17] [INFO]     |  local epoch  : 3, acc 0.098
[2023-12-28 22:57:17] [INFO]     |  local epoch  : 4, acc 0.098
[2023-12-28 22:57:17] [INFO]    -client 5
[2023-12-28 22:57:17] [INFO]     |  local epoch  : 0, acc 0.098
[2023-12-28 22:57:17] [INFO]     |  local epoch  : 1, acc 0.098
[2023-12-28 22:57:17] [INFO]     |  local epoch  : 2, acc 0.098
[2023-12-28 22:57:17] [INFO]     |  local epoch  : 3, acc 0.098
[2023-12-28 22:57:18] [INFO]     |  local epoch  : 4, acc 0.098
[2023-12-28 22:57:18] [INFO] |servers comunicated: 0, server aggregated: 0, acc_server 1: 0.098.
[2023-12-28 22:57:18] [INFO] --------------------------------------------------
[2023-12-28 22:57:18] [INFO]   |server: 2
[2023-12-28 22:57:18] [INFO]    -client 6
[2023-12-28 22:57:18] [INFO]     |  local epoch  : 0, acc 0.096
[2023-12-28 22:57:18] [INFO]     |  local epoch  : 1, acc 0.096
[2023-12-28 22:57:18] [INFO]     |  local epoch  : 2, acc 0.096
[2023-12-28 22:57:18] [INFO]     |  local epoch  : 3, acc 0.096
[2023-12-28 22:57:18] [INFO]     |  local epoch  : 4, acc 0.096
[2023-12-28 22:57:18] [INFO]    -client 7
[2023-12-28 22:57:18] [INFO]     |  local epoch  : 0, acc 0.096
[2023-12-28 22:57:18] [INFO]     |  local epoch  : 1, acc 0.096
[2023-12-28 22:57:18] [INFO]     |  local epoch  : 2, acc 0.096
[2023-12-28 22:57:18] [INFO]     |  local epoch  : 3, acc 0.096
[2023-12-28 22:57:18] [INFO]     |  local epoch  : 4, acc 0.096
[2023-12-28 22:57:18] [INFO]    -client 8
[2023-12-28 22:57:18] [INFO]     |  local epoch  : 0, acc 0.096
[2023-12-28 22:57:18] [INFO]     |  local epoch  : 1, acc 0.096
[2023-12-28 22:57:18] [INFO]     |  local epoch  : 2, acc 0.096
[2023-12-28 22:57:18] [INFO]     |  local epoch  : 3, acc 0.096
[2023-12-28 22:57:18] [INFO]     |  local epoch  : 4, acc 0.096
[2023-12-28 22:57:19] [INFO] |servers comunicated: 0, server aggregated: 0, acc_server 2: 0.096.
[2023-12-28 22:57:19] [INFO] --------------------------------------------------
[2023-12-28 22:57:19] [INFO]  |epoch_client_commu: 1/10
[2023-12-28 22:57:19] [INFO]   |server: 0
[2023-12-28 22:57:19] [INFO]    -client 0
[2023-12-28 22:57:19] [INFO]     |  local epoch  : 0, acc 0.089
[2023-12-28 22:57:19] [INFO]     |  local epoch  : 1, acc 0.089
[2023-12-28 22:57:19] [INFO]     |  local epoch  : 2, acc 0.089
[2023-12-28 22:57:19] [INFO]     |  local epoch  : 3, acc 0.089
[2023-12-28 22:57:19] [INFO]     |  local epoch  : 4, acc 0.089
[2023-12-28 22:57:19] [INFO]    -client 1
[2023-12-28 22:57:19] [INFO]     |  local epoch  : 0, acc 0.089
[2023-12-28 22:57:19] [INFO]     |  local epoch  : 1, acc 0.089
[2023-12-28 22:57:19] [INFO]     |  local epoch  : 2, acc 0.089
[2023-12-28 22:57:19] [INFO]     |  local epoch  : 3, acc 0.089
[2023-12-28 22:57:19] [INFO]     |  local epoch  : 4, acc 0.089
[2023-12-28 22:57:19] [INFO]    -client 2
[2023-12-28 22:57:19] [INFO]     |  local epoch  : 0, acc 0.089
[2023-12-28 22:57:19] [INFO]     |  local epoch  : 1, acc 0.089
[2023-12-28 22:57:19] [INFO]     |  local epoch  : 2, acc 0.089
[2023-12-28 22:57:19] [INFO]     |  local epoch  : 3, acc 0.089
[2023-12-28 22:57:19] [INFO]     |  local epoch  : 4, acc 0.089
[2023-12-28 22:57:20] [INFO] |servers comunicated: 0, server aggregated: 1, acc_server 0: 0.089.
[2023-12-28 22:57:20] [INFO] --------------------------------------------------
[2023-12-28 22:57:20] [INFO]   |server: 1
[2023-12-28 22:57:20] [INFO]    -client 3
[2023-12-28 22:57:20] [INFO]     |  local epoch  : 0, acc 0.098
[2023-12-28 22:57:20] [INFO]     |  local epoch  : 1, acc 0.098
[2023-12-28 22:57:20] [INFO]     |  local epoch  : 2, acc 0.098
[2023-12-28 22:57:20] [INFO]     |  local epoch  : 3, acc 0.098
[2023-12-28 22:57:20] [INFO]     |  local epoch  : 4, acc 0.104
[2023-12-28 22:57:20] [INFO]    -client 4
[2023-12-28 22:57:20] [INFO]     |  local epoch  : 0, acc 0.098
[2023-12-28 22:57:20] [INFO]     |  local epoch  : 1, acc 0.098
[2023-12-28 22:57:20] [INFO]     |  local epoch  : 2, acc 0.098
[2023-12-28 22:57:20] [INFO]     |  local epoch  : 3, acc 0.098
[2023-12-28 22:57:20] [INFO]     |  local epoch  : 4, acc 0.168
[2023-12-28 22:57:20] [INFO]    -client 5
[2023-12-28 22:57:20] [INFO]     |  local epoch  : 0, acc 0.098
[2023-12-28 22:57:20] [INFO]     |  local epoch  : 1, acc 0.098
[2023-12-28 22:57:20] [INFO]     |  local epoch  : 2, acc 0.098
[2023-12-28 22:57:20] [INFO]     |  local epoch  : 3, acc 0.098
[2023-12-28 22:57:20] [INFO]     |  local epoch  : 4, acc 0.101
