[2023-12-28 19:40:30] [INFO] device cuda is used.
[2023-12-28 19:40:30] [INFO] cudnn is actived.
[2023-12-28 19:40:30] [INFO] 
           alpha       :  0.5  
             T         :   8   
         algorithm     :   0   
     num_server_commu  :  10   
     num_client_commu  :  10   
     num_client_train  :   5   
     num_public_train  :   5   
        batch_size     :  128  
          dataset      : mnist 
       model_select    :   1   
      num_all_client   :   9   
      num_all_server   :   3   
      num_client_data  : 1000  
      num_public_data  :  50   
        proportion     :  0.8  

[2023-12-28 19:40:37] [INFO] --------------------------------------------------
[2023-12-28 19:40:37] [INFO] |epoch_server_commu: 0/10
[2023-12-28 19:40:37] [INFO]  |epoch_client_commu: 0/10
[2023-12-28 19:40:37] [INFO]   |server: 0
[2023-12-28 19:40:37] [INFO]    -client 0
[2023-12-28 19:40:38] [INFO]     |  local epoch  : 0, acc 0.101
[2023-12-28 19:40:38] [INFO]     |  local epoch  : 1, acc 0.101
[2023-12-28 19:40:38] [INFO]     |  local epoch  : 2, acc 0.101
[2023-12-28 19:40:38] [INFO]     |  local epoch  : 3, acc 0.101
[2023-12-28 19:40:38] [INFO]     |  local epoch  : 4, acc 0.101
[2023-12-28 19:40:38] [INFO]    -client 1
[2023-12-28 19:40:38] [INFO]     |  local epoch  : 0, acc 0.101
[2023-12-28 19:40:38] [INFO]     |  local epoch  : 1, acc 0.101
[2023-12-28 19:40:38] [INFO]     |  local epoch  : 2, acc 0.101
[2023-12-28 19:40:38] [INFO]     |  local epoch  : 3, acc 0.101
[2023-12-28 19:40:38] [INFO]     |  local epoch  : 4, acc 0.101
[2023-12-28 19:40:38] [INFO]    -client 2
[2023-12-28 19:40:38] [INFO]     |  local epoch  : 0, acc 0.101
[2023-12-28 19:40:38] [INFO]     |  local epoch  : 1, acc 0.101
[2023-12-28 19:40:38] [INFO]     |  local epoch  : 2, acc 0.101
[2023-12-28 19:40:38] [INFO]     |  local epoch  : 3, acc 0.101
[2023-12-28 19:40:38] [INFO]     |  local epoch  : 4, acc 0.101
[2023-12-28 19:40:38] [INFO] |servers comunicated: 0, server aggregated: 0, acc_server 0: 0.101.
[2023-12-28 19:40:38] [INFO] --------------------------------------------------
[2023-12-28 19:40:38] [INFO]   |server: 1
[2023-12-28 19:40:38] [INFO]    -client 3
[2023-12-28 19:40:38] [INFO]     |  local epoch  : 0, acc 0.098
[2023-12-28 19:40:38] [INFO]     |  local epoch  : 1, acc 0.098
[2023-12-28 19:40:39] [INFO]     |  local epoch  : 2, acc 0.098
[2023-12-28 19:40:39] [INFO]     |  local epoch  : 3, acc 0.098
[2023-12-28 19:40:39] [INFO]     |  local epoch  : 4, acc 0.098
[2023-12-28 19:40:39] [INFO]    -client 4
[2023-12-28 19:40:39] [INFO]     |  local epoch  : 0, acc 0.098
[2023-12-28 19:40:39] [INFO]     |  local epoch  : 1, acc 0.098
[2023-12-28 19:40:39] [INFO]     |  local epoch  : 2, acc 0.098
[2023-12-28 19:40:39] [INFO]     |  local epoch  : 3, acc 0.098
[2023-12-28 19:40:39] [INFO]     |  local epoch  : 4, acc 0.098
[2023-12-28 19:40:39] [INFO]    -client 5
[2023-12-28 19:40:39] [INFO]     |  local epoch  : 0, acc 0.098
[2023-12-28 19:40:39] [INFO]     |  local epoch  : 1, acc 0.098
[2023-12-28 19:40:39] [INFO]     |  local epoch  : 2, acc 0.098
[2023-12-28 19:40:39] [INFO]     |  local epoch  : 3, acc 0.098
[2023-12-28 19:40:39] [INFO]     |  local epoch  : 4, acc 0.098
[2023-12-28 19:40:39] [INFO] |servers comunicated: 0, server aggregated: 0, acc_server 1: 0.098.
[2023-12-28 19:40:39] [INFO] --------------------------------------------------
[2023-12-28 19:40:39] [INFO]   |server: 2
[2023-12-28 19:40:39] [INFO]    -client 6
[2023-12-28 19:40:39] [INFO]     |  local epoch  : 0, acc 0.114
[2023-12-28 19:40:39] [INFO]     |  local epoch  : 1, acc 0.114
[2023-12-28 19:40:39] [INFO]     |  local epoch  : 2, acc 0.114
[2023-12-28 19:40:39] [INFO]     |  local epoch  : 3, acc 0.114
[2023-12-28 19:40:39] [INFO]     |  local epoch  : 4, acc 0.114
[2023-12-28 19:40:39] [INFO]    -client 7
[2023-12-28 19:40:40] [INFO]     |  local epoch  : 0, acc 0.114
[2023-12-28 19:40:40] [INFO]     |  local epoch  : 1, acc 0.114
[2023-12-28 19:40:40] [INFO]     |  local epoch  : 2, acc 0.114
[2023-12-28 19:40:40] [INFO]     |  local epoch  : 3, acc 0.114
[2023-12-28 19:40:40] [INFO]     |  local epoch  : 4, acc 0.114
[2023-12-28 19:40:40] [INFO]    -client 8
[2023-12-28 19:40:40] [INFO]     |  local epoch  : 0, acc 0.114
[2023-12-28 19:40:40] [INFO]     |  local epoch  : 1, acc 0.114
[2023-12-28 19:40:40] [INFO]     |  local epoch  : 2, acc 0.114
[2023-12-28 19:40:40] [INFO]     |  local epoch  : 3, acc 0.114
[2023-12-28 19:40:40] [INFO]     |  local epoch  : 4, acc 0.114
[2023-12-28 19:40:40] [INFO] |servers comunicated: 0, server aggregated: 0, acc_server 2: 0.114.
[2023-12-28 19:40:40] [INFO] --------------------------------------------------
[2023-12-28 19:40:40] [INFO]  |epoch_client_commu: 1/10
[2023-12-28 19:40:40] [INFO]   |server: 0
[2023-12-28 19:40:40] [INFO]    -client 0
[2023-12-28 19:40:40] [INFO]     |  local epoch  : 0, acc 0.101
[2023-12-28 19:40:40] [INFO]     |  local epoch  : 1, acc 0.101
[2023-12-28 19:40:40] [INFO]     |  local epoch  : 2, acc 0.101
[2023-12-28 19:40:40] [INFO]     |  local epoch  : 3, acc 0.101
[2023-12-28 19:40:40] [INFO]     |  local epoch  : 4, acc 0.101
[2023-12-28 19:40:40] [INFO]    -client 1
[2023-12-28 19:40:40] [INFO]     |  local epoch  : 0, acc 0.101
[2023-12-28 19:40:40] [INFO]     |  local epoch  : 1, acc 0.101
[2023-12-28 19:40:40] [INFO]     |  local epoch  : 2, acc 0.101
[2023-12-28 19:40:41] [INFO]     |  local epoch  : 3, acc 0.101
[2023-12-28 19:40:41] [INFO]     |  local epoch  : 4, acc 0.104
[2023-12-28 19:40:41] [INFO]    -client 2
[2023-12-28 19:40:41] [INFO]     |  local epoch  : 0, acc 0.101
[2023-12-28 19:40:41] [INFO]     |  local epoch  : 1, acc 0.101
[2023-12-28 19:40:41] [INFO]     |  local epoch  : 2, acc 0.101
[2023-12-28 19:40:41] [INFO]     |  local epoch  : 3, acc 0.101
[2023-12-28 19:40:41] [INFO]     |  local epoch  : 4, acc 0.101
[2023-12-28 19:40:41] [INFO] |servers comunicated: 0, server aggregated: 1, acc_server 0: 0.101.
[2023-12-28 19:40:41] [INFO] --------------------------------------------------
[2023-12-28 19:40:41] [INFO]   |server: 1
[2023-12-28 19:40:41] [INFO]    -client 3
[2023-12-28 19:40:41] [INFO]     |  local epoch  : 0, acc 0.098
[2023-12-28 19:40:41] [INFO]     |  local epoch  : 1, acc 0.098
[2023-12-28 19:40:41] [INFO]     |  local epoch  : 2, acc 0.098
[2023-12-28 19:40:41] [INFO]     |  local epoch  : 3, acc 0.098
[2023-12-28 19:40:41] [INFO]     |  local epoch  : 4, acc 0.098
[2023-12-28 19:40:41] [INFO]    -client 4
[2023-12-28 19:40:41] [INFO]     |  local epoch  : 0, acc 0.098
[2023-12-28 19:40:41] [INFO]     |  local epoch  : 1, acc 0.098
[2023-12-28 19:40:41] [INFO]     |  local epoch  : 2, acc 0.098
[2023-12-28 19:40:41] [INFO]     |  local epoch  : 3, acc 0.098
[2023-12-28 19:40:42] [INFO]     |  local epoch  : 4, acc 0.098
[2023-12-28 19:40:42] [INFO]    -client 5
[2023-12-28 19:40:42] [INFO]     |  local epoch  : 0, acc 0.098
[2023-12-28 19:40:42] [INFO]     |  local epoch  : 1, acc 0.098
[2023-12-28 19:40:42] [INFO]     |  local epoch  : 2, acc 0.098
[2023-12-28 19:40:42] [INFO]     |  local epoch  : 3, acc 0.100
[2023-12-28 19:40:42] [INFO]     |  local epoch  : 4, acc 0.130
[2023-12-28 19:40:42] [INFO] |servers comunicated: 0, server aggregated: 1, acc_server 1: 0.101.
[2023-12-28 19:40:42] [INFO] --------------------------------------------------
[2023-12-28 19:40:42] [INFO]   |server: 2
[2023-12-28 19:40:42] [INFO]    -client 6
[2023-12-28 19:40:42] [INFO]     |  local epoch  : 0, acc 0.114
[2023-12-28 19:40:42] [INFO]     |  local epoch  : 1, acc 0.114
[2023-12-28 19:40:42] [INFO]     |  local epoch  : 2, acc 0.138
[2023-12-28 19:40:42] [INFO]     |  local epoch  : 3, acc 0.222
[2023-12-28 19:40:42] [INFO]     |  local epoch  : 4, acc 0.245
[2023-12-28 19:40:42] [INFO]    -client 7
[2023-12-28 19:40:42] [INFO]     |  local epoch  : 0, acc 0.114
[2023-12-28 19:40:42] [INFO]     |  local epoch  : 1, acc 0.114
[2023-12-28 19:40:42] [INFO]     |  local epoch  : 2, acc 0.128
[2023-12-28 19:40:42] [INFO]     |  local epoch  : 3, acc 0.140
[2023-12-28 19:40:42] [INFO]     |  local epoch  : 4, acc 0.222
[2023-12-28 19:40:42] [INFO]    -client 8
[2023-12-28 19:40:42] [INFO]     |  local epoch  : 0, acc 0.114
[2023-12-28 19:40:42] [INFO]     |  local epoch  : 1, acc 0.114
[2023-12-28 19:40:43] [INFO]     |  local epoch  : 2, acc 0.130
[2023-12-28 19:40:43] [INFO]     |  local epoch  : 3, acc 0.175
[2023-12-28 19:40:43] [INFO]     |  local epoch  : 4, acc 0.211
[2023-12-28 19:40:43] [INFO] |servers comunicated: 0, server aggregated: 1, acc_server 2: 0.275.
[2023-12-28 19:40:43] [INFO] --------------------------------------------------
[2023-12-28 19:40:43] [INFO]  |epoch_client_commu: 2/10
[2023-12-28 19:40:43] [INFO]   |server: 0
[2023-12-28 19:40:43] [INFO]    -client 0
[2023-12-28 19:40:43] [INFO]     |  local epoch  : 0, acc 0.111
[2023-12-28 19:40:43] [INFO]     |  local epoch  : 1, acc 0.148
[2023-12-28 19:40:43] [INFO]     |  local epoch  : 2, acc 0.244
[2023-12-28 19:40:43] [INFO]     |  local epoch  : 3, acc 0.266
[2023-12-28 19:40:43] [INFO]     |  local epoch  : 4, acc 0.264
[2023-12-28 19:40:43] [INFO]    -client 1
[2023-12-28 19:40:43] [INFO]     |  local epoch  : 0, acc 0.127
[2023-12-28 19:40:43] [INFO]     |  local epoch  : 1, acc 0.207
[2023-12-28 19:40:43] [INFO]     |  local epoch  : 2, acc 0.245
[2023-12-28 19:40:43] [INFO]     |  local epoch  : 3, acc 0.288
[2023-12-28 19:40:43] [INFO]     |  local epoch  : 4, acc 0.307
[2023-12-28 19:40:43] [INFO]    -client 2
[2023-12-28 19:40:43] [INFO]     |  local epoch  : 0, acc 0.106
[2023-12-28 19:40:43] [INFO]     |  local epoch  : 1, acc 0.146
[2023-12-28 19:40:43] [INFO]     |  local epoch  : 2, acc 0.212
[2023-12-28 19:40:43] [INFO]     |  local epoch  : 3, acc 0.278
[2023-12-28 19:40:43] [INFO]     |  local epoch  : 4, acc 0.303
[2023-12-28 19:40:44] [INFO] |servers comunicated: 0, server aggregated: 2, acc_server 0: 0.296.
[2023-12-28 19:40:44] [INFO] --------------------------------------------------
[2023-12-28 19:40:44] [INFO]   |server: 1
[2023-12-28 19:40:44] [INFO]    -client 3
[2023-12-28 19:40:44] [INFO]     |  local epoch  : 0, acc 0.157
[2023-12-28 19:40:44] [INFO]     |  local epoch  : 1, acc 0.239
[2023-12-28 19:40:44] [INFO]     |  local epoch  : 2, acc 0.306
[2023-12-28 19:40:44] [INFO]     |  local epoch  : 3, acc 0.462
[2023-12-28 19:40:44] [INFO]     |  local epoch  : 4, acc 0.464
[2023-12-28 19:40:44] [INFO]    -client 4
[2023-12-28 19:40:44] [INFO]     |  local epoch  : 0, acc 0.135
[2023-12-28 19:40:44] [INFO]     |  local epoch  : 1, acc 0.198
[2023-12-28 19:40:44] [INFO]     |  local epoch  : 2, acc 0.328
[2023-12-28 19:40:44] [INFO]     |  local epoch  : 3, acc 0.351
[2023-12-28 19:40:44] [INFO]     |  local epoch  : 4, acc 0.470
[2023-12-28 19:40:44] [INFO]    -client 5
[2023-12-28 19:40:44] [INFO]     |  local epoch  : 0, acc 0.153
[2023-12-28 19:40:44] [INFO]     |  local epoch  : 1, acc 0.294
[2023-12-28 19:40:44] [INFO]     |  local epoch  : 2, acc 0.330
[2023-12-28 19:40:44] [INFO]     |  local epoch  : 3, acc 0.455
[2023-12-28 19:40:44] [INFO]     |  local epoch  : 4, acc 0.536
[2023-12-28 19:40:44] [INFO] |servers comunicated: 0, server aggregated: 2, acc_server 1: 0.503.
[2023-12-28 19:40:44] [INFO] --------------------------------------------------
[2023-12-28 19:40:44] [INFO]   |server: 2
[2023-12-28 19:40:44] [INFO]    -client 6
[2023-12-28 19:40:44] [INFO]     |  local epoch  : 0, acc 0.286
[2023-12-28 19:40:45] [INFO]     |  local epoch  : 1, acc 0.345
[2023-12-28 19:40:45] [INFO]     |  local epoch  : 2, acc 0.348
[2023-12-28 19:40:45] [INFO]     |  local epoch  : 3, acc 0.367
[2023-12-28 19:40:45] [INFO]     |  local epoch  : 4, acc 0.443
[2023-12-28 19:40:45] [INFO]    -client 7
[2023-12-28 19:40:45] [INFO]     |  local epoch  : 0, acc 0.280
[2023-12-28 19:40:45] [INFO]     |  local epoch  : 1, acc 0.286
[2023-12-28 19:40:45] [INFO]     |  local epoch  : 2, acc 0.336
[2023-12-28 19:40:45] [INFO]     |  local epoch  : 3, acc 0.412
[2023-12-28 19:40:45] [INFO]     |  local epoch  : 4, acc 0.399
[2023-12-28 19:40:45] [INFO]    -client 8
[2023-12-28 19:40:45] [INFO]     |  local epoch  : 0, acc 0.253
[2023-12-28 19:40:45] [INFO]     |  local epoch  : 1, acc 0.341
[2023-12-28 19:40:45] [INFO]     |  local epoch  : 2, acc 0.378
[2023-12-28 19:40:45] [INFO]     |  local epoch  : 3, acc 0.450
[2023-12-28 19:40:45] [INFO]     |  local epoch  : 4, acc 0.444
[2023-12-28 19:40:45] [INFO] |servers comunicated: 0, server aggregated: 2, acc_server 2: 0.506.
[2023-12-28 19:40:45] [INFO] --------------------------------------------------
[2023-12-28 19:40:45] [INFO]  |epoch_client_commu: 3/10
[2023-12-28 19:40:45] [INFO]   |server: 0
[2023-12-28 19:40:45] [INFO]    -client 0
[2023-12-28 19:40:45] [INFO]     |  local epoch  : 0, acc 0.341
[2023-12-28 19:40:45] [INFO]     |  local epoch  : 1, acc 0.408
[2023-12-28 19:40:45] [INFO]     |  local epoch  : 2, acc 0.474
[2023-12-28 19:40:45] [INFO]     |  local epoch  : 3, acc 0.490
[2023-12-28 19:40:46] [INFO]     |  local epoch  : 4, acc 0.518
[2023-12-28 19:40:46] [INFO]    -client 1
[2023-12-28 19:40:46] [INFO]     |  local epoch  : 0, acc 0.312
[2023-12-28 19:40:46] [INFO]     |  local epoch  : 1, acc 0.324
[2023-12-28 19:40:46] [INFO]     |  local epoch  : 2, acc 0.338
[2023-12-28 19:40:46] [INFO]     |  local epoch  : 3, acc 0.461
[2023-12-28 19:40:46] [INFO]     |  local epoch  : 4, acc 0.483
[2023-12-28 19:40:46] [INFO]    -client 2
[2023-12-28 19:40:46] [INFO]     |  local epoch  : 0, acc 0.255
[2023-12-28 19:40:46] [INFO]     |  local epoch  : 1, acc 0.334
[2023-12-28 19:40:46] [INFO]     |  local epoch  : 2, acc 0.370
[2023-12-28 19:40:46] [INFO]     |  local epoch  : 3, acc 0.448
[2023-12-28 19:40:46] [INFO]     |  local epoch  : 4, acc 0.521
[2023-12-28 19:40:46] [INFO] |servers comunicated: 0, server aggregated: 3, acc_server 0: 0.528.
[2023-12-28 19:40:46] [INFO] --------------------------------------------------
[2023-12-28 19:40:46] [INFO]   |server: 1
[2023-12-28 19:40:46] [INFO]    -client 3
[2023-12-28 19:40:46] [INFO]     |  local epoch  : 0, acc 0.555
[2023-12-28 19:40:46] [INFO]     |  local epoch  : 1, acc 0.572
[2023-12-28 19:40:46] [INFO]     |  local epoch  : 2, acc 0.613
[2023-12-28 19:40:46] [INFO]     |  local epoch  : 3, acc 0.630
[2023-12-28 19:40:46] [INFO]     |  local epoch  : 4, acc 0.631
[2023-12-28 19:40:46] [INFO]    -client 4
[2023-12-28 19:40:46] [INFO]     |  local epoch  : 0, acc 0.525
[2023-12-28 19:40:46] [INFO]     |  local epoch  : 1, acc 0.588
[2023-12-28 19:40:47] [INFO]     |  local epoch  : 2, acc 0.601
[2023-12-28 19:40:47] [INFO]     |  local epoch  : 3, acc 0.595
[2023-12-28 19:40:47] [INFO]     |  local epoch  : 4, acc 0.605
[2023-12-28 19:40:47] [INFO]    -client 5
[2023-12-28 19:40:47] [INFO]     |  local epoch  : 0, acc 0.542
[2023-12-28 19:40:47] [INFO]     |  local epoch  : 1, acc 0.563
[2023-12-28 19:40:47] [INFO]     |  local epoch  : 2, acc 0.627
[2023-12-28 19:40:47] [INFO]     |  local epoch  : 3, acc 0.659
[2023-12-28 19:40:47] [INFO]     |  local epoch  : 4, acc 0.696
[2023-12-28 19:40:47] [INFO] |servers comunicated: 0, server aggregated: 3, acc_server 1: 0.671.
[2023-12-28 19:40:47] [INFO] --------------------------------------------------
[2023-12-28 19:40:47] [INFO]   |server: 2
[2023-12-28 19:40:47] [INFO]    -client 6
[2023-12-28 19:40:47] [INFO]     |  local epoch  : 0, acc 0.531
[2023-12-28 19:40:47] [INFO]     |  local epoch  : 1, acc 0.549
[2023-12-28 19:40:47] [INFO]     |  local epoch  : 2, acc 0.591
[2023-12-28 19:40:47] [INFO]     |  local epoch  : 3, acc 0.633
[2023-12-28 19:40:47] [INFO]     |  local epoch  : 4, acc 0.630
[2023-12-28 19:40:47] [INFO]    -client 7
[2023-12-28 19:40:47] [INFO]     |  local epoch  : 0, acc 0.493
[2023-12-28 19:40:47] [INFO]     |  local epoch  : 1, acc 0.543
[2023-12-28 19:40:47] [INFO]     |  local epoch  : 2, acc 0.564
[2023-12-28 19:40:47] [INFO]     |  local epoch  : 3, acc 0.619
[2023-12-28 19:40:48] [INFO]     |  local epoch  : 4, acc 0.660
[2023-12-28 19:40:48] [INFO]    -client 8
[2023-12-28 19:40:48] [INFO]     |  local epoch  : 0, acc 0.480
[2023-12-28 19:40:48] [INFO]     |  local epoch  : 1, acc 0.543
[2023-12-28 19:40:48] [INFO]     |  local epoch  : 2, acc 0.561
[2023-12-28 19:40:48] [INFO]     |  local epoch  : 3, acc 0.574
[2023-12-28 19:40:48] [INFO]     |  local epoch  : 4, acc 0.619
[2023-12-28 19:40:48] [INFO] |servers comunicated: 0, server aggregated: 3, acc_server 2: 0.678.
[2023-12-28 19:40:48] [INFO] --------------------------------------------------
[2023-12-28 19:40:48] [INFO]  |epoch_client_commu: 4/10
[2023-12-28 19:40:48] [INFO]   |server: 0
[2023-12-28 19:40:48] [INFO]    -client 0
[2023-12-28 19:40:48] [INFO]     |  local epoch  : 0, acc 0.605
[2023-12-28 19:40:48] [INFO]     |  local epoch  : 1, acc 0.654
[2023-12-28 19:40:48] [INFO]     |  local epoch  : 2, acc 0.666
[2023-12-28 19:40:48] [INFO]     |  local epoch  : 3, acc 0.684
[2023-12-28 19:40:48] [INFO]     |  local epoch  : 4, acc 0.721
[2023-12-28 19:40:48] [INFO]    -client 1
[2023-12-28 19:40:48] [INFO]     |  local epoch  : 0, acc 0.606
[2023-12-28 19:40:48] [INFO]     |  local epoch  : 1, acc 0.661
[2023-12-28 19:40:48] [INFO]     |  local epoch  : 2, acc 0.676
[2023-12-28 19:40:48] [INFO]     |  local epoch  : 3, acc 0.607
[2023-12-28 19:40:48] [INFO]     |  local epoch  : 4, acc 0.655
[2023-12-28 19:40:48] [INFO]    -client 2
[2023-12-28 19:40:48] [INFO]     |  local epoch  : 0, acc 0.505
[2023-12-28 19:40:48] [INFO]     |  local epoch  : 1, acc 0.619
[2023-12-28 19:40:49] [INFO]     |  local epoch  : 2, acc 0.653
[2023-12-28 19:40:49] [INFO]     |  local epoch  : 3, acc 0.668
[2023-12-28 19:40:49] [INFO]     |  local epoch  : 4, acc 0.691
[2023-12-28 19:40:49] [INFO] |servers comunicated: 0, server aggregated: 4, acc_server 0: 0.713.
[2023-12-28 19:40:49] [INFO] --------------------------------------------------
[2023-12-28 19:40:49] [INFO]   |server: 1
[2023-12-28 19:40:49] [INFO]    -client 3
[2023-12-28 19:40:49] [INFO]     |  local epoch  : 0, acc 0.649
[2023-12-28 19:40:49] [INFO]     |  local epoch  : 1, acc 0.645
[2023-12-28 19:40:49] [INFO]     |  local epoch  : 2, acc 0.683
[2023-12-28 19:40:49] [INFO]     |  local epoch  : 3, acc 0.625
[2023-12-28 19:40:49] [INFO]     |  local epoch  : 4, acc 0.688
[2023-12-28 19:40:49] [INFO]    -client 4
[2023-12-28 19:40:49] [INFO]     |  local epoch  : 0, acc 0.684
[2023-12-28 19:40:49] [INFO]     |  local epoch  : 1, acc 0.689
[2023-12-28 19:40:49] [INFO]     |  local epoch  : 2, acc 0.689
[2023-12-28 19:40:49] [INFO]     |  local epoch  : 3, acc 0.706
[2023-12-28 19:40:49] [INFO]     |  local epoch  : 4, acc 0.698
[2023-12-28 19:40:49] [INFO]    -client 5
[2023-12-28 19:40:49] [INFO]     |  local epoch  : 0, acc 0.628
[2023-12-28 19:40:49] [INFO]     |  local epoch  : 1, acc 0.637
[2023-12-28 19:40:49] [INFO]     |  local epoch  : 2, acc 0.701
[2023-12-28 19:40:49] [INFO]     |  local epoch  : 3, acc 0.734
[2023-12-28 19:40:49] [INFO]     |  local epoch  : 4, acc 0.691
[2023-12-28 19:40:50] [INFO] |servers comunicated: 0, server aggregated: 4, acc_server 1: 0.709.
[2023-12-28 19:40:50] [INFO] --------------------------------------------------
[2023-12-28 19:40:50] [INFO]   |server: 2
[2023-12-28 19:40:50] [INFO]    -client 6
[2023-12-28 19:40:50] [INFO]     |  local epoch  : 0, acc 0.675
[2023-12-28 19:40:50] [INFO]     |  local epoch  : 1, acc 0.709
[2023-12-28 19:40:50] [INFO]     |  local epoch  : 2, acc 0.704
[2023-12-28 19:40:50] [INFO]     |  local epoch  : 3, acc 0.701
[2023-12-28 19:40:50] [INFO]     |  local epoch  : 4, acc 0.704
[2023-12-28 19:40:50] [INFO]    -client 7
[2023-12-28 19:40:50] [INFO]     |  local epoch  : 0, acc 0.655
[2023-12-28 19:40:50] [INFO]     |  local epoch  : 1, acc 0.699
[2023-12-28 19:40:50] [INFO]     |  local epoch  : 2, acc 0.717
[2023-12-28 19:40:50] [INFO]     |  local epoch  : 3, acc 0.711
[2023-12-28 19:40:50] [INFO]     |  local epoch  : 4, acc 0.733
[2023-12-28 19:40:50] [INFO]    -client 8
[2023-12-28 19:40:50] [INFO]     |  local epoch  : 0, acc 0.639
[2023-12-28 19:40:50] [INFO]     |  local epoch  : 1, acc 0.641
[2023-12-28 19:40:50] [INFO]     |  local epoch  : 2, acc 0.707
[2023-12-28 19:40:50] [INFO]     |  local epoch  : 3, acc 0.705
[2023-12-28 19:40:50] [INFO]     |  local epoch  : 4, acc 0.679
[2023-12-28 19:40:50] [INFO] |servers comunicated: 0, server aggregated: 4, acc_server 2: 0.735.
[2023-12-28 19:40:50] [INFO] --------------------------------------------------
[2023-12-28 19:40:50] [INFO]  |epoch_client_commu: 5/10
[2023-12-28 19:40:50] [INFO]   |server: 0
[2023-12-28 19:40:50] [INFO]    -client 0
[2023-12-28 19:40:50] [INFO]     |  local epoch  : 0, acc 0.731
[2023-12-28 19:40:50] [INFO]     |  local epoch  : 1, acc 0.728
[2023-12-28 19:40:51] [INFO]     |  local epoch  : 2, acc 0.731
[2023-12-28 19:40:51] [INFO]     |  local epoch  : 3, acc 0.706
[2023-12-28 19:40:51] [INFO]     |  local epoch  : 4, acc 0.701
[2023-12-28 19:40:51] [INFO]    -client 1
[2023-12-28 19:40:51] [INFO]     |  local epoch  : 0, acc 0.684
[2023-12-28 19:40:51] [INFO]     |  local epoch  : 1, acc 0.707
[2023-12-28 19:40:51] [INFO]     |  local epoch  : 2, acc 0.685
[2023-12-28 19:40:51] [INFO]     |  local epoch  : 3, acc 0.720
[2023-12-28 19:40:51] [INFO]     |  local epoch  : 4, acc 0.733
[2023-12-28 19:40:51] [INFO]    -client 2
[2023-12-28 19:40:51] [INFO]     |  local epoch  : 0, acc 0.687
[2023-12-28 19:40:51] [INFO]     |  local epoch  : 1, acc 0.701
[2023-12-28 19:40:51] [INFO]     |  local epoch  : 2, acc 0.718
[2023-12-28 19:40:51] [INFO]     |  local epoch  : 3, acc 0.745
[2023-12-28 19:40:51] [INFO]     |  local epoch  : 4, acc 0.701
[2023-12-28 19:40:51] [INFO] |servers comunicated: 0, server aggregated: 5, acc_server 0: 0.737.
[2023-12-28 19:40:51] [INFO] --------------------------------------------------
[2023-12-28 19:40:51] [INFO]   |server: 1
[2023-12-28 19:40:51] [INFO]    -client 3
[2023-12-28 19:40:51] [INFO]     |  local epoch  : 0, acc 0.758
[2023-12-28 19:40:51] [INFO]     |  local epoch  : 1, acc 0.662
[2023-12-28 19:40:51] [INFO]     |  local epoch  : 2, acc 0.695
[2023-12-28 19:40:51] [INFO]     |  local epoch  : 3, acc 0.636
[2023-12-28 19:40:52] [INFO]     |  local epoch  : 4, acc 0.761
[2023-12-28 19:40:52] [INFO]    -client 4
[2023-12-28 19:40:52] [INFO]     |  local epoch  : 0, acc 0.731
[2023-12-28 19:40:52] [INFO]     |  local epoch  : 1, acc 0.740
[2023-12-28 19:40:52] [INFO]     |  local epoch  : 2, acc 0.761
[2023-12-28 19:40:52] [INFO]     |  local epoch  : 3, acc 0.744
[2023-12-28 19:40:52] [INFO]     |  local epoch  : 4, acc 0.767
[2023-12-28 19:40:52] [INFO]    -client 5
[2023-12-28 19:40:52] [INFO]     |  local epoch  : 0, acc 0.690
[2023-12-28 19:40:52] [INFO]     |  local epoch  : 1, acc 0.702
[2023-12-28 19:40:52] [INFO]     |  local epoch  : 2, acc 0.727
[2023-12-28 19:40:52] [INFO]     |  local epoch  : 3, acc 0.762
[2023-12-28 19:40:52] [INFO]     |  local epoch  : 4, acc 0.776
[2023-12-28 19:40:52] [INFO] |servers comunicated: 0, server aggregated: 5, acc_server 1: 0.777.
[2023-12-28 19:40:52] [INFO] --------------------------------------------------
[2023-12-28 19:40:52] [INFO]   |server: 2
[2023-12-28 19:40:52] [INFO]    -client 6
[2023-12-28 19:40:52] [INFO]     |  local epoch  : 0, acc 0.709
[2023-12-28 19:40:52] [INFO]     |  local epoch  : 1, acc 0.745
[2023-12-28 19:40:52] [INFO]     |  local epoch  : 2, acc 0.746
[2023-12-28 19:40:52] [INFO]     |  local epoch  : 3, acc 0.731
[2023-12-28 19:40:52] [INFO]     |  local epoch  : 4, acc 0.732
[2023-12-28 19:40:52] [INFO]    -client 7
[2023-12-28 19:40:52] [INFO]     |  local epoch  : 0, acc 0.716
[2023-12-28 19:40:53] [INFO]     |  local epoch  : 1, acc 0.718
[2023-12-28 19:40:53] [INFO]     |  local epoch  : 2, acc 0.723
[2023-12-28 19:40:53] [INFO]     |  local epoch  : 3, acc 0.763
[2023-12-28 19:40:53] [INFO]     |  local epoch  : 4, acc 0.770
[2023-12-28 19:40:53] [INFO]    -client 8
[2023-12-28 19:40:53] [INFO]     |  local epoch  : 0, acc 0.719
[2023-12-28 19:40:53] [INFO]     |  local epoch  : 1, acc 0.752
[2023-12-28 19:40:53] [INFO]     |  local epoch  : 2, acc 0.749
[2023-12-28 19:40:53] [INFO]     |  local epoch  : 3, acc 0.761
[2023-12-28 19:40:53] [INFO]     |  local epoch  : 4, acc 0.747
[2023-12-28 19:40:53] [INFO] |servers comunicated: 0, server aggregated: 5, acc_server 2: 0.772.
[2023-12-28 19:40:53] [INFO] --------------------------------------------------
[2023-12-28 19:40:53] [INFO]  |epoch_client_commu: 6/10
[2023-12-28 19:40:53] [INFO]   |server: 0
[2023-12-28 19:40:53] [INFO]    -client 0
[2023-12-28 19:40:53] [INFO]     |  local epoch  : 0, acc 0.724
[2023-12-28 19:40:53] [INFO]     |  local epoch  : 1, acc 0.759
[2023-12-28 19:40:53] [INFO]     |  local epoch  : 2, acc 0.771
[2023-12-28 19:40:53] [INFO]     |  local epoch  : 3, acc 0.762
[2023-12-28 19:40:53] [INFO]     |  local epoch  : 4, acc 0.757
[2023-12-28 19:40:53] [INFO]    -client 1
[2023-12-28 19:40:53] [INFO]     |  local epoch  : 0, acc 0.677
[2023-12-28 19:40:53] [INFO]     |  local epoch  : 1, acc 0.661
[2023-12-28 19:40:53] [INFO]     |  local epoch  : 2, acc 0.727
[2023-12-28 19:40:54] [INFO]     |  local epoch  : 3, acc 0.750
[2023-12-28 19:40:54] [INFO]     |  local epoch  : 4, acc 0.720
[2023-12-28 19:40:54] [INFO]    -client 2
[2023-12-28 19:40:54] [INFO]     |  local epoch  : 0, acc 0.724
[2023-12-28 19:40:54] [INFO]     |  local epoch  : 1, acc 0.732
[2023-12-28 19:40:54] [INFO]     |  local epoch  : 2, acc 0.703
[2023-12-28 19:40:54] [INFO]     |  local epoch  : 3, acc 0.707
[2023-12-28 19:40:54] [INFO]     |  local epoch  : 4, acc 0.721
[2023-12-28 19:40:54] [INFO] |servers comunicated: 0, server aggregated: 6, acc_server 0: 0.762.
[2023-12-28 19:40:54] [INFO] --------------------------------------------------
[2023-12-28 19:40:54] [INFO]   |server: 1
[2023-12-28 19:40:54] [INFO]    -client 3
[2023-12-28 19:40:54] [INFO]     |  local epoch  : 0, acc 0.793
[2023-12-28 19:40:54] [INFO]     |  local epoch  : 1, acc 0.750
[2023-12-28 19:40:54] [INFO]     |  local epoch  : 2, acc 0.810
[2023-12-28 19:40:54] [INFO]     |  local epoch  : 3, acc 0.786
[2023-12-28 19:40:54] [INFO]     |  local epoch  : 4, acc 0.749
[2023-12-28 19:40:54] [INFO]    -client 4
[2023-12-28 19:40:54] [INFO]     |  local epoch  : 0, acc 0.749
[2023-12-28 19:40:54] [INFO]     |  local epoch  : 1, acc 0.786
[2023-12-28 19:40:54] [INFO]     |  local epoch  : 2, acc 0.741
[2023-12-28 19:40:54] [INFO]     |  local epoch  : 3, acc 0.765
[2023-12-28 19:40:54] [INFO]     |  local epoch  : 4, acc 0.763
[2023-12-28 19:40:54] [INFO]    -client 5
[2023-12-28 19:40:54] [INFO]     |  local epoch  : 0, acc 0.766
[2023-12-28 19:40:55] [INFO]     |  local epoch  : 1, acc 0.761
[2023-12-28 19:40:55] [INFO]     |  local epoch  : 2, acc 0.738
[2023-12-28 19:40:55] [INFO]     |  local epoch  : 3, acc 0.752
[2023-12-28 19:40:55] [INFO]     |  local epoch  : 4, acc 0.777
[2023-12-28 19:40:55] [INFO] |servers comunicated: 0, server aggregated: 6, acc_server 1: 0.777.
[2023-12-28 19:40:55] [INFO] --------------------------------------------------
[2023-12-28 19:40:55] [INFO]   |server: 2
[2023-12-28 19:40:55] [INFO]    -client 6
[2023-12-28 19:40:55] [INFO]     |  local epoch  : 0, acc 0.768
[2023-12-28 19:40:55] [INFO]     |  local epoch  : 1, acc 0.786
[2023-12-28 19:40:55] [INFO]     |  local epoch  : 2, acc 0.787
[2023-12-28 19:40:55] [INFO]     |  local epoch  : 3, acc 0.778
[2023-12-28 19:40:55] [INFO]     |  local epoch  : 4, acc 0.768
[2023-12-28 19:40:55] [INFO]    -client 7
[2023-12-28 19:40:55] [INFO]     |  local epoch  : 0, acc 0.780
[2023-12-28 19:40:55] [INFO]     |  local epoch  : 1, acc 0.780
[2023-12-28 19:40:55] [INFO]     |  local epoch  : 2, acc 0.789
[2023-12-28 19:40:55] [INFO]     |  local epoch  : 3, acc 0.771
[2023-12-28 19:40:55] [INFO]     |  local epoch  : 4, acc 0.783
[2023-12-28 19:40:55] [INFO]    -client 8
[2023-12-28 19:40:55] [INFO]     |  local epoch  : 0, acc 0.747
[2023-12-28 19:40:55] [INFO]     |  local epoch  : 1, acc 0.779
[2023-12-28 19:40:55] [INFO]     |  local epoch  : 2, acc 0.795
[2023-12-28 19:40:56] [INFO]     |  local epoch  : 3, acc 0.774
[2023-12-28 19:40:56] [INFO]     |  local epoch  : 4, acc 0.774
[2023-12-28 19:40:56] [INFO] |servers comunicated: 0, server aggregated: 6, acc_server 2: 0.795.
[2023-12-28 19:40:56] [INFO] --------------------------------------------------
[2023-12-28 19:40:56] [INFO]  |epoch_client_commu: 7/10
[2023-12-28 19:40:56] [INFO]   |server: 0
[2023-12-28 19:40:56] [INFO]    -client 0
[2023-12-28 19:40:56] [INFO]     |  local epoch  : 0, acc 0.750
[2023-12-28 19:40:56] [INFO]     |  local epoch  : 1, acc 0.741
[2023-12-28 19:40:56] [INFO]     |  local epoch  : 2, acc 0.684
[2023-12-28 19:40:56] [INFO]     |  local epoch  : 3, acc 0.682
[2023-12-28 19:40:56] [INFO]     |  local epoch  : 4, acc 0.731
[2023-12-28 19:40:56] [INFO]    -client 1
[2023-12-28 19:40:56] [INFO]     |  local epoch  : 0, acc 0.730
[2023-12-28 19:40:56] [INFO]     |  local epoch  : 1, acc 0.701
[2023-12-28 19:40:56] [INFO]     |  local epoch  : 2, acc 0.707
[2023-12-28 19:40:56] [INFO]     |  local epoch  : 3, acc 0.752
[2023-12-28 19:40:56] [INFO]     |  local epoch  : 4, acc 0.694
[2023-12-28 19:40:56] [INFO]    -client 2
[2023-12-28 19:40:56] [INFO]     |  local epoch  : 0, acc 0.698
[2023-12-28 19:40:56] [INFO]     |  local epoch  : 1, acc 0.730
[2023-12-28 19:40:56] [INFO]     |  local epoch  : 2, acc 0.758
[2023-12-28 19:40:56] [INFO]     |  local epoch  : 3, acc 0.734
[2023-12-28 19:40:56] [INFO]     |  local epoch  : 4, acc 0.785
[2023-12-28 19:40:56] [INFO] |servers comunicated: 0, server aggregated: 7, acc_server 0: 0.762.
[2023-12-28 19:40:56] [INFO] --------------------------------------------------
[2023-12-28 19:40:56] [INFO]   |server: 1
[2023-12-28 19:40:56] [INFO]    -client 3
[2023-12-28 19:40:57] [INFO]     |  local epoch  : 0, acc 0.735
[2023-12-28 19:40:57] [INFO]     |  local epoch  : 1, acc 0.759
[2023-12-28 19:40:57] [INFO]     |  local epoch  : 2, acc 0.755
[2023-12-28 19:40:57] [INFO]     |  local epoch  : 3, acc 0.775
[2023-12-28 19:40:57] [INFO]     |  local epoch  : 4, acc 0.761
[2023-12-28 19:40:57] [INFO]    -client 4
[2023-12-28 19:40:57] [INFO]     |  local epoch  : 0, acc 0.782
[2023-12-28 19:40:57] [INFO]     |  local epoch  : 1, acc 0.793
[2023-12-28 19:40:57] [INFO]     |  local epoch  : 2, acc 0.782
[2023-12-28 19:40:57] [INFO]     |  local epoch  : 3, acc 0.753
[2023-12-28 19:40:57] [INFO]     |  local epoch  : 4, acc 0.762
[2023-12-28 19:40:57] [INFO]    -client 5
[2023-12-28 19:40:57] [INFO]     |  local epoch  : 0, acc 0.767
[2023-12-28 19:40:57] [INFO]     |  local epoch  : 1, acc 0.795
[2023-12-28 19:40:57] [INFO]     |  local epoch  : 2, acc 0.751
[2023-12-28 19:40:57] [INFO]     |  local epoch  : 3, acc 0.771
[2023-12-28 19:40:57] [INFO]     |  local epoch  : 4, acc 0.794
[2023-12-28 19:40:57] [INFO] |servers comunicated: 0, server aggregated: 7, acc_server 1: 0.778.
[2023-12-28 19:40:57] [INFO] --------------------------------------------------
[2023-12-28 19:40:57] [INFO]   |server: 2
[2023-12-28 19:40:57] [INFO]    -client 6
[2023-12-28 19:40:57] [INFO]     |  local epoch  : 0, acc 0.790
[2023-12-28 19:40:57] [INFO]     |  local epoch  : 1, acc 0.793
[2023-12-28 19:40:57] [INFO]     |  local epoch  : 2, acc 0.792
[2023-12-28 19:40:58] [INFO]     |  local epoch  : 3, acc 0.826
[2023-12-28 19:40:58] [INFO]     |  local epoch  : 4, acc 0.816
[2023-12-28 19:40:58] [INFO]    -client 7
[2023-12-28 19:40:58] [INFO]     |  local epoch  : 0, acc 0.799
[2023-12-28 19:40:58] [INFO]     |  local epoch  : 1, acc 0.775
[2023-12-28 19:40:58] [INFO]     |  local epoch  : 2, acc 0.806
[2023-12-28 19:40:58] [INFO]     |  local epoch  : 3, acc 0.794
[2023-12-28 19:40:58] [INFO]     |  local epoch  : 4, acc 0.803
[2023-12-28 19:40:58] [INFO]    -client 8
[2023-12-28 19:40:58] [INFO]     |  local epoch  : 0, acc 0.781
[2023-12-28 19:40:58] [INFO]     |  local epoch  : 1, acc 0.812
[2023-12-28 19:40:58] [INFO]     |  local epoch  : 2, acc 0.799
[2023-12-28 19:40:58] [INFO]     |  local epoch  : 3, acc 0.786
[2023-12-28 19:40:58] [INFO]     |  local epoch  : 4, acc 0.795
[2023-12-28 19:40:58] [INFO] |servers comunicated: 0, server aggregated: 7, acc_server 2: 0.822.
[2023-12-28 19:40:58] [INFO] --------------------------------------------------
[2023-12-28 19:40:58] [INFO]  |epoch_client_commu: 8/10
[2023-12-28 19:40:58] [INFO]   |server: 0
[2023-12-28 19:40:58] [INFO]    -client 0
[2023-12-28 19:40:58] [INFO]     |  local epoch  : 0, acc 0.773
[2023-12-28 19:40:58] [INFO]     |  local epoch  : 1, acc 0.809
[2023-12-28 19:40:58] [INFO]     |  local epoch  : 2, acc 0.799
[2023-12-28 19:40:58] [INFO]     |  local epoch  : 3, acc 0.825
[2023-12-28 19:40:58] [INFO]     |  local epoch  : 4, acc 0.755
[2023-12-28 19:40:58] [INFO]    -client 1
[2023-12-28 19:40:59] [INFO]     |  local epoch  : 0, acc 0.778
[2023-12-28 19:40:59] [INFO]     |  local epoch  : 1, acc 0.773
[2023-12-28 19:40:59] [INFO]     |  local epoch  : 2, acc 0.798
[2023-12-28 19:40:59] [INFO]     |  local epoch  : 3, acc 0.791
[2023-12-28 19:40:59] [INFO]     |  local epoch  : 4, acc 0.817
[2023-12-28 19:40:59] [INFO]    -client 2
[2023-12-28 19:40:59] [INFO]     |  local epoch  : 0, acc 0.698
[2023-12-28 19:40:59] [INFO]     |  local epoch  : 1, acc 0.782
[2023-12-28 19:40:59] [INFO]     |  local epoch  : 2, acc 0.722
[2023-12-28 19:40:59] [INFO]     |  local epoch  : 3, acc 0.775
[2023-12-28 19:40:59] [INFO]     |  local epoch  : 4, acc 0.783
[2023-12-28 19:40:59] [INFO] |servers comunicated: 0, server aggregated: 8, acc_server 0: 0.818.
[2023-12-28 19:40:59] [INFO] --------------------------------------------------
[2023-12-28 19:40:59] [INFO]   |server: 1
[2023-12-28 19:40:59] [INFO]    -client 3
[2023-12-28 19:40:59] [INFO]     |  local epoch  : 0, acc 0.767
[2023-12-28 19:40:59] [INFO]     |  local epoch  : 1, acc 0.742
[2023-12-28 19:40:59] [INFO]     |  local epoch  : 2, acc 0.761
[2023-12-28 19:40:59] [INFO]     |  local epoch  : 3, acc 0.776
[2023-12-28 19:40:59] [INFO]     |  local epoch  : 4, acc 0.775
[2023-12-28 19:40:59] [INFO]    -client 4
[2023-12-28 19:40:59] [INFO]     |  local epoch  : 0, acc 0.778
[2023-12-28 19:40:59] [INFO]     |  local epoch  : 1, acc 0.790
[2023-12-28 19:40:59] [INFO]     |  local epoch  : 2, acc 0.759
[2023-12-28 19:41:00] [INFO]     |  local epoch  : 3, acc 0.791
[2023-12-28 19:41:00] [INFO]     |  local epoch  : 4, acc 0.754
[2023-12-28 19:41:00] [INFO]    -client 5
[2023-12-28 19:41:00] [INFO]     |  local epoch  : 0, acc 0.766
[2023-12-28 19:41:00] [INFO]     |  local epoch  : 1, acc 0.778
[2023-12-28 19:41:00] [INFO]     |  local epoch  : 2, acc 0.815
[2023-12-28 19:41:00] [INFO]     |  local epoch  : 3, acc 0.795
[2023-12-28 19:41:00] [INFO]     |  local epoch  : 4, acc 0.828
[2023-12-28 19:41:00] [INFO] |servers comunicated: 0, server aggregated: 8, acc_server 1: 0.792.
[2023-12-28 19:41:00] [INFO] --------------------------------------------------
[2023-12-28 19:41:00] [INFO]   |server: 2
[2023-12-28 19:41:00] [INFO]    -client 6
[2023-12-28 19:41:00] [INFO]     |  local epoch  : 0, acc 0.797
[2023-12-28 19:41:00] [INFO]     |  local epoch  : 1, acc 0.830
[2023-12-28 19:41:00] [INFO]     |  local epoch  : 2, acc 0.790
[2023-12-28 19:41:00] [INFO]     |  local epoch  : 3, acc 0.833
[2023-12-28 19:41:00] [INFO]     |  local epoch  : 4, acc 0.831
[2023-12-28 19:41:00] [INFO]    -client 7
[2023-12-28 19:41:00] [INFO]     |  local epoch  : 0, acc 0.826
[2023-12-28 19:41:00] [INFO]     |  local epoch  : 1, acc 0.815
[2023-12-28 19:41:00] [INFO]     |  local epoch  : 2, acc 0.832
[2023-12-28 19:41:00] [INFO]     |  local epoch  : 3, acc 0.837
[2023-12-28 19:41:00] [INFO]     |  local epoch  : 4, acc 0.823
[2023-12-28 19:41:00] [INFO]    -client 8
[2023-12-28 19:41:00] [INFO]     |  local epoch  : 0, acc 0.790
[2023-12-28 19:41:01] [INFO]     |  local epoch  : 1, acc 0.817
[2023-12-28 19:41:01] [INFO]     |  local epoch  : 2, acc 0.822
[2023-12-28 19:41:01] [INFO]     |  local epoch  : 3, acc 0.813
[2023-12-28 19:41:01] [INFO]     |  local epoch  : 4, acc 0.827
[2023-12-28 19:41:01] [INFO] |servers comunicated: 0, server aggregated: 8, acc_server 2: 0.842.
[2023-12-28 19:41:01] [INFO] --------------------------------------------------
[2023-12-28 19:41:01] [INFO]  |epoch_client_commu: 9/10
[2023-12-28 19:41:01] [INFO]   |server: 0
[2023-12-28 19:41:01] [INFO]    -client 0
[2023-12-28 19:41:01] [INFO]     |  local epoch  : 0, acc 0.833
[2023-12-28 19:41:01] [INFO]     |  local epoch  : 1, acc 0.834
[2023-12-28 19:41:01] [INFO]     |  local epoch  : 2, acc 0.843
[2023-12-28 19:41:01] [INFO]     |  local epoch  : 3, acc 0.832
[2023-12-28 19:41:01] [INFO]     |  local epoch  : 4, acc 0.843
[2023-12-28 19:41:01] [INFO]    -client 1
[2023-12-28 19:41:01] [INFO]     |  local epoch  : 0, acc 0.785
[2023-12-28 19:41:01] [INFO]     |  local epoch  : 1, acc 0.784
[2023-12-28 19:41:01] [INFO]     |  local epoch  : 2, acc 0.784
[2023-12-28 19:41:01] [INFO]     |  local epoch  : 3, acc 0.792
[2023-12-28 19:41:01] [INFO]     |  local epoch  : 4, acc 0.770
[2023-12-28 19:41:01] [INFO]    -client 2
[2023-12-28 19:41:01] [INFO]     |  local epoch  : 0, acc 0.789
[2023-12-28 19:41:01] [INFO]     |  local epoch  : 1, acc 0.837
[2023-12-28 19:41:01] [INFO]     |  local epoch  : 2, acc 0.834
[2023-12-28 19:41:02] [INFO]     |  local epoch  : 3, acc 0.834
[2023-12-28 19:41:02] [INFO]     |  local epoch  : 4, acc 0.825
[2023-12-28 19:41:02] [INFO] |servers comunicated: 0, server aggregated: 9, acc_server 0: 0.833.
[2023-12-28 19:41:02] [INFO] --------------------------------------------------
[2023-12-28 19:41:02] [INFO]   |server: 1
[2023-12-28 19:41:02] [INFO]    -client 3
[2023-12-28 19:41:02] [INFO]     |  local epoch  : 0, acc 0.805
[2023-12-28 19:41:02] [INFO]     |  local epoch  : 1, acc 0.750
[2023-12-28 19:41:02] [INFO]     |  local epoch  : 2, acc 0.775
[2023-12-28 19:41:02] [INFO]     |  local epoch  : 3, acc 0.733
[2023-12-28 19:41:02] [INFO]     |  local epoch  : 4, acc 0.788
[2023-12-28 19:41:02] [INFO]    -client 4
[2023-12-28 19:41:02] [INFO]     |  local epoch  : 0, acc 0.794
[2023-12-28 19:41:02] [INFO]     |  local epoch  : 1, acc 0.820
[2023-12-28 19:41:02] [INFO]     |  local epoch  : 2, acc 0.782
[2023-12-28 19:41:02] [INFO]     |  local epoch  : 3, acc 0.803
[2023-12-28 19:41:02] [INFO]     |  local epoch  : 4, acc 0.836
[2023-12-28 19:41:02] [INFO]    -client 5
[2023-12-28 19:41:02] [INFO]     |  local epoch  : 0, acc 0.796
[2023-12-28 19:41:02] [INFO]     |  local epoch  : 1, acc 0.796
[2023-12-28 19:41:02] [INFO]     |  local epoch  : 2, acc 0.799
[2023-12-28 19:41:02] [INFO]     |  local epoch  : 3, acc 0.802
[2023-12-28 19:41:02] [INFO]     |  local epoch  : 4, acc 0.804
[2023-12-28 19:41:02] [INFO] |servers comunicated: 0, server aggregated: 9, acc_server 1: 0.826.
[2023-12-28 19:41:02] [INFO] --------------------------------------------------
[2023-12-28 19:41:02] [INFO]   |server: 2
[2023-12-28 19:41:02] [INFO]    -client 6
[2023-12-28 19:41:03] [INFO]     |  local epoch  : 0, acc 0.821
[2023-12-28 19:41:03] [INFO]     |  local epoch  : 1, acc 0.826
[2023-12-28 19:41:03] [INFO]     |  local epoch  : 2, acc 0.836
[2023-12-28 19:41:03] [INFO]     |  local epoch  : 3, acc 0.834
[2023-12-28 19:41:03] [INFO]     |  local epoch  : 4, acc 0.839
[2023-12-28 19:41:03] [INFO]    -client 7
[2023-12-28 19:41:03] [INFO]     |  local epoch  : 0, acc 0.830
[2023-12-28 19:41:03] [INFO]     |  local epoch  : 1, acc 0.821
[2023-12-28 19:41:03] [INFO]     |  local epoch  : 2, acc 0.812
[2023-12-28 19:41:03] [INFO]     |  local epoch  : 3, acc 0.827
[2023-12-28 19:41:03] [INFO]     |  local epoch  : 4, acc 0.836
[2023-12-28 19:41:03] [INFO]    -client 8
[2023-12-28 19:41:03] [INFO]     |  local epoch  : 0, acc 0.839
[2023-12-28 19:41:03] [INFO]     |  local epoch  : 1, acc 0.834
[2023-12-28 19:41:03] [INFO]     |  local epoch  : 2, acc 0.810
[2023-12-28 19:41:03] [INFO]     |  local epoch  : 3, acc 0.795
[2023-12-28 19:41:03] [INFO]     |  local epoch  : 4, acc 0.817
[2023-12-28 19:41:03] [INFO] |servers comunicated: 0, server aggregated: 9, acc_server 2: 0.843.
[2023-12-28 19:41:03] [INFO] --------------------------------------------------
[2023-12-28 19:41:03] [INFO]      ********  servers comunicates  ********      
[2023-12-28 19:41:03] [INFO] --------------------------------------------------
[2023-12-28 19:41:03] [INFO] |epoch_server_commu: 1/10
[2023-12-28 19:41:03] [INFO]  |epoch_client_commu: 0/10
[2023-12-28 19:41:03] [INFO]   |server: 0
[2023-12-28 19:41:03] [INFO]    -client 0
[2023-12-28 19:41:03] [INFO]     |  local epoch  : 0, acc 0.814
[2023-12-28 19:41:04] [INFO]     |  local epoch  : 1, acc 0.826
[2023-12-28 19:41:04] [INFO]     |  local epoch  : 2, acc 0.798
[2023-12-28 19:41:04] [INFO]     |  local epoch  : 3, acc 0.806
[2023-12-28 19:41:04] [INFO]     |  local epoch  : 4, acc 0.840
[2023-12-28 19:41:04] [INFO]     | distill epoch : 0, acc 0.850
[2023-12-28 19:41:04] [INFO]     | distill epoch : 1, acc 0.839
[2023-12-28 19:41:04] [INFO]     | distill epoch : 2, acc 0.843
[2023-12-28 19:41:04] [INFO]     | distill epoch : 3, acc 0.831
[2023-12-28 19:41:04] [INFO]     | distill epoch : 4, acc 0.832
