[2023-12-28 21:53:47] [INFO] device cuda is used.
[2023-12-28 21:53:47] [INFO] cudnn is actived.
[2023-12-28 21:53:47] [INFO] 
           alpha       :  0.5  
             T         :   8   
         algorithm     :   0   
     num_server_commu  :   6   
     num_client_commu  :   1   
     num_client_train  :   2   
     num_public_train  :   5   
        batch_size     :  200  
          dataset      : mnist 
       model_select    :   1   
      num_all_client   :   9   
      num_all_server   :   3   
      num_client_data  : 1200  
      num_public_data  :  50   
        proportion     :  0.8  

[2023-12-28 21:53:54] [INFO] --------------------------------------------------
[2023-12-28 21:53:54] [INFO] |epoch_server_commu: 0/6
[2023-12-28 21:53:54] [INFO]  |epoch_client_commu: 0/1
[2023-12-28 21:53:54] [INFO]   |server: 0
[2023-12-28 21:53:54] [INFO]    -client 0
[2023-12-28 21:53:55] [INFO]     |  local epoch  : 0, acc 0.101
[2023-12-28 21:53:55] [INFO]     |  local epoch  : 1, acc 0.101
[2023-12-28 21:53:55] [INFO]    -client 1
[2023-12-28 21:53:55] [INFO]     |  local epoch  : 0, acc 0.101
[2023-12-28 21:53:55] [INFO]     |  local epoch  : 1, acc 0.101
[2023-12-28 21:53:55] [INFO]    -client 2
[2023-12-28 21:53:55] [INFO]     |  local epoch  : 0, acc 0.101
[2023-12-28 21:53:55] [INFO]     |  local epoch  : 1, acc 0.101
[2023-12-28 21:53:55] [INFO] |servers comunicated: 0, server aggregated: 0, acc_server 0: 0.101.
[2023-12-28 21:53:55] [INFO] --------------------------------------------------
[2023-12-28 21:53:55] [INFO]   |server: 1
[2023-12-28 21:53:55] [INFO]    -client 3
[2023-12-28 21:53:55] [INFO]     |  local epoch  : 0, acc 0.089
[2023-12-28 21:53:55] [INFO]     |  local epoch  : 1, acc 0.089
[2023-12-28 21:53:55] [INFO]    -client 4
[2023-12-28 21:53:55] [INFO]     |  local epoch  : 0, acc 0.089
[2023-12-28 21:53:55] [INFO]     |  local epoch  : 1, acc 0.089
[2023-12-28 21:53:55] [INFO]    -client 5
[2023-12-28 21:53:55] [INFO]     |  local epoch  : 0, acc 0.089
[2023-12-28 21:53:55] [INFO]     |  local epoch  : 1, acc 0.089
[2023-12-28 21:53:55] [INFO] |servers comunicated: 0, server aggregated: 0, acc_server 1: 0.089.
[2023-12-28 21:53:55] [INFO] --------------------------------------------------
[2023-12-28 21:53:55] [INFO]   |server: 2
[2023-12-28 21:53:55] [INFO]    -client 6
[2023-12-28 21:53:56] [INFO]     |  local epoch  : 0, acc 0.098
[2023-12-28 21:53:56] [INFO]     |  local epoch  : 1, acc 0.098
[2023-12-28 21:53:56] [INFO]    -client 7
[2023-12-28 21:53:56] [INFO]     |  local epoch  : 0, acc 0.098
[2023-12-28 21:53:56] [INFO]     |  local epoch  : 1, acc 0.098
[2023-12-28 21:53:56] [INFO]    -client 8
[2023-12-28 21:53:56] [INFO]     |  local epoch  : 0, acc 0.098
[2023-12-28 21:53:56] [INFO]     |  local epoch  : 1, acc 0.098
[2023-12-28 21:53:56] [INFO] |servers comunicated: 0, server aggregated: 0, acc_server 2: 0.098.
[2023-12-28 21:53:56] [INFO] --------------------------------------------------
[2023-12-28 21:53:56] [INFO]      ********  servers comunicates  ********      
[2023-12-28 21:53:56] [INFO] --------------------------------------------------
[2023-12-28 21:53:56] [INFO] |epoch_server_commu: 1/6
[2023-12-28 21:53:56] [INFO]  |epoch_client_commu: 0/1
[2023-12-28 21:53:56] [INFO]   |server: 0
[2023-12-28 21:53:56] [INFO]    -client 0
[2023-12-28 21:53:56] [INFO]     |  local epoch  : 0, acc 0.101
[2023-12-28 21:53:56] [INFO]     |  local epoch  : 1, acc 0.101
[2023-12-28 21:53:56] [INFO]     | distill epoch : 0, acc 0.101
[2023-12-28 21:53:56] [INFO]     | distill epoch : 1, acc 0.101
[2023-12-28 21:53:56] [INFO]     | distill epoch : 2, acc 0.101
[2023-12-28 21:53:56] [INFO]     | distill epoch : 3, acc 0.101
[2023-12-28 21:53:56] [INFO]     | distill epoch : 4, acc 0.101
[2023-12-28 21:53:56] [INFO]    -client 1
[2023-12-28 21:53:56] [INFO]     |  local epoch  : 0, acc 0.101
[2023-12-28 21:53:57] [INFO]     |  local epoch  : 1, acc 0.101
[2023-12-28 21:53:57] [INFO]     | distill epoch : 0, acc 0.101
[2023-12-28 21:53:57] [INFO]     | distill epoch : 1, acc 0.101
[2023-12-28 21:53:57] [INFO]     | distill epoch : 2, acc 0.101
[2023-12-28 21:53:57] [INFO]     | distill epoch : 3, acc 0.101
[2023-12-28 21:53:57] [INFO]     | distill epoch : 4, acc 0.101
[2023-12-28 21:53:57] [INFO]    -client 2
[2023-12-28 21:53:57] [INFO]     |  local epoch  : 0, acc 0.101
[2023-12-28 21:53:57] [INFO]     |  local epoch  : 1, acc 0.101
[2023-12-28 21:53:57] [INFO]     | distill epoch : 0, acc 0.101
[2023-12-28 21:53:57] [INFO]     | distill epoch : 1, acc 0.101
[2023-12-28 21:53:57] [INFO]     | distill epoch : 2, acc 0.101
[2023-12-28 21:53:57] [INFO]     | distill epoch : 3, acc 0.101
[2023-12-28 21:53:57] [INFO]     | distill epoch : 4, acc 0.101
[2023-12-28 21:53:57] [INFO] |servers comunicated: 1, server aggregated: 0, acc_server 0: 0.101.
[2023-12-28 21:53:57] [INFO] --------------------------------------------------
[2023-12-28 21:53:57] [INFO]   |server: 1
[2023-12-28 21:53:57] [INFO]    -client 3
[2023-12-28 21:53:57] [INFO]     |  local epoch  : 0, acc 0.089
[2023-12-28 21:53:57] [INFO]     |  local epoch  : 1, acc 0.089
[2023-12-28 21:53:57] [INFO]     | distill epoch : 0, acc 0.089
[2023-12-28 21:53:57] [INFO]     | distill epoch : 1, acc 0.089
[2023-12-28 21:53:57] [INFO]     | distill epoch : 2, acc 0.089
[2023-12-28 21:53:57] [INFO]     | distill epoch : 3, acc 0.089
[2023-12-28 21:53:57] [INFO]     | distill epoch : 4, acc 0.089
[2023-12-28 21:53:57] [INFO]    -client 4
[2023-12-28 21:53:57] [INFO]     |  local epoch  : 0, acc 0.089
[2023-12-28 21:53:58] [INFO]     |  local epoch  : 1, acc 0.089
[2023-12-28 21:53:58] [INFO]     | distill epoch : 0, acc 0.089
[2023-12-28 21:53:58] [INFO]     | distill epoch : 1, acc 0.089
[2023-12-28 21:53:58] [INFO]     | distill epoch : 2, acc 0.089
[2023-12-28 21:53:58] [INFO]     | distill epoch : 3, acc 0.089
[2023-12-28 21:53:58] [INFO]     | distill epoch : 4, acc 0.089
[2023-12-28 21:53:58] [INFO]    -client 5
[2023-12-28 21:53:58] [INFO]     |  local epoch  : 0, acc 0.089
[2023-12-28 21:53:58] [INFO]     |  local epoch  : 1, acc 0.089
[2023-12-28 21:53:58] [INFO]     | distill epoch : 0, acc 0.089
[2023-12-28 21:53:58] [INFO]     | distill epoch : 1, acc 0.089
[2023-12-28 21:53:58] [INFO]     | distill epoch : 2, acc 0.089
[2023-12-28 21:53:58] [INFO]     | distill epoch : 3, acc 0.089
[2023-12-28 21:53:58] [INFO]     | distill epoch : 4, acc 0.089
[2023-12-28 21:53:58] [INFO] |servers comunicated: 1, server aggregated: 0, acc_server 1: 0.089.
[2023-12-28 21:53:58] [INFO] --------------------------------------------------
[2023-12-28 21:53:58] [INFO]   |server: 2
[2023-12-28 21:53:58] [INFO]    -client 6
[2023-12-28 21:53:58] [INFO]     |  local epoch  : 0, acc 0.098
[2023-12-28 21:53:58] [INFO]     |  local epoch  : 1, acc 0.098
[2023-12-28 21:53:58] [INFO]     | distill epoch : 0, acc 0.098
[2023-12-28 21:53:58] [INFO]     | distill epoch : 1, acc 0.098
[2023-12-28 21:53:58] [INFO]     | distill epoch : 2, acc 0.098
[2023-12-28 21:53:58] [INFO]     | distill epoch : 3, acc 0.098
[2023-12-28 21:53:58] [INFO]     | distill epoch : 4, acc 0.098
[2023-12-28 21:53:58] [INFO]    -client 7
[2023-12-28 21:53:59] [INFO]     |  local epoch  : 0, acc 0.098
[2023-12-28 21:53:59] [INFO]     |  local epoch  : 1, acc 0.098
[2023-12-28 21:53:59] [INFO]     | distill epoch : 0, acc 0.098
[2023-12-28 21:53:59] [INFO]     | distill epoch : 1, acc 0.098
[2023-12-28 21:53:59] [INFO]     | distill epoch : 2, acc 0.098
[2023-12-28 21:53:59] [INFO]     | distill epoch : 3, acc 0.098
[2023-12-28 21:53:59] [INFO]     | distill epoch : 4, acc 0.098
[2023-12-28 21:53:59] [INFO]    -client 8
[2023-12-28 21:53:59] [INFO]     |  local epoch  : 0, acc 0.098
[2023-12-28 21:53:59] [INFO]     |  local epoch  : 1, acc 0.098
[2023-12-28 21:53:59] [INFO]     | distill epoch : 0, acc 0.098
[2023-12-28 21:53:59] [INFO]     | distill epoch : 1, acc 0.098
[2023-12-28 21:53:59] [INFO]     | distill epoch : 2, acc 0.098
[2023-12-28 21:53:59] [INFO]     | distill epoch : 3, acc 0.098
[2023-12-28 21:53:59] [INFO]     | distill epoch : 4, acc 0.098
[2023-12-28 21:53:59] [INFO] |servers comunicated: 1, server aggregated: 0, acc_server 2: 0.098.
[2023-12-28 21:53:59] [INFO] --------------------------------------------------
[2023-12-28 21:53:59] [INFO]      ********  servers comunicates  ********      
[2023-12-28 21:53:59] [INFO] --------------------------------------------------
[2023-12-28 21:53:59] [INFO] |epoch_server_commu: 2/6
[2023-12-28 21:53:59] [INFO]  |epoch_client_commu: 0/1
[2023-12-28 21:53:59] [INFO]   |server: 0
[2023-12-28 21:53:59] [INFO]    -client 0
[2023-12-28 21:53:59] [INFO]     |  local epoch  : 0, acc 0.101
[2023-12-28 21:53:59] [INFO]     |  local epoch  : 1, acc 0.101
[2023-12-28 21:53:59] [INFO]     | distill epoch : 0, acc 0.101
[2023-12-28 21:53:59] [INFO]     | distill epoch : 1, acc 0.101
[2023-12-28 21:53:59] [INFO]     | distill epoch : 2, acc 0.101
[2023-12-28 21:53:59] [INFO]     | distill epoch : 3, acc 0.101
[2023-12-28 21:54:00] [INFO]     | distill epoch : 4, acc 0.101
[2023-12-28 21:54:00] [INFO]    -client 1
[2023-12-28 21:54:00] [INFO]     |  local epoch  : 0, acc 0.101
[2023-12-28 21:54:00] [INFO]     |  local epoch  : 1, acc 0.101
[2023-12-28 21:54:00] [INFO]     | distill epoch : 0, acc 0.101
[2023-12-28 21:54:00] [INFO]     | distill epoch : 1, acc 0.101
[2023-12-28 21:54:00] [INFO]     | distill epoch : 2, acc 0.101
[2023-12-28 21:54:00] [INFO]     | distill epoch : 3, acc 0.101
[2023-12-28 21:54:00] [INFO]     | distill epoch : 4, acc 0.101
[2023-12-28 21:54:00] [INFO]    -client 2
[2023-12-28 21:54:00] [INFO]     |  local epoch  : 0, acc 0.101
[2023-12-28 21:54:00] [INFO]     |  local epoch  : 1, acc 0.101
[2023-12-28 21:54:00] [INFO]     | distill epoch : 0, acc 0.101
[2023-12-28 21:54:00] [INFO]     | distill epoch : 1, acc 0.101
[2023-12-28 21:54:00] [INFO]     | distill epoch : 2, acc 0.101
[2023-12-28 21:54:00] [INFO]     | distill epoch : 3, acc 0.101
[2023-12-28 21:54:00] [INFO]     | distill epoch : 4, acc 0.101
[2023-12-28 21:54:00] [INFO] |servers comunicated: 2, server aggregated: 0, acc_server 0: 0.101.
[2023-12-28 21:54:00] [INFO] --------------------------------------------------
[2023-12-28 21:54:00] [INFO]   |server: 1
[2023-12-28 21:54:00] [INFO]    -client 3
[2023-12-28 21:54:00] [INFO]     |  local epoch  : 0, acc 0.089
[2023-12-28 21:54:00] [INFO]     |  local epoch  : 1, acc 0.089
[2023-12-28 21:54:00] [INFO]     | distill epoch : 0, acc 0.089
[2023-12-28 21:54:00] [INFO]     | distill epoch : 1, acc 0.089
[2023-12-28 21:54:00] [INFO]     | distill epoch : 2, acc 0.089
[2023-12-28 21:54:01] [INFO]     | distill epoch : 3, acc 0.089
[2023-12-28 21:54:01] [INFO]     | distill epoch : 4, acc 0.089
[2023-12-28 21:54:01] [INFO]    -client 4
[2023-12-28 21:54:01] [INFO]     |  local epoch  : 0, acc 0.089
[2023-12-28 21:54:01] [INFO]     |  local epoch  : 1, acc 0.089
[2023-12-28 21:54:01] [INFO]     | distill epoch : 0, acc 0.089
[2023-12-28 21:54:01] [INFO]     | distill epoch : 1, acc 0.089
[2023-12-28 21:54:01] [INFO]     | distill epoch : 2, acc 0.089
[2023-12-28 21:54:01] [INFO]     | distill epoch : 3, acc 0.089
[2023-12-28 21:54:01] [INFO]     | distill epoch : 4, acc 0.089
[2023-12-28 21:54:01] [INFO]    -client 5
[2023-12-28 21:54:01] [INFO]     |  local epoch  : 0, acc 0.089
[2023-12-28 21:54:01] [INFO]     |  local epoch  : 1, acc 0.089
[2023-12-28 21:54:01] [INFO]     | distill epoch : 0, acc 0.089
[2023-12-28 21:54:01] [INFO]     | distill epoch : 1, acc 0.089
[2023-12-28 21:54:01] [INFO]     | distill epoch : 2, acc 0.089
[2023-12-28 21:54:01] [INFO]     | distill epoch : 3, acc 0.089
[2023-12-28 21:54:01] [INFO]     | distill epoch : 4, acc 0.089
[2023-12-28 21:54:01] [INFO] |servers comunicated: 2, server aggregated: 0, acc_server 1: 0.089.
[2023-12-28 21:54:01] [INFO] --------------------------------------------------
[2023-12-28 21:54:01] [INFO]   |server: 2
[2023-12-28 21:54:01] [INFO]    -client 6
[2023-12-28 21:54:01] [INFO]     |  local epoch  : 0, acc 0.098
[2023-12-28 21:54:01] [INFO]     |  local epoch  : 1, acc 0.098
[2023-12-28 21:54:01] [INFO]     | distill epoch : 0, acc 0.098
[2023-12-28 21:54:01] [INFO]     | distill epoch : 1, acc 0.098
[2023-12-28 21:54:01] [INFO]     | distill epoch : 2, acc 0.098
[2023-12-28 21:54:02] [INFO]     | distill epoch : 3, acc 0.098
[2023-12-28 21:54:02] [INFO]     | distill epoch : 4, acc 0.098
[2023-12-28 21:54:02] [INFO]    -client 7
[2023-12-28 21:54:02] [INFO]     |  local epoch  : 0, acc 0.098
[2023-12-28 21:54:02] [INFO]     |  local epoch  : 1, acc 0.098
[2023-12-28 21:54:02] [INFO]     | distill epoch : 0, acc 0.098
[2023-12-28 21:54:02] [INFO]     | distill epoch : 1, acc 0.098
[2023-12-28 21:54:02] [INFO]     | distill epoch : 2, acc 0.098
[2023-12-28 21:54:02] [INFO]     | distill epoch : 3, acc 0.098
[2023-12-28 21:54:02] [INFO]     | distill epoch : 4, acc 0.098
[2023-12-28 21:54:02] [INFO]    -client 8
[2023-12-28 21:54:02] [INFO]     |  local epoch  : 0, acc 0.098
[2023-12-28 21:54:02] [INFO]     |  local epoch  : 1, acc 0.098
[2023-12-28 21:54:02] [INFO]     | distill epoch : 0, acc 0.098
[2023-12-28 21:54:02] [INFO]     | distill epoch : 1, acc 0.098
[2023-12-28 21:54:02] [INFO]     | distill epoch : 2, acc 0.098
[2023-12-28 21:54:02] [INFO]     | distill epoch : 3, acc 0.098
[2023-12-28 21:54:02] [INFO]     | distill epoch : 4, acc 0.098
[2023-12-28 21:54:02] [INFO] |servers comunicated: 2, server aggregated: 0, acc_server 2: 0.098.
[2023-12-28 21:54:02] [INFO] --------------------------------------------------
[2023-12-28 21:54:02] [INFO]      ********  servers comunicates  ********      
[2023-12-28 21:54:02] [INFO] --------------------------------------------------
[2023-12-28 21:54:02] [INFO] |epoch_server_commu: 3/6
[2023-12-28 21:54:02] [INFO]  |epoch_client_commu: 0/1
[2023-12-28 21:54:02] [INFO]   |server: 0
[2023-12-28 21:54:02] [INFO]    -client 0
[2023-12-28 21:54:02] [INFO]     |  local epoch  : 0, acc 0.101
[2023-12-28 21:54:02] [INFO]     |  local epoch  : 1, acc 0.101
[2023-12-28 21:54:02] [INFO]     | distill epoch : 0, acc 0.101
[2023-12-28 21:54:03] [INFO]     | distill epoch : 1, acc 0.101
[2023-12-28 21:54:03] [INFO]     | distill epoch : 2, acc 0.101
[2023-12-28 21:54:03] [INFO]     | distill epoch : 3, acc 0.101
[2023-12-28 21:54:03] [INFO]     | distill epoch : 4, acc 0.101
[2023-12-28 21:54:03] [INFO]    -client 1
[2023-12-28 21:54:03] [INFO]     |  local epoch  : 0, acc 0.101
[2023-12-28 21:54:03] [INFO]     |  local epoch  : 1, acc 0.101
[2023-12-28 21:54:03] [INFO]     | distill epoch : 0, acc 0.101
[2023-12-28 21:54:03] [INFO]     | distill epoch : 1, acc 0.101
[2023-12-28 21:54:03] [INFO]     | distill epoch : 2, acc 0.101
[2023-12-28 21:54:03] [INFO]     | distill epoch : 3, acc 0.101
[2023-12-28 21:54:03] [INFO]     | distill epoch : 4, acc 0.101
[2023-12-28 21:54:03] [INFO]    -client 2
[2023-12-28 21:54:03] [INFO]     |  local epoch  : 0, acc 0.101
[2023-12-28 21:54:03] [INFO]     |  local epoch  : 1, acc 0.101
[2023-12-28 21:54:03] [INFO]     | distill epoch : 0, acc 0.101
[2023-12-28 21:54:03] [INFO]     | distill epoch : 1, acc 0.101
[2023-12-28 21:54:03] [INFO]     | distill epoch : 2, acc 0.101
[2023-12-28 21:54:03] [INFO]     | distill epoch : 3, acc 0.101
[2023-12-28 21:54:03] [INFO]     | distill epoch : 4, acc 0.101
[2023-12-28 21:54:03] [INFO] |servers comunicated: 3, server aggregated: 0, acc_server 0: 0.101.
[2023-12-28 21:54:03] [INFO] --------------------------------------------------
[2023-12-28 21:54:03] [INFO]   |server: 1
[2023-12-28 21:54:03] [INFO]    -client 3
[2023-12-28 21:54:03] [INFO]     |  local epoch  : 0, acc 0.089
[2023-12-28 21:54:03] [INFO]     |  local epoch  : 1, acc 0.089
[2023-12-28 21:54:03] [INFO]     | distill epoch : 0, acc 0.089
[2023-12-28 21:54:04] [INFO]     | distill epoch : 1, acc 0.089
[2023-12-28 21:54:04] [INFO]     | distill epoch : 2, acc 0.089
[2023-12-28 21:54:04] [INFO]     | distill epoch : 3, acc 0.089
[2023-12-28 21:54:04] [INFO]     | distill epoch : 4, acc 0.089
[2023-12-28 21:54:04] [INFO]    -client 4
[2023-12-28 21:54:04] [INFO]     |  local epoch  : 0, acc 0.089
[2023-12-28 21:54:04] [INFO]     |  local epoch  : 1, acc 0.089
[2023-12-28 21:54:04] [INFO]     | distill epoch : 0, acc 0.089
[2023-12-28 21:54:04] [INFO]     | distill epoch : 1, acc 0.089
[2023-12-28 21:54:04] [INFO]     | distill epoch : 2, acc 0.089
[2023-12-28 21:54:04] [INFO]     | distill epoch : 3, acc 0.089
[2023-12-28 21:54:04] [INFO]     | distill epoch : 4, acc 0.089
[2023-12-28 21:54:04] [INFO]    -client 5
[2023-12-28 21:54:04] [INFO]     |  local epoch  : 0, acc 0.089
[2023-12-28 21:54:04] [INFO]     |  local epoch  : 1, acc 0.089
[2023-12-28 21:54:04] [INFO]     | distill epoch : 0, acc 0.089
[2023-12-28 21:54:04] [INFO]     | distill epoch : 1, acc 0.089
[2023-12-28 21:54:04] [INFO]     | distill epoch : 2, acc 0.089
[2023-12-28 21:54:04] [INFO]     | distill epoch : 3, acc 0.089
[2023-12-28 21:54:04] [INFO]     | distill epoch : 4, acc 0.089
[2023-12-28 21:54:04] [INFO] |servers comunicated: 3, server aggregated: 0, acc_server 1: 0.089.
[2023-12-28 21:54:04] [INFO] --------------------------------------------------
[2023-12-28 21:54:04] [INFO]   |server: 2
[2023-12-28 21:54:04] [INFO]    -client 6
[2023-12-28 21:54:04] [INFO]     |  local epoch  : 0, acc 0.098
[2023-12-28 21:54:05] [INFO]     |  local epoch  : 1, acc 0.098
[2023-12-28 21:54:05] [INFO]     | distill epoch : 0, acc 0.098
[2023-12-28 21:54:05] [INFO]     | distill epoch : 1, acc 0.098
[2023-12-28 21:54:05] [INFO]     | distill epoch : 2, acc 0.098
[2023-12-28 21:54:05] [INFO]     | distill epoch : 3, acc 0.098
[2023-12-28 21:54:05] [INFO]     | distill epoch : 4, acc 0.098
[2023-12-28 21:54:05] [INFO]    -client 7
[2023-12-28 21:54:05] [INFO]     |  local epoch  : 0, acc 0.098
[2023-12-28 21:54:05] [INFO]     |  local epoch  : 1, acc 0.098
[2023-12-28 21:54:05] [INFO]     | distill epoch : 0, acc 0.098
[2023-12-28 21:54:05] [INFO]     | distill epoch : 1, acc 0.098
[2023-12-28 21:54:05] [INFO]     | distill epoch : 2, acc 0.098
[2023-12-28 21:54:05] [INFO]     | distill epoch : 3, acc 0.098
[2023-12-28 21:54:05] [INFO]     | distill epoch : 4, acc 0.098
[2023-12-28 21:54:05] [INFO]    -client 8
[2023-12-28 21:54:05] [INFO]     |  local epoch  : 0, acc 0.098
[2023-12-28 21:54:05] [INFO]     |  local epoch  : 1, acc 0.098
[2023-12-28 21:54:05] [INFO]     | distill epoch : 0, acc 0.098
[2023-12-28 21:54:05] [INFO]     | distill epoch : 1, acc 0.098
[2023-12-28 21:54:05] [INFO]     | distill epoch : 2, acc 0.098
[2023-12-28 21:54:05] [INFO]     | distill epoch : 3, acc 0.098
[2023-12-28 21:54:05] [INFO]     | distill epoch : 4, acc 0.098
[2023-12-28 21:54:05] [INFO] |servers comunicated: 3, server aggregated: 0, acc_server 2: 0.098.
[2023-12-28 21:54:05] [INFO] --------------------------------------------------
[2023-12-28 21:54:05] [INFO]      ********  servers comunicates  ********      
[2023-12-28 21:54:05] [INFO] --------------------------------------------------
[2023-12-28 21:54:05] [INFO] |epoch_server_commu: 4/6
[2023-12-28 21:54:05] [INFO]  |epoch_client_commu: 0/1
[2023-12-28 21:54:05] [INFO]   |server: 0
[2023-12-28 21:54:05] [INFO]    -client 0
[2023-12-28 21:54:06] [INFO]     |  local epoch  : 0, acc 0.101
[2023-12-28 21:54:06] [INFO]     |  local epoch  : 1, acc 0.101
[2023-12-28 21:54:06] [INFO]     | distill epoch : 0, acc 0.101
[2023-12-28 21:54:06] [INFO]     | distill epoch : 1, acc 0.101
[2023-12-28 21:54:06] [INFO]     | distill epoch : 2, acc 0.101
[2023-12-28 21:54:06] [INFO]     | distill epoch : 3, acc 0.101
[2023-12-28 21:54:06] [INFO]     | distill epoch : 4, acc 0.101
[2023-12-28 21:54:06] [INFO]    -client 1
[2023-12-28 21:54:06] [INFO]     |  local epoch  : 0, acc 0.101
[2023-12-28 21:54:06] [INFO]     |  local epoch  : 1, acc 0.101
[2023-12-28 21:54:06] [INFO]     | distill epoch : 0, acc 0.101
[2023-12-28 21:54:06] [INFO]     | distill epoch : 1, acc 0.101
[2023-12-28 21:54:06] [INFO]     | distill epoch : 2, acc 0.101
[2023-12-28 21:54:06] [INFO]     | distill epoch : 3, acc 0.101
[2023-12-28 21:54:06] [INFO]     | distill epoch : 4, acc 0.101
[2023-12-28 21:54:06] [INFO]    -client 2
[2023-12-28 21:54:06] [INFO]     |  local epoch  : 0, acc 0.101
[2023-12-28 21:54:06] [INFO]     |  local epoch  : 1, acc 0.101
[2023-12-28 21:54:06] [INFO]     | distill epoch : 0, acc 0.101
[2023-12-28 21:54:06] [INFO]     | distill epoch : 1, acc 0.101
[2023-12-28 21:54:06] [INFO]     | distill epoch : 2, acc 0.101
[2023-12-28 21:54:06] [INFO]     | distill epoch : 3, acc 0.101
[2023-12-28 21:54:06] [INFO]     | distill epoch : 4, acc 0.101
[2023-12-28 21:54:06] [INFO] |servers comunicated: 4, server aggregated: 0, acc_server 0: 0.101.
[2023-12-28 21:54:06] [INFO] --------------------------------------------------
[2023-12-28 21:54:06] [INFO]   |server: 1
[2023-12-28 21:54:06] [INFO]    -client 3
[2023-12-28 21:54:07] [INFO]     |  local epoch  : 0, acc 0.089
[2023-12-28 21:54:07] [INFO]     |  local epoch  : 1, acc 0.089
[2023-12-28 21:54:07] [INFO]     | distill epoch : 0, acc 0.089
[2023-12-28 21:54:07] [INFO]     | distill epoch : 1, acc 0.089
[2023-12-28 21:54:07] [INFO]     | distill epoch : 2, acc 0.089
[2023-12-28 21:54:07] [INFO]     | distill epoch : 3, acc 0.089
[2023-12-28 21:54:07] [INFO]     | distill epoch : 4, acc 0.089
[2023-12-28 21:54:07] [INFO]    -client 4
[2023-12-28 21:54:07] [INFO]     |  local epoch  : 0, acc 0.089
[2023-12-28 21:54:07] [INFO]     |  local epoch  : 1, acc 0.089
[2023-12-28 21:54:07] [INFO]     | distill epoch : 0, acc 0.089
[2023-12-28 21:54:07] [INFO]     | distill epoch : 1, acc 0.089
[2023-12-28 21:54:07] [INFO]     | distill epoch : 2, acc 0.089
[2023-12-28 21:54:07] [INFO]     | distill epoch : 3, acc 0.089
[2023-12-28 21:54:07] [INFO]     | distill epoch : 4, acc 0.089
[2023-12-28 21:54:07] [INFO]    -client 5
[2023-12-28 21:54:07] [INFO]     |  local epoch  : 0, acc 0.089
[2023-12-28 21:54:07] [INFO]     |  local epoch  : 1, acc 0.089
[2023-12-28 21:54:07] [INFO]     | distill epoch : 0, acc 0.089
[2023-12-28 21:54:07] [INFO]     | distill epoch : 1, acc 0.089
[2023-12-28 21:54:07] [INFO]     | distill epoch : 2, acc 0.089
[2023-12-28 21:54:07] [INFO]     | distill epoch : 3, acc 0.089
[2023-12-28 21:54:07] [INFO]     | distill epoch : 4, acc 0.089
[2023-12-28 21:54:08] [INFO] |servers comunicated: 4, server aggregated: 0, acc_server 1: 0.089.
[2023-12-28 21:54:08] [INFO] --------------------------------------------------
[2023-12-28 21:54:08] [INFO]   |server: 2
[2023-12-28 21:54:08] [INFO]    -client 6
[2023-12-28 21:54:08] [INFO]     |  local epoch  : 0, acc 0.098
[2023-12-28 21:54:08] [INFO]     |  local epoch  : 1, acc 0.098
[2023-12-28 21:54:08] [INFO]     | distill epoch : 0, acc 0.098
[2023-12-28 21:54:08] [INFO]     | distill epoch : 1, acc 0.098
[2023-12-28 21:54:08] [INFO]     | distill epoch : 2, acc 0.098
[2023-12-28 21:54:08] [INFO]     | distill epoch : 3, acc 0.098
[2023-12-28 21:54:08] [INFO]     | distill epoch : 4, acc 0.098
[2023-12-28 21:54:08] [INFO]    -client 7
[2023-12-28 21:54:08] [INFO]     |  local epoch  : 0, acc 0.098
[2023-12-28 21:54:08] [INFO]     |  local epoch  : 1, acc 0.098
[2023-12-28 21:54:08] [INFO]     | distill epoch : 0, acc 0.098
[2023-12-28 21:54:08] [INFO]     | distill epoch : 1, acc 0.098
[2023-12-28 21:54:08] [INFO]     | distill epoch : 2, acc 0.098
[2023-12-28 21:54:08] [INFO]     | distill epoch : 3, acc 0.098
[2023-12-28 21:54:08] [INFO]     | distill epoch : 4, acc 0.098
[2023-12-28 21:54:08] [INFO]    -client 8
[2023-12-28 21:54:08] [INFO]     |  local epoch  : 0, acc 0.098
[2023-12-28 21:54:08] [INFO]     |  local epoch  : 1, acc 0.098
[2023-12-28 21:54:08] [INFO]     | distill epoch : 0, acc 0.098
[2023-12-28 21:54:08] [INFO]     | distill epoch : 1, acc 0.098
[2023-12-28 21:54:08] [INFO]     | distill epoch : 2, acc 0.098
[2023-12-28 21:54:08] [INFO]     | distill epoch : 3, acc 0.098
[2023-12-28 21:54:09] [INFO]     | distill epoch : 4, acc 0.098
[2023-12-28 21:54:09] [INFO] |servers comunicated: 4, server aggregated: 0, acc_server 2: 0.098.
[2023-12-28 21:54:09] [INFO] --------------------------------------------------
[2023-12-28 21:54:09] [INFO]      ********  servers comunicates  ********      
[2023-12-28 21:54:09] [INFO] --------------------------------------------------
[2023-12-28 21:54:09] [INFO] |epoch_server_commu: 5/6
[2023-12-28 21:54:09] [INFO]  |epoch_client_commu: 0/1
[2023-12-28 21:54:09] [INFO]   |server: 0
[2023-12-28 21:54:09] [INFO]    -client 0
[2023-12-28 21:54:09] [INFO]     |  local epoch  : 0, acc 0.101
[2023-12-28 21:54:09] [INFO]     |  local epoch  : 1, acc 0.101
[2023-12-28 21:54:09] [INFO]     | distill epoch : 0, acc 0.101
[2023-12-28 21:54:09] [INFO]     | distill epoch : 1, acc 0.101
[2023-12-28 21:54:09] [INFO]     | distill epoch : 2, acc 0.101
[2023-12-28 21:54:09] [INFO]     | distill epoch : 3, acc 0.101
[2023-12-28 21:54:09] [INFO]     | distill epoch : 4, acc 0.101
[2023-12-28 21:54:09] [INFO]    -client 1
[2023-12-28 21:54:09] [INFO]     |  local epoch  : 0, acc 0.101
[2023-12-28 21:54:09] [INFO]     |  local epoch  : 1, acc 0.101
[2023-12-28 21:54:09] [INFO]     | distill epoch : 0, acc 0.101
[2023-12-28 21:54:09] [INFO]     | distill epoch : 1, acc 0.101
[2023-12-28 21:54:09] [INFO]     | distill epoch : 2, acc 0.101
[2023-12-28 21:54:09] [INFO]     | distill epoch : 3, acc 0.101
[2023-12-28 21:54:09] [INFO]     | distill epoch : 4, acc 0.101
[2023-12-28 21:54:09] [INFO]    -client 2
[2023-12-28 21:54:09] [INFO]     |  local epoch  : 0, acc 0.101
[2023-12-28 21:54:09] [INFO]     |  local epoch  : 1, acc 0.101
[2023-12-28 21:54:09] [INFO]     | distill epoch : 0, acc 0.101
[2023-12-28 21:54:09] [INFO]     | distill epoch : 1, acc 0.101
[2023-12-28 21:54:09] [INFO]     | distill epoch : 2, acc 0.101
[2023-12-28 21:54:09] [INFO]     | distill epoch : 3, acc 0.101
[2023-12-28 21:54:10] [INFO]     | distill epoch : 4, acc 0.101
[2023-12-28 21:54:10] [INFO] |servers comunicated: 5, server aggregated: 0, acc_server 0: 0.101.
[2023-12-28 21:54:10] [INFO] --------------------------------------------------
[2023-12-28 21:54:10] [INFO]   |server: 1
[2023-12-28 21:54:10] [INFO]    -client 3
[2023-12-28 21:54:10] [INFO]     |  local epoch  : 0, acc 0.089
[2023-12-28 21:54:10] [INFO]     |  local epoch  : 1, acc 0.089
[2023-12-28 21:54:10] [INFO]     | distill epoch : 0, acc 0.089
[2023-12-28 21:54:10] [INFO]     | distill epoch : 1, acc 0.089
[2023-12-28 21:54:10] [INFO]     | distill epoch : 2, acc 0.089
[2023-12-28 21:54:10] [INFO]     | distill epoch : 3, acc 0.089
[2023-12-28 21:54:10] [INFO]     | distill epoch : 4, acc 0.089
[2023-12-28 21:54:10] [INFO]    -client 4
[2023-12-28 21:54:10] [INFO]     |  local epoch  : 0, acc 0.089
[2023-12-28 21:54:10] [INFO]     |  local epoch  : 1, acc 0.089
[2023-12-28 21:54:10] [INFO]     | distill epoch : 0, acc 0.089
[2023-12-28 21:54:10] [INFO]     | distill epoch : 1, acc 0.089
[2023-12-28 21:54:10] [INFO]     | distill epoch : 2, acc 0.089
[2023-12-28 21:54:10] [INFO]     | distill epoch : 3, acc 0.089
[2023-12-28 21:54:10] [INFO]     | distill epoch : 4, acc 0.089
[2023-12-28 21:54:10] [INFO]    -client 5
[2023-12-28 21:54:10] [INFO]     |  local epoch  : 0, acc 0.089
[2023-12-28 21:54:10] [INFO]     |  local epoch  : 1, acc 0.089
[2023-12-28 21:54:10] [INFO]     | distill epoch : 0, acc 0.089
[2023-12-28 21:54:10] [INFO]     | distill epoch : 1, acc 0.089
[2023-12-28 21:54:10] [INFO]     | distill epoch : 2, acc 0.089
[2023-12-28 21:54:11] [INFO]     | distill epoch : 3, acc 0.089
[2023-12-28 21:54:11] [INFO]     | distill epoch : 4, acc 0.089
[2023-12-28 21:54:11] [INFO] |servers comunicated: 5, server aggregated: 0, acc_server 1: 0.089.
[2023-12-28 21:54:11] [INFO] --------------------------------------------------
[2023-12-28 21:54:11] [INFO]   |server: 2
[2023-12-28 21:54:11] [INFO]    -client 6
[2023-12-28 21:54:11] [INFO]     |  local epoch  : 0, acc 0.098
[2023-12-28 21:54:11] [INFO]     |  local epoch  : 1, acc 0.098
[2023-12-28 21:54:11] [INFO]     | distill epoch : 0, acc 0.098
[2023-12-28 21:54:11] [INFO]     | distill epoch : 1, acc 0.098
[2023-12-28 21:54:11] [INFO]     | distill epoch : 2, acc 0.098
[2023-12-28 21:54:11] [INFO]     | distill epoch : 3, acc 0.098
[2023-12-28 21:54:11] [INFO]     | distill epoch : 4, acc 0.098
[2023-12-28 21:54:11] [INFO]    -client 7
[2023-12-28 21:54:11] [INFO]     |  local epoch  : 0, acc 0.098
[2023-12-28 21:54:11] [INFO]     |  local epoch  : 1, acc 0.098
[2023-12-28 21:54:11] [INFO]     | distill epoch : 0, acc 0.098
[2023-12-28 21:54:11] [INFO]     | distill epoch : 1, acc 0.098
[2023-12-28 21:54:11] [INFO]     | distill epoch : 2, acc 0.098
[2023-12-28 21:54:11] [INFO]     | distill epoch : 3, acc 0.098
[2023-12-28 21:54:11] [INFO]     | distill epoch : 4, acc 0.098
[2023-12-28 21:54:11] [INFO]    -client 8
[2023-12-28 21:54:11] [INFO]     |  local epoch  : 0, acc 0.098
[2023-12-28 21:54:11] [INFO]     |  local epoch  : 1, acc 0.098
[2023-12-28 21:54:11] [INFO]     | distill epoch : 0, acc 0.098
[2023-12-28 21:54:11] [INFO]     | distill epoch : 1, acc 0.098
[2023-12-28 21:54:12] [INFO]     | distill epoch : 2, acc 0.098
[2023-12-28 21:54:12] [INFO]     | distill epoch : 3, acc 0.098
[2023-12-28 21:54:12] [INFO]     | distill epoch : 4, acc 0.098
[2023-12-28 21:54:12] [INFO] |servers comunicated: 5, server aggregated: 0, acc_server 2: 0.098.
[2023-12-28 21:54:12] [INFO] --------------------------------------------------
[2023-12-28 21:54:12] [INFO]      ********  servers comunicates  ********      
[2023-12-28 21:54:12] [INFO] ./data/saved-data/mnist_algo_0/alpha_0.5_T_8/server_commu_6_client_commu_1_client_train_2_batch_size_200_num_all_client_9_num_all_server_3_num_client_data_1200_num_public_data_50_proportion_0.8.pt
