[2023-12-28 22:26:22] [INFO] device cuda is used.
[2023-12-28 22:26:22] [INFO] cudnn is actived.
[2023-12-28 22:26:22] [INFO] 
           alpha       :  0.0  
             T         :   8   
         algorithm     :   0   
     num_server_commu  :   2   
     num_client_commu  :   2   
     num_client_train  :   2   
     num_public_train  :   5   
        batch_size     :  200  
          dataset      : mnist 
       model_select    :   1   
      num_all_client   :   9   
      num_all_server   :   3   
      num_client_data  : 1200  
      num_public_data  :  50   
        proportion     :  0.8  

[2023-12-28 22:26:30] [INFO] --------------------------------------------------
[2023-12-28 22:26:30] [INFO] |epoch_server_commu: 0/2
[2023-12-28 22:26:30] [INFO]  |epoch_client_commu: 0/2
[2023-12-28 22:26:30] [INFO]   |server: 0
[2023-12-28 22:26:30] [INFO]    -client 0
[2023-12-28 22:26:30] [INFO]     |  local epoch  : 0, acc 0.101
[2023-12-28 22:26:30] [INFO]     |  local epoch  : 1, acc 0.101
[2023-12-28 22:26:30] [INFO]    -client 1
[2023-12-28 22:26:30] [INFO]     |  local epoch  : 0, acc 0.101
[2023-12-28 22:26:30] [INFO]     |  local epoch  : 1, acc 0.101
[2023-12-28 22:26:30] [INFO]    -client 2
[2023-12-28 22:26:30] [INFO]     |  local epoch  : 0, acc 0.101
[2023-12-28 22:26:31] [INFO]     |  local epoch  : 1, acc 0.101
[2023-12-28 22:26:31] [INFO] |servers comunicated: 0, server aggregated: 0, acc_server 0: 0.101.
[2023-12-28 22:26:31] [INFO] --------------------------------------------------
[2023-12-28 22:26:31] [INFO]   |server: 1
[2023-12-28 22:26:31] [INFO]    -client 3
[2023-12-28 22:26:31] [INFO]     |  local epoch  : 0, acc 0.103
[2023-12-28 22:26:31] [INFO]     |  local epoch  : 1, acc 0.103
[2023-12-28 22:26:31] [INFO]    -client 4
[2023-12-28 22:26:31] [INFO]     |  local epoch  : 0, acc 0.103
[2023-12-28 22:26:31] [INFO]     |  local epoch  : 1, acc 0.103
[2023-12-28 22:26:31] [INFO]    -client 5
[2023-12-28 22:26:31] [INFO]     |  local epoch  : 0, acc 0.103
[2023-12-28 22:26:31] [INFO]     |  local epoch  : 1, acc 0.103
[2023-12-28 22:26:31] [INFO] |servers comunicated: 0, server aggregated: 0, acc_server 1: 0.103.
[2023-12-28 22:26:31] [INFO] --------------------------------------------------
[2023-12-28 22:26:31] [INFO]   |server: 2
[2023-12-28 22:26:31] [INFO]    -client 6
[2023-12-28 22:26:31] [INFO]     |  local epoch  : 0, acc 0.101
[2023-12-28 22:26:31] [INFO]     |  local epoch  : 1, acc 0.101
[2023-12-28 22:26:31] [INFO]    -client 7
[2023-12-28 22:26:31] [INFO]     |  local epoch  : 0, acc 0.101
[2023-12-28 22:26:31] [INFO]     |  local epoch  : 1, acc 0.101
[2023-12-28 22:26:31] [INFO]    -client 8
[2023-12-28 22:26:31] [INFO]     |  local epoch  : 0, acc 0.101
[2023-12-28 22:26:31] [INFO]     |  local epoch  : 1, acc 0.101
[2023-12-28 22:26:31] [INFO] |servers comunicated: 0, server aggregated: 0, acc_server 2: 0.101.
[2023-12-28 22:26:31] [INFO] --------------------------------------------------
[2023-12-28 22:26:31] [INFO]  |epoch_client_commu: 1/2
[2023-12-28 22:26:31] [INFO]   |server: 0
[2023-12-28 22:26:31] [INFO]    -client 0
[2023-12-28 22:26:32] [INFO]     |  local epoch  : 0, acc 0.101
[2023-12-28 22:26:32] [INFO]     |  local epoch  : 1, acc 0.101
[2023-12-28 22:26:32] [INFO]    -client 1
[2023-12-28 22:26:32] [INFO]     |  local epoch  : 0, acc 0.101
[2023-12-28 22:26:32] [INFO]     |  local epoch  : 1, acc 0.101
[2023-12-28 22:26:32] [INFO]    -client 2
[2023-12-28 22:26:32] [INFO]     |  local epoch  : 0, acc 0.101
[2023-12-28 22:26:32] [INFO]     |  local epoch  : 1, acc 0.101
[2023-12-28 22:26:32] [INFO] |servers comunicated: 0, server aggregated: 1, acc_server 0: 0.101.
[2023-12-28 22:26:32] [INFO] --------------------------------------------------
[2023-12-28 22:26:32] [INFO]   |server: 1
[2023-12-28 22:26:32] [INFO]    -client 3
[2023-12-28 22:26:32] [INFO]     |  local epoch  : 0, acc 0.103
[2023-12-28 22:26:32] [INFO]     |  local epoch  : 1, acc 0.103
[2023-12-28 22:26:32] [INFO]    -client 4
[2023-12-28 22:26:32] [INFO]     |  local epoch  : 0, acc 0.103
[2023-12-28 22:26:32] [INFO]     |  local epoch  : 1, acc 0.103
[2023-12-28 22:26:32] [INFO]    -client 5
[2023-12-28 22:26:32] [INFO]     |  local epoch  : 0, acc 0.103
[2023-12-28 22:26:32] [INFO]     |  local epoch  : 1, acc 0.103
[2023-12-28 22:26:32] [INFO] |servers comunicated: 0, server aggregated: 1, acc_server 1: 0.103.
[2023-12-28 22:26:32] [INFO] --------------------------------------------------
[2023-12-28 22:26:32] [INFO]   |server: 2
[2023-12-28 22:26:32] [INFO]    -client 6
[2023-12-28 22:26:32] [INFO]     |  local epoch  : 0, acc 0.101
[2023-12-28 22:26:32] [INFO]     |  local epoch  : 1, acc 0.101
[2023-12-28 22:26:32] [INFO]    -client 7
[2023-12-28 22:26:33] [INFO]     |  local epoch  : 0, acc 0.101
[2023-12-28 22:26:33] [INFO]     |  local epoch  : 1, acc 0.101
[2023-12-28 22:26:33] [INFO]    -client 8
[2023-12-28 22:26:33] [INFO]     |  local epoch  : 0, acc 0.101
[2023-12-28 22:26:33] [INFO]     |  local epoch  : 1, acc 0.101
[2023-12-28 22:26:33] [INFO] |servers comunicated: 0, server aggregated: 1, acc_server 2: 0.101.
[2023-12-28 22:26:33] [INFO] --------------------------------------------------
[2023-12-28 22:26:33] [INFO]      ********  servers comunicates  ********      
[2023-12-28 22:26:33] [INFO] --------------------------------------------------
[2023-12-28 22:26:33] [INFO] |epoch_server_commu: 1/2
[2023-12-28 22:26:33] [INFO]  |epoch_client_commu: 0/2
[2023-12-28 22:26:33] [INFO]   |server: 0
[2023-12-28 22:26:33] [INFO]    -client 0
[2023-12-28 22:26:33] [INFO]     |  local epoch  : 0, acc 0.101
[2023-12-28 22:26:33] [INFO]     |  local epoch  : 1, acc 0.101
[2023-12-28 22:26:33] [INFO]     | distill epoch : 0, acc 0.101
[2023-12-28 22:26:33] [INFO]     | distill epoch : 1, acc 0.101
[2023-12-28 22:26:33] [INFO]     | distill epoch : 2, acc 0.101
[2023-12-28 22:26:33] [INFO]     | distill epoch : 3, acc 0.101
[2023-12-28 22:26:33] [INFO]     | distill epoch : 4, acc 0.101
[2023-12-28 22:26:33] [INFO]    -client 1
[2023-12-28 22:26:34] [INFO]     |  local epoch  : 0, acc 0.101
[2023-12-28 22:26:34] [INFO]     |  local epoch  : 1, acc 0.101
[2023-12-28 22:26:34] [INFO]     | distill epoch : 0, acc 0.101
[2023-12-28 22:26:34] [INFO]     | distill epoch : 1, acc 0.101
[2023-12-28 22:26:34] [INFO]     | distill epoch : 2, acc 0.101
[2023-12-28 22:26:34] [INFO]     | distill epoch : 3, acc 0.101
[2023-12-28 22:26:34] [INFO]     | distill epoch : 4, acc 0.101
[2023-12-28 22:26:34] [INFO]    -client 2
[2023-12-28 22:26:34] [INFO]     |  local epoch  : 0, acc 0.101
[2023-12-28 22:26:34] [INFO]     |  local epoch  : 1, acc 0.101
[2023-12-28 22:26:34] [INFO]     | distill epoch : 0, acc 0.101
[2023-12-28 22:26:34] [INFO]     | distill epoch : 1, acc 0.101
[2023-12-28 22:26:34] [INFO]     | distill epoch : 2, acc 0.101
[2023-12-28 22:26:34] [INFO]     | distill epoch : 3, acc 0.101
[2023-12-28 22:26:34] [INFO]     | distill epoch : 4, acc 0.101
[2023-12-28 22:26:34] [INFO] |servers comunicated: 1, server aggregated: 0, acc_server 0: 0.101.
[2023-12-28 22:26:34] [INFO] --------------------------------------------------
[2023-12-28 22:26:34] [INFO]   |server: 1
[2023-12-28 22:26:34] [INFO]    -client 3
[2023-12-28 22:26:34] [INFO]     |  local epoch  : 0, acc 0.103
[2023-12-28 22:26:34] [INFO]     |  local epoch  : 1, acc 0.103
[2023-12-28 22:26:34] [INFO]     | distill epoch : 0, acc 0.103
[2023-12-28 22:26:35] [INFO]     | distill epoch : 1, acc 0.103
[2023-12-28 22:26:35] [INFO]     | distill epoch : 2, acc 0.103
[2023-12-28 22:26:35] [INFO]     | distill epoch : 3, acc 0.103
[2023-12-28 22:26:35] [INFO]     | distill epoch : 4, acc 0.103
[2023-12-28 22:26:35] [INFO]    -client 4
[2023-12-28 22:26:35] [INFO]     |  local epoch  : 0, acc 0.103
[2023-12-28 22:26:35] [INFO]     |  local epoch  : 1, acc 0.103
[2023-12-28 22:26:35] [INFO]     | distill epoch : 0, acc 0.103
[2023-12-28 22:26:35] [INFO]     | distill epoch : 1, acc 0.103
[2023-12-28 22:26:35] [INFO]     | distill epoch : 2, acc 0.103
[2023-12-28 22:26:35] [INFO]     | distill epoch : 3, acc 0.103
[2023-12-28 22:26:35] [INFO]     | distill epoch : 4, acc 0.103
[2023-12-28 22:26:35] [INFO]    -client 5
[2023-12-28 22:26:35] [INFO]     |  local epoch  : 0, acc 0.103
[2023-12-28 22:26:35] [INFO]     |  local epoch  : 1, acc 0.103
[2023-12-28 22:26:35] [INFO]     | distill epoch : 0, acc 0.103
[2023-12-28 22:26:35] [INFO]     | distill epoch : 1, acc 0.103
[2023-12-28 22:26:35] [INFO]     | distill epoch : 2, acc 0.103
[2023-12-28 22:26:35] [INFO]     | distill epoch : 3, acc 0.103
[2023-12-28 22:26:35] [INFO]     | distill epoch : 4, acc 0.103
[2023-12-28 22:26:36] [INFO] |servers comunicated: 1, server aggregated: 0, acc_server 1: 0.103.
[2023-12-28 22:26:36] [INFO] --------------------------------------------------
[2023-12-28 22:[2023-12-28 22:26:36] [INFO]     |  local epoch  : 0, acc 0.089
[2023-12-28 22:26:36] [INFO]     |  local epoch  : 1, acc 0.089
[2023-12-28 22:26:36] [INFO]     | distill epoch : 0, acc 0.089
[2023-12-28 22:26:36] [INFO]     | distill epoch : 0, acc 0.089
[2023[2023-12-28 22:26:36] [INFO]     | distill epoch : 1, acc 0[2023[2023-12-28 22:26:36] [INFO]     | distill epoch : 2, acc 0[2023[2023-12-28 22:26:36] [INFO]     | distill epoch : 3, acc 0[2023[2023-12-28 22:26:36] [INFO]     | distill epoch : 4, acc 0[2023-12-28 22:26:36] [INFO]     | distill epoc[2023-12-28 22:26[2023-12-28 22:26:36] [INFO]     | distill epoc[2023-12-28 22:26[2023-12-28 22:26:36] [INFO]     | distill epoc[2023-12-28 22:26[2023-12-28 22:26:36] [INFO]     | distill epoc[2023-12-28 22:26[2023-12-28 22:26:36] [INFO] |servers comunicat[2023-12-28 22:26:36] [INFO]     | distill epoch : 2, acc 0.101
[2023-12-28 22:26:36] [INFO]     | distill epoch : 3, acc 0.101
[2023-12-28 22:26:36] [INFO]     | distill epoch : 4, acc 0.101
[2023-12-28 22:26:36] [INFO]    -client 8
[2023-12-28 22:26:36] [INFO]     |  local epoch  : 0, acc 0.101
[2023-12-28 22:26:36] [INFO]     |  local epoch  : 1, acc 0.101
[2023-12-28 22:26:37] [INFO]     | distill epoch : 0, acc 0.101
[2023-12-28 22:26:37] [INFO]     | distill epoch : 1, acc 0.101
[2023-12-28 22:26:37] [INFO]     | distill epoch : 2, acc 0.101
[2023-12-28 22:26:37] [INFO]     | distill epoch : 3, acc 0.101
[2023-12-28 22:26:37] [INFO]     | distill epoch : 4, acc 0.101
[2023-12-28 22:26:37] [INFO] |servers comunicated: 1, server aggregated: 0, acc_server 2: 0.101.
[2023-12-28 22:26:37] [INFO] ----------------------------------------------[2023-12-28 22:26:37] [INFO]     | distill epoch : 2, acc 0.103
[2023-12-28 22:26:37] [INFO]     | distill epoch : 3, acc 0.103
[2023-12-28 22:26:37] [INFO]     | distill epoch : 3, acc 0.103
[2023-12-28 22:26:37] [INFO]     | distill epoch : 3, acc 0.103
[2023-12-28 22:26:37] [INFO]     | distill epoch : 4, acc 0.103
[2023-12-28 22:26:37] [INFO]     | distill epoch : 4, acc 0.103
[2023-12-28 22:26:37] [INFO]     | distill epoch : 4, acc 0.103
[2023-12-28 22:2[2023-12-28 22:26:37] [INF[2023-12-28 22:26:37] [INFO]     |  lo[2023-12-28 22:26:37] [INF[2023-12-28 22:26:37] [INFO]     |  local epoch  : 1, acc 0.103
[2023-12-28 22:26:37] [INFO]     | distill epoch : 0, acc 0.103
[2023-12-28 22:26:37] [INFO]     | distill epoch : 0, acc 0.103
[2023-12-28 22:26:37] [INFO]     | distill epoch : 0, acc 0.103
[2023-12-28 22:26:37] [INFO]     | distill epoch : 1, acc 0.103
[2023-12-28 22:26:38] [INFO]     | distill epoch : 1, acc 0.103
[2023-12-28 22:26:38] [INFO]     | distill epoch : 1, acc 0.103
[2023-12-28 22:26:38] [INFO]     | distill epoch : 2, acc 0.103
[2023-12-28 22:26:38] [INFO]     | distill epoch : 2, acc 0.103
[2023-12-28 22:26:38] [INFO]     | distill epoch : 2, acc 0.103
[2023-12-28 22:26:38] [INFO]     | distill epoch : 3, acc 0.103
[2023-12-28 22:26:38] [INFO]     | distill epoch : 3, acc 0.103
[2023-12-28 22:26:38] [INFO]     | distill epoch : 3, acc 0.103
[2023-12-28 22:26:38] [INFO]     | distill epoch : 4, acc 0.103
[2023-12-28 22:26:38] [INFO]     | distill epoch : 4, acc 0.103
[2023-12-28 22:26:38] [INFO]     | distill epoch : 4, acc 0.103
[2023-12-28 22:26:38] [INFO]    -client 8
[2023-12-28 22:26:38] [INFO]     |  local epoch  : 0, acc 0.103
[2023-12-28 22:26:38] [INFO]     |  local epoch  : 1, acc 0.103
[2023-12-28 22:26:38] [INFO]     | distill epoch : 0, acc 0.103
[2023-12-28 22:26:38] [INFO]     | distill epoch : 0, acc 0.103
[2023-12-28 22:26:38] [INFO]     | distill epoch : 0, acc 0.103
[2023-12-28 22:26:38] [INFO]     | distill epoch : 1, acc 0.103
[2023-12-28 22:26:38] [INFO]     | distill epoch : 1, acc 0.103
[2023-12-28 22:26:39] [INFO]     | distill epoch : 1, acc 0.103
[2023-12-28 22:26:39] [INFO]     | distill epoch : 2, acc 0.103
[2023-12-28 22:26:39] [INFO]     | distill epoch : 2, acc 0.103
[2023-12-28 22:26:39] [INFO]     | distill epoch : 2, acc 0.103
[2023-12-28 22:26:39] [INFO]     | distill epoch : 3, acc 0.103
[2023-12-28 22:26:39] [INFO]     | distill epoch : 3, acc 0.103
[2023-12-28 22:26:39] [INFO]     | distill epoch : 3, acc 0.103
[2023-12-28 22:26:39] [INFO]     | distill epoch : 4, acc 0.103
[2023-12-28 22:26:39] [INFO]     | distill epoch : 4, acc 0.103
[2023-12-28 22:26:39] [INFO]     | distill epoch : 4, acc 0.103
[2023-12-28 22:26:39] [INFO] |servers comunicated: 1, server aggregated: 0, acc_server 2: 0.103.
[2023-12-28 22:26:39] [INFO] --------------------------------------------------
[2023-12-28 22:26:39] [INFO]  |epoch_client_commu: 1/2
[2023-12-28 22:26:39] [INFO]   |server: 0
[2023-12-28 22:26:39] [[2023-12-28 22:26:3[2023-12-28 22:26:39] [INFO]     |  local epo[2023-12-28 22:26:3[2023-12-28 22:26:39] [INFO]     |  local epo[2023-12-28 22:26:3[2023-12-28 22:26:39] [INFO]     | distill ep[2023-12-28 22:26:3[2023-12-28 22:26:39] [INFO]     | distill ep[2023-12-28 22:26:3[2023-12-28 22:26:39] [INFO]     | distill epoch : 2, acc 0.101
[2023-12-28 22:26:39] [INFO]     | distill epoch : 3, acc 0.101
[2023-12-28 22:26:39] [INFO]     | distill epoch : 4, acc 0.101
[2023-12-28 22:26:39] [INFO]    -client 1
[2023-12-28 22:26:40] [INFO]     |  local epoch  : 0, acc 0.101
[2023-12-28 22:26:40] [INFO]     |  local epoch  : 1, acc 0.101
[2023-12-28 22:26:40] [INFO]     | distill epoch : 0, acc 0.101
[2023-12-28 22:26:40] [INFO]     | distill epoch : 1, acc 0.101
[2023-12-28 22:26:40] [INFO]     | distill epoch : 2, acc 0.101
[2023-12-28 22:26:40] [INFO]     | distill epoch : 3, acc 0.101
[2023-12-28 22:26:40] [INFO]     | distill epoch : 4, acc 0.101
[2023-12-28 22:26:40] [INFO]    -client 2
[2023-12-28 22:26:40] [INFO]     |  local epoch  : 0, acc 0.101
[2023-12-28 22:26:40] [INFO]     |  local epoch  : 1, acc 0.101
[2023-12-28 22:26:40] [INFO]     | distill epoch : 0, acc 0.101
[2023-12-28 22:26:40] [INFO]     | distill epoch : 1, acc 0.101
[2023-12-28 22:26:40] [INFO]     | distill epoch : 2, acc 0.101
[2023-12-28 22:26:40] [INFO]     | distill epoch : 3, acc 0.101
[2023-12-28 22:26:40] [INFO]     | distill epoch : 4, acc 0.101
[2023-12-28 22:26:40] [INFO] |servers comunicated: 1, server aggregated: 1, acc_server 0: 0.101.
[2023-12-28 22:26[2023-12-28 22:26:40] [INFO]     |  local epoch  : 1, acc 0.101
[2023-12-28 22:26:40] [INFO]     | distill epoch : 0, acc 0.101
[2023-12-28 22:26:40] [INFO]     | distill epoch : 1, acc 0.101
[2023-12-28 22:26:40] [INFO]     | distill epoch : 2, acc 0.101
[2023-12-28 22:26:41] [INFO]     | distill epoch : 3, acc 0.101
[2023-12-28 22:26:41] [INFO]     | distill epoch : 4, acc 0.101
[2023-12-28 22:26:41] [INFO] |servers comunicated: 1, server aggregated: 1, acc_server 2: 0.101.
[2023-12-28 22:26:41] [INFO] ---------------------[2023-12-28 22:26:41] [INFO]     | distill epoch : 2, acc 0.089
[2023-12-28 22:26:41] [INFO]     | distill epoch : 2, acc 0.089
[2023-12-28 22:26:41] [INFO]     | distill epoch : 3, acc 0.089
[2023-12-28 22:26:41] [INFO]     | distill epoch : 3, acc 0.089
[2023-12-28 22:26:41] [INFO]     | distill epoch : 4, acc 0.089
[2023-12-28 22:26:41] [INFO]     | distill epoch : 4, acc 0.089
[2023-12-28 22:26:41] [INFO]    -client 4
[2023-12-28 22:26:41] [INFO]     |  local epoch  : 0, acc 0.089
[2023-12-28 22:26:41] [INFO]     |  local epoch  : 1, acc 0.089
[2023-12-28 22:26:41] [INFO]     | distill epoch : 0, acc 0.089
[2023-12-28 22:26:41] [INFO]     | distill epoch : 0, acc 0.089
[2023-12-28 22:26:41] [INFO]     | distill epoch : 1, acc 0.089
[2023-12-28 22:26:41] [INFO]     | distill epoch : 1, acc 0.089
[2023-12-28 22:26:41] [INFO]     | distill epoch : 2, acc 0.089
[2023-12-28 22:26:41] [INFO]     | distill epoch : 2, acc 0.089
[2023-12-28 22:26:41] [INFO]     | distill epoch : 3, acc 0.089
[2023-12-28 22:26:41] [INFO]     | distill epoch : 3, acc 0.089
[2023-12-28 22:26:41] [INFO]     | distill epoch : 4, acc 0.089
[2023-12-28 22:26:41] [INFO]     | distill epoch : 4, acc 0.089
[2023-12-28 22:26:41] [INFO]    -client 5
[2023-12-28 22:26:41] [INFO]     |  local epoch  : 0, acc 0.089
[2023-12-28 22:26:42] [INFO]     |  local epoch  : 1, acc 0.089
[2023-12-28 22:26:42] [INFO]     | distill epoch : 0, acc 0.089
[2023-12-28 22:26:42] [INFO]     | distill epoch : 0, acc 0.089
[2023-12-28 22:26:42] [INFO]     | distill epoch : 1, acc 0.089
[2023-12-28 22:26:42] [INFO]     | distill epoch : 1, acc 0.089
[2023-12-28 22:26:42] [INFO]     | distill epoch : 2, acc 0.089
[2023-12-28 22:26:42] [INFO]     | distill epoch : 2, acc 0.089
[2023-12-28 22:26:42] [INFO]     | distill epoch : 3, acc 0.089
[2023-12-28 22:26:42] [INFO]     | distill epoch : 3, acc 0.089
[2023-12-28 22:26:42] [INFO]     | distill epoch : 4, acc 0.089
[2023-12-28 22:26:42] [INFO]     | distill epoch : 4, acc 0.089
[2023-12-28 22:26:42] [INFO] |servers comunicated: 1, server aggregated: 1, acc_server 1: 0.089.
[2023-12-28 22:26:42] [INFO] --------------------------------------------------
[2023-12-28 22:26:42] [INFO]   |server: 2
[2023-12-28 22:26:42] [INFO]    -client 6
[2023-12-28 22:26:42] [INFO]     |  local epoch  : 0, acc 0.103
[2023-12-28 22:26:42] [INFO]     |  local epoch  : 1, acc 0.103
[2023-12-28 22:26:42] [INFO]     | distill epoch : 0, acc 0.103
[2023-12-28 22:26:42] [INFO]     | distill epoch : 0, acc 0.103
[2023-12-28 22:26:42] [INFO]     | distill epoch : 0, acc 0.103
[2023-12-28 22:26:42] [INFO]     | distill epoch : 1, acc 0.103
[2023-12-28 22:26:42] [INFO]     | distill epoch : 1, acc 0.103
[2023-12-28 22:26:42] [INFO]     | distill epoch : 1, acc 0.103
[2023-12-28 22:26:42] [INFO]     | distill epoch : 2, acc 0.103
[2023-12-28 22:26:42] [INFO]     | distill epoch : 2, acc 0.103
[2023-12-28 22:26:43] [INFO]     | distill epoch : 2, acc 0.103
[2023-12-28 22:26:43] [INFO]     | distill epoch : 3, acc 0.103
[2023-12-28 22:26:43] [INFO]     | distill epoch : 3, acc 0.103
[2023-12-28 22:26:43] [INFO]     | distill epoch : 3, acc 0.103
[2023-12-28 22:26:43] [INFO]     | distill epoch : 4, acc 0.103
[2023-12-28 22:26:43] [INFO]     | distill epoch : 4, acc 0.103
[2023-12-28 22:26:43] [INFO]     | distill epoch : 4, acc 0.103
[2023-12-28 22:26:43] [INFO]    -client 7
[2023-12-28 22:26:43] [INFO]     |  local epoch  : 0, acc 0.103
[2023-12-28 22:26:43] [INFO]     |  local epoch  : 1, acc 0.103
[2023-12-28 22:26:43] [INFO]     | distill epoch : 0, acc 0.103
[2023-12-28 22:26:43] [INFO]     | distill epoch : 0, acc 0.103
[2023-12-28 22:26:43] [INFO]     | distill epoch : 0, acc 0.103
[2023-12-28 22:26:43] [INFO]     | distill epoch : 1, acc 0.103
[2023-12-28 22:26:43] [INFO]     | distill epoch : 1, acc 0.103
[2023-12-28 22:26:43] [INFO]     | distill epoch : 1, acc 0.103
[2023-12-28 22:26:43] [INFO]     | distill epoch : 2, acc 0.103
[2023-12-28 22:26:43] [INFO]     | distill epoch : 2, acc 0.103
[2023-12-28 22:26:43] [INFO]     | distill epoch : 2, acc 0.103
[2023-12-28 22:26:43] [INFO]     | distill epoch : 3, acc 0.103
[2023-12-28 22:26:43] [INFO]     | distill epoch : 3, acc 0.103
[2023-12-28 22:26:43] [INFO]     | distill epoch : 3, acc 0.103
[2023-12-28 22:26:43] [INFO]     | distill epoch : 4, acc 0.103
[2023-12-28 22:26:43] [INFO]     | distill epoch : 4, acc 0.103
[2023-12-28 22:26:44] [INFO]     | distill epoch : 4, acc 0.103
[2023-12-28 22:26:44] [INFO]    -client 8
[2023-12-28 22:26:44] [INFO]     |  local epoch  : 0, acc 0.103
[2023-12-28 22:26:44] [INFO]     |  local epoch  : 1, acc 0.103
[2023-12-28 22:26:44] [INFO]     | distill epoch : 0, acc 0.103
[2023-12-28 22:26:44] [INFO]     | distill epoch : 0, acc 0.103
[2023-12-28 22:26:44] [INFO]     | distill epoch : 0, acc 0.103
[2023-12-28 22:26:44] [INFO]     | distill epoch : 1, acc 0.103
[2023-12-28 22:26:44] [INFO]     | distill epoch : 1, acc 0.103
[2023-12-28 22:26:44] [INFO]     | distill epoch : 1, acc 0.103
[2023-12-28 22:26:44] [INFO]     | distill epoch : 2, acc 0.103
[2023-12-28 22:26:44] [INFO]     | distill epoch : 2, acc 0.103
[2023-12-28 22:26:44] [INFO]     | distill epoch : 2, acc 0.103
[2023-12-28 22:26:44] [INFO]     | distill epoch : 3, acc 0.103
[2023-12-28 22:26:44] [INFO]     | distill epoch : 3, acc 0.103
[2023-12-28 22:26:44] [INFO]     | distill epoch : 3, acc 0.103
[2023-12-28 22:26:44] [INFO]     | distill epoch : 4, acc 0.103
[2023-12-28 22:26:44] [INFO]     | distill epoch : 4, acc 0.103
[2023-12-28 22:26:44] [INFO]     | distill epoch : 4, acc 0.103
[2023-12-28 22:26:44] [INFO] |servers comunicated: 1, server aggregated: 1, acc_server 2: 0.103.
[2023-12-28 22:26:44] [INFO] --------------------------------------------------
[2023-12-28 22:26:44] [INFO]      ********  servers comunicates  ********      
[2023-12-28 22:26:44] [INFO] ./data/saved-data/mnist_algo_1/alpha_0.0_T_8/server_commu_2_client_commu_2_client_train_2_batch_size_200_num_all_client_9_num_all_server_3_num_client_data_1200_num_public_data_50_proportion_0.8.pt
