[2023-12-28 21:55:41] [INFO] device cuda is used.
[2023-12-28 21:55:41] [INFO] cudnn is actived.
[2023-12-28 21:55:41] [INFO] 
           alpha       :  0.5  
             T         :   8   
         algorithm     :   0   
     num_server_commu  :   6   
     num_client_commu  :   2   
     num_client_train  :   5   
     num_public_train  :   5   
        batch_size     :  200  
          dataset      : mnist 
       model_select    :   1   
      num_all_client   :   9   
      num_all_server   :   3   
      num_client_data  : 1200  
      num_public_data  :  50   
        proportion     :  0.8  

[2023-12-28 21:55:48] [INFO] --------------------------------------------------
[2023-12-28 21:55:48] [INFO] |epoch_server_commu: 0/6
[2023-12-28 21:55:48] [INFO]  |epoch_client_commu: 0/2
[2023-12-28 21:55:48] [INFO]   |server: 0
[2023-12-28 21:55:48] [INFO]    -client 0
[2023-12-28 21:55:48] [INFO]     |  local epoch  : 0, acc 0.103
[2023-12-28 21:55:48] [INFO]     |  local epoch  : 1, acc 0.103
[2023-12-28 21:55:48] [INFO]     |  local epoch  : 2, acc 0.103
[2023-12-28 21:55:49] [INFO]     |  local epoch  : 3, acc 0.103
[2023-12-28 21:55:49] [INFO]     |  local epoch  : 4, acc 0.103
[2023-12-28 21:55:49] [INFO]    -client 1
[2023-12-28 21:55:49] [INFO]     |  local epoch  : 0, acc 0.103
[2023-12-28 21:55:49] [INFO]     |  local epoch  : 1, acc 0.103
[2023-12-28 21:55:49] [INFO]     |  local epoch  : 2, acc 0.103
[2023-12-28 21:55:49] [INFO]     |  local epoch  : 3, acc 0.103
[2023-12-28 21:55:49] [INFO]     |  local epoch  : 4, acc 0.103
[2023-12-28 21:55:49] [INFO]    -client 2
[2023-12-28 21:55:49] [INFO]     |  local epoch  : 0, acc 0.103
[2023-12-28 21:55:49] [INFO]     |  local epoch  : 1, acc 0.103
[2023-12-28 21:55:49] [INFO]     |  local epoch  : 2, acc 0.103
[2023-12-28 21:55:49] [INFO]     |  local epoch  : 3, acc 0.103
[2023-12-28 21:55:49] [INFO]     |  local epoch  : 4, acc 0.103
[2023-12-28 21:55:49] [INFO] |servers comunicated: 0, server aggregated: 0, acc_server 0: 0.103.
[2023-12-28 21:55:49] [INFO] --------------------------------------------------
[2023-12-28 21:55:49] [INFO]   |server: 1
[2023-12-28 21:55:49] [INFO]    -client 3
[2023-12-28 21:55:49] [INFO]     |  local epoch  : 0, acc 0.114
[2023-12-28 21:55:49] [INFO]     |  local epoch  : 1, acc 0.114
[2023-12-28 21:55:49] [INFO]     |  local epoch  : 2, acc 0.114
[2023-12-28 21:55:49] [INFO]     |  local epoch  : 3, acc 0.114
[2023-12-28 21:55:49] [INFO]     |  local epoch  : 4, acc 0.114
[2023-12-28 21:55:49] [INFO]    -client 4
[2023-12-28 21:55:50] [INFO]     |  local epoch  : 0, acc 0.114
[2023-12-28 21:55:50] [INFO]     |  local epoch  : 1, acc 0.114
[2023-12-28 21:55:50] [INFO]     |  local epoch  : 2, acc 0.114
[2023-12-28 21:55:50] [INFO]     |  local epoch  : 3, acc 0.114
[2023-12-28 21:55:50] [INFO]     |  local epoch  : 4, acc 0.114
[2023-12-28 21:55:50] [INFO]    -client 5
[2023-12-28 21:55:50] [INFO]     |  local epoch  : 0, acc 0.114
[2023-12-28 21:55:50] [INFO]     |  local epoch  : 1, acc 0.114
[2023-12-28 21:55:50] [INFO]     |  local epoch  : 2, acc 0.114
[2023-12-28 21:55:50] [INFO]     |  local epoch  : 3, acc 0.114
[2023-12-28 21:55:50] [INFO]     |  local epoch  : 4, acc 0.114
[2023-12-28 21:55:50] [INFO] |servers comunicated: 0, server aggregated: 0, acc_server 1: 0.114.
[2023-12-28 21:55:50] [INFO] --------------------------------------------------
[2023-12-28 21:55:50] [INFO]   |server: 2
[2023-12-28 21:55:50] [INFO]    -client 6
[2023-12-28 21:55:50] [INFO]     |  local epoch  : 0, acc 0.096
[2023-12-28 21:55:50] [INFO]     |  local epoch  : 1, acc 0.096
[2023-12-28 21:55:50] [INFO]     |  local epoch  : 2, acc 0.096
[2023-12-28 21:55:50] [INFO]     |  local epoch  : 3, acc 0.096
[2023-12-28 21:55:50] [INFO]     |  local epoch  : 4, acc 0.096
[2023-12-28 21:55:50] [INFO]    -client 7
[2023-12-28 21:55:50] [INFO]     |  local epoch  : 0, acc 0.096
[2023-12-28 21:55:50] [INFO]     |  local epoch  : 1, acc 0.096
[2023-12-28 21:55:50] [INFO]     |  local epoch  : 2, acc 0.096
[2023-12-28 21:55:50] [INFO]     |  local epoch  : 3, acc 0.096
[2023-12-28 21:55:51] [INFO]     |  local epoch  : 4, acc 0.096
[2023-12-28 21:55:51] [INFO]    -client 8
[2023-12-28 21:55:51] [INFO]     |  local epoch  : 0, acc 0.096
[2023-12-28 21:55:51] [INFO]     |  local epoch  : 1, acc 0.096
[2023-12-28 21:55:51] [INFO]     |  local epoch  : 2, acc 0.096
[2023-12-28 21:55:51] [INFO]     |  local epoch  : 3, acc 0.096
[2023-12-28 21:55:51] [INFO]     |  local epoch  : 4, acc 0.096
[2023-12-28 21:55:51] [INFO] |servers comunicated: 0, server aggregated: 0, acc_server 2: 0.096.
[2023-12-28 21:55:51] [INFO] --------------------------------------------------
[2023-12-28 21:55:51] [INFO]  |epoch_client_commu: 1/2
[2023-12-28 21:55:51] [INFO]   |server: 0
[2023-12-28 21:55:51] [INFO]    -client 0
[2023-12-28 21:55:51] [INFO]     |  local epoch  : 0, acc 0.103
[2023-12-28 21:55:51] [INFO]     |  local epoch  : 1, acc 0.103
[2023-12-28 21:55:51] [INFO]     |  local epoch  : 2, acc 0.103
[2023-12-28 21:55:51] [INFO]     |  local epoch  : 3, acc 0.103
[2023-12-28 21:55:51] [INFO]     |  local epoch  : 4, acc 0.103
[2023-12-28 21:55:51] [INFO]    -client 1
[2023-12-28 21:55:51] [INFO]     |  local epoch  : 0, acc 0.103
[2023-12-28 21:55:51] [INFO]     |  local epoch  : 1, acc 0.103
[2023-12-28 21:55:51] [INFO]     |  local epoch  : 2, acc 0.103
[2023-12-28 21:55:51] [INFO]     |  local epoch  : 3, acc 0.103
[2023-12-28 21:55:51] [INFO]     |  local epoch  : 4, acc 0.103
[2023-12-28 21:55:51] [INFO]    -client 2
[2023-12-28 21:55:51] [INFO]     |  local epoch  : 0, acc 0.103
[2023-12-28 21:55:51] [INFO]     |  local epoch  : 1, acc 0.103
[2023-12-28 21:55:51] [INFO]     |  local epoch  : 2, acc 0.103
[2023-12-28 21:55:52] [INFO]     |  local epoch  : 3, acc 0.103
[2023-12-28 21:55:52] [INFO]     |  local epoch  : 4, acc 0.103
[2023-12-28 21:55:52] [INFO] |servers comunicated: 0, server aggregated: 1, acc_server 0: 0.103.
[2023-12-28 21:55:52] [INFO] --------------------------------------------------
[2023-12-28 21:55:52] [INFO]   |server: 1
[2023-12-28 21:55:52] [INFO]    -client 3
[2023-12-28 21:55:52] [INFO]     |  local epoch  : 0, acc 0.114
[2023-12-28 21:55:52] [INFO]     |  local epoch  : 1, acc 0.114
[2023-12-28 21:55:52] [INFO]     |  local epoch  : 2, acc 0.114
[2023-12-28 21:55:52] [INFO]     |  local epoch  : 3, acc 0.114
[2023-12-28 21:55:52] [INFO]     |  local epoch  : 4, acc 0.114
[2023-12-28 21:55:52] [INFO]    -client 4
[2023-12-28 21:55:52] [INFO]     |  local epoch  : 0, acc 0.114
[2023-12-28 21:55:52] [INFO]     |  local epoch  : 1, acc 0.114
[2023-12-28 21:55:52] [INFO]     |  local epoch  : 2, acc 0.114
[2023-12-28 21:55:52] [INFO]     |  local epoch  : 3, acc 0.114
[2023-12-28 21:55:52] [INFO]     |  local epoch  : 4, acc 0.114
[2023-12-28 21:55:52] [INFO]    -client 5
[2023-12-28 21:55:52] [INFO]     |  local epoch  : 0, acc 0.114
[2023-12-28 21:55:52] [INFO]     |  local epoch  : 1, acc 0.114
[2023-12-28 21:55:52] [INFO]     |  local epoch  : 2, acc 0.114
[2023-12-28 21:55:52] [INFO]     |  local epoch  : 3, acc 0.114
[2023-12-28 21:55:52] [INFO]     |  local epoch  : 4, acc 0.114
[2023-12-28 21:55:52] [INFO] |servers comunicated: 0, server aggregated: 1, acc_server 1: 0.114.
[2023-12-28 21:55:52] [INFO] --------------------------------------------------
[2023-12-28 21:55:52] [INFO]   |server: 2
[2023-12-28 21:55:52] [INFO]    -client 6
[2023-12-28 21:55:52] [INFO]     |  local epoch  : 0, acc 0.096
[2023-12-28 21:55:53] [INFO]     |  local epoch  : 1, acc 0.096
[2023-12-28 21:55:53] [INFO]     |  local epoch  : 2, acc 0.096
[2023-12-28 21:55:53] [INFO]     |  local epoch  : 3, acc 0.096
[2023-12-28 21:55:53] [INFO]     |  local epoch  : 4, acc 0.096
[2023-12-28 21:55:53] [INFO]    -client 7
[2023-12-28 21:55:53] [INFO]     |  local epoch  : 0, acc 0.096
[2023-12-28 21:55:53] [INFO]     |  local epoch  : 1, acc 0.096
[2023-12-28 21:55:53] [INFO]     |  local epoch  : 2, acc 0.096
[2023-12-28 21:55:53] [INFO]     |  local epoch  : 3, acc 0.096
[2023-12-28 21:55:53] [INFO]     |  local epoch  : 4, acc 0.096
[2023-12-28 21:55:53] [INFO]    -client 8
[2023-12-28 21:55:53] [INFO]     |  local epoch  : 0, acc 0.096
[2023-12-28 21:55:53] [INFO]     |  local epoch  : 1, acc 0.096
[2023-12-28 21:55:53] [INFO]     |  local epoch  : 2, acc 0.096
[2023-12-28 21:55:53] [INFO]     |  local epoch  : 3, acc 0.096
[2023-12-28 21:55:53] [INFO]     |  local epoch  : 4, acc 0.096
[2023-12-28 21:55:53] [INFO] |servers comunicated: 0, server aggregated: 1, acc_server 2: 0.096.
[2023-12-28 21:55:53] [INFO] --------------------------------------------------
[2023-12-28 21:55:53] [INFO]      ********  servers comunicates  ********      
[2023-12-28 21:55:53] [INFO] --------------------------------------------------
[2023-12-28 21:55:53] [INFO] |epoch_server_commu: 1/6
[2023-12-28 21:55:53] [INFO]  |epoch_client_commu: 0/2
[2023-12-28 21:55:53] [INFO]   |server: 0
[2023-12-28 21:55:53] [INFO]    -client 0
[2023-12-28 21:55:53] [INFO]     |  local epoch  : 0, acc 0.103
[2023-12-28 21:55:53] [INFO]     |  local epoch  : 1, acc 0.103
[2023-12-28 21:55:53] [INFO]     |  local epoch  : 2, acc 0.103
[2023-12-28 21:55:53] [INFO]     |  local epoch  : 3, acc 0.109
[2023-12-28 21:55:53] [INFO]     |  local epoch  : 4, acc 0.181
[2023-12-28 21:55:54] [INFO]     | distill epoch : 0, acc 0.237
[2023-12-28 21:55:54] [INFO]     | distill epoch : 1, acc 0.302
[2023-12-28 21:55:54] [INFO]     | distill epoch : 2, acc 0.348
[2023-12-28 21:55:54] [INFO]     | distill epoch : 3, acc 0.356
[2023-12-28 21:55:54] [INFO]     | distill epoch : 4, acc 0.344
[2023-12-28 21:55:54] [INFO]    -client 1
[2023-12-28 21:55:54] [INFO]     |  local epoch  : 0, acc 0.103
[2023-12-28 21:55:54] [INFO]     |  local epoch  : 1, acc 0.103
[2023-12-28 21:55:54] [INFO]     |  local epoch  : 2, acc 0.103
[2023-12-28 21:55:54] [INFO]     |  local epoch  : 3, acc 0.105
[2023-12-28 21:55:54] [INFO]     |  local epoch  : 4, acc 0.123
[2023-12-28 21:55:54] [INFO]     | distill epoch : 0, acc 0.142
[2023-12-28 21:55:54] [INFO]     | distill epoch : 1, acc 0.169
[2023-12-28 21:55:54] [INFO]     | distill epoch : 2, acc 0.195
[2023-12-28 21:55:54] [INFO]     | distill epoch : 3, acc 0.224
[2023-12-28 21:55:54] [INFO]     | distill epoch : 4, acc 0.236
[2023-12-28 21:55:54] [INFO]    -client 2
[2023-12-28 21:55:55] [INFO]     |  local epoch  : 0, acc 0.103
[2023-12-28 21:55:55] [INFO]     |  local epoch  : 1, acc 0.103
[2023-12-28 21:55:55] [INFO]     |  local epoch  : 2, acc 0.103
[2023-12-28 21:55:55] [INFO]     |  local epoch  : 3, acc 0.104
[2023-12-28 21:55:55] [INFO]     |  local epoch  : 4, acc 0.130
[2023-12-28 21:55:55] [INFO]     | distill epoch : 0, acc 0.166
[2023-12-28 21:55:55] [INFO]     | distill epoch : 1, acc 0.216
[2023-12-28 21:55:55] [INFO]     | distill epoch : 2, acc 0.265
[2023-12-28 21:55:55] [INFO]     | distill epoch : 3, acc 0.307
[2023-12-28 21:55:55] [INFO]     | distill epoch : 4, acc 0.332
[2023-12-28 21:55:55] [INFO] |servers comunicated: 1, server aggregated: 0, acc_server 0: 0.302.
[2023-12-28 21:55:55] [INFO] --------------------------------------------------
[2023-12-28 21:55:55] [INFO]   |server: 1
[2023-12-28 21:55:55] [INFO]    -client 3
[2023-12-28 21:55:55] [INFO]     |  local epoch  : 0, acc 0.114
[2023-12-28 21:55:55] [INFO]     |  local epoch  : 1, acc 0.137
[2023-12-28 21:55:55] [INFO]     |  local epoch  : 2, acc 0.176
[2023-12-28 21:55:55] [INFO]     |  local epoch  : 3, acc 0.222
[2023-12-28 21:55:55] [INFO]     |  local epoch  : 4, acc 0.251
[2023-12-28 21:55:55] [INFO]     | distill epoch : 0, acc 0.291
[2023-12-28 21:55:55] [INFO]     | distill epoch : 1, acc 0.337
[2023-12-28 21:55:55] [INFO]     | distill epoch : 2, acc 0.381
[2023-12-28 21:55:55] [INFO]     | distill epoch : 3, acc 0.412
[2023-12-28 21:55:55] [INFO]     | distill epoch : 4, acc 0.423
[2023-12-28 21:55:55] [INFO]    -client 4
[2023-12-28 21:55:56] [INFO]     |  local epoch  : 0, acc 0.114
[2023-12-28 21:55:56] [INFO]     |  local epoch  : 1, acc 0.136
[2023-12-28 21:55:56] [INFO]     |  local epoch  : 2, acc 0.192
[2023-12-28 21:55:56] [INFO]     |  local epoch  : 3, acc 0.242
[2023-12-28 21:55:56] [INFO]     |  local epoch  : 4, acc 0.294
[2023-12-28 21:55:56] [INFO]     | distill epoch : 0, acc 0.317
[2023-12-28 21:55:56] [INFO]     | distill epoch : 1, acc 0.335
[2023-12-28 21:55:56] [INFO]     | distill epoch : 2, acc 0.347
[2023-12-28 21:55:56] [INFO]     | distill epoch : 3, acc 0.351
[2023-12-28 21:55:56] [INFO]     | distill epoch : 4, acc 0.353
[2023-12-28 21:55:56] [INFO]    -client 5
[2023-12-28 21:55:56] [INFO]     |  local epoch  : 0, acc 0.114
[2023-12-28 21:55:56] [INFO]     |  local epoch  : 1, acc 0.117
[2023-12-28 21:55:56] [INFO]     |  local epoch  : 2, acc 0.158
[2023-12-28 21:55:56] [INFO]     |  local epoch  : 3, acc 0.196
[2023-12-28 21:55:56] [INFO]     |  local epoch  : 4, acc 0.255
[2023-12-28 21:55:56] [INFO]     | distill epoch : 0, acc 0.290
[2023-12-28 21:55:56] [INFO]     | distill epoch : 1, acc 0.315
[2023-12-28 21:55:56] [INFO]     | distill epoch : 2, acc 0.330
[2023-12-28 21:55:56] [INFO]     | distill epoch : 3, acc 0.339
[2023-12-28 21:55:56] [INFO]     | distill epoch : 4, acc 0.337
[2023-12-28 21:55:56] [INFO] |servers comunicated: 1, server aggregated: 0, acc_server 1: 0.378.
[2023-12-28 21:55:56] [INFO] --------------------------------------------------
[2023-12-28 21:55:56] [INFO]   |server: 2
[2023-12-28 21:55:56] [INFO]    -client 6
[2023-12-28 21:55:57] [INFO]     |  local epoch  : 0, acc 0.096
[2023-12-28 21:55:57] [INFO]     |  local epoch  : 1, acc 0.096
[2023-12-28 21:55:57] [INFO]     |  local epoch  : 2, acc 0.096
[2023-12-28 21:55:57] [INFO]     |  local epoch  : 3, acc 0.096
[2023-12-28 21:55:57] [INFO]     |  local epoch  : 4, acc 0.096
[2023-12-28 21:55:57] [INFO]     | distill epoch : 0, acc 0.096
[2023-12-28 21:55:57] [INFO]     | distill epoch : 1, acc 0.096
[2023-12-28 21:55:57] [INFO]     | distill epoch : 2, acc 0.098
[2023-12-28 21:55:57] [INFO]     | distill epoch : 3, acc 0.103
[2023-12-28 21:55:57] [INFO]     | distill epoch : 4, acc 0.115
[2023-12-28 21:55:57] [INFO]    -client 7
[2023-12-28 21:55:57] [INFO]     |  local epoch  : 0, acc 0.096
[2023-12-28 21:55:57] [INFO]     |  local epoch  : 1, acc 0.096
[2023-12-28 21:55:57] [INFO]     |  local epoch  : 2, acc 0.096
[2023-12-28 21:55:57] [INFO]     |  local epoch  : 3, acc 0.096
[2023-12-28 21:55:57] [INFO]     |  local epoch  : 4, acc 0.096
[2023-12-28 21:55:57] [INFO]     | distill epoch : 0, acc 0.096
[2023-12-28 21:55:57] [INFO]     | distill epoch : 1, acc 0.096
[2023-12-28 21:55:57] [INFO]     | distill epoch : 2, acc 0.096
[2023-12-28 21:55:57] [INFO]     | distill epoch : 3, acc 0.097
[2023-12-28 21:55:57] [INFO]     | distill epoch : 4, acc 0.106
[2023-12-28 21:55:57] [INFO]    -client 8
[2023-12-28 21:55:57] [INFO]     |  local epoch  : 0, acc 0.096
[2023-12-28 21:55:58] [INFO]     |  local epoch  : 1, acc 0.096
[2023-12-28 21:55:58] [INFO]     |  local epoch  : 2, acc 0.096
[2023-12-28 21:55:58] [INFO]     |  local epoch  : 3, acc 0.096
[2023-12-28 21:55:58] [INFO]     |  local epoch  : 4, acc 0.096
[2023-12-28 21:55:58] [INFO]     | distill epoch : 0, acc 0.096
[2023-12-28 21:55:58] [INFO]     | distill epoch : 1, acc 0.098
[2023-12-28 21:55:58] [INFO]     | distill epoch : 2, acc 0.109
[2023-12-28 21:55:58] [INFO]     | distill epoch : 3, acc 0.142
[2023-12-28 21:55:58] [INFO]     | distill epoch : 4, acc 0.183
[2023-12-28 21:55:58] [INFO] |servers comunicated: 1, server aggregated: 0, acc_server 2: 0.112.
[2023-12-28 21:55:58] [INFO] --------------------------------------------------
[2023-12-28 21:55:58] [INFO]  |epoch_client_commu: 1/2
[2023-12-28 21:55:58] [INFO]   |server: 0
[2023-12-28 21:55:58] [INFO]    -client 0
[2023-12-28 21:55:58] [INFO]     |  local epoch  : 0, acc 0.164
[2023-12-28 21:55:58] [INFO]     |  local epoch  : 1, acc 0.285
[2023-12-28 21:55:58] [INFO]     |  local epoch  : 2, acc 0.332
[2023-12-28 21:55:58] [INFO]     |  local epoch  : 3, acc 0.371
[2023-12-28 21:55:58] [INFO]     |  local epoch  : 4, acc 0.373
[2023-12-28 21:55:58] [INFO]     | distill epoch : 0, acc 0.428
[2023-12-28 21:55:58] [INFO]     | distill epoch : 1, acc 0.486
[2023-12-28 21:55:58] [INFO]     | distill epoch : 2, acc 0.504
[2023-12-28 21:55:58] [INFO]     | distill epoch : 3, acc 0.518
[2023-12-28 21:55:58] [INFO]     | distill epoch : 4, acc 0.542
[2023-12-28 21:55:58] [INFO]    -client 1
[2023-12-28 21:55:59] [INFO]     |  local epoch  : 0, acc 0.153
[2023-12-28 21:55:59] [INFO]     |  local epoch  : 1, acc 0.294
[2023-12-28 21:55:59] [INFO]     |  local epoch  : 2, acc 0.293
[2023-12-28 21:55:59] [INFO]     |  local epoch  : 3, acc 0.317
[2023-12-28 21:55:59] [INFO]     |  local epoch  : 4, acc 0.345
[2023-12-28 21:55:59] [INFO]     | distill epoch : 0, acc 0.389
[2023-12-28 21:55:59] [INFO]     | distill epoch : 1, acc 0.418
[2023-12-28 21:55:59] [INFO]     | distill epoch : 2, acc 0.435
[2023-12-28 21:55:59] [INFO]     | distill epoch : 3, acc 0.456
[2023-12-28 21:55:59] [INFO]     | distill epoch : 4, acc 0.476
[2023-12-28 21:55:59] [INFO]    -client 2
[2023-12-28 21:55:59] [INFO]     |  local epoch  : 0, acc 0.158
[2023-12-28 21:55:59] [INFO]     |  local epoch  : 1, acc 0.248
[2023-12-28 21:55:59] [INFO]     |  local epoch  : 2, acc 0.281
[2023-12-28 21:55:59] [INFO]     |  local epoch  : 3, acc 0.336
[2023-12-28 21:55:59] [INFO]     |  local epoch  : 4, acc 0.384
[2023-12-28 21:55:59] [INFO]     | distill epoch : 0, acc 0.430
[2023-12-28 21:55:59] [INFO]     | distill epoch : 1, acc 0.473
[2023-12-28 21:55:59] [INFO]     | distill epoch : 2, acc 0.491
[2023-12-28 21:55:59] [INFO]     | distill epoch : 3, acc 0.531
[2023-12-28 21:55:59] [INFO]     | distill epoch : 4, acc 0.553
[2023-12-28 21:55:59] [INFO] |servers comunicated: 1, server aggregated: 1, acc_server 0: 0.511.
[2023-12-28 21:55:59] [INFO] --------------------------------------------------
[2023-12-28 21:55:59] [INFO]   |server: 1
[2023-12-28 21:55:59] [INFO]    -client 3
[2023-12-28 21:56:00] [INFO]     |  local epoch  : 0, acc 0.313
[2023-12-28 21:56:00] [INFO]     |  local epoch  : 1, acc 0.365
[2023-12-28 21:56:00] [INFO]     |  local epoch  : 2, acc 0.391
[2023-12-28 21:56:00] [INFO]     |  local epoch  : 3, acc 0.422
[2023-12-28 21:56:00] [INFO]     |  local epoch  : 4, acc 0.453
[2023-12-28 21:56:00] [INFO]     | distill epoch : 0, acc 0.478
[2023-12-28 21:56:00] [INFO]     | distill epoch : 1, acc 0.498
[2023-12-28 21:56:00] [INFO]     | distill epoch : 2, acc 0.518
[2023-12-28 21:56:00] [INFO]     | distill epoch : 3, acc 0.529
[2023-12-28 21:56:00] [INFO]     | distill epoch : 4, acc 0.541
[2023-12-28 21:56:00] [INFO]    -client 4
[2023-12-28 21:56:00] [INFO]     |  local epoch  : 0, acc 0.306
[2023-12-28 21:56:00] [INFO]     |  local epoch  : 1, acc 0.353
[2023-12-28 21:56:00] [INFO]     |  local epoch  : 2, acc 0.417
[2023-12-28 21:56:00] [INFO]     |  local epoch  : 3, acc 0.430
[2023-12-28 21:56:00] [INFO]     |  local epoch  : 4, acc 0.462
[2023-12-28 21:56:00] [INFO]     | distill epoch : 0, acc 0.509
[2023-12-28 21:56:00] [INFO]     | distill epoch : 1, acc 0.536
[2023-12-28 21:56:00] [INFO]     | distill epoch : 2, acc 0.548
[2023-12-28 21:56:00] [INFO]     | distill epoch : 3, acc 0.557
[2023-12-28 21:56:00] [INFO]     | distill epoch : 4, acc 0.568
[2023-12-28 21:56:00] [INFO]    -client 5
[2023-12-28 21:56:00] [INFO]     |  local epoch  : 0, acc 0.314
[2023-12-28 21:56:01] [INFO]     |  local epoch  : 1, acc 0.409
[2023-12-28 21:56:01] [INFO]     |  local epoch  : 2, acc 0.477
[2023-12-28 21:56:01] [INFO]     |  local epoch  : 3, acc 0.473
[2023-12-28 21:56:01] [INFO]     |  local epoch  : 4, acc 0.476
[2023-12-28 21:56:01] [INFO]     | distill epoch : 0, acc 0.508
[2023-12-28 21:56:01] [INFO]     | distill epoch : 1, acc 0.526
[2023-12-28 21:56:01] [INFO]     | distill epoch : 2, acc 0.536
[2023-12-28 21:56:01] [INFO]     | distill epoch : 3, acc 0.542
[2023-12-28 21:56:01] [INFO]     | distill epoch : 4, acc 0.553
[2023-12-28 21:56:01] [INFO] |servers comunicated: 1, server aggregated: 1, acc_server 1: 0.558.
[2023-12-28 21:56:01] [INFO] --------------------------------------------------
[2023-12-28 21:56:01] [INFO]   |server: 2
[2023-12-28 21:56:01] [INFO]    -client 6
[2023-12-28 21:56:01] [INFO]     |  local epoch  : 0, acc 0.096
[2023-12-28 21:56:01] [INFO]     |  local epoch  : 1, acc 0.101
[2023-12-28 21:56:01] [INFO]     |  local epoch  : 2, acc 0.121
[2023-12-28 21:56:01] [INFO]     |  local epoch  : 3, acc 0.174
[2023-12-28 21:56:01] [INFO]     |  local epoch  : 4, acc 0.224
[2023-12-28 21:56:01] [INFO]     | distill epoch : 0, acc 0.283
[2023-12-28 21:56:01] [INFO]     | distill epoch : 1, acc 0.331
[2023-12-28 21:56:01] [INFO]     | distill epoch : 2, acc 0.354
[2023-12-28 21:56:01] [INFO]     | distill epoch : 3, acc 0.365
[2023-12-28 21:56:01] [INFO]     | distill epoch : 4, acc 0.381
[2023-12-28 21:56:01] [INFO]    -client 7
[2023-12-28 21:56:02] [INFO]     |  local epoch  : 0, acc 0.096
[2023-12-28 21:56:02] [INFO]     |  local epoch  : 1, acc 0.096
[2023-12-28 21:56:02] [INFO]     |  local epoch  : 2, acc 0.116
[2023-12-28 21:56:02] [INFO]     |  local epoch  : 3, acc 0.170
[2023-12-28 21:56:02] [INFO]     |  local epoch  : 4, acc 0.245
[2023-12-28 21:56:02] [INFO]     | distill epoch : 0, acc 0.332
[2023-12-28 21:56:02] [INFO]     | distill epoch : 1, acc 0.416
[2023-12-28 21:56:02] [INFO]     | distill epoch : 2, acc 0.444
[2023-12-28 21:56:02] [INFO]     | distill epoch : 3, acc 0.455
[2023-12-28 21:56:02] [INFO]     | distill epoch : 4, acc 0.467
[2023-12-28 21:56:02] [INFO]    -client 8
[2023-12-28 21:56:02] [INFO]     |  local epoch  : 0, acc 0.096
[2023-12-28 21:56:02] [INFO]     |  local epoch  : 1, acc 0.099
[2023-12-28 21:56:02] [INFO]     |  local epoch  : 2, acc 0.124
[2023-12-28 21:56:02] [INFO]     |  local epoch  : 3, acc 0.197
[2023-12-28 21:56:02] [INFO]     |  local epoch  : 4, acc 0.249
[2023-12-28 21:56:02] [INFO]     | distill epoch : 0, acc 0.289
[2023-12-28 21:56:02] [INFO]     | distill epoch : 1, acc 0.330
[2023-12-28 21:56:02] [INFO]     | distill epoch : 2, acc 0.352
[2023-12-28 21:56:02] [INFO]     | distill epoch : 3, acc 0.361
[2023-12-28 21:56:02] [INFO]     | distill epoch : 4, acc 0.376
[2023-12-28 21:56:02] [INFO] |servers comunicated: 1, server aggregated: 1, acc_server 2: 0.396.
[2023-12-28 21:56:02] [INFO] --------------------------------------------------
[2023-12-28 21:56:02] [INFO]      ********  servers comunicates  ********      
[2023-12-28 21:56:02] [INFO] --------------------------------------------------
[2023-12-28 21:56:02] [INFO] |epoch_server_commu: 2/6
[2023-12-28 21:56:02] [INFO]  |epoch_client_commu: 0/2
[2023-12-28 21:56:02] [INFO]   |server: 0
[2023-12-28 21:56:03] [INFO]    -client 0
[2023-12-28 21:56:03] [INFO]     |  local epoch  : 0, acc 0.355
[2023-12-28 21:56:03] [INFO]     |  local epoch  : 1, acc 0.501
[2023-12-28 21:56:03] [INFO]     |  local epoch  : 2, acc 0.488
[2023-12-28 21:56:03] [INFO]     |  local epoch  : 3, acc 0.593
[2023-12-28 21:56:03] [INFO]     |  local epoch  : 4, acc 0.645
[2023-12-28 21:56:03] [INFO]     | distill epoch : 0, acc 0.708
[2023-12-28 21:56:03] [INFO]     | distill epoch : 1, acc 0.705
[2023-12-28 21:56:03] [INFO]     | distill epoch : 2, acc 0.701
[2023-12-28 21:56:03] [INFO]     | distill epoch : 3, acc 0.700
[2023-12-28 21:56:03] [INFO]     | distill epoch : 4, acc 0.706
[2023-12-28 21:56:03] [INFO]    -client 1
[2023-12-28 21:56:03] [INFO]     |  local epoch  : 0, acc 0.339
[2023-12-28 21:56:03] [INFO]     |  local epoch  : 1, acc 0.525
[2023-12-28 21:56:03] [INFO]     |  local epoch  : 2, acc 0.531
[2023-12-28 21:56:03] [INFO]     |  local epoch  : 3, acc 0.589
[2023-12-28 21:56:03] [INFO]     |  local epoch  : 4, acc 0.614
[2023-12-28 21:56:03] [INFO]     | distill epoch : 0, acc 0.664
[2023-12-28 21:56:03] [INFO]     | distill epoch : 1, acc 0.684
[2023-12-28 21:56:03] [INFO]     | distill epoch : 2, acc 0.696
[2023-12-28 21:56:03] [INFO]     | distill epoch : 3, acc 0.701
[2023-12-28 21:56:04] [INFO]     | distill epoch : 4, acc 0.705
[2023-12-28 21:56:04] [INFO]    -client 2
[2023-12-28 21:56:04] [INFO]     |  local epoch  : 0, acc 0.378
[2023-12-28 21:56:04] [INFO]     |  local epoch  : 1, acc 0.534
[2023-12-28 21:56:04] [INFO]     |  local epoch  : 2, acc 0.580
[2023-12-28 21:56:04] [INFO]     |  local epoch  : 3, acc 0.642
[2023-12-28 21:56:04] [INFO]     |  local epoch  : 4, acc 0.632
[2023-12-28 21:56:04] [INFO]     | distill epoch : 0, acc 0.685
[2023-12-28 21:56:04] [INFO]     | distill epoch : 1, acc 0.694
[2023-12-28 21:56:04] [INFO]     | distill epoch : 2, acc 0.704
[2023-12-28 21:56:04] [INFO]     | distill epoch : 3, acc 0.708
[2023-12-28 21:56:04] [INFO]     | distill epoch : 4, acc 0.713
[2023-12-28 21:56:04] [INFO] |servers comunicated: 2, server aggregated: 0, acc_server 0: 0.714.
[2023-12-28 21:56:04] [INFO] --------------------------------------------------
[2023-12-28 21:56:04] [INFO]   |server: 1
[2023-12-28 21:56:04] [INFO]    -client 3
[2023-12-28 21:56:04] [INFO]     |  local epoch  : 0, acc 0.529
[2023-12-28 21:56:04] [INFO]     |  local epoch  : 1, acc 0.560
[2023-12-28 21:56:04] [INFO]     |  local epoch  : 2, acc 0.581
[2023-12-28 21:56:04] [INFO]     |  local epoch  : 3, acc 0.638
[2023-12-28 21:56:04] [INFO]     |  local epoch  : 4, acc 0.657
[2023-12-28 21:56:04] [INFO]     | distill epoch : 0, acc 0.666
[2023-12-28 21:56:04] [INFO]     | distill epoch : 1, acc 0.651
[2023-12-28 21:56:04] [INFO]     | distill epoch : 2, acc 0.647
[2023-12-28 21:56:04] [INFO]     | distill epoch : 3, acc 0.645
[2023-12-28 21:56:05] [INFO]     | distill epoch : 4, acc 0.652
[2023-12-28 21:56:05] [INFO]    -client 4
[2023-12-28 21:56:05] [INFO]     |  local epoch  : 0, acc 0.501
[2023-12-28 21:56:05] [INFO]     |  local epoch  : 1, acc 0.571
[2023-12-28 21:56:05] [INFO]     |  local epoch  : 2, acc 0.599
[2023-12-28 21:56:05] [INFO]     |  local epoch  : 3, acc 0.651
[2023-12-28 21:56:05] [INFO]     |  local epoch  : 4, acc 0.640
[2023-12-28 21:56:05] [INFO]     | distill epoch : 0, acc 0.666
[2023-12-28 21:56:05] [INFO]     | distill epoch : 1, acc 0.663
[2023-12-28 21:56:05] [INFO]     | distill epoch : 2, acc 0.657
[2023-12-28 21:56:05] [INFO]     | distill epoch : 3, acc 0.654
[2023-12-28 21:56:05] [INFO]     | distill epoch : 4, acc 0.661
[2023-12-28 21:56:05] [INFO]    -client 5
[2023-12-28 21:56:05] [INFO]     |  local epoch  : 0, acc 0.505
[2023-12-28 21:56:05] [INFO]     |  local epoch  : 1, acc 0.565
[2023-12-28 21:56:05] [INFO]     |  local epoch  : 2, acc 0.634
[2023-12-28 21:56:05] [INFO]     |  local epoch  : 3, acc 0.640
[2023-12-28 21:56:05] [INFO]     |  local epoch  : 4, acc 0.656
[2023-12-28 21:56:05] [INFO]     | distill epoch : 0, acc 0.664
[2023-12-28 21:56:05] [INFO]     | distill epoch : 1, acc 0.659
[2023-12-28 21:56:05] [INFO]     | distill epoch : 2, acc 0.653
[2023-12-28 21:56:05] [INFO]     | distill epoch : 3, acc 0.659
[2023-12-28 21:56:05] [INFO]     | distill epoch : 4, acc 0.665
[2023-12-28 21:56:06] [INFO] |servers comunicated: 2, server aggregated: 0, acc_server 1: 0.661.
[2023-12-28 21:56:06] [INFO] --------------------------------------------------
[2023-12-28 21:56:06] [INFO]   |server: 2
[2023-12-28 21:56:06] [INFO]    -client 6
[2023-12-28 21:56:06] [INFO]     |  local epoch  : 0, acc 0.251
[2023-12-28 21:56:06] [INFO]     |  local epoch  : 1, acc 0.455
[2023-12-28 21:56:06] [INFO]     |  local epoch  : 2, acc 0.437
[2023-12-28 21:56:06] [INFO]     |  local epoch  : 3, acc 0.541
[2023-12-28 21:56:06] [INFO]     |  local epoch  : 4, acc 0.597
[2023-12-28 21:56:06] [INFO]     | distill epoch : 0, acc 0.667
[2023-12-28 21:56:06] [INFO]     | distill epoch : 1, acc 0.676
[2023-12-28 21:56:06] [INFO]     | distill epoch : 2, acc 0.671
[2023-12-28 21:56:06] [INFO]     | distill epoch : 3, acc 0.660
[2023-12-28 21:56:06] [INFO]     | distill epoch : 4, acc 0.667
[2023-12-28 21:56:06] [INFO]    -client 7
[2023-12-28 21:56:06] [INFO]     |  local epoch  : 0, acc 0.201
[2023-12-28 21:56:06] [INFO]     |  local epoch  : 1, acc 0.430
[2023-12-28 21:56:06] [INFO]     |  local epoch  : 2, acc 0.412
[2023-12-28 21:56:06] [INFO]     |  local epoch  : 3, acc 0.458
[2023-12-28 21:56:06] [INFO]     |  local epoch  : 4, acc 0.596
[2023-12-28 21:56:06] [INFO]     | distill epoch : 0, acc 0.662
[2023-12-28 21:56:06] [INFO]     | distill epoch : 1, acc 0.664
[2023-12-28 21:56:06] [INFO]     | distill epoch : 2, acc 0.649
[2023-12-28 21:56:06] [INFO]     | distill epoch : 3, acc 0.650
[2023-12-28 21:56:07] [INFO]     | distill epoch : 4, acc 0.651
[2023-12-28 21:56:07] [INFO]    -client 8
[2023-12-28 21:56:07] [INFO]     |  local epoch  : 0, acc 0.223
[2023-12-28 21:56:07] [INFO]     |  local epoch  : 1, acc 0.405
[2023-12-28 21:56:07] [INFO]     |  local epoch  : 2, acc 0.478
[2023-12-28 21:56:07] [INFO]     |  local epoch  : 3, acc 0.576
[2023-12-28 21:56:07] [INFO]     |  local epoch  : 4, acc 0.559
[2023-12-28 21:56:07] [INFO]     | distill epoch : 0, acc 0.649
[2023-12-28 21:56:07] [INFO]     | distill epoch : 1, acc 0.680
[2023-12-28 21:56:07] [INFO]     | distill epoch : 2, acc 0.676
[2023-12-28 21:56:07] [INFO]     | distill epoch : 3, acc 0.670
[2023-12-28 21:56:07] [INFO]     | distill epoch : 4, acc 0.678
[2023-12-28 21:56:07] [INFO] |servers comunicated: 2, server aggregated: 0, acc_server 2: 0.666.
[2023-12-28 21:56:07] [INFO] --------------------------------------------------
[2023-12-28 21:56:07] [INFO]  |epoch_client_commu: 1/2
[2023-12-28 21:56:07] [INFO]   |server: 0
[2023-12-28 21:56:07] [INFO]    -client 0
[2023-12-28 21:56:07] [INFO]     |  local epoch  : 0, acc 0.546
[2023-12-28 21:56:07] [INFO]     |  local epoch  : 1, acc 0.712
[2023-12-28 21:56:07] [INFO]     |  local epoch  : 2, acc 0.652
[2023-12-28 21:56:07] [INFO]     |  local epoch  : 3, acc 0.685
[2023-12-28 21:56:07] [INFO]     |  local epoch  : 4, acc 0.686
[2023-12-28 21:56:07] [INFO]     | distill epoch : 0, acc 0.770
[2023-12-28 21:56:07] [INFO]     | distill epoch : 1, acc 0.769
[2023-12-28 21:56:07] [INFO]     | distill epoch : 2, acc 0.776
[2023-12-28 21:56:07] [INFO]     | distill epoch : 3, acc 0.764
[2023-12-28 21:56:08] [INFO]     | distill epoch : 4, acc 0.782
[2023-12-28 21:56:08] [INFO]    -client 1
[2023-12-28 21:56:08] [INFO]     |  local epoch  : 0, acc 0.559
[2023-12-28 21:56:08] [INFO]     |  local epoch  : 1, acc 0.678
[2023-12-28 21:56:08] [INFO]     |  local epoch  : 2, acc 0.692
[2023-12-28 21:56:08] [INFO]     |  local epoch  : 3, acc 0.687
[2023-12-28 21:56:08] [INFO]     |  local epoch  : 4, acc 0.749
[2023-12-28 21:56:08] [INFO]     | distill epoch : 0, acc 0.772
[2023-12-28 21:56:08] [INFO]     | distill epoch : 1, acc 0.777
[2023-12-28 21:56:08] [INFO]     | distill epoch : 2, acc 0.781
[2023-12-28 21:56:08] [INFO]     | distill epoch : 3, acc 0.777
[2023-12-28 21:56:08] [INFO]     | distill epoch : 4, acc 0.789
[2023-12-28 21:56:08] [INFO]    -client 2
[2023-12-28 21:56:08] [INFO]     |  local epoch  : 0, acc 0.586
[2023-12-28 21:56:08] [INFO]     |  local epoch  : 1, acc 0.703
[2023-12-28 21:56:08] [INFO]     |  local epoch  : 2, acc 0.690
[2023-12-28 21:56:08] [INFO]     |  local epoch  : 3, acc 0.694
[2023-12-28 21:56:08] [INFO]     |  local epoch  : 4, acc 0.725
[2023-12-28 21:56:08] [INFO]     | distill epoch : 0, acc 0.752
[2023-12-28 21:56:08] [INFO]     | distill epoch : 1, acc 0.759
[2023-12-28 21:56:08] [INFO]     | distill epoch : 2, acc 0.774
[2023-12-28 21:56:08] [INFO]     | distill epoch : 3, acc 0.761
[2023-12-28 21:56:08] [INFO]     | distill epoch : 4, acc 0.779
[2023-12-28 21:56:08] [INFO] |servers comunicated: 2, server aggregated: 1, acc_server 0: 0.788.
[2023-12-28 21:56:08] [INFO] --------------------------------------------------
[2023-12-28 21:56:08] [INFO]   |server: 1
[2023-12-28 21:56:08] [INFO]    -client 3
[2023-12-28 21:56:09] [INFO]     |  local epoch  : 0, acc 0.682
[2023-12-28 21:56:09] [INFO]     |  local epoch  : 1, acc 0.713
[2023-12-28 21:56:09] [INFO]     |  local epoch  : 2, acc 0.722
[2023-12-28 21:56:09] [INFO]     |  local epoch  : 3, acc 0.716
[2023-12-28 21:56:09] [INFO]     |  local epoch  : 4, acc 0.740
[2023-12-28 21:56:09] [INFO]     | distill epoch : 0, acc 0.744
[2023-12-28 21:56:09] [INFO]     | distill epoch : 1, acc 0.727
[2023-12-28 21:56:09] [INFO]     | distill epoch : 2, acc 0.723
[2023-12-28 21:56:09] [INFO]     | distill epoch : 3, acc 0.725
[2023-12-28 21:56:09] [INFO]     | distill epoch : 4, acc 0.729
[2023-12-28 21:56:09] [INFO]    -client 4
[2023-12-28 21:56:09] [INFO]     |  local epoch  : 0, acc 0.655
[2023-12-28 21:56:09] [INFO]     |  local epoch  : 1, acc 0.719
[2023-12-28 21:56:09] [INFO]     |  local epoch  : 2, acc 0.709
[2023-12-28 21:56:09] [INFO]     |  local epoch  : 3, acc 0.753
[2023-12-28 21:56:09] [INFO]     |  local epoch  : 4, acc 0.771
[2023-12-28 21:56:09] [INFO]     | distill epoch : 0, acc 0.769
[2023-12-28 21:56:09] [INFO]     | distill epoch : 1, acc 0.736
[2023-12-28 21:56:09] [INFO]     | distill epoch : 2, acc 0.743
[2023-12-28 21:56:09] [INFO]     | distill epoch : 3, acc 0.745
[2023-12-28 21:56:09] [INFO]     | distill epoch : 4, acc 0.748
[2023-12-28 21:56:09] [INFO]    -client 5
[2023-12-28 21:56:09] [INFO]     |  local epoch  : 0, acc 0.668
[2023-12-28 21:56:10] [INFO]     |  local epoch  : 1, acc 0.726
[2023-12-28 21:56:10] [INFO]     |  local epoch  : 2, acc 0.715
[2023-12-28 21:56:10] [INFO]     |  local epoch  : 3, acc 0.729
[2023-12-28 21:56:10] [INFO]     |  local epoch  : 4, acc 0.763
[2023-12-28 21:56:10] [INFO]     | distill epoch : 0, acc 0.755
[2023-12-28 21:56:10] [INFO]     | distill epoch : 1, acc 0.733
[2023-12-28 21:56:10] [INFO]     | distill epoch : 2, acc 0.722
[2023-12-28 21:56:10] [INFO]     | distill epoch : 3, acc 0.727
[2023-12-28 21:56:10] [INFO]     | distill epoch : 4, acc 0.730
[2023-12-28 21:56:10] [INFO] |servers comunicated: 2, server aggregated: 1, acc_server 1: 0.737.
[2023-12-28 21:56:10] [INFO] --------------------------------------------------
[2023-12-28 21:56:10] [INFO]   |server: 2
[2023-12-28 21:56:10] [INFO]    -client 6
[2023-12-28 21:56:10] [INFO]     |  local epoch  : 0, acc 0.664
[2023-12-28 21:56:10] [INFO]     |  local epoch  : 1, acc 0.725
[2023-12-28 21:56:10] [INFO]     |  local epoch  : 2, acc 0.720
[2023-12-28 21:56:10] [INFO]     |  local epoch  : 3, acc 0.733
[2023-12-28 21:56:10] [INFO]     |  local epoch  : 4, acc 0.771
[2023-12-28 21:56:10] [INFO]     | distill epoch : 0, acc 0.775
[2023-12-28 21:56:10] [INFO]     | distill epoch : 1, acc 0.757
[2023-12-28 21:56:10] [INFO]     | distill epoch : 2, acc 0.769
[2023-12-28 21:56:10] [INFO]     | distill epoch : 3, acc 0.766
[2023-12-28 21:56:10] [INFO]     | distill epoch : 4, acc 0.778
[2023-12-28 21:56:10] [INFO]    -client 7
[2023-12-28 21:56:11] [INFO]     |  local epoch  : 0, acc 0.619
[2023-12-28 21:56:11] [INFO]     |  local epoch  : 1, acc 0.704
[2023-12-28 21:56:11] [INFO]     |  local epoch  : 2, acc 0.735
[2023-12-28 21:56:11] [INFO]     |  local epoch  : 3, acc 0.713
[2023-12-28 21:56:11] [INFO]     |  local epoch  : 4, acc 0.734
[2023-12-28 21:56:11] [INFO]     | distill epoch : 0, acc 0.776
[2023-12-28 21:56:11] [INFO]     | distill epoch : 1, acc 0.755
[2023-12-28 21:56:11] [INFO]     | distill epoch : 2, acc 0.752
[2023-12-28 21:56:11] [INFO]     | distill epoch : 3, acc 0.754
[2023-12-28 21:56:11] [INFO]     | distill epoch : 4, acc 0.762
[2023-12-28 21:56:11] [INFO]    -client 8
[2023-12-28 21:56:11] [INFO]     |  local epoch  : 0, acc 0.594
[2023-12-28 21:56:11] [INFO]     |  local epoch  : 1, acc 0.710
[2023-12-28 21:56:11] [INFO]     |  local epoch  : 2, acc 0.748
[2023-12-28 21:56:11] [INFO]     |  local epoch  : 3, acc 0.749
[2023-12-28 21:56:11] [INFO]     |  local epoch  : 4, acc 0.756
[2023-12-28 21:56:11] [INFO]     | distill epoch : 0, acc 0.773
[2023-12-28 21:56:11] [INFO]     | distill epoch : 1, acc 0.765
[2023-12-28 21:56:11] [INFO]     | distill epoch : 2, acc 0.764
[2023-12-28 21:56:11] [INFO]     | distill epoch : 3, acc 0.760
[2023-12-28 21:56:11] [INFO]     | distill epoch : 4, acc 0.765
[2023-12-28 21:56:11] [INFO] |servers comunicated: 2, server aggregated: 1, acc_server 2: 0.773.
[2023-12-28 21:56:11] [INFO] --------------------------------------------------
[2023-12-28 21:56:11] [INFO]      ********  servers comunicates  ********      
[2023-12-28 21:56:11] [INFO] --------------------------------------------------
[2023-12-28 21:56:11] [INFO] |epoch_server_commu: 3/6
[2023-12-28 21:56:11] [INFO]  |epoch_client_commu: 0/2
[2023-12-28 21:56:11] [INFO]   |server: 0
[2023-12-28 21:56:11] [INFO]    -client 0
[2023-12-28 21:56:12] [INFO]     |  local epoch  : 0, acc 0.672
[2023-12-28 21:56:12] [INFO]     |  local epoch  : 1, acc 0.767
[2023-12-28 21:56:12] [INFO]     |  local epoch  : 2, acc 0.795
[2023-12-28 21:56:12] [INFO]     |  local epoch  : 3, acc 0.781
[2023-12-28 21:56:12] [INFO]     |  local epoch  : 4, acc 0.745
[2023-12-28 21:56:12] [INFO]     | distill epoch : 0, acc 0.804
[2023-12-28 21:56:12] [INFO]     | distill epoch : 1, acc 0.803
[2023-12-28 21:56:12] [INFO]     | distill epoch : 2, acc 0.826
[2023-12-28 21:56:12] [INFO]     | distill epoch : 3, acc 0.789
[2023-12-28 21:56:12] [INFO]     | distill epoch : 4, acc 0.820
[2023-12-28 21:56:12] [INFO]    -client 1
[2023-12-28 21:56:12] [INFO]     |  local epoch  : 0, acc 0.690
[2023-12-28 21:56:12] [INFO]     |  local epoch  : 1, acc 0.750
[2023-12-28 21:56:12] [INFO]     |  local epoch  : 2, acc 0.722
[2023-12-28 21:56:12] [INFO]     |  local epoch  : 3, acc 0.788
[2023-12-28 21:56:12] [INFO]     |  local epoch  : 4, acc 0.744
[2023-12-28 21:56:12] [INFO]     | distill epoch : 0, acc 0.798
[2023-12-28 21:56:12] [INFO]     | distill epoch : 1, acc 0.808
[2023-12-28 21:56:12] [INFO]     | distill epoch : 2, acc 0.816
[2023-12-28 21:56:12] [INFO]     | distill epoch : 3, acc 0.789
[2023-12-28 21:56:12] [INFO]     | distill epoch : 4, acc 0.818
[2023-12-28 21:56:12] [INFO]    -client 2
[2023-12-28 21:56:12] [INFO]     |  local epoch  : 0, acc 0.664
[2023-12-28 21:56:13] [INFO]     |  local epoch  : 1, acc 0.769
[2023-12-28 21:56:13] [INFO]     |  local epoch  : 2, acc 0.753
[2023-12-28 21:56:13] [INFO]     |  local epoch  : 3, acc 0.777
[2023-12-28 21:56:13] [INFO]     |  local epoch  : 4, acc 0.785
[2023-12-28 21:56:13] [INFO]     | distill epoch : 0, acc 0.791
[2023-12-28 21:56:13] [INFO]     | distill epoch : 1, acc 0.811
[2023-12-28 21:56:13] [INFO]     | distill epoch : 2, acc 0.786
[2023-12-28 21:56:13] [INFO]     | distill epoch : 3, acc 0.813
[2023-12-28 21:56:13] [INFO]     | distill epoch : 4, acc 0.785
[2023-12-28 21:56:13] [INFO] |servers comunicated: 3, server aggregated: 0, acc_server 0: 0.819.
[2023-12-28 21:56:13] [INFO] --------------------------------------------------
[2023-12-28 21:56:13] [INFO]   |server: 1
[2023-12-28 21:56:13] [INFO]    -client 3
[2023-12-28 21:56:13] [INFO]     |  local epoch  : 0, acc 0.744
[2023-12-28 21:56:13] [INFO]     |  local epoch  : 1, acc 0.787
[2023-12-28 21:56:13] [INFO]     |  local epoch  : 2, acc 0.787
[2023-12-28 21:56:13] [INFO]     |  local epoch  : 3, acc 0.774
[2023-12-28 21:56:13] [INFO]     |  local epoch  : 4, acc 0.788
[2023-12-28 21:56:13] [INFO]     | distill epoch : 0, acc 0.792
[2023-12-28 21:56:13] [INFO]     | distill epoch : 1, acc 0.778
[2023-12-28 21:56:13] [INFO]     | distill epoch : 2, acc 0.789
[2023-12-28 21:56:13] [INFO]     | distill epoch : 3, acc 0.783
[2023-12-28 21:56:13] [INFO]     | distill epoch : 4, acc 0.795
[2023-12-28 21:56:13] [INFO]    -client 4
[2023-12-28 21:56:13] [INFO]     |  local epoch  : 0, acc 0.740
[2023-12-28 21:56:14] [INFO]     |  local epoch  : 1, acc 0.779
[2023-12-28 21:56:14] [INFO]     |  local epoch  : 2, acc 0.801
[2023-12-28 21:56:14] [INFO]     |  local epoch  : 3, acc 0.784
[2023-12-28 21:56:14] [INFO]     |  local epoch  : 4, acc 0.810
[2023-12-28 21:56:14] [INFO]     | distill epoch : 0, acc 0.806
[2023-12-28 21:56:14] [INFO]     | distill epoch : 1, acc 0.786
[2023-12-28 21:56:14] [INFO]     | distill epoch : 2, acc 0.808
[2023-12-28 21:56:14] [INFO]     | distill epoch : 3, acc 0.779
[2023-12-28 21:56:14] [INFO]     | distill epoch : 4, acc 0.805
[2023-12-28 21:56:14] [INFO]    -client 5
[2023-12-28 21:56:14] [INFO]     |  local epoch  : 0, acc 0.736
[2023-12-28 21:56:14] [INFO]     |  local epoch  : 1, acc 0.790
[2023-12-28 21:56:14] [INFO]     |  local epoch  : 2, acc 0.759
[2023-12-28 21:56:14] [INFO]     |  local epoch  : 3, acc 0.787
[2023-12-28 21:56:14] [INFO]     |  local epoch  : 4, acc 0.799
[2023-12-28 21:56:14] [INFO]     | distill epoch : 0, acc 0.801
[2023-12-28 21:56:14] [INFO]     | distill epoch : 1, acc 0.778
[2023-12-28 21:56:14] [INFO]     | distill epoch : 2, acc 0.793
[2023-12-28 21:56:14] [INFO]     | distill epoch : 3, acc 0.775
[2023-12-28 21:56:14] [INFO]     | distill epoch : 4, acc 0.799
[2023-12-28 21:56:14] [INFO] |servers comunicated: 3, server aggregated: 0, acc_server 1: 0.806.
[2023-12-28 21:56:14] [INFO] --------------------------------------------------
[2023-12-28 21:56:14] [INFO]   |server: 2
[2023-12-28 21:56:14] [INFO]    -client 6
[2023-12-28 21:56:14] [INFO]     |  local epoch  : 0, acc 0.742
[2023-12-28 21:56:15] [INFO]     |  local epoch  : 1, acc 0.785
[2023-12-28 21:56:15] [INFO]     |  local epoch  : 2, acc 0.773
[2023-12-28 21:56:15] [INFO]     |  local epoch  : 3, acc 0.789
[2023-12-28 21:56:15] [INFO]     |  local epoch  : 4, acc 0.781
[2023-12-28 21:56:15] [INFO]     | distill epoch : 0, acc 0.811
[2023-12-28 21:56:15] [INFO]     | distill epoch : 1, acc 0.801
[2023-12-28 21:56:15] [INFO]     | distill epoch : 2, acc 0.810
[2023-12-28 21:56:15] [INFO]     | distill epoch : 3, acc 0.808
[2023-12-28 21:56:15] [INFO]     | distill epoch : 4, acc 0.804
[2023-12-28 21:56:15] [INFO]    -client 7
[2023-12-28 21:56:15] [INFO]     |  local epoch  : 0, acc 0.733
[2023-12-28 21:56:15] [INFO]     |  local epoch  : 1, acc 0.793
[2023-12-28 21:56:15] [INFO]     |  local epoch  : 2, acc 0.794
[2023-12-28 21:56:15] [INFO]     |  local epoch  : 3, acc 0.793
[2023-12-28 21:56:15] [INFO]     |  local epoch  : 4, acc 0.797
[2023-12-28 21:56:15] [INFO]     | distill epoch : 0, acc 0.796
[2023-12-28 21:56:15] [INFO]     | distill epoch : 1, acc 0.800
[2023-12-28 21:56:15] [INFO]     | distill epoch : 2, acc 0.792
[2023-12-28 21:56:15] [INFO]     | distill epoch : 3, acc 0.797
[2023-12-28 21:56:15] [INFO]     | distill epoch : 4, acc 0.797
[2023-12-28 21:56:15] [INFO]    -client 8
[2023-12-28 21:56:15] [INFO]     |  local epoch  : 0, acc 0.744
[2023-12-28 21:56:15] [INFO]     |  local epoch  : 1, acc 0.766
[2023-12-28 21:56:16] [INFO]     |  local epoch  : 2, acc 0.791
[2023-12-28 21:56:16] [INFO]     |  local epoch  : 3, acc 0.801
[2023-12-28 21:56:16] [INFO]     |  local epoch  : 4, acc 0.809
[2023-12-28 21:56:16] [INFO]     | distill epoch : 0, acc 0.817
[2023-12-28 21:56:16] [INFO]     | distill epoch : 1, acc 0.810
[2023-12-28 21:56:16] [INFO]     | distill epoch : 2, acc 0.811
[2023-12-28 21:56:16] [INFO]     | distill epoch : 3, acc 0.809
[2023-12-28 21:56:16] [INFO]     | distill epoch : 4, acc 0.815
[2023-12-28 21:56:16] [INFO] |servers comunicated: 3, server aggregated: 0, acc_server 2: 0.816.
[2023-12-28 21:56:16] [INFO] --------------------------------------------------
[2023-12-28 21:56:16] [INFO]  |epoch_client_commu: 1/2
[2023-12-28 21:56:16] [INFO]   |server: 0
[2023-12-28 21:56:16] [INFO]    -client 0
[2023-12-28 21:56:16] [INFO]     |  local epoch  : 0, acc 0.675
[2023-12-28 21:56:16] [INFO]     |  local epoch  : 1, acc 0.795
[2023-12-28 21:56:16] [INFO]     |  local epoch  : 2, acc 0.806
[2023-12-28 21:56:16] [INFO]     |  local epoch  : 3, acc 0.799
[2023-12-28 21:56:16] [INFO]     |  local epoch  : 4, acc 0.815
[2023-12-28 21:56:16] [INFO]     | distill epoch : 0, acc 0.826
[2023-12-28 21:56:16] [INFO]     | distill epoch : 1, acc 0.842
[2023-12-28 21:56:16] [INFO]     | distill epoch : 2, acc 0.810
[2023-12-28 21:56:16] [INFO]     | distill epoch : 3, acc 0.841
[2023-12-28 21:56:16] [INFO]     | distill epoch : 4, acc 0.807
[2023-12-28 21:56:16] [INFO]    -client 1
[2023-12-28 21:56:16] [INFO]     |  local epoch  : 0, acc 0.724
[2023-12-28 21:56:16] [INFO]     |  local epoch  : 1, acc 0.797
[2023-12-28 21:56:17] [INFO]     |  local epoch  : 2, acc 0.790
[2023-12-28 21:56:17] [INFO]     |  local epoch  : 3, acc 0.772
[2023-12-28 21:56:17] [INFO]     |  local epoch  : 4, acc 0.813
[2023-12-28 21:56:17] [INFO]     | distill epoch : 0, acc 0.833
[2023-12-28 21:56:17] [INFO]     | distill epoch : 1, acc 0.831
[2023-12-28 21:56:17] [INFO]     | distill epoch : 2, acc 0.837
[2023-12-28 21:56:17] [INFO]     | distill epoch : 3, acc 0.834
[2023-12-28 21:56:17] [INFO]     | distill epoch : 4, acc 0.815
[2023-12-28 21:56:17] [INFO]    -client 2
[2023-12-28 21:56:17] [INFO]     |  local epoch  : 0, acc 0.729
[2023-12-28 21:56:17] [INFO]     |  local epoch  : 1, acc 0.789
[2023-12-28 21:56:17] [INFO]     |  local epoch  : 2, acc 0.800
[2023-12-28 21:56:17] [INFO]     |  local epoch  : 3, acc 0.805
[2023-12-28 21:56:17] [INFO]     |  local epoch  : 4, acc 0.812
[2023-12-28 21:56:17] [INFO]     | distill epoch : 0, acc 0.824
[2023-12-28 21:56:17] [INFO]     | distill epoch : 1, acc 0.831
[2023-12-28 21:56:17] [INFO]     | distill epoch : 2, acc 0.811
[2023-12-28 21:56:17] [INFO]     | distill epoch : 3, acc 0.835
[2023-12-28 21:56:17] [INFO]     | distill epoch : 4, acc 0.809
[2023-12-28 21:56:17] [INFO] |servers comunicated: 3, server aggregated: 1, acc_server 0: 0.812.
[2023-12-28 21:56:17] [INFO] --------------------------------------------------
[2023-12-28 21:56:17] [INFO]   |server: 1
[2023-12-28 21:56:17] [INFO]    -client 3
[2023-12-28 21:56:17] [INFO]     |  local epoch  : 0, acc 0.786
[2023-12-28 21:56:17] [INFO]     |  local epoch  : 1, acc 0.814
[2023-12-28 21:56:18] [INFO]     |  local epoch  : 2, acc 0.801
[2023-12-28 21:56:18] [INFO]     |  local epoch  : 3, acc 0.820
[2023-12-28 21:56:18] [INFO]     |  local epoch  : 4, acc 0.808
[2023-12-28 21:56:18] [INFO]     | distill epoch : 0, acc 0.821
[2023-12-28 21:56:18] [INFO]     | distill epoch : 1, acc 0.819
[2023-12-28 21:56:18] [INFO]     | distill epoch : 2, acc 0.822
[2023-12-28 21:56:18] [INFO]     | distill epoch : 3, acc 0.821
[2023-12-28 21:56:18] [INFO]     | distill epoch : 4, acc 0.816
[2023-12-28 21:56:18] [INFO]    -client 4
[2023-12-28 21:56:18] [INFO]     |  local epoch  : 0, acc 0.786
[2023-12-28 21:56:18] [INFO]     |  local epoch  : 1, acc 0.814
[2023-12-28 21:56:18] [INFO]     |  local epoch  : 2, acc 0.823
[2023-12-28 21:56:18] [INFO]     |  local epoch  : 3, acc 0.821
[2023-12-28 21:56:18] [INFO]     |  local epoch  : 4, acc 0.830
[2023-12-28 21:56:18] [INFO]     | distill epoch : 0, acc 0.834
[2023-12-28 21:56:18] [INFO]     | distill epoch : 1, acc 0.831
[2023-12-28 21:56:18] [INFO]     | distill epoch : 2, acc 0.831
[2023-12-28 21:56:18] [INFO]     | distill epoch : 3, acc 0.818
[2023-12-28 21:56:18] [INFO]     | distill epoch : 4, acc 0.827
[2023-12-28 21:56:18] [INFO]    -client 5
[2023-12-28 21:56:18] [INFO]     |  local epoch  : 0, acc 0.739
[2023-12-28 21:56:19] [INFO]     |  local epoch  : 1, acc 0.817
[2023-12-28 21:56:19] [INFO]     |  local epoch  : 2, acc 0.807
[2023-12-28 21:56:19] [INFO]     |  local epoch  : 3, acc 0.822
[2023-12-28 21:56:19] [INFO]     |  local epoch  : 4, acc 0.820
[2023-12-28 21:56:19] [INFO]     | distill epoch : 0, acc 0.825
[2023-12-28 21:56:19] [INFO]     | distill epoch : 1, acc 0.818
[2023-12-28 21:56:19] [INFO]     | distill epoch : 2, acc 0.818
[2023-12-28 21:56:19] [INFO]     | distill epoch : 3, acc 0.812
[2023-12-28 21:56:19] [INFO]     | distill epoch : 4, acc 0.801
[2023-12-28 21:56:19] [INFO] |servers comunicated: 3, server aggregated: 1, acc_server 1: 0.823.
[2023-12-28 21:56:19] [INFO] --------------------------------------------------
[2023-12-28 21:56:19] [INFO]   |server: 2
[2023-12-28 21:56:19] [INFO]    -client 6
[2023-12-28 21:56:19] [INFO]     |  local epoch  : 0, acc 0.791
[2023-12-28 21:56:19] [INFO]     |  local epoch  : 1, acc 0.811
[2023-12-28 21:56:19] [INFO]     |  local epoch  : 2, acc 0.791
[2023-12-28 21:56:19] [INFO]     |  local epoch  : 3, acc 0.825
[2023-12-28 21:56:19] [INFO]     |  local epoch  : 4, acc 0.827
[2023-12-28 21:56:19] [INFO]     | distill epoch : 0, acc 0.829
[2023-12-28 21:56:19] [INFO]     | distill epoch : 1, acc 0.836
[2023-12-28 21:56:19] [INFO]     | distill epoch : 2, acc 0.825
[2023-12-28 21:56:19] [INFO]     | distill epoch : 3, acc 0.836
[2023-12-28 21:56:19] [INFO]     | distill epoch : 4, acc 0.821
[2023-12-28 21:56:19] [INFO]    -client 7
[2023-12-28 21:56:19] [INFO]     |  local epoch  : 0, acc 0.773
[2023-12-28 21:56:20] [INFO]     |  local epoch  : 1, acc 0.817
[2023-12-28 21:56:20] [INFO]     |  local epoch  : 2, acc 0.802
[2023-12-28 21:56:20] [INFO]     |  local epoch  : 3, acc 0.825
[2023-12-28 21:56:20] [INFO]     |  local epoch  : 4, acc 0.816
[2023-12-28 21:56:20] [INFO]     | distill epoch : 0, acc 0.825
[2023-12-28 21:56:20] [INFO]     | distill epoch : 1, acc 0.823
[2023-12-28 21:56:20] [INFO]     | distill epoch : 2, acc 0.823
[2023-12-28 21:56:20] [INFO]     | distill epoch : 3, acc 0.823
[2023-12-28 21:56:20] [INFO]     | distill epoch : 4, acc 0.823
[2023-12-28 21:56:20] [INFO]    -client 8
[2023-12-28 21:56:20] [INFO]     |  local epoch  : 0, acc 0.765
[2023-12-28 21:56:20] [INFO]     |  local epoch  : 1, acc 0.796
[2023-12-28 21:56:20] [INFO]     |  local epoch  : 2, acc 0.788
[2023-12-28 21:56:20] [INFO]     |  local epoch  : 3, acc 0.800
[2023-12-28 21:56:20] [INFO]     |  local epoch  : 4, acc 0.803
[2023-12-28 21:56:20] [INFO]     | distill epoch : 0, acc 0.831
[2023-12-28 21:56:20] [INFO]     | distill epoch : 1, acc 0.824
[2023-12-28 21:56:20] [INFO]     | distill epoch : 2, acc 0.831
[2023-12-28 21:56:20] [INFO]     | distill epoch : 3, acc 0.817
[2023-12-28 21:56:20] [INFO]     | distill epoch : 4, acc 0.833
[2023-12-28 21:56:20] [INFO] |servers comunicated: 3, server aggregated: 1, acc_server 2: 0.835.
[2023-12-28 21:56:20] [INFO] --------------------------------------------------
[2023-12-28 21:56:20] [INFO]      ********  servers comunicates  ********      
[2023-12-28 21:56:20] [INFO] --------------------------------------------------
[2023-12-28 21:56:20] [INFO] |epoch_server_commu: 4/6
[2023-12-28 21:56:20] [INFO]  |epoch_client_commu: 0/2
[2023-12-28 21:56:20] [INFO]   |server: 0
[2023-12-28 21:56:20] [INFO]    -client 0
[2023-12-28 21:56:21] [INFO]     |  local epoch  : 0, acc 0.691
[2023-12-28 21:56:21] [INFO]     |  local epoch  : 1, acc 0.832
[2023-12-28 21:56:21] [INFO]     |  local epoch  : 2, acc 0.814
[2023-12-28 21:56:21] [INFO]     |  local epoch  : 3, acc 0.822
[2023-12-28 21:56:21] [INFO]     |  local epoch  : 4, acc 0.804
[2023-12-28 21:56:21] [INFO]     | distill epoch : 0, acc 0.838
[2023-12-28 21:56:21] [INFO]     | distill epoch : 1, acc 0.852
[2023-12-28 21:56:21] [INFO]     | distill epoch : 2, acc 0.845
[2023-12-28 21:56:21] [INFO]     | distill epoch : 3, acc 0.853
[2023-12-28 21:56:21] [INFO]     | distill epoch : 4, acc 0.829
[2023-12-28 21:56:21] [INFO]    -client 1
[2023-12-28 21:56:21] [INFO]     |  local epoch  : 0, acc 0.676
[2023-12-28 21:56:21] [INFO]     |  local epoch  : 1, acc 0.837
[2023-12-28 21:56:21] [INFO]     |  local epoch  : 2, acc 0.824
[2023-12-28 21:56:21] [INFO]     |  local epoch  : 3, acc 0.798
[2023-12-28 21:56:21] [INFO]     |  local epoch  : 4, acc 0.788
[2023-12-28 21:56:21] [INFO]     | distill epoch : 0, acc 0.837
[2023-12-28 21:56:21] [INFO]     | distill epoch : 1, acc 0.848
[2023-12-28 21:56:21] [INFO]     | distill epoch : 2, acc 0.850
[2023-12-28 21:56:21] [INFO]     | distill epoch : 3, acc 0.831
[2023-12-28 21:56:21] [INFO]     | distill epoch : 4, acc 0.848
[2023-12-28 21:56:21] [INFO]    -client 2
[2023-12-28 21:56:21] [INFO]     |  local epoch  : 0, acc 0.723
[2023-12-28 21:56:22] [INFO]     |  local epoch  : 1, acc 0.805
[2023-12-28 21:56:22] [INFO]     |  local epoch  : 2, acc 0.837
[2023-12-28 21:56:22] [INFO]     |  local epoch  : 3, acc 0.821
[2023-12-28 21:56:22] [INFO]     |  local epoch  : 4, acc 0.806
[2023-12-28 21:56:22] [INFO]     | distill epoch : 0, acc 0.841
[2023-12-28 21:56:22] [INFO]     | distill epoch : 1, acc 0.842
[2023-12-28 21:56:22] [INFO]     | distill epoch : 2, acc 0.837
[2023-12-28 21:56:22] [INFO]     | distill epoch : 3, acc 0.838
[2023-12-28 21:56:22] [INFO]     | distill epoch : 4, acc 0.833
[2023-12-28 21:56:22] [INFO] |servers comunicated: 4, server aggregated: 0, acc_server 0: 0.845.
[2023-12-28 21:56:22] [INFO] --------------------------------------------------
[2023-12-28 21:56:22] [INFO]   |server: 1
[2023-12-28 21:56:22] [INFO]    -client 3
[2023-12-28 21:56:22] [INFO]     |  local epoch  : 0, acc 0.808
[2023-12-28 21:56:22] [INFO]     |  local epoch  : 1, acc 0.827
[2023-12-28 21:56:22] [INFO]     |  local epoch  : 2, acc 0.826
[2023-12-28 21:56:22] [INFO]     |  local epoch  : 3, acc 0.823
[2023-12-28 21:56:22] [INFO]     |  local epoch  : 4, acc 0.839
[2023-12-28 21:56:22] [INFO]     | distill epoch : 0, acc 0.839
[2023-12-28 21:56:22] [INFO]     | distill epoch : 1, acc 0.841
[2023-12-28 21:56:22] [INFO]     | distill epoch : 2, acc 0.832
[2023-12-28 21:56:22] [INFO]     | distill epoch : 3, acc 0.835
[2023-12-28 21:56:22] [INFO]     | distill epoch : 4, acc 0.823
[2023-12-28 21:56:22] [INFO]    -client 4
[2023-12-28 21:56:22] [INFO]     |  local epoch  : 0, acc 0.807
[2023-12-28 21:56:23] [INFO]     |  local epoch  : 1, acc 0.841
[2023-12-28 21:56:23] [INFO]     |  local epoch  : 2, acc 0.831
[2023-12-28 21:56:23] [INFO]     |  local epoch  : 3, acc 0.837
[2023-12-28 21:56:23] [INFO]     |  local epoch  : 4, acc 0.840
[2023-12-28 21:56:23] [INFO]     | distill epoch : 0, acc 0.845
[2023-12-28 21:56:23] [INFO]     | distill epoch : 1, acc 0.839
[2023-12-28 21:56:23] [INFO]     | distill epoch : 2, acc 0.826
[2023-12-28 21:56:23] [INFO]     | distill epoch : 3, acc 0.839
[2023-12-28 21:56:23] [INFO]     | distill epoch : 4, acc 0.822
[2023-12-28 21:56:23] [INFO]    -client 5
[2023-12-28 21:56:23] [INFO]     |  local epoch  : 0, acc 0.785
[2023-12-28 21:56:23] [INFO]     |  local epoch  : 1, acc 0.835
[2023-12-28 21:56:23] [INFO]     |  local epoch  : 2, acc 0.824
[2023-12-28 21:56:23] [INFO]     |  local epoch  : 3, acc 0.835
[2023-12-28 21:56:23] [INFO]     |  local epoch  : 4, acc 0.835
[2023-12-28 21:56:23] [INFO]     | distill epoch : 0, acc 0.842
[2023-12-28 21:56:23] [INFO]     | distill epoch : 1, acc 0.837
[2023-12-28 21:56:23] [INFO]     | distill epoch : 2, acc 0.827
[2023-12-28 21:56:23] [INFO]     | distill epoch : 3, acc 0.838
[2023-12-28 21:56:23] [INFO]     | distill epoch : 4, acc 0.818
[2023-12-28 21:56:23] [INFO] |servers comunicated: 4, server aggregated: 0, acc_server 1: 0.825.
[2023-12-28 21:56:23] [INFO] --------------------------------------------------
[2023-12-28 21:56:23] [INFO]   |server: 2
[2023-12-28 21:56:23] [INFO]    -client 6
[2023-12-28 21:56:24] [INFO]     |  local epoch  : 0, acc 0.798
[2023-12-28 21:56:24] [INFO]     |  local epoch  : 1, acc 0.829
[2023-12-28 21:56:24] [INFO]     |  local epoch  : 2, acc 0.834
[2023-12-28 21:56:24] [INFO]     |  local epoch  : 3, acc 0.800
[2023-12-28 21:56:24] [INFO]     |  local epoch  : 4, acc 0.827
[2023-12-28 21:56:24] [INFO]     | distill epoch : 0, acc 0.841
[2023-12-28 21:56:24] [INFO]     | distill epoch : 1, acc 0.846
[2023-12-28 21:56:24] [INFO]     | distill epoch : 2, acc 0.835
[2023-12-28 21:56:24] [INFO]     | distill epoch : 3, acc 0.848
[2023-12-28 21:56:24] [INFO]     | distill epoch : 4, acc 0.830
[2023-12-28 21:56:24] [INFO]    -client 7
[2023-12-28 21:56:24] [INFO]     |  local epoch  : 0, acc 0.782
[2023-12-28 21:56:24] [INFO]     |  local epoch  : 1, acc 0.820
[2023-12-28 21:56:24] [INFO]     |  local epoch  : 2, acc 0.815
[2023-12-28 21:56:24] [INFO]     |  local epoch  : 3, acc 0.831
[2023-12-28 21:56:24] [INFO]     |  local epoch  : 4, acc 0.825
[2023-12-28 21:56:24] [INFO]     | distill epoch : 0, acc 0.842
[2023-12-28 21:56:24] [INFO]     | distill epoch : 1, acc 0.836
[2023-12-28 21:56:24] [INFO]     | distill epoch : 2, acc 0.840
[2023-12-28 21:56:24] [INFO]     | distill epoch : 3, acc 0.827
[2023-12-28 21:56:24] [INFO]     | distill epoch : 4, acc 0.841
[2023-12-28 21:56:24] [INFO]    -client 8
[2023-12-28 21:56:24] [INFO]     |  local epoch  : 0, acc 0.772
[2023-12-28 21:56:25] [INFO]     |  local epoch  : 1, acc 0.818
[2023-12-28 21:56:25] [INFO]     |  local epoch  : 2, acc 0.829
[2023-12-28 21:56:25] [INFO]     |  local epoch  : 3, acc 0.821
[2023-12-28 21:56:25] [INFO]     |  local epoch  : 4, acc 0.839
[2023-12-28 21:56:25] [INFO]     | distill epoch : 0, acc 0.837
[2023-12-28 21:56:25] [INFO]     | distill epoch : 1, acc 0.845
[2023-12-28 21:56:25] [INFO]     | distill epoch : 2, acc 0.831
[2023-12-28 21:56:25] [INFO]     | distill epoch : 3, acc 0.845
[2023-12-28 21:56:25] [INFO]     | distill epoch : 4, acc 0.828
[2023-12-28 21:56:25] [INFO] |servers comunicated: 4, server aggregated: 0, acc_server 2: 0.841.
[2023-12-28 21:56:25] [INFO] --------------------------------------------------
[2023-12-28 21:56:25] [INFO]  |epoch_client_commu: 1/2
[2023-12-28 21:56:25] [INFO]   |server: 0
[2023-12-28 21:56:25] [INFO]    -client 0
[2023-12-28 21:56:25] [INFO]     |  local epoch  : 0, acc 0.741
[2023-12-28 21:56:25] [INFO]     |  local epoch  : 1, acc 0.831
[2023-12-28 21:56:25] [INFO]     |  local epoch  : 2, acc 0.838
[2023-12-28 21:56:25] [INFO]     |  local epoch  : 3, acc 0.853
[2023-12-28 21:56:25] [INFO]     |  local epoch  : 4, acc 0.837
[2023-12-28 21:56:25] [INFO]     | distill epoch : 0, acc 0.856
[2023-12-28 21:56:25] [INFO]     | distill epoch : 1, acc 0.855
[2023-12-28 21:56:25] [INFO]     | distill epoch : 2, acc 0.857
[2023-12-28 21:56:25] [INFO]     | distill epoch : 3, acc 0.849
[2023-12-28 21:56:25] [INFO]     | distill epoch : 4, acc 0.860
[2023-12-28 21:56:25] [INFO]    -client 1
[2023-12-28 21:56:26] [INFO]     |  local epoch  : 0, acc 0.778
[2023-12-28 21:56:26] [INFO]     |  local epoch  : 1, acc 0.821
[2023-12-28 21:56:26] [INFO]     |  local epoch  : 2, acc 0.793
[2023-12-28 21:56:26] [INFO]     |  local epoch  : 3, acc 0.805
[2023-12-28 21:56:26] [INFO]     |  local epoch  : 4, acc 0.838
[2023-12-28 21:56:26] [INFO]     | distill epoch : 0, acc 0.850
[2023-12-28 21:56:26] [INFO]     | distill epoch : 1, acc 0.855
[2023-12-28 21:56:26] [INFO]     | distill epoch : 2, acc 0.831
[2023-12-28 21:56:26] [INFO]     | distill epoch : 3, acc 0.857
[2023-12-28 21:56:26] [INFO]     | distill epoch : 4, acc 0.830
[2023-12-28 21:56:26] [INFO]    -client 2
[2023-12-28 21:56:26] [INFO]     |  local epoch  : 0, acc 0.787
[2023-12-28 21:56:26] [INFO]     |  local epoch  : 1, acc 0.839
[2023-12-28 21:56:26] [INFO]     |  local epoch  : 2, acc 0.821
[2023-12-28 21:56:26] [INFO]     |  local epoch  : 3, acc 0.836
[2023-12-28 21:56:26] [INFO]     |  local epoch  : 4, acc 0.830
[2023-12-28 21:56:26] [INFO]     | distill epoch : 0, acc 0.849
[2023-12-28 21:56:26] [INFO]     | distill epoch : 1, acc 0.850
[2023-12-28 21:56:26] [INFO]     | distill epoch : 2, acc 0.829
[2023-12-28 21:56:26] [INFO]     | distill epoch : 3, acc 0.854
[2023-12-28 21:56:26] [INFO]     | distill epoch : 4, acc 0.825
[2023-12-28 21:56:26] [INFO] |servers comunicated: 4, server aggregated: 1, acc_server 0: 0.850.
[2023-12-28 21:56:26] [INFO] --------------------------------------------------
[2023-12-28 21:56:26] [INFO]   |server: 1
[2023-12-28 21:56:26] [INFO]    -client 3
[2023-12-28 21:56:27] [INFO]     |  local epoch  : 0, acc 0.812
[2023-12-28 21:56:27] [INFO]     |  local epoch  : 1, acc 0.840
[2023-12-28 21:56:27] [INFO]     |  local epoch  : 2, acc 0.824
[2023-12-28 21:56:27] [INFO]     |  local epoch  : 3, acc 0.840
[2023-12-28 21:56:27] [INFO]     |  local epoch  : 4, acc 0.832
[2023-12-28 21:56:27] [INFO]     | distill epoch : 0, acc 0.850
[2023-12-28 21:56:27] [INFO]     | distill epoch : 1, acc 0.841
[2023-12-28 21:56:27] [INFO]     | distill epoch : 2, acc 0.845
[2023-12-28 21:56:27] [INFO]     | distill epoch : 3, acc 0.839
[2023-12-28 21:56:27] [INFO]     | distill epoch : 4, acc 0.843
[2023-12-28 21:56:27] [INFO]    -client 4
[2023-12-28 21:56:27] [INFO]     |  local epoch  : 0, acc 0.816
[2023-12-28 21:56:27] [INFO]     |  local epoch  : 1, acc 0.846
[2023-12-28 21:56:27] [INFO]     |  local epoch  : 2, acc 0.839
[2023-12-28 21:56:27] [INFO]     |  local epoch  : 3, acc 0.843
[2023-12-28 21:56:27] [INFO]     |  local epoch  : 4, acc 0.839
[2023-12-28 21:56:27] [INFO]     | distill epoch : 0, acc 0.852
[2023-12-28 21:56:27] [INFO]     | distill epoch : 1, acc 0.850
[2023-12-28 21:56:27] [INFO]     | distill epoch : 2, acc 0.842
[2023-12-28 21:56:27] [INFO]     | distill epoch : 3, acc 0.848
[2023-12-28 21:56:27] [INFO]     | distill epoch : 4, acc 0.836
[2023-12-28 21:56:27] [INFO]    -client 5
[2023-12-28 21:56:27] [INFO]     |  local epoch  : 0, acc 0.795
[2023-12-28 21:56:28] [INFO]     |  local epoch  : 1, acc 0.855
[2023-12-28 21:56:28] [INFO]     |  local epoch  : 2, acc 0.829
[2023-12-28 21:56:28] [INFO]     |  local epoch  : 3, acc 0.831
[2023-12-28 21:56:28] [INFO]     |  local epoch  : 4, acc 0.845
[2023-12-28 21:56:28] [INFO]     | distill epoch : 0, acc 0.850
[2023-12-28 21:56:28] [INFO]     | distill epoch : 1, acc 0.850
[2023-12-28 21:56:28] [INFO]     | distill epoch : 2, acc 0.831
[2023-12-28 21:56:28] [INFO]     | distill epoch : 3, acc 0.849
[2023-12-28 21:56:28] [INFO]     | distill epoch : 4, acc 0.832
[2023-12-28 21:56:28] [INFO] |servers comunicated: 4, server aggregated: 1, acc_server 1: 0.852.
[2023-12-28 21:56:28] [INFO] --------------------------------------------------
[2023-12-28 21:56:28] [INFO]   |server: 2
[2023-12-28 21:56:28] [INFO]    -client 6
[2023-12-28 21:56:28] [INFO]     |  local epoch  : 0, acc 0.809
[2023-12-28 21:56:28] [INFO]     |  local epoch  : 1, acc 0.832
[2023-12-28 21:56:28] [INFO]     |  local epoch  : 2, acc 0.826
[2023-12-28 21:56:28] [INFO]     |  local epoch  : 3, acc 0.832
[2023-12-28 21:56:28] [INFO]     |  local epoch  : 4, acc 0.838
[2023-12-28 21:56:28] [INFO]     | distill epoch : 0, acc 0.853
[2023-12-28 21:56:28] [INFO]     | distill epoch : 1, acc 0.848
[2023-12-28 21:56:28] [INFO]     | distill epoch : 2, acc 0.853
[2023-12-28 21:56:28] [INFO]     | distill epoch : 3, acc 0.838
[2023-12-28 21:56:28] [INFO]     | distill epoch : 4, acc 0.851
[2023-12-28 21:56:28] [INFO]    -client 7
[2023-12-28 21:56:29] [INFO]     |  local epoch  : 0, acc 0.824
[2023-12-28 21:56:29] [INFO]     |  local epoch  : 1, acc 0.819
[2023-12-28 21:56:29] [INFO]     |  local epoch  : 2, acc 0.824
[2023-12-28 21:56:29] [INFO]     |  local epoch  : 3, acc 0.837
[2023-12-28 21:56:29] [INFO]     |  local epoch  : 4, acc 0.836
[2023-12-28 21:56:29] [INFO]     | distill epoch : 0, acc 0.840
[2023-12-28 21:56:29] [INFO]     | distill epoch : 1, acc 0.851
[2023-12-28 21:56:29] [INFO]     | distill epoch : 2, acc 0.832
[2023-12-28 21:56:29] [INFO]     | distill epoch : 3, acc 0.852
[2023-12-28 21:56:29] [INFO]     | distill epoch : 4, acc 0.829
[2023-12-28 21:56:29] [INFO]    -client 8
[2023-12-28 21:56:29] [INFO]     |  local epoch  : 0, acc 0.815
[2023-12-28 21:56:29] [INFO]     |  local epoch  : 1, acc 0.826
[2023-12-28 21:56:29] [INFO]     |  local epoch  : 2, acc 0.826
[2023-12-28 21:56:29] [INFO]     |  local epoch  : 3, acc 0.820
[2023-12-28 21:56:29] [INFO]     |  local epoch  : 4, acc 0.832
[2023-12-28 21:56:29] [INFO]     | distill epoch : 0, acc 0.856
[2023-12-28 21:56:29] [INFO]     | distill epoch : 1, acc 0.848
[2023-12-28 21:56:29] [INFO]     | distill epoch : 2, acc 0.854
[2023-12-28 21:56:29] [INFO]     | distill epoch : 3, acc 0.845
[2023-12-28 21:56:29] [INFO]     | distill epoch : 4, acc 0.853
[2023-12-28 21:56:29] [INFO] |servers comunicated: 4, server aggregated: 1, acc_server 2: 0.856.
[2023-12-28 21:56:29] [INFO] --------------------------------------------------
[2023-12-28 21:56:29] [INFO]      ********  servers comunicates  ********      
[2023-12-28 21:56:29] [INFO] --------------------------------------------------
[2023-12-28 21:56:29] [INFO] |epoch_server_commu: 5/6
[2023-12-28 21:56:29] [INFO]  |epoch_client_commu: 0/2
[2023-12-28 21:56:29] [INFO]   |server: 0
[2023-12-28 21:56:29] [INFO]    -client 0
[2023-12-28 21:56:30] [INFO]     |  local epoch  : 0, acc 0.760
[2023-12-28 21:56:30] [INFO]     |  local epoch  : 1, acc 0.840
[2023-12-28 21:56:30] [INFO]     |  local epoch  : 2, acc 0.837
[2023-12-28 21:56:30] [INFO]     |  local epoch  : 3, acc 0.747
[2023-12-28 21:56:30] [INFO]     |  local epoch  : 4, acc 0.842
[2023-12-28 21:56:30] [INFO]     | distill epoch : 0, acc 0.861
[2023-12-28 21:56:30] [INFO]     | distill epoch : 1, acc 0.863
[2023-12-28 21:56:30] [INFO]     | distill epoch : 2, acc 0.861
[2023-12-28 21:56:30] [INFO]     | distill epoch : 3, acc 0.858
[2023-12-28 21:56:30] [INFO]     | distill epoch : 4, acc 0.865
[2023-12-28 21:56:30] [INFO]    -client 1
[2023-12-28 21:56:30] [INFO]     |  local epoch  : 0, acc 0.783
[2023-12-28 21:56:30] [INFO]     |  local epoch  : 1, acc 0.827
[2023-12-28 21:56:30] [INFO]     |  local epoch  : 2, acc 0.814
[2023-12-28 21:56:30] [INFO]     |  local epoch  : 3, acc 0.812
[2023-12-28 21:56:30] [INFO]     |  local epoch  : 4, acc 0.813
[2023-12-28 21:56:30] [INFO]     | distill epoch : 0, acc 0.854
[2023-12-28 21:56:30] [INFO]     | distill epoch : 1, acc 0.861
[2023-12-28 21:56:30] [INFO]     | distill epoch : 2, acc 0.861
[2023-12-28 21:56:30] [INFO]     | distill epoch : 3, acc 0.843
[2023-12-28 21:56:30] [INFO]     | distill epoch : 4, acc 0.865
[2023-12-28 21:56:30] [INFO]    -client 2
[2023-12-28 21:56:30] [INFO]     |  local epoch  : 0, acc 0.766
[2023-12-28 21:56:31] [INFO]     |  local epoch  : 1, acc 0.841
[2023-12-28 21:56:31] [INFO]     |  local epoch  : 2, acc 0.817
[2023-12-28 21:56:31] [INFO]     |  local epoch  : 3, acc 0.802
[2023-12-28 21:56:31] [INFO]     |  local epoch  : 4, acc 0.846
[2023-12-28 21:56:31] [INFO]     | distill epoch : 0, acc 0.856
[2023-12-28 21:56:31] [INFO]     | distill epoch : 1, acc 0.861
[2023-12-28 21:56:31] [INFO]     | distill epoch : 2, acc 0.843
[2023-12-28 21:56:31] [INFO]     | distill epoch : 3, acc 0.864
[2023-12-28 21:56:31] [INFO]     | distill epoch : 4, acc 0.839
[2023-12-28 21:56:31] [INFO] |servers comunicated: 5, server aggregated: 0, acc_server 0: 0.865.
[2023-12-28 21:56:31] [INFO] --------------------------------------------------
[2023-12-28 21:56:31] [INFO]   |server: 1
[2023-12-28 21:56:31] [INFO]    -client 3
[2023-12-28 21:56:31] [INFO]     |  local epoch  : 0, acc 0.820
[2023-12-28 21:56:31] [INFO]     |  local epoch  : 1, acc 0.862
[2023-12-28 21:56:31] [INFO]     |  local epoch  : 2, acc 0.851
[2023-12-28 21:56:31] [INFO]     |  local epoch  : 3, acc 0.836
[2023-12-28 21:56:31] [INFO]     |  local epoch  : 4, acc 0.844
[2023-12-28 21:56:31] [INFO]     | distill epoch : 0, acc 0.851
[2023-12-28 21:56:31] [INFO]     | distill epoch : 1, acc 0.858
[2023-12-28 21:56:31] [INFO]     | distill epoch : 2, acc 0.849
[2023-12-28 21:56:31] [INFO]     | distill epoch : 3, acc 0.856
[2023-12-28 21:56:31] [INFO]     | distill epoch : 4, acc 0.848
[2023-12-28 21:56:31] [INFO]    -client 4
[2023-12-28 21:56:32] [INFO]     |  local epoch  : 0, acc 0.828
[2023-12-28 21:56:32] [INFO]     |  local epoch  : 1, acc 0.851
[2023-12-28 21:56:32] [INFO]     |  local epoch  : 2, acc 0.855
[2023-12-28 21:56:32] [INFO]     |  local epoch  : 3, acc 0.838
[2023-12-28 21:56:32] [INFO]     |  local epoch  : 4, acc 0.852
[2023-12-28 21:56:32] [INFO]     | distill epoch : 0, acc 0.862
[2023-12-28 21:56:32] [INFO]     | distill epoch : 1, acc 0.858
[2023-12-28 21:56:32] [INFO]     | distill epoch : 2, acc 0.846
[2023-12-28 21:56:32] [INFO]     | distill epoch : 3, acc 0.857
[2023-12-28 21:56:32] [INFO]     | distill epoch : 4, acc 0.845
[2023-12-28 21:56:32] [INFO]    -client 5
[2023-12-28 21:56:32] [INFO]     |  local epoch  : 0, acc 0.808
[2023-12-28 21:56:32] [INFO]     |  local epoch  : 1, acc 0.858
[2023-12-28 21:56:32] [INFO]     |  local epoch  : 2, acc 0.830
[2023-12-28 21:56:32] [INFO]     |  local epoch  : 3, acc 0.847
[2023-12-28 21:56:32] [INFO]     |  local epoch  : 4, acc 0.823
[2023-12-28 21:56:32] [INFO]     | distill epoch : 0, acc 0.858
[2023-12-28 21:56:32] [INFO]     | distill epoch : 1, acc 0.860
[2023-12-28 21:56:32] [INFO]     | distill epoch : 2, acc 0.864
[2023-12-28 21:56:32] [INFO]     | distill epoch : 3, acc 0.850
[2023-12-28 21:56:32] [INFO]     | distill epoch : 4, acc 0.858
[2023-12-28 21:56:32] [INFO] |servers comunicated: 5, server aggregated: 0, acc_server 1: 0.864.
[2023-12-28 21:56:32] [INFO] --------------------------------------------------
[2023-12-28 21:56:32] [INFO]   |server: 2
[2023-12-28 21:56:32] [INFO]    -client 6
[2023-12-28 21:56:33] [INFO]     |  local epoch  : 0, acc 0.812
[2023-12-28 21:56:33] [INFO]     |  local epoch  : 1, acc 0.860
[2023-12-28 21:56:33] [INFO]     |  local epoch  : 2, acc 0.836
[2023-12-28 21:56:33] [INFO]     |  local epoch  : 3, acc 0.844
[2023-12-28 21:56:33] [INFO]     |  local epoch  : 4, acc 0.855
[2023-12-28 21:56:33] [INFO]     | distill epoch : 0, acc 0.856
[2023-12-28 21:56:33] [INFO]     | distill epoch : 1, acc 0.862
[2023-12-28 21:56:33] [INFO]     | distill epoch : 2, acc 0.847
[2023-12-28 21:56:33] [INFO]     | distill epoch : 3, acc 0.860
[2023-12-28 21:56:33] [INFO]     | distill epoch : 4, acc 0.848
[2023-12-28 21:56:33] [INFO]    -client 7
[2023-12-28 21:56:33] [INFO]     |  local epoch  : 0, acc 0.820
[2023-12-28 21:56:33] [INFO]     |  local epoch  : 1, acc 0.832
[2023-12-28 21:56:33] [INFO]     |  local epoch  : 2, acc 0.844
[2023-12-28 21:56:33] [INFO]     |  local epoch  : 3, acc 0.828
[2023-12-28 21:56:33] [INFO]     |  local epoch  : 4, acc 0.816
[2023-12-28 21:56:33] [INFO]     | distill epoch : 0, acc 0.849
[2023-12-28 21:56:33] [INFO]     | distill epoch : 1, acc 0.852
[2023-12-28 21:56:33] [INFO]     | distill epoch : 2, acc 0.858
[2023-12-28 21:56:33] [INFO]     | distill epoch : 3, acc 0.833
[2023-12-28 21:56:34] [INFO]     | distill epoch : 4, acc 0.855
[2023-12-28 21:56:34] [INFO]    -client 8
[2023-12-28 21:56:34] [INFO]     |  local epoch  : 0, acc 0.819
[2023-12-28 21:56:34] [INFO]     |  local epoch  : 1, acc 0.828
[2023-12-28 21:56:34] [INFO]     |  local epoch  : 2, acc 0.846
[2023-12-28 21:56:34] [INFO]     |  local epoch  : 3, acc 0.833
[2023-12-28 21:56:34] [INFO]     |  local epoch  : 4, acc 0.828
[2023-12-28 21:56:34] [INFO]     | distill epoch : 0, acc 0.857
[2023-12-28 21:56:34] [INFO]     | distill epoch : 1, acc 0.850
[2023-12-28 21:56:34] [INFO]     | distill epoch : 2, acc 0.858
[2023-12-28 21:56:34] [INFO]     | distill epoch : 3, acc 0.845
[2023-12-28 21:56:34] [INFO]     | distill epoch : 4, acc 0.857
[2023-12-28 21:56:34] [INFO] |servers comunicated: 5, server aggregated: 0, acc_server 2: 0.863.
[2023-12-28 21:56:34] [INFO] --------------------------------------------------
[2023-12-28 21:56:34] [INFO]  |epoch_client_commu: 1/2
[2023-12-28 21:56:34] [INFO]   |server: 0
[2023-12-28 21:56:34] [INFO]    -client 0
[2023-12-28 21:56:34] [INFO]     |  local epoch  : 0, acc 0.785
[2023-12-28 21:56:34] [INFO]     |  local epoch  : 1, acc 0.836
[2023-12-28 21:56:34] [INFO]     |  local epoch  : 2, acc 0.862
[2023-12-28 21:56:34] [INFO]     |  local epoch  : 3, acc 0.842
[2023-12-28 21:56:34] [INFO]     |  local epoch  : 4, acc 0.836
[2023-12-28 21:56:34] [INFO]     | distill epoch : 0, acc 0.865
[2023-12-28 21:56:34] [INFO]     | distill epoch : 1, acc 0.867
[2023-12-28 21:56:34] [INFO]     | distill epoch : 2, acc 0.874
[2023-12-28 21:56:34] [INFO]     | distill epoch : 3, acc 0.852
[2023-12-28 21:56:35] [INFO]     | distill epoch : 4, acc 0.872
[2023-12-28 21:56:35] [INFO]    -client 1
[2023-12-28 21:56:35] [INFO]     |  local epoch  : 0, acc 0.821
[2023-12-28 21:56:35] [INFO]     |  local epoch  : 1, acc 0.817
[2023-12-28 21:56:35] [INFO]     |  local epoch  : 2, acc 0.823
[2023-12-28 21:56:35] [INFO]     |  local epoch  : 3, acc 0.821
[2023-12-28 21:56:35] [INFO]     |  local epoch  : 4, acc 0.834
[2023-12-28 21:56:35] [INFO]     | distill epoch : 0, acc 0.864
[2023-12-28 21:56:35] [INFO]     | distill epoch : 1, acc 0.865
[2023-12-28 21:56:35] [INFO]     | distill epoch : 2, acc 0.860
[2023-12-28 21:56:35] [INFO]     | distill epoch : 3, acc 0.862
[2023-12-28 21:56:35] [INFO]     | distill epoch : 4, acc 0.859
[2023-12-28 21:56:35] [INFO]    -client 2
[2023-12-28 21:56:35] [INFO]     |  local epoch  : 0, acc 0.802
[2023-12-28 21:56:35] [INFO]     |  local epoch  : 1, acc 0.848
[2023-12-28 21:56:35] [INFO]     |  local epoch  : 2, acc 0.841
[2023-12-28 21:56:35] [INFO]     |  local epoch  : 3, acc 0.858
[2023-12-28 21:56:35] [INFO]     |  local epoch  : 4, acc 0.843
[2023-12-28 21:56:35] [INFO]     | distill epoch : 0, acc 0.862
[2023-12-28 21:56:35] [INFO]     | distill epoch : 1, acc 0.861
[2023-12-28 21:56:35] [INFO]     | distill epoch : 2, acc 0.850
[2023-12-28 21:56:35] [INFO]     | distill epoch : 3, acc 0.868
[2023-12-28 21:56:35] [INFO]     | distill epoch : 4, acc 0.843
[2023-12-28 21:56:36] [INFO] |servers comunicated: 5, server aggregated: 1, acc_server 0: 0.868.
[2023-12-28 21:56:36] [INFO] --------------------------------------------------
[2023-12-28 21:56:36] [INFO]   |server: 1
[2023-12-28 21:56:36] [INFO]    -client 3
[2023-12-28 21:56:36] [INFO]     |  local epoch  : 0, acc 0.835
[2023-12-28 21:56:36] [INFO]     |  local epoch  : 1, acc 0.859
[2023-12-28 21:56:36] [INFO]     |  local epoch  : 2, acc 0.857
[2023-12-28 21:56:36] [INFO]     |  local epoch  : 3, acc 0.861
[2023-12-28 21:56:36] [INFO]     |  local epoch  : 4, acc 0.841
[2023-12-28 21:56:36] [INFO]     | distill epoch : 0, acc 0.859
[2023-12-28 21:56:36] [INFO]     | distill epoch : 1, acc 0.865
[2023-12-28 21:56:36] [INFO]     | distill epoch : 2, acc 0.863
[2023-12-28 21:56:36] [INFO]     | distill epoch : 3, acc 0.863
[2023-12-28 21:56:36] [INFO]     | distill epoch : 4, acc 0.867
[2023-12-28 21:56:36] [INFO]    -client 4
[2023-12-28 21:56:36] [INFO]     |  local epoch  : 0, acc 0.839
[2023-12-28 21:56:36] [INFO]     |  local epoch  : 1, acc 0.864
[2023-12-28 21:56:36] [INFO]     |  local epoch  : 2, acc 0.858
[2023-12-28 21:56:36] [INFO]     |  local epoch  : 3, acc 0.858
[2023-12-28 21:56:36] [INFO]     |  local epoch  : 4, acc 0.851
[2023-12-28 21:56:36] [INFO]     | distill epoch : 0, acc 0.871
[2023-12-28 21:56:36] [INFO]     | distill epoch : 1, acc 0.867
[2023-12-28 21:56:36] [INFO]     | distill epoch : 2, acc 0.863
[2023-12-28 21:56:36] [INFO]     | distill epoch : 3, acc 0.868
[2023-12-28 21:56:37] [INFO]     | distill epoch : 4, acc 0.864
[2023-12-28 21:56:37] [INFO]    -client 5
[2023-12-28 21:56:37] [INFO]     |  local epoch  : 0, acc 0.817
[2023-12-28 21:56:37] [INFO]     |  local epoch  : 1, acc 0.869
[2023-12-28 21:56:37] [INFO]     |  local epoch  : 2, acc 0.843
[2023-12-28 21:56:37] [INFO]     |  local epoch  : 3, acc 0.850
[2023-12-28 21:56:37] [INFO]     |  local epoch  : 4, acc 0.862
[2023-12-28 21:56:37] [INFO]     | distill epoch : 0, acc 0.864
[2023-12-28 21:56:37] [INFO]     | distill epoch : 1, acc 0.870
[2023-12-28 21:56:37] [INFO]     | distill epoch : 2, acc 0.855
[2023-12-28 21:56:37] [INFO]     | distill epoch : 3, acc 0.866
[2023-12-28 21:56:37] [INFO]     | distill epoch : 4, acc 0.856
[2023-12-28 21:56:37] [INFO] |servers comunicated: 5, server aggregated: 1, acc_server 1: 0.871.
[2023-12-28 21:56:37] [INFO] --------------------------------------------------
[2023-12-28 21:56:37] [INFO]   |server: 2
[2023-12-28 21:56:37] [INFO]    -client 6
[2023-12-28 21:56:37] [INFO]     |  local epoch  : 0, acc 0.829
[2023-12-28 21:56:37] [INFO]     |  local epoch  : 1, acc 0.847
[2023-12-28 21:56:37] [INFO]     |  local epoch  : 2, acc 0.835
[2023-12-28 21:56:37] [INFO]     |  local epoch  : 3, acc 0.842
[2023-12-28 21:56:37] [INFO]     |  local epoch  : 4, acc 0.836
[2023-12-28 21:56:37] [INFO]     | distill epoch : 0, acc 0.857
[2023-12-28 21:56:37] [INFO]     | distill epoch : 1, acc 0.866
[2023-12-28 21:56:37] [INFO]     | distill epoch : 2, acc 0.851
[2023-12-28 21:56:38] [INFO]     | distill epoch : 3, acc 0.867
[2023-12-28 21:56:38] [INFO]     | distill epoch : 4, acc 0.850
[2023-12-28 21:56:38] [INFO]    -client 7
[2023-12-28 21:56:38] [INFO]     |  local epoch  : 0, acc 0.825
[2023-12-28 21:56:38] [INFO]     |  local epoch  : 1, acc 0.845
[2023-12-28 21:56:38] [INFO]     |  local epoch  : 2, acc 0.844
[2023-12-28 21:56:38] [INFO]     |  local epoch  : 3, acc 0.847
[2023-12-28 21:56:38] [INFO]     |  local epoch  : 4, acc 0.854
[2023-12-28 21:56:38] [INFO]     | distill epoch : 0, acc 0.854
[2023-12-28 21:56:38] [INFO]     | distill epoch : 1, acc 0.863
[2023-12-28 21:56:38] [INFO]     | distill epoch : 2, acc 0.844
[2023-12-28 21:56:38] [INFO]     | distill epoch : 3, acc 0.860
[2023-12-28 21:56:38] [INFO]     | distill epoch : 4, acc 0.843
[2023-12-28 21:56:38] [INFO]    -client 8
[2023-12-28 21:56:38] [INFO]     |  local epoch  : 0, acc 0.817
[2023-12-28 21:56:38] [INFO]     |  local epoch  : 1, acc 0.839
[2023-12-28 21:56:38] [INFO]     |  local epoch  : 2, acc 0.837
[2023-12-28 21:56:38] [INFO]     |  local epoch  : 3, acc 0.831
[2023-12-28 21:56:38] [INFO]     |  local epoch  : 4, acc 0.844
[2023-12-28 21:56:38] [INFO]     | distill epoch : 0, acc 0.861
[2023-12-28 21:56:38] [INFO]     | distill epoch : 1, acc 0.851
[2023-12-28 21:56:38] [INFO]     | distill epoch : 2, acc 0.863
[2023-12-28 21:56:38] [INFO]     | distill epoch : 3, acc 0.852
[2023-12-28 21:56:39] [INFO]     | distill epoch : 4, acc 0.862
[2023-12-28 21:56:39] [INFO] |servers comunicated: 5, server aggregated: 1, acc_server 2: 0.864.
[2023-12-28 21:56:39] [INFO] --------------------------------------------------
[2023-12-28 21:56:39] [INFO]      ********  servers comunicates  ********      
[2023-12-28 21:56:39] [INFO] ./data/saved-data/mnist_algo_0/alpha_0.5_T_8/server_commu_6_client_commu_2_client_train_5_batch_size_200_num_all_client_9_num_all_server_3_num_client_data_1200_num_public_data_50_proportion_0.8.pt
