[2023-12-28 21:52:37] [INFO] device cuda is used.
[2023-12-28 21:52:37] [INFO] cudnn is actived.
[2023-12-28 21:52:37] [INFO] 
           alpha       :  0.5  
             T         :   8   
         algorithm     :   0   
     num_server_commu  :   2   
     num_client_commu  :   2   
     num_client_train  :   5   
     num_public_train  :   5   
        batch_size     :  200  
          dataset      : mnist 
       model_select    :   1   
      num_all_client   :   9   
      num_all_server   :   3   
      num_client_data  : 1200  
      num_public_data  :  50   
        proportion     :  0.8  

[2023-12-28 21:52:44] [INFO] --------------------------------------------------
[2023-12-28 21:52:44] [INFO] |epoch_server_commu: 0/2
[2023-12-28 21:52:44] [INFO]  |epoch_client_commu: 0/2
[2023-12-28 21:52:44] [INFO]   |server: 0
[2023-12-28 21:52:44] [INFO]    -client 0
[2023-12-28 21:52:44] [INFO]     |  local epoch  : 0, acc 0.098
[2023-12-28 21:52:45] [INFO]     |  local epoch  : 1, acc 0.098
[2023-12-28 21:52:45] [INFO]     |  local epoch  : 2, acc 0.098
[2023-12-28 21:52:45] [INFO]     |  local epoch  : 3, acc 0.098
[2023-12-28 21:52:45] [INFO]     |  local epoch  : 4, acc 0.098
[2023-12-28 21:52:45] [INFO]    -client 1
[2023-12-28 21:52:45] [INFO]     |  local epoch  : 0, acc 0.098
[2023-12-28 21:52:45] [INFO]     |  local epoch  : 1, acc 0.098
[2023-12-28 21:52:45] [INFO]     |  local epoch  : 2, acc 0.098
[2023-12-28 21:52:45] [INFO]     |  local epoch  : 3, acc 0.098
[2023-12-28 21:52:45] [INFO]     |  local epoch  : 4, acc 0.098
[2023-12-28 21:52:45] [INFO]    -client 2
[2023-12-28 21:52:45] [INFO]     |  local epoch  : 0, acc 0.098
[2023-12-28 21:52:45] [INFO]     |  local epoch  : 1, acc 0.098
[2023-12-28 21:52:45] [INFO]     |  local epoch  : 2, acc 0.098
[2023-12-28 21:52:45] [INFO]     |  local epoch  : 3, acc 0.098
[2023-12-28 21:52:45] [INFO]     |  local epoch  : 4, acc 0.098
[2023-12-28 21:52:45] [INFO] |servers comunicated: 0, server aggregated: 0, acc_server 0: 0.098.
[2023-12-28 21:52:45] [INFO] --------------------------------------------------
[2023-12-28 21:52:45] [INFO]   |server: 1
[2023-12-28 21:52:45] [INFO]    -client 3
[2023-12-28 21:52:45] [INFO]     |  local epoch  : 0, acc 0.096
[2023-12-28 21:52:45] [INFO]     |  local epoch  : 1, acc 0.096
[2023-12-28 21:52:45] [INFO]     |  local epoch  : 2, acc 0.096
[2023-12-28 21:52:45] [INFO]     |  local epoch  : 3, acc 0.096
[2023-12-28 21:52:46] [INFO]     |  local epoch  : 4, acc 0.096
[2023-12-28 21:52:46] [INFO]    -client 4
[2023-12-28 21:52:46] [INFO]     |  local epoch  : 0, acc 0.096
[2023-12-28 21:52:46] [INFO]     |  local epoch  : 1, acc 0.096
[2023-12-28 21:52:46] [INFO]     |  local epoch  : 2, acc 0.096
[2023-12-28 21:52:46] [INFO]     |  local epoch  : 3, acc 0.096
[2023-12-28 21:52:46] [INFO]     |  local epoch  : 4, acc 0.096
[2023-12-28 21:52:46] [INFO]    -client 5
[2023-12-28 21:52:46] [INFO]     |  local epoch  : 0, acc 0.096
[2023-12-28 21:52:46] [INFO]     |  local epoch  : 1, acc 0.096
[2023-12-28 21:52:46] [INFO]     |  local epoch  : 2, acc 0.096
[2023-12-28 21:52:46] [INFO]     |  local epoch  : 3, acc 0.096
[2023-12-28 21:52:46] [INFO]     |  local epoch  : 4, acc 0.096
[2023-12-28 21:52:46] [INFO] |servers comunicated: 0, server aggregated: 0, acc_server 1: 0.096.
[2023-12-28 21:52:46] [INFO] --------------------------------------------------
[2023-12-28 21:52:46] [INFO]   |server: 2
[2023-12-28 21:52:46] [INFO]    -client 6
[2023-12-28 21:52:46] [INFO]     |  local epoch  : 0, acc 0.101
[2023-12-28 21:52:46] [INFO]     |  local epoch  : 1, acc 0.101
[2023-12-28 21:52:46] [INFO]     |  local epoch  : 2, acc 0.101
[2023-12-28 21:52:46] [INFO]     |  local epoch  : 3, acc 0.101
[2023-12-28 21:52:46] [INFO]     |  local epoch  : 4, acc 0.101
[2023-12-28 21:52:46] [INFO]    -client 7
[2023-12-28 21:52:46] [INFO]     |  local epoch  : 0, acc 0.101
[2023-12-28 21:52:46] [INFO]     |  local epoch  : 1, acc 0.101
[2023-12-28 21:52:46] [INFO]     |  local epoch  : 2, acc 0.101
[2023-12-28 21:52:47] [INFO]     |  local epoch  : 3, acc 0.101
[2023-12-28 21:52:47] [INFO]     |  local epoch  : 4, acc 0.101
[2023-12-28 21:52:47] [INFO]    -client 8
[2023-12-28 21:52:47] [INFO]     |  local epoch  : 0, acc 0.101
[2023-12-28 21:52:47] [INFO]     |  local epoch  : 1, acc 0.101
[2023-12-28 21:52:47] [INFO]     |  local epoch  : 2, acc 0.101
[2023-12-28 21:52:47] [INFO]     |  local epoch  : 3, acc 0.101
[2023-12-28 21:52:47] [INFO]     |  local epoch  : 4, acc 0.101
[2023-12-28 21:52:47] [INFO] |servers comunicated: 0, server aggregated: 0, acc_server 2: 0.101.
[2023-12-28 21:52:47] [INFO] --------------------------------------------------
[2023-12-28 21:52:47] [INFO]  |epoch_client_commu: 1/2
[2023-12-28 21:52:47] [INFO]   |server: 0
[2023-12-28 21:52:47] [INFO]    -client 0
[2023-12-28 21:52:47] [INFO]     |  local epoch  : 0, acc 0.098
[2023-12-28 21:52:47] [INFO]     |  local epoch  : 1, acc 0.098
[2023-12-28 21:52:47] [INFO]     |  local epoch  : 2, acc 0.098
[2023-12-28 21:52:47] [INFO]     |  local epoch  : 3, acc 0.098
[2023-12-28 21:52:47] [INFO]     |  local epoch  : 4, acc 0.098
[2023-12-28 21:52:47] [INFO]    -client 1
[2023-12-28 21:52:47] [INFO]     |  local epoch  : 0, acc 0.098
[2023-12-28 21:52:47] [INFO]     |  local epoch  : 1, acc 0.098
[2023-12-28 21:52:47] [INFO]     |  local epoch  : 2, acc 0.098
[2023-12-28 21:52:47] [INFO]     |  local epoch  : 3, acc 0.098
[2023-12-28 21:52:47] [INFO]     |  local epoch  : 4, acc 0.098
[2023-12-28 21:52:47] [INFO]    -client 2
[2023-12-28 21:52:47] [INFO]     |  local epoch  : 0, acc 0.098
[2023-12-28 21:52:47] [INFO]     |  local epoch  : 1, acc 0.098
[2023-12-28 21:52:48] [INFO]     |  local epoch  : 2, acc 0.098
[2023-12-28 21:52:48] [INFO]     |  local epoch  : 3, acc 0.098
[2023-12-28 21:52:48] [INFO]     |  local epoch  : 4, acc 0.098
[2023-12-28 21:52:48] [INFO] |servers comunicated: 0, server aggregated: 1, acc_server 0: 0.098.
[2023-12-28 21:52:48] [INFO] --------------------------------------------------
[2023-12-28 21:52:48] [INFO]   |server: 1
[2023-12-28 21:52:48] [INFO]    -client 3
[2023-12-28 21:52:48] [INFO]     |  local epoch  : 0, acc 0.096
[2023-12-28 21:52:48] [INFO]     |  local epoch  : 1, acc 0.096
[2023-12-28 21:52:48] [INFO]     |  local epoch  : 2, acc 0.096
[2023-12-28 21:52:48] [INFO]     |  local epoch  : 3, acc 0.096
[2023-12-28 21:52:48] [INFO]     |  local epoch  : 4, acc 0.096
[2023-12-28 21:52:48] [INFO]    -client 4
[2023-12-28 21:52:48] [INFO]     |  local epoch  : 0, acc 0.096
[2023-12-28 21:52:48] [INFO]     |  local epoch  : 1, acc 0.096
[2023-12-28 21:52:48] [INFO]     |  local epoch  : 2, acc 0.096
[2023-12-28 21:52:48] [INFO]     |  local epoch  : 3, acc 0.096
[2023-12-28 21:52:48] [INFO]     |  local epoch  : 4, acc 0.096
[2023-12-28 21:52:48] [INFO]    -client 5
[2023-12-28 21:52:48] [INFO]     |  local epoch  : 0, acc 0.096
[2023-12-28 21:52:48] [INFO]     |  local epoch  : 1, acc 0.096
[2023-12-28 21:52:48] [INFO]     |  local epoch  : 2, acc 0.096
[2023-12-28 21:52:48] [INFO]     |  local epoch  : 3, acc 0.096
[2023-12-28 21:52:48] [INFO]     |  local epoch  : 4, acc 0.096
[2023-12-28 21:52:48] [INFO] |servers comunicated: 0, server aggregated: 1, acc_server 1: 0.096.
[2023-12-28 21:52:48] [INFO] --------------------------------------------------
[2023-12-28 21:52:48] [INFO]   |server: 2
[2023-12-28 21:52:48] [INFO]    -client 6
[2023-12-28 21:52:49] [INFO]     |  local epoch  : 0, acc 0.101
[2023-12-28 21:52:49] [INFO]     |  local epoch  : 1, acc 0.101
[2023-12-28 21:52:49] [INFO]     |  local epoch  : 2, acc 0.101
[2023-12-28 21:52:49] [INFO]     |  local epoch  : 3, acc 0.101
[2023-12-28 21:52:49] [INFO]     |  local epoch  : 4, acc 0.101
[2023-12-28 21:52:49] [INFO]    -client 7
[2023-12-28 21:52:49] [INFO]     |  local epoch  : 0, acc 0.101
[2023-12-28 21:52:49] [INFO]     |  local epoch  : 1, acc 0.101
[2023-12-28 21:52:49] [INFO]     |  local epoch  : 2, acc 0.101
[2023-12-28 21:52:49] [INFO]     |  local epoch  : 3, acc 0.101
[2023-12-28 21:52:49] [INFO]     |  local epoch  : 4, acc 0.101
[2023-12-28 21:52:49] [INFO]    -client 8
[2023-12-28 21:52:49] [INFO]     |  local epoch  : 0, acc 0.101
[2023-12-28 21:52:49] [INFO]     |  local epoch  : 1, acc 0.101
[2023-12-28 21:52:49] [INFO]     |  local epoch  : 2, acc 0.101
[2023-12-28 21:52:49] [INFO]     |  local epoch  : 3, acc 0.101
[2023-12-28 21:52:49] [INFO]     |  local epoch  : 4, acc 0.101
[2023-12-28 21:52:49] [INFO] |servers comunicated: 0, server aggregated: 1, acc_server 2: 0.101.
[2023-12-28 21:52:49] [INFO] --------------------------------------------------
[2023-12-28 21:52:49] [INFO]      ********  servers comunicates  ********      
[2023-12-28 21:52:49] [INFO] --------------------------------------------------
[2023-12-28 21:52:49] [INFO] |epoch_server_commu: 1/2
[2023-12-28 21:52:49] [INFO]  |epoch_client_commu: 0/2
[2023-12-28 21:52:49] [INFO]   |server: 0
[2023-12-28 21:52:49] [INFO]    -client 0
[2023-12-28 21:52:49] [INFO]     |  local epoch  : 0, acc 0.098
[2023-12-28 21:52:49] [INFO]     |  local epoch  : 1, acc 0.098
[2023-12-28 21:52:49] [INFO]     |  local epoch  : 2, acc 0.098
[2023-12-28 21:52:49] [INFO]     |  local epoch  : 3, acc 0.103
[2023-12-28 21:52:50] [INFO]     |  local epoch  : 4, acc 0.146
[2023-12-28 21:52:50] [INFO]     | distill epoch : 0, acc 0.160
[2023-12-28 21:52:50] [INFO]     | distill epoch : 1, acc 0.173
[2023-12-28 21:52:50] [INFO]     | distill epoch : 2, acc 0.183
[2023-12-28 21:52:50] [INFO]     | distill epoch : 3, acc 0.208
[2023-12-28 21:52:50] [INFO]     | distill epoch : 4, acc 0.245
[2023-12-28 21:52:50] [INFO]    -client 1
[2023-12-28 21:52:50] [INFO]     |  local epoch  : 0, acc 0.098
[2023-12-28 21:52:50] [INFO]     |  local epoch  : 1, acc 0.098
[2023-12-28 21:52:50] [INFO]     |  local epoch  : 2, acc 0.098
[2023-12-28 21:52:50] [INFO]     |  local epoch  : 3, acc 0.101
[2023-12-28 21:52:50] [INFO]     |  local epoch  : 4, acc 0.141
[2023-12-28 21:52:50] [INFO]     | distill epoch : 0, acc 0.166
[2023-12-28 21:52:50] [INFO]     | distill epoch : 1, acc 0.191
[2023-12-28 21:52:50] [INFO]     | distill epoch : 2, acc 0.208
[2023-12-28 21:52:50] [INFO]     | distill epoch : 3, acc 0.236
[2023-12-28 21:52:51] [INFO]     | distill epoch : 4, acc 0.280
[2023-12-28 21:52:51] [INFO]    -client 2
[2023-12-28 21:52:51] [INFO]     |  local epoch  : 0, acc 0.098
[2023-12-28 21:52:51] [INFO]     |  local epoch  : 1, acc 0.098
[2023-12-28 21:52:51] [INFO]     |  local epoch  : 2, acc 0.098
[2023-12-28 21:52:51] [INFO]     |  local epoch  : 3, acc 0.113
[2023-12-28 21:52:51] [INFO]     |  local epoch  : 4, acc 0.181
[2023-12-28 21:52:51] [INFO]     | distill epoch : 0, acc 0.224
[2023-12-28 21:52:51] [INFO]     | distill epoch : 1, acc 0.255
[2023-12-28 21:52:51] [INFO]     | distill epoch : 2, acc 0.283
[2023-12-28 21:52:51] [INFO]     | distill epoch : 3, acc 0.308
[2023-12-28 21:52:51] [INFO]     | distill epoch : 4, acc 0.331
[2023-12-28 21:52:51] [INFO] |servers comunicated: 1, server aggregated: 0, acc_server 0: 0.357.
[2023-12-28 21:52:51] [INFO] --------------------------------------------------
[2023-12-28 21:52:51] [INFO]   |server: 1
[2023-12-28 21:52:51] [INFO]    -client 3
[2023-12-28 21:52:51] [INFO]     |  local epoch  : 0, acc 0.096
[2023-12-28 21:52:51] [INFO]     |  local epoch  : 1, acc 0.096
[2023-12-28 21:52:51] [INFO]     |  local epoch  : 2, acc 0.097
[2023-12-28 21:52:51] [INFO]     |  local epoch  : 3, acc 0.176
[2023-12-28 21:52:51] [INFO]     |  local epoch  : 4, acc 0.202
[2023-12-28 21:52:51] [INFO]     | distill epoch : 0, acc 0.223
[2023-12-28 21:52:51] [INFO]     | distill epoch : 1, acc 0.272
[2023-12-28 21:52:51] [INFO]     | distill epoch : 2, acc 0.303
[2023-12-28 21:52:51] [INFO]     | distill epoch : 3, acc 0.317
[2023-12-28 21:52:52] [INFO]     | distill epoch : 4, acc 0.318
[2023-12-28 21:52:52] [INFO]    -client 4
[2023-12-28 21:52:52] [INFO]     |  local epoch  : 0, acc 0.096
[2023-12-28 21:52:52] [INFO]     |  local epoch  : 1, acc 0.096
[2023-12-28 21:52:52] [INFO]     |  local epoch  : 2, acc 0.097
[2023-12-28 21:52:52] [INFO]     |  local epoch  : 3, acc 0.137
[2023-12-28 21:52:52] [INFO]     |  local epoch  : 4, acc 0.187
[2023-12-28 21:52:52] [INFO]     | distill epoch : 0, acc 0.207
[2023-12-28 21:52:52] [INFO]     | distill epoch : 1, acc 0.229
[2023-12-28 21:52:52] [INFO]     | distill epoch : 2, acc 0.246
[2023-12-28 21:52:52] [INFO]     | distill epoch : 3, acc 0.264
[2023-12-28 21:52:52] [INFO]     | distill epoch : 4, acc 0.271
[2023-12-28 21:52:52] [INFO]    -client 5
[2023-12-28 21:52:52] [INFO]     |  local epoch  : 0, acc 0.096
[2023-12-28 21:52:52] [INFO]     |  local epoch  : 1, acc 0.096
[2023-12-28 21:52:52] [INFO]     |  local epoch  : 2, acc 0.096
[2023-12-28 21:52:52] [INFO]     |  local epoch  : 3, acc 0.104
[2023-12-28 21:52:52] [INFO]     |  local epoch  : 4, acc 0.138
[2023-12-28 21:52:52] [INFO]     | distill epoch : 0, acc 0.175
[2023-12-28 21:52:52] [INFO]     | distill epoch : 1, acc 0.216
[2023-12-28 21:52:52] [INFO]     | distill epoch : 2, acc 0.240
[2023-12-28 21:52:52] [INFO]     | distill epoch : 3, acc 0.243
[2023-12-28 21:52:52] [INFO]     | distill epoch : 4, acc 0.242
[2023-12-28 21:52:53] [INFO] |servers comunicated: 1, server aggregated: 0, acc_server 1: 0.268.
[2023-12-28 21:52:53] [INFO] --------------------------------------------------
[2023-12-28 21:52:53] [INFO]   |server: 2
[2023-12-28 21:52:53] [INFO]    -client 6
[2023-12-28 21:52:53] [INFO]     |  local epoch  : 0, acc 0.101
[2023-12-28 21:52:53] [INFO]     |  local epoch  : 1, acc 0.101
[2023-12-28 21:52:53] [INFO]     |  local epoch  : 2, acc 0.101
[2023-12-28 21:52:53] [INFO]     |  local epoch  : 3, acc 0.101
[2023-12-28 21:52:53] [INFO]     |  local epoch  : 4, acc 0.101
[2023-12-28 21:52:53] [INFO]     | distill epoch : 0, acc 0.101
[2023-12-28 21:52:53] [INFO]     | distill epoch : 1, acc 0.101
[2023-12-28 21:52:53] [INFO]     | distill epoch : 2, acc 0.101
[2023-12-28 21:52:53] [INFO]     | distill epoch : 3, acc 0.101
[2023-12-28 21:52:53] [INFO]     | distill epoch : 4, acc 0.104
[2023-12-28 21:52:53] [INFO]    -client 7
[2023-12-28 21:52:53] [INFO]     |  local epoch  : 0, acc 0.101
[2023-12-28 21:52:53] [INFO]     |  local epoch  : 1, acc 0.101
[2023-12-28 21:52:53] [INFO]     |  local epoch  : 2, acc 0.101
[2023-12-28 21:52:53] [INFO]     |  local epoch  : 3, acc 0.101
[2023-12-28 21:52:53] [INFO]     |  local epoch  : 4, acc 0.101
[2023-12-28 21:52:53] [INFO]     | distill epoch : 0, acc 0.101
[2023-12-28 21:52:53] [INFO]     | distill epoch : 1, acc 0.101
[2023-12-28 21:52:53] [INFO]     | distill epoch : 2, acc 0.101
[2023-12-28 21:52:53] [INFO]     | distill epoch : 3, acc 0.103
[2023-12-28 21:52:54] [INFO]     | distill epoch : 4, acc 0.106
[2023-12-28 21:52:54] [INFO]    -client 8
[2023-12-28 21:52:54] [INFO]     |  local epoch  : 0, acc 0.101
[2023-12-28 21:52:54] [INFO]     |  local epoch  : 1, acc 0.101
[2023-12-28 21:52:54] [INFO]     |  local epoch  : 2, acc 0.101
[2023-12-28 21:52:54] [INFO]     |  local epoch  : 3, acc 0.101
[2023-12-28 21:52:54] [INFO]     |  local epoch  : 4, acc 0.101
[2023-12-28 21:52:54] [INFO]     | distill epoch : 0, acc 0.101
[2023-12-28 21:52:54] [INFO]     | distill epoch : 1, acc 0.101
[2023-12-28 21:52:54] [INFO]     | distill epoch : 2, acc 0.101
[2023-12-28 21:52:54] [INFO]     | distill epoch : 3, acc 0.101
[2023-12-28 21:52:54] [INFO]     | distill epoch : 4, acc 0.101
[2023-12-28 21:52:54] [INFO] |servers comunicated: 1, server aggregated: 0, acc_server 2: 0.101.
[2023-12-28 21:52:54] [INFO] --------------------------------------------------
[2023-12-28 21:52:54] [INFO]  |epoch_client_commu: 1/2
[2023-12-28 21:52:54] [INFO]   |server: 0
[2023-12-28 21:52:54] [INFO]    -client 0
[2023-12-28 21:52:54] [INFO]     |  local epoch  : 0, acc 0.159
[2023-12-28 21:52:54] [INFO]     |  local epoch  : 1, acc 0.198
[2023-12-28 21:52:54] [INFO]     |  local epoch  : 2, acc 0.229
[2023-12-28 21:52:54] [INFO]     |  local epoch  : 3, acc 0.278
[2023-12-28 21:52:54] [INFO]     |  local epoch  : 4, acc 0.383
[2023-12-28 21:52:54] [INFO]     | distill epoch : 0, acc 0.449
[2023-12-28 21:52:54] [INFO]     | distill epoch : 1, acc 0.485
[2023-12-28 21:52:54] [INFO]     | distill epoch : 2, acc 0.508
[2023-12-28 21:52:54] [INFO]     | distill epoch : 3, acc 0.532
[2023-12-28 21:52:55] [INFO]     | distill epoch : 4, acc 0.547
[2023-12-28 21:52:55] [INFO]    -client 1
[2023-12-28 21:52:55] [INFO]     |  local epoch  : 0, acc 0.160
[2023-12-28 21:52:55] [INFO]     |  local epoch  : 1, acc 0.221
[2023-12-28 21:52:55] [INFO]     |  local epoch  : 2, acc 0.286
[2023-12-28 21:52:55] [INFO]     |  local epoch  : 3, acc 0.311
[2023-12-28 21:52:55] [INFO]     |  local epoch  : 4, acc 0.308
[2023-12-28 21:52:55] [INFO]     | distill epoch : 0, acc 0.363
[2023-12-28 21:52:55] [INFO]     | distill epoch : 1, acc 0.402
[2023-12-28 21:52:55] [INFO]     | distill epoch : 2, acc 0.439
[2023-12-28 21:52:55] [INFO]     | distill epoch : 3, acc 0.467
[2023-12-28 21:52:55] [INFO]     | distill epoch : 4, acc 0.492
[2023-12-28 21:52:55] [INFO]    -client 2
[2023-12-28 21:52:55] [INFO]     |  local epoch  : 0, acc 0.165
[2023-12-28 21:52:55] [INFO]     |  local epoch  : 1, acc 0.267
[2023-12-28 21:52:55] [INFO]     |  local epoch  : 2, acc 0.305
[2023-12-28 21:52:55] [INFO]     |  local epoch  : 3, acc 0.360
[2023-12-28 21:52:55] [INFO]     |  local epoch  : 4, acc 0.452
[2023-12-28 21:52:55] [INFO]     | distill epoch : 0, acc 0.488
[2023-12-28 21:52:55] [INFO]     | distill epoch : 1, acc 0.494
[2023-12-28 21:52:55] [INFO]     | distill epoch : 2, acc 0.518
[2023-12-28 21:52:55] [INFO]     | distill epoch : 3, acc 0.540
[2023-12-28 21:52:55] [INFO]     | distill epoch : 4, acc 0.563
[2023-12-28 21:52:56] [INFO] |servers comunicated: 1, server aggregated: 1, acc_server 0: 0.558.
[2023-12-28 21:52:56] [INFO] --------------------------------------------------
[2023-12-28 21:52:56] [INFO]   |server: 1
[2023-12-28 21:52:56] [INFO]    -client 3
[2023-12-28 21:52:56] [INFO]     |  local epoch  : 0, acc 0.159
[2023-12-28 21:52:56] [INFO]     |  local epoch  : 1, acc 0.266
[2023-12-28 21:52:56] [INFO]     |  local epoch  : 2, acc 0.357
[2023-12-28 21:52:56] [INFO]     |  local epoch  : 3, acc 0.405
[2023-12-28 21:52:56] [INFO]     |  local epoch  : 4, acc 0.428
[2023-12-28 21:52:56] [INFO]     | distill epoch : 0, acc 0.502
[2023-12-28 21:52:56] [INFO]     | distill epoch : 1, acc 0.529
[2023-12-28 21:52:56] [INFO]     | distill epoch : 2, acc 0.531
[2023-12-28 21:52:56] [INFO]     | distill epoch : 3, acc 0.531
[2023-12-28 21:52:56] [INFO]     | distill epoch : 4, acc 0.541
[2023-12-28 21:52:56] [INFO]    -client 4
[2023-12-28 21:52:56] [INFO]     |  local epoch  : 0, acc 0.154
[2023-12-28 21:52:56] [INFO]     |  local epoch  : 1, acc 0.242
[2023-12-28 21:52:56] [INFO]     |  local epoch  : 2, acc 0.258
[2023-12-28 21:52:56] [INFO]     |  local epoch  : 3, acc 0.367
[2023-12-28 21:52:56] [INFO]     |  local epoch  : 4, acc 0.408
[2023-12-28 21:52:56] [INFO]     | distill epoch : 0, acc 0.446
[2023-12-28 21:52:56] [INFO]     | distill epoch : 1, acc 0.472
[2023-12-28 21:52:56] [INFO]     | distill epoch : 2, acc 0.498
[2023-12-28 21:52:56] [INFO]     | distill epoch : 3, acc 0.521
[2023-12-28 21:52:56] [INFO]     | distill epoch : 4, acc 0.544
[2023-12-28 21:52:56] [INFO]    -client 5
[2023-12-28 21:52:57] [INFO]     |  local epoch  : 0, acc 0.167
[2023-12-28 21:52:57] [INFO]     |  local epoch  : 1, acc 0.274
[2023-12-28 21:52:57] [INFO]     |  local epoch  : 2, acc 0.335
[2023-12-28 21:52:57] [INFO]     |  local epoch  : 3, acc 0.427
[2023-12-28 21:52:57] [INFO]     |  local epoch  : 4, acc 0.539
[2023-12-28 21:52:57] [INFO]     | distill epoch : 0, acc 0.573
[2023-12-28 21:52:57] [INFO]     | distill epoch : 1, acc 0.564
[2023-12-28 21:52:57] [INFO]     | distill epoch : 2, acc 0.553
[2023-12-28 21:52:57] [INFO]     | distill epoch : 3, acc 0.553
[2023-12-28 21:52:57] [INFO]     | distill epoch : 4, acc 0.560
[2023-12-28 21:52:57] [INFO] |servers comunicated: 1, server aggregated: 1, acc_server 1: 0.551.
[2023-12-28 21:52:57] [INFO] --------------------------------------------------
[2023-12-28 21:52:57] [INFO]   |server: 2
[2023-12-28 21:52:57] [INFO]    -client 6
[2023-12-28 21:52:57] [INFO]     |  local epoch  : 0, acc 0.101
[2023-12-28 21:52:57] [INFO]     |  local epoch  : 1, acc 0.101
[2023-12-28 21:52:57] [INFO]     |  local epoch  : 2, acc 0.104
[2023-12-28 21:52:57] [INFO]     |  local epoch  : 3, acc 0.115
[2023-12-28 21:52:57] [INFO]     |  local epoch  : 4, acc 0.130
[2023-12-28 21:52:57] [INFO]     | distill epoch : 0, acc 0.164
[2023-12-28 21:52:57] [INFO]     | distill epoch : 1, acc 0.207
[2023-12-28 21:52:57] [INFO]     | distill epoch : 2, acc 0.253
[2023-12-28 21:52:57] [INFO]     | distill epoch : 3, acc 0.291
[2023-12-28 21:52:57] [INFO]     | distill epoch : 4, acc 0.325
[2023-12-28 21:52:57] [INFO]    -client 7
[2023-12-28 21:52:58] [INFO]     |  local epoch  : 0, acc 0.101
[2023-12-28 21:52:58] [INFO]     |  local epoch  : 1, acc 0.101
[2023-12-28 21:52:58] [INFO]     |  local epoch  : 2, acc 0.103
[2023-12-28 21:52:58] [INFO]     |  local epoch  : 3, acc 0.121
[2023-12-28 21:52:58] [INFO]     |  local epoch  : 4, acc 0.170
[2023-12-28 21:52:58] [INFO]     | distill epoch : 0, acc 0.225
[2023-12-28 21:52:58] [INFO]     | distill epoch : 1, acc 0.271
[2023-12-28 21:52:58] [INFO]     | distill epoch : 2, acc 0.311
[2023-12-28 21:52:58] [INFO]     | distill epoch : 3, acc 0.336
[2023-12-28 21:52:58] [INFO]     | distill epoch : 4, acc 0.365
[2023-12-28 21:52:58] [INFO]    -client 8
[2023-12-28 21:52:58] [INFO]     |  local epoch  : 0, acc 0.101
[2023-12-28 21:52:58] [INFO]     |  local epoch  : 1, acc 0.101
[2023-12-28 21:52:58] [INFO]     |  local epoch  : 2, acc 0.101
[2023-12-28 21:52:58] [INFO]     |  local epoch  : 3, acc 0.108
[2023-12-28 21:52:58] [INFO]     |  local epoch  : 4, acc 0.132
[2023-12-28 21:52:58] [INFO]     | distill epoch : 0, acc 0.158
[2023-12-28 21:52:58] [INFO]     | distill epoch : 1, acc 0.197
[2023-12-28 21:52:58] [INFO]     | distill epoch : 2, acc 0.256
[2023-12-28 21:52:58] [INFO]     | distill epoch : 3, acc 0.312
[2023-12-28 21:52:58] [INFO]     | distill epoch : 4, acc 0.352
[2023-12-28 21:52:58] [INFO] |servers comunicated: 1, server aggregated: 1, acc_server 2: 0.355.
[2023-12-28 21:52:58] [INFO] --------------------------------------------------
[2023-12-28 21:52:59] [INFO]      ********  servers comunicates  ********      
[2023-12-28 21:52:59] [INFO] ./data/saved-data/mnist_algo_0/alpha_0.5_T_8/server_commu_2_client_commu_2_client_train_5_batch_size_200_num_all_client_9_num_all_server_3_num_client_data_1200_num_public_data_50_proportion_0.8.pt
