[2023-12-28 22:19:41] [INFO] device cuda is used.
[2023-12-28 22:19:41] [INFO] cudnn is actived.
[2023-12-28 22:19:41] [INFO] 
           alpha       :  0.0  
             T         :   8   
         algorithm     :   0   
     num_server_commu  :   2   
     num_client_commu  :   2   
     num_client_train  :   2   
     num_public_train  :   5   
        batch_size     :  200  
          dataset      : mnist 
       model_select    :   1   
      num_all_client   :   9   
      num_all_server   :   3   
      num_client_data  : 1200  
      num_public_data  :  50   
        proportion     :  0.8  

[2023-12-28 22:19:48] [INFO] --------------------------------------------------
[2023-12-28 22:19:48] [INFO] |epoch_server_commu: 0/2
[2023-12-28 22:19:48] [INFO]  |epoch_client_commu: 0/2
[2023-12-28 22:19:48] [INFO]   |server: 0
[2023-12-28 22:19:48] [INFO]    -client 0
[2023-12-28 22:19:49] [INFO]     |  local epoch  : 0, acc 0.096
[2023-12-28 22:19:49] [INFO]     |  local epoch  : 1, acc 0.096
[2023-12-28 22:19:49] [INFO]    -client 1
[2023-12-28 22:19:49] [INFO]     |  local epoch  : 0, acc 0.096
[2023-12-28 22:19:49] [INFO]     |  local epoch  : 1, acc 0.096
[2023-12-28 22:19:49] [INFO]    -client 2
[2023-12-28 22:19:49] [INFO]     |  local epoch  : 0, acc 0.096
[2023-12-28 22:19:49] [INFO]     |  local epoch  : 1, acc 0.096
[2023-12-28 22:19:49] [INFO] |servers comunicated: 0, server aggregated: 0, acc_server 0: 0.096.
[2023-12-28 22:19:49] [INFO] --------------------------------------------------
[2023-12-28 22:19:49] [INFO]   |server: 1
[2023-12-28 22:19:49] [INFO]    -client 3
[2023-12-28 22:19:49] [INFO]     |  local epoch  : 0, acc 0.101
[2023-12-28 22:19:49] [INFO]     |  local epoch  : 1, acc 0.101
[2023-12-28 22:19:49] [INFO]    -client 4
[2023-12-28 22:19:49] [INFO]     |  local epoch  : 0, acc 0.101
[2023-12-28 22:19:49] [INFO]     |  local epoch  : 1, acc 0.101
[2023-12-28 22:19:49] [INFO]    -client 5
[2023-12-28 22:19:49] [INFO]     |  local epoch  : 0, acc 0.101
[2023-12-28 22:19:49] [INFO]     |  local epoch  : 1, acc 0.101
[2023-12-28 22:19:49] [INFO] |servers comunicated: 0, server aggregated: 0, acc_server 1: 0.101.
[2023-12-28 22:19:49] [INFO] --------------------------------------------------
[2023-12-28 22:19:49] [INFO]   |server: 2
[2023-12-28 22:19:49] [INFO]    -client 6
[2023-12-28 22:19:49] [INFO]     |  local epoch  : 0, acc 0.097
[2023-12-28 22:19:50] [INFO]     |  local epoch  : 1, acc 0.097
[2023-12-28 22:19:50] [INFO]    -client 7
[2023-12-28 22:19:50] [INFO]     |  local epoch  : 0, acc 0.097
[2023-12-28 22:19:50] [INFO]     |  local epoch  : 1, acc 0.097
[2023-12-28 22:19:50] [INFO]    -client 8
[2023-12-28 22:19:50] [INFO]     |  local epoch  : 0, acc 0.097
[2023-12-28 22:19:50] [INFO]     |  local epoch  : 1, acc 0.097
[2023-12-28 22:19:50] [INFO] |servers comunicated: 0, server aggregated: 0, acc_server 2: 0.097.
[2023-12-28 22:19:50] [INFO] --------------------------------------------------
[2023-12-28 22:19:50] [INFO]  |epoch_client_commu: 1/2
[2023-12-28 22:19:50] [INFO]   |server: 0
[2023-12-28 22:19:50] [INFO]    -client 0
[2023-12-28 22:19:50] [INFO]     |  local epoch  : 0, acc 0.096
[2023-12-28 22:19:50] [INFO]     |  local epoch  : 1, acc 0.096
[2023-12-28 22:19:50] [INFO]    -client 1
[2023-12-28 22:19:50] [INFO]     |  local epoch  : 0, acc 0.096
[2023-12-28 22:19:50] [INFO]     |  local epoch  : 1, acc 0.096
[2023-12-28 22:19:50] [INFO]    -client 2
[2023-12-28 22:19:50] [INFO]     |  local epoch  : 0, acc 0.096
[2023-12-28 22:19:50] [INFO]     |  local epoch  : 1, acc 0.096
[2023-12-28 22:19:50] [INFO] |servers comunicated: 0, server aggregated: 1, acc_server 0: 0.096.
[2023-12-28 22:19:50] [INFO] --------------------------------------------------
[2023-12-28 22:19:50] [INFO]   |server: 1
[2023-12-28 22:19:50] [INFO]    -client 3
[2023-12-28 22:19:50] [INFO]     |  local epoch  : 0, acc 0.101
[2023-12-28 22:19:50] [INFO]     |  local epoch  : 1, acc 0.101
[2023-12-28 22:19:50] [INFO]    -client 4
[2023-12-28 22:19:50] [INFO]     |  local epoch  : 0, acc 0.101
[2023-12-28 22:19:51] [INFO]     |  local epoch  : 1, acc 0.101
[2023-12-28 22:19:51] [INFO]    -client 5
[2023-12-28 22:19:51] [INFO]     |  local epoch  : 0, acc 0.101
[2023-12-28 22:19:51] [INFO]     |  local epoch  : 1, acc 0.101
[2023-12-28 22:19:51] [INFO] |servers comunicated: 0, server aggregated: 1, acc_server 1: 0.101.
[2023-12-28 22:19:51] [INFO] --------------------------------------------------
[2023-12-28 22:19:51] [INFO]   |server: 2
[2023-12-28 22:19:51] [INFO]    -client 6
[2023-12-28 22:19:51] [INFO]     |  local epoch  : 0, acc 0.097
[2023-12-28 22:19:51] [INFO]     |  local epoch  : 1, acc 0.097
[2023-12-28 22:19:51] [INFO]    -client 7
[2023-12-28 22:19:51] [INFO]     |  local epoch  : 0, acc 0.097
[2023-12-28 22:19:51] [INFO]     |  local epoch  : 1, acc 0.097
[2023-12-28 22:19:51] [INFO]    -client 8
[2023-12-28 22:19:51] [INFO]     |  local epoch  : 0, acc 0.097
[2023-12-28 22:19:51] [INFO]     |  local epoch  : 1, acc 0.097
[2023-12-28 22:19:51] [INFO] |servers comunicated: 0, server aggregated: 1, acc_server 2: 0.097.
[2023-12-28 22:19:51] [INFO] --------------------------------------------------
[2023-12-28 22:19:51] [INFO]      ********  servers comunicates  ********      
[2023-12-28 22:19:51] [INFO] --------------------------------------------------
[2023-12-28 22:19:51] [INFO] |epoch_server_commu: 1/2
[2023-12-28 22:19:51] [INFO]  |epoch_client_commu: 0/2
[2023-12-28 22:19:51] [INFO]   |server: 0
[2023-12-28 22:19:51] [INFO]    -client 0
[2023-12-28 22:19:51] [INFO]     |  local epoch  : 0, acc 0.096
[2023-12-28 22:19:51] [INFO]     |  local epoch  : 1, acc 0.096
[2023-12-28 22:19:52] [INFO]     | distill epoch : 0, acc 0.096
[2023-12-28 22:19:52] [INFO]     | distill epoch : 1, acc 0.096
[2023-12-28 22:19:52] [INFO]     | distill epoch : 2, acc 0.096
[2023-12-28 22:19:52] [INFO]     | distill epoch : 3, acc 0.096
[2023-12-28 22:19:52] [INFO]     | distill epoch : 4, acc 0.096
[2023-12-28 22:19:52] [INFO]    -client 1
[2023-12-28 22:19:52] [INFO]     |  local epoch  : 0, acc 0.096
[2023-12-28 22:19:52] [INFO]     |  local epoch  : 1, acc 0.096
[2023-12-28 22:19:52] [INFO]     | distill epoch : 0, acc 0.096
[2023-12-28 22:19:52] [INFO]     | distill epoch : 1, acc 0.096
[2023-12-28 22:19:52] [INFO]     | distill epoch : 2, acc 0.096
[2023-12-28 22:19:52] [INFO]     | distill epoch : 3, acc 0.096
[2023-12-28 22:19:52] [INFO]     | distill epoch : 4, acc 0.096
[2023-12-28 22:19:52] [INFO]    -client 2
[2023-12-28 22:19:52] [INFO]     |  local epoch  : 0, acc 0.096
[2023-12-28 22:19:52] [INFO]     |  local epoch  : 1, acc 0.096
[2023-12-28 22:19:52] [INFO]     | distill epoch : 0, acc 0.096
[2023-12-28 22:19:52] [INFO]     | distill epoch : 1, acc 0.096
[2023-12-28 22:19:53] [INFO]     | distill epoch : 2, acc 0.096
[2023-12-28 22:19:53] [INFO]     | distill epoch : 3, acc 0.096
[2023-12-28 22:19:53] [INFO]     | distill epoch : 4, acc 0.096
[2023-12-28 22:19:53] [INFO] |servers comunicated: 1, server aggregated: 0, acc_server 0: 0.096.
[2023-12-28 22:19:53] [INFO] --------------------------------------------------
[2023-12-28 22:19:53] [INFO]   |server: 1
[2023-12-28 22:19:53] [INFO]    -client 3
[2023-12-28 22:19:53] [INFO]     |  local epoch  : 0, acc 0.101
[2023-12-28 22:19:53] [INFO]     |  local epoch  : 1, acc 0.101
[2023-12-28 22:19:53] [INFO]     | distill epoch : 0, acc 0.101
[2023-12-28 22:19:53] [INFO]     | distill epoch : 1, acc 0.101
[2023-12-28 22:19:53] [INFO]     | distill epoch : 2, acc 0.101
[2023-12-28 22:19:53] [INFO]     | distill epoch : 3, acc 0.101
[2023-12-28 22:19:53] [INFO]     | distill epoch : 4, acc 0.101
[2023-12-28 22:19:53] [INFO]     | distill[2023-12-28 22:19:53] [2023-12-28 22:19:53] [INFO]     | distill[2023-12-28 22:19:53] [2023-12-28 22:19:53] [INFO]     | distill[2023-12-28 22:19:53] [2023-12-28 22:19:53] [INFO]     | distill[2023-12-28 22:19:53] [2023-12-28 22:19:53] [INFO]     | distill[2023-12-28 22:19:53] [INFO]     | distill epoch : 2, acc 0.101
[2023-12-28 22:19:53] [INFO]     | distill epoch : 3, acc 0.101
[2023-12-28 22:19:53] [INFO]     | distill epoch : 4, acc 0.101
[2023-12-28 22:19:54] [INFO]     | distill[2023-12-28 22:19:54] [2023-12-28 22:19:54] [INFO]     | distill[2023-12-28 22:19:54] [INFO]     |  local epoch  : 1, acc 0.101
[2023-12-28 22:19:54] [INFO]     | distill epoch : 0, acc 0.101
[2023-12-28 22:19:54] [INFO]     | distill epoch : 1, acc 0.101
[2023-12-28 22:19:54] [INFO]     | distill epoch : 2, acc 0.101
[2023-12-28 22:19:54] [INFO]     | distill epoch : 3, acc 0.101
[2023-12-28 22:19:54] [INFO]     | distill epoch : 4, acc 0.101
[2023-12-28 22:19:54] [INFO] |servers comunicated: 1, server aggregated: 0, acc_server[2023-12-28 22:19:54] [INFO]     | distill epoch : 4, acc 0.098
[2023-12-28 22:19:54] [INFO]    -client 5
[2023-12-28 22:19:54] [INFO]     |  local epoch  : 0, acc 0.098
[2023-12-28 22:19:54] [INFO]     |  local epoch  : 1, acc 0.098
[2023-12-28 22:19:54] [INFO]     | distill epoch : 0, acc 0.098
[2023-12-28 22:19:54] [INFO]     | distill epoch : 0, acc 0.098
[2023-12-28 22:19:54] [INFO]     | distill epoch : 1, acc 0.098
[2023-12-28 22:19:54] [INFO]     | distill epoch : 1, acc 0.098
[2023-12-28 22:19:54] [INFO]     | distill epoch : 2, acc 0.098
[2023-12-28 22:19:54] [INFO]     | distill epoch : 2, acc 0.098
[2023-12-28 22:19:54] [INFO]     | distill epoch : 3, acc 0.098
[2023-12-28 22:19:55] [INFO]     | distill epoch : 3, acc 0.098
[2023-12-28 22:19:55] [INFO]     | distill epoch : 4, acc 0.098
[2023-12-28 22:19:55] [INFO]     | distill epoch : 4, acc 0.098
[2023-12-28 22:19:55] [INFO] |servers comunicated: 1, server aggregated: 0, acc_server 1: 0.098.
[2023-12-28 22[2023-12-28 22:19:55] [INFO]     | distill epoch : 3, acc 0.097
[2023-12-28 22:19:55] [INFO]     | distill epoch : 4, acc 0.097
[2023-12-28 22:19:55] [2023-12-28 22:19:55[2023-12-28 22:19:55] [INFO]     |  local epoch  : 0, acc 0.097
[2023-12-28 22:19:55] [INFO]     |  local epoch  : 1, acc 0.097
[2023-12-28 22:19:55] [INFO]     | distill epoch : 0, acc 0.097
[2023-12-28 22:19:55] [INFO]     | distill epoch : 1, acc 0.097
[2023-12-28 22:19:55] [INFO]     | distill epoch : 2, acc 0.097
[2023-12-28 22:19:55] [INFO]     | distill epoch : 3, acc 0.097
[2023-12-28 22:19:55] [INFO]     | distill epoch : 4, acc 0.097
[2023-12-28 22:19:55] [INFO] |servers comunicated: 1, server aggregated: 0, acc_server 2: 0.097.
[2023-12-28[2023-12-28 22:19:55] [INFO]     | distill epoch : 2, acc 0.101
[2023-12-28 22:19:55] [INFO]     | distill epoch : 2, acc 0.101
[2023-12-28 22:19:55] [INFO]     | distill epoch : 3, acc 0.101
[2023-12-28 22:19:55] [INFO]     | distill epoch : 3, acc 0.101
[2023-12-28 22:19:55] [INFO]     | distill epoch : 3, acc 0.101
[2023-12-28 22:19:56] [INFO]     | distill epoch : 4, acc 0.101
[2023-12-28 22:19:56] [INFO]     | distill epoch : 4, acc 0.101
[2023-12-28 22:19:56] [INFO]     | distill epoch : 4, acc 0.101
[2023-12-28 22:19:56] [INFO]    -client 7
[2023-12-28 22:19:56] [INFO]     |  local epoch  : 0, acc 0.101
[2023-12-28 22:19:56] [INFO]     |  local epoch  : 1, acc 0.101
[2023-12-28 22:19:56] [INFO]     | distill epoch : 0, acc 0.101
[2023-12-28 22:19:56] [INFO]     | distill epoch : 0, acc 0.101
[2023-12-28 22:19:56] [INFO]     | distill epoch : 0, acc 0.101
[2023-12-28 22:19:56] [INFO]     | distill epoch : 1, acc 0.101
[2023-12-28 22:19:56] [INFO]     | distill epoch : 1, acc 0.101
[2023-12-28 22:19:56] [INFO]     | distill epoch : 1, acc 0.101
[2023-12-28 22:19:56] [INFO]     | distill epoch : 2, acc 0.101
[2023-12-28 22:19:56] [INFO]     | distill epoch : 2, acc 0.101
[2023-12-28 22:19:56] [INFO]     | distill epoch : 2, acc 0.101
[2023-12-28 22:19:56] [INFO]     | distill epoch : 3, acc 0.101
[2023-12-28 22:19:56] [INFO]     | distill epoch : 3, acc 0.101
[2023-12-28 22:19:56] [INFO]     | distill epoch : 3, acc 0.101
[2023-12-28 22:19:56] [INFO]     | distill epoch : 4, acc 0.101
[2023-12-28 22:19:56] [INFO]     | distill epoch : 4, acc 0.101
[2023-12-28 22:19:57] [INFO]     | distill epoch : 4, acc 0.101
[2023-12-28 22:19:57] [INFO]    -client 8
[2023-12-28 22:19:57] [INFO]     |  local epoch  : 0, acc 0.101
[2023-12-28 22:19:57] [INFO]     |  local epoch  : 1, acc 0.101
[2023-12-28 22:19:57] [INFO]     | distill epoch : 0, acc 0.101
[2023-12-28 22:19:57] [INFO]     | distill epoch : 0, acc 0.101
[2023-12-28 22:19:57] [INFO]     | distill epoch : 0, acc 0.101
[2023-12-28 22:19:57] [INFO]     | distill epoch : 1, acc 0.101
[2023-12-28 22:19:57] [INFO]     | distill epoch : 1, acc 0.101
[2023-12-28 22:19:57] [INFO]     | distill epoch : 1, acc 0.101
[2023-12-28 22:19:57] [INFO]     | distill epoch : 2, acc 0.101
[2023-12-28 22:19:57] [INFO]     | distill epoch : 2, acc 0.101
[2023-12-28 22:19:57] [INFO]     | distill epoch : 2, acc 0.101
[2023-12-28 22:19:57] [INFO]     | distill epoch : 3, acc 0.101
[2023-12-28 22:19:57] [INFO]     | distill epoch : 3, acc 0.101
[2023-12-28 22:19:57] [INFO]     | distill epoch : 3, acc 0.101
[2023-12-28 22:19:57] [INFO]     | distill epoch : 4, acc 0.101
[2023-12-28 22:19:57] [INFO]     | distill epoch : 4, acc 0.101
[2023-12-28 22:19:57] [INFO]     | distill epoch : 4, acc 0.101
[2023-12-28 22:19:58] [INFO] |servers comunicated: 1, server aggregated: 0, acc_server 2: 0.101.
[2023-12-28 22:19:58] [INFO] --------------------------------------------------
[2023-12-28 22:19:58] [INFO]  |epoch_client_commu: 1/2
[2023-12-28 22:19:58] [INFO]   |server: 0
[2023-12-28 22:19:58] [INFO]    -client 0
[2023-12-28 22:19:58] [INFO]     |  local epoch  : 0, acc 0.098
[2023-12-28 22:19:58] [INFO]     |  local epoch  : 1, acc 0.098
[2023-12-28 22:19:58] [INFO]     | distill epoch : 0, acc 0.098
[2023-12-28 22:19:58] [INFO]     | distill epoch : 1, acc 0.098
[2023-12-28 22:19:58] [INFO]     | distill epoch : 2, acc 0.098
[2023-12-28 22:19:58] [INFO]     | distill epoch : 3, acc 0.098
[2023-12-28 22:19:58] [INFO]     | distill epoch : 4, acc 0.098
[2023-12-28 22:19:58] [INFO]    -client 1
[2023-12-28 22:19:58] [INFO]     |  local epoch  : 0, acc 0.098
[2023-12-28 22:19:58] [INFO]     |  local epoch  : 1, acc 0.098
[2023-12-28 22:19:58] [INFO]     | distill epoch : 0, acc 0.098
[2023-12-28 22:19:58] [INFO]     | distill epoch : 1, acc 0.098
[2023-12-28 22:19:58] [INFO]     | distill epoch : 2, acc 0.098
[2023-12-28 22:19:58] [INFO]     | distill epoch : 3, acc 0.098
[2023-12-28 22:19:58] [INFO]     | distill epoch : 4, acc 0.098
[2023-12-28 22:19:58] [INFO]    -client 2
[2023-12-28 22:19:58] [INFO]     |  local epoch  : 0, acc 0.098
[2023-12-28 22:19:58] [INFO]     |  local epoch  : 1, acc 0.098
[2023-12-28 22:19:58] [INFO]     | distill epoch : 0, acc 0.098
[2023-12-28 22:19:59] [INFO]     | distill epoch : 1, acc 0.098
[2023-12-28 22:19:59] [INFO]     | distill epoch : 2, acc 0.098
[2023-12-28 22:19:59] [INFO]     | distill epoch : 3, acc 0.098
[2023-12-28 22:19:59] [INFO]     | distill epoch : 4, acc 0.098
[2023-12-28 22:19:59] [INFO] |servers comunicated: 1, server aggregated: 1, acc_server 0: 0.098.
[2023-12-28 22:19:59] [INFO] --------------------------------------------------
[[2023-12-28 22:19:59] [INFO]     | distill epoch : 0, acc 0.097
[2023-12-28 22:19:59] [INFO]     | distill epoch : 1, acc 0.097
[2023-12-28 22:19:59] [INFO]     | distill epoch : 2, acc 0.097
[2023-12-28 22:19:59] [INFO]     | distill epoch : 3, acc 0.097
[2023-12-28 22:19:59] [INFO]     | distill epoch : 4, acc 0.097
[2023-12-28 22:19:59] [INFO] |servers comunicated: 1, server aggregated: 1, acc_ser[2023-12-28 22:19:59] [INFO]     | distill epoch : 1, acc 0.098
[2023-12-28 22:19:59] [INFO]     | distill epoch : 2, acc 0.098
[2023-12-28 22:19:59] [INFO]     | distill epo[2023-12-28 22:20:03] [INFO] ./data/saved-data/mnist_algo_0/alpha_0.0_T_8/server_commu_2_client_commu_2_client_train_2_batch_size_200_num_all_client_9_num_all_server_3_num_client_data_1200_num_public_data_50_proportion_0.8.pt
9:59] [INFO]     | distill epoch : 4, acc 0.098
[2023-12-28 22:19:59] [INFO]    -client 4
[2023-12-28 22:19:59] [INFO]     |  local epoch  : 0, acc 0.098
[2023-12-28 22:19:59] [INFO]     |  local epoch  : 1, acc 0.098
[2023-12-28 22:19:59] [INFO]     | distill epoch : 0, acc 0.098
[2023-12-28 22:20:00] [INFO]     | distill epoch : 0, acc 0.098
[2023-12-28 22:20:00] [INFO]     | distill epoch : 1, acc 0.098
[2023-12-28 22:20:00] [INFO]     | distill epoch : 1, acc 0.098
[2023-12-28 22:20:00] [INFO]     | distill epoch : 2, acc 0.098
[2023-12-28 22:20:00] [INFO]     | distill epoch : 2, acc 0.098
[2023-12-28 22:20:00] [INFO]     | distill epoch : 3, acc 0.098
[2023-12-28 22:20:00] [INFO]     | distill epoch : 3, acc 0.098
[2023-12-28 22:20:00] [INFO]     | distill epoch : 4, acc 0.098
[2023-12-28 22:20:00] [INFO]     | distill epoch : 4, acc 0.098
[2023-12-28 22:20:00] [INFO]    -client 5
[2023-12-28 22:20:00] [INFO]     |  local epoch  : 0, acc 0.098
[2023-12-28 22:20:00] [INFO]     |  local epoch  : 1, acc 0.098
[2023-12-28 22:20:00] [INFO]     | distill epoch : 0, acc 0.098
[2023-12-28 22:20:00] [INFO]     | distill epoch : 0, acc 0.098
[2023-12-28 22:20:00] [INFO]     | distill epoch : 1, acc 0.098
[2023-12-28 22:20:00] [INFO]     | distill epoch : 1, acc 0.098
[2023-12-28 22:20:00] [INFO]     | distill epoch : 2, acc 0.098
[2023-12-28 22:20:00] [INFO]     | distill epoch : 2, acc 0.098
[2023-12-28 22:20:00] [INFO]     | distill epoch : 3, acc 0.098
[2023-12-28 22:20:00] [INFO]     | distill epoch : 3, acc 0.098
[2023-12-28 22:20:00] [INFO]     | distill epoch : 4, acc 0.098
[2023-12-28 22:20:00] [INFO]     | distill epoch : 4, acc 0.098
[2023-12-28 22:20:00] [INFO] |servers comunicated: 1, server aggregated: 1, acc_server 1: 0.098.
[2023-12-28 22:20:00] [INFO] --------------------------------------------------
[2023-12-28 22:20:00] [INFO]   |server: 2
[2023-12-28 22:20:00] [INFO]    -client 6
[2023-12-28 22:20:01] [INFO]     |  local epoch  : 0, acc 0.101
[2023-12-28 22:20:01] [INFO]     |  local epoch  : 1, acc 0.101
[2023-12-28 22:20:01] [INFO]     | distill epoch : 0, acc 0.101
[2023-12-28 22:20:01] [INFO]     | distill epoch : 0, acc 0.101
[2023-12-28 22:20:01] [INFO]     | distill epoch : 0, acc 0.101
[2023-12-28 22:20:01] [INFO]     | distill epoch : 1, acc 0.101
[2023-12-28 22:20:01] [INFO]     | distill epoch : 1, acc 0.101
[2023-12-28 22:20:01] [INFO]     | distill epoch : 1, acc 0.101
[2023-12-28 22:20:01] [INFO]     | distill epoch : 2, acc 0.101
[2023-12-28 22:20:01] [INFO]     | distill epoch : 2, acc 0.101
[2023-12-28 22:20:01] [INFO]     | distill epoch : 2, acc 0.101
[2023-12-28 22:20:01] [INFO]     | distill epoch : 3, acc 0.101
[2023-12-28 22:20:01] [INFO]     | distill epoch : 3, acc 0.101
[2023-12-28 22:20:01] [INFO]     | distill epoch : 3, acc 0.101
[2023-12-28 22:20:01] [INFO]     | distill epoch : 4, acc 0.101
[2023-12-28 22:20:01] [INFO]     | distill epoch : 4, acc 0.101
[2023-12-28 22:20:01] [INFO]     | distill epoch : 4, acc 0.101
[2023-12-28 22:20:01] [INFO]    -client 7
[2023-12-28 22:20:01] [INFO]     |  local epoch  : 0, acc 0.101
[2023-12-28 22:20:01] [INFO]     |  local epoch  : 1, acc 0.101
[2023-12-28 22:20:01] [INFO]     | distill epoch : 0, acc 0.101
[2023-12-28 22:20:01] [INFO]     | distill epoch : 0, acc 0.101
[2023-12-28 22:20:01] [INFO]     | distill epoch : 0, acc 0.101
[2023-12-28 22:20:01] [INFO]     | distill epoch : 1, acc 0.101
[2023-12-28 22:20:02] [INFO]     | distill epoch : 1, acc 0.101
[2023-12-28 22:20:02] [INFO]     | distill epoch : 1, acc 0.101
[2023-12-28 22:20:02] [INFO]     | distill epoch : 2, acc 0.101
[2023-12-28 22:20:02] [INFO]     | distill epoch : 2, acc 0.101
[2023-12-28 22:20:02] [INFO]     | distill epoch : 2, acc 0.101
[2023-12-28 22:20:02] [INFO]     | distill epoch : 3, acc 0.101
[2023-12-28 22:20:02] [INFO]     | distill epoch : 3, acc 0.101
[2023-12-28 22:20:02] [INFO]     | distill epoch : 3, acc 0.101
[2023-12-28 22:20:02] [INFO]     | distill epoch : 4, acc 0.101
[2023-12-28 22:20:02] [INFO]     | distill epoch : 4, acc 0.101
[2023-12-28 22:20:02] [INFO]     | distill epoch : 4, acc 0.101
[2023-12-28 22:20:02] [INFO]    -client 8
[2023-12-28 22:20:02] [INFO]     |  local epoch  : 0, acc 0.101
[2023-12-28 22:20:02] [INFO]     |  local epoch  : 1, acc 0.101
[2023-12-28 22:20:02] [INFO]     | distill epoch : 0, acc 0.101
[2023-12-28 22:20:02] [INFO]     | distill epoch : 0, acc 0.101
[2023-12-28 22:20:02] [INFO]     | distill epoch : 0, acc 0.101
[2023-12-28 22:20:02] [INFO]     | distill epoch : 1, acc 0.101
[2023-12-28 22:20:02] [INFO]     | distill epoch : 1, acc 0.101
[2023-12-28 22:20:02] [INFO]     | distill epoch : 1, acc 0.101
[2023-12-28 22:20:02] [INFO]     | distill epoch : 2, acc 0.101
[2023-12-28 22:20:02] [INFO]     | distill epoch : 2, acc 0.101
[2023-12-28 22:20:02] [INFO]     | distill epoch : 2, acc 0.101
[2023-12-28 22:20:03] [INFO]     | distill epoch : 3, acc 0.101
[2023-12-28 22:20:03] [INFO]     | distill epoch : 3, acc 0.101
[2023-12-28 22:20:03] [INFO]     | distill epoch : 3, acc 0.101
[2023-12-28 22:20:03] [INFO]     | distill epoch : 4, acc 0.101
[2023-12-28 22:20:03] [INFO]     | distill epoch : 4, acc 0.101
[2023-12-28 22:20:03] [INFO]     | distill epoch : 4, acc 0.101
[2023-12-28 22:20:03] [INFO] |servers comunicated: 1, server aggregated: 1, acc_server 2: 0.101.
[2023-12-28 22:20:03] [INFO] --------------------------------------------------
[2023-12-28 22:20:03] [INFO]      ********  servers comunicates  ********      
[2023-12-28 22:20:03] [INFO] ./data/saved-data/mnist_algo_1/alpha_0.0_T_8/server_commu_2_client_commu_2_client_train_2_batch_size_200_num_all_client_9_num_all_server_3_num_client_data_1200_num_public_data_50_proportion_0.8.pt
