[2023-12-28 21:36:30] [INFO] device cuda is used.
[2023-12-28 21:36:30] [INFO] cudnn is actived.
[2023-12-28 21:36:30] [INFO] 
           alpha       :  0.5  
             T         :   8   
         algorithm     :   0   
     num_server_commu  :   6   
     num_client_commu  :   2   
     num_client_train  :   5   
     num_public_train  :   5   
        batch_size     :  200  
          dataset      : mnist 
       model_select    :   1   
      num_all_client   :   9   
      num_all_server   :   3   
      num_client_data  : 1200  
      num_public_data  :  50   
        proportion     :  0.8  

[2023-12-28 21:36:37] [INFO] --------------------------------------------------
[2023-12-28 21:36:37] [INFO] |epoch_server_commu: 0/6
[2023-12-28 21:36:37] [INFO]  |epoch_client_commu: 0/2
[2023-12-28 21:36:37] [INFO]   |server: 0
[2023-12-28 21:36:37] [INFO]    -client 0
[2023-12-28 21:36:37] [INFO]     |  local epoch  : 0, acc 0.113
[2023-12-28 21:36:37] [INFO]     |  local epoch  : 1, acc 0.113
[2023-12-28 21:36:37] [INFO]     |  local epoch  : 2, acc 0.113
[2023-12-28 21:36:37] [INFO]     |  local epoch  : 3, acc 0.113
[2023-12-28 21:36:38] [INFO]     |  local epoch  : 4, acc 0.113
[2023-12-28 21:36:38] [INFO]    -client 1
[2023-12-28 21:36:38] [INFO]     |  local epoch  : 0, acc 0.113
[2023-12-28 21:36:38] [INFO]     |  local epoch  : 1, acc 0.113
[2023-12-28 21:36:38] [INFO]     |  local epoch  : 2, acc 0.113
[2023-12-28 21:36:38] [INFO]     |  local epoch  : 3, acc 0.113
[2023-12-28 21:36:38] [INFO]     |  local epoch  : 4, acc 0.113
[2023-12-28 21:36:38] [INFO]    -client 2
[2023-12-28 21:36:38] [INFO]     |  local epoch  : 0, acc 0.113
[2023-12-28 21:36:38] [INFO]     |  local epoch  : 1, acc 0.113
[2023-12-28 21:36:38] [INFO]     |  local epoch  : 2, acc 0.113
[2023-12-28 21:36:38] [INFO]     |  local epoch  : 3, acc 0.113
[2023-12-28 21:36:38] [INFO]     |  local epoch  : 4, acc 0.113
[2023-12-28 21:36:38] [INFO] |servers comunicated: 0, server aggregated: 0, acc_server 0: 0.113.
[2023-12-28 21:36:38] [INFO] --------------------------------------------------
[2023-12-28 21:36:38] [INFO]   |server: 1
[2023-12-28 21:36:38] [INFO]    -client 3
[2023-12-28 21:36:38] [INFO]     |  local epoch  : 0, acc 0.103
[2023-12-28 21:36:38] [INFO]     |  local epoch  : 1, acc 0.103
[2023-12-28 21:36:38] [INFO]     |  local epoch  : 2, acc 0.103
[2023-12-28 21:36:38] [INFO]     |  local epoch  : 3, acc 0.103
[2023-12-28 21:36:38] [INFO]     |  local epoch  : 4, acc 0.103
[2023-12-28 21:36:38] [INFO]    -client 4
[2023-12-28 21:36:38] [INFO]     |  local epoch  : 0, acc 0.103
[2023-12-28 21:36:38] [INFO]     |  local epoch  : 1, acc 0.103
[2023-12-28 21:36:38] [INFO]     |  local epoch  : 2, acc 0.103
[2023-12-28 21:36:39] [INFO]     |  local epoch  : 3, acc 0.103
[2023-12-28 21:36:39] [INFO]     |  local epoch  : 4, acc 0.103
[2023-12-28 21:36:39] [INFO]    -client 5
[2023-12-28 21:36:39] [INFO]     |  local epoch  : 0, acc 0.103
[2023-12-28 21:36:39] [INFO]     |  local epoch  : 1, acc 0.103
[2023-12-28 21:36:39] [INFO]     |  local epoch  : 2, acc 0.103
[2023-12-28 21:36:39] [INFO]     |  local epoch  : 3, acc 0.103
[2023-12-28 21:36:39] [INFO]     |  local epoch  : 4, acc 0.103
[2023-12-28 21:36:39] [INFO] |servers comunicated: 0, server aggregated: 0, acc_server 1: 0.103.
[2023-12-28 21:36:39] [INFO] --------------------------------------------------
[2023-12-28 21:36:39] [INFO]   |server: 2
[2023-12-28 21:36:39] [INFO]    -client 6
[2023-12-28 21:36:39] [INFO]     |  local epoch  : 0, acc 0.097
[2023-12-28 21:36:39] [INFO]     |  local epoch  : 1, acc 0.097
[2023-12-28 21:36:39] [INFO]     |  local epoch  : 2, acc 0.097
[2023-12-28 21:36:39] [INFO]     |  local epoch  : 3, acc 0.097
[2023-12-28 21:36:39] [INFO]     |  local epoch  : 4, acc 0.097
[2023-12-28 21:36:39] [INFO]    -client 7
[2023-12-28 21:36:39] [INFO]     |  local epoch  : 0, acc 0.097
[2023-12-28 21:36:39] [INFO]     |  local epoch  : 1, acc 0.097
[2023-12-28 21:36:39] [INFO]     |  local epoch  : 2, acc 0.097
[2023-12-28 21:36:39] [INFO]     |  local epoch  : 3, acc 0.097
[2023-12-28 21:36:39] [INFO]     |  local epoch  : 4, acc 0.097
[2023-12-28 21:36:39] [INFO]    -client 8
[2023-12-28 21:36:39] [INFO]     |  local epoch  : 0, acc 0.097
[2023-12-28 21:36:39] [INFO]     |  local epoch  : 1, acc 0.097
[2023-12-28 21:36:40] [INFO]     |  local epoch  : 2, acc 0.097
[2023-12-28 21:36:40] [INFO]     |  local epoch  : 3, acc 0.097
[2023-12-28 21:36:40] [INFO]     |  local epoch  : 4, acc 0.097
[2023-12-28 21:36:40] [INFO] |servers comunicated: 0, server aggregated: 0, acc_server 2: 0.097.
[2023-12-28 21:36:40] [INFO] --------------------------------------------------
[2023-12-28 21:36:40] [INFO]  |epoch_client_commu: 1/2
[2023-12-28 21:36:40] [INFO]   |server: 0
[2023-12-28 21:36:40] [INFO]    -client 0
[2023-12-28 21:36:40] [INFO]     |  local epoch  : 0, acc 0.113
[2023-12-28 21:36:40] [INFO]     |  local epoch  : 1, acc 0.113
[2023-12-28 21:36:40] [INFO]     |  local epoch  : 2, acc 0.113
[2023-12-28 21:36:40] [INFO]     |  local epoch  : 3, acc 0.113
[2023-12-28 21:36:40] [INFO]     |  local epoch  : 4, acc 0.115
[2023-12-28 21:36:40] [INFO]    -client 1
[2023-12-28 21:36:40] [INFO]     |  local epoch  : 0, acc 0.113
[2023-12-28 21:36:40] [INFO]     |  local epoch  : 1, acc 0.113
[2023-12-28 21:36:40] [INFO]     |  local epoch  : 2, acc 0.113
[2023-12-28 21:36:40] [INFO]     |  local epoch  : 3, acc 0.113
[2023-12-28 21:36:40] [INFO]     |  local epoch  : 4, acc 0.114
[2023-12-28 21:36:40] [INFO]    -client 2
[2023-12-28 21:36:40] [INFO]     |  local epoch  : 0, acc 0.113
[2023-12-28 21:36:40] [INFO]     |  local epoch  : 1, acc 0.113
[2023-12-28 21:36:40] [INFO]     |  local epoch  : 2, acc 0.113
[2023-12-28 21:36:40] [INFO]     |  local epoch  : 3, acc 0.119
[2023-12-28 21:36:40] [INFO]     |  local epoch  : 4, acc 0.158
[2023-12-28 21:36:40] [INFO] |servers comunicated: 0, server aggregated: 1, acc_server 0: 0.120.
[2023-12-28 21:36:40] [INFO] --------------------------------------------------
[2023-12-28 21:36:40] [INFO]   |server: 1
[2023-12-28 21:36:40] [INFO]    -client 3
[2023-12-28 21:36:41] [INFO]     |  local epoch  : 0, acc 0.103
[2023-12-28 21:36:41] [INFO]     |  local epoch  : 1, acc 0.103
[2023-12-28 21:36:41] [INFO]     |  local epoch  : 2, acc 0.103
[2023-12-28 21:36:41] [INFO]     |  local epoch  : 3, acc 0.103
[2023-12-28 21:36:41] [INFO]     |  local epoch  : 4, acc 0.103
[2023-12-28 21:36:41] [INFO]    -client 4
[2023-12-28 21:36:41] [INFO]     |  local epoch  : 0, acc 0.103
[2023-12-28 21:36:41] [INFO]     |  local epoch  : 1, acc 0.103
[2023-12-28 21:36:41] [INFO]     |  local epoch  : 2, acc 0.103
[2023-12-28 21:36:41] [INFO]     |  local epoch  : 3, acc 0.103
[2023-12-28 21:36:41] [INFO]     |  local epoch  : 4, acc 0.103
[2023-12-28 21:36:41] [INFO]    -client 5
[2023-12-28 21:36:41] [INFO]     |  local epoch  : 0, acc 0.103
[2023-12-28 21:36:41] [INFO]     |  local epoch  : 1, acc 0.103
[2023-12-28 21:36:41] [INFO]     |  local epoch  : 2, acc 0.103
[2023-12-28 21:36:41] [INFO]     |  local epoch  : 3, acc 0.103
[2023-12-28 21:36:41] [INFO]     |  local epoch  : 4, acc 0.103
[2023-12-28 21:36:41] [INFO] |servers comunicated: 0, server aggregated: 1, acc_server 1: 0.103.
[2023-12-28 21:36:41] [INFO] --------------------------------------------------
[2023-12-28 21:36:41] [INFO]   |server: 2
[2023-12-28 21:36:41] [INFO]    -client 6
[2023-12-28 21:36:41] [INFO]     |  local epoch  : 0, acc 0.097
[2023-12-28 21:36:41] [INFO]     |  local epoch  : 1, acc 0.097
[2023-12-28 21:36:41] [INFO]     |  local epoch  : 2, acc 0.097
[2023-12-28 21:36:41] [INFO]     |  local epoch  : 3, acc 0.097
[2023-12-28 21:36:42] [INFO]     |  local epoch  : 4, acc 0.097
[2023-12-28 21:36:42] [INFO]    -client 7
[2023-12-28 21:36:42] [INFO]     |  local epoch  : 0, acc 0.097
[2023-12-28 21:36:42] [INFO]     |  local epoch  : 1, acc 0.097
[2023-12-28 21:36:42] [INFO]     |  local epoch  : 2, acc 0.097
[2023-12-28 21:36:42] [INFO]     |  local epoch  : 3, acc 0.097
[2023-12-28 21:36:42] [INFO]     |  local epoch  : 4, acc 0.097
[2023-12-28 21:36:42] [INFO]    -client 8
[2023-12-28 21:36:42] [INFO]     |  local epoch  : 0, acc 0.097
[2023-12-28 21:36:42] [INFO]     |  local epoch  : 1, acc 0.097
[2023-12-28 21:36:42] [INFO]     |  local epoch  : 2, acc 0.097
[2023-12-28 21:36:42] [INFO]     |  local epoch  : 3, acc 0.097
[2023-12-28 21:36:42] [INFO]     |  local epoch  : 4, acc 0.097
[2023-12-28 21:36:42] [INFO] |servers comunicated: 0, server aggregated: 1, acc_server 2: 0.097.
[2023-12-28 21:36:42] [INFO] --------------------------------------------------
[2023-12-28 21:36:42] [INFO]      ********  servers comunicates  ********      
[2023-12-28 21:36:42] [INFO] --------------------------------------------------
[2023-12-28 21:36:42] [INFO] |epoch_server_commu: 1/6
[2023-12-28 21:36:42] [INFO]  |epoch_client_commu: 0/2
[2023-12-28 21:36:42] [INFO]   |server: 0
[2023-12-28 21:36:42] [INFO]    -client 0
[2023-12-28 21:36:42] [INFO]     |  local epoch  : 0, acc 0.135
[2023-12-28 21:36:42] [INFO]     |  local epoch  : 1, acc 0.159
[2023-12-28 21:36:42] [INFO]     |  local epoch  : 2, acc 0.194
[2023-12-28 21:36:42] [INFO]     |  local epoch  : 3, acc 0.220
[2023-12-28 21:36:42] [INFO]     |  local epoch  : 4, acc 0.298
[2023-12-28 21:36:43] [INFO]     | distill epoch : 0, acc 0.326
[2023-12-28 21:36:43] [INFO]     | distill epoch : 1, acc 0.356
[2023-12-28 21:36:43] [INFO]     | distill epoch : 2, acc 0.388
[2023-12-28 21:36:43] [INFO]     | distill epoch : 3, acc 0.386
[2023-12-28 21:36:43] [INFO]     | distill epoch : 4, acc 0.390
[2023-12-28 21:36:43] [INFO]    -client 1
[2023-12-28 21:36:43] [INFO]     |  local epoch  : 0, acc 0.133
[2023-12-28 21:36:43] [INFO]     |  local epoch  : 1, acc 0.175
[2023-12-28 21:36:43] [INFO]     |  local epoch  : 2, acc 0.214
[2023-12-28 21:36:43] [INFO]     |  local epoch  : 3, acc 0.268
[2023-12-28 21:36:43] [INFO]     |  local epoch  : 4, acc 0.286
[2023-12-28 21:36:43] [INFO]     | distill epoch : 0, acc 0.296
[2023-12-28 21:36:43] [INFO]     | distill epoch : 1, acc 0.297
[2023-12-28 21:36:43] [INFO]     | distill epoch : 2, acc 0.285
[2023-12-28 21:36:43] [INFO]     | distill epoch : 3, acc 0.295
[2023-12-28 21:36:43] [INFO]     | distill epoch : 4, acc 0.283
[2023-12-28 21:36:43] [INFO]    -client 2
[2023-12-28 21:36:43] [INFO]     |  local epoch  : 0, acc 0.194
[2023-12-28 21:36:43] [INFO]     |  local epoch  : 1, acc 0.221
[2023-12-28 21:36:43] [INFO]     |  local epoch  : 2, acc 0.257
[2023-12-28 21:36:43] [INFO]     |  local epoch  : 3, acc 0.273
[2023-12-28 21:36:44] [INFO]     |  local epoch  : 4, acc 0.306
[2023-12-28 21:36:44] [INFO]     | distill epoch : 0, acc 0.317
[2023-12-28 21:36:44] [INFO]     | distill epoch : 1, acc 0.334
[2023-12-28 21:36:44] [INFO]     | distill epoch : 2, acc 0.355
[2023-12-28 21:36:44] [INFO]     | distill epoch : 3, acc 0.371
[2023-12-28 21:36:44] [INFO]     | distill epoch : 4, acc 0.377
[2023-12-28 21:36:44] [INFO] |servers comunicated: 1, server aggregated: 0, acc_server 0: 0.391.
[2023-12-28 21:36:44] [INFO] --------------------------------------------------
[2023-12-28 21:36:44] [INFO]   |server: 1
[2023-12-28 21:36:44] [INFO]    -client 3
[2023-12-28 21:36:44] [INFO]     |  local epoch  : 0, acc 0.103
[2023-12-28 21:36:44] [INFO]     |  local epoch  : 1, acc 0.103
[2023-12-28 21:36:44] [INFO]     |  local epoch  : 2, acc 0.103
[2023-12-28 21:36:44] [INFO]     |  local epoch  : 3, acc 0.104
[2023-12-28 21:36:44] [INFO]     |  local epoch  : 4, acc 0.107
[2023-12-28 21:36:44] [INFO]     | distill epoch : 0, acc 0.117
[2023-12-28 21:36:44] [INFO]     | distill epoch : 1, acc 0.135
[2023-12-28 21:36:44] [INFO]     | distill epoch : 2, acc 0.158
[2023-12-28 21:36:44] [INFO]     | distill epoch : 3, acc 0.174
[2023-12-28 21:36:44] [INFO]     | distill epoch : 4, acc 0.182
[2023-12-28 21:36:44] [INFO]    -client 4
[2023-12-28 21:36:44] [INFO]     |  local epoch  : 0, acc 0.103
[2023-12-28 21:36:44] [INFO]     |  local epoch  : 1, acc 0.103
[2023-12-28 21:36:44] [INFO]     |  local epoch  : 2, acc 0.103
[2023-12-28 21:36:45] [INFO]     |  local epoch  : 3, acc 0.104
[2023-12-28 21:36:45] [INFO]     |  local epoch  : 4, acc 0.121
[2023-12-28 21:36:45] [INFO]     | distill epoch : 0, acc 0.129
[2023-12-28 21:36:45] [INFO]     | distill epoch : 1, acc 0.140
[2023-12-28 21:36:45] [INFO]     | distill epoch : 2, acc 0.162
[2023-12-28 21:36:45] [INFO]     | distill epoch : 3, acc 0.191
[2023-12-28 21:36:45] [INFO]     | distill epoch : 4, acc 0.205
[2023-12-28 21:36:45] [INFO]    -client 5
[2023-12-28 21:36:45] [INFO]     |  local epoch  : 0, acc 0.103
[2023-12-28 21:36:45] [INFO]     |  local epoch  : 1, acc 0.103
[2023-12-28 21:36:45] [INFO]     |  local epoch  : 2, acc 0.103
[2023-12-28 21:36:45] [INFO]     |  local epoch  : 3, acc 0.104
[2023-12-28 21:36:45] [INFO]     |  local epoch  : 4, acc 0.104
[2023-12-28 21:36:45] [INFO]     | distill epoch : 0, acc 0.105
[2023-12-28 21:36:45] [INFO]     | distill epoch : 1, acc 0.112
[2023-12-28 21:36:45] [INFO]     | distill epoch : 2, acc 0.129
[2023-12-28 21:36:45] [INFO]     | distill epoch : 3, acc 0.152
[2023-12-28 21:36:45] [INFO]     | distill epoch : 4, acc 0.170
[2023-12-28 21:36:45] [INFO] |servers comunicated: 1, server aggregated: 0, acc_server 1: 0.186.
[2023-12-28 21:36:45] [INFO] --------------------------------------------------
[2023-12-28 21:36:45] [INFO]   |server: 2
[2023-12-28 21:36:45] [INFO]    -client 6
[2023-12-28 21:36:45] [INFO]     |  local epoch  : 0, acc 0.097
[2023-12-28 21:36:45] [INFO]     |  local epoch  : 1, acc 0.097
[2023-12-28 21:36:45] [INFO]     |  local epoch  : 2, acc 0.097
[2023-12-28 21:36:46] [INFO]     |  local epoch  : 3, acc 0.097
[2023-12-28 21:36:46] [INFO]     |  local epoch  : 4, acc 0.098
[2023-12-28 21:36:46] [INFO]     | distill epoch : 0, acc 0.100
[2023-12-28 21:36:46] [INFO]     | distill epoch : 1, acc 0.111
[2023-12-28 21:36:46] [INFO]     | distill epoch : 2, acc 0.128
[2023-12-28 21:36:46] [INFO]     | distill epoch : 3, acc 0.149
[2023-12-28 21:36:46] [INFO]     | distill epoch : 4, acc 0.172
[2023-12-28 21:36:46] [INFO]    -client 7
[2023-12-28 21:36:46] [INFO]     |  local epoch  : 0, acc 0.097
[2023-12-28 21:36:46] [INFO]     |  local epoch  : 1, acc 0.097
[2023-12-28 21:36:46] [INFO]     |  local epoch  : 2, acc 0.097
[2023-12-28 21:36:46] [INFO]     |  local epoch  : 3, acc 0.097
[2023-12-28 21:36:46] [INFO]     |  local epoch  : 4, acc 0.098
[2023-12-28 21:36:46] [INFO]     | distill epoch : 0, acc 0.103
[2023-12-28 21:36:46] [INFO]     | distill epoch : 1, acc 0.115
[2023-12-28 21:36:46] [INFO]     | distill epoch : 2, acc 0.129
[2023-12-28 21:36:46] [INFO]     | distill epoch : 3, acc 0.148
[2023-12-28 21:36:46] [INFO]     | distill epoch : 4, acc 0.172
[2023-12-28 21:36:46] [INFO]    -client 8
[2023-12-28 21:36:46] [INFO]     |  local epoch  : 0, acc 0.097
[2023-12-28 21:36:46] [INFO]     |  local epoch  : 1, acc 0.097
[2023-12-28 21:36:46] [INFO]     |  local epoch  : 2, acc 0.097
[2023-12-28 21:36:46] [INFO]     |  local epoch  : 3, acc 0.097
[2023-12-28 21:36:47] [INFO]     |  local epoch  : 4, acc 0.103
[2023-12-28 21:36:47] [INFO]     | distill epoch : 0, acc 0.116
[2023-12-28 21:36:47] [INFO]     | distill epoch : 1, acc 0.133
[2023-12-28 21:36:47] [INFO]     | distill epoch : 2, acc 0.149
[2023-12-28 21:36:47] [INFO]     | distill epoch : 3, acc 0.161
[2023-12-28 21:36:47] [INFO]     | distill epoch : 4, acc 0.175
[2023-12-28 21:36:47] [INFO] |servers comunicated: 1, server aggregated: 0, acc_server 2: 0.165.
[2023-12-28 21:36:47] [INFO] --------------------------------------------------
[2023-12-28 21:36:47] [INFO]  |epoch_client_commu: 1/2
[2023-12-28 21:36:47] [INFO]   |server: 0
[2023-12-28 21:36:47] [INFO]    -client 0
[2023-12-28 21:36:47] [INFO]     |  local epoch  : 0, acc 0.335
[2023-12-28 21:36:47] [INFO]     |  local epoch  : 1, acc 0.429
[2023-12-28 21:36:47] [INFO]     |  local epoch  : 2, acc 0.441
[2023-12-28 21:36:47] [INFO]     |  local epoch  : 3, acc 0.506
[2023-12-28 21:36:47] [INFO]     |  local epoch  : 4, acc 0.537
[2023-12-28 21:36:47] [INFO]     | distill epoch : 0, acc 0.568
[2023-12-28 21:36:47] [INFO]     | distill epoch : 1, acc 0.571
[2023-12-28 21:36:47] [INFO]     | distill epoch : 2, acc 0.577
[2023-12-28 21:36:47] [INFO]     | distill epoch : 3, acc 0.573
[2023-12-28 21:36:47] [INFO]     | distill epoch : 4, acc 0.582
[2023-12-28 21:36:47] [INFO]    -client 1
[2023-12-28 21:36:47] [INFO]     |  local epoch  : 0, acc 0.323
[2023-12-28 21:36:47] [INFO]     |  local epoch  : 1, acc 0.382
[2023-12-28 21:36:47] [INFO]     |  local epoch  : 2, acc 0.378
[2023-12-28 21:36:48] [INFO]     |  local epoch  : 3, acc 0.400
[2023-12-28 21:36:48] [INFO]     |  local epoch  : 4, acc 0.437
[2023-12-28 21:36:48] [INFO]     | distill epoch : 0, acc 0.469
[2023-12-28 21:36:48] [INFO]     | distill epoch : 1, acc 0.490
[2023-12-28 21:36:48] [INFO]     | distill epoch : 2, acc 0.508
[2023-12-28 21:36:48] [INFO]     | distill epoch : 3, acc 0.523
[2023-12-28 21:36:48] [INFO]     | distill epoch : 4, acc 0.547
[2023-12-28 21:36:48] [INFO]    -client 2
[2023-12-28 21:36:48] [INFO]     |  local epoch  : 0, acc 0.341
[2023-12-28 21:36:48] [INFO]     |  local epoch  : 1, acc 0.390
[2023-12-28 21:36:48] [INFO]     |  local epoch  : 2, acc 0.395
[2023-12-28 21:36:48] [INFO]     |  local epoch  : 3, acc 0.401
[2023-12-28 21:36:48] [INFO]     |  local epoch  : 4, acc 0.432
[2023-12-28 21:36:48] [INFO]     | distill epoch : 0, acc 0.473
[2023-12-28 21:36:48] [INFO]     | distill epoch : 1, acc 0.508
[2023-12-28 21:36:48] [INFO]     | distill epoch : 2, acc 0.542
[2023-12-28 21:36:48] [INFO]     | distill epoch : 3, acc 0.567
[2023-12-28 21:36:48] [INFO]     | distill epoch : 4, acc 0.590
[2023-12-28 21:36:48] [INFO] |servers comunicated: 1, server aggregated: 1, acc_server 0: 0.586.
[2023-12-28 21:36:48] [INFO] --------------------------------------------------
[2023-12-28 21:36:48] [INFO]   |server: 1
[2023-12-28 21:36:48] [INFO]    -client 3
[2023-12-28 21:36:48] [INFO]     |  local epoch  : 0, acc 0.110
[2023-12-28 21:36:48] [INFO]     |  local epoch  : 1, acc 0.122
[2023-12-28 21:36:48] [INFO]     |  local epoch  : 2, acc 0.132
[2023-12-28 21:36:49] [INFO]     |  local epoch  : 3, acc 0.212
[2023-12-28 21:36:49] [INFO]     |  local epoch  : 4, acc 0.232
[2023-12-28 21:36:49] [INFO]     | distill epoch : 0, acc 0.294
[2023-12-28 21:36:49] [INFO]     | distill epoch : 1, acc 0.333
[2023-12-28 21:36:49] [INFO]     | distill epoch : 2, acc 0.354
[2023-12-28 21:36:49] [INFO]     | distill epoch : 3, acc 0.351
[2023-12-28 21:36:49] [INFO]     | distill epoch : 4, acc 0.339
[2023-12-28 21:36:49] [INFO]    -client 4
[2023-12-28 21:36:49] [INFO]     |  local epoch  : 0, acc 0.113
[2023-12-28 21:36:49] [INFO]     |  local epoch  : 1, acc 0.144
[2023-12-28 21:36:49] [INFO]     |  local epoch  : 2, acc 0.174
[2023-12-28 21:36:49] [INFO]     |  local epoch  : 3, acc 0.227
[2023-12-28 21:36:49] [INFO]     |  local epoch  : 4, acc 0.243
[2023-12-28 21:36:49] [INFO]     | distill epoch : 0, acc 0.286
[2023-12-28 21:36:49] [INFO]     | distill epoch : 1, acc 0.312
[2023-12-28 21:36:49] [INFO]     | distill epoch : 2, acc 0.317
[2023-12-28 21:36:49] [INFO]     | distill epoch : 3, acc 0.309
[2023-12-28 21:36:49] [INFO]     | distill epoch : 4, acc 0.299
[2023-12-28 21:36:49] [INFO]    -client 5
[2023-12-28 21:36:49] [INFO]     |  local epoch  : 0, acc 0.110
[2023-12-28 21:36:49] [INFO]     |  local epoch  : 1, acc 0.141
[2023-12-28 21:36:49] [INFO]     |  local epoch  : 2, acc 0.153
[2023-12-28 21:36:50] [INFO]     |  local epoch  : 3, acc 0.174
[2023-12-28 21:36:50] [INFO]     |  local epoch  : 4, acc 0.215
[2023-12-28 21:36:50] [INFO]     | distill epoch : 0, acc 0.261
[2023-12-28 21:36:50] [INFO]     | distill epoch : 1, acc 0.293
[2023-12-28 21:36:50] [INFO]     | distill epoch : 2, acc 0.303
[2023-12-28 21:36:50] [INFO]     | distill epoch : 3, acc 0.305
[2023-12-28 21:36:50] [INFO]     | distill epoch : 4, acc 0.305
[2023-12-28 21:36:50] [INFO] |servers comunicated: 1, server aggregated: 1, acc_server 1: 0.304.
[2023-12-28 21:36:50] [INFO] --------------------------------------------------
[2023-12-28 21:36:50] [INFO]   |server: 2
[2023-12-28 21:36:50] [INFO]    -client 6
[2023-12-28 21:36:50] [INFO]     |  local epoch  : 0, acc 0.098
[2023-12-28 21:36:50] [INFO]     |  local epoch  : 1, acc 0.125
[2023-12-28 21:36:50] [INFO]     |  local epoch  : 2, acc 0.129
[2023-12-28 21:36:50] [INFO]     |  local epoch  : 3, acc 0.143
[2023-12-28 21:36:50] [INFO]     |  local epoch  : 4, acc 0.152
[2023-12-28 21:36:50] [INFO]     | distill epoch : 0, acc 0.175
[2023-12-28 21:36:50] [INFO]     | distill epoch : 1, acc 0.205
[2023-12-28 21:36:50] [INFO]     | distill epoch : 2, acc 0.248
[2023-12-28 21:36:50] [INFO]     | distill epoch : 3, acc 0.304
[2023-12-28 21:36:50] [INFO]     | distill epoch : 4, acc 0.353
[2023-12-28 21:36:50] [INFO]    -client 7
[2023-12-28 21:36:50] [INFO]     |  local epoch  : 0, acc 0.098
[2023-12-28 21:36:50] [INFO]     |  local epoch  : 1, acc 0.112
[2023-12-28 21:36:50] [INFO]     |  local epoch  : 2, acc 0.134
[2023-12-28 21:36:51] [INFO]     |  local epoch  : 3, acc 0.151
[2023-12-28 21:36:51] [INFO]     |  local epoch  : 4, acc 0.177
[2023-12-28 21:36:51] [INFO]     | distill epoch : 0, acc 0.213
[2023-12-28 21:36:51] [INFO]     | distill epoch : 1, acc 0.264
[2023-12-28 21:36:51] [INFO]     | distill epoch : 2, acc 0.330
[2023-12-28 21:36:51] [INFO]     | distill epoch : 3, acc 0.381
[2023-12-28 21:36:51] [INFO]     | distill epoch : 4, acc 0.405
[2023-12-28 21:36:51] [INFO]    -client 8
[2023-12-28 21:36:51] [INFO]     |  local epoch  : 0, acc 0.098
[2023-12-28 21:36:51] [INFO]     |  local epoch  : 1, acc 0.130
[2023-12-28 21:36:51] [INFO]     |  local epoch  : 2, acc 0.152
[2023-12-28 21:36:51] [INFO]     |  local epoch  : 3, acc 0.159
[2023-12-28 21:36:51] [INFO]     |  local epoch  : 4, acc 0.178
[2023-12-28 21:36:51] [INFO]     | distill epoch : 0, acc 0.210
[2023-12-28 21:36:51] [INFO]     | distill epoch : 1, acc 0.252
[2023-12-28 21:36:51] [INFO]     | distill epoch : 2, acc 0.310
[2023-12-28 21:36:51] [INFO]     | distill epoch : 3, acc 0.375
[2023-12-28 21:36:51] [INFO]     | distill epoch : 4, acc 0.414
[2023-12-28 21:36:51] [INFO] |servers comunicated: 1, server aggregated: 1, acc_server 2: 0.385.
[2023-12-28 21:36:51] [INFO] --------------------------------------------------
[2023-12-28 21:36:51] [INFO]      ********  servers comunicates  ********      
[2023-12-28 21:36:51] [INFO] --------------------------------------------------
[2023-12-28 21:36:51] [INFO] |epoch_server_commu: 2/6
[2023-12-28 21:36:51] [INFO]  |epoch_client_commu: 0/2
[2023-12-28 21:36:51] [INFO]   |server: 0
[2023-12-28 21:36:51] [INFO]    -client 0
[2023-12-28 21:36:51] [INFO]     |  local epoch  : 0, acc 0.566
[2023-12-28 21:36:52] [INFO]     |  local epoch  : 1, acc 0.569
[2023-12-28 21:36:52] [INFO]     |  local epoch  : 2, acc 0.643
[2023-12-28 21:36:52] [INFO]     |  local epoch  : 3, acc 0.639
[2023-12-28 21:36:52] [INFO]     |  local epoch  : 4, acc 0.647
[2023-12-28 21:36:52] [INFO]     | distill epoch : 0, acc 0.676
[2023-12-28 21:36:52] [INFO]     | distill epoch : 1, acc 0.689
[2023-12-28 21:36:52] [INFO]     | distill epoch : 2, acc 0.690
[2023-12-28 21:36:52] [INFO]     | distill epoch : 3, acc 0.691
[2023-12-28 21:36:52] [INFO]     | distill epoch : 4, acc 0.702
[2023-12-28 21:36:52] [INFO]    -client 1
[2023-12-28 21:36:52] [INFO]     |  local epoch  : 0, acc 0.546
[2023-12-28 21:36:52] [INFO]     |  local epoch  : 1, acc 0.560
[2023-12-28 21:36:52] [INFO]     |  local epoch  : 2, acc 0.623
[2023-12-28 21:36:52] [INFO]     |  local epoch  : 3, acc 0.650
[2023-12-28 21:36:52] [INFO]     |  local epoch  : 4, acc 0.651
[2023-12-28 21:36:52] [INFO]     | distill epoch : 0, acc 0.668
[2023-12-28 21:36:52] [INFO]     | distill epoch : 1, acc 0.687
[2023-12-28 21:36:52] [INFO]     | distill epoch : 2, acc 0.695
[2023-12-28 21:36:52] [INFO]     | distill epoch : 3, acc 0.703
[2023-12-28 21:36:52] [INFO]     | distill epoch : 4, acc 0.702
[2023-12-28 21:36:52] [INFO]    -client 2
[2023-12-28 21:36:52] [INFO]     |  local epoch  : 0, acc 0.546
[2023-12-28 21:36:52] [INFO]     |  local epoch  : 1, acc 0.551
[2023-12-28 21:36:53] [INFO]     |  local epoch  : 2, acc 0.595
[2023-12-28 21:36:53] [INFO]     |  local epoch  : 3, acc 0.640
[2023-12-28 21:36:53] [INFO]     |  local epoch  : 4, acc 0.658
[2023-12-28 21:36:53] [INFO]     | distill epoch : 0, acc 0.675
[2023-12-28 21:36:53] [INFO]     | distill epoch : 1, acc 0.695
[2023-12-28 21:36:53] [INFO]     | distill epoch : 2, acc 0.703
[2023-12-28 21:36:53] [INFO]     | distill epoch : 3, acc 0.704
[2023-12-28 21:36:53] [INFO]     | distill epoch : 4, acc 0.705
[2023-12-28 21:36:53] [INFO] |servers comunicated: 2, server aggregated: 0, acc_server 0: 0.704.
[2023-12-28 21:36:53] [INFO] --------------------------------------------------
[2023-12-28 21:36:53] [INFO]   |server: 1
[2023-12-28 21:36:53] [INFO]    -client 3
[2023-12-28 21:36:53] [INFO]     |  local epoch  : 0, acc 0.177
[2023-12-28 21:36:53] [INFO]     |  local epoch  : 1, acc 0.345
[2023-12-28 21:36:53] [INFO]     |  local epoch  : 2, acc 0.355
[2023-12-28 21:36:53] [INFO]     |  local epoch  : 3, acc 0.369
[2023-12-28 21:36:53] [INFO]     |  local epoch  : 4, acc 0.411
[2023-12-28 21:36:53] [INFO]     | distill epoch : 0, acc 0.452
[2023-12-28 21:36:53] [INFO]     | distill epoch : 1, acc 0.466
[2023-12-28 21:36:53] [INFO]     | distill epoch : 2, acc 0.470
[2023-12-28 21:36:53] [INFO]     | distill epoch : 3, acc 0.489
[2023-12-28 21:36:53] [INFO]     | distill epoch : 4, acc 0.515
[2023-12-28 21:36:53] [INFO]    -client 4
[2023-12-28 21:36:53] [INFO]     |  local epoch  : 0, acc 0.186
[2023-12-28 21:36:53] [INFO]     |  local epoch  : 1, acc 0.347
[2023-12-28 21:36:54] [INFO]     |  local epoch  : 2, acc 0.327
[2023-12-28 21:36:54] [INFO]     |  local epoch  : 3, acc 0.339
[2023-12-28 21:36:54] [INFO]     |  local epoch  : 4, acc 0.368
[2023-12-28 21:36:54] [INFO]     | distill epoch : 0, acc 0.427
[2023-12-28 21:36:54] [INFO]     | distill epoch : 1, acc 0.502
[2023-12-28 21:36:54] [INFO]     | distill epoch : 2, acc 0.540
[2023-12-28 21:36:54] [INFO]     | distill epoch : 3, acc 0.564
[2023-12-28 21:36:54] [INFO]     | distill epoch : 4, acc 0.575
[2023-12-28 21:36:54] [INFO]    -client 5
[2023-12-28 21:36:54] [INFO]     |  local epoch  : 0, acc 0.188
[2023-12-28 21:36:54] [INFO]     |  local epoch  : 1, acc 0.354
[2023-12-28 21:36:54] [INFO]     |  local epoch  : 2, acc 0.349
[2023-12-28 21:36:54] [INFO]     |  local epoch  : 3, acc 0.330
[2023-12-28 21:36:54] [INFO]     |  local epoch  : 4, acc 0.404
[2023-12-28 21:36:54] [INFO]     | distill epoch : 0, acc 0.476
[2023-12-28 21:36:54] [INFO]     | distill epoch : 1, acc 0.549
[2023-12-28 21:36:54] [INFO]     | distill epoch : 2, acc 0.567
[2023-12-28 21:36:54] [INFO]     | distill epoch : 3, acc 0.586
[2023-12-28 21:36:54] [INFO]     | distill epoch : 4, acc 0.595
[2023-12-28 21:36:54] [INFO] |servers comunicated: 2, server aggregated: 0, acc_server 1: 0.572.
[2023-12-28 21:36:54] [INFO] --------------------------------------------------
[2023-12-28 21:36:54] [INFO]   |server: 2
[2023-12-28 21:36:54] [INFO]    -client 6
[2023-12-28 21:36:54] [INFO]     |  local epoch  : 0, acc 0.152
[2023-12-28 21:36:55] [INFO]     |  local epoch  : 1, acc 0.188
[2023-12-28 21:36:55] [INFO]     |  local epoch  : 2, acc 0.239
[2023-12-28 21:36:55] [INFO]     |  local epoch  : 3, acc 0.283
[2023-12-28 21:36:55] [INFO]     |  local epoch  : 4, acc 0.303
[2023-12-28 21:36:55] [INFO]     | distill epoch : 0, acc 0.394
[2023-12-28 21:36:55] [INFO]     | distill epoch : 1, acc 0.469
[2023-12-28 21:36:55] [INFO]     | distill epoch : 2, acc 0.525
[2023-12-28 21:36:55] [INFO]     | distill epoch : 3, acc 0.558
[2023-12-28 21:36:55] [INFO]     | distill epoch : 4, acc 0.583
[2023-12-28 21:36:55] [INFO]    -client 7
[2023-12-28 21:36:55] [INFO]     |  local epoch  : 0, acc 0.148
[2023-12-28 21:36:55] [INFO]     |  local epoch  : 1, acc 0.179
[2023-12-28 21:36:55] [INFO]     |  local epoch  : 2, acc 0.203
[2023-12-28 21:36:55] [INFO]     |  local epoch  : 3, acc 0.225
[2023-12-28 21:36:55] [INFO]     |  local epoch  : 4, acc 0.268
[2023-12-28 21:36:55] [INFO]     | distill epoch : 0, acc 0.352
[2023-12-28 21:36:55] [INFO]     | distill epoch : 1, acc 0.454
[2023-12-28 21:36:55] [INFO]     | distill epoch : 2, acc 0.554
[2023-12-28 21:36:55] [INFO]     | distill epoch : 3, acc 0.595
[2023-12-28 21:36:55] [INFO]     | distill epoch : 4, acc 0.605
[2023-12-28 21:36:55] [INFO]    -client 8
[2023-12-28 21:36:55] [INFO]     |  local epoch  : 0, acc 0.151
[2023-12-28 21:36:55] [INFO]     |  local epoch  : 1, acc 0.190
[2023-12-28 21:36:56] [INFO]     |  local epoch  : 2, acc 0.248
[2023-12-28 21:36:56] [INFO]     |  local epoch  : 3, acc 0.224
[2023-12-28 21:36:56] [INFO]     |  local epoch  : 4, acc 0.234
[2023-12-28 21:36:56] [INFO]     | distill epoch : 0, acc 0.287
[2023-12-28 21:36:56] [INFO]     | distill epoch : 1, acc 0.354
[2023-12-28 21:36:56] [INFO]     | distill epoch : 2, acc 0.427
[2023-12-28 21:36:56] [INFO]     | distill epoch : 3, acc 0.488
[2023-12-28 21:36:56] [INFO]     | distill epoch : 4, acc 0.522
[2023-12-28 21:36:56] [INFO] |servers comunicated: 2, server aggregated: 0, acc_server 2: 0.578.
[2023-12-28 21:36:56] [INFO] --------------------------------------------------
[2023-12-28 21:36:56] [INFO]  |epoch_client_commu: 1/2
[2023-12-28 21:36:56] [INFO]   |server: 0
[2023-12-28 21:36:56] [INFO]    -client 0
[2023-12-28 21:36:56] [INFO]     |  local epoch  : 0, acc 0.705
[2023-12-28 21:36:56] [INFO]     |  local epoch  : 1, acc 0.686
[2023-12-28 21:36:56] [INFO]     |  local epoch  : 2, acc 0.728
[2023-12-28 21:36:56] [INFO]     |  local epoch  : 3, acc 0.748
[2023-12-28 21:36:56] [INFO]     |  local epoch  : 4, acc 0.688
[2023-12-28 21:36:56] [INFO]     | distill epoch : 0, acc 0.745
[2023-12-28 21:36:56] [INFO]     | distill epoch : 1, acc 0.756
[2023-12-28 21:36:56] [INFO]     | distill epoch : 2, acc 0.755
[2023-12-28 21:36:56] [INFO]     | distill epoch : 3, acc 0.763
[2023-12-28 21:36:56] [INFO]     | distill epoch : 4, acc 0.749
[2023-12-28 21:36:56] [INFO]    -client 1
[2023-12-28 21:36:56] [INFO]     |  local epoch  : 0, acc 0.713
[2023-12-28 21:36:57] [INFO]     |  local epoch  : 1, acc 0.721
[2023-12-28 21:36:57] [INFO]     |  local epoch  : 2, acc 0.711
[2023-12-28 21:36:57] [INFO]     |  local epoch  : 3, acc 0.717
[2023-12-28 21:36:57] [INFO]     |  local epoch  : 4, acc 0.744
[2023-12-28 21:36:57] [INFO]     | distill epoch : 0, acc 0.763
[2023-12-28 21:36:57] [INFO]     | distill epoch : 1, acc 0.754
[2023-12-28 21:36:57] [INFO]     | distill epoch : 2, acc 0.762
[2023-12-28 21:36:57] [INFO]     | distill epoch : 3, acc 0.751
[2023-12-28 21:36:57] [INFO]     | distill epoch : 4, acc 0.768
[2023-12-28 21:36:57] [INFO]    -client 2
[2023-12-28 21:36:57] [INFO]     |  local epoch  : 0, acc 0.681
[2023-12-28 21:36:57] [INFO]     |  local epoch  : 1, acc 0.684
[2023-12-28 21:36:57] [INFO]     |  local epoch  : 2, acc 0.722
[2023-12-28 21:36:57] [INFO]     |  local epoch  : 3, acc 0.730
[2023-12-28 21:36:57] [INFO]     |  local epoch  : 4, acc 0.714
[2023-12-28 21:36:57] [INFO]     | distill epoch : 0, acc 0.749
[2023-12-28 21:36:57] [INFO]     | distill epoch : 1, acc 0.761
[2023-12-28 21:36:57] [INFO]     | distill epoch : 2, acc 0.755
[2023-12-28 21:36:57] [INFO]     | distill epoch : 3, acc 0.769
[2023-12-28 21:36:57] [INFO]     | distill epoch : 4, acc 0.746
[2023-12-28 21:36:57] [INFO] |servers comunicated: 2, server aggregated: 1, acc_server 0: 0.763.
[2023-12-28 21:36:57] [INFO] --------------------------------------------------
[2023-12-28 21:36:57] [INFO]   |server: 1
[2023-12-28 21:36:57] [INFO]    -client 3
[2023-12-28 21:36:57] [INFO]     |  local epoch  : 0, acc 0.346
[2023-12-28 21:36:58] [INFO]     |  local epoch  : 1, acc 0.543
[2023-12-28 21:36:58] [INFO]     |  local epoch  : 2, acc 0.544
[2023-12-28 21:36:58] [INFO]     |  local epoch  : 3, acc 0.533
[2023-12-28 21:36:58] [INFO]     |  local epoch  : 4, acc 0.593
[2023-12-28 21:36:58] [INFO]     | distill epoch : 0, acc 0.673
[2023-12-28 21:36:58] [INFO]     | distill epoch : 1, acc 0.701
[2023-12-28 21:36:58] [INFO]     | distill epoch : 2, acc 0.702
[2023-12-28 21:36:58] [INFO]     | distill epoch : 3, acc 0.709
[2023-12-28 21:36:58] [INFO]     | distill epoch : 4, acc 0.709
[2023-12-28 21:36:58] [INFO]    -client 4
[2023-12-28 21:36:58] [INFO]     |  local epoch  : 0, acc 0.348
[2023-12-28 21:36:58] [INFO]     |  local epoch  : 1, acc 0.521
[2023-12-28 21:36:58] [INFO]     |  local epoch  : 2, acc 0.519
[2023-12-28 21:36:58] [INFO]     |  local epoch  : 3, acc 0.629
[2023-12-28 21:36:58] [INFO]     |  local epoch  : 4, acc 0.634
[2023-12-28 21:36:58] [INFO]     | distill epoch : 0, acc 0.706
[2023-12-28 21:36:58] [INFO]     | distill epoch : 1, acc 0.717
[2023-12-28 21:36:58] [INFO]     | distill epoch : 2, acc 0.708
[2023-12-28 21:36:58] [INFO]     | distill epoch : 3, acc 0.703
[2023-12-28 21:36:58] [INFO]     | distill epoch : 4, acc 0.707
[2023-12-28 21:36:58] [INFO]    -client 5
[2023-12-28 21:36:58] [INFO]     |  local epoch  : 0, acc 0.369
[2023-12-28 21:36:58] [INFO]     |  local epoch  : 1, acc 0.556
[2023-12-28 21:36:59] [INFO]     |  local epoch  : 2, acc 0.584
[2023-12-28 21:36:59] [INFO]     |  local epoch  : 3, acc 0.620
[2023-12-28 21:36:59] [INFO]     |  local epoch  : 4, acc 0.661
[2023-12-28 21:36:59] [INFO]     | distill epoch : 0, acc 0.708
[2023-12-28 21:36:59] [INFO]     | distill epoch : 1, acc 0.719
[2023-12-28 21:36:59] [INFO]     | distill epoch : 2, acc 0.715
[2023-12-28 21:36:59] [INFO]     | distill epoch : 3, acc 0.717
[2023-12-28 21:36:59] [INFO]     | distill epoch : 4, acc 0.716
[2023-12-28 21:36:59] [INFO] |servers comunicated: 2, server aggregated: 1, acc_server 1: 0.714.
[2023-12-28 21:36:59] [INFO] --------------------------------------------------
[2023-12-28 21:36:59] [INFO]   |server: 2
[2023-12-28 21:36:59] [INFO]    -client 6
[2023-12-28 21:36:59] [INFO]     |  local epoch  : 0, acc 0.198
[2023-12-28 21:36:59] [INFO]     |  local epoch  : 1, acc 0.351
[2023-12-28 21:36:59] [INFO]     |  local epoch  : 2, acc 0.411
[2023-12-28 21:36:59] [INFO]     |  local epoch  : 3, acc 0.440
[2023-12-28 21:36:59] [INFO]     |  local epoch  : 4, acc 0.467
[2023-12-28 21:36:59] [INFO]     | distill epoch : 0, acc 0.569
[2023-12-28 21:36:59] [INFO]     | distill epoch : 1, acc 0.651
[2023-12-28 21:36:59] [INFO]     | distill epoch : 2, acc 0.703
[2023-12-28 21:36:59] [INFO]     | distill epoch : 3, acc 0.722
[2023-12-28 21:36:59] [INFO]     | distill epoch : 4, acc 0.732
[2023-12-28 21:36:59] [INFO]    -client 7
[2023-12-28 21:36:59] [INFO]     |  local epoch  : 0, acc 0.194
[2023-12-28 21:36:59] [INFO]     |  local epoch  : 1, acc 0.336
[2023-12-28 21:37:00] [INFO]     |  local epoch  : 2, acc 0.395
[2023-12-28 21:37:00] [INFO]     |  local epoch  : 3, acc 0.439
[2023-12-28 21:37:00] [INFO]     |  local epoch  : 4, acc 0.515
[2023-12-28 21:37:00] [INFO]     | distill epoch : 0, acc 0.626
[2023-12-28 21:37:00] [INFO]     | distill epoch : 1, acc 0.699
[2023-12-28 21:37:00] [INFO]     | distill epoch : 2, acc 0.716
[2023-12-28 21:37:00] [INFO]     | distill epoch : 3, acc 0.719
[2023-12-28 21:37:00] [INFO]     | distill epoch : 4, acc 0.724
[2023-12-28 21:37:00] [INFO]    -client 8
[2023-12-28 21:37:00] [INFO]     |  local epoch  : 0, acc 0.201
[2023-12-28 21:37:00] [INFO]     |  local epoch  : 1, acc 0.344
[2023-12-28 21:37:00] [INFO]     |  local epoch  : 2, acc 0.387
[2023-12-28 21:37:00] [INFO]     |  local epoch  : 3, acc 0.446
[2023-12-28 21:37:00] [INFO]     |  local epoch  : 4, acc 0.461
[2023-12-28 21:37:00] [INFO]     | distill epoch : 0, acc 0.580
[2023-12-28 21:37:00] [INFO]     | distill epoch : 1, acc 0.678
[2023-12-28 21:37:00] [INFO]     | distill epoch : 2, acc 0.705
[2023-12-28 21:37:00] [INFO]     | distill epoch : 3, acc 0.705
[2023-12-28 21:37:00] [INFO]     | distill epoch : 4, acc 0.709
[2023-12-28 21:37:00] [INFO] |servers comunicated: 2, server aggregated: 1, acc_server 2: 0.726.
[2023-12-28 21:37:00] [INFO] --------------------------------------------------
[2023-12-28 21:37:00] [INFO]      ********  servers comunicates  ********      
[2023-12-28 21:37:00] [INFO] --------------------------------------------------
[2023-12-28 21:37:00] [INFO] |epoch_server_commu: 3/6
[2023-12-28 21:37:00] [INFO]  |epoch_client_commu: 0/2
[2023-12-28 21:37:00] [INFO]   |server: 0
[2023-12-28 21:37:00] [INFO]    -client 0
[2023-12-28 21:37:00] [INFO]     |  local epoch  : 0, acc 0.749
[2023-12-28 21:37:01] [INFO]     |  local epoch  : 1, acc 0.793
[2023-12-28 21:37:01] [INFO]     |  local epoch  : 2, acc 0.780
[2023-12-28 21:37:01] [INFO]     |  local epoch  : 3, acc 0.784
[2023-12-28 21:37:01] [INFO]     |  local epoch  : 4, acc 0.798
[2023-12-28 21:37:01] [INFO]     | distill epoch : 0, acc 0.786
[2023-12-28 21:37:01] [INFO]     | distill epoch : 1, acc 0.805
[2023-12-28 21:37:01] [INFO]     | distill epoch : 2, acc 0.773
[2023-12-28 21:37:01] [INFO]     | distill epoch : 3, acc 0.803
[2023-12-28 21:37:01] [INFO]     | distill epoch : 4, acc 0.772
[2023-12-28 21:37:01] [INFO]    -client 1
[2023-12-28 21:37:01] [INFO]     |  local epoch  : 0, acc 0.745
[2023-12-28 21:37:01] [INFO]     |  local epoch  : 1, acc 0.765
[2023-12-28 21:37:01] [INFO]     |  local epoch  : 2, acc 0.789
[2023-12-28 21:37:01] [INFO]     |  local epoch  : 3, acc 0.777
[2023-12-28 21:37:01] [INFO]     |  local epoch  : 4, acc 0.801
[2023-12-28 21:37:01] [INFO]     | distill epoch : 0, acc 0.802
[2023-12-28 21:37:01] [INFO]     | distill epoch : 1, acc 0.797
[2023-12-28 21:37:01] [INFO]     | distill epoch : 2, acc 0.811
[2023-12-28 21:37:01] [INFO]     | distill epoch : 3, acc 0.789
[2023-12-28 21:37:01] [INFO]     | distill epoch : 4, acc 0.820
[2023-12-28 21:37:01] [INFO]    -client 2
[2023-12-28 21:37:01] [INFO]     |  local epoch  : 0, acc 0.734
[2023-12-28 21:37:01] [INFO]     |  local epoch  : 1, acc 0.750
[2023-12-28 21:37:02] [INFO]     |  local epoch  : 2, acc 0.761
[2023-12-28 21:37:02] [INFO]     |  local epoch  : 3, acc 0.779
[2023-12-28 21:37:02] [INFO]     |  local epoch  : 4, acc 0.774
[2023-12-28 21:37:02] [INFO]     | distill epoch : 0, acc 0.794
[2023-12-28 21:37:02] [INFO]     | distill epoch : 1, acc 0.779
[2023-12-28 21:37:02] [INFO]     | distill epoch : 2, acc 0.800
[2023-12-28 21:37:02] [INFO]     | distill epoch : 3, acc 0.778
[2023-12-28 21:37:02] [INFO]     | distill epoch : 4, acc 0.798
[2023-12-28 21:37:02] [INFO] |servers comunicated: 3, server aggregated: 0, acc_server 0: 0.807.
[2023-12-28 21:37:02] [INFO] --------------------------------------------------
[2023-12-28 21:37:02] [INFO]   |server: 1
[2023-12-28 21:37:02] [INFO]    -client 3
[2023-12-28 21:37:02] [INFO]     |  local epoch  : 0, acc 0.525
[2023-12-28 21:37:02] [INFO]     |  local epoch  : 1, acc 0.685
[2023-12-28 21:37:02] [INFO]     |  local epoch  : 2, acc 0.710
[2023-12-28 21:37:02] [INFO]     |  local epoch  : 3, acc 0.661
[2023-12-28 21:37:02] [INFO]     |  local epoch  : 4, acc 0.742
[2023-12-28 21:37:02] [INFO]     | distill epoch : 0, acc 0.765
[2023-12-28 21:37:02] [INFO]     | distill epoch : 1, acc 0.755
[2023-12-28 21:37:02] [INFO]     | distill epoch : 2, acc 0.750
[2023-12-28 21:37:02] [INFO]     | distill epoch : 3, acc 0.743
[2023-12-28 21:37:02] [INFO]     | distill epoch : 4, acc 0.749
[2023-12-28 21:37:02] [INFO]    -client 4
[2023-12-28 21:37:02] [INFO]     |  local epoch  : 0, acc 0.548
[2023-12-28 21:37:02] [INFO]     |  local epoch  : 1, acc 0.702
[2023-12-28 21:37:03] [INFO]     |  local epoch  : 2, acc 0.686
[2023-12-28 21:37:03] [INFO]     |  local epoch  : 3, acc 0.723
[2023-12-28 21:37:03] [INFO]     |  local epoch  : 4, acc 0.724
[2023-12-28 21:37:03] [INFO]     | distill epoch : 0, acc 0.758
[2023-12-28 21:37:03] [INFO]     | distill epoch : 1, acc 0.750
[2023-12-28 21:37:03] [INFO]     | distill epoch : 2, acc 0.744
[2023-12-28 21:37:03] [INFO]     | distill epoch : 3, acc 0.746
[2023-12-28 21:37:03] [INFO]     | distill epoch : 4, acc 0.747
[2023-12-28 21:37:03] [INFO]    -client 5
[2023-12-28 21:37:03] [INFO]     |  local epoch  : 0, acc 0.524
[2023-12-28 21:37:03] [INFO]     |  local epoch  : 1, acc 0.730
[2023-12-28 21:37:03] [INFO]     |  local epoch  : 2, acc 0.674
[2023-12-28 21:37:03] [INFO]     |  local epoch  : 3, acc 0.685
[2023-12-28 21:37:03] [INFO]     |  local epoch  : 4, acc 0.708
[2023-12-28 21:37:03] [INFO]     | distill epoch : 0, acc 0.752
[2023-12-28 21:37:03] [INFO]     | distill epoch : 1, acc 0.762
[2023-12-28 21:37:03] [INFO]     | distill epoch : 2, acc 0.748
[2023-12-28 21:37:03] [INFO]     | distill epoch : 3, acc 0.741
[2023-12-28 21:37:03] [INFO]     | distill epoch : 4, acc 0.737
[2023-12-28 21:37:03] [INFO] |servers comunicated: 3, server aggregated: 0, acc_server 1: 0.747.
[2023-12-28 21:37:03] [INFO] --------------------------------------------------
[2023-12-28 21:37:03] [INFO]   |server: 2
[2023-12-28 21:37:03] [INFO]    -client 6
[2023-12-28 21:37:03] [INFO]     |  local epoch  : 0, acc 0.326
[2023-12-28 21:37:03] [INFO]     |  local epoch  : 1, acc 0.570
[2023-12-28 21:37:04] [INFO]     |  local epoch  : 2, acc 0.585
[2023-12-28 21:37:04] [INFO]     |  local epoch  : 3, acc 0.601
[2023-12-28 21:37:04] [INFO]     |  local epoch  : 4, acc 0.630
[2023-12-28 21:37:04] [INFO]     | distill epoch : 0, acc 0.721
[2023-12-28 21:37:04] [INFO]     | distill epoch : 1, acc 0.770
[2023-12-28 21:37:04] [INFO]     | distill epoch : 2, acc 0.785
[2023-12-28 21:37:04] [INFO]     | distill epoch : 3, acc 0.787
[2023-12-28 21:37:04] [INFO]     | distill epoch : 4, acc 0.788
[2023-12-28 21:37:04] [INFO]    -client 7
[2023-12-28 21:37:04] [INFO]     |  local epoch  : 0, acc 0.300
[2023-12-28 21:37:04] [INFO]     |  local epoch  : 1, acc 0.575
[2023-12-28 21:37:04] [INFO]     |  local epoch  : 2, acc 0.615
[2023-12-28 21:37:04] [INFO]     |  local epoch  : 3, acc 0.645
[2023-12-28 21:37:04] [INFO]     |  local epoch  : 4, acc 0.638
[2023-12-28 21:37:04] [INFO]     | distill epoch : 0, acc 0.736
[2023-12-28 21:37:04] [INFO]     | distill epoch : 1, acc 0.781
[2023-12-28 21:37:04] [INFO]     | distill epoch : 2, acc 0.783
[2023-12-28 21:37:04] [INFO]     | distill epoch : 3, acc 0.779
[2023-12-28 21:37:04] [INFO]     | distill epoch : 4, acc 0.781
[2023-12-28 21:37:04] [INFO]    -client 8
[2023-12-28 21:37:04] [INFO]     |  local epoch  : 0, acc 0.316
[2023-12-28 21:37:04] [INFO]     |  local epoch  : 1, acc 0.546
[2023-12-28 21:37:05] [INFO]     |  local epoch  : 2, acc 0.596
[2023-12-28 21:37:05] [INFO]     |  local epoch  : 3, acc 0.599
[2023-12-28 21:37:05] [INFO]     |  local epoch  : 4, acc 0.623
[2023-12-28 21:37:05] [INFO]     | distill epoch : 0, acc 0.741
[2023-12-28 21:37:05] [INFO]     | distill epoch : 1, acc 0.780
[2023-12-28 21:37:05] [INFO]     | distill epoch : 2, acc 0.778
[2023-12-28 21:37:05] [INFO]     | distill epoch : 3, acc 0.774
[2023-12-28 21:37:05] [INFO]     | distill epoch : 4, acc 0.778
[2023-12-28 21:37:05] [INFO] |servers comunicated: 3, server aggregated: 0, acc_server 2: 0.785.
[2023-12-28 21:37:05] [INFO] --------------------------------------------------
[2023-12-28 21:37:05] [INFO]  |epoch_client_commu: 1/2
[2023-12-28 21:37:05] [INFO]   |server: 0
[2023-12-28 21:37:05] [INFO]    -client 0
[2023-12-28 21:37:05] [INFO]     |  local epoch  : 0, acc 0.774
[2023-12-28 21:37:05] [INFO]     |  local epoch  : 1, acc 0.786
[2023-12-28 21:37:05] [INFO]     |  local epoch  : 2, acc 0.800
[2023-12-28 21:37:05] [INFO]     |  local epoch  : 3, acc 0.813
[2023-12-28 21:37:05] [INFO]     |  local epoch  : 4, acc 0.816
[2023-12-28 21:37:05] [INFO]     | distill epoch : 0, acc 0.803
[2023-12-28 21:37:05] [INFO]     | distill epoch : 1, acc 0.828
[2023-12-28 21:37:05] [INFO]     | distill epoch : 2, acc 0.793
[2023-12-28 21:37:05] [INFO]     | distill epoch : 3, acc 0.830
[2023-12-28 21:37:05] [INFO]     | distill epoch : 4, acc 0.794
[2023-12-28 21:37:05] [INFO]    -client 1
[2023-12-28 21:37:05] [INFO]     |  local epoch  : 0, acc 0.768
[2023-12-28 21:37:05] [INFO]     |  local epoch  : 1, acc 0.787
[2023-12-28 21:37:06] [INFO]     |  local epoch  : 2, acc 0.790
[2023-12-28 21:37:06] [INFO]     |  local epoch  : 3, acc 0.793
[2023-12-28 21:37:06] [INFO]     |  local epoch  : 4, acc 0.794
[2023-12-28 21:37:06] [INFO]     | distill epoch : 0, acc 0.815
[2023-12-28 21:37:06] [INFO]     | distill epoch : 1, acc 0.808
[2023-12-28 21:37:06] [INFO]     | distill epoch : 2, acc 0.829
[2023-12-28 21:37:06] [INFO]     | distill epoch : 3, acc 0.801
[2023-12-28 21:37:06] [INFO]     | distill epoch : 4, acc 0.830
[2023-12-28 21:37:06] [INFO]    -client 2
[2023-12-28 21:37:06] [INFO]     |  local epoch  : 0, acc 0.756
[2023-12-28 21:37:06] [INFO]     |  local epoch  : 1, acc 0.793
[2023-12-28 21:37:06] [INFO]     |  local epoch  : 2, acc 0.789
[2023-12-28 21:37:06] [INFO]     |  local epoch  : 3, acc 0.808
[2023-12-28 21:37:06] [INFO]     |  local epoch  : 4, acc 0.811
[2023-12-28 21:37:06] [INFO]     | distill epoch : 0, acc 0.824
[2023-12-28 21:37:06] [INFO]     | distill epoch : 1, acc 0.805
[2023-12-28 21:37:06] [INFO]     | distill epoch : 2, acc 0.826
[2023-12-28 21:37:06] [INFO]     | distill epoch : 3, acc 0.794
[2023-12-28 21:37:06] [INFO]     | distill epoch : 4, acc 0.826
[2023-12-28 21:37:06] [INFO] |servers comunicated: 3, server aggregated: 1, acc_server 0: 0.827.
[2023-12-28 21:37:06] [INFO] --------------------------------------------------
[2023-12-28 21:37:06] [INFO]   |server: 1
[2023-12-28 21:37:06] [INFO]    -client 3
[2023-12-28 21:37:06] [INFO]     |  local epoch  : 0, acc 0.592
[2023-12-28 21:37:06] [INFO]     |  local epoch  : 1, acc 0.759
[2023-12-28 21:37:07] [INFO]     |  local epoch  : 2, acc 0.738
[2023-12-28 21:37:07] [INFO]     |  local epoch  : 3, acc 0.760
[2023-12-28 21:37:07] [INFO]     |  local epoch  : 4, acc 0.747
[2023-12-28 21:37:07] [INFO]     | distill epoch : 0, acc 0.783
[2023-12-28 21:37:07] [INFO]     | distill epoch : 1, acc 0.787
[2023-12-28 21:37:07] [INFO]     | distill epoch : 2, acc 0.776
[2023-12-28 21:37:07] [INFO]     | distill epoch : 3, acc 0.770
[2023-12-28 21:37:07] [INFO]     | distill epoch : 4, acc 0.777
[2023-12-28 21:37:07] [INFO]    -client 4
[2023-12-28 21:37:07] [INFO]     |  local epoch  : 0, acc 0.620
[2023-12-28 21:37:07] [INFO]     |  local epoch  : 1, acc 0.752
[2023-12-28 21:37:07] [INFO]     |  local epoch  : 2, acc 0.704
[2023-12-28 21:37:07] [INFO]     |  local epoch  : 3, acc 0.729
[2023-12-28 21:37:07] [INFO]     |  local epoch  : 4, acc 0.705
[2023-12-28 21:37:07] [INFO]     | distill epoch : 0, acc 0.773
[2023-12-28 21:37:07] [INFO]     | distill epoch : 1, acc 0.781
[2023-12-28 21:37:07] [INFO]     | distill epoch : 2, acc 0.780
[2023-12-28 21:37:07] [INFO]     | distill epoch : 3, acc 0.767
[2023-12-28 21:37:07] [INFO]     | distill epoch : 4, acc 0.783
[2023-12-28 21:37:07] [INFO]    -client 5
[2023-12-28 21:37:07] [INFO]     |  local epoch  : 0, acc 0.630
[2023-12-28 21:37:08] [INFO]     |  local epoch  : 1, acc 0.758
[2023-12-28 21:37:08] [INFO]     |  local epoch  : 2, acc 0.764
[2023-12-28 21:37:08] [INFO]     |  local epoch  : 3, acc 0.736
[2023-12-28 21:37:08] [INFO]     |  local epoch  : 4, acc 0.781
[2023-12-28 21:37:08] [INFO]     | distill epoch : 0, acc 0.800
[2023-12-28 21:37:08] [INFO]     | distill epoch : 1, acc 0.789
[2023-12-28 21:37:08] [INFO]     | distill epoch : 2, acc 0.784
[2023-12-28 21:37:08] [INFO]     | distill epoch : 3, acc 0.757
[2023-12-28 21:37:08] [INFO]     | distill epoch : 4, acc 0.786
[2023-12-28 21:37:08] [INFO] |servers comunicated: 3, server aggregated: 1, acc_server 1: 0.784.
[2023-12-28 21:37:08] [INFO] --------------------------------------------------
[2023-12-28 21:37:08] [INFO]   |server: 2
[2023-12-28 21:37:08] [INFO]    -client 6
[2023-12-28 21:37:08] [INFO]     |  local epoch  : 0, acc 0.455
[2023-12-28 21:37:08] [INFO]     |  local epoch  : 1, acc 0.679
[2023-12-28 21:37:08] [INFO]     |  local epoch  : 2, acc 0.659
[2023-12-28 21:37:08] [INFO]     |  local epoch  : 3, acc 0.709
[2023-12-28 21:37:08] [INFO]     |  local epoch  : 4, acc 0.635
[2023-12-28 21:37:08] [INFO]     | distill epoch : 0, acc 0.760
[2023-12-28 21:37:08] [INFO]     | distill epoch : 1, acc 0.817
[2023-12-28 21:37:08] [INFO]     | distill epoch : 2, acc 0.827
[2023-12-28 21:37:08] [INFO]     | distill epoch : 3, acc 0.820
[2023-12-28 21:37:08] [INFO]     | distill epoch : 4, acc 0.814
[2023-12-28 21:37:08] [INFO]    -client 7
[2023-12-28 21:37:08] [INFO]     |  local epoch  : 0, acc 0.414
[2023-12-28 21:37:09] [INFO]     |  local epoch  : 1, acc 0.703
[2023-12-28 21:37:09] [INFO]     |  local epoch  : 2, acc 0.699
[2023-12-28 21:37:09] [INFO]     |  local epoch  : 3, acc 0.699
[2023-12-28 21:37:09] [INFO]     |  local epoch  : 4, acc 0.742
[2023-12-28 21:37:09] [INFO]     | distill epoch : 0, acc 0.805
[2023-12-28 21:37:09] [INFO]     | distill epoch : 1, acc 0.817
[2023-12-28 21:37:09] [INFO]     | distill epoch : 2, acc 0.805
[2023-12-28 21:37:09] [INFO]     | distill epoch : 3, acc 0.804
[2023-12-28 21:37:09] [INFO]     | distill epoch : 4, acc 0.805
[2023-12-28 21:37:09] [INFO]    -client 8
[2023-12-28 21:37:09] [INFO]     |  local epoch  : 0, acc 0.416
[2023-12-28 21:37:09] [INFO]     |  local epoch  : 1, acc 0.674
[2023-12-28 21:37:09] [INFO]     |  local epoch  : 2, acc 0.666
[2023-12-28 21:37:09] [INFO]     |  local epoch  : 3, acc 0.733
[2023-12-28 21:37:09] [INFO]     |  local epoch  : 4, acc 0.677
[2023-12-28 21:37:09] [INFO]     | distill epoch : 0, acc 0.789
[2023-12-28 21:37:09] [INFO]     | distill epoch : 1, acc 0.822
[2023-12-28 21:37:09] [INFO]     | distill epoch : 2, acc 0.805
[2023-12-28 21:37:09] [INFO]     | distill epoch : 3, acc 0.799
[2023-12-28 21:37:09] [INFO]     | distill epoch : 4, acc 0.804
[2023-12-28 21:37:09] [INFO] |servers comunicated: 3, server aggregated: 1, acc_server 2: 0.810.
[2023-12-28 21:37:09] [INFO] --------------------------------------------------
[2023-12-28 21:37:09] [INFO]      ********  servers comunicates  ********      
[2023-12-28 21:37:09] [INFO] --------------------------------------------------
[2023-12-28 21:37:09] [INFO] |epoch_server_commu: 4/6
[2023-12-28 21:37:09] [INFO]  |epoch_client_commu: 0/2
[2023-12-28 21:37:09] [INFO]   |server: 0
[2023-12-28 21:37:09] [INFO]    -client 0
[2023-12-28 21:37:10] [INFO]     |  local epoch  : 0, acc 0.799
[2023-12-28 21:37:10] [INFO]     |  local epoch  : 1, acc 0.821
[2023-12-28 21:37:10] [INFO]     |  local epoch  : 2, acc 0.774
[2023-12-28 21:37:10] [INFO]     |  local epoch  : 3, acc 0.825
[2023-12-28 21:37:10] [INFO]     |  local epoch  : 4, acc 0.795
[2023-12-28 21:37:10] [INFO]     | distill epoch : 0, acc 0.834
[2023-12-28 21:37:10] [INFO]     | distill epoch : 1, acc 0.808
[2023-12-28 21:37:10] [INFO]     | distill epoch : 2, acc 0.842
[2023-12-28 21:37:10] [INFO]     | distill epoch : 3, acc 0.805
[2023-12-28 21:37:10] [INFO]     | distill epoch : 4, acc 0.845
[2023-12-28 21:37:10] [INFO]    -client 1
[2023-12-28 21:37:10] [INFO]     |  local epoch  : 0, acc 0.811
[2023-12-28 21:37:10] [INFO]     |  local epoch  : 1, acc 0.835
[2023-12-28 21:37:10] [INFO]     |  local epoch  : 2, acc 0.828
[2023-12-28 21:37:10] [INFO]     |  local epoch  : 3, acc 0.825
[2023-12-28 21:37:10] [INFO]     |  local epoch  : 4, acc 0.832
[2023-12-28 21:37:10] [INFO]     | distill epoch : 0, acc 0.820
[2023-12-28 21:37:10] [INFO]     | distill epoch : 1, acc 0.840
[2023-12-28 21:37:10] [INFO]     | distill epoch : 2, acc 0.807
[2023-12-28 21:37:10] [INFO]     | distill epoch : 3, acc 0.844
[2023-12-28 21:37:10] [INFO]     | distill epoch : 4, acc 0.810
[2023-12-28 21:37:10] [INFO]    -client 2
[2023-12-28 21:37:10] [INFO]     |  local epoch  : 0, acc 0.766
[2023-12-28 21:37:11] [INFO]     |  local epoch  : 1, acc 0.828
[2023-12-28 21:37:11] [INFO]     |  local epoch  : 2, acc 0.815
[2023-12-28 21:37:11] [INFO]     |  local epoch  : 3, acc 0.825
[2023-12-28 21:37:11] [INFO]     |  local epoch  : 4, acc 0.828
[2023-12-28 21:37:11] [INFO]     | distill epoch : 0, acc 0.831
[2023-12-28 21:37:11] [INFO]     | distill epoch : 1, acc 0.817
[2023-12-28 21:37:11] [INFO]     | distill epoch : 2, acc 0.830
[2023-12-28 21:37:11] [INFO]     | distill epoch : 3, acc 0.810
[2023-12-28 21:37:11] [INFO]     | distill epoch : 4, acc 0.844
[2023-12-28 21:37:11] [INFO] |servers comunicated: 4, server aggregated: 0, acc_server 0: 0.841.
[2023-12-28 21:37:11] [INFO] --------------------------------------------------
[2023-12-28 21:37:11] [INFO]   |server: 1
[2023-12-28 21:37:11] [INFO]    -client 3
[2023-12-28 21:37:11] [INFO]     |  local epoch  : 0, acc 0.633
[2023-12-28 21:37:11] [INFO]     |  local epoch  : 1, acc 0.795
[2023-12-28 21:37:11] [INFO]     |  local epoch  : 2, acc 0.771
[2023-12-28 21:37:11] [INFO]     |  local epoch  : 3, acc 0.777
[2023-12-28 21:37:11] [INFO]     |  local epoch  : 4, acc 0.765
[2023-12-28 21:37:11] [INFO]     | distill epoch : 0, acc 0.805
[2023-12-28 21:37:11] [INFO]     | distill epoch : 1, acc 0.811
[2023-12-28 21:37:11] [INFO]     | distill epoch : 2, acc 0.803
[2023-12-28 21:37:11] [INFO]     | distill epoch : 3, acc 0.781
[2023-12-28 21:37:11] [INFO]     | distill epoch : 4, acc 0.807
[2023-12-28 21:37:11] [INFO]    -client 4
[2023-12-28 21:37:11] [INFO]     |  local epoch  : 0, acc 0.648
[2023-12-28 21:37:12] [INFO]     |  local epoch  : 1, acc 0.800
[2023-12-28 21:37:12] [INFO]     |  local epoch  : 2, acc 0.783
[2023-12-28 21:37:12] [INFO]     |  local epoch  : 3, acc 0.765
[2023-12-28 21:37:12] [INFO]     |  local epoch  : 4, acc 0.718
[2023-12-28 21:37:12] [INFO]     | distill epoch : 0, acc 0.792
[2023-12-28 21:37:12] [INFO]     | distill epoch : 1, acc 0.809
[2023-12-28 21:37:12] [INFO]     | distill epoch : 2, acc 0.803
[2023-12-28 21:37:12] [INFO]     | distill epoch : 3, acc 0.789
[2023-12-28 21:37:12] [INFO]     | distill epoch : 4, acc 0.809
[2023-12-28 21:37:12] [INFO]    -client 5
[2023-12-28 21:37:12] [INFO]     |  local epoch  : 0, acc 0.672
[2023-12-28 21:37:12] [INFO]     |  local epoch  : 1, acc 0.795
[2023-12-28 21:37:12] [INFO]     |  local epoch  : 2, acc 0.789
[2023-12-28 21:37:12] [INFO]     |  local epoch  : 3, acc 0.790
[2023-12-28 21:37:12] [INFO]     |  local epoch  : 4, acc 0.811
[2023-12-28 21:37:12] [INFO]     | distill epoch : 0, acc 0.820
[2023-12-28 21:37:12] [INFO]     | distill epoch : 1, acc 0.810
[2023-12-28 21:37:12] [INFO]     | distill epoch : 2, acc 0.810
[2023-12-28 21:37:12] [INFO]     | distill epoch : 3, acc 0.780
[2023-12-28 21:37:12] [INFO]     | distill epoch : 4, acc 0.803
[2023-12-28 21:37:12] [INFO] |servers comunicated: 4, server aggregated: 0, acc_server 1: 0.810.
[2023-12-28 21:37:12] [INFO] --------------------------------------------------
[2023-12-28 21:37:12] [INFO]   |server: 2
[2023-12-28 21:37:12] [INFO]    -client 6
[2023-12-28 21:37:13] [INFO]     |  local epoch  : 0, acc 0.540
[2023-12-28 21:37:13] [INFO]     |  local epoch  : 1, acc 0.736
[2023-12-28 21:37:13] [INFO]     |  local epoch  : 2, acc 0.728
[2023-12-28 21:37:13] [INFO]     |  local epoch  : 3, acc 0.750
[2023-12-28 21:37:13] [INFO]     |  local epoch  : 4, acc 0.757
[2023-12-28 21:37:13] [INFO]     | distill epoch : 0, acc 0.823
[2023-12-28 21:37:13] [INFO]     | distill epoch : 1, acc 0.836
[2023-12-28 21:37:13] [INFO]     | distill epoch : 2, acc 0.832
[2023-12-28 21:37:13] [INFO]     | distill epoch : 3, acc 0.824
[2023-12-28 21:37:13] [INFO]     | distill epoch : 4, acc 0.818
[2023-12-28 21:37:13] [INFO]    -client 7
[2023-12-28 21:37:13] [INFO]     |  local epoch  : 0, acc 0.505
[2023-12-28 21:37:13] [INFO]     |  local epoch  : 1, acc 0.745
[2023-12-28 21:37:13] [INFO]     |  local epoch  : 2, acc 0.756
[2023-12-28 21:37:13] [INFO]     |  local epoch  : 3, acc 0.775
[2023-12-28 21:37:13] [INFO]     |  local epoch  : 4, acc 0.746
[2023-12-28 21:37:13] [INFO]     | distill epoch : 0, acc 0.821
[2023-12-28 21:37:13] [INFO]     | distill epoch : 1, acc 0.832
[2023-12-28 21:37:13] [INFO]     | distill epoch : 2, acc 0.818
[2023-12-28 21:37:13] [INFO]     | distill epoch : 3, acc 0.816
[2023-12-28 21:37:13] [INFO]     | distill epoch : 4, acc 0.816
[2023-12-28 21:37:13] [INFO]    -client 8
[2023-12-28 21:37:13] [INFO]     |  local epoch  : 0, acc 0.479
[2023-12-28 21:37:14] [INFO]     |  local epoch  : 1, acc 0.734
[2023-12-28 21:37:14] [INFO]     |  local epoch  : 2, acc 0.743
[2023-12-28 21:37:14] [INFO]     |  local epoch  : 3, acc 0.729
[2023-12-28 21:37:14] [INFO]     |  local epoch  : 4, acc 0.734
[2023-12-28 21:37:14] [INFO]     | distill epoch : 0, acc 0.824
[2023-12-28 21:37:14] [INFO]     | distill epoch : 1, acc 0.839
[2023-12-28 21:37:14] [INFO]     | distill epoch : 2, acc 0.823
[2023-12-28 21:37:14] [INFO]     | distill epoch : 3, acc 0.818
[2023-12-28 21:37:14] [INFO]     | distill epoch : 4, acc 0.823
[2023-12-28 21:37:14] [INFO] |servers comunicated: 4, server aggregated: 0, acc_server 2: 0.822.
[2023-12-28 21:37:14] [INFO] --------------------------------------------------
[2023-12-28 21:37:14] [INFO]  |epoch_client_commu: 1/2
[2023-12-28 21:37:14] [INFO]   |server: 0
[2023-12-28 21:37:14] [INFO]    -client 0
[2023-12-28 21:37:14] [INFO]     |  local epoch  : 0, acc 0.794
[2023-12-28 21:37:14] [INFO]     |  local epoch  : 1, acc 0.827
[2023-12-28 21:37:14] [INFO]     |  local epoch  : 2, acc 0.810
[2023-12-28 21:37:14] [INFO]     |  local epoch  : 3, acc 0.812
[2023-12-28 21:37:14] [INFO]     |  local epoch  : 4, acc 0.812
[2023-12-28 21:37:14] [INFO]     | distill epoch : 0, acc 0.844
[2023-12-28 21:37:14] [INFO]     | distill epoch : 1, acc 0.811
[2023-12-28 21:37:14] [INFO]     | distill epoch : 2, acc 0.850
[2023-12-28 21:37:14] [INFO]     | distill epoch : 3, acc 0.815
[2023-12-28 21:37:14] [INFO]     | distill epoch : 4, acc 0.852
[2023-12-28 21:37:14] [INFO]    -client 1
[2023-12-28 21:37:15] [INFO]     |  local epoch  : 0, acc 0.817
[2023-12-28 21:37:15] [INFO]     |  local epoch  : 1, acc 0.840
[2023-12-28 21:37:15] [INFO]     |  local epoch  : 2, acc 0.841
[2023-12-28 21:37:15] [INFO]     |  local epoch  : 3, acc 0.815
[2023-12-28 21:37:15] [INFO]     |  local epoch  : 4, acc 0.832
[2023-12-28 21:37:15] [INFO]     | distill epoch : 0, acc 0.843
[2023-12-28 21:37:15] [INFO]     | distill epoch : 1, acc 0.819
[2023-12-28 21:37:15] [INFO]     | distill epoch : 2, acc 0.854
[2023-12-28 21:37:15] [INFO]     | distill epoch : 3, acc 0.820
[2023-12-28 21:37:15] [INFO]     | distill epoch : 4, acc 0.853
[2023-12-28 21:37:15] [INFO]    -client 2
[2023-12-28 21:37:15] [INFO]     |  local epoch  : 0, acc 0.798
[2023-12-28 21:37:15] [INFO]     |  local epoch  : 1, acc 0.831
[2023-12-28 21:37:15] [INFO]     |  local epoch  : 2, acc 0.825
[2023-12-28 21:37:15] [INFO]     |  local epoch  : 3, acc 0.827
[2023-12-28 21:37:15] [INFO]     |  local epoch  : 4, acc 0.827
[2023-12-28 21:37:15] [INFO]     | distill epoch : 0, acc 0.846
[2023-12-28 21:37:15] [INFO]     | distill epoch : 1, acc 0.831
[2023-12-28 21:37:15] [INFO]     | distill epoch : 2, acc 0.845
[2023-12-28 21:37:15] [INFO]     | distill epoch : 3, acc 0.811
[2023-12-28 21:37:15] [INFO]     | distill epoch : 4, acc 0.852
[2023-12-28 21:37:15] [INFO] |servers comunicated: 4, server aggregated: 1, acc_server 0: 0.855.
[2023-12-28 21:37:15] [INFO] --------------------------------------------------
[2023-12-28 21:37:15] [INFO]   |server: 1
[2023-12-28 21:37:15] [INFO]    -client 3
[2023-12-28 21:37:15] [INFO]     |  local epoch  : 0, acc 0.664
[2023-12-28 21:37:16] [INFO]     |  local epoch  : 1, acc 0.815
[2023-12-28 21:37:16] [INFO]     |  local epoch  : 2, acc 0.761
[2023-12-28 21:37:16] [INFO]     |  local epoch  : 3, acc 0.782
[2023-12-28 21:37:16] [INFO]     |  local epoch  : 4, acc 0.805
[2023-12-28 21:37:16] [INFO]     | distill epoch : 0, acc 0.833
[2023-12-28 21:37:16] [INFO]     | distill epoch : 1, acc 0.832
[2023-12-28 21:37:16] [INFO]     | distill epoch : 2, acc 0.819
[2023-12-28 21:37:16] [INFO]     | distill epoch : 3, acc 0.813
[2023-12-28 21:37:16] [INFO]     | distill epoch : 4, acc 0.829
[2023-12-28 21:37:16] [INFO]    -client 4
[2023-12-28 21:37:16] [INFO]     |  local epoch  : 0, acc 0.655
[2023-12-28 21:37:16] [INFO]     |  local epoch  : 1, acc 0.816
[2023-12-28 21:37:16] [INFO]     |  local epoch  : 2, acc 0.799
[2023-12-28 21:37:16] [INFO]     |  local epoch  : 3, acc 0.795
[2023-12-28 21:37:16] [INFO]     |  local epoch  : 4, acc 0.778
[2023-12-28 21:37:16] [INFO]     | distill epoch : 0, acc 0.818
[2023-12-28 21:37:16] [INFO]     | distill epoch : 1, acc 0.828
[2023-12-28 21:37:16] [INFO]     | distill epoch : 2, acc 0.813
[2023-12-28 21:37:16] [INFO]     | distill epoch : 3, acc 0.820
[2023-12-28 21:37:16] [INFO]     | distill epoch : 4, acc 0.795
[2023-12-28 21:37:16] [INFO]    -client 5
[2023-12-28 21:37:16] [INFO]     |  local epoch  : 0, acc 0.684
[2023-12-28 21:37:17] [INFO]     |  local epoch  : 1, acc 0.806
[2023-12-28 21:37:17] [INFO]     |  local epoch  : 2, acc 0.730
[2023-12-28 21:37:17] [INFO]     |  local epoch  : 3, acc 0.807
[2023-12-28 21:37:17] [INFO]     |  local epoch  : 4, acc 0.780
[2023-12-28 21:37:17] [INFO]     | distill epoch : 0, acc 0.826
[2023-12-28 21:37:17] [INFO]     | distill epoch : 1, acc 0.836
[2023-12-28 21:37:17] [INFO]     | distill epoch : 2, acc 0.832
[2023-12-28 21:37:17] [INFO]     | distill epoch : 3, acc 0.808
[2023-12-28 21:37:17] [INFO]     | distill epoch : 4, acc 0.819
[2023-12-28 21:37:17] [INFO] |servers comunicated: 4, server aggregated: 1, acc_server 1: 0.825.
[2023-12-28 21:37:17] [INFO] --------------------------------------------------
[2023-12-28 21:37:17] [INFO]   |server: 2
[2023-12-28 21:37:17] [INFO]    -client 6
[2023-12-28 21:37:17] [INFO]     |  local epoch  : 0, acc 0.576
[2023-12-28 21:37:17] [INFO]     |  local epoch  : 1, acc 0.783
[2023-12-28 21:37:17] [INFO]     |  local epoch  : 2, acc 0.794
[2023-12-28 21:37:17] [INFO]     |  local epoch  : 3, acc 0.788
[2023-12-28 21:37:17] [INFO]     |  local epoch  : 4, acc 0.799
[2023-12-28 21:37:17] [INFO]     | distill epoch : 0, acc 0.848
[2023-12-28 21:37:17] [INFO]     | distill epoch : 1, acc 0.847
[2023-12-28 21:37:17] [INFO]     | distill epoch : 2, acc 0.835
[2023-12-28 21:37:17] [INFO]     | distill epoch : 3, acc 0.833
[2023-12-28 21:37:17] [INFO]     | distill epoch : 4, acc 0.826
[2023-12-28 21:37:17] [INFO]    -client 7
[2023-12-28 21:37:17] [INFO]     |  local epoch  : 0, acc 0.537
[2023-12-28 21:37:18] [INFO]     |  local epoch  : 1, acc 0.780
[2023-12-28 21:37:18] [INFO]     |  local epoch  : 2, acc 0.755
[2023-12-28 21:37:18] [INFO]     |  local epoch  : 3, acc 0.758
[2023-12-28 21:37:18] [INFO]     |  local epoch  : 4, acc 0.725
[2023-12-28 21:37:18] [INFO]     | distill epoch : 0, acc 0.815
[2023-12-28 21:37:18] [INFO]     | distill epoch : 1, acc 0.842
[2023-12-28 21:37:18] [INFO]     | distill epoch : 2, acc 0.828
[2023-12-28 21:37:18] [INFO]     | distill epoch : 3, acc 0.827
[2023-12-28 21:37:18] [INFO]     | distill epoch : 4, acc 0.824
[2023-12-28 21:37:18] [INFO]    -client 8
[2023-12-28 21:37:18] [INFO]     |  local epoch  : 0, acc 0.518
[2023-12-28 21:37:18] [INFO]     |  local epoch  : 1, acc 0.761
[2023-12-28 21:37:18] [INFO]     |  local epoch  : 2, acc 0.769
[2023-12-28 21:37:18] [INFO]     |  local epoch  : 3, acc 0.753
[2023-12-28 21:37:18] [INFO]     |  local epoch  : 4, acc 0.721
[2023-12-28 21:37:18] [INFO]     | distill epoch : 0, acc 0.826
[2023-12-28 21:37:18] [INFO]     | distill epoch : 1, acc 0.841
[2023-12-28 21:37:18] [INFO]     | distill epoch : 2, acc 0.829
[2023-12-28 21:37:18] [INFO]     | distill epoch : 3, acc 0.823
[2023-12-28 21:37:18] [INFO]     | distill epoch : 4, acc 0.827
[2023-12-28 21:37:18] [INFO] |servers comunicated: 4, server aggregated: 1, acc_server 2: 0.827.
[2023-12-28 21:37:18] [INFO] --------------------------------------------------
[2023-12-28 21:37:18] [INFO]      ********  servers comunicates  ********      
[2023-12-28 21:37:18] [INFO] --------------------------------------------------
[2023-12-28 21:37:18] [INFO] |epoch_server_commu: 5/6
[2023-12-28 21:37:18] [INFO]  |epoch_client_commu: 0/2
[2023-12-28 21:37:18] [INFO]   |server: 0
[2023-12-28 21:37:18] [INFO]    -client 0
[2023-12-28 21:37:18] [INFO]     |  local epoch  : 0, acc 0.807
[2023-12-28 21:37:19] [INFO]     |  local epoch  : 1, acc 0.841
[2023-12-28 21:37:19] [INFO]     |  local epoch  : 2, acc 0.848
[2023-12-28 21:37:19] [INFO]     |  local epoch  : 3, acc 0.834
[2023-12-28 21:37:19] [INFO]     |  local epoch  : 4, acc 0.831
[2023-12-28 21:37:19] [INFO]     | distill epoch : 0, acc 0.857
[2023-12-28 21:37:19] [INFO]     | distill epoch : 1, acc 0.827
[2023-12-28 21:37:19] [INFO]     | distill epoch : 2, acc 0.859
[2023-12-28 21:37:19] [INFO]     | distill epoch : 3, acc 0.828
[2023-12-28 21:37:19] [INFO]     | distill epoch : 4, acc 0.860
[2023-12-28 21:37:19] [INFO]    -client 1
[2023-12-28 21:37:19] [INFO]     |  local epoch  : 0, acc 0.824
[2023-12-28 21:37:19] [INFO]     |  local epoch  : 1, acc 0.855
[2023-12-28 21:37:19] [INFO]     |  local epoch  : 2, acc 0.835
[2023-12-28 21:37:19] [INFO]     |  local epoch  : 3, acc 0.841
[2023-12-28 21:37:19] [INFO]     |  local epoch  : 4, acc 0.817
[2023-12-28 21:37:19] [INFO]     | distill epoch : 0, acc 0.853
[2023-12-28 21:37:19] [INFO]     | distill epoch : 1, acc 0.834
[2023-12-28 21:37:19] [INFO]     | distill epoch : 2, acc 0.856
[2023-12-28 21:37:19] [INFO]     | distill epoch : 3, acc 0.826
[2023-12-28 21:37:19] [INFO]     | distill epoch : 4, acc 0.858
[2023-12-28 21:37:19] [INFO]    -client 2
[2023-12-28 21:37:19] [INFO]     |  local epoch  : 0, acc 0.790
[2023-12-28 21:37:19] [INFO]     |  local epoch  : 1, acc 0.843
[2023-12-28 21:37:20] [INFO]     |  local epoch  : 2, acc 0.839
[2023-12-28 21:37:20] [INFO]     |  local epoch  : 3, acc 0.829
[2023-12-28 21:37:20] [INFO]     |  local epoch  : 4, acc 0.828
[2023-12-28 21:37:20] [INFO]     | distill epoch : 0, acc 0.847
[2023-12-28 21:37:20] [INFO]     | distill epoch : 1, acc 0.836
[2023-12-28 21:37:20] [INFO]     | distill epoch : 2, acc 0.848
[2023-12-28 21:37:20] [INFO]     | distill epoch : 3, acc 0.814
[2023-12-28 21:37:20] [INFO]     | distill epoch : 4, acc 0.856
[2023-12-28 21:37:20] [INFO] |servers comunicated: 5, server aggregated: 0, acc_server 0: 0.862.
[2023-12-28 21:37:20] [INFO] --------------------------------------------------
[2023-12-28 21:37:20] [INFO]   |server: 1
[2023-12-28 21:37:20] [INFO]    -client 3
[2023-12-28 21:37:20] [INFO]     |  local epoch  : 0, acc 0.678
[2023-12-28 21:37:20] [INFO]     |  local epoch  : 1, acc 0.824
[2023-12-28 21:37:20] [INFO]     |  local epoch  : 2, acc 0.826
[2023-12-28 21:37:20] [INFO]     |  local epoch  : 3, acc 0.837
[2023-12-28 21:37:20] [INFO]     |  local epoch  : 4, acc 0.804
[2023-12-28 21:37:20] [INFO]     | distill epoch : 0, acc 0.836
[2023-12-28 21:37:20] [INFO]     | distill epoch : 1, acc 0.837
[2023-12-28 21:37:20] [INFO]     | distill epoch : 2, acc 0.826
[2023-12-28 21:37:20] [INFO]     | distill epoch : 3, acc 0.839
[2023-12-28 21:37:20] [INFO]     | distill epoch : 4, acc 0.819
[2023-12-28 21:37:20] [INFO]    -client 4
[2023-12-28 21:37:20] [INFO]     |  local epoch  : 0, acc 0.690
[2023-12-28 21:37:20] [INFO]     |  local epoch  : 1, acc 0.840
[2023-12-28 21:37:21] [INFO]     |  local epoch  : 2, acc 0.811
[2023-12-28 21:37:21] [INFO]     |  local epoch  : 3, acc 0.822
[2023-12-28 21:37:21] [INFO]     |  local epoch  : 4, acc 0.811
[2023-12-28 21:37:21] [INFO]     | distill epoch : 0, acc 0.848
[2023-12-28 21:37:21] [INFO]     | distill epoch : 1, acc 0.831
[2023-12-28 21:37:21] [INFO]     | distill epoch : 2, acc 0.844
[2023-12-28 21:37:21] [INFO]     | distill epoch : 3, acc 0.809
[2023-12-28 21:37:21] [INFO]     | distill epoch : 4, acc 0.845
[2023-12-28 21:37:21] [INFO]    -client 5
[2023-12-28 21:37:21] [INFO]     |  local epoch  : 0, acc 0.715
[2023-12-28 21:37:21] [INFO]     |  local epoch  : 1, acc 0.833
[2023-12-28 21:37:21] [INFO]     |  local epoch  : 2, acc 0.789
[2023-12-28 21:37:21] [INFO]     |  local epoch  : 3, acc 0.828
[2023-12-28 21:37:21] [INFO]     |  local epoch  : 4, acc 0.831
[2023-12-28 21:37:21] [INFO]     | distill epoch : 0, acc 0.852
[2023-12-28 21:37:21] [INFO]     | distill epoch : 1, acc 0.843
[2023-12-28 21:37:21] [INFO]     | distill epoch : 2, acc 0.841
[2023-12-28 21:37:21] [INFO]     | distill epoch : 3, acc 0.817
[2023-12-28 21:37:21] [INFO]     | distill epoch : 4, acc 0.832
[2023-12-28 21:37:21] [INFO] |servers comunicated: 5, server aggregated: 0, acc_server 1: 0.840.
[2023-12-28 21:37:21] [INFO] --------------------------------------------------
[2023-12-28 21:37:21] [INFO]   |server: 2
[2023-12-28 21:37:21] [INFO]    -client 6
[2023-12-28 21:37:21] [INFO]     |  local epoch  : 0, acc 0.586
[2023-12-28 21:37:21] [INFO]     |  local epoch  : 1, acc 0.813
[2023-12-28 21:37:22] [INFO]     |  local epoch  : 2, acc 0.786
[2023-12-28 21:37:22] [INFO]     |  local epoch  : 3, acc 0.725
[2023-12-28 21:37:22] [INFO]     |  local epoch  : 4, acc 0.756
[2023-12-28 21:37:22] [INFO]     | distill epoch : 0, acc 0.841
[2023-12-28 21:37:22] [INFO]     | distill epoch : 1, acc 0.853
[2023-12-28 21:37:22] [INFO]     | distill epoch : 2, acc 0.839
[2023-12-28 21:37:22] [INFO]     | distill epoch : 3, acc 0.839
[2023-12-28 21:37:22] [INFO]     | distill epoch : 4, acc 0.823
[2023-12-28 21:37:22] [INFO]    -client 7
[2023-12-28 21:37:22] [INFO]     |  local epoch  : 0, acc 0.568
[2023-12-28 21:37:22] [INFO]     |  local epoch  : 1, acc 0.790
[2023-12-28 21:37:22] [INFO]     |  local epoch  : 2, acc 0.807
[2023-12-28 21:37:22] [INFO]     |  local epoch  : 3, acc 0.798
[2023-12-28 21:37:22] [INFO]     |  local epoch  : 4, acc 0.784
[2023-12-28 21:37:22] [INFO]     | distill epoch : 0, acc 0.845
[2023-12-28 21:37:22] [INFO]     | distill epoch : 1, acc 0.848
[2023-12-28 21:37:22] [INFO]     | distill epoch : 2, acc 0.834
[2023-12-28 21:37:22] [INFO]     | distill epoch : 3, acc 0.844
[2023-12-28 21:37:22] [INFO]     | distill epoch : 4, acc 0.825
[2023-12-28 21:37:22] [INFO]    -client 8
[2023-12-28 21:37:22] [INFO]     |  local epoch  : 0, acc 0.556
[2023-12-28 21:37:23] [INFO]     |  local epoch  : 1, acc 0.789
[2023-12-28 21:37:23] [INFO]     |  local epoch  : 2, acc 0.785
[2023-12-28 21:37:23] [INFO]     |  local epoch  : 3, acc 0.740
[2023-12-28 21:37:23] [INFO]     |  local epoch  : 4, acc 0.685
[2023-12-28 21:37:23] [INFO]     | distill epoch : 0, acc 0.815
[2023-12-28 21:37:23] [INFO]     | distill epoch : 1, acc 0.856
[2023-12-28 21:37:23] [INFO]     | distill epoch : 2, acc 0.846
[2023-12-28 21:37:23] [INFO]     | distill epoch : 3, acc 0.830
[2023-12-28 21:37:23] [INFO]     | distill epoch : 4, acc 0.846
[2023-12-28 21:37:23] [INFO] |servers comunicated: 5, server aggregated: 0, acc_server 2: 0.838.
[2023-12-28 21:37:23] [INFO] --------------------------------------------------
[2023-12-28 21:37:23] [INFO]  |epoch_client_commu: 1/2
[2023-12-28 21:37:23] [INFO]   |server: 0
[2023-12-28 21:37:23] [INFO]    -client 0
[2023-12-28 21:37:23] [INFO]     |  local epoch  : 0, acc 0.822
[2023-12-28 21:37:23] [INFO]     |  local epoch  : 1, acc 0.862
[2023-12-28 21:37:23] [INFO]     |  local epoch  : 2, acc 0.850
[2023-12-28 21:37:23] [INFO]     |  local epoch  : 3, acc 0.850
[2023-12-28 21:37:23] [INFO]     |  local epoch  : 4, acc 0.828
[2023-12-28 21:37:23] [INFO]     | distill epoch : 0, acc 0.859
[2023-12-28 21:37:23] [INFO]     | distill epoch : 1, acc 0.835
[2023-12-28 21:37:23] [INFO]     | distill epoch : 2, acc 0.867
[2023-12-28 21:37:23] [INFO]     | distill epoch : 3, acc 0.836
[2023-12-28 21:37:23] [INFO]     | distill epoch : 4, acc 0.867
[2023-12-28 21:37:23] [INFO]    -client 1
[2023-12-28 21:37:23] [INFO]     |  local epoch  : 0, acc 0.821
[2023-12-28 21:37:24] [INFO]     |  local epoch  : 1, acc 0.839
[2023-12-28 21:37:24] [INFO]     |  local epoch  : 2, acc 0.846
[2023-12-28 21:37:24] [INFO]     |  local epoch  : 3, acc 0.843
[2023-12-28 21:37:24] [INFO]     |  local epoch  : 4, acc 0.857
[2023-12-28 21:37:24] [INFO]     | distill epoch : 0, acc 0.837
[2023-12-28 21:37:24] [INFO]     | distill epoch : 1, acc 0.865
[2023-12-28 21:37:24] [INFO]     | distill epoch : 2, acc 0.831
[2023-12-28 21:37:24] [INFO]     | distill epoch : 3, acc 0.866
[2023-12-28 21:37:24] [INFO]     | distill epoch : 4, acc 0.830
[2023-12-28 21:37:24] [INFO]    -client 2
[2023-12-28 21:37:24] [INFO]     |  local epoch  : 0, acc 0.824
[2023-12-28 21:37:24] [INFO]     |  local epoch  : 1, acc 0.852
[2023-12-28 21:37:24] [INFO]     |  local epoch  : 2, acc 0.854
[2023-12-28 21:37:24] [INFO]     |  local epoch  : 3, acc 0.855
[2023-12-28 21:37:24] [INFO]     |  local epoch  : 4, acc 0.855
[2023-12-28 21:37:24] [INFO]     | distill epoch : 0, acc 0.850
[2023-12-28 21:37:24] [INFO]     | distill epoch : 1, acc 0.843
[2023-12-28 21:37:24] [INFO]     | distill epoch : 2, acc 0.844
[2023-12-28 21:37:24] [INFO]     | distill epoch : 3, acc 0.859
[2023-12-28 21:37:24] [INFO]     | distill epoch : 4, acc 0.827
[2023-12-28 21:37:24] [INFO] |servers comunicated: 5, server aggregated: 1, acc_server 0: 0.854.
[2023-12-28 21:37:24] [INFO] --------------------------------------------------
[2023-12-28 21:37:24] [INFO]   |server: 1
[2023-12-28 21:37:24] [INFO]    -client 3
[2023-12-28 21:37:24] [INFO]     |  local epoch  : 0, acc 0.719
[2023-12-28 21:37:25] [INFO]     |  local epoch  : 1, acc 0.833
[2023-12-28 21:37:25] [INFO]     |  local epoch  : 2, acc 0.825
[2023-12-28 21:37:25] [INFO]     |  local epoch  : 3, acc 0.837
[2023-12-28 21:37:25] [INFO]     |  local epoch  : 4, acc 0.767
[2023-12-28 21:37:25] [INFO]     | distill epoch : 0, acc 0.837
[2023-12-28 21:37:25] [INFO]     | distill epoch : 1, acc 0.852
[2023-12-28 21:37:25] [INFO]     | distill epoch : 2, acc 0.841
[2023-12-28 21:37:25] [INFO]     | distill epoch : 3, acc 0.852
[2023-12-28 21:37:25] [INFO]     | distill epoch : 4, acc 0.821
[2023-12-28 21:37:25] [INFO]    -client 4
[2023-12-28 21:37:25] [INFO]     |  local epoch  : 0, acc 0.732
[2023-12-28 21:37:25] [INFO]     |  local epoch  : 1, acc 0.826
[2023-12-28 21:37:25] [INFO]     |  local epoch  : 2, acc 0.773
[2023-12-28 21:37:25] [INFO]     |  local epoch  : 3, acc 0.800
[2023-12-28 21:37:25] [INFO]     |  local epoch  : 4, acc 0.781
[2023-12-28 21:37:25] [INFO]     | distill epoch : 0, acc 0.836
[2023-12-28 21:37:25] [INFO]     | distill epoch : 1, acc 0.844
[2023-12-28 21:37:25] [INFO]     | distill epoch : 2, acc 0.839
[2023-12-28 21:37:25] [INFO]     | distill epoch : 3, acc 0.817
[2023-12-28 21:37:25] [INFO]     | distill epoch : 4, acc 0.847
[2023-12-28 21:37:25] [INFO]    -client 5
[2023-12-28 21:37:25] [INFO]     |  local epoch  : 0, acc 0.745
[2023-12-28 21:37:25] [INFO]     |  local epoch  : 1, acc 0.840
[2023-12-28 21:37:26] [INFO]     |  local epoch  : 2, acc 0.836
[2023-12-28 21:37:26] [INFO]     |  local epoch  : 3, acc 0.842
[2023-12-28 21:37:26] [INFO]     |  local epoch  : 4, acc 0.845
[2023-12-28 21:37:26] [INFO]     | distill epoch : 0, acc 0.860
[2023-12-28 21:37:26] [INFO]     | distill epoch : 1, acc 0.851
[2023-12-28 21:37:26] [INFO]     | distill epoch : 2, acc 0.856
[2023-12-28 21:37:26] [INFO]     | distill epoch : 3, acc 0.830
[2023-12-28 21:37:26] [INFO]     | distill epoch : 4, acc 0.851
[2023-12-28 21:37:26] [INFO] |servers comunicated: 5, server aggregated: 1, acc_server 1: 0.849.
[2023-12-28 21:37:26] [INFO] --------------------------------------------------
[2023-12-28 21:37:26] [INFO]   |server: 2
[2023-12-28 21:37:26] [INFO]    -client 6
[2023-12-28 21:37:26] [INFO]     |  local epoch  : 0, acc 0.626
[2023-12-28 21:37:26] [INFO]     |  local epoch  : 1, acc 0.809
[2023-12-28 21:37:26] [INFO]     |  local epoch  : 2, acc 0.790
[2023-12-28 21:37:26] [INFO]     |  local epoch  : 3, acc 0.751
[2023-12-28 21:37:26] [INFO]     |  local epoch  : 4, acc 0.765
[2023-12-28 21:37:26] [INFO]     | distill epoch : 0, acc 0.846
[2023-12-28 21:37:26] [INFO]     | distill epoch : 1, acc 0.863
[2023-12-28 21:37:26] [INFO]     | distill epoch : 2, acc 0.842
[2023-12-28 21:37:26] [INFO]     | distill epoch : 3, acc 0.846
[2023-12-28 21:37:26] [INFO]     | distill epoch : 4, acc 0.829
[2023-12-28 21:37:26] [INFO]    -client 7
[2023-12-28 21:37:26] [INFO]     |  local epoch  : 0, acc 0.583
[2023-12-28 21:37:26] [INFO]     |  local epoch  : 1, acc 0.821
[2023-12-28 21:37:27] [INFO]     |  local epoch  : 2, acc 0.798
[2023-12-28 21:37:27] [INFO]     |  local epoch  : 3, acc 0.805
[2023-12-28 21:37:27] [INFO]     |  local epoch  : 4, acc 0.812
[2023-12-28 21:37:27] [INFO]     | distill epoch : 0, acc 0.856
[2023-12-28 21:37:27] [INFO]     | distill epoch : 1, acc 0.849
[2023-12-28 21:37:27] [INFO]     | distill epoch : 2, acc 0.839
[2023-12-28 21:37:27] [INFO]     | distill epoch : 3, acc 0.848
[2023-12-28 21:37:27] [INFO]     | distill epoch : 4, acc 0.828
[2023-12-28 21:37:27] [INFO]    -client 8
[2023-12-28 21:37:27] [INFO]     |  local epoch  : 0, acc 0.556
[2023-12-28 21:37:27] [INFO]     |  local epoch  : 1, acc 0.811
[2023-12-28 21:37:27] [INFO]     |  local epoch  : 2, acc 0.797
[2023-12-28 21:37:27] [INFO]     |  local epoch  : 3, acc 0.822
[2023-12-28 21:37:27] [INFO]     |  local epoch  : 4, acc 0.797
[2023-12-28 21:37:27] [INFO]     | distill epoch : 0, acc 0.855
[2023-12-28 21:37:27] [INFO]     | distill epoch : 1, acc 0.850
[2023-12-28 21:37:27] [INFO]     | distill epoch : 2, acc 0.823
[2023-12-28 21:37:27] [INFO]     | distill epoch : 3, acc 0.851
[2023-12-28 21:37:27] [INFO]     | distill epoch : 4, acc 0.822
[2023-12-28 21:37:27] [INFO] |servers comunicated: 5, server aggregated: 1, acc_server 2: 0.831.
[2023-12-28 21:37:27] [INFO] --------------------------------------------------
[2023-12-28 21:37:27] [INFO]      ********  servers comunicates  ********      
[2023-12-28 21:37:27] [INFO] ./data/saved-data/mnist_algo_0/alpha_0.5_T_8/server_commu_6_client_commu_2_client_train_5_batch_size_200_num_all_client_9_num_all_server_3_num_client_data_1200_num_public_data_50_proportion_0.8.pt
