[2023-12-30 11:53:31] [INFO] device cuda is used.
[2023-12-30 11:53:31] [INFO] cudnn is actived.
[2023-12-30 11:53:31] [INFO] 
           alpha       :  0.5  
             T         :   8   
         algorithm     :   1   
     num_server_commu  :   2   
     num_client_commu  :   2   
     num_client_train  :   2   
     num_public_train  :   2   
        batch_size     :  200  
          dataset      : mnist 
       model_select    :   1   
      num_all_client   :   9   
      num_all_server   :   3   
      num_client_data  : 1200  
      num_public_data  :  50   
        proportion     :  0.8  

[2023-12-30 11:53:39] [INFO] --------------------------------------------------
[2023-12-30 11:53:39] [INFO] |epoch_server_commu: 0/2
[2023-12-30 11:53:39] [INFO]  |epoch_client_commu: 0/2
[2023-12-30 11:53:39] [INFO]   |server: 0
[2023-12-30 11:53:39] [INFO]    -client 0
[2023-12-30 11:53:39] [INFO]     |  local epoch  : 0, acc 0.098
[2023-12-30 11:53:39] [INFO]     |  local epoch  : 1, acc 0.098
[2023-12-30 11:53:39] [INFO]    -client 1
[2023-12-30 11:53:39] [INFO]     |  local epoch  : 0, acc 0.098
[2023-12-30 11:53:40] [INFO]     |  local epoch  : 1, acc 0.098
[2023-12-30 11:53:40] [INFO]    -client 2
[2023-12-30 11:53:40] [INFO]     |  local epoch  : 0, acc 0.098
[2023-12-30 11:53:40] [INFO]     |  local epoch  : 1, acc 0.098
[2023-12-30 11:53:40] [INFO] |servers comunicated: 0, server aggregated: 0, acc_server 0: 0.098.
[2023-12-30 11:53:40] [INFO] --------------------------------------------------
[2023-12-30 11:53:40] [INFO]   |server: 1
[2023-12-30 11:53:40] [INFO]    -client 3
[2023-12-30 11:53:40] [INFO]     |  local epoch  : 0, acc 0.098
[2023-12-30 11:53:40] [INFO]     |  local epoch  : 1, acc 0.098
[2023-12-30 11:53:40] [INFO]    -client 4
[2023-12-30 11:53:40] [INFO]     |  local epoch  : 0, acc 0.098
[2023-12-30 11:53:40] [INFO]     |  local epoch  : 1, acc 0.098
[2023-12-30 11:53:40] [INFO]    -client 5
[2023-12-30 11:53:40] [INFO]     |  local epoch  : 0, acc 0.098
[2023-12-30 11:53:40] [INFO]     |  local epoch  : 1, acc 0.098
[2023-12-30 11:53:40] [INFO] |servers comunicated: 0, server aggregated: 0, acc_server 1: 0.098.
[2023-12-30 11:53:40] [INFO] --------------------------------------------------
[2023-12-30 11:53:40] [INFO]   |server: 2
[2023-12-30 11:53:40] [INFO]    -client 6
[2023-12-30 11:53:40] [INFO]     |  local epoch  : 0, acc 0.096
[2023-12-30 11:53:40] [INFO]     |  local epoch  : 1, acc 0.096
[2023-12-30 11:53:40] [INFO]    -client 7
[2023-12-30 11:53:40] [INFO]     |  local epoch  : 0, acc 0.096
[2023-12-30 11:53:41] [INFO]     |  local epoch  : 1, acc 0.096
[2023-12-30 11:53:41] [INFO]    -client 8
[2023-12-30 11:53:41] [INFO]     |  local epoch  : 0, acc 0.096
[2023-12-30 11:53:41] [INFO]     |  local epoch  : 1, acc 0.096
[2023-12-30 11:53:41] [INFO] |servers comunicated: 0, server aggregated: 0, acc_server 2: 0.096.
[2023-12-30 11:53:41] [INFO] --------------------------------------------------
[2023-12-30 11:53:41] [INFO]  |epoch_client_commu: 1/2
[2023-12-30 11:53:41] [INFO]   |server: 0
[2023-12-30 11:53:41] [INFO]    -client 0
[2023-12-30 11:53:41] [INFO]     |  local epoch  : 0, acc 0.098
[2023-12-30 11:53:41] [INFO]     |  local epoch  : 1, acc 0.098
[2023-12-30 11:53:41] [INFO]    -client 1
[2023-12-30 11:53:41] [INFO]     |  local epoch  : 0, acc 0.098
[2023-12-30 11:53:41] [INFO]     |  local epoch  : 1, acc 0.098
[2023-12-30 11:53:41] [INFO]    -client 2
[2023-12-30 11:53:41] [INFO]     |  local epoch  : 0, acc 0.098
[2023-12-30 11:53:41] [INFO]     |  local epoch  : 1, acc 0.098
[2023-12-30 11:53:41] [INFO] |servers comunicated: 0, server aggregated: 1, acc_server 0: 0.098.
[2023-12-30 11:53:41] [INFO] --------------------------------------------------
[2023-12-30 11:53:41] [INFO]   |server: 1
[2023-12-30 11:53:41] [INFO]    -client 3
[2023-12-30 11:53:41] [INFO]     |  local epoch  : 0, acc 0.098
[2023-12-30 11:53:41] [INFO]     |  local epoch  : 1, acc 0.098
[2023-12-30 11:53:41] [INFO]    -client 4
[2023-12-30 11:53:41] [INFO]     |  local epoch  : 0, acc 0.098
[2023-12-30 11:53:41] [INFO]     |  local epoch  : 1, acc 0.098
[2023-12-30 11:53:41] [INFO]    -client 5
[2023-12-30 11:53:42] [INFO]     |  local epoch  : 0, acc 0.098
[2023-12-30 11:53:42] [INFO]     |  local epoch  : 1, acc 0.098
[2023-12-30 11:53:42] [INFO] |servers comunicated: 0, server aggregated: 1, acc_server 1: 0.098.
[2023-12-30 11:53:42] [INFO] --------------------------------------------------
[2023-12-30 11:53:42] [INFO]   |server: 2
[2023-12-30 11:53:42] [INFO]    -client 6
[2023-12-30 11:53:42] [INFO]     |  local epoch  : 0, acc 0.096
[2023-12-30 11:53:42] [INFO]     |  local epoch  : 1, acc 0.096
[2023-12-30 11:53:42] [INFO]    -client 7
[2023-12-30 11:53:42] [INFO]     |  local epoch  : 0, acc 0.096
[2023-12-30 11:53:42] [INFO]     |  local epoch  : 1, acc 0.096
[2023-12-30 11:53:42] [INFO]    -client 8
[2023-12-30 11:53:42] [INFO]     |  local epoch  : 0, acc 0.096
[2023-12-30 11:53:42] [INFO]     |  local epoch  : 1, acc 0.096
[2023-12-30 11:53:42] [INFO] |servers comunicated: 0, server aggregated: 1, acc_server 2: 0.096.
[2023-12-30 11:53:42] [INFO] --------------------------------------------------
[2023-12-30 11:53:42] [INFO]      ********  servers comunicates  ********      
[2023-12-30 11:53:42] [INFO] --------------------------------------------------
[2023-12-30 11:53:42] [INFO] |epoch_server_commu: 1/2
[2023-12-30 11:53:42] [INFO]  |epoch_client_commu: 0/2
[2023-12-30 11:53:42] [INFO]   |server: 0
[2023-12-30 11:53:42] [INFO]    -client 0
[2023-12-30 11:53:42] [INFO]     |  local epoch  : 0, acc 0.098
[2023-12-30 11:53:42] [INFO]     |  local epoch  : 1, acc 0.098
[2023-12-30 11:53:43] [INFO]     | distill epoch : 0, acc 0.098
[2023-12-30 11:53:43] [INFO]     | distill epoch : 1, acc 0.098
[2023-12-30 11:53:43] [INFO]    -client 1
[2023-12-30 11:53:43] [INFO]     |  local epoch  : 0, acc 0.098
[2023-12-30 11:53:43] [INFO]     |  local epoch  : 1, acc 0.098
[2023-12-30 11:53:43] [INFO]     | distill epoch : 0, acc 0.098
[2023-12-30 11:53:43] [INFO]     | distill epoch : 1, acc 0.098
[2023-12-30 11:53:43] [INFO]    -client 2
[2023-12-30 11:53:43] [INFO]     |  local epoch  : 0, acc 0.098
[2023-12-30 11:53:43] [INFO]     |  local epoch  : 1, acc 0.098
[2023-12-30 11:53:43] [INFO]     | distill epoch : 0, acc 0.098
[2023-12-30 11:53:43] [INFO]     | distill epoch : 1, acc 0.098
[2023-12-30 11:53:43] [INFO] |servers comunicated: 1, server aggregated: 0, acc_server 0: 0.098.
[2023-12-30 11:53:43] [INFO] --------------------------------------------------
[2023-12-30 11:53:43] [INFO]   |server: 1
[2023-12-30 11:53:43] [INFO]    -client 3
[2023-12-30 11:53:43] [INFO]     |  local epoch  : 0, acc 0.098
[2023-12-30 11:53:43] [INFO]     |  local epoch  : 1, acc 0.098
[2023-12-30 11:53:44] [INFO]     | distill epoch : 0, acc 0.098
[2023-12-30 11:53:44] [INFO]     | distill epoch : 0, acc 0.098
[2023-12-30 11:53:44] [INFO]     | distill epoch : 1, acc 0.098
[2023-12-30 11:53:44] [INFO]     | distill epoch : 1, acc 0.098
[2023-12-30 11:53:44] [INFO]    -client 4
[2023-12-30 11:53:44] [INFO]     |  local epoch  : 0, acc 0.098
[2023-12-30 11:53:44] [INFO]     |  local epoch  : 1, acc 0.098
[2023-12-30 11:53:44] [INFO]     | distill epoch : 0, acc 0.098
[2023-12-30 11:53:44] [INFO]     | distill epoch : 0, acc 0.098
[2023-12-30 11:53:44] [INFO]     | distill epoch : 1, acc 0.098
[2023-12-30 11:53:44] [INFO]     | distill epoch : 1, acc 0.098
[2023-12-30 11:53:44] [INFO]    -client 5
[2023-12-30 11:53:44] [INFO]     |  local epoch  : 0, acc 0.098
[2023-12-30 11:53:44] [INFO]     |  local epoch  : 1, acc 0.098
[2023-12-30 11:53:44] [INFO]     | distill epoch : 0, acc 0.098
[2023-12-30 11:53:44] [INFO]     | distill epoch : 0, acc 0.098
[2023-12-30 11:53:44] [INFO]     | distill epoch : 1, acc 0.098
[2023-12-30 11:53:44] [INFO]     | distill epoch : 1, acc 0.098
[2023-12-30 11:53:44] [INFO] |servers comunicated: 1, server aggregated: 0, acc_server 1: 0.098.
[2023-12-30 11:53:44] [INFO] --------------------------------------------------
[2023-12-30 11:53:44] [INFO]   |server: 2
[2023-12-30 11:53:45] [INFO]    -client 6
[2023-12-30 11:53:45] [INFO]     |  local epoch  : 0, acc 0.096
[2023-12-30 11:53:45] [INFO]     |  local epoch  : 1, acc 0.096
[2023-12-30 11:53:45] [INFO]     | distill epoch : 0, acc 0.096
[2023-12-30 11:53:45] [INFO]     | distill epoch : 0, acc 0.096
[2023-12-30 11:53:45] [INFO]     | distill epoch : 0, acc 0.096
[2023-12-30 11:53:45] [INFO]     | distill epoch : 1, acc 0.096
[2023-12-30 11:53:45] [INFO]     | distill epoch : 1, acc 0.096
[2023-12-30 11:53:45] [INFO]     | distill epoch : 1, acc 0.096
[2023-12-30 11:53:45] [INFO]    -client 7
[2023-12-30 11:53:45] [INFO]     |  local epoch  : 0, acc 0.096
[2023-12-30 11:53:45] [INFO]     |  local epoch  : 1, acc 0.096
[2023-12-30 11:53:45] [INFO]     | distill epoch : 0, acc 0.096
[2023-12-30 11:53:45] [INFO]     | distill epoch : 0, acc 0.096
[2023-12-30 11:53:45] [INFO]     | distill epoch : 0, acc 0.096
[2023-12-30 11:53:45] [INFO]     | distill epoch : 1, acc 0.096
[2023-12-30 11:53:45] [INFO]     | distill epoch : 1, acc 0.096
[2023-12-30 11:53:45] [INFO]     | distill epoch : 1, acc 0.096
[2023-12-30 11:53:45] [INFO]    -client 8
[2023-12-30 11:53:46] [INFO]     |  local epoch  : 0, acc 0.096
[2023-12-30 11:53:46] [INFO]     |  local epoch  : 1, acc 0.096
[2023-12-30 11:53:46] [INFO]     | distill epoch : 0, acc 0.096
[2023-12-30 11:53:46] [INFO]     | distill epoch : 0, acc 0.096
[2023-12-30 11:53:46] [INFO]     | distill epoch : 0, acc 0.096
[2023-12-30 11:53:46] [INFO]     | distill epoch : 1, acc 0.096
[2023-12-30 11:53:46] [INFO]     | distill epoch : 1, acc 0.096
[2023-12-30 11:53:46] [INFO]     | distill epoch : 1, acc 0.096
[2023-12-30 11:53:46] [INFO] |servers comunicated: 1, server aggregated: 0, acc_server 2: 0.096.
[2023-12-30 11:53:46] [INFO] --------------------------------------------------
[2023-12-30 11:53:46] [INFO]  |epoch_client_commu: 1/2
[2023-12-30 11:53:46] [INFO]   |server: 0
[2023-12-30 11:53:46] [INFO]    -client 0
[2023-12-30 11:53:46] [INFO]     |  local epoch  : 0, acc 0.098
[2023-12-30 11:53:46] [INFO]     |  local epoch  : 1, acc 0.098
[2023-12-30 11:53:46] [INFO]     | distill epoch : 0, acc 0.098
[2023-12-30 11:53:46] [INFO]     | distill epoch : 1, acc 0.098
[2023-12-30 11:53:46] [INFO]    -client 1
[2023-12-30 11:53:46] [INFO]     |  local epoch  : 0, acc 0.098
[2023-12-30 11:53:46] [INFO]     |  local epoch  : 1, acc 0.098
[2023-12-30 11:53:46] [INFO]     | distill epoch : 0, acc 0.098
[2023-12-30 11:53:46] [INFO]     | distill epoch : 1, acc 0.098
[2023-12-30 11:53:46] [INFO]    -client 2
[2023-12-30 11:53:47] [INFO]     |  local epoch  : 0, acc 0.098
[2023-12-30 11:53:47] [INFO]     |  local epoch  : 1, acc 0.098
[2023-12-30 11:53:47] [INFO]     | distill epoch : 0, acc 0.098
[2023-12-30 11:53:47] [INFO]     | distill epoch : 1, acc 0.098
[2023-12-30 11:53:47] [INFO] |servers comunicated: 1, server aggregated: 1, acc_server 0: 0.098.
[2023-12-30 11:53:47] [INFO] --------------------------------------------------
[2023-12-30 11:53:47] [INFO]   |server: 1
[2023-12-30 11:53:47] [INFO]    -client 3
[2023-12-30 11:53:47] [INFO]     |  local epoch  : 0, acc 0.098
[2023-12-30 11:53:47] [INFO]     |  local epoch  : 1, acc 0.098
[2023-12-30 11:53:47] [INFO]     | distill epoch : 0, acc 0.098
[2023-12-30 11:53:47] [INFO]     | distill epoch : 0, acc 0.098
[2023-12-30 11:53:47] [INFO]     | distill epoch : 1, acc 0.098
[2023-12-30 11:53:47] [INFO]     | distill epoch : 1, acc 0.098
[2023-12-30 11:53:47] [INFO]    -client 4
[2023-12-30 11:53:47] [INFO]     |  local epoch  : 0, acc 0.098
[2023-12-30 11:53:47] [INFO]     |  local epoch  : 1, acc 0.098
[2023-12-30 11:53:47] [INFO]     | distill epoch : 0, acc 0.098
[2023-12-30 11:53:47] [INFO]     | distill epoch : 0, acc 0.098
[2023-12-30 11:53:47] [INFO]     | distill epoch : 1, acc 0.098
[2023-12-30 11:53:48] [INFO]     | distill epoch : 1, acc 0.098
[2023-12-30 11:53:48] [INFO]    -client 5
[2023-12-30 11:53:48] [INFO]     |  local epoch  : 0, acc 0.098
[2023-12-30 11:53:48] [INFO]     |  local epoch  : 1, acc 0.098
[2023-12-30 11:53:48] [INFO]     | distill epoch : 0, acc 0.098
[2023-12-30 11:53:48] [INFO]     | distill epoch : 0, acc 0.098
[2023-12-30 11:53:48] [INFO]     | distill epoch : 1, acc 0.098
[2023-12-30 11:53:48] [INFO]     | distill epoch : 1, acc 0.098
[2023-12-30 11:53:48] [INFO] |servers comunicated: 1, server aggregated: 1, acc_server 1: 0.098.
[2023-12-30 11:53:48] [INFO] --------------------------------------------------
[2023-12-30 11:53:48] [INFO]   |server: 2
[2023-12-30 11:53:48] [INFO]    -client 6
[2023-12-30 11:53:48] [INFO]     |  local epoch  : 0, acc 0.096
[2023-12-30 11:53:48] [INFO]     |  local epoch  : 1, acc 0.096
[2023-12-30 11:53:48] [INFO]     | distill epoch : 0, acc 0.096
[2023-12-30 11:53:48] [INFO]     | distill epoch : 0, acc 0.096
[2023-12-30 11:53:48] [INFO]     | distill epoch : 0, acc 0.096
[2023-12-30 11:53:48] [INFO]     | distill epoch : 1, acc 0.096
[2023-12-30 11:53:48] [INFO]     | distill epoch : 1, acc 0.096
[2023-12-30 11:53:48] [INFO]     | distill epoch : 1, acc 0.096
[2023-12-30 11:53:48] [INFO]    -client 7
[2023-12-30 11:53:49] [INFO]     |  local epoch  : 0, acc 0.096
[2023-12-30 11:53:49] [INFO]     |  local epoch  : 1, acc 0.096
[2023-12-30 11:53:49] [INFO]     | distill epoch : 0, acc 0.096
[2023-12-30 11:53:49] [INFO]     | distill epoch : 0, acc 0.096
[2023-12-30 11:53:49] [INFO]     | distill epoch : 0, acc 0.096
[2023-12-30 11:53:49] [INFO]     | distill epoch : 1, acc 0.096
[2023-12-30 11:53:49] [INFO]     | distill epoch : 1, acc 0.096
[2023-12-30 11:53:49] [INFO]     | distill epoch : 1, acc 0.096
[2023-12-30 11:53:49] [INFO]    -client 8
[2023-12-30 11:53:49] [INFO]     |  local epoch  : 0, acc 0.096
[2023-12-30 11:53:49] [INFO]     |  local epoch  : 1, acc 0.096
[2023-12-30 11:53:49] [INFO]     | distill epoch : 0, acc 0.096
[2023-12-30 11:53:49] [INFO]     | distill epoch : 0, acc 0.096
[2023-12-30 11:53:49] [INFO]     | distill epoch : 0, acc 0.096
[2023-12-30 11:53:49] [INFO]     | distill epoch : 1, acc 0.096
[2023-12-30 11:53:49] [INFO]     | distill epoch : 1, acc 0.096
[2023-12-30 11:53:49] [INFO]     | distill epoch : 1, acc 0.096
[2023-12-30 11:53:50] [INFO] |servers comunicated: 1, server aggregated: 1, acc_server 2: 0.096.
[2023-12-30 11:53:50] [INFO] --------------------------------------------------
[2023-12-30 11:53:50] [INFO]      ********  servers comunicates  ********      
[2023-12-30 11:53:50] [INFO] ./res/mnist_algo_1/alpha_0.5_T_8/server_commu_2_client_commu_2_client_train_2_batch_size_200_num_all_client_9_num_all_server_3_num_client_data_1200_num_public_data_50_proportion_0.8.pt
