[2023-12-28 21:21:26] [INFO] device cuda is used.
[2023-12-28 21:21:26] [INFO] cudnn is actived.
[2023-12-28 21:21:26] [INFO] 
           alpha       :  0.5  
             T         :   8   
         algorithm     :   0   
     num_server_commu  :   2   
     num_client_commu  :   2   
     num_client_train  :   5   
     num_public_train  :   5   
        batch_size     :  200  
          dataset      : mnist 
       model_select    :   1   
      num_all_client   :   9   
      num_all_server   :   3   
      num_client_data  : 1200  
      num_public_data  :  50   
        proportion     :  0.8  

[2023-12-28 21:21:33] [INFO] --------------------------------------------------
[2023-12-28 21:21:33] [INFO] |epoch_server_commu: 0/2
[2023-12-28 21:21:33] [INFO]  |epoch_client_commu: 0/2
[2023-12-28 21:21:33] [INFO]   |server: 0
[2023-12-28 21:21:34] [INFO]    -client 0
[2023-12-28 21:21:34] [INFO]     |  local epoch  : 0, acc 0.096
[2023-12-28 21:21:34] [INFO]     |  local epoch  : 1, acc 0.096
[2023-12-28 21:21:34] [INFO]     |  local epoch  : 2, acc 0.096
[2023-12-28 21:21:34] [INFO]     |  local epoch  : 3, acc 0.096
[2023-12-28 21:21:34] [INFO]     |  local epoch  : 4, acc 0.096
[2023-12-28 21:21:34] [INFO]    -client 1
[2023-12-28 21:21:34] [INFO]     |  local epoch  : 0, acc 0.096
[2023-12-28 21:21:34] [INFO]     |  local epoch  : 1, acc 0.096
[2023-12-28 21:21:34] [INFO]     |  local epoch  : 2, acc 0.096
[2023-12-28 21:21:34] [INFO]     |  local epoch  : 3, acc 0.096
[2023-12-28 21:21:34] [INFO]     |  local epoch  : 4, acc 0.096
[2023-12-28 21:21:34] [INFO]    -client 2
[2023-12-28 21:21:34] [INFO]     |  local epoch  : 0, acc 0.096
[2023-12-28 21:21:34] [INFO]     |  local epoch  : 1, acc 0.096
[2023-12-28 21:21:34] [INFO]     |  local epoch  : 2, acc 0.096
[2023-12-28 21:21:34] [INFO]     |  local epoch  : 3, acc 0.096
[2023-12-28 21:21:35] [INFO]     |  local epoch  : 4, acc 0.096
[2023-12-28 21:21:35] [INFO] |servers comunicated: 0, server aggregated: 0, acc_server 0: 0.096.
[2023-12-28 21:21:35] [INFO] --------------------------------------------------
[2023-12-28 21:21:35] [INFO]   |server: 1
[2023-12-28 21:21:35] [INFO]    -client 3
[2023-12-28 21:21:35] [INFO]     |  local epoch  : 0, acc 0.101
[2023-12-28 21:21:35] [INFO]     |  local epoch  : 1, acc 0.101
[2023-12-28 21:21:35] [INFO]     |  local epoch  : 2, acc 0.101
[2023-12-28 21:21:35] [INFO]     |  local epoch  : 3, acc 0.101
[2023-12-28 21:21:35] [INFO]     |  local epoch  : 4, acc 0.101
[2023-12-28 21:21:35] [INFO]    -client 4
[2023-12-28 21:21:35] [INFO]     |  local epoch  : 0, acc 0.101
[2023-12-28 21:21:35] [INFO]     |  local epoch  : 1, acc 0.101
[2023-12-28 21:21:35] [INFO]     |  local epoch  : 2, acc 0.101
[2023-12-28 21:21:35] [INFO]     |  local epoch  : 3, acc 0.101
[2023-12-28 21:21:35] [INFO]     |  local epoch  : 4, acc 0.101
[2023-12-28 21:21:35] [INFO]    -client 5
[2023-12-28 21:21:35] [INFO]     |  local epoch  : 0, acc 0.101
[2023-12-28 21:21:35] [INFO]     |  local epoch  : 1, acc 0.101
[2023-12-28 21:21:35] [INFO]     |  local epoch  : 2, acc 0.101
[2023-12-28 21:21:35] [INFO]     |  local epoch  : 3, acc 0.101
[2023-12-28 21:21:35] [INFO]     |  local epoch  : 4, acc 0.101
[2023-12-28 21:21:35] [INFO] |servers comunicated: 0, server aggregated: 0, acc_server 1: 0.101.
[2023-12-28 21:21:35] [INFO] --------------------------------------------------
[2023-12-28 21:21:35] [INFO]   |server: 2
[2023-12-28 21:21:35] [INFO]    -client 6
[2023-12-28 21:21:35] [INFO]     |  local epoch  : 0, acc 0.101
[2023-12-28 21:21:35] [INFO]     |  local epoch  : 1, acc 0.101
[2023-12-28 21:21:36] [INFO]     |  local epoch  : 2, acc 0.101
[2023-12-28 21:21:36] [INFO]     |  local epoch  : 3, acc 0.101
[2023-12-28 21:21:36] [INFO]     |  local epoch  : 4, acc 0.101
[2023-12-28 21:21:36] [INFO]    -client 7
[2023-12-28 21:21:36] [INFO]     |  local epoch  : 0, acc 0.101
[2023-12-28 21:21:36] [INFO]     |  local epoch  : 1, acc 0.101
[2023-12-28 21:21:36] [INFO]     |  local epoch  : 2, acc 0.101
[2023-12-28 21:21:36] [INFO]     |  local epoch  : 3, acc 0.101
[2023-12-28 21:21:36] [INFO]     |  local epoch  : 4, acc 0.101
[2023-12-28 21:21:36] [INFO]    -client 8
[2023-12-28 21:21:36] [INFO]     |  local epoch  : 0, acc 0.101
[2023-12-28 21:21:36] [INFO]     |  local epoch  : 1, acc 0.101
[2023-12-28 21:21:36] [INFO]     |  local epoch  : 2, acc 0.101
[2023-12-28 21:21:36] [INFO]     |  local epoch  : 3, acc 0.101
[2023-12-28 21:21:36] [INFO]     |  local epoch  : 4, acc 0.101
[2023-12-28 21:21:36] [INFO] |servers comunicated: 0, server aggregated: 0, acc_server 2: 0.101.
[2023-12-28 21:21:36] [INFO] --------------------------------------------------
[2023-12-28 21:21:36] [INFO]  |epoch_client_commu: 1/2
[2023-12-28 21:21:36] [INFO]   |server: 0
[2023-12-28 21:21:36] [INFO]    -client 0
[2023-12-28 21:21:36] [INFO]     |  local epoch  : 0, acc 0.096
[2023-12-28 21:21:36] [INFO]     |  local epoch  : 1, acc 0.096
[2023-12-28 21:21:36] [INFO]     |  local epoch  : 2, acc 0.096
[2023-12-28 21:21:36] [INFO]     |  local epoch  : 3, acc 0.096
[2023-12-28 21:21:36] [INFO]     |  local epoch  : 4, acc 0.096
[2023-12-28 21:21:36] [INFO]    -client 1
[2023-12-28 21:21:36] [INFO]     |  local epoch  : 0, acc 0.096
[2023-12-28 21:21:37] [INFO]     |  local epoch  : 1, acc 0.096
[2023-12-28 21:21:37] [INFO]     |  local epoch  : 2, acc 0.096
[2023-12-28 21:21:37] [INFO]     |  local epoch  : 3, acc 0.096
[2023-12-28 21:21:37] [INFO]     |  local epoch  : 4, acc 0.096
[2023-12-28 21:21:37] [INFO]    -client 2
[2023-12-28 21:21:37] [INFO]     |  local epoch  : 0, acc 0.096
[2023-12-28 21:21:37] [INFO]     |  local epoch  : 1, acc 0.096
[2023-12-28 21:21:37] [INFO]     |  local epoch  : 2, acc 0.096
[2023-12-28 21:21:37] [INFO]     |  local epoch  : 3, acc 0.096
[2023-12-28 21:21:37] [INFO]     |  local epoch  : 4, acc 0.096
[2023-12-28 21:21:37] [INFO] |servers comunicated: 0, server aggregated: 1, acc_server 0: 0.096.
[2023-12-28 21:21:37] [INFO] --------------------------------------------------
[2023-12-28 21:21:37] [INFO]   |server: 1
[2023-12-28 21:21:37] [INFO]    -client 3
[2023-12-28 21:21:37] [INFO]     |  local epoch  : 0, acc 0.101
[2023-12-28 21:21:37] [INFO]     |  local epoch  : 1, acc 0.101
[2023-12-28 21:21:37] [INFO]     |  local epoch  : 2, acc 0.101
[2023-12-28 21:21:37] [INFO]     |  local epoch  : 3, acc 0.101
[2023-12-28 21:21:37] [INFO]     |  local epoch  : 4, acc 0.101
[2023-12-28 21:21:37] [INFO]    -client 4
[2023-12-28 21:21:37] [INFO]     |  local epoch  : 0, acc 0.101
[2023-12-28 21:21:37] [INFO]     |  local epoch  : 1, acc 0.101
[2023-12-28 21:21:37] [INFO]     |  local epoch  : 2, acc 0.101
[2023-12-28 21:21:37] [INFO]     |  local epoch  : 3, acc 0.101
[2023-12-28 21:21:37] [INFO]     |  local epoch  : 4, acc 0.101
[2023-12-28 21:21:37] [INFO]    -client 5
[2023-12-28 21:21:38] [INFO]     |  local epoch  : 0, acc 0.101
[2023-12-28 21:21:38] [INFO]     |  local epoch  : 1, acc 0.101
[2023-12-28 21:21:38] [INFO]     |  local epoch  : 2, acc 0.101
[2023-12-28 21:21:38] [INFO]     |  local epoch  : 3, acc 0.101
[2023-12-28 21:21:38] [INFO]     |  local epoch  : 4, acc 0.101
[2023-12-28 21:21:38] [INFO] |servers comunicated: 0, server aggregated: 1, acc_server 1: 0.101.
[2023-12-28 21:21:38] [INFO] --------------------------------------------------
[2023-12-28 21:21:38] [INFO]   |server: 2
[2023-12-28 21:21:38] [INFO]    -client 6
[2023-12-28 21:21:38] [INFO]     |  local epoch  : 0, acc 0.101
[2023-12-28 21:21:38] [INFO]     |  local epoch  : 1, acc 0.101
[2023-12-28 21:21:38] [INFO]     |  local epoch  : 2, acc 0.101
[2023-12-28 21:21:38] [INFO]     |  local epoch  : 3, acc 0.101
[2023-12-28 21:21:38] [INFO]     |  local epoch  : 4, acc 0.101
[2023-12-28 21:21:38] [INFO]    -client 7
[2023-12-28 21:21:38] [INFO]     |  local epoch  : 0, acc 0.101
[2023-12-28 21:21:38] [INFO]     |  local epoch  : 1, acc 0.101
[2023-12-28 21:21:38] [INFO]     |  local epoch  : 2, acc 0.101
[2023-12-28 21:21:38] [INFO]     |  local epoch  : 3, acc 0.101
[2023-12-28 21:21:38] [INFO]     |  local epoch  : 4, acc 0.101
[2023-12-28 21:21:38] [INFO]    -client 8
[2023-12-28 21:21:38] [INFO]     |  local epoch  : 0, acc 0.101
[2023-12-28 21:21:38] [INFO]     |  local epoch  : 1, acc 0.101
[2023-12-28 21:21:38] [INFO]     |  local epoch  : 2, acc 0.101
[2023-12-28 21:21:38] [INFO]     |  local epoch  : 3, acc 0.101
[2023-12-28 21:21:39] [INFO]     |  local epoch  : 4, acc 0.101
[2023-12-28 21:21:39] [INFO] |servers comunicated: 0, server aggregated: 1, acc_server 2: 0.101.
[2023-12-28 21:21:39] [INFO] --------------------------------------------------
[2023-12-28 21:21:39] [INFO]      ********  servers comunicates  ********      
[2023-12-28 21:21:39] [INFO] --------------------------------------------------
[2023-12-28 21:21:39] [INFO] |epoch_server_commu: 1/2
[2023-12-28 21:21:39] [INFO]  |epoch_client_commu: 0/2
[2023-12-28 21:21:39] [INFO]   |server: 0
[2023-12-28 21:21:39] [INFO]    -client 0
[2023-12-28 21:21:39] [INFO]     |  local epoch  : 0, acc 0.096
[2023-12-28 21:21:39] [INFO]     |  local epoch  : 1, acc 0.096
[2023-12-28 21:21:39] [INFO]     |  local epoch  : 2, acc 0.096
[2023-12-28 21:21:39] [INFO]     |  local epoch  : 3, acc 0.096
[2023-12-28 21:21:39] [INFO]     |  local epoch  : 4, acc 0.096
[2023-12-28 21:21:39] [INFO]     | distill epoch : 0, acc 0.096
[2023-12-28 21:21:39] [INFO]     | distill epoch : 1, acc 0.096
[2023-12-28 21:21:39] [INFO]     | distill epoch : 2, acc 0.096
[2023-12-28 21:21:39] [INFO]     | distill epoch : 3, acc 0.096
[2023-12-28 21:21:39] [INFO]     | distill epoch : 4, acc 0.096
[2023-12-28 21:21:39] [INFO]    -client 1
[2023-12-28 21:21:39] [INFO]     |  local epoch  : 0, acc 0.096
[2023-12-28 21:21:39] [INFO]     |  local epoch  : 1, acc 0.096
[2023-12-28 21:21:39] [INFO]     |  local epoch  : 2, acc 0.096
[2023-12-28 21:21:40] [INFO]     |  local epoch  : 3, acc 0.096
[2023-12-28 21:21:40] [INFO]     |  local epoch  : 4, acc 0.096
[2023-12-28 21:21:40] [INFO]     | distill epoch : 0, acc 0.096
[2023-12-28 21:21:40] [INFO]     | distill epoch : 1, acc 0.096
[2023-12-28 21:21:40] [INFO]     | distill epoch : 2, acc 0.096
[2023-12-28 21:21:40] [INFO]     | distill epoch : 3, acc 0.096
[2023-12-28 21:21:40] [INFO]     | distill epoch : 4, acc 0.096
[2023-12-28 21:21:40] [INFO]    -client 2
[2023-12-28 21:21:40] [INFO]     |  local epoch  : 0, acc 0.096
[2023-12-28 21:21:40] [INFO]     |  local epoch  : 1, acc 0.096
[2023-12-28 21:21:40] [INFO]     |  local epoch  : 2, acc 0.096
[2023-12-28 21:21:40] [INFO]     |  local epoch  : 3, acc 0.096
[2023-12-28 21:21:40] [INFO]     |  local epoch  : 4, acc 0.096
[2023-12-28 21:21:40] [INFO]     | distill epoch : 0, acc 0.096
[2023-12-28 21:21:40] [INFO]     | distill epoch : 1, acc 0.096
[2023-12-28 21:21:40] [INFO]     | distill epoch : 2, acc 0.096
[2023-12-28 21:21:40] [INFO]     | distill epoch : 3, acc 0.096
[2023-12-28 21:21:40] [INFO]     | distill epoch : 4, acc 0.096
[2023-12-28 21:21:40] [INFO] |servers comunicated: 1, server aggregated: 0, acc_server 0: 0.096.
[2023-12-28 21:21:40] [INFO] --------------------------------------------------
[2023-12-28 21:21:40] [INFO]   |server: 1
[2023-12-28 21:21:40] [INFO]    -client 3
[2023-12-28 21:21:40] [INFO]     |  local epoch  : 0, acc 0.101
[2023-12-28 21:21:40] [INFO]     |  local epoch  : 1, acc 0.101
[2023-12-28 21:21:40] [INFO]     |  local epoch  : 2, acc 0.101
[2023-12-28 21:21:41] [INFO]     |  local epoch  : 3, acc 0.101
[2023-12-28 21:21:41] [INFO]     |  local epoch  : 4, acc 0.101
[2023-12-28 21:21:41] [INFO]     | distill epoch : 0, acc 0.101
[2023-12-28 21:21:41] [INFO]     | distill epoch : 1, acc 0.101
[2023-12-28 21:21:41] [INFO]     | distill epoch : 2, acc 0.101
[2023-12-28 21:21:41] [INFO]     | distill epoch : 3, acc 0.101
[2023-12-28 21:21:41] [INFO]     | distill epoch : 4, acc 0.101
[2023-12-28 21:21:41] [INFO]    -client 4
[2023-12-28 21:21:41] [INFO]     |  local epoch  : 0, acc 0.101
[2023-12-28 21:21:41] [INFO]     |  local epoch  : 1, acc 0.101
[2023-12-28 21:21:41] [INFO]     |  local epoch  : 2, acc 0.101
[2023-12-28 21:21:41] [INFO]     |  local epoch  : 3, acc 0.101
[2023-12-28 21:21:41] [INFO]     |  local epoch  : 4, acc 0.101
[2023-12-28 21:21:41] [INFO]     | distill epoch : 0, acc 0.101
[2023-12-28 21:21:41] [INFO]     | distill epoch : 1, acc 0.101
[2023-12-28 21:21:41] [INFO]     | distill epoch : 2, acc 0.101
[2023-12-28 21:21:41] [INFO]     | distill epoch : 3, acc 0.101
[2023-12-28 21:21:41] [INFO]     | distill epoch : 4, acc 0.101
[2023-12-28 21:21:41] [INFO]    -client 5
[2023-12-28 21:21:41] [INFO]     |  local epoch  : 0, acc 0.101
[2023-12-28 21:21:41] [INFO]     |  local epoch  : 1, acc 0.101
[2023-12-28 21:21:41] [INFO]     |  local epoch  : 2, acc 0.101
[2023-12-28 21:21:41] [INFO]     |  local epoch  : 3, acc 0.101
[2023-12-28 21:21:42] [INFO]     |  local epoch  : 4, acc 0.101
[2023-12-28 21:21:42] [INFO]     | distill epoch : 0, acc 0.101
[2023-12-28 21:21:42] [INFO]     | distill epoch : 1, acc 0.101
[2023-12-28 21:21:42] [INFO]     | distill epoch : 2, acc 0.101
[2023-12-28 21:21:42] [INFO]     | distill epoch : 3, acc 0.101
[2023-12-28 21:21:42] [INFO]     | distill epoch : 4, acc 0.101
[2023-12-28 21:21:42] [INFO] |servers comunicated: 1, server aggregated: 0, acc_server 1: 0.101.
[2023-12-28 21:21:42] [INFO] --------------------------------------------------
[2023-12-28 21:21:42] [INFO]   |server: 2
[2023-12-28 21:21:42] [INFO]    -client 6
[2023-12-28 21:21:42] [INFO]     |  local epoch  : 0, acc 0.101
[2023-12-28 21:21:42] [INFO]     |  local epoch  : 1, acc 0.101
[2023-12-28 21:21:42] [INFO]     |  local epoch  : 2, acc 0.101
[2023-12-28 21:21:42] [INFO]     |  local epoch  : 3, acc 0.101
[2023-12-28 21:21:42] [INFO]     |  local epoch  : 4, acc 0.101
[2023-12-28 21:21:42] [INFO]     | distill epoch : 0, acc 0.101
[2023-12-28 21:21:42] [INFO]     | distill epoch : 1, acc 0.101
[2023-12-28 21:21:42] [INFO]     | distill epoch : 2, acc 0.101
[2023-12-28 21:21:42] [INFO]     | distill epoch : 3, acc 0.101
[2023-12-28 21:21:42] [INFO]     | distill epoch : 4, acc 0.101
[2023-12-28 21:21:42] [INFO]    -client 7
[2023-12-28 21:21:42] [INFO]     |  local epoch  : 0, acc 0.101
[2023-12-28 21:21:42] [INFO]     |  local epoch  : 1, acc 0.101
[2023-12-28 21:21:42] [INFO]     |  local epoch  : 2, acc 0.101
[2023-12-28 21:21:42] [INFO]     |  local epoch  : 3, acc 0.101
[2023-12-28 21:21:43] [INFO]     |  local epoch  : 4, acc 0.101
[2023-12-28 21:21:43] [INFO]     | distill epoch : 0, acc 0.101
[2023-12-28 21:21:43] [INFO]     | distill epoch : 1, acc 0.101
[2023-12-28 21:21:43] [INFO]     | distill epoch : 2, acc 0.101
[2023-12-28 21:21:43] [INFO]     | distill epoch : 3, acc 0.101
[2023-12-28 21:21:43] [INFO]     | distill epoch : 4, acc 0.101
[2023-12-28 21:21:43] [INFO]    -client 8
[2023-12-28 21:21:43] [INFO]     |  local epoch  : 0, acc 0.101
[2023-12-28 21:21:43] [INFO]     |  local epoch  : 1, acc 0.101
[2023-12-28 21:21:43] [INFO]     |  local epoch  : 2, acc 0.101
[2023-12-28 21:21:43] [INFO]     |  local epoch  : 3, acc 0.101
[2023-12-28 21:21:43] [INFO]     |  local epoch  : 4, acc 0.101
[2023-12-28 21:21:43] [INFO]     | distill epoch : 0, acc 0.101
[2023-12-28 21:21:43] [INFO]     | distill epoch : 1, acc 0.101
[2023-12-28 21:21:43] [INFO]     | distill epoch : 2, acc 0.101
[2023-12-28 21:21:43] [INFO]     | distill epoch : 3, acc 0.101
[2023-12-28 21:21:43] [INFO]     | distill epoch : 4, acc 0.101
[2023-12-28 21:21:43] [INFO] |servers comunicated: 1, server aggregated: 0, acc_server 2: 0.101.
[2023-12-28 21:21:43] [INFO] --------------------------------------------------
[2023-12-28 21:21:43] [INFO]  |epoch_client_commu: 1/2
[2023-12-28 21:21:43] [INFO]   |server: 0
[2023-12-28 21:21:43] [INFO]    -client 0
[2023-12-28 21:21:43] [INFO]     |  local epoch  : 0, acc 0.096
[2023-12-28 21:21:43] [INFO]     |  local epoch  : 1, acc 0.096
[2023-12-28 21:21:43] [INFO]     |  local epoch  : 2, acc 0.096
[2023-12-28 21:21:44] [INFO]     |  local epoch  : 3, acc 0.096
[2023-12-28 21:21:44] [INFO]     |  local epoch  : 4, acc 0.096
[2023-12-28 21:21:44] [INFO]     | distill epoch : 0, acc 0.096
[2023-12-28 21:21:44] [INFO]     | distill epoch : 1, acc 0.096
[2023-12-28 21:21:44] [INFO]     | distill epoch : 2, acc 0.096
[2023-12-28 21:21:44] [INFO]     | distill epoch : 3, acc 0.099
[2023-12-28 21:21:44] [INFO]     | distill epoch : 4, acc 0.110
[2023-12-28 21:21:44] [INFO]    -client 1
[2023-12-28 21:21:44] [INFO]     |  local epoch  : 0, acc 0.096
[2023-12-28 21:21:44] [INFO]     |  local epoch  : 1, acc 0.096
[2023-12-28 21:21:44] [INFO]     |  local epoch  : 2, acc 0.096
[2023-12-28 21:21:44] [INFO]     |  local epoch  : 3, acc 0.096
[2023-12-28 21:21:44] [INFO]     |  local epoch  : 4, acc 0.096
[2023-12-28 21:21:44] [INFO]     | distill epoch : 0, acc 0.097
[2023-12-28 21:21:44] [INFO]     | distill epoch : 1, acc 0.102
[2023-12-28 21:21:44] [INFO]     | distill epoch : 2, acc 0.112
[2023-12-28 21:21:44] [INFO]     | distill epoch : 3, acc 0.144
[2023-12-28 21:21:44] [INFO]     | distill epoch : 4, acc 0.193
[2023-12-28 21:21:44] [INFO]    -client 2
[2023-12-28 21:21:44] [INFO]     |  local epoch  : 0, acc 0.096
[2023-12-28 21:21:44] [INFO]     |  local epoch  : 1, acc 0.096
[2023-12-28 21:21:44] [INFO]     |  local epoch  : 2, acc 0.096
[2023-12-28 21:21:44] [INFO]     |  local epoch  : 3, acc 0.096
[2023-12-28 21:21:44] [INFO]     |  local epoch  : 4, acc 0.096
[2023-12-28 21:21:45] [INFO]     | distill epoch : 0, acc 0.097
[2023-12-28 21:21:45] [INFO]     | distill epoch : 1, acc 0.103
[2023-12-28 21:21:45] [INFO]     | distill epoch : 2, acc 0.118
[2023-12-28 21:21:45] [INFO]     | distill epoch : 3, acc 0.157
[2023-12-28 21:21:45] [INFO]     | distill epoch : 4, acc 0.205
[2023-12-28 21:21:45] [INFO] |servers comunicated: 1, server aggregated: 1, acc_server 0: 0.165.
[2023-12-28 21:21:45] [INFO] --------------------------------------------------
[2023-12-28 21:21:45] [INFO]   |server: 1
[2023-12-28 21:21:45] [INFO]    -client 3
[2023-12-28 21:21:45] [INFO]     |  local epoch  : 0, acc 0.101
[2023-12-28 21:21:45] [INFO]     |  local epoch  : 1, acc 0.101
[2023-12-28 21:21:45] [INFO]     |  local epoch  : 2, acc 0.101
[2023-12-28 21:21:45] [INFO]     |  local epoch  : 3, acc 0.101
[2023-12-28 21:21:45] [INFO]     |  local epoch  : 4, acc 0.101
[2023-12-28 21:21:45] [INFO]     | distill epoch : 0, acc 0.101
[2023-12-28 21:21:45] [INFO]     | distill epoch : 1, acc 0.101
[2023-12-28 21:21:45] [INFO]     | distill epoch : 2, acc 0.101
[2023-12-28 21:21:45] [INFO]     | distill epoch : 3, acc 0.101
[2023-12-28 21:21:45] [INFO]     | distill epoch : 4, acc 0.101
[2023-12-28 21:21:45] [INFO]    -client 4
[2023-12-28 21:21:45] [INFO]     |  local epoch  : 0, acc 0.101
[2023-12-28 21:21:45] [INFO]     |  local epoch  : 1, acc 0.101
[2023-12-28 21:21:45] [INFO]     |  local epoch  : 2, acc 0.101
[2023-12-28 21:21:45] [INFO]     |  local epoch  : 3, acc 0.101
[2023-12-28 21:21:45] [INFO]     |  local epoch  : 4, acc 0.101
[2023-12-28 21:21:46] [INFO]     | distill epoch : 0, acc 0.101
[2023-12-28 21:21:46] [INFO]     | distill epoch : 1, acc 0.101
[2023-12-28 21:21:46] [INFO]     | distill epoch : 2, acc 0.101
[2023-12-28 21:21:46] [INFO]     | distill epoch : 3, acc 0.101
[2023-12-28 21:21:46] [INFO]     | distill epoch : 4, acc 0.101
[2023-12-28 21:21:46] [INFO]    -client 5
[2023-12-28 21:21:46] [INFO]     |  local epoch  : 0, acc 0.101
[2023-12-28 21:21:46] [INFO]     |  local epoch  : 1, acc 0.101
[2023-12-28 21:21:46] [INFO]     |  local epoch  : 2, acc 0.101
[2023-12-28 21:21:46] [INFO]     |  local epoch  : 3, acc 0.101
[2023-12-28 21:21:46] [INFO]     |  local epoch  : 4, acc 0.101
[2023-12-28 21:21:46] [INFO]     | distill epoch : 0, acc 0.101
[2023-12-28 21:21:46] [INFO]     | distill epoch : 1, acc 0.101
[2023-12-28 21:21:46] [INFO]     | distill epoch : 2, acc 0.101
[2023-12-28 21:21:46] [INFO]     | distill epoch : 3, acc 0.101
[2023-12-28 21:21:46] [INFO]     | distill epoch : 4, acc 0.101
[2023-12-28 21:21:46] [INFO] |servers comunicated: 1, server aggregated: 1, acc_server 1: 0.101.
[2023-12-28 21:21:46] [INFO] --------------------------------------------------
[2023-12-28 21:21:46] [INFO]   |server: 2
[2023-12-28 21:21:46] [INFO]    -client 6
[2023-12-28 21:21:46] [INFO]     |  local epoch  : 0, acc 0.101
[2023-12-28 21:21:46] [INFO]     |  local epoch  : 1, acc 0.101
[2023-12-28 21:21:46] [INFO]     |  local epoch  : 2, acc 0.101
[2023-12-28 21:21:46] [INFO]     |  local epoch  : 3, acc 0.101
[2023-12-28 21:21:46] [INFO]     |  local epoch  : 4, acc 0.101
[2023-12-28 21:21:47] [INFO]     | distill epoch : 0, acc 0.101
[2023-12-28 21:21:47] [INFO]     | distill epoch : 1, acc 0.101
[2023-12-28 21:21:47] [INFO]     | distill epoch : 2, acc 0.101
[2023-12-28 21:21:47] [INFO]     | distill epoch : 3, acc 0.101
[2023-12-28 21:21:47] [INFO]     | distill epoch : 4, acc 0.101
[2023-12-28 21:21:47] [INFO]    -client 7
[2023-12-28 21:21:47] [INFO]     |  local epoch  : 0, acc 0.101
[2023-12-28 21:21:47] [INFO]     |  local epoch  : 1, acc 0.101
[2023-12-28 21:21:47] [INFO]     |  local epoch  : 2, acc 0.101
[2023-12-28 21:21:47] [INFO]     |  local epoch  : 3, acc 0.101
[2023-12-28 21:21:47] [INFO]     |  local epoch  : 4, acc 0.101
[2023-12-28 21:21:47] [INFO]     | distill epoch : 0, acc 0.101
[2023-12-28 21:21:47] [INFO]     | distill epoch : 1, acc 0.101
[2023-12-28 21:21:47] [INFO]     | distill epoch : 2, acc 0.101
[2023-12-28 21:21:47] [INFO]     | distill epoch : 3, acc 0.101
[2023-12-28 21:21:47] [INFO]     | distill epoch : 4, acc 0.101
[2023-12-28 21:21:47] [INFO]    -client 8
[2023-12-28 21:21:47] [INFO]     |  local epoch  : 0, acc 0.101
[2023-12-28 21:21:47] [INFO]     |  local epoch  : 1, acc 0.101
[2023-12-28 21:21:47] [INFO]     |  local epoch  : 2, acc 0.101
[2023-12-28 21:21:47] [INFO]     |  local epoch  : 3, acc 0.101
[2023-12-28 21:21:48] [INFO]     |  local epoch  : 4, acc 0.101
[2023-12-28 21:21:48] [INFO]     | distill epoch : 0, acc 0.101
[2023-12-28 21:21:48] [INFO]     | distill epoch : 1, acc 0.101
[2023-12-28 21:21:48] [INFO]     | distill epoch : 2, acc 0.101
[2023-12-28 21:21:48] [INFO]     | distill epoch : 3, acc 0.101
[2023-12-28 21:21:48] [INFO]     | distill epoch : 4, acc 0.101
[2023-12-28 21:21:48] [INFO] |servers comunicated: 1, server aggregated: 1, acc_server 2: 0.101.
[2023-12-28 21:21:48] [INFO] --------------------------------------------------
[2023-12-28 21:21:48] [INFO]      ********  servers comunicates  ********      
[2023-12-28 21:21:48] [INFO] ./data/saved-data/mnist_algo_0/alpha_0.5_T_8/server_commu_2_client_commu_2_client_train_5_batch_size_200_num_all_client_9_num_all_server_3_num_client_data_1200_num_public_data_50_proportion_0.8.pt
