[2023-12-28 19:37:17] [INFO] device cuda is used.
[2023-12-28 19:37:17] [INFO] cudnn is actived.
[2023-12-28 19:37:17] [INFO] 
           alpha       :  0.5  
             T         :   8   
         algorithm     :   0   
     num_server_commu  :  10   
     num_client_commu  :  10   
     num_client_train  :   5   
     num_public_train  :   5   
        batch_size     :  128  
          dataset      : mnist 
       model_select    :   1   
      num_all_client   :   9   
      num_all_server   :   3   
      num_client_data  : 1000  
      num_public_data  :  50   
        proportion     :  0.8  

[2023-12-28 19:37:24] [INFO] --------------------------------------------------
[2023-12-28 19:37:24] [INFO] |epoch_server_commu: 0/10
[2023-12-28 19:37:24] [INFO]  |epoch_client_commu: 0/10
[2023-12-28 19:37:24] [INFO]   |server: 0
[2023-12-28 19:37:24] [INFO]    -client 0
[2023-12-28 19:37:24] [INFO]     |  local epoch  : 0, acc 0.098
[2023-12-28 19:37:25] [INFO]     |  local epoch  : 1, acc 0.098
[2023-12-28 19:37:25] [INFO]     |  local epoch  : 2, acc 0.098
[2023-12-28 19:37:25] [INFO]     |  local epoch  : 3, acc 0.098
[2023-12-28 19:37:25] [INFO]     |  local epoch  : 4, acc 0.098
