[2023-12-28 21:11:01] [INFO] device cuda is used.
[2023-12-28 21:11:01] [INFO] cudnn is actived.
[2023-12-28 21:11:01] [INFO] 
           alpha       :  0.5  
             T         :   8   
         algorithm     :   0   
     num_server_commu  :   2   
     num_client_commu  :   2   
     num_client_train  :   5   
     num_public_train  :   5   
        batch_size     :  200  
          dataset      : mnist 
       model_select    :   1   
      num_all_client   :   9   
      num_all_server   :   3   
      num_client_data  : 1200  
      num_public_data  :  50   
        proportion     :  0.8  

[2023-12-28 21:11:08] [INFO] --------------------------------------------------
[2023-12-28 21:11:08] [INFO] |epoch_server_commu: 0/2
[2023-12-28 21:11:08] [INFO]  |epoch_client_commu: 0/2
[2023-12-28 21:11:08] [INFO]   |server: 0
[2023-12-28 21:11:08] [INFO]    -client 0
[2023-12-28 21:11:08] [INFO]     |  local epoch  : 0, acc 0.101
[2023-12-28 21:11:08] [INFO]     |  local epoch  : 1, acc 0.101
[2023-12-28 21:11:08] [INFO]     |  local epoch  : 2, acc 0.101
[2023-12-28 21:11:08] [INFO]     |  local epoch  : 3, acc 0.101
[2023-12-28 21:11:09] [INFO]     |  local epoch  : 4, acc 0.101
[2023-12-28 21:11:09] [INFO]    -client 1
[2023-12-28 21:11:09] [INFO]     |  local epoch  : 0, acc 0.101
[2023-12-28 21:11:09] [INFO]     |  local epoch  : 1, acc 0.101
[2023-12-28 21:11:09] [INFO]     |  local epoch  : 2, acc 0.101
[2023-12-28 21:11:09] [INFO]     |  local epoch  : 3, acc 0.101
[2023-12-28 21:11:09] [INFO]     |  local epoch  : 4, acc 0.101
[2023-12-28 21:11:09] [INFO]    -client 2
[2023-12-28 21:11:09] [INFO]     |  local epoch  : 0, acc 0.101
[2023-12-28 21:11:09] [INFO]     |  local epoch  : 1, acc 0.101
[2023-12-28 21:11:09] [INFO]     |  local epoch  : 2, acc 0.101
[2023-12-28 21:11:09] [INFO]     |  local epoch  : 3, acc 0.101
[2023-12-28 21:11:09] [INFO]     |  local epoch  : 4, acc 0.101
[2023-12-28 21:11:09] [INFO] |servers comunicated: 0, server aggregated: 0, acc_server 0: 0.101.
[2023-12-28 21:11:09] [INFO] --------------------------------------------------
[2023-12-28 21:11:09] [INFO]   |server: 1
[2023-12-28 21:11:09] [INFO]    -client 3
[2023-12-28 21:11:09] [INFO]     |  local epoch  : 0, acc 0.089
[2023-12-28 21:11:09] [INFO]     |  local epoch  : 1, acc 0.089
[2023-12-28 21:11:09] [INFO]     |  local epoch  : 2, acc 0.089
[2023-12-28 21:11:09] [INFO]     |  local epoch  : 3, acc 0.089
[2023-12-28 21:11:09] [INFO]     |  local epoch  : 4, acc 0.089
[2023-12-28 21:11:09] [INFO]    -client 4
[2023-12-28 21:11:09] [INFO]     |  local epoch  : 0, acc 0.089
[2023-12-28 21:11:09] [INFO]     |  local epoch  : 1, acc 0.089
[2023-12-28 21:11:09] [INFO]     |  local epoch  : 2, acc 0.089
[2023-12-28 21:11:10] [INFO]     |  local epoch  : 3, acc 0.089
[2023-12-28 21:11:10] [INFO]     |  local epoch  : 4, acc 0.089
[2023-12-28 21:11:10] [INFO]    -client 5
[2023-12-28 21:11:10] [INFO]     |  local epoch  : 0, acc 0.089
[2023-12-28 21:11:10] [INFO]     |  local epoch  : 1, acc 0.089
[2023-12-28 21:11:10] [INFO]     |  local epoch  : 2, acc 0.089
[2023-12-28 21:11:10] [INFO]     |  local epoch  : 3, acc 0.089
[2023-12-28 21:11:10] [INFO]     |  local epoch  : 4, acc 0.089
[2023-12-28 21:11:10] [INFO] |servers comunicated: 0, server aggregated: 0, acc_server 1: 0.089.
[2023-12-28 21:11:10] [INFO] --------------------------------------------------
[2023-12-28 21:11:10] [INFO]   |server: 2
[2023-12-28 21:11:10] [INFO]    -client 6
[2023-12-28 21:11:10] [INFO]     |  local epoch  : 0, acc 0.113
[2023-12-28 21:11:10] [INFO]     |  local epoch  : 1, acc 0.113
[2023-12-28 21:11:10] [INFO]     |  local epoch  : 2, acc 0.113
[2023-12-28 21:11:10] [INFO]     |  local epoch  : 3, acc 0.113
[2023-12-28 21:11:10] [INFO]     |  local epoch  : 4, acc 0.113
[2023-12-28 21:11:10] [INFO]    -client 7
[2023-12-28 21:11:10] [INFO]     |  local epoch  : 0, acc 0.113
[2023-12-28 21:11:10] [INFO]     |  local epoch  : 1, acc 0.113
[2023-12-28 21:11:10] [INFO]     |  local epoch  : 2, acc 0.113
[2023-12-28 21:11:10] [INFO]     |  local epoch  : 3, acc 0.113
[2023-12-28 21:11:10] [INFO]     |  local epoch  : 4, acc 0.113
[2023-12-28 21:11:10] [INFO]    -client 8
[2023-12-28 21:11:10] [INFO]     |  local epoch  : 0, acc 0.113
[2023-12-28 21:11:10] [INFO]     |  local epoch  : 1, acc 0.113
[2023-12-28 21:11:10] [INFO]     |  local epoch  : 2, acc 0.113
[2023-12-28 21:11:11] [INFO]     |  local epoch  : 3, acc 0.113
[2023-12-28 21:11:11] [INFO]     |  local epoch  : 4, acc 0.113
[2023-12-28 21:11:11] [INFO] |servers comunicated: 0, server aggregated: 0, acc_server 2: 0.113.
[2023-12-28 21:11:11] [INFO] --------------------------------------------------
[2023-12-28 21:11:11] [INFO]  |epoch_client_commu: 1/2
[2023-12-28 21:11:11] [INFO]   |server: 0
[2023-12-28 21:11:11] [INFO]    -client 0
[2023-12-28 21:11:11] [INFO]     |  local epoch  : 0, acc 0.101
[2023-12-28 21:11:11] [INFO]     |  local epoch  : 1, acc 0.101
[2023-12-28 21:11:11] [INFO]     |  local epoch  : 2, acc 0.101
[2023-12-28 21:11:11] [INFO]     |  local epoch  : 3, acc 0.101
[2023-12-28 21:11:11] [INFO]     |  local epoch  : 4, acc 0.101
[2023-12-28 21:11:11] [INFO]    -client 1
[2023-12-28 21:11:11] [INFO]     |  local epoch  : 0, acc 0.101
[2023-12-28 21:11:11] [INFO]     |  local epoch  : 1, acc 0.101
[2023-12-28 21:11:11] [INFO]     |  local epoch  : 2, acc 0.101
[2023-12-28 21:11:11] [INFO]     |  local epoch  : 3, acc 0.101
[2023-12-28 21:11:11] [INFO]     |  local epoch  : 4, acc 0.101
[2023-12-28 21:11:11] [INFO]    -client 2
[2023-12-28 21:11:11] [INFO]     |  local epoch  : 0, acc 0.101
[2023-12-28 21:11:11] [INFO]     |  local epoch  : 1, acc 0.101
[2023-12-28 21:11:11] [INFO]     |  local epoch  : 2, acc 0.101
[2023-12-28 21:11:11] [INFO]     |  local epoch  : 3, acc 0.101
[2023-12-28 21:11:11] [INFO]     |  local epoch  : 4, acc 0.101
[2023-12-28 21:11:11] [INFO] |servers comunicated: 0, server aggregated: 1, acc_server 0: 0.101.
[2023-12-28 21:11:11] [INFO] --------------------------------------------------
[2023-12-28 21:11:11] [INFO]   |server: 1
[2023-12-28 21:11:11] [INFO]    -client 3
[2023-12-28 21:11:11] [INFO]     |  local epoch  : 0, acc 0.089
[2023-12-28 21:11:12] [INFO]     |  local epoch  : 1, acc 0.089
[2023-12-28 21:11:12] [INFO]     |  local epoch  : 2, acc 0.089
[2023-12-28 21:11:12] [INFO]     |  local epoch  : 3, acc 0.089
[2023-12-28 21:11:12] [INFO]     |  local epoch  : 4, acc 0.089
[2023-12-28 21:11:12] [INFO]    -client 4
[2023-12-28 21:11:12] [INFO]     |  local epoch  : 0, acc 0.089
[2023-12-28 21:11:12] [INFO]     |  local epoch  : 1, acc 0.089
[2023-12-28 21:11:12] [INFO]     |  local epoch  : 2, acc 0.089
[2023-12-28 21:11:12] [INFO]     |  local epoch  : 3, acc 0.089
[2023-12-28 21:11:12] [INFO]     |  local epoch  : 4, acc 0.089
[2023-12-28 21:11:12] [INFO]    -client 5
[2023-12-28 21:11:12] [INFO]     |  local epoch  : 0, acc 0.089
[2023-12-28 21:11:12] [INFO]     |  local epoch  : 1, acc 0.089
[2023-12-28 21:11:12] [INFO]     |  local epoch  : 2, acc 0.089
[2023-12-28 21:11:12] [INFO]     |  local epoch  : 3, acc 0.089
[2023-12-28 21:11:12] [INFO]     |  local epoch  : 4, acc 0.089
[2023-12-28 21:11:12] [INFO] |servers comunicated: 0, server aggregated: 1, acc_server 1: 0.089.
[2023-12-28 21:11:12] [INFO] --------------------------------------------------
[2023-12-28 21:11:12] [INFO]   |server: 2
[2023-12-28 21:11:12] [INFO]    -client 6
[2023-12-28 21:11:12] [INFO]     |  local epoch  : 0, acc 0.113
[2023-12-28 21:11:12] [INFO]     |  local epoch  : 1, acc 0.113
[2023-12-28 21:11:12] [INFO]     |  local epoch  : 2, acc 0.113
[2023-12-28 21:11:12] [INFO]     |  local epoch  : 3, acc 0.113
[2023-12-28 21:11:12] [INFO]     |  local epoch  : 4, acc 0.113
[2023-12-28 21:11:12] [INFO]    -client 7
[2023-12-28 21:11:13] [INFO]     |  local epoch  : 0, acc 0.113
[2023-12-28 21:11:13] [INFO]     |  local epoch  : 1, acc 0.113
[2023-12-28 21:11:13] [INFO]     |  local epoch  : 2, acc 0.113
[2023-12-28 21:11:13] [INFO]     |  local epoch  : 3, acc 0.113
[2023-12-28 21:11:13] [INFO]     |  local epoch  : 4, acc 0.113
[2023-12-28 21:11:13] [INFO]    -client 8
[2023-12-28 21:11:13] [INFO]     |  local epoch  : 0, acc 0.113
[2023-12-28 21:11:13] [INFO]     |  local epoch  : 1, acc 0.113
[2023-12-28 21:11:13] [INFO]     |  local epoch  : 2, acc 0.113
[2023-12-28 21:11:13] [INFO]     |  local epoch  : 3, acc 0.113
[2023-12-28 21:11:13] [INFO]     |  local epoch  : 4, acc 0.114
[2023-12-28 21:11:13] [INFO] |servers comunicated: 0, server aggregated: 1, acc_server 2: 0.113.
[2023-12-28 21:11:13] [INFO] --------------------------------------------------
[2023-12-28 21:11:13] [INFO]      ********  servers comunicates  ********      
[2023-12-28 21:11:13] [INFO] --------------------------------------------------
[2023-12-28 21:11:13] [INFO] |epoch_server_commu: 1/2
[2023-12-28 21:11:13] [INFO]  |epoch_client_commu: 0/2
[2023-12-28 21:11:13] [INFO]   |server: 0
[2023-12-28 21:11:13] [INFO]    -client 0
[2023-12-28 21:11:13] [INFO]     |  local epoch  : 0, acc 0.101
[2023-12-28 21:11:13] [INFO]     |  local epoch  : 1, acc 0.101
[2023-12-28 21:11:13] [INFO]     |  local epoch  : 2, acc 0.101
[2023-12-28 21:11:13] [INFO]     |  local epoch  : 3, acc 0.101
[2023-12-28 21:11:13] [INFO]     |  local epoch  : 4, acc 0.101
[2023-12-28 21:11:14] [INFO]     | distill epoch : 0, acc 0.101
[2023-12-28 21:11:14] [INFO]     | distill epoch : 1, acc 0.101
[2023-12-28 21:11:14] [INFO]     | distill epoch : 2, acc 0.101
[2023-12-28 21:11:14] [INFO]     | distill epoch : 3, acc 0.101
[2023-12-28 21:11:14] [INFO]     | distill epoch : 4, acc 0.101
[2023-12-28 21:11:14] [INFO]    -client 1
[2023-12-28 21:11:14] [INFO]     |  local epoch  : 0, acc 0.101
[2023-12-28 21:11:14] [INFO]     |  local epoch  : 1, acc 0.101
[2023-12-28 21:11:14] [INFO]     |  local epoch  : 2, acc 0.101
[2023-12-28 21:11:14] [INFO]     |  local epoch  : 3, acc 0.101
[2023-12-28 21:11:14] [INFO]     |  local epoch  : 4, acc 0.101
[2023-12-28 21:11:14] [INFO]     | distill epoch : 0, acc 0.101
[2023-12-28 21:11:14] [INFO]     | distill epoch : 1, acc 0.101
[2023-12-28 21:11:14] [INFO]     | distill epoch : 2, acc 0.101
[2023-12-28 21:11:14] [INFO]     | distill epoch : 3, acc 0.101
[2023-12-28 21:11:14] [INFO]     | distill epoch : 4, acc 0.101
[2023-12-28 21:11:14] [INFO]    -client 2
[2023-12-28 21:11:14] [INFO]     |  local epoch  : 0, acc 0.101
[2023-12-28 21:11:14] [INFO]     |  local epoch  : 1, acc 0.101
[2023-12-28 21:11:14] [INFO]     |  local epoch  : 2, acc 0.101
[2023-12-28 21:11:14] [INFO]     |  local epoch  : 3, acc 0.101
[2023-12-28 21:11:14] [INFO]     |  local epoch  : 4, acc 0.101
[2023-12-28 21:11:15] [INFO]     | distill epoch : 0, acc 0.101
[2023-12-28 21:11:15] [INFO]     | distill epoch : 1, acc 0.101
[2023-12-28 21:11:15] [INFO]     | distill epoch : 2, acc 0.101
[2023-12-28 21:11:15] [INFO]     | distill epoch : 3, acc 0.101
[2023-12-28 21:11:15] [INFO]     | distill epoch : 4, acc 0.101
[2023-12-28 21:11:15] [INFO] |servers comunicated: 1, server aggregated: 0, acc_server 0: 0.101.
[2023-12-28 21:11:15] [INFO] --------------------------------------------------
[2023-12-28 21:11:15] [INFO]   |server: 1
[2023-12-28 21:11:15] [INFO]    -client 3
[2023-12-28 21:11:15] [INFO]     |  local epoch  : 0, acc 0.089
[2023-12-28 21:11:15] [INFO]     |  local epoch  : 1, acc 0.089
[2023-12-28 21:11:15] [INFO]     |  local epoch  : 2, acc 0.089
[2023-12-28 21:11:15] [INFO]     |  local epoch  : 3, acc 0.089
[2023-12-28 21:11:15] [INFO]     |  local epoch  : 4, acc 0.089
[2023-12-28 21:11:15] [INFO]     | distill epoch : 0, acc 0.089
[2023-12-28 21:11:15] [INFO]     | distill epoch : 1, acc 0.089
[2023-12-28 21:11:15] [INFO]     | distill epoch : 2, acc 0.089
[2023-12-28 21:11:15] [INFO]     | distill epoch : 3, acc 0.089
[2023-12-28 21:11:15] [INFO]     | distill epoch : 4, acc 0.089
[2023-12-28 21:11:15] [INFO]    -client 4
[2023-12-28 21:11:15] [INFO]     |  local epoch  : 0, acc 0.089
[2023-12-28 21:11:15] [INFO]     |  local epoch  : 1, acc 0.089
[2023-12-28 21:11:15] [INFO]     |  local epoch  : 2, acc 0.089
[2023-12-28 21:11:15] [INFO]     |  local epoch  : 3, acc 0.089
[2023-12-28 21:11:15] [INFO]     |  local epoch  : 4, acc 0.089
[2023-12-28 21:11:16] [INFO]     | distill epoch : 0, acc 0.089
[2023-12-28 21:11:16] [INFO]     | distill epoch : 1, acc 0.089
[2023-12-28 21:11:16] [INFO]     | distill epoch : 2, acc 0.089
[2023-12-28 21:11:16] [INFO]     | distill epoch : 3, acc 0.089
[2023-12-28 21:11:16] [INFO]     | distill epoch : 4, acc 0.089
[2023-12-28 21:11:16] [INFO]    -client 5
[2023-12-28 21:11:16] [INFO]     |  local epoch  : 0, acc 0.089
[2023-12-28 21:11:16] [INFO]     |  local epoch  : 1, acc 0.089
[2023-12-28 21:11:16] [INFO]     |  local epoch  : 2, acc 0.089
[2023-12-28 21:11:16] [INFO]     |  local epoch  : 3, acc 0.089
[2023-12-28 21:11:16] [INFO]     |  local epoch  : 4, acc 0.089
[2023-12-28 21:11:16] [INFO]     | distill epoch : 0, acc 0.089
[2023-12-28 21:11:16] [INFO]     | distill epoch : 1, acc 0.089
[2023-12-28 21:11:16] [INFO]     | distill epoch : 2, acc 0.089
[2023-12-28 21:11:16] [INFO]     | distill epoch : 3, acc 0.089
[2023-12-28 21:11:16] [INFO]     | distill epoch : 4, acc 0.089
[2023-12-28 21:11:16] [INFO] |servers comunicated: 1, server aggregated: 0, acc_server 1: 0.089.
[2023-12-28 21:11:16] [INFO] --------------------------------------------------
[2023-12-28 21:11:16] [INFO]   |server: 2
[2023-12-28 21:11:16] [INFO]    -client 6
[2023-12-28 21:11:16] [INFO]     |  local epoch  : 0, acc 0.121
[2023-12-28 21:11:16] [INFO]     |  local epoch  : 1, acc 0.137
[2023-12-28 21:11:16] [INFO]     |  local epoch  : 2, acc 0.172
[2023-12-28 21:11:16] [INFO]     |  local epoch  : 3, acc 0.194
[2023-12-28 21:11:16] [INFO]     |  local epoch  : 4, acc 0.204
[2023-12-28 21:11:17] [INFO]     | distill epoch : 0, acc 0.197
[2023-12-28 21:11:17] [INFO]     | distill epoch : 1, acc 0.186
[2023-12-28 21:11:17] [INFO]     | distill epoch : 2, acc 0.169
[2023-12-28 21:11:17] [INFO]     | distill epoch : 3, acc 0.145
[2023-12-28 21:11:17] [INFO]     | distill epoch : 4, acc 0.127
[2023-12-28 21:11:17] [INFO]    -client 7
[2023-12-28 21:11:17] [INFO]     |  local epoch  : 0, acc 0.116
[2023-12-28 21:11:17] [INFO]     |  local epoch  : 1, acc 0.136
[2023-12-28 21:11:17] [INFO]     |  local epoch  : 2, acc 0.166
[2023-12-28 21:11:17] [INFO]     |  local epoch  : 3, acc 0.210
[2023-12-28 21:11:17] [INFO]     |  local epoch  : 4, acc 0.245
[2023-12-28 21:11:17] [INFO]     | distill epoch : 0, acc 0.215
[2023-12-28 21:11:17] [INFO]     | distill epoch : 1, acc 0.173
[2023-12-28 21:11:17] [INFO]     | distill epoch : 2, acc 0.138
[2023-12-28 21:11:17] [INFO]     | distill epoch : 3, acc 0.121
[2023-12-28 21:11:17] [INFO]     | distill epoch : 4, acc 0.115
[2023-12-28 21:11:17] [INFO]    -client 8
[2023-12-28 21:11:17] [INFO]     |  local epoch  : 0, acc 0.125
[2023-12-28 21:11:17] [INFO]     |  local epoch  : 1, acc 0.146
[2023-12-28 21:11:17] [INFO]     |  local epoch  : 2, acc 0.183
[2023-12-28 21:11:17] [INFO]     |  local epoch  : 3, acc 0.201
[2023-12-28 21:11:17] [INFO]     |  local epoch  : 4, acc 0.215
[2023-12-28 21:11:17] [INFO]     | distill epoch : 0, acc 0.211
[2023-12-28 21:11:18] [INFO]     | distill epoch : 1, acc 0.201
[2023-12-28 21:11:18] [INFO]     | distill epoch : 2, acc 0.181
[2023-12-28 21:11:18] [INFO]     | distill epoch : 3, acc 0.163
[2023-12-28 21:11:18] [INFO]     | distill epoch : 4, acc 0.144
[2023-12-28 21:11:18] [INFO] |servers comunicated: 1, server aggregated: 0, acc_server 2: 0.134.
[2023-12-28 21:11:18] [INFO] --------------------------------------------------
[2023-12-28 21:11:18] [INFO]  |epoch_client_commu: 1/2
[2023-12-28 21:11:18] [INFO]   |server: 0
[2023-12-28 21:11:18] [INFO]    -client 0
[2023-12-28 21:11:18] [INFO]     |  local epoch  : 0, acc 0.101
[2023-12-28 21:11:18] [INFO]     |  local epoch  : 1, acc 0.124
[2023-12-28 21:11:18] [INFO]     |  local epoch  : 2, acc 0.182
[2023-12-28 21:11:18] [INFO]     |  local epoch  : 3, acc 0.237
[2023-12-28 21:11:18] [INFO]     |  local epoch  : 4, acc 0.279
[2023-12-28 21:11:18] [INFO]     | distill epoch : 0, acc 0.293
[2023-12-28 21:11:18] [INFO]     | distill epoch : 1, acc 0.310
[2023-12-28 21:11:18] [INFO]     | distill epoch : 2, acc 0.321
[2023-12-28 21:11:18] [INFO]     | distill epoch : 3, acc 0.261
[2023-12-28 21:11:18] [INFO]     | distill epoch : 4, acc 0.200
[2023-12-28 21:11:18] [INFO]    -client 1
[2023-12-28 21:11:18] [INFO]     |  local epoch  : 0, acc 0.101
[2023-12-28 21:11:18] [INFO]     |  local epoch  : 1, acc 0.111
[2023-12-28 21:11:18] [INFO]     |  local epoch  : 2, acc 0.143
[2023-12-28 21:11:18] [INFO]     |  local epoch  : 3, acc 0.205
[2023-12-28 21:11:18] [INFO]     |  local epoch  : 4, acc 0.252
[2023-12-28 21:11:18] [INFO]     | distill epoch : 0, acc 0.264
[2023-12-28 21:11:19] [INFO]     | distill epoch : 1, acc 0.268
[2023-12-28 21:11:19] [INFO]     | distill epoch : 2, acc 0.249
[2023-12-28 21:11:19] [INFO]     | distill epoch : 3, acc 0.189
[2023-12-28 21:11:19] [INFO]     | distill epoch : 4, acc 0.164
[2023-12-28 21:11:19] [INFO]    -client 2
[2023-12-28 21:11:19] [INFO]     |  local epoch  : 0, acc 0.101
[2023-12-28 21:11:19] [INFO]     |  local epoch  : 1, acc 0.132
[2023-12-28 21:11:19] [INFO]     |  local epoch  : 2, acc 0.170
[2023-12-28 21:11:19] [INFO]     |  local epoch  : 3, acc 0.221
[2023-12-28 21:11:19] [INFO]     |  local epoch  : 4, acc 0.295
[2023-12-28 21:11:19] [INFO]     | distill epoch : 0, acc 0.323
[2023-12-28 21:11:19] [INFO]     | distill epoch : 1, acc 0.287
[2023-12-28 21:11:19] [INFO]     | distill epoch : 2, acc 0.204
[2023-12-28 21:11:19] [INFO]     | distill epoch : 3, acc 0.173
[2023-12-28 21:11:19] [INFO]     | distill epoch : 4, acc 0.168
[2023-12-28 21:11:19] [INFO] |servers comunicated: 1, server aggregated: 1, acc_server 0: 0.172.
[2023-12-28 21:11:19] [INFO] --------------------------------------------------
[2023-12-28 21:11:19] [INFO]   |server: 1
[2023-12-28 21:11:19] [INFO]    -client 3
[2023-12-28 21:11:19] [INFO]     |  local epoch  : 0, acc 0.089
[2023-12-28 21:11:19] [INFO]     |  local epoch  : 1, acc 0.089
[2023-12-28 21:11:19] [INFO]     |  local epoch  : 2, acc 0.089
[2023-12-28 21:11:19] [INFO]     |  local epoch  : 3, acc 0.089
[2023-12-28 21:11:19] [INFO]     |  local epoch  : 4, acc 0.091
[2023-12-28 21:11:19] [INFO]     | distill epoch : 0, acc 0.089
[2023-12-28 21:11:20] [INFO]     | distill epoch : 1, acc 0.089
[2023-12-28 21:11:20] [INFO]     | distill epoch : 2, acc 0.089
[2023-12-28 21:11:20] [INFO]     | distill epoch : 3, acc 0.089
[2023-12-28 21:11:20] [INFO]     | distill epoch : 4, acc 0.089
[2023-12-28 21:11:20] [INFO]    -client 4
[2023-12-28 21:11:20] [INFO]     |  local epoch  : 0, acc 0.089
[2023-12-28 21:11:20] [INFO]     |  local epoch  : 1, acc 0.089
[2023-12-28 21:11:20] [INFO]     |  local epoch  : 2, acc 0.089
[2023-12-28 21:11:20] [INFO]     |  local epoch  : 3, acc 0.089
[2023-12-28 21:11:20] [INFO]     |  local epoch  : 4, acc 0.089
[2023-12-28 21:11:20] [INFO]     | distill epoch : 0, acc 0.089
[2023-12-28 21:11:20] [INFO]     | distill epoch : 1, acc 0.089
[2023-12-28 21:11:20] [INFO]     | distill epoch : 2, acc 0.089
[2023-12-28 21:11:20] [INFO]     | distill epoch : 3, acc 0.089
[2023-12-28 21:11:20] [INFO]     | distill epoch : 4, acc 0.089
[2023-12-28 21:11:20] [INFO]    -client 5
[2023-12-28 21:11:20] [INFO]     |  local epoch  : 0, acc 0.089
[2023-12-28 21:11:20] [INFO]     |  local epoch  : 1, acc 0.089
[2023-12-28 21:11:20] [INFO]     |  local epoch  : 2, acc 0.089
[2023-12-28 21:11:20] [INFO]     |  local epoch  : 3, acc 0.090
[2023-12-28 21:11:20] [INFO]     |  local epoch  : 4, acc 0.096
[2023-12-28 21:11:20] [INFO]     | distill epoch : 0, acc 0.090
[2023-12-28 21:11:20] [INFO]     | distill epoch : 1, acc 0.089
[2023-12-28 21:11:21] [INFO]     | distill epoch : 2, acc 0.089
[2023-12-28 21:11:21] [INFO]     | distill epoch : 3, acc 0.089
[2023-12-28 21:11:21] [INFO]     | distill epoch : 4, acc 0.089
[2023-12-28 21:11:21] [INFO] |servers comunicated: 1, server aggregated: 1, acc_server 1: 0.089.
[2023-12-28 21:11:21] [INFO] --------------------------------------------------
[2023-12-28 21:11:21] [INFO]   |server: 2
[2023-12-28 21:11:21] [INFO]    -client 6
[2023-12-28 21:11:21] [INFO]     |  local epoch  : 0, acc 0.238
[2023-12-28 21:11:21] [INFO]     |  local epoch  : 1, acc 0.260
[2023-12-28 21:11:21] [INFO]     |  local epoch  : 2, acc 0.291
[2023-12-28 21:11:21] [INFO]     |  local epoch  : 3, acc 0.290
[2023-12-28 21:11:21] [INFO]     |  local epoch  : 4, acc 0.358
[2023-12-28 21:11:21] [INFO]     | distill epoch : 0, acc 0.310
[2023-12-28 21:11:21] [INFO]     | distill epoch : 1, acc 0.252
[2023-12-28 21:11:21] [INFO]     | distill epoch : 2, acc 0.200
[2023-12-28 21:11:21] [INFO]     | distill epoch : 3, acc 0.161
[2023-12-28 21:11:21] [INFO]     | distill epoch : 4, acc 0.138
[2023-12-28 21:11:21] [INFO]    -client 7
[2023-12-28 21:11:21] [INFO]     |  local epoch  : 0, acc 0.233
[2023-12-28 21:11:21] [INFO]     |  local epoch  : 1, acc 0.249
[2023-12-28 21:11:21] [INFO]     |  local epoch  : 2, acc 0.249
[2023-12-28 21:11:21] [INFO]     |  local epoch  : 3, acc 0.313
[2023-12-28 21:11:21] [INFO]     |  local epoch  : 4, acc 0.334
[2023-12-28 21:11:21] [INFO]     | distill epoch : 0, acc 0.304
[2023-12-28 21:11:22] [INFO]     | distill epoch : 1, acc 0.267
[2023-12-28 21:11:22] [INFO]     | distill epoch : 2, acc 0.233
[2023-12-28 21:11:22] [INFO]     | distill epoch : 3, acc 0.203
[2023-12-28 21:11:22] [INFO]     | distill epoch : 4, acc 0.173
[2023-12-28 21:11:22] [INFO]    -client 8
[2023-12-28 21:11:22] [INFO]     |  local epoch  : 0, acc 0.239
[2023-12-28 21:11:22] [INFO]     |  local epoch  : 1, acc 0.242
[2023-12-28 21:11:22] [INFO]     |  local epoch  : 2, acc 0.281
[2023-12-28 21:11:22] [INFO]     |  local epoch  : 3, acc 0.330
[2023-12-28 21:11:22] [INFO]     |  local epoch  : 4, acc 0.374
[2023-12-28 21:11:22] [INFO]     | distill epoch : 0, acc 0.351
[2023-12-28 21:11:22] [INFO]     | distill epoch : 1, acc 0.319
[2023-12-28 21:11:22] [INFO]     | distill epoch : 2, acc 0.274
[2023-12-28 21:11:22] [INFO]     | distill epoch : 3, acc 0.227
[2023-12-28 21:11:22] [INFO]     | distill epoch : 4, acc 0.180
[2023-12-28 21:11:22] [INFO] |servers comunicated: 1, server aggregated: 1, acc_server 2: 0.167.
[2023-12-28 21:11:22] [INFO] --------------------------------------------------
[2023-12-28 21:11:22] [INFO]      ********  servers comunicates  ********      
[2023-12-28 21:11:22] [INFO] ./data/saved-data/mnist_algo_0/alpha_0.5_T_8/server_commu_2_client_commu_2_client_train_5_batch_size_200_num_all_client_9_num_all_server_3_num_client_data_1200_num_public_data_50_proportion_0.8.pt
