[2023-12-28 21:43:25] [INFO] device cuda is used.
[2023-12-28 21:43:25] [INFO] cudnn is actived.
[2023-12-28 21:43:25] [INFO] 
           alpha       :  0.5  
             T         :   8   
         algorithm     :   0   
     num_server_commu  :   6   
     num_client_commu  :   2   
     num_client_train  :   5   
     num_public_train  :   5   
        batch_size     :  200  
          dataset      : mnist 
       model_select    :   1   
      num_all_client   :   9   
      num_all_server   :   3   
      num_client_data  : 1200  
      num_public_data  :  50   
        proportion     :  0.8  

[2023-12-28 21:43:32] [INFO] --------------------------------------------------
[2023-12-28 21:43:32] [INFO] |epoch_server_commu: 0/6
[2023-12-28 21:43:32] [INFO]  |epoch_client_commu: 0/2
[2023-12-28 21:43:32] [INFO]   |server: 0
[2023-12-28 21:43:32] [INFO]    -client 0
[2023-12-28 21:43:33] [INFO]     |  local epoch  : 0, acc 0.103
[2023-12-28 21:43:33] [INFO]     |  local epoch  : 1, acc 0.103
[2023-12-28 21:43:33] [INFO]     |  local epoch  : 2, acc 0.103
[2023-12-28 21:43:33] [INFO]     |  local epoch  : 3, acc 0.103
[2023-12-28 21:43:33] [INFO]     |  local epoch  : 4, acc 0.103
[2023-12-28 21:43:33] [INFO]    -client 1
[2023-12-28 21:43:33] [INFO]     |  local epoch  : 0, acc 0.103
[2023-12-28 21:43:33] [INFO]     |  local epoch  : 1, acc 0.103
[2023-12-28 21:43:33] [INFO]     |  local epoch  : 2, acc 0.103
[2023-12-28 21:43:33] [INFO]     |  local epoch  : 3, acc 0.103
[2023-12-28 21:43:33] [INFO]     |  local epoch  : 4, acc 0.103
[2023-12-28 21:43:33] [INFO]    -client 2
[2023-12-28 21:43:33] [INFO]     |  local epoch  : 0, acc 0.103
[2023-12-28 21:43:33] [INFO]     |  local epoch  : 1, acc 0.103
[2023-12-28 21:43:33] [INFO]     |  local epoch  : 2, acc 0.103
[2023-12-28 21:43:33] [INFO]     |  local epoch  : 3, acc 0.103
[2023-12-28 21:43:33] [INFO]     |  local epoch  : 4, acc 0.103
[2023-12-28 21:43:33] [INFO] |servers comunicated: 0, server aggregated: 0, acc_server 0: 0.103.
[2023-12-28 21:43:33] [INFO] --------------------------------------------------
[2023-12-28 21:43:33] [INFO]   |server: 1
[2023-12-28 21:43:33] [INFO]    -client 3
[2023-12-28 21:43:33] [INFO]     |  local epoch  : 0, acc 0.101
[2023-12-28 21:43:33] [INFO]     |  local epoch  : 1, acc 0.103
[2023-12-28 21:43:33] [INFO]     |  local epoch  : 2, acc 0.103
[2023-12-28 21:43:34] [INFO]     |  local epoch  : 3, acc 0.103
[2023-12-28 21:43:34] [INFO]     |  local epoch  : 4, acc 0.103
[2023-12-28 21:43:34] [INFO]    -client 4
[2023-12-28 21:43:34] [INFO]     |  local epoch  : 0, acc 0.101
[2023-12-28 21:43:34] [INFO]     |  local epoch  : 1, acc 0.103
[2023-12-28 21:43:34] [INFO]     |  local epoch  : 2, acc 0.103
[2023-12-28 21:43:34] [INFO]     |  local epoch  : 3, acc 0.103
[2023-12-28 21:43:34] [INFO]     |  local epoch  : 4, acc 0.103
[2023-12-28 21:43:34] [INFO]    -client 5
[2023-12-28 21:43:34] [INFO]     |  local epoch  : 0, acc 0.101
[2023-12-28 21:43:34] [INFO]     |  local epoch  : 1, acc 0.103
[2023-12-28 21:43:34] [INFO]     |  local epoch  : 2, acc 0.103
[2023-12-28 21:43:34] [INFO]     |  local epoch  : 3, acc 0.103
[2023-12-28 21:43:34] [INFO]     |  local epoch  : 4, acc 0.103
[2023-12-28 21:43:34] [INFO] |servers comunicated: 0, server aggregated: 0, acc_server 1: 0.103.
[2023-12-28 21:43:34] [INFO] --------------------------------------------------
[2023-12-28 21:43:34] [INFO]   |server: 2
[2023-12-28 21:43:34] [INFO]    -client 6
[2023-12-28 21:43:34] [INFO]     |  local epoch  : 0, acc 0.101
[2023-12-28 21:43:34] [INFO]     |  local epoch  : 1, acc 0.101
[2023-12-28 21:43:34] [INFO]     |  local epoch  : 2, acc 0.101
[2023-12-28 21:43:34] [INFO]     |  local epoch  : 3, acc 0.101
[2023-12-28 21:43:34] [INFO]     |  local epoch  : 4, acc 0.101
[2023-12-28 21:43:34] [INFO]    -client 7
[2023-12-28 21:43:34] [INFO]     |  local epoch  : 0, acc 0.101
[2023-12-28 21:43:34] [INFO]     |  local epoch  : 1, acc 0.101
[2023-12-28 21:43:35] [INFO]     |  local epoch  : 2, acc 0.101
[2023-12-28 21:43:35] [INFO]     |  local epoch  : 3, acc 0.101
[2023-12-28 21:43:35] [INFO]     |  local epoch  : 4, acc 0.101
[2023-12-28 21:43:35] [INFO]    -client 8
[2023-12-28 21:43:35] [INFO]     |  local epoch  : 0, acc 0.101
[2023-12-28 21:43:35] [INFO]     |  local epoch  : 1, acc 0.101
[2023-12-28 21:43:35] [INFO]     |  local epoch  : 2, acc 0.101
[2023-12-28 21:43:35] [INFO]     |  local epoch  : 3, acc 0.101
[2023-12-28 21:43:35] [INFO]     |  local epoch  : 4, acc 0.101
[2023-12-28 21:43:35] [INFO] |servers comunicated: 0, server aggregated: 0, acc_server 2: 0.101.
[2023-12-28 21:43:35] [INFO] --------------------------------------------------
[2023-12-28 21:43:35] [INFO]  |epoch_client_commu: 1/2
[2023-12-28 21:43:35] [INFO]   |server: 0
[2023-12-28 21:43:35] [INFO]    -client 0
[2023-12-28 21:43:35] [INFO]     |  local epoch  : 0, acc 0.103
[2023-12-28 21:43:35] [INFO]     |  local epoch  : 1, acc 0.103
[2023-12-28 21:43:35] [INFO]     |  local epoch  : 2, acc 0.103
[2023-12-28 21:43:35] [INFO]     |  local epoch  : 3, acc 0.103
[2023-12-28 21:43:35] [INFO]     |  local epoch  : 4, acc 0.103
[2023-12-28 21:43:35] [INFO]    -client 1
[2023-12-28 21:43:35] [INFO]     |  local epoch  : 0, acc 0.103
[2023-12-28 21:43:35] [INFO]     |  local epoch  : 1, acc 0.103
[2023-12-28 21:43:35] [INFO]     |  local epoch  : 2, acc 0.103
[2023-12-28 21:43:35] [INFO]     |  local epoch  : 3, acc 0.103
[2023-12-28 21:43:35] [INFO]     |  local epoch  : 4, acc 0.103
[2023-12-28 21:43:35] [INFO]    -client 2
[2023-12-28 21:43:35] [INFO]     |  local epoch  : 0, acc 0.103
[2023-12-28 21:43:36] [INFO]     |  local epoch  : 1, acc 0.103
[2023-12-28 21:43:36] [INFO]     |  local epoch  : 2, acc 0.103
[2023-12-28 21:43:36] [INFO]     |  local epoch  : 3, acc 0.103
[2023-12-28 21:43:36] [INFO]     |  local epoch  : 4, acc 0.103
[2023-12-28 21:43:36] [INFO] |servers comunicated: 0, server aggregated: 1, acc_server 0: 0.103.
[2023-12-28 21:43:36] [INFO] --------------------------------------------------
[2023-12-28 21:43:36] [INFO]   |server: 1
[2023-12-28 21:43:36] [INFO]    -client 3
[2023-12-28 21:43:36] [INFO]     |  local epoch  : 0, acc 0.103
[2023-12-28 21:43:36] [INFO]     |  local epoch  : 1, acc 0.103
[2023-12-28 21:43:36] [INFO]     |  local epoch  : 2, acc 0.103
[2023-12-28 21:43:36] [INFO]     |  local epoch  : 3, acc 0.103
[2023-12-28 21:43:36] [INFO]     |  local epoch  : 4, acc 0.103
[2023-12-28 21:43:36] [INFO]    -client 4
[2023-12-28 21:43:36] [INFO]     |  local epoch  : 0, acc 0.103
[2023-12-28 21:43:36] [INFO]     |  local epoch  : 1, acc 0.103
[2023-12-28 21:43:36] [INFO]     |  local epoch  : 2, acc 0.103
[2023-12-28 21:43:36] [INFO]     |  local epoch  : 3, acc 0.103
[2023-12-28 21:43:36] [INFO]     |  local epoch  : 4, acc 0.103
[2023-12-28 21:43:36] [INFO]    -client 5
[2023-12-28 21:43:36] [INFO]     |  local epoch  : 0, acc 0.103
[2023-12-28 21:43:36] [INFO]     |  local epoch  : 1, acc 0.103
[2023-12-28 21:43:36] [INFO]     |  local epoch  : 2, acc 0.103
[2023-12-28 21:43:36] [INFO]     |  local epoch  : 3, acc 0.103
[2023-12-28 21:43:36] [INFO]     |  local epoch  : 4, acc 0.103
[2023-12-28 21:43:37] [INFO] |servers comunicated: 0, server aggregated: 1, acc_server 1: 0.103.
[2023-12-28 21:43:37] [INFO] --------------------------------------------------
[2023-12-28 21:43:37] [INFO]   |server: 2
[2023-12-28 21:43:37] [INFO]    -client 6
[2023-12-28 21:43:37] [INFO]     |  local epoch  : 0, acc 0.101
[2023-12-28 21:43:37] [INFO]     |  local epoch  : 1, acc 0.101
[2023-12-28 21:43:37] [INFO]     |  local epoch  : 2, acc 0.101
[2023-12-28 21:43:37] [INFO]     |  local epoch  : 3, acc 0.101
[2023-12-28 21:43:37] [INFO]     |  local epoch  : 4, acc 0.101
[2023-12-28 21:43:37] [INFO]    -client 7
[2023-12-28 21:43:37] [INFO]     |  local epoch  : 0, acc 0.101
[2023-12-28 21:43:37] [INFO]     |  local epoch  : 1, acc 0.101
[2023-12-28 21:43:37] [INFO]     |  local epoch  : 2, acc 0.101
[2023-12-28 21:43:37] [INFO]     |  local epoch  : 3, acc 0.101
[2023-12-28 21:43:37] [INFO]     |  local epoch  : 4, acc 0.101
[2023-12-28 21:43:37] [INFO]    -client 8
[2023-12-28 21:43:37] [INFO]     |  local epoch  : 0, acc 0.101
[2023-12-28 21:43:37] [INFO]     |  local epoch  : 1, acc 0.101
[2023-12-28 21:43:37] [INFO]     |  local epoch  : 2, acc 0.101
[2023-12-28 21:43:37] [INFO]     |  local epoch  : 3, acc 0.101
[2023-12-28 21:43:37] [INFO]     |  local epoch  : 4, acc 0.101
[2023-12-28 21:43:37] [INFO] |servers comunicated: 0, server aggregated: 1, acc_server 2: 0.101.
[2023-12-28 21:43:37] [INFO] --------------------------------------------------
[2023-12-28 21:43:37] [INFO]      ********  servers comunicates  ********      
[2023-12-28 21:43:37] [INFO] --------------------------------------------------
[2023-12-28 21:43:37] [INFO] |epoch_server_commu: 1/6
[2023-12-28 21:43:37] [INFO]  |epoch_client_commu: 0/2
[2023-12-28 21:43:37] [INFO]   |server: 0
[2023-12-28 21:43:37] [INFO]    -client 0
[2023-12-28 21:43:37] [INFO]     |  local epoch  : 0, acc 0.103
[2023-12-28 21:43:37] [INFO]     |  local epoch  : 1, acc 0.103
[2023-12-28 21:43:37] [INFO]     |  local epoch  : 2, acc 0.103
[2023-12-28 21:43:38] [INFO]     |  local epoch  : 3, acc 0.103
[2023-12-28 21:43:38] [INFO]     |  local epoch  : 4, acc 0.103
[2023-12-28 21:43:38] [INFO]     | distill epoch : 0, acc 0.103
[2023-12-28 21:43:38] [INFO]     | distill epoch : 1, acc 0.103
[2023-12-28 21:43:38] [INFO]     | distill epoch : 2, acc 0.103
[2023-12-28 21:43:38] [INFO]     | distill epoch : 3, acc 0.103
[2023-12-28 21:43:38] [INFO]     | distill epoch : 4, acc 0.103
[2023-12-28 21:43:38] [INFO]    -client 1
[2023-12-28 21:43:38] [INFO]     |  local epoch  : 0, acc 0.103
[2023-12-28 21:43:38] [INFO]     |  local epoch  : 1, acc 0.103
[2023-12-28 21:43:38] [INFO]     |  local epoch  : 2, acc 0.103
[2023-12-28 21:43:38] [INFO]     |  local epoch  : 3, acc 0.103
[2023-12-28 21:43:38] [INFO]     |  local epoch  : 4, acc 0.103
[2023-12-28 21:43:38] [INFO]     | distill epoch : 0, acc 0.103
[2023-12-28 21:43:38] [INFO]     | distill epoch : 1, acc 0.103
[2023-12-28 21:43:38] [INFO]     | distill epoch : 2, acc 0.103
[2023-12-28 21:43:38] [INFO]     | distill epoch : 3, acc 0.103
[2023-12-28 21:43:39] [INFO]     | distill epoch : 4, acc 0.105
[2023-12-28 21:43:39] [INFO]    -client 2
[2023-12-28 21:43:39] [INFO]     |  local epoch  : 0, acc 0.103
[2023-12-28 21:43:39] [INFO]     |  local epoch  : 1, acc 0.103
[2023-12-28 21:43:39] [INFO]     |  local epoch  : 2, acc 0.103
[2023-12-28 21:43:39] [INFO]     |  local epoch  : 3, acc 0.103
[2023-12-28 21:43:39] [INFO]     |  local epoch  : 4, acc 0.103
[2023-12-28 21:43:39] [INFO]     | distill epoch : 0, acc 0.103
[2023-12-28 21:43:39] [INFO]     | distill epoch : 1, acc 0.103
[2023-12-28 21:43:39] [INFO]     | distill epoch : 2, acc 0.103
[2023-12-28 21:43:39] [INFO]     | distill epoch : 3, acc 0.104
[2023-12-28 21:43:39] [INFO]     | distill epoch : 4, acc 0.107
[2023-12-28 21:43:39] [INFO] |servers comunicated: 1, server aggregated: 0, acc_server 0: 0.104.
[2023-12-28 21:43:39] [INFO] --------------------------------------------------
[2023-12-28 21:43:39] [INFO]   |server: 1
[2023-12-28 21:43:39] [INFO]    -client 3
[2023-12-28 21:43:39] [INFO]     |  local epoch  : 0, acc 0.103
[2023-12-28 21:43:39] [INFO]     |  local epoch  : 1, acc 0.103
[2023-12-28 21:43:39] [INFO]     |  local epoch  : 2, acc 0.103
[2023-12-28 21:43:39] [INFO]     |  local epoch  : 3, acc 0.103
[2023-12-28 21:43:39] [INFO]     |  local epoch  : 4, acc 0.103
[2023-12-28 21:43:39] [INFO]     | distill epoch : 0, acc 0.103
[2023-12-28 21:43:39] [INFO]     | distill epoch : 1, acc 0.106
[2023-12-28 21:43:39] [INFO]     | distill epoch : 2, acc 0.119
[2023-12-28 21:43:39] [INFO]     | distill epoch : 3, acc 0.139
[2023-12-28 21:43:40] [INFO]     | distill epoch : 4, acc 0.162
[2023-12-28 21:43:40] [INFO]    -client 4
[2023-12-28 21:43:40] [INFO]     |  local epoch  : 0, acc 0.103
[2023-12-28 21:43:40] [INFO]     |  local epoch  : 1, acc 0.103
[2023-12-28 21:43:40] [INFO]     |  local epoch  : 2, acc 0.103
[2023-12-28 21:43:40] [INFO]     |  local epoch  : 3, acc 0.103
[2023-12-28 21:43:40] [INFO]     |  local epoch  : 4, acc 0.103
[2023-12-28 21:43:40] [INFO]     | distill epoch : 0, acc 0.103
[2023-12-28 21:43:40] [INFO]     | distill epoch : 1, acc 0.109
[2023-12-28 21:43:40] [INFO]     | distill epoch : 2, acc 0.124
[2023-12-28 21:43:40] [INFO]     | distill epoch : 3, acc 0.142
[2023-12-28 21:43:40] [INFO]     | distill epoch : 4, acc 0.161
[2023-12-28 21:43:40] [INFO]    -client 5
[2023-12-28 21:43:40] [INFO]     |  local epoch  : 0, acc 0.103
[2023-12-28 21:43:40] [INFO]     |  local epoch  : 1, acc 0.103
[2023-12-28 21:43:40] [INFO]     |  local epoch  : 2, acc 0.103
[2023-12-28 21:43:40] [INFO]     |  local epoch  : 3, acc 0.103
[2023-12-28 21:43:40] [INFO]     |  local epoch  : 4, acc 0.103
[2023-12-28 21:43:40] [INFO]     | distill epoch : 0, acc 0.103
[2023-12-28 21:43:40] [INFO]     | distill epoch : 1, acc 0.105
[2023-12-28 21:43:40] [INFO]     | distill epoch : 2, acc 0.114
[2023-12-28 21:43:40] [INFO]     | distill epoch : 3, acc 0.140
[2023-12-28 21:43:40] [INFO]     | distill epoch : 4, acc 0.177
[2023-12-28 21:43:41] [INFO] |servers comunicated: 1, server aggregated: 0, acc_server 1: 0.174.
[2023-12-28 21:43:41] [INFO] --------------------------------------------------
[2023-12-28 21:43:41] [INFO]   |server: 2
[2023-12-28 21:43:41] [INFO]    -client 6
[2023-12-28 21:43:41] [INFO]     |  local epoch  : 0, acc 0.101
[2023-12-28 21:43:41] [INFO]     |  local epoch  : 1, acc 0.101
[2023-12-28 21:43:41] [INFO]     |  local epoch  : 2, acc 0.101
[2023-12-28 21:43:41] [INFO]     |  local epoch  : 3, acc 0.101
[2023-12-28 21:43:41] [INFO]     |  local epoch  : 4, acc 0.101
[2023-12-28 21:43:41] [INFO]     | distill epoch : 0, acc 0.101
[2023-12-28 21:43:41] [INFO]     | distill epoch : 1, acc 0.101
[2023-12-28 21:43:41] [INFO]     | distill epoch : 2, acc 0.101
[2023-12-28 21:43:41] [INFO]     | distill epoch : 3, acc 0.101
[2023-12-28 21:43:41] [INFO]     | distill epoch : 4, acc 0.101
[2023-12-28 21:43:41] [INFO]    -client 7
[2023-12-28 21:43:41] [INFO]     |  local epoch  : 0, acc 0.101
[2023-12-28 21:43:41] [INFO]     |  local epoch  : 1, acc 0.101
[2023-12-28 21:43:41] [INFO]     |  local epoch  : 2, acc 0.101
[2023-12-28 21:43:41] [INFO]     |  local epoch  : 3, acc 0.101
[2023-12-28 21:43:41] [INFO]     |  local epoch  : 4, acc 0.101
[2023-12-28 21:43:41] [INFO]     | distill epoch : 0, acc 0.101
[2023-12-28 21:43:41] [INFO]     | distill epoch : 1, acc 0.101
[2023-12-28 21:43:41] [INFO]     | distill epoch : 2, acc 0.101
[2023-12-28 21:43:41] [INFO]     | distill epoch : 3, acc 0.101
[2023-12-28 21:43:42] [INFO]     | distill epoch : 4, acc 0.101
[2023-12-28 21:43:42] [INFO]    -client 8
[2023-12-28 21:43:42] [INFO]     |  local epoch  : 0, acc 0.101
[2023-12-28 21:43:42] [INFO]     |  local epoch  : 1, acc 0.101
[2023-12-28 21:43:42] [INFO]     |  local epoch  : 2, acc 0.101
[2023-12-28 21:43:42] [INFO]     |  local epoch  : 3, acc 0.101
[2023-12-28 21:43:42] [INFO]     |  local epoch  : 4, acc 0.101
[2023-12-28 21:43:42] [INFO]     | distill epoch : 0, acc 0.101
[2023-12-28 21:43:42] [INFO]     | distill epoch : 1, acc 0.101
[2023-12-28 21:43:42] [INFO]     | distill epoch : 2, acc 0.101
[2023-12-28 21:43:42] [INFO]     | distill epoch : 3, acc 0.101
[2023-12-28 21:43:42] [INFO]     | distill epoch : 4, acc 0.101
[2023-12-28 21:43:42] [INFO] |servers comunicated: 1, server aggregated: 0, acc_server 2: 0.101.
[2023-12-28 21:43:42] [INFO] --------------------------------------------------
[2023-12-28 21:43:42] [INFO]  |epoch_client_commu: 1/2
[2023-12-28 21:43:42] [INFO]   |server: 0
[2023-12-28 21:43:42] [INFO]    -client 0
[2023-12-28 21:43:42] [INFO]     |  local epoch  : 0, acc 0.103
[2023-12-28 21:43:42] [INFO]     |  local epoch  : 1, acc 0.103
[2023-12-28 21:43:42] [INFO]     |  local epoch  : 2, acc 0.104
[2023-12-28 21:43:42] [INFO]     |  local epoch  : 3, acc 0.112
[2023-12-28 21:43:42] [INFO]     |  local epoch  : 4, acc 0.141
[2023-12-28 21:43:42] [INFO]     | distill epoch : 0, acc 0.171
[2023-12-28 21:43:42] [INFO]     | distill epoch : 1, acc 0.215
[2023-12-28 21:43:42] [INFO]     | distill epoch : 2, acc 0.274
[2023-12-28 21:43:42] [INFO]     | distill epoch : 3, acc 0.330
[2023-12-28 21:43:43] [INFO]     | distill epoch : 4, acc 0.365
[2023-12-28 21:43:43] [INFO]    -client 1
[2023-12-28 21:43:43] [INFO]     |  local epoch  : 0, acc 0.103
[2023-12-28 21:43:43] [INFO]     |  local epoch  : 1, acc 0.103
[2023-12-28 21:43:43] [INFO]     |  local epoch  : 2, acc 0.106
[2023-12-28 21:43:43] [INFO]     |  local epoch  : 3, acc 0.114
[2023-12-28 21:43:43] [INFO]     |  local epoch  : 4, acc 0.137
[2023-12-28 21:43:43] [INFO]     | distill epoch : 0, acc 0.158
[2023-12-28 21:43:43] [INFO]     | distill epoch : 1, acc 0.192
[2023-12-28 21:43:43] [INFO]     | distill epoch : 2, acc 0.232
[2023-12-28 21:43:43] [INFO]     | distill epoch : 3, acc 0.284
[2023-12-28 21:43:43] [INFO]     | distill epoch : 4, acc 0.328
[2023-12-28 21:43:43] [INFO]    -client 2
[2023-12-28 21:43:43] [INFO]     |  local epoch  : 0, acc 0.103
[2023-12-28 21:43:43] [INFO]     |  local epoch  : 1, acc 0.103
[2023-12-28 21:43:43] [INFO]     |  local epoch  : 2, acc 0.108
[2023-12-28 21:43:43] [INFO]     |  local epoch  : 3, acc 0.123
[2023-12-28 21:43:43] [INFO]     |  local epoch  : 4, acc 0.146
[2023-12-28 21:43:43] [INFO]     | distill epoch : 0, acc 0.171
[2023-12-28 21:43:43] [INFO]     | distill epoch : 1, acc 0.209
[2023-12-28 21:43:43] [INFO]     | distill epoch : 2, acc 0.247
[2023-12-28 21:43:43] [INFO]     | distill epoch : 3, acc 0.283
[2023-12-28 21:43:43] [INFO]     | distill epoch : 4, acc 0.322
[2023-12-28 21:43:44] [INFO] |servers comunicated: 1, server aggregated: 1, acc_server 0: 0.313.
[2023-12-28 21:43:44] [INFO] --------------------------------------------------
[2023-12-28 21:43:44] [INFO]   |server: 1
[2023-12-28 21:43:44] [INFO]    -client 3
[2023-12-28 21:43:44] [INFO]     |  local epoch  : 0, acc 0.103
[2023-12-28 21:43:44] [INFO]     |  local epoch  : 1, acc 0.117
[2023-12-28 21:43:44] [INFO]     |  local epoch  : 2, acc 0.145
[2023-12-28 21:43:44] [INFO]     |  local epoch  : 3, acc 0.209
[2023-12-28 21:43:44] [INFO]     |  local epoch  : 4, acc 0.248
[2023-12-28 21:43:44] [INFO]     | distill epoch : 0, acc 0.264
[2023-12-28 21:43:44] [INFO]     | distill epoch : 1, acc 0.285
[2023-12-28 21:43:44] [INFO]     | distill epoch : 2, acc 0.321
[2023-12-28 21:43:44] [INFO]     | distill epoch : 3, acc 0.364
[2023-12-28 21:43:44] [INFO]     | distill epoch : 4, acc 0.387
[2023-12-28 21:43:44] [INFO]    -client 4
[2023-12-28 21:43:44] [INFO]     |  local epoch  : 0, acc 0.103
[2023-12-28 21:43:44] [INFO]     |  local epoch  : 1, acc 0.113
[2023-12-28 21:43:44] [INFO]     |  local epoch  : 2, acc 0.145
[2023-12-28 21:43:44] [INFO]     |  local epoch  : 3, acc 0.223
[2023-12-28 21:43:44] [INFO]     |  local epoch  : 4, acc 0.285
[2023-12-28 21:43:44] [INFO]     | distill epoch : 0, acc 0.362
[2023-12-28 21:43:44] [INFO]     | distill epoch : 1, acc 0.393
[2023-12-28 21:43:44] [INFO]     | distill epoch : 2, acc 0.390
[2023-12-28 21:43:44] [INFO]     | distill epoch : 3, acc 0.382
[2023-12-28 21:43:44] [INFO]     | distill epoch : 4, acc 0.390
[2023-12-28 21:43:44] [INFO]    -client 5
[2023-12-28 21:43:45] [INFO]     |  local epoch  : 0, acc 0.103
[2023-12-28 21:43:45] [INFO]     |  local epoch  : 1, acc 0.112
[2023-12-28 21:43:45] [INFO]     |  local epoch  : 2, acc 0.136
[2023-12-28 21:43:45] [INFO]     |  local epoch  : 3, acc 0.174
[2023-12-28 21:43:45] [INFO]     |  local epoch  : 4, acc 0.282
[2023-12-28 21:43:45] [INFO]     | distill epoch : 0, acc 0.312
[2023-12-28 21:43:45] [INFO]     | distill epoch : 1, acc 0.318
[2023-12-28 21:43:45] [INFO]     | distill epoch : 2, acc 0.327
[2023-12-28 21:43:45] [INFO]     | distill epoch : 3, acc 0.340
[2023-12-28 21:43:45] [INFO]     | distill epoch : 4, acc 0.371
[2023-12-28 21:43:45] [INFO] |servers comunicated: 1, server aggregated: 1, acc_server 1: 0.400.
[2023-12-28 21:43:45] [INFO] --------------------------------------------------
[2023-12-28 21:43:45] [INFO]   |server: 2
[2023-12-28 21:43:45] [INFO]    -client 6
[2023-12-28 21:43:45] [INFO]     |  local epoch  : 0, acc 0.101
[2023-12-28 21:43:45] [INFO]     |  local epoch  : 1, acc 0.101
[2023-12-28 21:43:45] [INFO]     |  local epoch  : 2, acc 0.101
[2023-12-28 21:43:45] [INFO]     |  local epoch  : 3, acc 0.103
[2023-12-28 21:43:45] [INFO]     |  local epoch  : 4, acc 0.116
[2023-12-28 21:43:45] [INFO]     | distill epoch : 0, acc 0.136
[2023-12-28 21:43:45] [INFO]     | distill epoch : 1, acc 0.168
[2023-12-28 21:43:45] [INFO]     | distill epoch : 2, acc 0.204
[2023-12-28 21:43:46] [INFO]     | distill epoch : 3, acc 0.238
[2023-12-28 21:43:46] [INFO]     | distill epoch : 4, acc 0.282
[2023-12-28 21:43:46] [INFO]    -client 7
[2023-12-28 21:43:46] [INFO]     |  local epoch  : 0, acc 0.101
[2023-12-28 21:43:46] [INFO]     |  local epoch  : 1, acc 0.101
[2023-12-28 21:43:46] [INFO]     |  local epoch  : 2, acc 0.101
[2023-12-28 21:43:46] [INFO]     |  local epoch  : 3, acc 0.101
[2023-12-28 21:43:46] [INFO]     |  local epoch  : 4, acc 0.105
[2023-12-28 21:43:46] [INFO]     | distill epoch : 0, acc 0.115
[2023-12-28 21:43:46] [INFO]     | distill epoch : 1, acc 0.132
[2023-12-28 21:43:46] [INFO]     | distill epoch : 2, acc 0.161
[2023-12-28 21:43:46] [INFO]     | distill epoch : 3, acc 0.189
[2023-12-28 21:43:46] [INFO]     | distill epoch : 4, acc 0.217
[2023-12-28 21:43:46] [INFO]    -client 8
[2023-12-28 21:43:46] [INFO]     |  local epoch  : 0, acc 0.101
[2023-12-28 21:43:46] [INFO]     |  local epoch  : 1, acc 0.101
[2023-12-28 21:43:46] [INFO]     |  local epoch  : 2, acc 0.101
[2023-12-28 21:43:46] [INFO]     |  local epoch  : 3, acc 0.101
[2023-12-28 21:43:46] [INFO]     |  local epoch  : 4, acc 0.102
[2023-12-28 21:43:46] [INFO]     | distill epoch : 0, acc 0.105
[2023-12-28 21:43:46] [INFO]     | distill epoch : 1, acc 0.117
[2023-12-28 21:43:46] [INFO]     | distill epoch : 2, acc 0.145
[2023-12-28 21:43:46] [INFO]     | distill epoch : 3, acc 0.195
[2023-12-28 21:43:47] [INFO]     | distill epoch : 4, acc 0.243
[2023-12-28 21:43:47] [INFO] |servers comunicated: 1, server aggregated: 1, acc_server 2: 0.249.
[2023-12-28 21:43:47] [INFO] --------------------------------------------------
[2023-12-28 21:43:47] [INFO]      ********  servers comunicates  ********      
[2023-12-28 21:43:47] [INFO] --------------------------------------------------
[2023-12-28 21:43:47] [INFO] |epoch_server_commu: 2/6
[2023-12-28 21:43:47] [INFO]  |epoch_client_commu: 0/2
[2023-12-28 21:43:47] [INFO]   |server: 0
[2023-12-28 21:43:47] [INFO]    -client 0
[2023-12-28 21:43:47] [INFO]     |  local epoch  : 0, acc 0.132
[2023-12-28 21:43:47] [INFO]     |  local epoch  : 1, acc 0.172
[2023-12-28 21:43:47] [INFO]     |  local epoch  : 2, acc 0.248
[2023-12-28 21:43:47] [INFO]     |  local epoch  : 3, acc 0.292
[2023-12-28 21:43:47] [INFO]     |  local epoch  : 4, acc 0.374
[2023-12-28 21:43:47] [INFO]     | distill epoch : 0, acc 0.445
[2023-12-28 21:43:47] [INFO]     | distill epoch : 1, acc 0.495
[2023-12-28 21:43:47] [INFO]     | distill epoch : 2, acc 0.531
[2023-12-28 21:43:47] [INFO]     | distill epoch : 3, acc 0.555
[2023-12-28 21:43:47] [INFO]     | distill epoch : 4, acc 0.568
[2023-12-28 21:43:47] [INFO]    -client 1
[2023-12-28 21:43:47] [INFO]     |  local epoch  : 0, acc 0.131
[2023-12-28 21:43:47] [INFO]     |  local epoch  : 1, acc 0.169
[2023-12-28 21:43:47] [INFO]     |  local epoch  : 2, acc 0.230
[2023-12-28 21:43:47] [INFO]     |  local epoch  : 3, acc 0.260
[2023-12-28 21:43:47] [INFO]     |  local epoch  : 4, acc 0.284
[2023-12-28 21:43:47] [INFO]     | distill epoch : 0, acc 0.349
[2023-12-28 21:43:47] [INFO]     | distill epoch : 1, acc 0.426
[2023-12-28 21:43:47] [INFO]     | distill epoch : 2, acc 0.485
[2023-12-28 21:43:47] [INFO]     | distill epoch : 3, acc 0.508
[2023-12-28 21:43:48] [INFO]     | distill epoch : 4, acc 0.524
[2023-12-28 21:43:48] [INFO]    -client 2
[2023-12-28 21:43:48] [INFO]     |  local epoch  : 0, acc 0.129
[2023-12-28 21:43:48] [INFO]     |  local epoch  : 1, acc 0.167
[2023-12-28 21:43:48] [INFO]     |  local epoch  : 2, acc 0.192
[2023-12-28 21:43:48] [INFO]     |  local epoch  : 3, acc 0.234
[2023-12-28 21:43:48] [INFO]     |  local epoch  : 4, acc 0.277
[2023-12-28 21:43:48] [INFO]     | distill epoch : 0, acc 0.336
[2023-12-28 21:43:48] [INFO]     | distill epoch : 1, acc 0.378
[2023-12-28 21:43:48] [INFO]     | distill epoch : 2, acc 0.416
[2023-12-28 21:43:48] [INFO]     | distill epoch : 3, acc 0.460
[2023-12-28 21:43:48] [INFO]     | distill epoch : 4, acc 0.492
[2023-12-28 21:43:48] [INFO] |servers comunicated: 2, server aggregated: 0, acc_server 0: 0.531.
[2023-12-28 21:43:48] [INFO] --------------------------------------------------
[2023-12-28 21:43:48] [INFO]   |server: 1
[2023-12-28 21:43:48] [INFO]    -client 3
[2023-12-28 21:43:48] [INFO]     |  local epoch  : 0, acc 0.246
[2023-12-28 21:43:48] [INFO]     |  local epoch  : 1, acc 0.357
[2023-12-28 21:43:48] [INFO]     |  local epoch  : 2, acc 0.340
[2023-12-28 21:43:48] [INFO]     |  local epoch  : 3, acc 0.385
[2023-12-28 21:43:48] [INFO]     |  local epoch  : 4, acc 0.428
[2023-12-28 21:43:48] [INFO]     | distill epoch : 0, acc 0.504
[2023-12-28 21:43:48] [INFO]     | distill epoch : 1, acc 0.537
[2023-12-28 21:43:48] [INFO]     | distill epoch : 2, acc 0.556
[2023-12-28 21:43:48] [INFO]     | distill epoch : 3, acc 0.575
[2023-12-28 21:43:49] [INFO]     | distill epoch : 4, acc 0.588
[2023-12-28 21:43:49] [INFO]    -client 4
[2023-12-28 21:43:49] [INFO]     |  local epoch  : 0, acc 0.247
[2023-12-28 21:43:49] [INFO]     |  local epoch  : 1, acc 0.359
[2023-12-28 21:43:49] [INFO]     |  local epoch  : 2, acc 0.381
[2023-12-28 21:43:49] [INFO]     |  local epoch  : 3, acc 0.415
[2023-12-28 21:43:49] [INFO]     |  local epoch  : 4, acc 0.431
[2023-12-28 21:43:49] [INFO]     | distill epoch : 0, acc 0.507
[2023-12-28 21:43:49] [INFO]     | distill epoch : 1, acc 0.547
[2023-12-28 21:43:49] [INFO]     | distill epoch : 2, acc 0.567
[2023-12-28 21:43:49] [INFO]     | distill epoch : 3, acc 0.584
[2023-12-28 21:43:49] [INFO]     | distill epoch : 4, acc 0.601
[2023-12-28 21:43:49] [INFO]    -client 5
[2023-12-28 21:43:49] [INFO]     |  local epoch  : 0, acc 0.259
[2023-12-28 21:43:49] [INFO]     |  local epoch  : 1, acc 0.346
[2023-12-28 21:43:49] [INFO]     |  local epoch  : 2, acc 0.373
[2023-12-28 21:43:49] [INFO]     |  local epoch  : 3, acc 0.422
[2023-12-28 21:43:49] [INFO]     |  local epoch  : 4, acc 0.411
[2023-12-28 21:43:49] [INFO]     | distill epoch : 0, acc 0.469
[2023-12-28 21:43:49] [INFO]     | distill epoch : 1, acc 0.531
[2023-12-28 21:43:49] [INFO]     | distill epoch : 2, acc 0.562
[2023-12-28 21:43:49] [INFO]     | distill epoch : 3, acc 0.581
[2023-12-28 21:43:49] [INFO]     | distill epoch : 4, acc 0.595
[2023-12-28 21:43:50] [INFO] |servers comunicated: 2, server aggregated: 0, acc_server 1: 0.595.
[2023-12-28 21:43:50] [INFO] --------------------------------------------------
[2023-12-28 21:43:50] [INFO]   |server: 2
[2023-12-28 21:43:50] [INFO]    -client 6
[2023-12-28 21:43:50] [INFO]     |  local epoch  : 0, acc 0.107
[2023-12-28 21:43:50] [INFO]     |  local epoch  : 1, acc 0.151
[2023-12-28 21:43:50] [INFO]     |  local epoch  : 2, acc 0.201
[2023-12-28 21:43:50] [INFO]     |  local epoch  : 3, acc 0.217
[2023-12-28 21:43:50] [INFO]     |  local epoch  : 4, acc 0.248
[2023-12-28 21:43:50] [INFO]     | distill epoch : 0, acc 0.275
[2023-12-28 21:43:50] [INFO]     | distill epoch : 1, acc 0.317
[2023-12-28 21:43:50] [INFO]     | distill epoch : 2, acc 0.376
[2023-12-28 21:43:50] [INFO]     | distill epoch : 3, acc 0.445
[2023-12-28 21:43:50] [INFO]     | distill epoch : 4, acc 0.495
[2023-12-28 21:43:50] [INFO]    -client 7
[2023-12-28 21:43:50] [INFO]     |  local epoch  : 0, acc 0.108
[2023-12-28 21:43:50] [INFO]     |  local epoch  : 1, acc 0.164
[2023-12-28 21:43:50] [INFO]     |  local epoch  : 2, acc 0.182
[2023-12-28 21:43:50] [INFO]     |  local epoch  : 3, acc 0.251
[2023-12-28 21:43:50] [INFO]     |  local epoch  : 4, acc 0.286
[2023-12-28 21:43:50] [INFO]     | distill epoch : 0, acc 0.332
[2023-12-28 21:43:50] [INFO]     | distill epoch : 1, acc 0.385
[2023-12-28 21:43:50] [INFO]     | distill epoch : 2, acc 0.446
[2023-12-28 21:43:50] [INFO]     | distill epoch : 3, acc 0.495
[2023-12-28 21:43:51] [INFO]     | distill epoch : 4, acc 0.509
[2023-12-28 21:43:51] [INFO]    -client 8
[2023-12-28 21:43:51] [INFO]     |  local epoch  : 0, acc 0.106
[2023-12-28 21:43:51] [INFO]     |  local epoch  : 1, acc 0.122
[2023-12-28 21:43:51] [INFO]     |  local epoch  : 2, acc 0.178
[2023-12-28 21:43:51] [INFO]     |  local epoch  : 3, acc 0.245
[2023-12-28 21:43:51] [INFO]     |  local epoch  : 4, acc 0.266
[2023-12-28 21:43:51] [INFO]     | distill epoch : 0, acc 0.314
[2023-12-28 21:43:51] [INFO]     | distill epoch : 1, acc 0.366
[2023-12-28 21:43:51] [INFO]     | distill epoch : 2, acc 0.417
[2023-12-28 21:43:51] [INFO]     | distill epoch : 3, acc 0.467
[2023-12-28 21:43:51] [INFO]     | distill epoch : 4, acc 0.514
[2023-12-28 21:43:51] [INFO] |servers comunicated: 2, server aggregated: 0, acc_server 2: 0.525.
[2023-12-28 21:43:51] [INFO] --------------------------------------------------
[2023-12-28 21:43:51] [INFO]  |epoch_client_commu: 1/2
[2023-12-28 21:43:51] [INFO]   |server: 0
[2023-12-28 21:43:51] [INFO]    -client 0
[2023-12-28 21:43:51] [INFO]     |  local epoch  : 0, acc 0.261
[2023-12-28 21:43:51] [INFO]     |  local epoch  : 1, acc 0.465
[2023-12-28 21:43:51] [INFO]     |  local epoch  : 2, acc 0.499
[2023-12-28 21:43:51] [INFO]     |  local epoch  : 3, acc 0.457
[2023-12-28 21:43:51] [INFO]     |  local epoch  : 4, acc 0.533
[2023-12-28 21:43:51] [INFO]     | distill epoch : 0, acc 0.621
[2023-12-28 21:43:51] [INFO]     | distill epoch : 1, acc 0.668
[2023-12-28 21:43:51] [INFO]     | distill epoch : 2, acc 0.688
[2023-12-28 21:43:51] [INFO]     | distill epoch : 3, acc 0.676
[2023-12-28 21:43:52] [INFO]     | distill epoch : 4, acc 0.663
[2023-12-28 21:43:52] [INFO]    -client 1
[2023-12-28 21:43:52] [INFO]     |  local epoch  : 0, acc 0.268
[2023-12-28 21:43:52] [INFO]     |  local epoch  : 1, acc 0.450
[2023-12-28 21:43:52] [INFO]     |  local epoch  : 2, acc 0.472
[2023-12-28 21:43:52] [INFO]     |  local epoch  : 3, acc 0.518
[2023-12-28 21:43:52] [INFO]     |  local epoch  : 4, acc 0.454
[2023-12-28 21:43:52] [INFO]     | distill epoch : 0, acc 0.545
[2023-12-28 21:43:52] [INFO]     | distill epoch : 1, acc 0.601
[2023-12-28 21:43:52] [INFO]     | distill epoch : 2, acc 0.640
[2023-12-28 21:43:52] [INFO]     | distill epoch : 3, acc 0.645
[2023-12-28 21:43:52] [INFO]     | distill epoch : 4, acc 0.641
[2023-12-28 21:43:52] [INFO]    -client 2
[2023-12-28 21:43:52] [INFO]     |  local epoch  : 0, acc 0.264
[2023-12-28 21:43:52] [INFO]     |  local epoch  : 1, acc 0.382
[2023-12-28 21:43:52] [INFO]     |  local epoch  : 2, acc 0.351
[2023-12-28 21:43:52] [INFO]     |  local epoch  : 3, acc 0.452
[2023-12-28 21:43:52] [INFO]     |  local epoch  : 4, acc 0.423
[2023-12-28 21:43:52] [INFO]     | distill epoch : 0, acc 0.502
[2023-12-28 21:43:52] [INFO]     | distill epoch : 1, acc 0.553
[2023-12-28 21:43:52] [INFO]     | distill epoch : 2, acc 0.582
[2023-12-28 21:43:52] [INFO]     | distill epoch : 3, acc 0.612
[2023-12-28 21:43:52] [INFO]     | distill epoch : 4, acc 0.631
[2023-12-28 21:43:52] [INFO] |servers comunicated: 2, server aggregated: 1, acc_server 0: 0.650.
[2023-12-28 21:43:52] [INFO] --------------------------------------------------
[2023-12-28 21:43:52] [INFO]   |server: 1
[2023-12-28 21:43:53] [INFO]    -client 3
[2023-12-28 21:43:53] [INFO]     |  local epoch  : 0, acc 0.435
[2023-12-28 21:43:53] [INFO]     |  local epoch  : 1, acc 0.515
[2023-12-28 21:43:53] [INFO]     |  local epoch  : 2, acc 0.506
[2023-12-28 21:43:53] [INFO]     |  local epoch  : 3, acc 0.567
[2023-12-28 21:43:53] [INFO]     |  local epoch  : 4, acc 0.611
[2023-12-28 21:43:53] [INFO]     | distill epoch : 0, acc 0.664
[2023-12-28 21:43:53] [INFO]     | distill epoch : 1, acc 0.674
[2023-12-28 21:43:53] [INFO]     | distill epoch : 2, acc 0.677
[2023-12-28 21:43:53] [INFO]     | distill epoch : 3, acc 0.683
[2023-12-28 21:43:53] [INFO]     | distill epoch : 4, acc 0.689
[2023-12-28 21:43:53] [INFO]    -client 4
[2023-12-28 21:43:53] [INFO]     |  local epoch  : 0, acc 0.446
[2023-12-28 21:43:53] [INFO]     |  local epoch  : 1, acc 0.536
[2023-12-28 21:43:53] [INFO]     |  local epoch  : 2, acc 0.538
[2023-12-28 21:43:53] [INFO]     |  local epoch  : 3, acc 0.584
[2023-12-28 21:43:53] [INFO]     |  local epoch  : 4, acc 0.632
[2023-12-28 21:43:53] [INFO]     | distill epoch : 0, acc 0.679
[2023-12-28 21:43:53] [INFO]     | distill epoch : 1, acc 0.675
[2023-12-28 21:43:53] [INFO]     | distill epoch : 2, acc 0.687
[2023-12-28 21:43:53] [INFO]     | distill epoch : 3, acc 0.680
[2023-12-28 21:43:53] [INFO]     | distill epoch : 4, acc 0.699
[2023-12-28 21:43:53] [INFO]    -client 5
[2023-12-28 21:43:54] [INFO]     |  local epoch  : 0, acc 0.444
[2023-12-28 21:43:54] [INFO]     |  local epoch  : 1, acc 0.526
[2023-12-28 21:43:54] [INFO]     |  local epoch  : 2, acc 0.565
[2023-12-28 21:43:54] [INFO]     |  local epoch  : 3, acc 0.608
[2023-12-28 21:43:54] [INFO]     |  local epoch  : 4, acc 0.586
[2023-12-28 21:43:54] [INFO]     | distill epoch : 0, acc 0.665
[2023-12-28 21:43:54] [INFO]     | distill epoch : 1, acc 0.685
[2023-12-28 21:43:54] [INFO]     | distill epoch : 2, acc 0.684
[2023-12-28 21:43:54] [INFO]     | distill epoch : 3, acc 0.692
[2023-12-28 21:43:54] [INFO]     | distill epoch : 4, acc 0.691
[2023-12-28 21:43:54] [INFO] |servers comunicated: 2, server aggregated: 1, acc_server 1: 0.687.
[2023-12-28 21:43:54] [INFO] --------------------------------------------------
[2023-12-28 21:43:54] [INFO]   |server: 2
[2023-12-28 21:43:54] [INFO]    -client 6
[2023-12-28 21:43:54] [INFO]     |  local epoch  : 0, acc 0.223
[2023-12-28 21:43:54] [INFO]     |  local epoch  : 1, acc 0.313
[2023-12-28 21:43:54] [INFO]     |  local epoch  : 2, acc 0.363
[2023-12-28 21:43:54] [INFO]     |  local epoch  : 3, acc 0.432
[2023-12-28 21:43:54] [INFO]     |  local epoch  : 4, acc 0.420
[2023-12-28 21:43:54] [INFO]     | distill epoch : 0, acc 0.494
[2023-12-28 21:43:54] [INFO]     | distill epoch : 1, acc 0.543
[2023-12-28 21:43:54] [INFO]     | distill epoch : 2, acc 0.553
[2023-12-28 21:43:54] [INFO]     | distill epoch : 3, acc 0.552
[2023-12-28 21:43:54] [INFO]     | distill epoch : 4, acc 0.553
[2023-12-28 21:43:54] [INFO]    -client 7
[2023-12-28 21:43:55] [INFO]     |  local epoch  : 0, acc 0.228
[2023-12-28 21:43:55] [INFO]     |  local epoch  : 1, acc 0.339
[2023-12-28 21:43:55] [INFO]     |  local epoch  : 2, acc 0.383
[2023-12-28 21:43:55] [INFO]     |  local epoch  : 3, acc 0.372
[2023-12-28 21:43:55] [INFO]     |  local epoch  : 4, acc 0.425
[2023-12-28 21:43:55] [INFO]     | distill epoch : 0, acc 0.506
[2023-12-28 21:43:55] [INFO]     | distill epoch : 1, acc 0.556
[2023-12-28 21:43:55] [INFO]     | distill epoch : 2, acc 0.571
[2023-12-28 21:43:55] [INFO]     | distill epoch : 3, acc 0.570
[2023-12-28 21:43:55] [INFO]     | distill epoch : 4, acc 0.563
[2023-12-28 21:43:55] [INFO]    -client 8
[2023-12-28 21:43:55] [INFO]     |  local epoch  : 0, acc 0.220
[2023-12-28 21:43:55] [INFO]     |  local epoch  : 1, acc 0.332
[2023-12-28 21:43:55] [INFO]     |  local epoch  : 2, acc 0.403
[2023-12-28 21:43:55] [INFO]     |  local epoch  : 3, acc 0.408
[2023-12-28 21:43:55] [INFO]     |  local epoch  : 4, acc 0.464
[2023-12-28 21:43:55] [INFO]     | distill epoch : 0, acc 0.522
[2023-12-28 21:43:55] [INFO]     | distill epoch : 1, acc 0.558
[2023-12-28 21:43:55] [INFO]     | distill epoch : 2, acc 0.566
[2023-12-28 21:43:55] [INFO]     | distill epoch : 3, acc 0.562
[2023-12-28 21:43:55] [INFO]     | distill epoch : 4, acc 0.563
[2023-12-28 21:43:55] [INFO] |servers comunicated: 2, server aggregated: 1, acc_server 2: 0.562.
[2023-12-28 21:43:55] [INFO] --------------------------------------------------
[2023-12-28 21:43:55] [INFO]      ********  servers comunicates  ********      
[2023-12-28 21:43:55] [INFO] --------------------------------------------------
[2023-12-28 21:43:55] [INFO] |epoch_server_commu: 3/6
[2023-12-28 21:43:55] [INFO]  |epoch_client_commu: 0/2
[2023-12-28 21:43:55] [INFO]   |server: 0
[2023-12-28 21:43:56] [INFO]    -client 0
[2023-12-28 21:43:56] [INFO]     |  local epoch  : 0, acc 0.389
[2023-12-28 21:43:56] [INFO]     |  local epoch  : 1, acc 0.610
[2023-12-28 21:43:56] [INFO]     |  local epoch  : 2, acc 0.627
[2023-12-28 21:43:56] [INFO]     |  local epoch  : 3, acc 0.579
[2023-12-28 21:43:56] [INFO]     |  local epoch  : 4, acc 0.601
[2023-12-28 21:43:56] [INFO]     | distill epoch : 0, acc 0.688
[2023-12-28 21:43:56] [INFO]     | distill epoch : 1, acc 0.741
[2023-12-28 21:43:56] [INFO]     | distill epoch : 2, acc 0.749
[2023-12-28 21:43:56] [INFO]     | distill epoch : 3, acc 0.727
[2023-12-28 21:43:56] [INFO]     | distill epoch : 4, acc 0.716
[2023-12-28 21:43:56] [INFO]    -client 1
[2023-12-28 21:43:56] [INFO]     |  local epoch  : 0, acc 0.408
[2023-12-28 21:43:56] [INFO]     |  local epoch  : 1, acc 0.631
[2023-12-28 21:43:56] [INFO]     |  local epoch  : 2, acc 0.610
[2023-12-28 21:43:56] [INFO]     |  local epoch  : 3, acc 0.615
[2023-12-28 21:43:56] [INFO]     |  local epoch  : 4, acc 0.658
[2023-12-28 21:43:56] [INFO]     | distill epoch : 0, acc 0.717
[2023-12-28 21:43:56] [INFO]     | distill epoch : 1, acc 0.734
[2023-12-28 21:43:56] [INFO]     | distill epoch : 2, acc 0.716
[2023-12-28 21:43:56] [INFO]     | distill epoch : 3, acc 0.708
[2023-12-28 21:43:56] [INFO]     | distill epoch : 4, acc 0.716
[2023-12-28 21:43:56] [INFO]    -client 2
[2023-12-28 21:43:57] [INFO]     |  local epoch  : 0, acc 0.382
[2023-12-28 21:43:57] [INFO]     |  local epoch  : 1, acc 0.613
[2023-12-28 21:43:57] [INFO]     |  local epoch  : 2, acc 0.582
[2023-12-28 21:43:57] [INFO]     |  local epoch  : 3, acc 0.581
[2023-12-28 21:43:57] [INFO]     |  local epoch  : 4, acc 0.653
[2023-12-28 21:43:57] [INFO]     | distill epoch : 0, acc 0.704
[2023-12-28 21:43:57] [INFO]     | distill epoch : 1, acc 0.723
[2023-12-28 21:43:57] [INFO]     | distill epoch : 2, acc 0.718
[2023-12-28 21:43:57] [INFO]     | distill epoch : 3, acc 0.718
[2023-12-28 21:43:57] [INFO]     | distill epoch : 4, acc 0.724
[2023-12-28 21:43:57] [INFO] |servers comunicated: 3, server aggregated: 0, acc_server 0: 0.720.
[2023-12-28 21:43:57] [INFO] --------------------------------------------------
[2023-12-28 21:43:57] [INFO]   |server: 1
[2023-12-28 21:43:57] [INFO]    -client 3
[2023-12-28 21:43:57] [INFO]     |  local epoch  : 0, acc 0.602
[2023-12-28 21:43:57] [INFO]     |  local epoch  : 1, acc 0.635
[2023-12-28 21:43:57] [INFO]     |  local epoch  : 2, acc 0.668
[2023-12-28 21:43:57] [INFO]     |  local epoch  : 3, acc 0.667
[2023-12-28 21:43:57] [INFO]     |  local epoch  : 4, acc 0.754
[2023-12-28 21:43:57] [INFO]     | distill epoch : 0, acc 0.734
[2023-12-28 21:43:57] [INFO]     | distill epoch : 1, acc 0.736
[2023-12-28 21:43:57] [INFO]     | distill epoch : 2, acc 0.727
[2023-12-28 21:43:57] [INFO]     | distill epoch : 3, acc 0.740
[2023-12-28 21:43:57] [INFO]     | distill epoch : 4, acc 0.734
[2023-12-28 21:43:57] [INFO]    -client 4
[2023-12-28 21:43:58] [INFO]     |  local epoch  : 0, acc 0.604
[2023-12-28 21:43:58] [INFO]     |  local epoch  : 1, acc 0.678
[2023-12-28 21:43:58] [INFO]     |  local epoch  : 2, acc 0.730
[2023-12-28 21:43:58] [INFO]     |  local epoch  : 3, acc 0.695
[2023-12-28 21:43:58] [INFO]     |  local epoch  : 4, acc 0.723
[2023-12-28 21:43:58] [INFO]     | distill epoch : 0, acc 0.735
[2023-12-28 21:43:58] [INFO]     | distill epoch : 1, acc 0.726
[2023-12-28 21:43:58] [INFO]     | distill epoch : 2, acc 0.737
[2023-12-28 21:43:58] [INFO]     | distill epoch : 3, acc 0.728
[2023-12-28 21:43:58] [INFO]     | distill epoch : 4, acc 0.741
[2023-12-28 21:43:58] [INFO]    -client 5
[2023-12-28 21:43:58] [INFO]     |  local epoch  : 0, acc 0.614
[2023-12-28 21:43:58] [INFO]     |  local epoch  : 1, acc 0.644
[2023-12-28 21:43:58] [INFO]     |  local epoch  : 2, acc 0.666
[2023-12-28 21:43:58] [INFO]     |  local epoch  : 3, acc 0.726
[2023-12-28 21:43:58] [INFO]     |  local epoch  : 4, acc 0.731
[2023-12-28 21:43:58] [INFO]     | distill epoch : 0, acc 0.744
[2023-12-28 21:43:58] [INFO]     | distill epoch : 1, acc 0.729
[2023-12-28 21:43:58] [INFO]     | distill epoch : 2, acc 0.739
[2023-12-28 21:43:58] [INFO]     | distill epoch : 3, acc 0.728
[2023-12-28 21:43:58] [INFO]     | distill epoch : 4, acc 0.744
[2023-12-28 21:43:58] [INFO] |servers comunicated: 3, server aggregated: 0, acc_server 1: 0.738.
[2023-12-28 21:43:58] [INFO] --------------------------------------------------
[2023-12-28 21:43:58] [INFO]   |server: 2
[2023-12-28 21:43:58] [INFO]    -client 6
[2023-12-28 21:43:59] [INFO]     |  local epoch  : 0, acc 0.326
[2023-12-28 21:43:59] [INFO]     |  local epoch  : 1, acc 0.492
[2023-12-28 21:43:59] [INFO]     |  local epoch  : 2, acc 0.518
[2023-12-28 21:43:59] [INFO]     |  local epoch  : 3, acc 0.536
[2023-12-28 21:43:59] [INFO]     |  local epoch  : 4, acc 0.558
[2023-12-28 21:43:59] [INFO]     | distill epoch : 0, acc 0.583
[2023-12-28 21:43:59] [INFO]     | distill epoch : 1, acc 0.603
[2023-12-28 21:43:59] [INFO]     | distill epoch : 2, acc 0.615
[2023-12-28 21:43:59] [INFO]     | distill epoch : 3, acc 0.625
[2023-12-28 21:43:59] [INFO]     | distill epoch : 4, acc 0.644
[2023-12-28 21:43:59] [INFO]    -client 7
[2023-12-28 21:43:59] [INFO]     |  local epoch  : 0, acc 0.335
[2023-12-28 21:43:59] [INFO]     |  local epoch  : 1, acc 0.525
[2023-12-28 21:43:59] [INFO]     |  local epoch  : 2, acc 0.488
[2023-12-28 21:43:59] [INFO]     |  local epoch  : 3, acc 0.508
[2023-12-28 21:43:59] [INFO]     |  local epoch  : 4, acc 0.578
[2023-12-28 21:43:59] [INFO]     | distill epoch : 0, acc 0.620
[2023-12-28 21:43:59] [INFO]     | distill epoch : 1, acc 0.637
[2023-12-28 21:43:59] [INFO]     | distill epoch : 2, acc 0.652
[2023-12-28 21:43:59] [INFO]     | distill epoch : 3, acc 0.665
[2023-12-28 21:43:59] [INFO]     | distill epoch : 4, acc 0.682
[2023-12-28 21:43:59] [INFO]    -client 8
[2023-12-28 21:43:59] [INFO]     |  local epoch  : 0, acc 0.326
[2023-12-28 21:44:00] [INFO]     |  local epoch  : 1, acc 0.523
[2023-12-28 21:44:00] [INFO]     |  local epoch  : 2, acc 0.552
[2023-12-28 21:44:00] [INFO]     |  local epoch  : 3, acc 0.568
[2023-12-28 21:44:00] [INFO]     |  local epoch  : 4, acc 0.574
[2023-12-28 21:44:00] [INFO]     | distill epoch : 0, acc 0.611
[2023-12-28 21:44:00] [INFO]     | distill epoch : 1, acc 0.631
[2023-12-28 21:44:00] [INFO]     | distill epoch : 2, acc 0.643
[2023-12-28 21:44:00] [INFO]     | distill epoch : 3, acc 0.661
[2023-12-28 21:44:00] [INFO]     | distill epoch : 4, acc 0.676
[2023-12-28 21:44:00] [INFO] |servers comunicated: 3, server aggregated: 0, acc_server 2: 0.662.
[2023-12-28 21:44:00] [INFO] --------------------------------------------------
[2023-12-28 21:44:00] [INFO]  |epoch_client_commu: 1/2
[2023-12-28 21:44:00] [INFO]   |server: 0
[2023-12-28 21:44:00] [INFO]    -client 0
[2023-12-28 21:44:00] [INFO]     |  local epoch  : 0, acc 0.540
[2023-12-28 21:44:00] [INFO]     |  local epoch  : 1, acc 0.698
[2023-12-28 21:44:00] [INFO]     |  local epoch  : 2, acc 0.678
[2023-12-28 21:44:00] [INFO]     |  local epoch  : 3, acc 0.657
[2023-12-28 21:44:00] [INFO]     |  local epoch  : 4, acc 0.691
[2023-12-28 21:44:00] [INFO]     | distill epoch : 0, acc 0.768
[2023-12-28 21:44:00] [INFO]     | distill epoch : 1, acc 0.788
[2023-12-28 21:44:00] [INFO]     | distill epoch : 2, acc 0.768
[2023-12-28 21:44:00] [INFO]     | distill epoch : 3, acc 0.742
[2023-12-28 21:44:01] [INFO]     | distill epoch : 4, acc 0.754
[2023-12-28 21:44:01] [INFO]    -client 1
[2023-12-28 21:44:01] [INFO]     |  local epoch  : 0, acc 0.548
[2023-12-28 21:44:01] [INFO]     |  local epoch  : 1, acc 0.695
[2023-12-28 21:44:01] [INFO]     |  local epoch  : 2, acc 0.680
[2023-12-28 21:44:01] [INFO]     |  local epoch  : 3, acc 0.684
[2023-12-28 21:44:01] [INFO]     |  local epoch  : 4, acc 0.673
[2023-12-28 21:44:01] [INFO]     | distill epoch : 0, acc 0.751
[2023-12-28 21:44:01] [INFO]     | distill epoch : 1, acc 0.768
[2023-12-28 21:44:01] [INFO]     | distill epoch : 2, acc 0.747
[2023-12-28 21:44:01] [INFO]     | distill epoch : 3, acc 0.757
[2023-12-28 21:44:01] [INFO]     | distill epoch : 4, acc 0.748
[2023-12-28 21:44:01] [INFO]    -client 2
[2023-12-28 21:44:01] [INFO]     |  local epoch  : 0, acc 0.526
[2023-12-28 21:44:01] [INFO]     |  local epoch  : 1, acc 0.682
[2023-12-28 21:44:01] [INFO]     |  local epoch  : 2, acc 0.681
[2023-12-28 21:44:01] [INFO]     |  local epoch  : 3, acc 0.725
[2023-12-28 21:44:01] [INFO]     |  local epoch  : 4, acc 0.715
[2023-12-28 21:44:01] [INFO]     | distill epoch : 0, acc 0.762
[2023-12-28 21:44:01] [INFO]     | distill epoch : 1, acc 0.762
[2023-12-28 21:44:01] [INFO]     | distill epoch : 2, acc 0.745
[2023-12-28 21:44:01] [INFO]     | distill epoch : 3, acc 0.745
[2023-12-28 21:44:01] [INFO]     | distill epoch : 4, acc 0.754
[2023-12-28 21:44:02] [INFO] |servers comunicated: 3, server aggregated: 1, acc_server 0: 0.753.
[2023-12-28 21:44:02] [INFO] --------------------------------------------------
[2023-12-28 21:44:02] [INFO]   |server: 1
[2023-12-28 21:44:02] [INFO]    -client 3
[2023-12-28 21:44:02] [INFO]     |  local epoch  : 0, acc 0.664
[2023-12-28 21:44:02] [INFO]     |  local epoch  : 1, acc 0.746
[2023-12-28 21:44:02] [INFO]     |  local epoch  : 2, acc 0.732
[2023-12-28 21:44:02] [INFO]     |  local epoch  : 3, acc 0.773
[2023-12-28 21:44:02] [INFO]     |  local epoch  : 4, acc 0.716
[2023-12-28 21:44:02] [INFO]     | distill epoch : 0, acc 0.778
[2023-12-28 21:44:02] [INFO]     | distill epoch : 1, acc 0.773
[2023-12-28 21:44:02] [INFO]     | distill epoch : 2, acc 0.765
[2023-12-28 21:44:02] [INFO]     | distill epoch : 3, acc 0.769
[2023-12-28 21:44:02] [INFO]     | distill epoch : 4, acc 0.763
[2023-12-28 21:44:02] [INFO]    -client 4
[2023-12-28 21:44:02] [INFO]     |  local epoch  : 0, acc 0.676
[2023-12-28 21:44:02] [INFO]     |  local epoch  : 1, acc 0.704
[2023-12-28 21:44:02] [INFO]     |  local epoch  : 2, acc 0.688
[2023-12-28 21:44:02] [INFO]     |  local epoch  : 3, acc 0.714
[2023-12-28 21:44:02] [INFO]     |  local epoch  : 4, acc 0.721
[2023-12-28 21:44:02] [INFO]     | distill epoch : 0, acc 0.761
[2023-12-28 21:44:02] [INFO]     | distill epoch : 1, acc 0.769
[2023-12-28 21:44:02] [INFO]     | distill epoch : 2, acc 0.766
[2023-12-28 21:44:02] [INFO]     | distill epoch : 3, acc 0.754
[2023-12-28 21:44:02] [INFO]     | distill epoch : 4, acc 0.775
[2023-12-28 21:44:02] [INFO]    -client 5
[2023-12-28 21:44:03] [INFO]     |  local epoch  : 0, acc 0.666
[2023-12-28 21:44:03] [INFO]     |  local epoch  : 1, acc 0.764
[2023-12-28 21:44:03] [INFO]     |  local epoch  : 2, acc 0.767
[2023-12-28 21:44:03] [INFO]     |  local epoch  : 3, acc 0.746
[2023-12-28 21:44:03] [INFO]     |  local epoch  : 4, acc 0.686
[2023-12-28 21:44:03] [INFO]     | distill epoch : 0, acc 0.768
[2023-12-28 21:44:03] [INFO]     | distill epoch : 1, acc 0.782
[2023-12-28 21:44:03] [INFO]     | distill epoch : 2, acc 0.754
[2023-12-28 21:44:03] [INFO]     | distill epoch : 3, acc 0.772
[2023-12-28 21:44:03] [INFO]     | distill epoch : 4, acc 0.760
[2023-12-28 21:44:03] [INFO] |servers comunicated: 3, server aggregated: 1, acc_server 1: 0.764.
[2023-12-28 21:44:03] [INFO] --------------------------------------------------
[2023-12-28 21:44:03] [INFO]   |server: 2
[2023-12-28 21:44:03] [INFO]    -client 6
[2023-12-28 21:44:03] [INFO]     |  local epoch  : 0, acc 0.429
[2023-12-28 21:44:03] [INFO]     |  local epoch  : 1, acc 0.606
[2023-12-28 21:44:03] [INFO]     |  local epoch  : 2, acc 0.613
[2023-12-28 21:44:03] [INFO]     |  local epoch  : 3, acc 0.629
[2023-12-28 21:44:03] [INFO]     |  local epoch  : 4, acc 0.643
[2023-12-28 21:44:03] [INFO]     | distill epoch : 0, acc 0.681
[2023-12-28 21:44:03] [INFO]     | distill epoch : 1, acc 0.710
[2023-12-28 21:44:03] [INFO]     | distill epoch : 2, acc 0.725
[2023-12-28 21:44:03] [INFO]     | distill epoch : 3, acc 0.738
[2023-12-28 21:44:04] [INFO]     | distill epoch : 4, acc 0.745
[2023-12-28 21:44:04] [INFO]    -client 7
[2023-12-28 21:44:04] [INFO]     |  local epoch  : 0, acc 0.438
[2023-12-28 21:44:04] [INFO]     |  local epoch  : 1, acc 0.629
[2023-12-28 21:44:04] [INFO]     |  local epoch  : 2, acc 0.614
[2023-12-28 21:44:04] [INFO]     |  local epoch  : 3, acc 0.648
[2023-12-28 21:44:04] [INFO]     |  local epoch  : 4, acc 0.639
[2023-12-28 21:44:04] [INFO]     | distill epoch : 0, acc 0.688
[2023-12-28 21:44:04] [INFO]     | distill epoch : 1, acc 0.719
[2023-12-28 21:44:04] [INFO]     | distill epoch : 2, acc 0.738
[2023-12-28 21:44:04] [INFO]     | distill epoch : 3, acc 0.747
[2023-12-28 21:44:04] [INFO]     | distill epoch : 4, acc 0.753
[2023-12-28 21:44:04] [INFO]    -client 8
[2023-12-28 21:44:04] [INFO]     |  local epoch  : 0, acc 0.437
[2023-12-28 21:44:04] [INFO]     |  local epoch  : 1, acc 0.611
[2023-12-28 21:44:04] [INFO]     |  local epoch  : 2, acc 0.600
[2023-12-28 21:44:04] [INFO]     |  local epoch  : 3, acc 0.647
[2023-12-28 21:44:04] [INFO]     |  local epoch  : 4, acc 0.653
[2023-12-28 21:44:04] [INFO]     | distill epoch : 0, acc 0.705
[2023-12-28 21:44:04] [INFO]     | distill epoch : 1, acc 0.739
[2023-12-28 21:44:04] [INFO]     | distill epoch : 2, acc 0.753
[2023-12-28 21:44:04] [INFO]     | distill epoch : 3, acc 0.766
[2023-12-28 21:44:04] [INFO]     | distill epoch : 4, acc 0.762
[2023-12-28 21:44:05] [INFO] |servers comunicated: 3, server aggregated: 1, acc_server 2: 0.756.
[2023-12-28 21:44:05] [INFO] --------------------------------------------------
[2023-12-28 21:44:05] [INFO]      ********  servers comunicates  ********      
[2023-12-28 21:44:05] [INFO] --------------------------------------------------
[2023-12-28 21:44:05] [INFO] |epoch_server_commu: 4/6
[2023-12-28 21:44:05] [INFO]  |epoch_client_commu: 0/2
[2023-12-28 21:44:05] [INFO]   |server: 0
[2023-12-28 21:44:05] [INFO]    -client 0
[2023-12-28 21:44:05] [INFO]     |  local epoch  : 0, acc 0.618
[2023-12-28 21:44:05] [INFO]     |  local epoch  : 1, acc 0.752
[2023-12-28 21:44:05] [INFO]     |  local epoch  : 2, acc 0.750
[2023-12-28 21:44:05] [INFO]     |  local epoch  : 3, acc 0.781
[2023-12-28 21:44:05] [INFO]     |  local epoch  : 4, acc 0.765
[2023-12-28 21:44:05] [INFO]     | distill epoch : 0, acc 0.807
[2023-12-28 21:44:05] [INFO]     | distill epoch : 1, acc 0.810
[2023-12-28 21:44:05] [INFO]     | distill epoch : 2, acc 0.787
[2023-12-28 21:44:05] [INFO]     | distill epoch : 3, acc 0.762
[2023-12-28 21:44:05] [INFO]     | distill epoch : 4, acc 0.770
[2023-12-28 21:44:05] [INFO]    -client 1
[2023-12-28 21:44:05] [INFO]     |  local epoch  : 0, acc 0.651
[2023-12-28 21:44:05] [INFO]     |  local epoch  : 1, acc 0.721
[2023-12-28 21:44:05] [INFO]     |  local epoch  : 2, acc 0.772
[2023-12-28 21:44:05] [INFO]     |  local epoch  : 3, acc 0.751
[2023-12-28 21:44:05] [INFO]     |  local epoch  : 4, acc 0.774
[2023-12-28 21:44:05] [INFO]     | distill epoch : 0, acc 0.804
[2023-12-28 21:44:05] [INFO]     | distill epoch : 1, acc 0.794
[2023-12-28 21:44:05] [INFO]     | distill epoch : 2, acc 0.765
[2023-12-28 21:44:05] [INFO]     | distill epoch : 3, acc 0.773
[2023-12-28 21:44:05] [INFO]     | distill epoch : 4, acc 0.768
[2023-12-28 21:44:05] [INFO]    -client 2
[2023-12-28 21:44:06] [INFO]     |  local epoch  : 0, acc 0.610
[2023-12-28 21:44:06] [INFO]     |  local epoch  : 1, acc 0.760
[2023-12-28 21:44:06] [INFO]     |  local epoch  : 2, acc 0.717
[2023-12-28 21:44:06] [INFO]     |  local epoch  : 3, acc 0.753
[2023-12-28 21:44:06] [INFO]     |  local epoch  : 4, acc 0.763
[2023-12-28 21:44:06] [INFO]     | distill epoch : 0, acc 0.791
[2023-12-28 21:44:06] [INFO]     | distill epoch : 1, acc 0.777
[2023-12-28 21:44:06] [INFO]     | distill epoch : 2, acc 0.763
[2023-12-28 21:44:06] [INFO]     | distill epoch : 3, acc 0.766
[2023-12-28 21:44:06] [INFO]     | distill epoch : 4, acc 0.765
[2023-12-28 21:44:06] [INFO] |servers comunicated: 4, server aggregated: 0, acc_server 0: 0.769.
[2023-12-28 21:44:06] [INFO] --------------------------------------------------
[2023-12-28 21:44:06] [INFO]   |server: 1
[2023-12-28 21:44:06] [INFO]    -client 3
[2023-12-28 21:44:06] [INFO]     |  local epoch  : 0, acc 0.752
[2023-12-28 21:44:06] [INFO]     |  local epoch  : 1, acc 0.704
[2023-12-28 21:44:06] [INFO]     |  local epoch  : 2, acc 0.776
[2023-12-28 21:44:06] [INFO]     |  local epoch  : 3, acc 0.779
[2023-12-28 21:44:06] [INFO]     |  local epoch  : 4, acc 0.792
[2023-12-28 21:44:06] [INFO]     | distill epoch : 0, acc 0.813
[2023-12-28 21:44:06] [INFO]     | distill epoch : 1, acc 0.769
[2023-12-28 21:44:06] [INFO]     | distill epoch : 2, acc 0.797
[2023-12-28 21:44:06] [INFO]     | distill epoch : 3, acc 0.769
[2023-12-28 21:44:06] [INFO]     | distill epoch : 4, acc 0.797
[2023-12-28 21:44:06] [INFO]    -client 4
[2023-12-28 21:44:07] [INFO]     |  local epoch  : 0, acc 0.711
[2023-12-28 21:44:07] [INFO]     |  local epoch  : 1, acc 0.752
[2023-12-28 21:44:07] [INFO]     |  local epoch  : 2, acc 0.757
[2023-12-28 21:44:07] [INFO]     |  local epoch  : 3, acc 0.778
[2023-12-28 21:44:07] [INFO]     |  local epoch  : 4, acc 0.748
[2023-12-28 21:44:07] [INFO]     | distill epoch : 0, acc 0.785
[2023-12-28 21:44:07] [INFO]     | distill epoch : 1, acc 0.794
[2023-12-28 21:44:07] [INFO]     | distill epoch : 2, acc 0.790
[2023-12-28 21:44:07] [INFO]     | distill epoch : 3, acc 0.779
[2023-12-28 21:44:07] [INFO]     | distill epoch : 4, acc 0.795
[2023-12-28 21:44:07] [INFO]    -client 5
[2023-12-28 21:44:07] [INFO]     |  local epoch  : 0, acc 0.761
[2023-12-28 21:44:07] [INFO]     |  local epoch  : 1, acc 0.768
[2023-12-28 21:44:07] [INFO]     |  local epoch  : 2, acc 0.770
[2023-12-28 21:44:07] [INFO]     |  local epoch  : 3, acc 0.792
[2023-12-28 21:44:07] [INFO]     |  local epoch  : 4, acc 0.763
[2023-12-28 21:44:07] [INFO]     | distill epoch : 0, acc 0.809
[2023-12-28 21:44:07] [INFO]     | distill epoch : 1, acc 0.783
[2023-12-28 21:44:07] [INFO]     | distill epoch : 2, acc 0.787
[2023-12-28 21:44:07] [INFO]     | distill epoch : 3, acc 0.774
[2023-12-28 21:44:07] [INFO]     | distill epoch : 4, acc 0.789
[2023-12-28 21:44:07] [INFO] |servers comunicated: 4, server aggregated: 0, acc_server 1: 0.796.
[2023-12-28 21:44:07] [INFO] --------------------------------------------------
[2023-12-28 21:44:07] [INFO]   |server: 2
[2023-12-28 21:44:08] [INFO]    -client 6
[2023-12-28 21:44:08] [INFO]     |  local epoch  : 0, acc 0.508
[2023-12-28 21:44:08] [INFO]     |  local epoch  : 1, acc 0.666
[2023-12-28 21:44:08] [INFO]     |  local epoch  : 2, acc 0.675
[2023-12-28 21:44:08] [INFO]     |  local epoch  : 3, acc 0.645
[2023-12-28 21:44:08] [INFO]     |  local epoch  : 4, acc 0.671
[2023-12-28 21:44:08] [INFO]     | distill epoch : 0, acc 0.735
[2023-12-28 21:44:08] [INFO]     | distill epoch : 1, acc 0.769
[2023-12-28 21:44:08] [INFO]     | distill epoch : 2, acc 0.779
[2023-12-28 21:44:08] [INFO]     | distill epoch : 3, acc 0.785
[2023-12-28 21:44:08] [INFO]     | distill epoch : 4, acc 0.783
[2023-12-28 21:44:08] [INFO]    -client 7
[2023-12-28 21:44:08] [INFO]     |  local epoch  : 0, acc 0.513
[2023-12-28 21:44:08] [INFO]     |  local epoch  : 1, acc 0.679
[2023-12-28 21:44:08] [INFO]     |  local epoch  : 2, acc 0.688
[2023-12-28 21:44:08] [INFO]     |  local epoch  : 3, acc 0.665
[2023-12-28 21:44:08] [INFO]     |  local epoch  : 4, acc 0.662
[2023-12-28 21:44:08] [INFO]     | distill epoch : 0, acc 0.729
[2023-12-28 21:44:08] [INFO]     | distill epoch : 1, acc 0.772
[2023-12-28 21:44:08] [INFO]     | distill epoch : 2, acc 0.791
[2023-12-28 21:44:08] [INFO]     | distill epoch : 3, acc 0.792
[2023-12-28 21:44:08] [INFO]     | distill epoch : 4, acc 0.781
[2023-12-28 21:44:08] [INFO]    -client 8
[2023-12-28 21:44:09] [INFO]     |  local epoch  : 0, acc 0.498
[2023-12-28 21:44:09] [INFO]     |  local epoch  : 1, acc 0.681
[2023-12-28 21:44:09] [INFO]     |  local epoch  : 2, acc 0.673
[2023-12-28 21:44:09] [INFO]     |  local epoch  : 3, acc 0.696
[2023-12-28 21:44:09] [INFO]     |  local epoch  : 4, acc 0.700
[2023-12-28 21:44:09] [INFO]     | distill epoch : 0, acc 0.749
[2023-12-28 21:44:09] [INFO]     | distill epoch : 1, acc 0.781
[2023-12-28 21:44:09] [INFO]     | distill epoch : 2, acc 0.791
[2023-12-28 21:44:09] [INFO]     | distill epoch : 3, acc 0.782
[2023-12-28 21:44:09] [INFO]     | distill epoch : 4, acc 0.777
[2023-12-28 21:44:09] [INFO] |servers comunicated: 4, server aggregated: 0, acc_server 2: 0.784.
[2023-12-28 21:44:09] [INFO] --------------------------------------------------
[2023-12-28 21:44:09] [INFO]  |epoch_client_commu: 1/2
[2023-12-28 21:44:09] [INFO]   |server: 0
[2023-12-28 21:44:09] [INFO]    -client 0
[2023-12-28 21:44:09] [INFO]     |  local epoch  : 0, acc 0.663
[2023-12-28 21:44:09] [INFO]     |  local epoch  : 1, acc 0.786
[2023-12-28 21:44:09] [INFO]     |  local epoch  : 2, acc 0.780
[2023-12-28 21:44:09] [INFO]     |  local epoch  : 3, acc 0.785
[2023-12-28 21:44:09] [INFO]     |  local epoch  : 4, acc 0.813
[2023-12-28 21:44:09] [INFO]     | distill epoch : 0, acc 0.829
[2023-12-28 21:44:09] [INFO]     | distill epoch : 1, acc 0.814
[2023-12-28 21:44:09] [INFO]     | distill epoch : 2, acc 0.788
[2023-12-28 21:44:09] [INFO]     | distill epoch : 3, acc 0.787
[2023-12-28 21:44:09] [INFO]     | distill epoch : 4, acc 0.788
[2023-12-28 21:44:09] [INFO]    -client 1
[2023-12-28 21:44:10] [INFO]     |  local epoch  : 0, acc 0.666
[2023-12-28 21:44:10] [INFO]     |  local epoch  : 1, acc 0.785
[2023-12-28 21:44:10] [INFO]     |  local epoch  : 2, acc 0.770
[2023-12-28 21:44:10] [INFO]     |  local epoch  : 3, acc 0.799
[2023-12-28 21:44:10] [INFO]     |  local epoch  : 4, acc 0.792
[2023-12-28 21:44:10] [INFO]     | distill epoch : 0, acc 0.816
[2023-12-28 21:44:10] [INFO]     | distill epoch : 1, acc 0.798
[2023-12-28 21:44:10] [INFO]     | distill epoch : 2, acc 0.779
[2023-12-28 21:44:10] [INFO]     | distill epoch : 3, acc 0.789
[2023-12-28 21:44:10] [INFO]     | distill epoch : 4, acc 0.781
[2023-12-28 21:44:10] [INFO]    -client 2
[2023-12-28 21:44:10] [INFO]     |  local epoch  : 0, acc 0.636
[2023-12-28 21:44:10] [INFO]     |  local epoch  : 1, acc 0.783
[2023-12-28 21:44:10] [INFO]     |  local epoch  : 2, acc 0.772
[2023-12-28 21:44:10] [INFO]     |  local epoch  : 3, acc 0.775
[2023-12-28 21:44:10] [INFO]     |  local epoch  : 4, acc 0.731
[2023-12-28 21:44:10] [INFO]     | distill epoch : 0, acc 0.800
[2023-12-28 21:44:10] [INFO]     | distill epoch : 1, acc 0.806
[2023-12-28 21:44:10] [INFO]     | distill epoch : 2, acc 0.779
[2023-12-28 21:44:10] [INFO]     | distill epoch : 3, acc 0.778
[2023-12-28 21:44:10] [INFO]     | distill epoch : 4, acc 0.781
[2023-12-28 21:44:10] [INFO] |servers comunicated: 4, server aggregated: 1, acc_server 0: 0.786.
[2023-12-28 21:44:10] [INFO] --------------------------------------------------
[2023-12-28 21:44:10] [INFO]   |server: 1
[2023-12-28 21:44:10] [INFO]    -client 3
[2023-12-28 21:44:11] [INFO]     |  local epoch  : 0, acc 0.762
[2023-12-28 21:44:11] [INFO]     |  local epoch  : 1, acc 0.740
[2023-12-28 21:44:11] [INFO]     |  local epoch  : 2, acc 0.779
[2023-12-28 21:44:11] [INFO]     |  local epoch  : 3, acc 0.775
[2023-12-28 21:44:11] [INFO]     |  local epoch  : 4, acc 0.830
[2023-12-28 21:44:11] [INFO]     | distill epoch : 0, acc 0.812
[2023-12-28 21:44:11] [INFO]     | distill epoch : 1, acc 0.783
[2023-12-28 21:44:11] [INFO]     | distill epoch : 2, acc 0.792
[2023-12-28 21:44:11] [INFO]     | distill epoch : 3, acc 0.796
[2023-12-28 21:44:11] [INFO]     | distill epoch : 4, acc 0.790
[2023-12-28 21:44:11] [INFO]    -client 4
[2023-12-28 21:44:11] [INFO]     |  local epoch  : 0, acc 0.761
[2023-12-28 21:44:11] [INFO]     |  local epoch  : 1, acc 0.776
[2023-12-28 21:44:11] [INFO]     |  local epoch  : 2, acc 0.758
[2023-12-28 21:44:11] [INFO]     |  local epoch  : 3, acc 0.765
[2023-12-28 21:44:11] [INFO]     |  local epoch  : 4, acc 0.756
[2023-12-28 21:44:11] [INFO]     | distill epoch : 0, acc 0.810
[2023-12-28 21:44:11] [INFO]     | distill epoch : 1, acc 0.799
[2023-12-28 21:44:11] [INFO]     | distill epoch : 2, acc 0.790
[2023-12-28 21:44:11] [INFO]     | distill epoch : 3, acc 0.805
[2023-12-28 21:44:11] [INFO]     | distill epoch : 4, acc 0.790
[2023-12-28 21:44:11] [INFO]    -client 5
[2023-12-28 21:44:11] [INFO]     |  local epoch  : 0, acc 0.738
[2023-12-28 21:44:12] [INFO]     |  local epoch  : 1, acc 0.759
[2023-12-28 21:44:12] [INFO]     |  local epoch  : 2, acc 0.783
[2023-12-28 21:44:12] [INFO]     |  local epoch  : 3, acc 0.735
[2023-12-28 21:44:12] [INFO]     |  local epoch  : 4, acc 0.803
[2023-12-28 21:44:12] [INFO]     | distill epoch : 0, acc 0.822
[2023-12-28 21:44:12] [INFO]     | distill epoch : 1, acc 0.793
[2023-12-28 21:44:12] [INFO]     | distill epoch : 2, acc 0.795
[2023-12-28 21:44:12] [INFO]     | distill epoch : 3, acc 0.797
[2023-12-28 21:44:12] [INFO]     | distill epoch : 4, acc 0.787
[2023-12-28 21:44:12] [INFO] |servers comunicated: 4, server aggregated: 1, acc_server 1: 0.790.
[2023-12-28 21:44:12] [INFO] --------------------------------------------------
[2023-12-28 21:44:12] [INFO]   |server: 2
[2023-12-28 21:44:12] [INFO]    -client 6
[2023-12-28 21:44:12] [INFO]     |  local epoch  : 0, acc 0.570
[2023-12-28 21:44:12] [INFO]     |  local epoch  : 1, acc 0.708
[2023-12-28 21:44:12] [INFO]     |  local epoch  : 2, acc 0.736
[2023-12-28 21:44:12] [INFO]     |  local epoch  : 3, acc 0.716
[2023-12-28 21:44:12] [INFO]     |  local epoch  : 4, acc 0.725
[2023-12-28 21:44:12] [INFO]     | distill epoch : 0, acc 0.777
[2023-12-28 21:44:12] [INFO]     | distill epoch : 1, acc 0.807
[2023-12-28 21:44:12] [INFO]     | distill epoch : 2, acc 0.806
[2023-12-28 21:44:12] [INFO]     | distill epoch : 3, acc 0.792
[2023-12-28 21:44:12] [INFO]     | distill epoch : 4, acc 0.787
[2023-12-28 21:44:12] [INFO]    -client 7
[2023-12-28 21:44:12] [INFO]     |  local epoch  : 0, acc 0.576
[2023-12-28 21:44:13] [INFO]     |  local epoch  : 1, acc 0.732
[2023-12-28 21:44:13] [INFO]     |  local epoch  : 2, acc 0.752
[2023-12-28 21:44:13] [INFO]     |  local epoch  : 3, acc 0.734
[2023-12-28 21:44:13] [INFO]     |  local epoch  : 4, acc 0.720
[2023-12-28 21:44:13] [INFO]     | distill epoch : 0, acc 0.789
[2023-12-28 21:44:13] [INFO]     | distill epoch : 1, acc 0.815
[2023-12-28 21:44:13] [INFO]     | distill epoch : 2, acc 0.804
[2023-12-28 21:44:13] [INFO]     | distill epoch : 3, acc 0.805
[2023-12-28 21:44:13] [INFO]     | distill epoch : 4, acc 0.787
[2023-12-28 21:44:13] [INFO]    -client 8
[2023-12-28 21:44:13] [INFO]     |  local epoch  : 0, acc 0.566
[2023-12-28 21:44:13] [INFO]     |  local epoch  : 1, acc 0.715
[2023-12-28 21:44:13] [INFO]     |  local epoch  : 2, acc 0.745
[2023-12-28 21:44:13] [INFO]     |  local epoch  : 3, acc 0.727
[2023-12-28 21:44:13] [INFO]     |  local epoch  : 4, acc 0.731
[2023-12-28 21:44:13] [INFO]     | distill epoch : 0, acc 0.789
[2023-12-28 21:44:13] [INFO]     | distill epoch : 1, acc 0.815
[2023-12-28 21:44:13] [INFO]     | distill epoch : 2, acc 0.810
[2023-12-28 21:44:13] [INFO]     | distill epoch : 3, acc 0.801
[2023-12-28 21:44:13] [INFO]     | distill epoch : 4, acc 0.785
[2023-12-28 21:44:13] [INFO] |servers comunicated: 4, server aggregated: 1, acc_server 2: 0.789.
[2023-12-28 21:44:13] [INFO] --------------------------------------------------
[2023-12-28 21:44:13] [INFO]      ********  servers comunicates  ********      
[2023-12-28 21:44:13] [INFO] --------------------------------------------------
[2023-12-28 21:44:13] [INFO] |epoch_server_commu: 5/6
[2023-12-28 21:44:13] [INFO]  |epoch_client_commu: 0/2
[2023-12-28 21:44:13] [INFO]   |server: 0
[2023-12-28 21:44:13] [INFO]    -client 0
[2023-12-28 21:44:14] [INFO]     |  local epoch  : 0, acc 0.740
[2023-12-28 21:44:14] [INFO]     |  local epoch  : 1, acc 0.791
[2023-12-28 21:44:14] [INFO]     |  local epoch  : 2, acc 0.815
[2023-12-28 21:44:14] [INFO]     |  local epoch  : 3, acc 0.805
[2023-12-28 21:44:14] [INFO]     |  local epoch  : 4, acc 0.790
[2023-12-28 21:44:14] [INFO]     | distill epoch : 0, acc 0.831
[2023-12-28 21:44:14] [INFO]     | distill epoch : 1, acc 0.833
[2023-12-28 21:44:14] [INFO]     | distill epoch : 2, acc 0.807
[2023-12-28 21:44:14] [INFO]     | distill epoch : 3, acc 0.808
[2023-12-28 21:44:14] [INFO]     | distill epoch : 4, acc 0.796
[2023-12-28 21:44:14] [INFO]    -client 1
[2023-12-28 21:44:14] [INFO]     |  local epoch  : 0, acc 0.719
[2023-12-28 21:44:14] [INFO]     |  local epoch  : 1, acc 0.795
[2023-12-28 21:44:14] [INFO]     |  local epoch  : 2, acc 0.804
[2023-12-28 21:44:14] [INFO]     |  local epoch  : 3, acc 0.807
[2023-12-28 21:44:14] [INFO]     |  local epoch  : 4, acc 0.813
[2023-12-28 21:44:14] [INFO]     | distill epoch : 0, acc 0.827
[2023-12-28 21:44:14] [INFO]     | distill epoch : 1, acc 0.805
[2023-12-28 21:44:14] [INFO]     | distill epoch : 2, acc 0.788
[2023-12-28 21:44:14] [INFO]     | distill epoch : 3, acc 0.805
[2023-12-28 21:44:14] [INFO]     | distill epoch : 4, acc 0.793
[2023-12-28 21:44:14] [INFO]    -client 2
[2023-12-28 21:44:14] [INFO]     |  local epoch  : 0, acc 0.664
[2023-12-28 21:44:15] [INFO]     |  local epoch  : 1, acc 0.809
[2023-12-28 21:44:15] [INFO]     |  local epoch  : 2, acc 0.738
[2023-12-28 21:44:15] [INFO]     |  local epoch  : 3, acc 0.765
[2023-12-28 21:44:15] [INFO]     |  local epoch  : 4, acc 0.749
[2023-12-28 21:44:15] [INFO]     | distill epoch : 0, acc 0.813
[2023-12-28 21:44:15] [INFO]     | distill epoch : 1, acc 0.814
[2023-12-28 21:44:15] [INFO]     | distill epoch : 2, acc 0.795
[2023-12-28 21:44:15] [INFO]     | distill epoch : 3, acc 0.796
[2023-12-28 21:44:15] [INFO]     | distill epoch : 4, acc 0.794
[2023-12-28 21:44:15] [INFO] |servers comunicated: 5, server aggregated: 0, acc_server 0: 0.797.
[2023-12-28 21:44:15] [INFO] --------------------------------------------------
[2023-12-28 21:44:15] [INFO]   |server: 1
[2023-12-28 21:44:15] [INFO]    -client 3
[2023-12-28 21:44:15] [INFO]     |  local epoch  : 0, acc 0.797
[2023-12-28 21:44:15] [INFO]     |  local epoch  : 1, acc 0.828
[2023-12-28 21:44:15] [INFO]     |  local epoch  : 2, acc 0.827
[2023-12-28 21:44:15] [INFO]     |  local epoch  : 3, acc 0.816
[2023-12-28 21:44:15] [INFO]     |  local epoch  : 4, acc 0.831
[2023-12-28 21:44:15] [INFO]     | distill epoch : 0, acc 0.818
[2023-12-28 21:44:15] [INFO]     | distill epoch : 1, acc 0.790
[2023-12-28 21:44:15] [INFO]     | distill epoch : 2, acc 0.808
[2023-12-28 21:44:15] [INFO]     | distill epoch : 3, acc 0.802
[2023-12-28 21:44:15] [INFO]     | distill epoch : 4, acc 0.796
[2023-12-28 21:44:15] [INFO]    -client 4
[2023-12-28 21:44:15] [INFO]     |  local epoch  : 0, acc 0.746
[2023-12-28 21:44:16] [INFO]     |  local epoch  : 1, acc 0.803
[2023-12-28 21:44:16] [INFO]     |  local epoch  : 2, acc 0.834
[2023-12-28 21:44:16] [INFO]     |  local epoch  : 3, acc 0.791
[2023-12-28 21:44:16] [INFO]     |  local epoch  : 4, acc 0.771
[2023-12-28 21:44:16] [INFO]     | distill epoch : 0, acc 0.817
[2023-12-28 21:44:16] [INFO]     | distill epoch : 1, acc 0.809
[2023-12-28 21:44:16] [INFO]     | distill epoch : 2, acc 0.808
[2023-12-28 21:44:16] [INFO]     | distill epoch : 3, acc 0.802
[2023-12-28 21:44:16] [INFO]     | distill epoch : 4, acc 0.802
[2023-12-28 21:44:16] [INFO]    -client 5
[2023-12-28 21:44:16] [INFO]     |  local epoch  : 0, acc 0.765
[2023-12-28 21:44:16] [INFO]     |  local epoch  : 1, acc 0.779
[2023-12-28 21:44:16] [INFO]     |  local epoch  : 2, acc 0.771
[2023-12-28 21:44:16] [INFO]     |  local epoch  : 3, acc 0.769
[2023-12-28 21:44:16] [INFO]     |  local epoch  : 4, acc 0.819
[2023-12-28 21:44:16] [INFO]     | distill epoch : 0, acc 0.830
[2023-12-28 21:44:16] [INFO]     | distill epoch : 1, acc 0.794
[2023-12-28 21:44:16] [INFO]     | distill epoch : 2, acc 0.809
[2023-12-28 21:44:16] [INFO]     | distill epoch : 3, acc 0.799
[2023-12-28 21:44:16] [INFO]     | distill epoch : 4, acc 0.796
[2023-12-28 21:44:16] [INFO] |servers comunicated: 5, server aggregated: 0, acc_server 1: 0.801.
[2023-12-28 21:44:16] [INFO] --------------------------------------------------
[2023-12-28 21:44:16] [INFO]   |server: 2
[2023-12-28 21:44:16] [INFO]    -client 6
[2023-12-28 21:44:17] [INFO]     |  local epoch  : 0, acc 0.596
[2023-12-28 21:44:17] [INFO]     |  local epoch  : 1, acc 0.741
[2023-12-28 21:44:17] [INFO]     |  local epoch  : 2, acc 0.750
[2023-12-28 21:44:17] [INFO]     |  local epoch  : 3, acc 0.761
[2023-12-28 21:44:17] [INFO]     |  local epoch  : 4, acc 0.762
[2023-12-28 21:44:17] [INFO]     | distill epoch : 0, acc 0.803
[2023-12-28 21:44:17] [INFO]     | distill epoch : 1, acc 0.821
[2023-12-28 21:44:17] [INFO]     | distill epoch : 2, acc 0.816
[2023-12-28 21:44:17] [INFO]     | distill epoch : 3, acc 0.809
[2023-12-28 21:44:17] [INFO]     | distill epoch : 4, acc 0.803
[2023-12-28 21:44:17] [INFO]    -client 7
[2023-12-28 21:44:17] [INFO]     |  local epoch  : 0, acc 0.604
[2023-12-28 21:44:17] [INFO]     |  local epoch  : 1, acc 0.761
[2023-12-28 21:44:17] [INFO]     |  local epoch  : 2, acc 0.749
[2023-12-28 21:44:17] [INFO]     |  local epoch  : 3, acc 0.781
[2023-12-28 21:44:17] [INFO]     |  local epoch  : 4, acc 0.777
[2023-12-28 21:44:17] [INFO]     | distill epoch : 0, acc 0.823
[2023-12-28 21:44:17] [INFO]     | distill epoch : 1, acc 0.819
[2023-12-28 21:44:17] [INFO]     | distill epoch : 2, acc 0.814
[2023-12-28 21:44:17] [INFO]     | distill epoch : 3, acc 0.800
[2023-12-28 21:44:17] [INFO]     | distill epoch : 4, acc 0.807
[2023-12-28 21:44:17] [INFO]    -client 8
[2023-12-28 21:44:17] [INFO]     |  local epoch  : 0, acc 0.591
[2023-12-28 21:44:18] [INFO]     |  local epoch  : 1, acc 0.755
[2023-12-28 21:44:18] [INFO]     |  local epoch  : 2, acc 0.768
[2023-12-28 21:44:18] [INFO]     |  local epoch  : 3, acc 0.753
[2023-12-28 21:44:18] [INFO]     |  local epoch  : 4, acc 0.771
[2023-12-28 21:44:18] [INFO]     | distill epoch : 0, acc 0.822
[2023-12-28 21:44:18] [INFO]     | distill epoch : 1, acc 0.828
[2023-12-28 21:44:18] [INFO]     | distill epoch : 2, acc 0.811
[2023-12-28 21:44:18] [INFO]     | distill epoch : 3, acc 0.797
[2023-12-28 21:44:18] [INFO]     | distill epoch : 4, acc 0.800
[2023-12-28 21:44:18] [INFO] |servers comunicated: 5, server aggregated: 0, acc_server 2: 0.806.
[2023-12-28 21:44:18] [INFO] --------------------------------------------------
[2023-12-28 21:44:18] [INFO]  |epoch_client_commu: 1/2
[2023-12-28 21:44:18] [INFO]   |server: 0
[2023-12-28 21:44:18] [INFO]    -client 0
[2023-12-28 21:44:18] [INFO]     |  local epoch  : 0, acc 0.740
[2023-12-28 21:44:18] [INFO]     |  local epoch  : 1, acc 0.805
[2023-12-28 21:44:18] [INFO]     |  local epoch  : 2, acc 0.766
[2023-12-28 21:44:18] [INFO]     |  local epoch  : 3, acc 0.805
[2023-12-28 21:44:18] [INFO]     |  local epoch  : 4, acc 0.794
[2023-12-28 21:44:18] [INFO]     | distill epoch : 0, acc 0.835
[2023-12-28 21:44:18] [INFO]     | distill epoch : 1, acc 0.838
[2023-12-28 21:44:18] [INFO]     | distill epoch : 2, acc 0.814
[2023-12-28 21:44:18] [INFO]     | distill epoch : 3, acc 0.813
[2023-12-28 21:44:18] [INFO]     | distill epoch : 4, acc 0.806
[2023-12-28 21:44:18] [INFO]    -client 1
[2023-12-28 21:44:18] [INFO]     |  local epoch  : 0, acc 0.733
[2023-12-28 21:44:19] [INFO]     |  local epoch  : 1, acc 0.810
[2023-12-28 21:44:19] [INFO]     |  local epoch  : 2, acc 0.813
[2023-12-28 21:44:19] [INFO]     |  local epoch  : 3, acc 0.787
[2023-12-28 21:44:19] [INFO]     |  local epoch  : 4, acc 0.809
[2023-12-28 21:44:19] [INFO]     | distill epoch : 0, acc 0.837
[2023-12-28 21:44:19] [INFO]     | distill epoch : 1, acc 0.821
[2023-12-28 21:44:19] [INFO]     | distill epoch : 2, acc 0.802
[2023-12-28 21:44:19] [INFO]     | distill epoch : 3, acc 0.816
[2023-12-28 21:44:19] [INFO]     | distill epoch : 4, acc 0.802
[2023-12-28 21:44:19] [INFO]    -client 2
[2023-12-28 21:44:19] [INFO]     |  local epoch  : 0, acc 0.675
[2023-12-28 21:44:19] [INFO]     |  local epoch  : 1, acc 0.819
[2023-12-28 21:44:19] [INFO]     |  local epoch  : 2, acc 0.792
[2023-12-28 21:44:19] [INFO]     |  local epoch  : 3, acc 0.814
[2023-12-28 21:44:19] [INFO]     |  local epoch  : 4, acc 0.788
[2023-12-28 21:44:19] [INFO]     | distill epoch : 0, acc 0.832
[2023-12-28 21:44:19] [INFO]     | distill epoch : 1, acc 0.826
[2023-12-28 21:44:19] [INFO]     | distill epoch : 2, acc 0.806
[2023-12-28 21:44:19] [INFO]     | distill epoch : 3, acc 0.814
[2023-12-28 21:44:19] [INFO]     | distill epoch : 4, acc 0.806
[2023-12-28 21:44:19] [INFO] |servers comunicated: 5, server aggregated: 1, acc_server 0: 0.810.
[2023-12-28 21:44:19] [INFO] --------------------------------------------------
[2023-12-28 21:44:19] [INFO]   |server: 1
[2023-12-28 21:44:19] [INFO]    -client 3
[2023-12-28 21:44:19] [INFO]     |  local epoch  : 0, acc 0.792
[2023-12-28 21:44:20] [INFO]     |  local epoch  : 1, acc 0.820
[2023-12-28 21:44:20] [INFO]     |  local epoch  : 2, acc 0.834
[2023-12-28 21:44:20] [INFO]     |  local epoch  : 3, acc 0.815
[2023-12-28 21:44:20] [INFO]     |  local epoch  : 4, acc 0.813
[2023-12-28 21:44:20] [INFO]     | distill epoch : 0, acc 0.832
[2023-12-28 21:44:20] [INFO]     | distill epoch : 1, acc 0.807
[2023-12-28 21:44:20] [INFO]     | distill epoch : 2, acc 0.814
[2023-12-28 21:44:20] [INFO]     | distill epoch : 3, acc 0.809
[2023-12-28 21:44:20] [INFO]     | distill epoch : 4, acc 0.804
[2023-12-28 21:44:20] [INFO]    -client 4
[2023-12-28 21:44:20] [INFO]     |  local epoch  : 0, acc 0.771
[2023-12-28 21:44:20] [INFO]     |  local epoch  : 1, acc 0.803
[2023-12-28 21:44:20] [INFO]     |  local epoch  : 2, acc 0.777
[2023-12-28 21:44:20] [INFO]     |  local epoch  : 3, acc 0.809
[2023-12-28 21:44:20] [INFO]     |  local epoch  : 4, acc 0.839
[2023-12-28 21:44:20] [INFO]     | distill epoch : 0, acc 0.811
[2023-12-28 21:44:20] [INFO]     | distill epoch : 1, acc 0.815
[2023-12-28 21:44:20] [INFO]     | distill epoch : 2, acc 0.810
[2023-12-28 21:44:20] [INFO]     | distill epoch : 3, acc 0.807
[2023-12-28 21:44:20] [INFO]     | distill epoch : 4, acc 0.816
[2023-12-28 21:44:20] [INFO]    -client 5
[2023-12-28 21:44:20] [INFO]     |  local epoch  : 0, acc 0.801
[2023-12-28 21:44:20] [INFO]     |  local epoch  : 1, acc 0.786
[2023-12-28 21:44:21] [INFO]     |  local epoch  : 2, acc 0.797
[2023-12-28 21:44:21] [INFO]     |  local epoch  : 3, acc 0.776
[2023-12-28 21:44:21] [INFO]     |  local epoch  : 4, acc 0.802
[2023-12-28 21:44:21] [INFO]     | distill epoch : 0, acc 0.832
[2023-12-28 21:44:21] [INFO]     | distill epoch : 1, acc 0.819
[2023-12-28 21:44:21] [INFO]     | distill epoch : 2, acc 0.825
[2023-12-28 21:44:21] [INFO]     | distill epoch : 3, acc 0.814
[2023-12-28 21:44:21] [INFO]     | distill epoch : 4, acc 0.807
[2023-12-28 21:44:21] [INFO] |servers comunicated: 5, server aggregated: 1, acc_server 1: 0.815.
[2023-12-28 21:44:21] [INFO] --------------------------------------------------
[2023-12-28 21:44:21] [INFO]   |server: 2
[2023-12-28 21:44:21] [INFO]    -client 6
[2023-12-28 21:44:21] [INFO]     |  local epoch  : 0, acc 0.612
[2023-12-28 21:44:21] [INFO]     |  local epoch  : 1, acc 0.771
[2023-12-28 21:44:21] [INFO]     |  local epoch  : 2, acc 0.788
[2023-12-28 21:44:21] [INFO]     |  local epoch  : 3, acc 0.780
[2023-12-28 21:44:21] [INFO]     |  local epoch  : 4, acc 0.795
[2023-12-28 21:44:21] [INFO]     | distill epoch : 0, acc 0.837
[2023-12-28 21:44:21] [INFO]     | distill epoch : 1, acc 0.834
[2023-12-28 21:44:21] [INFO]     | distill epoch : 2, acc 0.823
[2023-12-28 21:44:21] [INFO]     | distill epoch : 3, acc 0.812
[2023-12-28 21:44:21] [INFO]     | distill epoch : 4, acc 0.813
[2023-12-28 21:44:21] [INFO]    -client 7
[2023-12-28 21:44:21] [INFO]     |  local epoch  : 0, acc 0.620
[2023-12-28 21:44:21] [INFO]     |  local epoch  : 1, acc 0.791
[2023-12-28 21:44:22] [INFO]     |  local epoch  : 2, acc 0.793
[2023-12-28 21:44:22] [INFO]     |  local epoch  : 3, acc 0.803
[2023-12-28 21:44:22] [INFO]     |  local epoch  : 4, acc 0.783
[2023-12-28 21:44:22] [INFO]     | distill epoch : 0, acc 0.827
[2023-12-28 21:44:22] [INFO]     | distill epoch : 1, acc 0.833
[2023-12-28 21:44:22] [INFO]     | distill epoch : 2, acc 0.826
[2023-12-28 21:44:22] [INFO]     | distill epoch : 3, acc 0.804
[2023-12-28 21:44:22] [INFO]     | distill epoch : 4, acc 0.814
[2023-12-28 21:44:22] [INFO]    -client 8
[2023-12-28 21:44:22] [INFO]     |  local epoch  : 0, acc 0.619
[2023-12-28 21:44:22] [INFO]     |  local epoch  : 1, acc 0.765
[2023-12-28 21:44:22] [INFO]     |  local epoch  : 2, acc 0.754
[2023-12-28 21:44:22] [INFO]     |  local epoch  : 3, acc 0.800
[2023-12-28 21:44:22] [INFO]     |  local epoch  : 4, acc 0.776
[2023-12-28 21:44:22] [INFO]     | distill epoch : 0, acc 0.832
[2023-12-28 21:44:22] [INFO]     | distill epoch : 1, acc 0.839
[2023-12-28 21:44:22] [INFO]     | distill epoch : 2, acc 0.827
[2023-12-28 21:44:22] [INFO]     | distill epoch : 3, acc 0.808
[2023-12-28 21:44:22] [INFO]     | distill epoch : 4, acc 0.816
[2023-12-28 21:44:22] [INFO] |servers comunicated: 5, server aggregated: 1, acc_server 2: 0.819.
[2023-12-28 21:44:22] [INFO] --------------------------------------------------
[2023-12-28 21:44:22] [INFO]      ********  servers comunicates  ********      
[2023-12-28 21:44:22] [INFO] ./data/saved-data/mnist_algo_0/alpha_0.5_T_8/server_commu_6_client_commu_2_client_train_5_batch_size_200_num_all_client_9_num_all_server_3_num_client_data_1200_num_public_data_50_proportion_0.8.pt
