[2023-12-28 22:25:15] [INFO] device cuda is used.
[2023-12-28 22:25:15] [INFO] cudnn is actived.
[2023-12-28 22:25:15] [INFO] 
           alpha       :  0.0  
             T         :   8   
         algorithm     :   0   
     num_server_commu  :   2   
     num_client_commu  :   2   
     num_client_train  :   2   
     num_public_train  :   5   
        batch_size     :  200  
          dataset      : mnist 
       model_select    :   1   
      num_all_client   :   9   
      num_all_server   :   3   
      num_client_data  : 1200  
      num_public_data  :  50   
        proportion     :  0.8  

[2023-12-28 22:25:23] [INFO] --------------------------------------------------
[2023-12-28 22:25:23] [INFO] |epoch_server_commu: 0/2
[2023-12-28 22:25:23] [INFO]  |epoch_client_commu: 0/2
[2023-12-28 22:25:23] [INFO]   |server: 0
[2023-12-28 22:25:23] [INFO]    -client 0
[2023-12-28 22:25:23] [INFO]     |  local epoch  : 0, acc 0.104
[2023-12-28 22:25:23] [INFO]     |  local epoch  : 1, acc 0.104
[2023-12-28 22:25:23] [INFO]    -client 1
[2023-12-28 22:25:23] [INFO]     |  local epoch  : 0, acc 0.104
[2023-12-28 22:25:23] [INFO]     |  local epoch  : 1, acc 0.104
[2023-12-28 22:25:23] [INFO]    -client 2
[2023-12-28 22:25:23] [INFO]     |  local epoch  : 0, acc 0.104
[2023-12-28 22:25:23] [INFO]     |  local epoch  : 1, acc 0.104
[2023-12-28 22:25:23] [INFO] |servers comunicated: 0, server aggregated: 0, acc_server 0: 0.104.
[2023-12-28 22:25:23] [INFO] --------------------------------------------------
[2023-12-28 22:25:23] [INFO]   |server: 1
[2023-12-28 22:25:23] [INFO]    -client 3
[2023-12-28 22:25:24] [INFO]     |  local epoch  : 0, acc 0.098
[2023-12-28 22:25:24] [INFO]     |  local epoch  : 1, acc 0.098
[2023-12-28 22:25:24] [INFO]    -client 4
[2023-12-28 22:25:24] [INFO]     |  local epoch  : 0, acc 0.098
[2023-12-28 22:25:24] [INFO]     |  local epoch  : 1, acc 0.098
[2023-12-28 22:25:24] [INFO]    -client 5
[2023-12-28 22:25:24] [INFO]     |  local epoch  : 0, acc 0.098
[2023-12-28 22:25:24] [INFO]     |  local epoch  : 1, acc 0.098
[2023-12-28 22:25:24] [INFO] |servers comunicated: 0, server aggregated: 0, acc_server 1: 0.098.
[2023-12-28 22:25:24] [INFO] --------------------------------------------------
[2023-12-28 22:25:24] [INFO]   |server: 2
[2023-12-28 22:25:24] [INFO]    -client 6
[2023-12-28 22:25:24] [INFO]     |  local epoch  : 0, acc 0.101
[2023-12-28 22:25:24] [INFO]     |  local epoch  : 1, acc 0.101
[2023-12-28 22:25:24] [INFO]    -client 7
[2023-12-28 22:25:24] [INFO]     |  local epoch  : 0, acc 0.101
[2023-12-28 22:25:24] [INFO]     |  local epoch  : 1, acc 0.101
[2023-12-28 22:25:24] [INFO]    -client 8
[2023-12-28 22:25:24] [INFO]     |  local epoch  : 0, acc 0.101
[2023-12-28 22:25:24] [INFO]     |  local epoch  : 1, acc 0.101
[2023-12-28 22:25:24] [INFO] |servers comunicated: 0, server aggregated: 0, acc_server 2: 0.101.
[2023-12-28 22:25:24] [INFO] --------------------------------------------------
[2023-12-28 22:25:24] [INFO]  |epoch_client_commu: 1/2
[2023-12-28 22:25:24] [INFO]   |server: 0
[2023-12-28 22:25:24] [INFO]    -client 0
[2023-12-28 22:25:24] [INFO]     |  local epoch  : 0, acc 0.104
[2023-12-28 22:25:24] [INFO]     |  local epoch  : 1, acc 0.104
[2023-12-28 22:25:24] [INFO]    -client 1
[2023-12-28 22:25:25] [INFO]     |  local epoch  : 0, acc 0.104
[2023-12-28 22:25:25] [INFO]     |  local epoch  : 1, acc 0.104
[2023-12-28 22:25:25] [INFO]    -client 2
[2023-12-28 22:25:25] [INFO]     |  local epoch  : 0, acc 0.104
[2023-12-28 22:25:25] [INFO]     |  local epoch  : 1, acc 0.104
[2023-12-28 22:25:25] [INFO] |servers comunicated: 0, server aggregated: 1, acc_server 0: 0.104.
[2023-12-28 22:25:25] [INFO] --------------------------------------------------
[2023-12-28 22:25:25] [INFO]   |server: 1
[2023-12-28 22:25:25] [INFO]    -client 3
[2023-12-28 22:25:25] [INFO]     |  local epoch  : 0, acc 0.098
[2023-12-28 22:25:25] [INFO]     |  local epoch  : 1, acc 0.098
[2023-12-28 22:25:25] [INFO]    -client 4
[2023-12-28 22:25:25] [INFO]     |  local epoch  : 0, acc 0.098
[2023-12-28 22:25:25] [INFO]     |  local epoch  : 1, acc 0.098
[2023-12-28 22:25:25] [INFO]    -client 5
[2023-12-28 22:25:25] [INFO]     |  local epoch  : 0, acc 0.098
[2023-12-28 22:25:25] [INFO]     |  local epoch  : 1, acc 0.098
[2023-12-28 22:25:25] [INFO] |servers comunicated: 0, server aggregated: 1, acc_server 1: 0.098.
[2023-12-28 22:25:25] [INFO] --------------------------------------------------
[2023-12-28 22:25:25] [INFO]   |server: 2
[2023-12-28 22:25:25] [INFO]    -client 6
[2023-12-28 22:25:25] [INFO]     |  local epoch  : 0, acc 0.101
[2023-12-28 22:25:25] [INFO]     |  local epoch  : 1, acc 0.101
[2023-12-28 22:25:25] [INFO]    -client 7
[2023-12-28 22:25:25] [INFO]     |  local epoch  : 0, acc 0.101
[2023-12-28 22:25:25] [INFO]     |  local epoch  : 1, acc 0.101
[2023-12-28 22:25:25] [INFO]    -client 8
[2023-12-28 22:25:26] [INFO]     |  local epoch  : 0, acc 0.101
[2023-12-28 22:25:26] [INFO]     |  local epoch  : 1, acc 0.101
[2023-12-28 22:25:26] [INFO] |servers comunicated: 0, server aggregated: 1, acc_server 2: 0.101.
[2023-12-28 22:25:26] [INFO] --------------------------------------------------
[2023-12-28 22:25:26] [INFO]      ********  servers comunicates  ********      
[2023-12-28 22:25:26] [INFO] --------------------------------------------------
[2023-12-28 22:25:26] [INFO] |epoch_server_commu: 1/2
[2023-12-28 22:25:26] [INFO]  |epoch_client_commu: 0/2
[2023-12-28 22:25:26] [INFO]   |server: 0
[2023-12-28 22:25:26] [INFO]    -client 0
[2023-12-28 22:25:26] [INFO]     |  local epoch  : 0, acc 0.104
[2023-12-28 22:25:26] [INFO]     |  local epoch  : 1, acc 0.104
[2023-12-28 22:25:26] [INFO]     | distill epoch : 0, acc 0.104
[2023-12-28 22:25:26] [INFO]     | distill epoch : 1, acc 0.104
[2023-12-28 22:25:26] [INFO]     | distill epoch : 2, acc 0.104
[2023-12-28 22:25:26] [INFO]     | distill epoch : 3, acc 0.104
[2023-12-28 22:25:26] [INFO]     | distill epoch : 4, acc 0.104
[2023-12-28 22:25:26] [INFO]    -client 1
[2023-12-28 22:25:26] [INFO]     |  local epoch  : 0, acc 0.104
[2023-12-28 22:25:26] [INFO]     |  local epoch  : 1, acc 0.104
[2023-12-28 22:25:27] [INFO]     | distill epoch : 0, acc 0.104
[2023-12-28 22:25:27] [INFO]     | distill epoch : 1, acc 0.104
[2023-12-28 22:25:27] [INFO]     | distill epoch : 2, acc 0.104
[2023-12-28 22:25:27] [INFO]     | distill epoch : 3, acc 0.104
[2023-12-28 22:25:27] [INFO]     | distill epoch : 4, acc 0.104
[2023-12-28 22:25:27] [INFO]    -client 2
[2023-12-28 22:25:27] [INFO]     |  local epoch  : 0, acc 0.104
[2023-12-28 22:25:27] [INFO]     |  local epoch  : 1, acc 0.104
[2023-12-28 22:25:27] [INFO]     | distill epoch : 0, acc 0.104
[2023-12-28 22:25:27] [INFO]     | distill epoch : 1, acc 0.104
[2023-12-28 22:25:27] [INFO]     | distill epoch : 2, acc 0.104
[2023-12-28 22:25:27] [INFO]     | distill epoch : 3, acc 0.104
[2023-12-28 22:25:27] [INFO]     | distill epoch : 4, acc 0.104
[2023-12-28 22:25:27] [INFO] |servers comunicated: 1, server aggregated: 0, acc_server 0: 0.104.
[2023-12-28 22:25:27] [INFO] --------------------------------------------------
[2023-12-28 22:25:27] [INFO]   |server: 1
[2023-12-28 22:25:27] [INFO]    -client 3
[2023-12-28 22:25:27] [INFO]     |  local epoch  : 0, acc 0.098
[2023-12-28 22:25:27] [INFO]     |  local epoch  : 1, acc 0.098
[2023-12-28 22:25:27] [INFO]     | distill epoch : 0, acc 0.098
[2023-12-28 22:25:27] [INFO]     | distill epoch : 1, acc 0.098
[2023-12-28 22:25:27] [INFO]     | distill epoch : 2, acc 0.098
[2023-12-28 22:25:28] [INFO]     | distill epoch : 3, acc 0.098
[2023-12-28 22:25:28] [INFO]     | distill epoch : 4, acc 0.098
[2023-12-28 22:25:28] [INFO]    -client 4
[2023-12-28 22:25:28] [INFO]     |  local epoch  : 0, acc 0.098
[2023-12-28 22:25:28] [INFO]     |  local epoch  : 1, acc 0.098
[2023-12-28 22:25:28] [INFO]     | distill epoch : 0, acc 0.098
[2023-12-28 22:25:28] [INFO]     | distill epoch : 1, acc 0.098
[2023-12-28 22:25:28] [INFO]     | distill epoch : 2, acc 0.098
[2023-12-28 22:25:28] [INFO]     | distill epoch : 3, acc 0.098
[2023-12-28 22:25:28] [INFO]     | distill epoch : 4, acc 0.098
[2023-12-28 22:25:28] [INFO]    -client 5
[2023-12-28 22:25:28] [INFO]     |  local epoch  : 0, acc 0.098
[2023-12-28 22:25:28] [INFO]     |  local epoch  : 1, acc 0.098
[2023-12-28 22:25:28] [INFO]     | distill epoch : 0, acc 0.098
[2023-12-28 22:25:28] [INFO]     | distill epoch : 1, acc 0.098
[2023-12-28 22:25:28] [INFO]     | distill epoch : 2, acc 0.098
[2023-12-28 22:25:28] [INFO]     | distill epoch : 3, acc 0.098
[2023-12-28 22:25:28] [INFO]     | distill epoch : 4, acc 0.098
[2023-12-28 22:25:28] [INFO] |servers comunicated: 1, server aggregated: 0, acc_server 1: 0.098.
[2023-12-28 22:25:28] [INFO] --------------------------------------------------
[2023-12-28 22:[2023-12-28 22:25:28] [INFO]     |  local epoch  : 0, acc 0.096
[2023-12-28 22:25:29] [INFO]     |  local epoch  : 1, acc 0.096
[2023-12-28 22:25:29] [INFO]     | distill epoch : 0, acc 0.096
[2023-12-28 22:25:29] [INFO]     | distill epoch : 0, acc 0.096
[2023-12-28 22:25:29] [INFO]     | distill epoch : 1, acc 0.096
[2023-12-28 22:25:29] [INFO]     | distill epoch : 1, acc 0.096
[2023-12-28 22:25:29] [INFO]     | distill epoch : 2, acc 0.096
[2023-12-28 22:25:29] [INFO]     | distill epoch : 2, acc 0.096
[2023-12-28 22:25:29] [INFO]     | distill epoch : 3, acc 0.096
[2023-12-28 22:25:29] [INFO]     | distill epoc[2023-12-28 22:25[2023-12-28 22:25:29] [INFO]     | distill epoc[2023-12-28 22:25[2023-12-28 22:25:29] [INFO]     | distill epoc[2023-12-28 22:25[2023-12-28 22:25:29] [INFO] |servers comunicat[2023-12-28 22:25:29] [INFO]     | distill epoch : 2, acc 0.101
[2023-12-28 22:25:29] [INFO]     | distill epoch : 3, acc 0.101
[2023-12-28 22:25:29] [INFO]     | distill epoch : 4, acc 0.101
[2023-12-28 22:25:29] [INFO]    -client 8
[2023-12-28 22:25:29] [INFO]     |  local epoch  : 0, acc 0.101
[2023-12-28 22:25:29] [INFO]     |  local epoch  : 1, acc 0.101
[2023-12-28 22:25:29] [INFO]     | distill epoch : 0, acc 0.101
[2023-12-28 22:25:29] [INFO]     | distill epoch : 1, acc 0.101
[2023-12-28 22:25:30] [INFO]     | distill epoch : 2, acc 0.101
[2023-12-28 22:25:30] [INFO]     | distill epoch : 3, acc 0.101
[2023-12-28 22:25:30] [INFO]     | distill epoch : 4, acc 0.101
[2023-12-28 22:25:30] [INFO] |servers comunicated: 1, server aggregated: 0, acc_server 2: 0.101.
[2023-12-28 22:25:30] [INFO] ----------------------------------------------[2023-12-28 22:25:30] [INFO]     | distill epoch : 2, acc 0.098
[2023-12-28 22:25:30] [INFO]     | distill epoch : 3, acc 0.098
[2023-12-28 22:25:30] [INFO]     | distill epoch : 3, acc 0.098
[2023-12-28 22:25:30] [INFO]     | distill epoch : 3, acc 0.098
[2023-12-28 22:25:30] [INFO]     | distill epoch : 4, acc 0.098
[2023-12-28 22:25:30] [INFO]     | distill epoch : 4, acc 0.098
[2023-12-28 22:25:30] [INFO]     | distill epoch : 4, acc 0.098
[2023-12-28 22:25:30] [INFO]    -client 7
[2023-12-28 22:25:30] [INFO]     |  local epoch  : 0, acc 0.098
[2023-12-28 22:25:30] [INFO]     |  local epoch  : 1, acc 0.098
[2023-12-28 22:25:30] [INFO]     | distill epoch : 0, acc 0.098
[2023-12-28 22:25:30] [INFO]     | distill epoch : 0, acc 0.098
[2023-12-28 22:25:30] [INFO]     | distill epoch : 0, acc 0.098
[2023-12-28 22:25:30] [INFO]     | distill epoch : 1, acc 0.098
[2023-12-28 22:25:30] [INFO]     | distill epoch : 1, acc 0.098
[2023-12-28 22:25:30] [INFO]     | distill epoch : 1, acc 0.098
[2023-12-28 22:25:31] [INFO]     | distill epoch : 2, acc 0.098
[2023-12-28 22:25:31] [INFO]     | distill epoch : 2, acc 0.098
[2023-12-28 22:25:31] [INFO]     | distill epoch : 2, acc 0.098
[2023-12-28 22:25:31] [INFO]     | distill epoch : 3, acc 0.098
[2023-12-28 22:25:31] [INFO]     | distill epoch : 3, acc 0.098
[2023-12-28 22:25:31] [INFO]     | distill epoch : 3, acc 0.098
[2023-12-28 22:25:31] [INFO]     | distill epoch : 4, acc 0.098
[2023-12-28 22:25:31] [INFO]     | distill epoch : 4, acc 0.098
[2023-12-28 22:25:31] [INFO]     | distill epoch : 4, acc 0.098
[2023-12-28 22:25:31] [INFO]    -client 8
[2023-12-28 22:25:31] [INFO]     |  local epoch  : 0, acc 0.098
[2023-12-28 22:25:31] [INFO]     |  local epoch  : 1, acc 0.098
[2023-12-28 22:25:31] [INFO]     | distill epoch : 0, acc 0.098
[2023-12-28 22:25:31] [INFO]     | distill epoch : 0, acc 0.098
[2023-12-28 22:25:31] [INFO]     | distill epoch : 0, acc 0.098
[2023-12-28 22:25:31] [INFO]     | distill epoch : 1, acc 0.098
[2023-12-28 22:25:31] [INFO]     | distill epoch : 1, acc 0.098
[2023-12-28 22:25:31] [INFO]     | distill epoch : 1, acc 0.098
[2023-12-28 22:25:31] [INFO]     | distill epoch : 2, acc 0.098
[2023-12-28 22:25:31] [INFO]     | distill epoch : 2, acc 0.098
[2023-12-28 22:25:32] [INFO]     | distill epoch : 2, acc 0.098
[2023-12-28 22:25:32] [INFO]     | distill epoch : 3, acc 0.098
[2023-12-28 22:25:32] [INFO]     | distill epoch : 3, acc 0.098
[2023-12-28 22:25:32] [INFO]     | distill epoch : 3, acc 0.098
[2023-12-28 22:25:32] [INFO]     | distill epoch : 4, acc 0.098
[2023-12-28 22:25:32] [INFO]     | distill epoch : 4, acc 0.098
[2023-12-28 22:25:32] [INFO]     | distill epoch : 4, acc 0.098
[2023-12-28 22:25:32] [INFO] |servers comunicated: 1, server aggregated: 0, acc_server 2: 0.098.
[2023-12-28 22:25:32] [INFO] --------------------------------------------------
[2023-12-28 22:25:32] [INFO]  |epoch_client_commu: 1/2
[2023-12-28 22:25:32] [INFO]   |server: 0
[2023-12-28 22:25:32] [INFO]    -client 0
[2023-12-28 22:25:32] [INFO]     |  local epoch  : 0, acc 0.101
[2023-12-28 22:25:32] [INFO]     |  local epoch  : 1, acc 0.101
[2023-12-28 22:25:32] [INFO]     | distill epoch : 0, acc 0.101
[2023-12-28 22:25:32] [INFO]     | distill epoch : 1, acc 0.101
[2023-12-28 22:25:32] [INFO]     | distill epoch : 2, acc 0.101
[2023-12-28 22:25:32] [INFO]     | distill epoch : 3, acc 0.101
[2023-12-28 22:25:32] [INFO]     | distill epoch : 4, acc 0.101
[2023-12-28 22:25:32] [INFO]    -client 1
[2023-12-28 22:25:32] [INFO]     |  local epoch  : 0, acc 0.101
[2023-12-28 22:25:32] [INFO]     |  local epoch  : 1, acc 0.101
[2023-12-28 22:25:32] [INFO]     | distill epoch : 0, acc 0.101
[2023-12-28 22:25:33] [INFO]     | distill epoch : 1, acc 0.101
[2023-12-28 22:25:33] [INFO]     | distill epoch : 2, acc 0.101
[2023-12-28 22:25:33] [INFO]     | distill epoch : 3, acc 0.101
[2023-12-28 22:25:33] [INFO]     | distill epoch : 4, acc 0.101
[2023-12-28 22:25:33] [INFO]    -client 2
[2023-12-28 22:25:33] [INFO]     |  local epoch  : 0, acc 0.101
[2023-12-28 22:25:33] [INFO]     |  local epoch  : 1, acc 0.101
[2023-12-28 22:25:33] [INFO]     | distill epoch : 0, acc 0.101
[2023-12-28 22:25:33] [INFO]     | distill epoch : 1, acc 0.101
[2023-12-28 22:25:33] [INFO]     | distill epoch : 2, acc 0.101
[2023-12-28 22:25:33] [INFO]     | distill epoch : 3, acc 0.101
[2023-12-28 22:25:33] [INFO]     | distill epoch : 4, acc 0.101
[2023-12-28 22:25:33] [INFO] |servers comunicated: 1, server aggregated: 1, acc_server 0: 0.101.
[2023-12-28 22:25[2023-12-28 22:25:33] [INFO]     |  local epoch  : 1, acc 0.101
[2023-12-28 22:25:33] [INFO]     | distill epoch : 0, acc 0.101
[2023-12-28 22:25:33] [INFO]     | distill epoch : 1, acc 0.101
[2023-12-28 22:25:33] [INFO]     | distill epoch : 2, acc 0.101
[2023-12-28 22:25:33] [INFO]     | distill epoch : 3, acc 0.101
[2023-12-28 22:25:33] [INFO]     | distill epoch : 4, acc 0.101
[2023-12-28 22:25:33] [INFO] |servers comunicated: 1, server aggregated: 1, acc_server 2: 0.101.
[2023-12-28 22:25:33] [INFO] ---------------------[2023-12-28 22:25:34] [INFO]     | distill epoch : 2, acc 0.096
[2023-12-28 22:25:34] [INFO]     | distill epoch : 2, acc 0.096
[2023-12-28 22:25:34] [INFO]     | distill epoch : 3, acc 0.096
[2023-12-28 22:25:34] [INFO]     | distill epoch : 3, acc 0.096
[2023-12-28 22:25:34] [INFO]     | distill epoch : 4, acc 0.096
[2023-12-28 22:25:34] [INFO]     | distill epoch : 4, acc 0.096
[2023-12-28 22:25:34] [INFO]    -client 4
[2023-12-28 22:25:34] [INFO]     |  local epoch  : 0, acc 0.096
[2023-12-28 22:25:34] [INFO]     |  local epoch  : 1, acc 0.096
[2023-12-28 22:25:34] [INFO]     | distill epoch : 0, acc 0.096
[2023-12-28 22:25:34] [INFO]     | distill epoch : 0, acc 0.096
[2023-12-28 22:25:34] [INFO]     | distill epoch : 1, acc 0.096
[2023-12-28 22:25:34] [INFO]     | distill epoch : 1, acc 0.096
[2023-12-28 22:25:34] [INFO]     | distill epoch : 2, acc 0.096
[2023-12-28 22:25:34] [INFO]     | distill epoch : 2, acc 0.096
[2023-12-28 22:25:34] [INFO]     | distill epoch : 3, acc 0.096
[2023-12-28 22:25:34] [INFO]     | distill epoch : 3, acc 0.096
[2023-12-28 22:25:34] [INFO]     | distill epoch : 4, acc 0.096
[2023-12-28 22:25:34] [INFO]     | distill epoch : 4, acc 0.096
[2023-12-28 22:25:34] [INFO]    -client 5
[2023-12-28 22:25:34] [INFO]     |  local epoch  : 0, acc 0.096
[2023-12-28 22:25:34] [INFO]     |  local epoch  : 1, acc 0.096
[2023-12-28 22:25:34] [INFO]     | distill epoch : 0, acc 0.096
[2023-12-28 22:25:34] [INFO]     | distill epoch : 0, acc 0.096
[2023-12-28 22:25:35] [INFO]     | distill epoch : 1, acc 0.096
[2023-12-28 22:25:35] [INFO]     | distill epoch : 1, acc 0.096
[2023-12-28 22:25:35] [INFO]     | distill epoch : 2, acc 0.096
[2023-12-28 22:25:35] [INFO]     | distill epoch : 2, acc 0.096
[2023-12-28 22:25:35] [INFO]     | distill epoch : 3, acc 0.096
[2023-12-28 22:25:35] [INFO]     | distill epoch : 3, acc 0.096
[2023-12-28 22:25:35] [INFO]     | distill epoch : 4, acc 0.096
[2023-12-28 22:25:35] [INFO]     | distill epoch : 4, acc 0.096
[2023-12-28 22:25:35] [INFO] |servers comunicated: 1, server aggregated: 1, acc_server 1: 0.096.
[2023-12-28 22:25:35] [INFO] --------------------------------------------------
[2023-12-28 22:25:35] [INFO]   |server: 2
[2023-12-28 22:25:35] [INFO]    -client 6
[2023-12-28 22:25:35] [INFO]     |  local epoch  : 0, acc 0.098
[2023-12-28 22:25:35] [INFO]     |  local epoch  : 1, acc 0.098
[2023-12-28 22:25:35] [INFO]     | distill epoch : 0, acc 0.098
[2023-12-28 22:25:35] [INFO]     | distill epoch : 0, acc 0.098
[2023-12-28 22:25:35] [INFO]     | distill epoch : 0, acc 0.098
[2023-12-28 22:25:35] [INFO]     | distill epoch : 1, acc 0.098
[2023-12-28 22:25:35] [INFO]     | distill epoch : 1, acc 0.098
[2023-12-28 22:25:35] [INFO]     | distill epoch : 1, acc 0.098
[2023-12-28 22:25:35] [INFO]     | distill epoch : 2, acc 0.098
[2023-12-28 22:25:35] [INFO]     | distill epoch : 2, acc 0.098
[2023-12-28 22:25:35] [INFO]     | distill epoch : 2, acc 0.098
[2023-12-28 22:25:35] [INFO]     | distill epoch : 3, acc 0.098
[2023-12-28 22:25:35] [INFO]     | distill epoch : 3, acc 0.098
[2023-12-28 22:25:36] [INFO]     | distill epoch : 3, acc 0.098
[2023-12-28 22:25:36] [INFO]     | distill epoch : 4, acc 0.098
[2023-12-28 22:25:36] [INFO]     | distill epoch : 4, acc 0.098
[2023-12-28 22:25:36] [INFO]     | distill epoch : 4, acc 0.098
[2023-12-28 22:25:36] [INFO]    -client 7
[2023-12-28 22:25:36] [INFO]     |  local epoch  : 0, acc 0.098
[2023-12-28 22:25:36] [INFO]     |  local epoch  : 1, acc 0.098
[2023-12-28 22:25:36] [INFO]     | distill epoch : 0, acc 0.098
[2023-12-28 22:25:36] [INFO]     | distill epoch : 0, acc 0.098
[2023-12-28 22:25:36] [INFO]     | distill epoch : 0, acc 0.098
[2023-12-28 22:25:36] [INFO]     | distill epoch : 1, acc 0.098
[2023-12-28 22:25:36] [INFO]     | distill epoch : 1, acc 0.098
[2023-12-28 22:25:36] [INFO]     | distill epoch : 1, acc 0.098
[2023-12-28 22:25:36] [INFO]     | distill epoch : 2, acc 0.098
[2023-12-28 22:25:36] [INFO]     | distill epoch : 2, acc 0.098
[2023-12-28 22:25:36] [INFO]     | distill epoch : 2, acc 0.098
[2023-12-28 22:25:36] [INFO]     | distill epoch : 3, acc 0.098
[2023-12-28 22:25:36] [INFO]     | distill epoch : 3, acc 0.098
[2023-12-28 22:25:36] [INFO]     | distill epoch : 3, acc 0.098
[2023-12-28 22:25:36] [INFO]     | distill epoch : 4, acc 0.098
[2023-12-28 22:25:36] [INFO]     | distill epoch : 4, acc 0.098
[2023-12-28 22:25:36] [INFO]     | distill epoch : 4, acc 0.098
[2023-12-28 22:25:36] [INFO]    -client 8
[2023-12-28 22:25:36] [INFO]     |  local epoch  : 0, acc 0.098
[2023-12-28 22:25:36] [INFO]     |  local epoch  : 1, acc 0.098
[2023-12-28 22:25:37] [INFO]     | distill epoch : 0, acc 0.098
[2023-12-28 22:25:37] [INFO]     | distill epoch : 0, acc 0.098
[2023-12-28 22:25:37] [INFO]     | distill epoch : 0, acc 0.098
[2023-12-28 22:25:37] [INFO]     | distill epoch : 1, acc 0.098
[2023-12-28 22:25:37] [INFO]     | distill epoch : 1, acc 0.098
[2023-12-28 22:25:37] [INFO]     | distill epoch : 1, acc 0.098
[2023-12-28 22:25:37] [INFO]     | distill epoch : 2, acc 0.098
[2023-12-28 22:25:37] [INFO]     | distill epoch : 2, acc 0.098
[2023-12-28 22:25:37] [INFO]     | distill epoch : 2, acc 0.098
[2023-12-28 22:25:37] [INFO]     | distill epoch : 3, acc 0.098
[2023-12-28 22:25:37] [INFO]     | distill epoch : 3, acc 0.098
[2023-12-28 22:25:37] [INFO]     | distill epoch : 3, acc 0.098
[2023-12-28 22:25:37] [INFO]     | distill epoch : 4, acc 0.098
[2023-12-28 22:25:37] [INFO]     | distill epoch : 4, acc 0.098
[2023-12-28 22:25:37] [INFO]     | distill epoch : 4, acc 0.098
[2023-12-28 22:25:37] [INFO] |servers comunicated: 1, server aggregated: 1, acc_server 2: 0.098.
[2023-12-28 22:25:37] [INFO] --------------------------------------------------
[2023-12-28 22:25:37] [INFO]      ********  servers comunicates  ********      
[2023-12-28 22:25:37] [INFO] ./data/saved-data/mnist_algo_1/alpha_0.0_T_8/server_commu_2_client_commu_2_client_train_2_batch_size_200_num_all_client_9_num_all_server_3_num_client_data_1200_num_public_data_50_proportion_0.8.pt
