[2024-01-01 08:54:53] [INFO] device cuda is used.
[2024-01-01 08:54:53] [INFO] cudnn is actived.
[2024-01-01 08:54:53] [INFO] 
           alpha       :  0.5  
             T         :   6   
         algorithm     :   3   
     num_server_commu  :  30   
     num_client_commu  :   5   
     num_client_train  :   5   
     num_public_train  :   5   
        batch_size     :  160  
          dataset      : mnist 
       model_select    :   1   
      num_all_client   :   9   
      num_all_server   :   3   
      num_client_data  : 1200  
      num_public_data  :  50   
        proportion     :  0.8  

[2024-01-01 08:55:01] [INFO] --------------------------------------------------
[2024-01-01 08:55:01] [INFO] |epoch_server_commu: 0/30
[2024-01-01 08:55:01] [INFO]  |epoch_client_commu: 0/5
[2024-01-01 08:55:01] [INFO]   |server: 0
[2024-01-01 08:55:01] [INFO]    -client 0
[2024-01-01 08:55:02] [INFO]     |  local epoch  : 0, acc 0.089
[2024-01-01 08:55:02] [INFO]     |  local epoch  : 1, acc 0.089
[2024-01-01 08:55:03] [INFO]     |  local epoch  : 2, acc 0.089
[2024-01-01 08:55:03] [INFO]     |  local epoch  : 3, acc 0.089
[2024-01-01 08:55:04] [INFO]     |  local epoch  : 4, acc 0.089
[2024-01-01 08:55:04] [INFO]    -client 1
[2024-01-01 08:55:04] [INFO]     |  local epoch  : 0, acc 0.089
[2024-01-01 08:55:05] [INFO]     |  local epoch  : 1, acc 0.089
[2024-01-01 08:55:05] [INFO]     |  local epoch  : 2, acc 0.089
[2024-01-01 08:55:06] [INFO]     |  local epoch  : 3, acc 0.089
[2024-01-01 08:55:06] [INFO]     |  local epoch  : 4, acc 0.089
[2024-01-01 08:55:06] [INFO]    -client 2
[2024-01-01 08:55:07] [INFO]     |  local epoch  : 0, acc 0.089
[2024-01-01 08:55:07] [INFO]     |  local epoch  : 1, acc 0.089
[2024-01-01 08:55:08] [INFO]     |  local epoch  : 2, acc 0.089
[2024-01-01 08:55:08] [INFO]     |  local epoch  : 3, acc 0.089
[2024-01-01 08:55:08] [INFO]     |  local epoch  : 4, acc 0.089
[2024-01-01 08:55:09] [INFO] |servers comunicated: 0, server aggregated: 0, acc_server 0: 0.089.
[2024-01-01 08:55:09] [INFO] --------------------------------------------------
[2024-01-01 08:55:09] [INFO]   |server: 1
[2024-01-01 08:55:09] [INFO]    -client 3
[2024-01-01 08:55:09] [INFO]     |  local epoch  : 0, acc 0.098
[2024-01-01 08:55:10] [INFO]     |  local epoch  : 1, acc 0.098
[2024-01-01 08:55:10] [INFO]     |  local epoch  : 2, acc 0.098
[2024-01-01 08:55:11] [INFO]     |  local epoch  : 3, acc 0.098
[2024-01-01 08:55:11] [INFO]     |  local epoch  : 4, acc 0.098
[2024-01-01 08:55:11] [INFO]    -client 4
[2024-01-01 08:55:12] [INFO]     |  local epoch  : 0, acc 0.098
[2024-01-01 08:55:12] [INFO]     |  local epoch  : 1, acc 0.098
[2024-01-01 08:55:13] [INFO]     |  local epoch  : 2, acc 0.098
[2024-01-01 08:55:13] [INFO]     |  local epoch  : 3, acc 0.098
[2024-01-01 08:55:14] [INFO]     |  local epoch  : 4, acc 0.098
[2024-01-01 08:55:14] [INFO]    -client 5
[2024-01-01 08:55:15] [INFO]     |  local epoch  : 0, acc 0.098
[2024-01-01 08:55:15] [INFO]     |  local epoch  : 1, acc 0.098
[2024-01-01 08:55:16] [INFO]     |  local epoch  : 2, acc 0.098
[2024-01-01 08:55:17] [INFO]     |  local epoch  : 3, acc 0.098
[2024-01-01 08:55:17] [INFO]     |  local epoch  : 4, acc 0.098
[2024-01-01 08:55:18] [INFO] |servers comunicated: 0, server aggregated: 0, acc_server 1: 0.098.
[2024-01-01 08:55:18] [INFO] --------------------------------------------------
[2024-01-01 08:55:18] [INFO]   |server: 2
[2024-01-01 08:55:18] [INFO]    -client 6
[2024-01-01 08:55:18] [INFO]     |  local epoch  : 0, acc 0.113
[2024-01-01 08:55:19] [INFO]     |  local epoch  : 1, acc 0.113
[2024-01-01 08:55:20] [INFO]     |  local epoch  : 2, acc 0.113
[2024-01-01 08:55:21] [INFO]     |  local epoch  : 3, acc 0.113
[2024-01-01 08:55:21] [INFO]     |  local epoch  : 4, acc 0.113
[2024-01-01 08:55:21] [INFO]    -client 7
[2024-01-01 08:55:22] [INFO]     |  local epoch  : 0, acc 0.113
[2024-01-01 08:55:23] [INFO]     |  local epoch  : 1, acc 0.113
[2024-01-01 08:55:23] [INFO]     |  local epoch  : 2, acc 0.113
[2024-01-01 08:55:24] [INFO]     |  local epoch  : 3, acc 0.113
[2024-01-01 08:55:25] [INFO]     |  local epoch  : 4, acc 0.113
[2024-01-01 08:55:25] [INFO]    -client 8
[2024-01-01 08:55:26] [INFO]     |  local epoch  : 0, acc 0.113
[2024-01-01 08:55:27] [INFO]     |  local epoch  : 1, acc 0.113
[2024-01-01 08:55:28] [INFO]     |  local epoch  : 2, acc 0.113
[2024-01-01 08:55:29] [INFO]     |  local epoch  : 3, acc 0.113
[2024-01-01 08:55:30] [INFO]     |  local epoch  : 4, acc 0.113
[2024-01-01 08:55:31] [INFO] |servers comunicated: 0, server aggregated: 0, acc_server 2: 0.113.
[2024-01-01 08:55:31] [INFO] --------------------------------------------------
[2024-01-01 08:55:31] [INFO]  |epoch_client_commu: 1/5
[2024-01-01 08:55:31] [INFO]   |server: 0
[2024-01-01 08:55:31] [INFO]    -client 0
[2024-01-01 08:55:32] [INFO]     |  local epoch  : 0, acc 0.089
[2024-01-01 08:55:33] [INFO]     |  local epoch  : 1, acc 0.089
[2024-01-01 08:55:34] [INFO]     |  local epoch  : 2, acc 0.089
[2024-01-01 08:55:35] [INFO]     |  local epoch  : 3, acc 0.089
[2024-01-01 08:55:36] [INFO]     |  local epoch  : 4, acc 0.089
[2024-01-01 08:55:36] [INFO]    -client 1
[2024-01-01 08:55:37] [INFO]     |  local epoch  : 0, acc 0.089
[2024-01-01 08:55:38] [INFO]     |  local epoch  : 1, acc 0.089
[2024-01-01 08:55:39] [INFO]     |  local epoch  : 2, acc 0.089
[2024-01-01 08:55:40] [INFO]     |  local epoch  : 3, acc 0.089
[2024-01-01 08:55:41] [INFO]     |  local epoch  : 4, acc 0.089
[2024-01-01 08:55:41] [INFO]    -client 2
[2024-01-01 08:55:42] [INFO]     |  local epoch  : 0, acc 0.089
[2024-01-01 08:55:44] [INFO]     |  local epoch  : 1, acc 0.089
[2024-01-01 08:55:45] [INFO]     |  local epoch  : 2, acc 0.089
[2024-01-01 08:55:46] [INFO]     |  local epoch  : 3, acc 0.089
[2024-01-01 08:55:47] [INFO]     |  local epoch  : 4, acc 0.089
[2024-01-01 08:55:47] [INFO] |servers comunicated: 0, server aggregated: 1, acc_server 0: 0.089.
[2024-01-01 08:55:47] [INFO] --------------------------------------------------
[2024-01-01 08:55:47] [INFO]   |server: 1
[2024-01-01 08:55:47] [INFO]    -client 3
[2024-01-01 08:55:48] [INFO]     |  local epoch  : 0, acc 0.098
[2024-01-01 08:55:49] [INFO]     |  local epoch  : 1, acc 0.098
[2024-01-01 08:55:51] [INFO]     |  local epoch  : 2, acc 0.098
[2024-01-01 08:55:52] [INFO]     |  local epoch  : 3, acc 0.098
[2024-01-01 08:55:53] [INFO]     |  local epoch  : 4, acc 0.100
[2024-01-01 08:55:53] [INFO]    -client 4
[2024-01-01 08:55:54] [INFO]     |  local epoch  : 0, acc 0.098
[2024-01-01 08:55:55] [INFO]     |  local epoch  : 1, acc 0.098
[2024-01-01 08:55:56] [INFO]     |  local epoch  : 2, acc 0.098
[2024-01-01 08:55:57] [INFO]     |  local epoch  : 3, acc 0.098
[2024-01-01 08:55:58] [INFO]     |  local epoch  : 4, acc 0.098
[2024-01-01 08:55:58] [INFO]    -client 5
[2024-01-01 08:55:59] [INFO]     |  local epoch  : 0, acc 0.098
[2024-01-01 08:56:00] [INFO]     |  local epoch  : 1, acc 0.098
[2024-01-01 08:56:01] [INFO]     |  local epoch  : 2, acc 0.098
[2024-01-01 08:56:02] [INFO]     |  local epoch  : 3, acc 0.098
[2024-01-01 08:56:03] [INFO]     |  local epoch  : 4, acc 0.098
[2024-01-01 08:56:04] [INFO] |servers comunicated: 0, server aggregated: 1, acc_server 1: 0.098.
[2024-01-01 08:56:04] [INFO] --------------------------------------------------
[2024-01-01 08:56:04] [INFO]   |server: 2
[2024-01-01 08:56:04] [INFO]    -client 6
[2024-01-01 08:56:05] [INFO]     |  local epoch  : 0, acc 0.113
[2024-01-01 08:56:06] [INFO]     |  local epoch  : 1, acc 0.113
[2024-01-01 08:56:07] [INFO]     |  local epoch  : 2, acc 0.113
[2024-01-01 08:56:08] [INFO]     |  local epoch  : 3, acc 0.120
[2024-01-01 08:56:09] [INFO]     |  local epoch  : 4, acc 0.197
[2024-01-01 08:56:09] [INFO]    -client 7
[2024-01-01 08:56:10] [INFO]     |  local epoch  : 0, acc 0.113
[2024-01-01 08:56:11] [INFO]     |  local epoch  : 1, acc 0.113
[2024-01-01 08:56:13] [INFO]     |  local epoch  : 2, acc 0.113
[2024-01-01 08:56:14] [INFO]     |  local epoch  : 3, acc 0.134
[2024-01-01 08:56:15] [INFO]     |  local epoch  : 4, acc 0.202
[2024-01-01 08:56:15] [INFO]    -client 8
[2024-01-01 08:56:16] [INFO]     |  local epoch  : 0, acc 0.113
[2024-01-01 08:56:17] [INFO]     |  local epoch  : 1, acc 0.113
[2024-01-01 08:56:18] [INFO]     |  local epoch  : 2, acc 0.114
[2024-01-01 08:56:19] [INFO]     |  local epoch  : 3, acc 0.161
[2024-01-01 08:56:20] [INFO]     |  local epoch  : 4, acc 0.215
[2024-01-01 08:56:21] [INFO] |servers comunicated: 0, server aggregated: 1, acc_server 2: 0.199.
[2024-01-01 08:56:21] [INFO] --------------------------------------------------
[2024-01-01 08:56:21] [INFO]  |epoch_client_commu: 2/5
[2024-01-01 08:56:21] [INFO]   |server: 0
[2024-01-01 08:56:21] [INFO]    -client 0
[2024-01-01 08:56:22] [INFO]     |  local epoch  : 0, acc 0.089
[2024-01-01 08:56:23] [INFO]     |  local epoch  : 1, acc 0.089
[2024-01-01 08:56:24] [INFO]     |  local epoch  : 2, acc 0.089
[2024-01-01 08:56:25] [INFO]     |  local epoch  : 3, acc 0.094
[2024-01-01 08:56:26] [INFO]     |  local epoch  : 4, acc 0.127
[2024-01-01 08:56:26] [INFO]    -client 1
[2024-01-01 08:56:28] [INFO]     |  local epoch  : 0, acc 0.089
[2024-01-01 08:56:29] [INFO]     |  local epoch  : 1, acc 0.089
[2024-01-01 08:56:30] [INFO]     |  local epoch  : 2, acc 0.089
[2024-01-01 08:56:31] [INFO]     |  local epoch  : 3, acc 0.102
[2024-01-01 08:56:32] [INFO]     |  local epoch  : 4, acc 0.144
[2024-01-01 08:56:32] [INFO]    -client 2
[2024-01-01 08:56:33] [INFO]     |  local epoch  : 0, acc 0.089
[2024-01-01 08:56:34] [INFO]     |  local epoch  : 1, acc 0.089
[2024-01-01 08:56:35] [INFO]     |  local epoch  : 2, acc 0.089
[2024-01-01 08:56:36] [INFO]     |  local epoch  : 3, acc 0.098
[2024-01-01 08:56:37] [INFO]     |  local epoch  : 4, acc 0.149
[2024-01-01 08:56:38] [INFO] |servers comunicated: 0, server aggregated: 2, acc_server 0: 0.140.
[2024-01-01 08:56:38] [INFO] --------------------------------------------------
[2024-01-01 08:56:38] [INFO]   |server: 1
[2024-01-01 08:56:38] [INFO]    -client 3
[2024-01-01 08:56:39] [INFO]     |  local epoch  : 0, acc 0.109
[2024-01-01 08:56:40] [INFO]     |  local epoch  : 1, acc 0.186
[2024-01-01 08:56:41] [INFO]     |  local epoch  : 2, acc 0.246
[2024-01-01 08:56:42] [INFO]     |  local epoch  : 3, acc 0.289
[2024-01-01 08:56:43] [INFO]     |  local epoch  : 4, acc 0.396
[2024-01-01 08:56:43] [INFO]    -client 4
[2024-01-01 08:56:44] [INFO]     |  local epoch  : 0, acc 0.119
[2024-01-01 08:56:46] [INFO]     |  local epoch  : 1, acc 0.240
[2024-01-01 08:56:47] [INFO]     |  local epoch  : 2, acc 0.359
[2024-01-01 08:56:48] [INFO]     |  local epoch  : 3, acc 0.395
[2024-01-01 08:56:49] [INFO]     |  local epoch  : 4, acc 0.499
[2024-01-01 08:56:49] [INFO]    -client 5
[2024-01-01 08:56:50] [INFO]     |  local epoch  : 0, acc 0.132
[2024-01-01 08:56:51] [INFO]     |  local epoch  : 1, acc 0.200
[2024-01-01 08:56:52] [INFO]     |  local epoch  : 2, acc 0.264
[2024-01-01 08:56:53] [INFO]     |  local epoch  : 3, acc 0.395
[2024-01-01 08:56:54] [INFO]     |  local epoch  : 4, acc 0.491
[2024-01-01 08:56:55] [INFO] |servers comunicated: 0, server aggregated: 2, acc_server 1: 0.475.
[2024-01-01 08:56:55] [INFO] --------------------------------------------------
[2024-01-01 08:56:55] [INFO]   |server: 2
[2024-01-01 08:56:55] [INFO]    -client 6
[2024-01-01 08:56:56] [INFO]     |  local epoch  : 0, acc 0.278
[2024-01-01 08:56:57] [INFO]     |  local epoch  : 1, acc 0.365
[2024-01-01 08:56:58] [INFO]     |  local epoch  : 2, acc 0.387
[2024-01-01 08:56:59] [INFO]     |  local epoch  : 3, acc 0.426
[2024-01-01 08:57:00] [INFO]     |  local epoch  : 4, acc 0.498
[2024-01-01 08:57:00] [INFO]    -client 7
[2024-01-01 08:57:01] [INFO]     |  local epoch  : 0, acc 0.223
[2024-01-01 08:57:02] [INFO]     |  local epoch  : 1, acc 0.250
[2024-01-01 08:57:03] [INFO]     |  local epoch  : 2, acc 0.302
[2024-01-01 08:57:04] [INFO]     |  local epoch  : 3, acc 0.337
[2024-01-01 08:57:05] [INFO]     |  local epoch  : 4, acc 0.396
[2024-01-01 08:57:05] [INFO]    -client 8
[2024-01-01 08:57:06] [INFO]     |  local epoch  : 0, acc 0.237
[2024-01-01 08:57:07] [INFO]     |  local epoch  : 1, acc 0.274
[2024-01-01 08:57:08] [INFO]     |  local epoch  : 2, acc 0.336
[2024-01-01 08:57:09] [INFO]     |  local epoch  : 3, acc 0.385
[2024-01-01 08:57:10] [INFO]     |  local epoch  : 4, acc 0.432
[2024-01-01 08:57:10] [INFO] |servers comunicated: 0, server aggregated: 2, acc_server 2: 0.453.
[2024-01-01 08:57:10] [INFO] --------------------------------------------------
[2024-01-01 08:57:10] [INFO]  |epoch_client_commu: 3/5
[2024-01-01 08:57:10] [INFO]   |server: 0
[2024-01-01 08:57:10] [INFO]    -client 0
[2024-01-01 08:57:11] [INFO]     |  local epoch  : 0, acc 0.201
[2024-01-01 08:57:12] [INFO]     |  local epoch  : 1, acc 0.330
[2024-01-01 08:57:13] [INFO]     |  local epoch  : 2, acc 0.492
[2024-01-01 08:57:15] [INFO]     |  local epoch  : 3, acc 0.510
[2024-01-01 08:57:16] [INFO]     |  local epoch  : 4, acc 0.549
[2024-01-01 08:57:16] [INFO]    -client 1
[2024-01-01 08:57:17] [INFO]     |  local epoch  : 0, acc 0.223
[2024-01-01 08:57:18] [INFO]     |  local epoch  : 1, acc 0.266
[2024-01-01 08:57:19] [INFO]     |  local epoch  : 2, acc 0.435
[2024-01-01 08:57:20] [INFO]     |  local epoch  : 3, acc 0.561
[2024-01-01 08:57:21] [INFO]     |  local epoch  : 4, acc 0.574
[2024-01-01 08:57:21] [INFO]    -client 2
[2024-01-01 08:57:22] [INFO]     |  local epoch  : 0, acc 0.197
[2024-01-01 08:57:23] [INFO]     |  local epoch  : 1, acc 0.350
[2024-01-01 08:57:24] [INFO]     |  local epoch  : 2, acc 0.431
[2024-01-01 08:57:25] [INFO]     |  local epoch  : 3, acc 0.487
[2024-01-01 08:57:26] [INFO]     |  local epoch  : 4, acc 0.535
[2024-01-01 08:57:26] [INFO] |servers comunicated: 0, server aggregated: 3, acc_server 0: 0.559.
[2024-01-01 08:57:26] [INFO] --------------------------------------------------
[2024-01-01 08:57:26] [INFO]   |server: 1
[2024-01-01 08:57:26] [INFO]    -client 3
[2024-01-01 08:57:27] [INFO]     |  local epoch  : 0, acc 0.382
[2024-01-01 08:57:28] [INFO]     |  local epoch  : 1, acc 0.494
[2024-01-01 08:57:30] [INFO]     |  local epoch  : 2, acc 0.564
[2024-01-01 08:57:31] [INFO]     |  local epoch  : 3, acc 0.636
[2024-01-01 08:57:32] [INFO]     |  local epoch  : 4, acc 0.657
[2024-01-01 08:57:32] [INFO]    -client 4
[2024-01-01 08:57:33] [INFO]     |  local epoch  : 0, acc 0.467
[2024-01-01 08:57:34] [INFO]     |  local epoch  : 1, acc 0.521
[2024-01-01 08:57:35] [INFO]     |  local epoch  : 2, acc 0.610
[2024-01-01 08:57:36] [INFO]     |  local epoch  : 3, acc 0.633
[2024-01-01 08:57:37] [INFO]     |  local epoch  : 4, acc 0.631
[2024-01-01 08:57:37] [INFO]    -client 5
[2024-01-01 08:57:38] [INFO]     |  local epoch  : 0, acc 0.532
[2024-01-01 08:57:39] [INFO]     |  local epoch  : 1, acc 0.593
[2024-01-01 08:57:40] [INFO]     |  local epoch  : 2, acc 0.584
[2024-01-01 08:57:41] [INFO]     |  local epoch  : 3, acc 0.627
[2024-01-01 08:57:42] [INFO]     |  local epoch  : 4, acc 0.613
[2024-01-01 08:57:43] [INFO] |servers comunicated: 0, server aggregated: 3, acc_server 1: 0.668.
[2024-01-01 08:57:43] [INFO] --------------------------------------------------
[2024-01-01 08:57:43] [INFO]   |server: 2
[2024-01-01 08:57:43] [INFO]    -client 6
[2024-01-01 08:57:44] [INFO]     |  local epoch  : 0, acc 0.543
[2024-01-01 08:57:45] [INFO]     |  local epoch  : 1, acc 0.561
[2024-01-01 08:57:46] [INFO]     |  local epoch  : 2, acc 0.620
[2024-01-01 08:57:47] [INFO]     |  local epoch  : 3, acc 0.617
[2024-01-01 08:57:48] [INFO]     |  local epoch  : 4, acc 0.677
[2024-01-01 08:57:48] [INFO]    -client 7
[2024-01-01 08:57:49] [INFO]     |  local epoch  : 0, acc 0.427
[2024-01-01 08:57:50] [INFO]     |  local epoch  : 1, acc 0.459
[2024-01-01 08:57:51] [INFO]     |  local epoch  : 2, acc 0.542
[2024-01-01 08:57:52] [INFO]     |  local epoch  : 3, acc 0.591
[2024-01-01 08:57:53] [INFO]     |  local epoch  : 4, acc 0.640
[2024-01-01 08:57:53] [INFO]    -client 8
[2024-01-01 08:57:54] [INFO]     |  local epoch  : 0, acc 0.484
[2024-01-01 08:57:55] [INFO]     |  local epoch  : 1, acc 0.540
[2024-01-01 08:57:56] [INFO]     |  local epoch  : 2, acc 0.543
[2024-01-01 08:57:57] [INFO]     |  local epoch  : 3, acc 0.592
[2024-01-01 08:57:58] [INFO]     |  local epoch  : 4, acc 0.650
[2024-01-01 08:57:59] [INFO] |servers comunicated: 0, server aggregated: 3, acc_server 2: 0.688.
[2024-01-01 08:57:59] [INFO] --------------------------------------------------
[2024-01-01 08:57:59] [INFO]  |epoch_client_commu: 4/5
[2024-01-01 08:57:59] [INFO]   |server: 0
[2024-01-01 08:57:59] [INFO]    -client 0
[2024-01-01 08:58:00] [INFO]     |  local epoch  : 0, acc 0.588
[2024-01-01 08:58:01] [INFO]     |  local epoch  : 1, acc 0.588
[2024-01-01 08:58:02] [INFO]     |  local epoch  : 2, acc 0.719
[2024-01-01 08:58:03] [INFO]     |  local epoch  : 3, acc 0.682
[2024-01-01 08:58:04] [INFO]     |  local epoch  : 4, acc 0.667
[2024-01-01 08:58:04] [INFO]    -client 1
[2024-01-01 08:58:05] [INFO]     |  local epoch  : 0, acc 0.502
[2024-01-01 08:58:06] [INFO]     |  local epoch  : 1, acc 0.522
[2024-01-01 08:58:07] [INFO]     |  local epoch  : 2, acc 0.646
[2024-01-01 08:58:08] [INFO]     |  local epoch  : 3, acc 0.671
[2024-01-01 08:58:09] [INFO]     |  local epoch  : 4, acc 0.689
[2024-01-01 08:58:09] [INFO]    -client 2
[2024-01-01 08:58:10] [INFO]     |  local epoch  : 0, acc 0.593
[2024-01-01 08:58:11] [INFO]     |  local epoch  : 1, acc 0.600
[2024-01-01 08:58:12] [INFO]     |  local epoch  : 2, acc 0.575
[2024-01-01 08:58:13] [INFO]     |  local epoch  : 3, acc 0.628
[2024-01-01 08:58:15] [INFO]     |  local epoch  : 4, acc 0.612
[2024-01-01 08:58:15] [INFO] |servers comunicated: 0, server aggregated: 4, acc_server 0: 0.669.
[2024-01-01 08:58:15] [INFO] --------------------------------------------------
[2024-01-01 08:58:15] [INFO]   |server: 1
[2024-01-01 08:58:15] [INFO]    -client 3
[2024-01-01 08:58:16] [INFO]     |  local epoch  : 0, acc 0.639
[2024-01-01 08:58:17] [INFO]     |  local epoch  : 1, acc 0.678
l epoch  : 1, acc 0.089
[2024-01-01 08:58:02] [INFO]     |  local epoch  : 2, acc 0.089
[2024-01-01 08:58:03] [INFO]     |  local epoch  : 3, acc 0.101
[2024-01-01 08:58:04] [INFO]     |  local epoch  : 4, acc 0.148
[2024-01-01 08:58:04] [INFO]    -client 4
[2024-01-01 08:58:04] [INFO]    -client 4
[2024-01-01 08:58:05] [INFO]     |  local epoch  : 0, acc 0.089
[2024-01-01 08:58:06] [INFO]     |  local epoch  : 1, acc 0.089
[2024-01-01 08:58:07] [INFO]     |  local epoch  : 2, acc 0.089
[2024-01-01 08:58:08] [INFO]     |  local epoch  : 3, acc 0.089
[2024-01-01 08:58:09] [INFO]     |  local epoch  : 4, acc 0.089
[2024-01-01 08:58:10] [INFO]     |  local epoch  : 0, acc 0.089
[2024-01-01 08:58:11] [INFO]     |  local epoch  : 1, acc 0.089
[2024-01-01 08:58:12] [INFO]     |  local epoch  : 2, acc 0.089
[2024-01-01 08:58:13] [INFO]     |  local epoch  : 3, acc 0.091
[2024-01-01 08:58:14] [INFO]     |  local epoch  : 4, acc 0.124
[2024-01-01 08:58:14] [INFO]    -client 5
[2024-01-01 08:58:14] [INFO]    -client 5
[2024-01-01 08:58:15] [INFO]     |  local epoch  : 0, acc 0.089
[2024-01-01 08:58:16] [INFO]     |  local epoch  : 1, acc 0.089
[2024-01-01 08:58:17] [INFO]     |  local epoch  : 2, acc 0.089
