[2024-01-02 16:58:36] [INFO] device cuda is used.
[2024-01-02 16:58:36] [INFO] cudnn is actived.
[2024-01-02 16:58:36] [INFO] 
           alpha       :  0.5  
             T         :   6   
         algorithm     :   2   
     num_server_commu  :   2   
     num_client_commu  :   2   
     num_client_train  :   2   
     num_public_train  :   2   
        batch_size     :  160  
          dataset      : mnist 
       model_select    :   1   
      num_all_client   :   9   
      num_all_server   :   3   
      num_client_data  : 1200  
      num_public_data  :  50   
        proportion     :  0.8  

[2024-01-02 16:58:43] [INFO] --------------------------------------------------
[2024-01-02 16:58:43] [INFO] |epoch_server_commu: 0/2
[2024-01-02 16:58:43] [INFO]  |epoch_client_commu: 0/2
[2024-01-02 16:58:43] [INFO]   |server: 0
[2024-01-02 16:58:43] [INFO]    -client 0
[2024-01-02 16:58:44] [INFO]     |  local epoch  : 0, acc 0.098
[2024-01-02 16:58:45] [INFO]     |  local epoch  : 1, acc 0.098
[2024-01-02 16:58:45] [INFO]    -client 1
[2024-01-02 16:58:45] [INFO]     |  local epoch  : 0, acc 0.098
[2024-01-02 16:58:46] [INFO]     |  local epoch  : 1, acc 0.098
[2024-01-02 16:58:46] [INFO]    -client 2
[2024-01-02 16:58:46] [INFO]     |  local epoch  : 0, acc 0.098
[2024-01-02 16:58:47] [INFO]     |  local epoch  : 1, acc 0.098
[2024-01-02 16:58:47] [INFO] |servers comunicated: 0, server aggregated: 0, acc_server 0: 0.098.
[2024-01-02 16:58:47] [INFO] --------------------------------------------------
[2024-01-02 16:58:47] [INFO]   |server: 1
[2024-01-02 16:58:47] [INFO]    -client 3
[2024-01-02 16:58:47] [INFO]     |  local epoch  : 0, acc 0.101
[2024-01-02 16:58:47] [INFO]     |  local epoch  : 1, acc 0.101
[2024-01-02 16:58:47] [INFO]    -client 4
[2024-01-02 16:58:48] [INFO]     |  local epoch  : 0, acc 0.101
[2024-01-02 16:58:48] [INFO]     |  local epoch  : 1, acc 0.101
[2024-01-02 16:58:48] [INFO]    -client 5
[2024-01-02 16:58:49] [INFO]     |  local epoch  : 0, acc 0.101
[2024-01-02 16:58:49] [INFO]     |  local epoch  : 1, acc 0.101
[2024-01-02 16:58:49] [INFO] |servers comunicated: 0, server aggregated: 0, acc_server 1: 0.101.
[2024-01-02 16:58:49] [INFO] --------------------------------------------------
[2024-01-02 16:58:49] [INFO]   |server: 2
[2024-01-02 16:58:49] [INFO]    -client 6
[2024-01-02 16:58:49] [INFO]     |  local epoch  : 0, acc 0.103
[2024-01-02 16:58:50] [INFO]     |  local epoch  : 1, acc 0.103
[2024-01-02 16:58:50] [INFO]    -client 7
[2024-01-02 16:58:50] [INFO]     |  local epoch  : 0, acc 0.103
[2024-01-02 16:58:51] [INFO]     |  local epoch  : 1, acc 0.103
[2024-01-02 16:58:51] [INFO]    -client 8
[2024-01-02 16:58:51] [INFO]     |  local epoch  : 0, acc 0.103
[2024-01-02 16:58:51] [INFO]     |  local epoch  : 1, acc 0.103
[2024-01-02 16:58:51] [INFO] |servers comunicated: 0, server aggregated: 0, acc_server 2: 0.103.
[2024-01-02 16:58:51] [INFO] --------------------------------------------------
[2024-01-02 16:58:51] [INFO]  |epoch_client_commu: 1/2
[2024-01-02 16:58:51] [INFO]   |server: 0
[2024-01-02 16:58:52] [INFO]    -client 0
[2024-01-02 16:58:52] [INFO]     |  local epoch  : 0, acc 0.098
[2024-01-02 16:58:52] [INFO]     |  local epoch  : 1, acc 0.098
[2024-01-02 16:58:52] [INFO]    -client 1
[2024-01-02 16:58:53] [INFO]     |  local epoch  : 0, acc 0.098
[2024-01-02 16:58:53] [INFO]     |  local epoch  : 1, acc 0.098
[2024-01-02 16:58:53] [INFO]    -client 2
[2024-01-02 16:58:53] [INFO]     |  local epoch  : 0, acc 0.098
[2024-01-02 16:58:54] [INFO]     |  local epoch  : 1, acc 0.098
[2024-01-02 16:58:54] [INFO] |servers comunicated: 0, server aggregated: 1, acc_server 0: 0.098.
[2024-01-02 16:58:54] [INFO] --------------------------------------------------
[2024-01-02 16:58:54] [INFO]   |server: 1
[2024-01-02 16:58:54] [INFO]    -client 3
[2024-01-02 16:58:54] [INFO]     |  local epoch  : 0, acc 0.101
[2024-01-02 16:58:55] [INFO]     |  local epoch  : 1, acc 0.101
[2024-01-02 16:58:55] [INFO]    -client 4
[2024-01-02 16:58:55] [INFO]     |  local epoch  : 0, acc 0.101
[2024-01-02 16:58:55] [INFO]     |  local epoch  : 1, acc 0.101
[2024-01-02 16:58:55] [INFO]    -client 5
[2024-01-02 16:58:56] [INFO]     |  local epoch  : 0, acc 0.101
[2024-01-02 16:58:56] [INFO]     |  local epoch  : 1, acc 0.101
[2024-01-02 16:58:56] [INFO] |servers comunicated: 0, server aggregated: 1, acc_server 1: 0.101.
[2024-01-02 16:58:56] [INFO] --------------------------------------------------
[2024-01-02 16:58:56] [INFO]   |server: 2
[2024-01-02 16:58:56] [INFO]    -client 6
[2024-01-02 16:58:57] [INFO]     |  local epoch  : 0, acc 0.103
[2024-01-02 16:58:57] [INFO]     |  local epoch  : 1, acc 0.103
[2024-01-02 16:58:57] [INFO]    -client 7
[2024-01-02 16:58:57] [INFO]     |  local epoch  : 0, acc 0.103
[2024-01-02 16:58:58] [INFO]     |  local epoch  : 1, acc 0.103
[2024-01-02 16:58:58] [INFO]    -client 8
[2024-01-02 16:58:58] [INFO]     |  local epoch  : 0, acc 0.103
[2024-01-02 16:58:58] [INFO]     |  local epoch  : 1, acc 0.103
[2024-01-02 16:58:59] [INFO] |servers comunicated: 0, server aggregated: 1, acc_server 2: 0.103.
[2024-01-02 16:58:59] [INFO] --------------------------------------------------
[2024-01-02 16:58:59] [INFO]      ********  servers comunicates  ********      
[2024-01-02 16:58:59] [INFO] --------------------------------------------------
[2024-01-02 16:58:59] [INFO] |epoch_server_commu: 1/2
[2024-01-02 16:58:59] [INFO]  |epoch_client_commu: 0/2
[2024-01-02 16:58:59] [INFO]   |server: 0
[2024-01-02 16:58:59] [INFO]    -client 0
[2024-01-02 16:58:59] [INFO]     |  local epoch  : 0, acc 0.098
[2024-01-02 16:58:59] [INFO]     |  local epoch  : 1, acc 0.098
[2024-01-02 16:58:59] [INFO]    -client 1
[2024-01-02 16:59:00] [INFO]     |  local epoch  : 0, acc 0.098
[2024-01-02 16:59:00] [INFO]     |  local epoch  : 1, acc 0.098
[2024-01-02 16:59:00] [INFO]    -client 2
[2024-01-02 16:59:00] [INFO]     |  local epoch  : 0, acc 0.098
[2024-01-02 16:59:01] [INFO]     |  local epoch  : 1, acc 0.098
[2024-01-02 16:59:01] [INFO] |servers comunicated: 1, server aggregated: 0, acc_server 0: 0.098.
[2024-01-02 16:59:01] [INFO] --------------------------------------------------
[2024-01-02 16:59:01] [INFO]   |server: 1
[2024-01-02 16:59:01] [INFO]    -client 3
[2024-01-02 16:59:01] [INFO]     |  local epoch  : 0, acc 0.101
[2024-01-02 16:59:02] [INFO]     |  local epoch  : 1, acc 0.101
[2024-01-02 16:59:02] [INFO]    -client 4
[2024-01-02 16:59:02] [INFO]     |  local epoch  : 0, acc 0.101
[2024-01-02 16:59:02] [INFO]     |  local epoch  : 1, acc 0.101
[2024-01-02 16:59:02] [INFO]    -client 5
[2024-01-02 16:59:03] [INFO]     |  local epoch  : 0, acc 0.101
[2024-01-02 16:59:03] [INFO]     |  local epoch  : 1, acc 0.101
[2024-01-02 16:59:03] [INFO] |servers comunicated: 1, server aggregated: 0, acc_server 1: 0.101.
[2024-01-02 16:59:03] [INFO] --------------------------------------------------
[2024-01-02 16:59:03] [INFO]   |server: 2
[2024-01-02 16:59:03] [INFO]    -client 6
[2024-01-02 16:59:04] [INFO]     |  local epoch  : 0, acc 0.103
[2024-01-02 16:59:04] [INFO]     |  local epoch  : 1, acc 0.103
[2024-01-02 16:59:04] [INFO]    -client 7
[2024-01-02 16:59:04] [INFO]     |  local epoch  : 0, acc 0.103
[2024-01-02 16:59:05] [INFO]     |  local epoch  : 1, acc 0.103
[2024-01-02 16:59:05] [INFO]    -client 8
[2024-01-02 16:59:05] [INFO]     |  local epoch  : 0, acc 0.103
[2024-01-02 16:59:06] [INFO]     |  local epoch  : 1, acc 0.103
[2024-01-02 16:59:06] [INFO] |servers comunicated: 1, server aggregated: 0, acc_server 2: 0.103.
[2024-01-02 16:59:06] [INFO] --------------------------------------------------
[2024-01-02 16:59:06] [INFO]  |epoch_client_commu: 1/2
[2024-01-02 16:59:06] [INFO]   |server: 0
[2024-01-02 16:59:06] [INFO]    -client 0
[2024-01-02 16:59:06] [INFO]     |  local epoch  : 0, acc 0.098
[2024-01-02 16:59:07] [INFO]     |  local epoch  : 1, acc 0.098
[2024-01-02 16:59:07] [INFO]    -client 1
[2024-01-02 16:59:07] [INFO]     |  local epoch  : 0, acc 0.098
[2024-01-02 16:59:07] [INFO]     |  local epoch  : 1, acc 0.098
[2024-01-02 16:59:07] [INFO]    -client 2
[2024-01-02 16:59:08] [INFO]     |  local epoch  : 0, acc 0.098
[2024-01-02 16:59:08] [INFO]     |  local epoch  : 1, acc 0.098
[2024-01-02 16:59:08] [INFO] |servers comunicated: 1, server aggregated: 1, acc_server 0: 0.098.
[2024-01-02 16:59:08] [INFO] --------------------------------------------------
[2024-01-02 16:59:08] [INFO]   |server: 1
[2024-01-02 16:59:08] [INFO]    -client 3
[2024-01-02 16:59:09] [INFO]     |  local epoch  : 0, acc 0.101
[2024-01-02 16:59:09] [INFO]     |  local epoch  : 1, acc 0.101
[2024-01-02 16:59:09] [INFO]    -client 4
[2024-01-02 16:59:09] [INFO]     |  local epoch  : 0, acc 0.101
[2024-01-02 16:59:10] [INFO]     |  local epoch  : 1, acc 0.101
[2024-01-02 16:59:10] [INFO]    -client 5
[2024-01-02 16:59:10] [INFO]     |  local epoch  : 0, acc 0.101
[2024-01-02 16:59:10] [INFO]     |  local epoch  : 1, acc 0.101
[2024-01-02 16:59:11] [INFO] |servers comunicated: 1, server aggregated: 1, acc_server 1: 0.101.
[2024-01-02 16:59:11] [INFO] --------------------------------------------------
[2024-01-02 16:59:11] [INFO]   |server: 2
[2024-01-02 16:59:11] [INFO]    -client 6
[2024-01-02 16:59:11] [INFO]     |  local epoch  : 0, acc 0.103
[2024-01-02 16:59:11] [INFO]     |  local epoch  : 1, acc 0.103
[2024-01-02 16:59:11] [INFO]    -client 7
[2024-01-02 16:59:12] [INFO]     |  local epoch  : 0, acc 0.103
[2024-01-02 16:59:12] [INFO]     |  local epoch  : 1, acc 0.103
[2024-01-02 16:59:12] [INFO]    -client 8
[2024-01-02 16:59:13] [INFO]     |  local epoch  : 0, acc 0.103
[2024-01-02 16:59:13] [INFO]     |  local epoch  : 1, acc 0.103
[2024-01-02 16:59:13] [INFO] |servers comunicated: 1, server aggregated: 1, acc_server 2: 0.103.
[2024-01-02 16:59:13] [INFO] --------------------------------------------------
[2024-01-02 16:59:13] [INFO]      ********  servers comunicates  ********      
[2024-01-02 16:59:13] [INFO] ./res/mnist_model_1_algo_2/server_commu_2_client_commu_2_client_train_2_batch_size_160_num_all_client_9_num_all_server_3_num_client_data_1200_num_public_data_50_proportion_0.8.pt
