[2024-01-03 15:30:08] [INFO] device cuda is used.
[2024-01-03 15:30:08] [INFO] cudnn is actived.
[2024-01-03 15:30:08] [INFO] 
      alpha      :  0.5  
        T        :   6   
    algorithm    :   4   
num_server_commu :  120  
num_client_commu :   5   
num_client_train :   5   
num_public_train :   5   
   batch_size    :  160  
     dataset     :cifar10
  model_select   :   2   
 num_all_client  :   9   
 num_all_server  :   3   
 num_client_data : 1200  
 num_public_data :  50   
   proportion    :  0.8  
[2024-01-03 15:30:17] [INFO] --------------------------------------------------
[2024-01-03 15:30:17] [INFO] |epoch_server_commu: 0/120
[2024-01-03 15:30:17] [INFO]  |epoch_client_commu: 0/5
[2024-01-03 15:30:17] [INFO]   |server: 0
[2024-01-03 15:30:17] [INFO]    -client 0
[2024-01-03 15:30:17] [INFO]    -client 0
[2024-01-03 15:30:19] [INFO]     |  local epoch  : 0, acc 0.100
[2024-01-03 15:30:19] [INFO]     |  local epoch  : 1, acc 0.100
[2024-01-03 15:30:20] [INFO]     |  local epoch  : 2, acc 0.100
[2024-01-03 15:30:20] [INFO]     |  local epoch  : 3, acc 0.100
[2024-01-03 15:30:21] [INFO]     |  local epoch  : 4, acc 0.100
[2024-01-03 15:30:22] [INFO]     |  local epoch  : 0, acc 0.100
[2024-01-03 15:30:22] [INFO]     |  local epoch  : 1, acc 0.100
[2024-01-03 15:30:23] [INFO]     |  local epoch  : 2, acc 0.100
[2024-01-03 15:30:23] [INFO]     |  local epoch  : 3, acc 0.100
[2024-01-03 15:30:24] [INFO]     |  local epoch  : 4, acc 0.100
[2024-01-03 15:30:24] [INFO]    -client 1
[2024-01-03 15:30:24] [INFO]    -client 1
[2024-01-03 15:30:25] [INFO]     |  local epoch  : 0, acc 0.100
[2024-01-03 15:30:25] [INFO]     |  local epoch  : 1, acc 0.100
[2024-01-03 15:30:26] [INFO]     |  local epoch  : 2, acc 0.100
[2024-01-03 15:30:26] [INFO]     |  local epoch  : 3, acc 0.100
[2024-01-03 15:30:27] [INFO]     |  local epoch  : 4, acc 0.100
[2024-01-03 15:30:27] [INFO]     |  local epoch  : 0, acc 0.100
[2024-01-03 15:30:28] [INFO]     |  local epoch  : 1, acc 0.100
[2024-01-03 15:30:29] [INFO]     |  local epoch  : 2, acc 0.100
[2024-01-03 15:30:29] [INFO]     |  local epoch  : 3, acc 0.100
[2024-01-03 15:30:30] [INFO]     |  local epoch  : 4, acc 0.100
[2024-01-03 15:30:30] [INFO]    -client 2
[2024-01-03 15:30:30] [INFO]    -client 2
[2024-01-03 15:30:30] [INFO]     |  local epoch  : 0, acc 0.100
[2024-01-03 15:30:31] [INFO]     |  local epoch  : 1, acc 0.100
[2024-01-03 15:30:31] [INFO]     |  local epoch  : 2, acc 0.100
[2024-01-03 15:30:32] [INFO]     |  local epoch  : 3, acc 0.100
[2024-01-03 15:30:33] [INFO]     |  local epoch  : 4, acc 0.100
[2024-01-03 15:30:33] [INFO]     |  local epoch  : 0, acc 0.100
[2024-01-03 15:30:34] [INFO]     |  local epoch  : 1, acc 0.100
[2024-01-03 15:30:34] [INFO]     |  local epoch  : 2, acc 0.100
[2024-01-03 15:30:35] [INFO]     |  local epoch  : 3, acc 0.100
[2024-01-03 15:30:35] [INFO]     |  local epoch  : 4, acc 0.100
[2024-01-03 15:30:36] [INFO] |servers comunicated: 0, server aggregated: 0, acc_server 0: 0.100.
[2024-01-03 15:30:36] [INFO] --------------------------------------------------
[2024-01-03 15:30:36] [INFO]   |server: 1
[2024-01-03 15:30:36] [INFO]    -client 3
[2024-01-03 15:30:36] [INFO]    -client 3
[2024-01-03 15:30:36] [INFO]     |  local epoch  : 0, acc 0.100
[2024-01-03 15:30:37] [INFO]     |  local epoch  : 1, acc 0.100
[2024-01-03 15:30:38] [INFO]     |  local epoch  : 2, acc 0.100
[2024-01-03 15:30:38] [INFO]     |  local epoch  : 3, acc 0.100
[2024-01-03 15:30:39] [INFO]     |  local epoch  : 4, acc 0.100
[2024-01-03 15:30:39] [INFO]     |  local epoch  : 0, acc 0.100
[2024-01-03 15:30:40] [INFO]     |  local epoch  : 1, acc 0.100
[2024-01-03 15:30:41] [INFO]     |  local epoch  : 2, acc 0.100
[2024-01-03 15:30:41] [INFO]     |  local epoch  : 3, acc 0.100
[2024-01-03 15:30:42] [INFO]     |  local epoch  : 4, acc 0.100
[2024-01-03 15:30:42] [INFO]    -client 4
[2024-01-03 15:30:42] [INFO]    -client 4
[2024-01-03 15:30:42] [INFO]     |  local epoch  : 0, acc 0.100
[2024-01-03 15:30:43] [INFO]     |  local epoch  : 1, acc 0.100
[2024-01-03 15:30:43] [INFO]     |  local epoch  : 2, acc 0.100
[2024-01-03 15:30:44] [INFO]     |  local epoch  : 3, acc 0.100
[2024-01-03 15:30:45] [INFO]     |  local epoch  : 4, acc 0.100
[2024-01-03 15:30:45] [INFO]     |  local epoch  : 0, acc 0.100
[2024-01-03 15:30:46] [INFO]     |  local epoch  : 1, acc 0.100
[2024-01-03 15:30:46] [INFO]     |  local epoch  : 2, acc 0.100
[2024-01-03 15:30:47] [INFO]     |  local epoch  : 3, acc 0.100
[2024-01-03 15:30:47] [INFO]     |  local epoch  : 4, acc 0.100
[2024-01-03 15:30:47] [INFO]    -client 5
[2024-01-03 15:30:47] [INFO]    -client 5
[2024-01-03 15:30:48] [INFO]     |  local epoch  : 0, acc 0.100
[2024-01-03 15:30:49] [INFO]     |  local epoch  : 1, acc 0.100
[2024-01-03 15:30:49] [INFO]     |  local epoch  : 2, acc 0.100
[2024-01-03 15:30:50] [INFO]     |  local epoch  : 3, acc 0.100
[2024-01-03 15:30:50] [INFO]     |  local epoch  : 4, acc 0.100
[2024-01-03 15:30:51] [INFO]     |  local epoch  : 0, acc 0.100
[2024-01-03 15:30:52] [INFO]     |  local epoch  : 1, acc 0.100
[2024-01-03 15:30:52] [INFO]     |  local epoch  : 2, acc 0.100
[2024-01-03 15:30:53] [INFO]     |  local epoch  : 3, acc 0.100
[2024-01-03 15:30:53] [INFO]     |  local epoch  : 4, acc 0.100
[2024-01-03 15:30:53] [INFO] |servers comunicated: 0, server aggregated: 0, acc_server 1: 0.100.
[2024-01-03 15:30:53] [INFO] --------------------------------------------------
[2024-01-03 15:30:53] [INFO]   |server: 2
[2024-01-03 15:30:54] [INFO]    -client 6
[2024-01-03 15:30:54] [INFO]    -client 6
[2024-01-03 15:30:54] [INFO]     |  local epoch  : 0, acc 0.100
[2024-01-03 15:30:55] [INFO]     |  local epoch  : 1, acc 0.100
[2024-01-03 15:30:55] [INFO]     |  local epoch  : 2, acc 0.100
[2024-01-03 15:30:56] [INFO]     |  local epoch  : 3, acc 0.100
[2024-01-03 15:30:56] [INFO]     |  local epoch  : 4, acc 0.100
[2024-01-03 15:30:57] [INFO]     |  local epoch  : 0, acc 0.100
[2024-01-03 15:30:58] [INFO]     |  local epoch  : 1, acc 0.100
[2024-01-03 15:30:58] [INFO]     |  local epoch  : 2, acc 0.100
[2024-01-03 15:30:59] [INFO]     |  local epoch  : 3, acc 0.100
[2024-01-03 15:30:59] [INFO]     |  local epoch  : 4, acc 0.100
[2024-01-03 15:30:59] [INFO]    -client 7
[2024-01-03 15:30:59] [INFO]    -client 7
[2024-01-03 15:31:00] [INFO]     |  local epoch  : 0, acc 0.100
[2024-01-03 15:31:00] [INFO]     |  local epoch  : 1, acc 0.100
[2024-01-03 15:31:01] [INFO]     |  local epoch  : 2, acc 0.100
[2024-01-03 15:31:02] [INFO]     |  local epoch  : 3, acc 0.100
[2024-01-03 15:31:02] [INFO]     |  local epoch  : 4, acc 0.100
[2024-01-03 15:31:03] [INFO]     |  local epoch  : 0, acc 0.100
[2024-01-03 15:31:03] [INFO]     |  local epoch  : 1, acc 0.100
[2024-01-03 15:31:04] [INFO]     |  local epoch  : 2, acc 0.100
[2024-01-03 15:31:04] [INFO]     |  local epoch  : 3, acc 0.100
[2024-01-03 15:31:05] [INFO]     |  local epoch  : 4, acc 0.100
[2024-01-03 15:31:05] [INFO]    -client 8
[2024-01-03 15:31:05] [INFO]    -client 8
[2024-01-03 15:31:06] [INFO]     |  local epoch  : 0, acc 0.100
[2024-01-03 15:31:06] [INFO]     |  local epoch  : 1, acc 0.100
[2024-01-03 15:31:07] [INFO]     |  local epoch  : 2, acc 0.100
[2024-01-03 15:31:07] [INFO]     |  local epoch  : 3, acc 0.100
[2024-01-03 15:31:08] [INFO]     |  local epoch  : 4, acc 0.100
[2024-01-03 15:31:08] [INFO]     |  local epoch  : 0, acc 0.100
[2024-01-03 15:31:09] [INFO]     |  local epoch  : 1, acc 0.100
[2024-01-03 15:31:10] [INFO]     |  local epoch  : 2, acc 0.100
[2024-01-03 15:31:10] [INFO]     |  local epoch  : 3, acc 0.100
[2024-01-03 15:31:11] [INFO]     |  local epoch  : 4, acc 0.100
[2024-01-03 15:31:11] [INFO] |servers comunicated: 0, server aggregated: 0, acc_server 2: 0.100.
[2024-01-03 15:31:11] [INFO] --------------------------------------------------
[2024-01-03 15:31:11] [INFO]  |epoch_client_commu: 1/5
[2024-01-03 15:31:11] [INFO]   |server: 0
[2024-01-03 15:31:11] [INFO]    -client 0
[2024-01-03 15:31:11] [INFO]    -client 0
[2024-01-03 15:31:12] [INFO]     |  local epoch  : 0, acc 0.100
[2024-01-03 15:31:12] [INFO]     |  local epoch  : 1, acc 0.100
[2024-01-03 15:31:13] [INFO]     |  local epoch  : 2, acc 0.100
[2024-01-03 15:31:13] [INFO]     |  local epoch  : 3, acc 0.100
[2024-01-03 15:31:14] [INFO]     |  local epoch  : 4, acc 0.100
[2024-01-03 15:31:14] [INFO]     |  local epoch  : 0, acc 0.100
[2024-01-03 15:31:15] [INFO]     |  local epoch  : 1, acc 0.100
[2024-01-03 15:31:16] [INFO]     |  local epoch  : 2, acc 0.100
[2024-01-03 15:31:16] [INFO]     |  local epoch  : 3, acc 0.100
[2024-01-03 15:31:17] [INFO]     |  local epoch  : 4, acc 0.100
[2024-01-03 15:31:17] [INFO]    -client 1
[2024-01-03 15:31:17] [INFO]    -client 1
[2024-01-03 15:31:17] [INFO]     |  local epoch  : 0, acc 0.100
[2024-01-03 15:31:18] [INFO]     |  local epoch  : 1, acc 0.100
[2024-01-03 15:31:18] [INFO]     |  local epoch  : 2, acc 0.100
[2024-01-03 15:31:19] [INFO]     |  local epoch  : 3, acc 0.100
[2024-01-03 15:31:20] [INFO]     |  local epoch  : 4, acc 0.100
[2024-01-03 15:31:20] [INFO]     |  local epoch  : 0, acc 0.100
[2024-01-03 15:31:21] [INFO]     |  local epoch  : 1, acc 0.100
[2024-01-03 15:31:21] [INFO]     |  local epoch  : 2, acc 0.100
[2024-01-03 15:31:22] [INFO]     |  local epoch  : 3, acc 0.100
[2024-01-03 15:31:22] [INFO]     |  local epoch  : 4, acc 0.100
[2024-01-03 15:31:22] [INFO]    -client 2
[2024-01-03 15:31:22] [INFO]    -client 2
[2024-01-03 15:31:23] [INFO]     |  local epoch  : 0, acc 0.100
[2024-01-03 15:31:24] [INFO]     |  local epoch  : 1, acc 0.100
[2024-01-03 15:31:24] [INFO]     |  local epoch  : 2, acc 0.100
[2024-01-03 15:31:25] [INFO]     |  local epoch  : 3, acc 0.100
[2024-01-03 15:31:25] [INFO]     |  local epoch  : 4, acc 0.100
[2024-01-03 15:31:26] [INFO]     |  local epoch  : 0, acc 0.100
[2024-01-03 15:31:26] [INFO]     |  local epoch  : 1, acc 0.100
[2024-01-03 15:31:27] [INFO]     |  local epoch  : 2, acc 0.100
[2024-01-03 15:31:27] [INFO]     |  local epoch  : 3, acc 0.100
[2024-01-03 15:31:28] [INFO]     |  local epoch  : 4, acc 0.100
[2024-01-03 15:31:28] [INFO] |servers comunicated: 0, server aggregated: 1, acc_server 0: 0.100.
[2024-01-03 15:31:28] [INFO] --------------------------------------------------
[2024-01-03 15:31:28] [INFO]   |server: 1
[2024-01-03 15:31:28] [INFO]    -client 3
[2024-01-03 15:31:28] [INFO]    -client 3
[2024-01-03 15:31:29] [INFO]     |  local epoch  : 0, acc 0.100
[2024-01-03 15:31:30] [INFO]     |  local epoch  : 1, acc 0.100
[2024-01-03 15:31:30] [INFO]     |  local epoch  : 2, acc 0.100
[2024-01-03 15:31:31] [INFO]     |  local epoch  : 3, acc 0.100
[2024-01-03 15:31:32] [INFO]     |  local epoch  : 4, acc 0.100
[2024-01-03 15:31:32] [INFO]     |  local epoch  : 0, acc 0.100
[2024-01-03 15:31:33] [INFO]     |  local epoch  : 1, acc 0.100
[2024-01-03 15:31:33] [INFO]     |  local epoch  : 2, acc 0.100
[2024-01-03 15:31:34] [INFO]     |  local epoch  : 3, acc 0.100
[2024-01-03 15:31:35] [INFO]     |  local epoch  : 4, acc 0.100
[2024-01-03 15:31:35] [INFO]    -client 4
[2024-01-03 15:31:35] [INFO]    -client 4
[2024-01-03 15:31:35] [INFO]     |  local epoch  : 0, acc 0.100
[2024-01-03 15:31:36] [INFO]     |  local epoch  : 1, acc 0.100
[2024-01-03 15:31:37] [INFO]     |  local epoch  : 2, acc 0.100
[2024-01-03 15:31:37] [INFO]     |  local epoch  : 3, acc 0.100
[2024-01-03 15:31:38] [INFO]     |  local epoch  : 4, acc 0.100
[2024-01-03 15:31:39] [INFO]     |  local epoch  : 0, acc 0.100
