[2024-01-02 16:38:12] [INFO] device cuda is used.
[2024-01-02 16:38:12] [INFO] cudnn is actived.
[2024-01-02 16:38:12] [INFO] 
           alpha       :  0.5  
             T         :   6   
         algorithm     :   2   
     num_server_commu  :   2   
     num_client_commu  :   2   
     num_client_train  :   2   
     num_public_train  :   2   
        batch_size     :  160  
          dataset      : mnist 
       model_select    :   1   
      num_all_client   :   9   
      num_all_server   :   3   
      num_client_data  : 1200  
      num_public_data  :  50   
        proportion     :  0.8  

[2024-01-02 16:38:19] [INFO] --------------------------------------------------
[2024-01-02 16:38:19] [INFO] |epoch_server_commu: 0/2
[2024-01-02 16:38:19] [INFO]  |epoch_client_commu: 0/2
[2024-01-02 16:38:19] [INFO]   |server: 0
[2024-01-02 16:38:19] [INFO]    -client 0
[2024-01-02 16:38:20] [INFO]     |  local epoch  : 0, acc 0.089
[2024-01-02 16:38:20] [INFO]     |  local epoch  : 1, acc 0.089
[2024-01-02 16:38:20] [INFO]    -client 1
[2024-01-02 16:38:20] [INFO]     |  local epoch  : 0, acc 0.089
[2024-01-02 16:38:21] [INFO]     |  local epoch  : 1, acc 0.089
[2024-01-02 16:38:21] [INFO]    -client 2
[2024-01-02 16:38:21] [INFO]     |  local epoch  : 0, acc 0.089
[2024-01-02 16:38:21] [INFO]     |  local epoch  : 1, acc 0.089
[2024-01-02 16:38:22] [INFO] |servers comunicated: 0, server aggregated: 0, acc_server 0: 0.089.
[2024-01-02 16:38:22] [INFO] --------------------------------------------------
[2024-01-02 16:38:22] [INFO]   |server: 1
[2024-01-02 16:38:22] [INFO]    -client 3
[2024-01-02 16:38:22] [INFO]     |  local epoch  : 0, acc 0.103
[2024-01-02 16:38:22] [INFO]     |  local epoch  : 1, acc 0.103
[2024-01-02 16:38:22] [INFO]    -client 4
[2024-01-02 16:38:23] [INFO]     |  local epoch  : 0, acc 0.103
[2024-01-02 16:38:23] [INFO]     |  local epoch  : 1, acc 0.103
[2024-01-02 16:38:23] [INFO]    -client 5
[2024-01-02 16:38:23] [INFO]     |  local epoch  : 0, acc 0.103
[2024-01-02 16:38:24] [INFO]     |  local epoch  : 1, acc 0.103
[2024-01-02 16:38:24] [INFO] |servers comunicated: 0, server aggregated: 0, acc_server 1: 0.103.
[2024-01-02 16:38:24] [INFO] --------------------------------------------------
[2024-01-02 16:38:24] [INFO]   |server: 2
[2024-01-02 16:38:24] [INFO]    -client 6
[2024-01-02 16:38:24] [INFO]     |  local epoch  : 0, acc 0.103
[2024-01-02 16:38:24] [INFO]     |  local epoch  : 1, acc 0.103
[2024-01-02 16:38:24] [INFO]    -client 7
[2024-01-02 16:38:25] [INFO]     |  local epoch  : 0, acc 0.103
[2024-01-02 16:38:25] [INFO]     |  local epoch  : 1, acc 0.103
[2024-01-02 16:38:25] [INFO]    -client 8
[2024-01-02 16:38:25] [INFO]     |  local epoch  : 0, acc 0.103
[2024-01-02 16:38:26] [INFO]     |  local epoch  : 1, acc 0.103
[2024-01-02 16:38:26] [INFO] |servers comunicated: 0, server aggregated: 0, acc_server 2: 0.103.
[2024-01-02 16:38:26] [INFO] --------------------------------------------------
[2024-01-02 16:38:26] [INFO]  |epoch_client_commu: 1/2
[2024-01-02 16:38:26] [INFO]   |server: 0
[2024-01-02 16:38:26] [INFO]    -client 0
[2024-01-02 16:38:26] [INFO]     |  local epoch  : 0, acc 0.089
[2024-01-02 16:38:26] [INFO]     |  local epoch  : 1, acc 0.089
[2024-01-02 16:38:26] [INFO]    -client 1
[2024-01-02 16:38:27] [INFO]     |  local epoch  : 0, acc 0.089
[2024-01-02 16:38:27] [INFO]     |  local epoch  : 1, acc 0.089
[2024-01-02 16:38:27] [INFO]    -client 2
[2024-01-02 16:38:27] [INFO]     |  local epoch  : 0, acc 0.089
[2024-01-02 16:38:28] [INFO]     |  local epoch  : 1, acc 0.089
[2024-01-02 16:38:28] [INFO] |servers comunicated: 0, server aggregated: 1, acc_server 0: 0.089.
[2024-01-02 16:38:28] [INFO] --------------------------------------------------
[2024-01-02 16:38:28] [INFO]   |server: 1
[2024-01-02 16:38:28] [INFO]    -client 3
[2024-01-02 16:38:28] [INFO]     |  local epoch  : 0, acc 0.103
[2024-01-02 16:38:29] [INFO]     |  local epoch  : 1, acc 0.103
[2024-01-02 16:38:29] [INFO]    -client 4
[2024-01-02 16:38:29] [INFO]     |  local epoch  : 0, acc 0.103
[2024-01-02 16:38:29] [INFO]     |  local epoch  : 1, acc 0.103
[2024-01-02 16:38:29] [INFO]    -client 5
[2024-01-02 16:38:29] [INFO]     |  local epoch  : 0, acc 0.103
[2024-01-02 16:38:30] [INFO]     |  local epoch  : 1, acc 0.103
[2024-01-02 16:38:30] [INFO] |servers comunicated: 0, server aggregated: 1, acc_server 1: 0.103.
[2024-01-02 16:38:30] [INFO] --------------------------------------------------
[2024-01-02 16:38:30] [INFO]   |server: 2
[2024-01-02 16:38:30] [INFO]    -client 6
[2024-01-02 16:38:30] [INFO]     |  local epoch  : 0, acc 0.103
[2024-01-02 16:38:31] [INFO]     |  local epoch  : 1, acc 0.103
[2024-01-02 16:38:31] [INFO]    -client 7
[2024-01-02 16:38:31] [INFO]     |  local epoch  : 0, acc 0.103
[2024-01-02 16:38:31] [INFO]     |  local epoch  : 1, acc 0.103
[2024-01-02 16:38:31] [INFO]    -client 8
[2024-01-02 16:38:32] [INFO]     |  local epoch  : 0, acc 0.103
[2024-01-02 16:38:32] [INFO]     |  local epoch  : 1, acc 0.103
[2024-01-02 16:38:32] [INFO] |servers comunicated: 0, server aggregated: 1, acc_server 2: 0.103.
[2024-01-02 16:38:32] [INFO] --------------------------------------------------
[2024-01-02 16:38:32] [INFO]      ********  servers comunicates  ********      
[2024-01-02 16:38:32] [INFO] --------------------------------------------------
[2024-01-02 16:38:32] [INFO] |epoch_server_commu: 1/2
[2024-01-02 16:38:32] [INFO]  |epoch_client_commu: 0/2
[2024-01-02 16:38:32] [INFO]   |server: 0
[2024-01-02 16:38:32] [INFO]    -client 0
[2024-01-02 16:38:32] [INFO]     |  local epoch  : 0, acc 0.089
[2024-01-02 16:38:33] [INFO]     |  local epoch  : 1, acc 0.089
[2024-01-02 16:38:33] [INFO]    -client 1
[2024-01-02 16:38:33] [INFO]     |  local epoch  : 0, acc 0.089
[2024-01-02 16:38:33] [INFO]     |  local epoch  : 1, acc 0.089
[2024-01-02 16:38:33] [INFO]    -client 2
[2024-01-02 16:38:34] [INFO]     |  local epoch  : 0, acc 0.089
[2024-01-02 16:38:34] [INFO]     |  local epoch  : 1, acc 0.089
[2024-01-02 16:38:34] [INFO] |servers comunicated: 1, server aggregated: 0, acc_server 0: 0.089.
[2024-01-02 16:38:34] [INFO] --------------------------------------------------
[2024-01-02 16:38:34] [INFO]   |server: 1
[2024-01-02 16:38:34] [INFO]    -client 3
[2024-01-02 16:38:35] [INFO]     |  local epoch  : 0, acc 0.103
[2024-01-02 16:38:35] [INFO]     |  local epoch  : 1, acc 0.103
[2024-01-02 16:38:35] [INFO]    -client 4
[2024-01-02 16:38:35] [INFO]     |  local epoch  : 0, acc 0.103
[2024-01-02 16:38:35] [INFO]     |  local epoch  : 1, acc 0.103
[2024-01-02 16:38:35] [INFO]    -client 5
[2024-01-02 16:38:36] [INFO]     |  local epoch  : 0, acc 0.103
[2024-01-02 16:38:36] [INFO]     |  local epoch  : 1, acc 0.103
[2024-01-02 16:38:36] [INFO] |servers comunicated: 1, server aggregated: 0, acc_server 1: 0.103.
[2024-01-02 16:38:36] [INFO] --------------------------------------------------
[2024-01-02 16:38:36] [INFO]   |server: 2
[2024-01-02 16:38:36] [INFO]    -client 6
[2024-01-02 16:38:37] [INFO]     |  local epoch  : 0, acc 0.103
[2024-01-02 16:38:37] [INFO]     |  local epoch  : 1, acc 0.103
[2024-01-02 16:38:37] [INFO]    -client 7
[2024-01-02 16:38:37] [INFO]     |  local epoch  : 0, acc 0.103
[2024-01-02 16:38:38] [INFO]     |  local epoch  : 1, acc 0.103
[2024-01-02 16:38:38] [INFO]    -client 8
[2024-01-02 16:38:38] [INFO]     |  local epoch  : 0, acc 0.103
[2024-01-02 16:38:38] [INFO]     |  local epoch  : 1, acc 0.103
[2024-01-02 16:38:38] [INFO] |servers comunicated: 1, server aggregated: 0, acc_server 2: 0.103.
[2024-01-02 16:38:38] [INFO] --------------------------------------------------
[2024-01-02 16:38:38] [INFO]  |epoch_client_commu: 1/2
[2024-01-02 16:38:38] [INFO]   |server: 0
[2024-01-02 16:38:38] [INFO]    -client 0
[2024-01-02 16:38:39] [INFO]     |  local epoch  : 0, acc 0.089
[2024-01-02 16:38:39] [INFO]     |  local epoch  : 1, acc 0.089
[2024-01-02 16:38:39] [INFO]    -client 1
[2024-01-02 16:38:39] [INFO]     |  local epoch  : 0, acc 0.089
[2024-01-02 16:38:40] [INFO]     |  local epoch  : 1, acc 0.089
[2024-01-02 16:38:40] [INFO]    -client 2
[2024-01-02 16:38:40] [INFO]     |  local epoch  : 0, acc 0.089
[2024-01-02 16:38:40] [INFO]     |  local epoch  : 1, acc 0.089
[2024-01-02 16:38:40] [INFO] |servers comunicated: 1, server aggregated: 1, acc_server 0: 0.089.
[2024-01-02 16:38:40] [INFO] --------------------------------------------------
[2024-01-02 16:38:40] [INFO]   |server: 1
[2024-01-02 16:38:40] [INFO]    -client 3
[2024-01-02 16:38:41] [INFO]     |  local epoch  : 0, acc 0.103
[2024-01-02 16:38:41] [INFO]     |  local epoch  : 1, acc 0.103
[2024-01-02 16:38:41] [INFO]    -client 4
[2024-01-02 16:38:41] [INFO]     |  local epoch  : 0, acc 0.103
[2024-01-02 16:38:42] [INFO]     |  local epoch  : 1, acc 0.103
[2024-01-02 16:38:42] [INFO]    -client 5
[2024-01-02 16:38:42] [INFO]     |  local epoch  : 0, acc 0.103
[2024-01-02 16:38:43] [INFO]     |  local epoch  : 1, acc 0.103
[2024-01-02 16:38:43] [INFO] |servers comunicated: 1, server aggregated: 1, acc_server 1: 0.103.
[2024-01-02 16:38:43] [INFO] --------------------------------------------------
[2024-01-02 16:38:43] [INFO]   |server: 2
[2024-01-02 16:38:43] [INFO]    -client 6
[2024-01-02 16:38:43] [INFO]     |  local epoch  : 0, acc 0.103
[2024-01-02 16:38:43] [INFO]     |  local epoch  : 1, acc 0.103
[2024-01-02 16:38:43] [INFO]    -client 7
[2024-01-02 16:38:44] [INFO]     |  local epoch  : 0, acc 0.103
[2024-01-02 16:38:44] [INFO]     |  local epoch  : 1, acc 0.103
[2024-01-02 16:38:44] [INFO]    -client 8
[2024-01-02 16:38:44] [INFO]     |  local epoch  : 0, acc 0.103
[2024-01-02 16:38:45] [INFO]     |  local epoch  : 1, acc 0.103
[2024-01-02 16:38:45] [INFO] |servers comunicated: 1, server aggregated: 1, acc_server 2: 0.103.
[2024-01-02 16:38:45] [INFO] --------------------------------------------------
[2024-01-02 16:38:45] [INFO]      ********  servers comunicates  ********      
[2024-01-02 16:38:45] [INFO] ./res/mnist_model_1_algo_2/server_commu_2_client_commu_2_client_train_2_batch_size_160_num_all_client_9_num_all_server_3_num_client_data_1200_num_public_data_50_proportion_0.8.pt
