[2024-01-16 18:14:12] [INFO] device cuda is used.
[2024-01-16 18:14:12] [INFO] cudnn is actived.
[2024-01-16 18:14:12] [INFO] 
      alpha      :  0.5  
        T        :   6   
    algorithm    :   3   
num_server_commu :   3   
num_client_commu :   1   
num_client_train :   1   
num_public_train :   5   
   batch_size    :  160  
     dataset     : mnist 
  model_select   :   1   
 num_all_client  :   9   
 num_all_server  :   3   
 num_client_data : 1200  
 num_public_data :  50   
   proportion    :  0.8  
   num_workers   :   8   
[2024-01-16 18:14:14] [INFO] --------------------------------------------------
[2024-01-16 18:14:14] [INFO] |epoch_server_commu: 0/3
[2024-01-16 18:14:14] [INFO]  |epoch_client_commu: 0/1
[2024-01-16 18:14:14] [INFO]   |server: 0
[2024-01-16 18:14:14] [INFO]  ---client 0
[2024-01-16 18:14:15] [INFO] |  local epoch  : 0, acc 0.183
[2024-01-16 18:14:15] [INFO]  ---client 1
[2024-01-16 18:14:16] [INFO] |  local epoch  : 0, acc 0.174
[2024-01-16 18:14:16] [INFO]  ---client 2
[2024-01-16 18:14:16] [INFO] |  local epoch  : 0, acc 0.179
[2024-01-16 18:14:16] [INFO] |servers comunicated: 0, server aggregated: 0, acc_server 0: 0.178.
[2024-01-16 18:14:16] [INFO] --------------------------------------------------
[2024-01-16 18:14:16] [INFO]   |server: 1
[2024-01-16 18:14:16] [INFO]  ---client 3
[2024-01-16 18:14:17] [INFO] |  local epoch  : 0, acc 0.112
[2024-01-16 18:14:17] [INFO]  ---client 4
[2024-01-16 18:14:17] [INFO] |  local epoch  : 0, acc 0.193
[2024-01-16 18:14:17] [INFO]  ---client 5
[2024-01-16 18:14:17] [INFO] |  local epoch  : 0, acc 0.184
[2024-01-16 18:14:17] [INFO] |servers comunicated: 0, server aggregated: 0, acc_server 1: 0.170.
[2024-01-16 18:14:17] [INFO] --------------------------------------------------
[2024-01-16 18:14:17] [INFO]   |server: 2
[2024-01-16 18:14:17] [INFO]  ---client 6
[2024-01-16 18:14:18] [INFO] |  local epoch  : 0, acc 0.138
[2024-01-16 18:14:18] [INFO]  ---client 7
[2024-01-16 18:14:18] [INFO] |  local epoch  : 0, acc 0.169
[2024-01-16 18:14:18] [INFO]  ---client 8
[2024-01-16 18:14:19] [INFO] |  local epoch  : 0, acc 0.200
[2024-01-16 18:14:19] [INFO] |servers comunicated: 0, server aggregated: 0, acc_server 2: 0.187.
[2024-01-16 18:14:19] [INFO] --------------------------------------------------
[2024-01-16 18:14:19] [INFO]      ********  servers comunicates  ********      
[2024-01-16 18:14:19] [INFO] --------------------------------------------------
[2024-01-16 18:14:19] [INFO] |epoch_server_commu: 1/3
[2024-01-16 18:14:19] [INFO]  |epoch_client_commu: 0/1
[2024-01-16 18:14:19] [INFO]   |server: 0
[2024-01-16 18:14:19] [INFO]  ---client 0
[2024-01-16 18:14:19] [INFO] |  local epoch  : 0, acc 0.283
