[2024-01-16 18:23:08] [INFO] device cuda is used.
[2024-01-16 18:23:08] [INFO] cudnn is actived.
[2024-01-16 18:23:08] [INFO] 
      alpha      :  0.5  
        T        :   6   
    algorithm    :   3   
num_server_commu :   3   
num_client_commu :   1   
num_client_train :   1   
num_public_train :   5   
   batch_size    :  160  
     dataset     : mnist 
  model_select   :   1   
 num_all_client  :   9   
 num_all_server  :   3   
 num_client_data : 1200  
 num_public_data :  50   
   proportion    :  0.8  
   num_workers   :   8   
[2024-01-16 18:23:11] [INFO] --------------------------------------------------
[2024-01-16 18:23:11] [INFO] |epoch_server_commu: 0/3
[2024-01-16 18:23:11] [INFO]  |epoch_client_commu: 0/1
[2024-01-16 18:23:11] [INFO]   |server: 0
[2024-01-16 18:23:11] [INFO]  ---client 0
[2024-01-16 18:23:12] [INFO] |  local epoch  : 0, acc 0.173
[2024-01-16 18:23:12] [INFO]  ---client 1
[2024-01-16 18:23:13] [INFO] |  local epoch  : 0, acc 0.187
[2024-01-16 18:23:13] [INFO]  ---client 2
[2024-01-16 18:23:13] [INFO] |  local epoch  : 0, acc 0.183
[2024-01-16 18:23:13] [INFO] |servers comunicated: 0, server aggregated: 0, acc_server 0: 0.184.
[2024-01-16 18:23:13] [INFO] --------------------------------------------------
[2024-01-16 18:23:13] [INFO]   |server: 1
[2024-01-16 18:23:13] [INFO]  ---client 3
[2024-01-16 18:23:13] [INFO] |  local epoch  : 0, acc 0.098
[2024-01-16 18:23:13] [INFO]  ---client 4
[2024-01-16 18:23:14] [INFO] |  local epoch  : 0, acc 0.098
[2024-01-16 18:23:14] [INFO]  ---client 5
[2024-01-16 18:23:14] [INFO] |  local epoch  : 0, acc 0.098
[2024-01-16 18:23:14] [INFO] |servers comunicated: 0, server aggregated: 0, acc_server 1: 0.098.
[2024-01-16 18:23:14] [INFO] --------------------------------------------------
[2024-01-16 18:23:14] [INFO]   |server: 2
[2024-01-16 18:23:14] [INFO]  ---client 6
[2024-01-16 18:23:15] [INFO] |  local epoch  : 0, acc 0.096
[2024-01-16 18:23:15] [INFO]  ---client 7
[2024-01-16 18:23:15] [INFO] |  local epoch  : 0, acc 0.195
[2024-01-16 18:23:15] [INFO]  ---client 8
[2024-01-16 18:23:15] [INFO] |  local epoch  : 0, acc 0.187
[2024-01-16 18:23:16] [INFO] |servers comunicated: 0, server aggregated: 0, acc_server 2: 0.171.
[2024-01-16 18:23:16] [INFO] --------------------------------------------------
[2024-01-16 18:23:16] [INFO]      ********  servers comunicates  ********      
[2024-01-16 18:23:16] [INFO] --------------------------------------------------
[2024-01-16 18:23:16] [INFO] |epoch_server_commu: 1/3
[2024-01-16 18:23:16] [INFO]  |epoch_client_commu: 0/1
[2024-01-16 18:23:16] [INFO]   |server: 0
[2024-01-16 18:23:16] [INFO]  ---client 0
[2024-01-16 18:23:16] [INFO] |  local epoch  : 0, acc 0.189
