[2024-01-16 18:29:06] [INFO] device cuda is used.
[2024-01-16 18:29:06] [INFO] cudnn is actived.
[2024-01-16 18:29:06] [INFO] 
      alpha      :  0.5  
        T        :   6   
    algorithm    :   3   
num_server_commu :   3   
num_client_commu :   1   
num_client_train :   1   
num_public_train :   5   
   batch_size    :  160  
     dataset     : mnist 
  model_select   :   1   
 num_all_client  :   9   
 num_all_server  :   3   
 num_client_data : 1200  
 num_public_data :  50   
   proportion    :  0.8  
   num_workers   :   8   
[2024-01-16 18:29:09] [INFO] --------------------------------------------------
[2024-01-16 18:29:09] [INFO] |epoch_server_commu: 0/3
[2024-01-16 18:29:09] [INFO]  |epoch_client_commu: 0/1
[2024-01-16 18:29:09] [INFO]   |server: 0
[2024-01-16 18:29:09] [INFO]  ---client 0
[2024-01-16 18:29:10] [INFO] |  local epoch  : 0, acc 0.208
[2024-01-16 18:29:10] [INFO]  ---client 1
[2024-01-16 18:29:10] [INFO] |  local epoch  : 0, acc 0.211
[2024-01-16 18:29:10] [INFO]  ---client 2
[2024-01-16 18:29:10] [INFO] |  local epoch  : 0, acc 0.203
[2024-01-16 18:29:11] [INFO] |servers comunicated: 0, server aggregated: 0, acc_server 0: 0.210.
[2024-01-16 18:29:11] [INFO] --------------------------------------------------
[2024-01-16 18:29:11] [INFO]   |server: 1
[2024-01-16 18:29:11] [INFO]  ---client 3
[2024-01-16 18:29:11] [INFO] |  local epoch  : 0, acc 0.141
[2024-01-16 18:29:11] [INFO]  ---client 4
[2024-01-16 18:29:11] [INFO] |  local epoch  : 0, acc 0.189
[2024-01-16 18:29:11] [INFO]  ---client 5
[2024-01-16 18:29:12] [INFO] |  local epoch  : 0, acc 0.188
[2024-01-16 18:29:12] [INFO] |servers comunicated: 0, server aggregated: 0, acc_server 1: 0.181.
[2024-01-16 18:29:12] [INFO] --------------------------------------------------
[2024-01-16 18:29:12] [INFO]   |server: 2
[2024-01-16 18:29:12] [INFO]  ---client 6
[2024-01-16 18:29:12] [INFO] |  local epoch  : 0, acc 0.100
[2024-01-16 18:29:12] [INFO]  ---client 7
[2024-01-16 18:29:13] [INFO] |  local epoch  : 0, acc 0.137
[2024-01-16 18:29:13] [INFO]  ---client 8
[2024-01-16 18:29:13] [INFO] |  local epoch  : 0, acc 0.160
[2024-01-16 18:29:13] [INFO] |servers comunicated: 0, server aggregated: 0, acc_server 2: 0.121.
[2024-01-16 18:29:13] [INFO] --------------------------------------------------
[2024-01-16 18:29:13] [INFO]      ********  servers comunicates  ********      
[2024-01-16 18:29:13] [INFO] --------------------------------------------------
[2024-01-16 18:29:13] [INFO] |epoch_server_commu: 1/3
[2024-01-16 18:29:13] [INFO]  |epoch_client_commu: 0/1
[2024-01-16 18:29:13] [INFO]   |server: 0
[2024-01-16 18:29:13] [INFO]  ---client 0
[2024-01-16 18:29:13] [INFO] |  local epoch  : 0, acc 0.211
