[2024-01-16 18:37:56] [INFO] device cuda is used.
[2024-01-16 18:37:56] [INFO] cudnn is actived.
[2024-01-16 18:37:56] [INFO] 
      alpha      :  0.5  
        T        :   6   
    algorithm    :   3   
num_server_commu :   3   
num_client_commu :   1   
num_client_train :   1   
num_public_train :   5   
   batch_size    :  160  
     dataset     : mnist 
  model_select   :   1   
 num_all_client  :   9   
 num_all_server  :   3   
 num_client_data : 1200  
 num_public_data :  50   
   proportion    :  0.8  
   num_workers   :   8   
[2024-01-16 18:37:59] [INFO] --------------------------------------------------
[2024-01-16 18:37:59] [INFO] |epoch_server_commu: 0/3
[2024-01-16 18:37:59] [INFO]  |epoch_client_commu: 0/1
[2024-01-16 18:37:59] [INFO]   |server: 0
[2024-01-16 18:37:59] [INFO]  ---client 0
[2024-01-16 18:38:00] [INFO] |  local epoch  : 0, acc 0.174
[2024-01-16 18:38:00] [INFO]  ---client 1
[2024-01-16 18:38:00] [INFO] |  local epoch  : 0, acc 0.203
[2024-01-16 18:38:00] [INFO]  ---client 2
[2024-01-16 18:38:00] [INFO] |  local epoch  : 0, acc 0.189
[2024-01-16 18:38:01] [INFO] |servers comunicated: 0, server aggregated: 0, acc_server 0: 0.184.
[2024-01-16 18:38:01] [INFO] --------------------------------------------------
[2024-01-16 18:38:01] [INFO]   |server: 1
[2024-01-16 18:38:01] [INFO]  ---client 3
[2024-01-16 18:38:01] [INFO] |  local epoch  : 0, acc 0.097
[2024-01-16 18:38:01] [INFO]  ---client 4
[2024-01-16 18:38:01] [INFO] |  local epoch  : 0, acc 0.097
[2024-01-16 18:38:01] [INFO]  ---client 5
[2024-01-16 18:38:02] [INFO] |  local epoch  : 0, acc 0.097
[2024-01-16 18:38:02] [INFO] |servers comunicated: 0, server aggregated: 0, acc_server 1: 0.097.
[2024-01-16 18:38:02] [INFO] --------------------------------------------------
[2024-01-16 18:38:02] [INFO]   |server: 2
[2024-01-16 18:38:02] [INFO]  ---client 6
[2024-01-16 18:38:02] [INFO] |  local epoch  : 0, acc 0.096
[2024-01-16 18:38:02] [INFO]  ---client 7
[2024-01-16 18:38:03] [INFO] |  local epoch  : 0, acc 0.096
[2024-01-16 18:38:03] [INFO]  ---client 8
[2024-01-16 18:38:03] [INFO] |  local epoch  : 0, acc 0.096
[2024-01-16 18:38:03] [INFO] |servers comunicated: 0, server aggregated: 0, acc_server 2: 0.096.
[2024-01-16 18:38:03] [INFO] --------------------------------------------------
[2024-01-16 18:38:03] [INFO]      ********  servers comunicates  ********      
[2024-01-16 18:38:03] [INFO] --------------------------------------------------
[2024-01-16 18:38:03] [INFO] |epoch_server_commu: 1/3
[2024-01-16 18:38:03] [INFO]  |epoch_client_commu: 0/1
[2024-01-16 18:38:03] [INFO]   |server: 0
[2024-01-16 18:38:03] [INFO]  ---client 0
[2024-01-16 18:38:03] [INFO] |  local epoch  : 0, acc 0.149
[2024-01-16 18:38:04] [INFO] | distill epoch : 0, acc 0.194
[2024-01-16 18:38:05] [INFO] | distill epoch : 1, acc 0.201
[2024-01-16 18:38:05] [INFO] | distill epoch : 2, acc 0.192
[2024-01-16 18:38:05] [INFO] | distill epoch : 3, acc 0.204
[2024-01-16 18:38:06] [INFO] | distill epoch : 4, acc 0.200
[2024-01-16 18:38:06] [INFO]  ---client 1
[2024-01-16 18:38:06] [INFO] |  local epoch  : 0, acc 0.158
[2024-01-16 18:38:07] [INFO] | distill epoch : 0, acc 0.195
[2024-01-16 18:38:07] [INFO] | distill epoch : 1, acc 0.193
[2024-01-16 18:38:07] [INFO] | distill epoch : 2, acc 0.203
[2024-01-16 18:38:08] [INFO] | distill epoch : 3, acc 0.196
[2024-01-16 18:38:08] [INFO] | distill epoch : 4, acc 0.174
[2024-01-16 18:38:08] [INFO]  ---client 2
[2024-01-16 18:38:09] [INFO] |  local epoch  : 0, acc 0.144
[2024-01-16 18:38:09] [INFO] | distill epoch : 0, acc 0.190
