[2024-01-16 18:03:45] [INFO] device cuda is used.
[2024-01-16 18:03:45] [INFO] cudnn is actived.
[2024-01-16 18:03:45] [INFO] 
      alpha      :  0.5  
        T        :   6   
    algorithm    :   3   
num_server_commu :  50   
num_client_commu :   5   
num_client_train :   5   
num_public_train :   5   
   batch_size    :  160  
     dataset     : mnist 
  model_select   :   1   
 num_all_client  :   9   
 num_all_server  :   3   
 num_client_data : 1200  
 num_public_data :  50   
   proportion    :  0.8  
   num_workers   :   8   
[2024-01-16 18:03:48] [INFO] --------------------------------------------------
[2024-01-16 18:03:48] [INFO] |epoch_server_commu: 0/50
[2024-01-16 18:03:48] [INFO]  |epoch_client_commu: 0/5
[2024-01-16 18:03:48] [INFO]   |server: 0
[2024-01-16 18:03:48] [INFO]  ---client 0
[2024-01-16 18:03:49] [INFO] |  local epoch  : 0, acc 0.113
[2024-01-16 18:03:49] [INFO] |  local epoch  : 1, acc 0.113
[2024-01-16 18:03:49] [INFO] |  local epoch  : 2, acc 0.113
[2024-01-16 18:03:50] [INFO] |  local epoch  : 3, acc 0.191
[2024-01-16 18:03:50] [INFO] |  local epoch  : 4, acc 0.212
[2024-01-16 18:03:50] [INFO]  ---client 1
[2024-01-16 18:03:50] [INFO] |  local epoch  : 0, acc 0.113
[2024-01-16 18:03:51] [INFO] |  local epoch  : 1, acc 0.113
[2024-01-16 18:03:51] [INFO] |  local epoch  : 2, acc 0.113
[2024-01-16 18:03:51] [INFO] |  local epoch  : 3, acc 0.103
[2024-01-16 18:03:52] [INFO] |  local epoch  : 4, acc 0.133
[2024-01-16 18:03:52] [INFO]  ---client 2
[2024-01-16 18:03:52] [INFO] |  local epoch  : 0, acc 0.113
[2024-01-16 18:03:52] [INFO] |  local epoch  : 1, acc 0.113
[2024-01-16 18:03:53] [INFO] |  local epoch  : 2, acc 0.113
[2024-01-16 18:03:53] [INFO] |  local epoch  : 3, acc 0.226
[2024-01-16 18:03:53] [INFO] |  local epoch  : 4, acc 0.265
[2024-01-16 18:03:54] [INFO] |servers comunicated: 0, server aggregated: 0, acc_server 0: 0.206.
[2024-01-16 18:03:54] [INFO] --------------------------------------------------
[2024-01-16 18:03:54] [INFO]   |server: 1
[2024-01-16 18:03:54] [INFO]  ---client 3
[2024-01-16 18:03:54] [INFO] |  local epoch  : 0, acc 0.101
[2024-01-16 18:03:54] [INFO] |  local epoch  : 1, acc 0.101
[2024-01-16 18:03:55] [INFO] |  local epoch  : 2, acc 0.101
[2024-01-16 18:03:55] [INFO] |  local epoch  : 3, acc 0.173
[2024-01-16 18:03:55] [INFO] |  local epoch  : 4, acc 0.235
[2024-01-16 18:03:55] [INFO]  ---client 4
[2024-01-16 18:03:56] [INFO] |  local epoch  : 0, acc 0.101
[2024-01-16 18:03:56] [INFO] |  local epoch  : 1, acc 0.101
[2024-01-16 18:03:56] [INFO] |  local epoch  : 2, acc 0.101
[2024-01-16 18:03:57] [INFO] |  local epoch  : 3, acc 0.189
[2024-01-16 18:03:57] [INFO] |  local epoch  : 4, acc 0.160
[2024-01-16 18:03:57] [INFO]  ---client 5
[2024-01-16 18:03:58] [INFO] |  local epoch  : 0, acc 0.101
[2024-01-16 18:03:58] [INFO] |  local epoch  : 1, acc 0.101
[2024-01-16 18:03:58] [INFO] |  local epoch  : 2, acc 0.101
[2024-01-16 18:03:59] [INFO] |  local epoch  : 3, acc 0.186
[2024-01-16 18:03:59] [INFO] |  local epoch  : 4, acc 0.264
[2024-01-16 18:03:59] [INFO] |servers comunicated: 0, server aggregated: 0, acc_server 1: 0.221.
[2024-01-16 18:03:59] [INFO] --------------------------------------------------
[2024-01-16 18:03:59] [INFO]   |server: 2
[2024-01-16 18:03:59] [INFO]  ---client 6
[2024-01-16 18:03:59] [INFO] |  local epoch  : 0, acc 0.112
[2024-01-16 18:04:00] [INFO] |  local epoch  : 1, acc 0.097
[2024-01-16 18:04:00] [INFO] |  local epoch  : 2, acc 0.097
[2024-01-16 18:04:01] [INFO] |  local epoch  : 3, acc 0.241
[2024-01-16 18:04:01] [INFO] |  local epoch  : 4, acc 0.216
[2024-01-16 18:04:01] [INFO]  ---client 7
[2024-01-16 18:04:01] [INFO] |  local epoch  : 0, acc 0.124
[2024-01-16 18:04:02] [INFO] |  local epoch  : 1, acc 0.097
[2024-01-16 18:04:02] [INFO] |  local epoch  : 2, acc 0.097
[2024-01-16 18:04:02] [INFO] |  local epoch  : 3, acc 0.213
[2024-01-16 18:04:03] [INFO] |  local epoch  : 4, acc 0.205
[2024-01-16 18:04:03] [INFO]  ---client 8
[2024-01-16 18:04:03] [INFO] |  local epoch  : 0, acc 0.103
[2024-01-16 18:04:03] [INFO] |  local epoch  : 1, acc 0.097
[2024-01-16 18:04:04] [INFO] |  local epoch  : 2, acc 0.097
[2024-01-16 18:04:04] [INFO] |  local epoch  : 3, acc 0.105
[2024-01-16 18:04:04] [INFO] |  local epoch  : 4, acc 0.167
[2024-01-16 18:04:05] [INFO] |servers comunicated: 0, server aggregated: 0, acc_server 2: 0.161.
[2024-01-16 18:04:05] [INFO] --------------------------------------------------
[2024-01-16 18:04:05] [INFO]  |epoch_client_commu: 1/5
[2024-01-16 18:04:05] [INFO]   |server: 0
[2024-01-16 18:04:05] [INFO]  ---client 0
[2024-01-16 18:04:05] [INFO] |  local epoch  : 0, acc 0.292
[2024-01-16 18:04:05] [INFO] |  local epoch  : 1, acc 0.291
[2024-01-16 18:04:06] [INFO] |  local epoch  : 2, acc 0.294
[2024-01-16 18:04:06] [INFO] |  local epoch  : 3, acc 0.299
[2024-01-16 18:04:06] [INFO] |  local epoch  : 4, acc 0.303
[2024-01-16 18:04:06] [INFO]  ---client 1
[2024-01-16 18:04:07] [INFO] |  local epoch  : 0, acc 0.260
[2024-01-16 18:04:07] [INFO] |  local epoch  : 1, acc 0.297
[2024-01-16 18:04:07] [INFO] |  local epoch  : 2, acc 0.299
[2024-01-16 18:04:08] [INFO] |  local epoch  : 3, acc 0.302
[2024-01-16 18:04:08] [INFO] |  local epoch  : 4, acc 0.301
[2024-01-16 18:04:08] [INFO]  ---client 2
[2024-01-16 18:04:09] [INFO] |  local epoch  : 0, acc 0.260
[2024-01-16 18:04:09] [INFO] |  local epoch  : 1, acc 0.277
[2024-01-16 18:04:09] [INFO] |  local epoch  : 2, acc 0.290
[2024-01-16 18:04:10] [INFO] |  local epoch  : 3, acc 0.296
[2024-01-16 18:04:10] [INFO] |  local epoch  : 4, acc 0.301
[2024-01-16 18:04:10] [INFO] |servers comunicated: 0, server aggregated: 1, acc_server 0: 0.304.
[2024-01-16 18:04:10] [INFO] --------------------------------------------------
[2024-01-16 18:04:10] [INFO]   |server: 1
[2024-01-16 18:04:10] [INFO]  ---client 3
[2024-01-16 18:04:10] [INFO] |  local epoch  : 0, acc 0.252
[2024-01-16 18:04:11] [INFO] |  local epoch  : 1, acc 0.251
[2024-01-16 18:04:11] [INFO] |  local epoch  : 2, acc 0.256
[2024-01-16 18:04:12] [INFO] |  local epoch  : 3, acc 0.262
[2024-01-16 18:04:12] [INFO] |  local epoch  : 4, acc 0.265
[2024-01-16 18:04:12] [INFO]  ---client 4
[2024-01-16 18:04:12] [INFO] |  local epoch  : 0, acc 0.175
[2024-01-16 18:04:13] [INFO] |  local epoch  : 1, acc 0.252
[2024-01-16 18:04:13] [INFO] |  local epoch  : 2, acc 0.248
[2024-01-16 18:04:13] [INFO] |  local epoch  : 3, acc 0.256
[2024-01-16 18:04:14] [INFO] |  local epoch  : 4, acc 0.261
[2024-01-16 18:04:14] [INFO]  ---client 5
[2024-01-16 18:04:14] [INFO] |  local epoch  : 0, acc 0.222
[2024-01-16 18:04:14] [INFO] |  local epoch  : 1, acc 0.217
[2024-01-16 18:04:15] [INFO] |  local epoch  : 2, acc 0.257
[2024-01-16 18:04:15] [INFO] |  local epoch  : 3, acc 0.260
[2024-01-16 18:04:15] [INFO] |  local epoch  : 4, acc 0.263
[2024-01-16 18:04:16] [INFO] |servers comunicated: 0, server aggregated: 1, acc_server 1: 0.263.
[2024-01-16 18:04:16] [INFO] --------------------------------------------------
[2024-01-16 18:04:16] [INFO]   |server: 2
[2024-01-16 18:04:16] [INFO]  ---client 6
[2024-01-16 18:04:16] [INFO] |  local epoch  : 0, acc 0.127
[2024-01-16 18:04:16] [INFO] |  local epoch  : 1, acc 0.309
[2024-01-16 18:04:17] [INFO] |  local epoch  : 2, acc 0.296
[2024-01-16 18:04:17] [INFO] |  local epoch  : 3, acc 0.339
[2024-01-16 18:04:17] [INFO] |  local epoch  : 4, acc 0.328
[2024-01-16 18:04:17] [INFO]  ---client 7
[2024-01-16 18:04:18] [INFO] |  local epoch  : 0, acc 0.239
[2024-01-16 18:04:18] [INFO] |  local epoch  : 1, acc 0.278
[2024-01-16 18:04:18] [INFO] |  local epoch  : 2, acc 0.282
[2024-01-16 18:04:19] [INFO] |  local epoch  : 3, acc 0.315
[2024-01-16 18:04:19] [INFO] |  local epoch  : 4, acc 0.315
[2024-01-16 18:04:19] [INFO]  ---client 8
[2024-01-16 18:04:19] [INFO] |  local epoch  : 0, acc 0.197
[2024-01-16 18:04:20] [INFO] |  local epoch  : 1, acc 0.244
[2024-01-16 18:04:20] [INFO] |  local epoch  : 2, acc 0.317
[2024-01-16 18:04:21] [INFO] |  local epoch  : 3, acc 0.325
[2024-01-16 18:04:21] [INFO] |  local epoch  : 4, acc 0.346
[2024-01-16 18:04:21] [INFO] |servers comunicated: 0, server aggregated: 1, acc_server 2: 0.341.
[2024-01-16 18:04:21] [INFO] --------------------------------------------------
[2024-01-16 18:04:21] [INFO]  |epoch_client_commu: 2/5
[2024-01-16 18:04:21] [INFO]   |server: 0
[2024-01-16 18:04:21] [INFO]  ---client 0
[2024-01-16 18:04:21] [INFO] |  local epoch  : 0, acc 0.306
[2024-01-16 18:04:22] [INFO] |  local epoch  : 1, acc 0.307
[2024-01-16 18:04:22] [INFO] |  local epoch  : 2, acc 0.308
[2024-01-16 18:04:22] [INFO] |  local epoch  : 3, acc 0.302
[2024-01-16 18:04:23] [INFO] |  local epoch  : 4, acc 0.308
[2024-01-16 18:04:23] [INFO]  ---client 1
[2024-01-16 18:04:23] [INFO] |  local epoch  : 0, acc 0.307
[2024-01-16 18:04:24] [INFO] |  local epoch  : 1, acc 0.308
[2024-01-16 18:04:24] [INFO] |  local epoch  : 2, acc 0.308
[2024-01-16 18:04:24] [INFO] |  local epoch  : 3, acc 0.308
[2024-01-16 18:04:25] [INFO] |  local epoch  : 4, acc 0.308
[2024-01-16 18:04:25] [INFO]  ---client 2
[2024-01-16 18:04:25] [INFO] |  local epoch  : 0, acc 0.306
[2024-01-16 18:04:25] [INFO] |  local epoch  : 1, acc 0.308
[2024-01-16 18:04:26] [INFO] |  local epoch  : 2, acc 0.308
[2024-01-16 18:04:26] [INFO] |  local epoch  : 3, acc 0.309
[2024-01-16 18:04:26] [INFO] |  local epoch  : 4, acc 0.308
[2024-01-16 18:04:27] [INFO] |servers comunicated: 0, server aggregated: 2, acc_server 0: 0.309.
[2024-01-16 18:04:27] [INFO] --------------------------------------------------
[2024-01-16 18:04:27] [INFO]   |server: 1
[2024-01-16 18:04:27] [INFO]  ---client 3
[2024-01-16 18:04:27] [INFO] |  local epoch  : 0, acc 0.264
[2024-01-16 18:04:27] [INFO] |  local epoch  : 1, acc 0.265
[2024-01-16 18:04:28] [INFO] |  local epoch  : 2, acc 0.267
[2024-01-16 18:04:28] [INFO] |  local epoch  : 3, acc 0.268
[2024-01-16 18:04:28] [INFO] |  local epoch  : 4, acc 0.267
[2024-01-16 18:04:28] [INFO]  ---client 4
[2024-01-16 18:04:29] [INFO] |  local epoch  : 0, acc 0.266
[2024-01-16 18:04:29] [INFO] |  local epoch  : 1, acc 0.262
[2024-01-16 18:04:29] [INFO] |  local epoch  : 2, acc 0.266
[2024-01-16 18:04:30] [INFO] |  local epoch  : 3, acc 0.265
[2024-01-16 18:04:30] [INFO] |  local epoch  : 4, acc 0.270
[2024-01-16 18:04:30] [INFO]  ---client 5
[2024-01-16 18:04:30] [INFO] |  local epoch  : 0, acc 0.265
[2024-01-16 18:04:31] [INFO] |  local epoch  : 1, acc 0.267
[2024-01-16 18:04:31] [INFO] |  local epoch  : 2, acc 0.266
[2024-01-16 18:04:31] [INFO] |  local epoch  : 3, acc 0.268
[2024-01-16 18:04:32] [INFO] |  local epoch  : 4, acc 0.268
[2024-01-16 18:04:32] [INFO] |servers comunicated: 0, server aggregated: 2, acc_server 1: 0.269.
[2024-01-16 18:04:32] [INFO] --------------------------------------------------
[2024-01-16 18:04:32] [INFO]   |server: 2
[2024-01-16 18:04:32] [INFO]  ---client 6
[2024-01-16 18:04:32] [INFO] |  local epoch  : 0, acc 0.343
[2024-01-16 18:04:33] [INFO] |  local epoch  : 1, acc 0.348
[2024-01-16 18:04:33] [INFO] |  local epoch  : 2, acc 0.356
[2024-01-16 18:04:33] [INFO] |  local epoch  : 3, acc 0.357
[2024-01-16 18:04:34] [INFO] |  local epoch  : 4, acc 0.358
[2024-01-16 18:04:34] [INFO]  ---client 7
[2024-01-16 18:04:34] [INFO] |  local epoch  : 0, acc 0.327
[2024-01-16 18:04:34] [INFO] |  local epoch  : 1, acc 0.356
[2024-01-16 18:04:35] [INFO] |  local epoch  : 2, acc 0.356
[2024-01-16 18:04:35] [INFO] |  local epoch  : 3, acc 0.358
[2024-01-16 18:04:35] [INFO] |  local epoch  : 4, acc 0.362
[2024-01-16 18:04:35] [INFO]  ---client 8
[2024-01-16 18:04:36] [INFO] |  local epoch  : 0, acc 0.339
[2024-01-16 18:04:36] [INFO] |  local epoch  : 1, acc 0.352
[2024-01-16 18:04:36] [INFO] |  local epoch  : 2, acc 0.353
[2024-01-16 18:04:37] [INFO] |  local epoch  : 3, acc 0.358
[2024-01-16 18:04:37] [INFO] |  local epoch  : 4, acc 0.362
[2024-01-16 18:04:37] [INFO] |servers comunicated: 0, server aggregated: 2, acc_server 2: 0.362.
[2024-01-16 18:04:37] [INFO] --------------------------------------------------
[2024-01-16 18:04:37] [INFO]  |epoch_client_commu: 3/5
[2024-01-16 18:04:37] [INFO]   |server: 0
[2024-01-16 18:04:37] [INFO]  ---client 0
[2024-01-16 18:04:38] [INFO] |  local epoch  : 0, acc 0.309
[2024-01-16 18:04:38] [INFO] |  local epoch  : 1, acc 0.309
[2024-01-16 18:04:38] [INFO] |  local epoch  : 2, acc 0.310
[2024-01-16 18:04:39] [INFO] |  local epoch  : 3, acc 0.309
[2024-01-16 18:04:39] [INFO] |  local epoch  : 4, acc 0.310
[2024-01-16 18:04:39] [INFO]  ---client 1
[2024-01-16 18:04:39] [INFO] |  local epoch  : 0, acc 0.308
[2024-01-16 18:04:40] [INFO] |  local epoch  : 1, acc 0.309
[2024-01-16 18:04:40] [INFO] |  local epoch  : 2, acc 0.305
[2024-01-16 18:04:41] [INFO] |  local epoch  : 3, acc 0.310
[2024-01-16 18:04:41] [INFO] |  local epoch  : 4, acc 0.307
[2024-01-16 18:04:41] [INFO]  ---client 2
[2024-01-16 18:04:41] [INFO] |  local epoch  : 0, acc 0.309
[2024-01-16 18:04:42] [INFO] |  local epoch  : 1, acc 0.308
[2024-01-16 18:04:42] [INFO] |  local epoch  : 2, acc 0.309
[2024-01-16 18:04:42] [INFO] |  local epoch  : 3, acc 0.310
[2024-01-16 18:04:43] [INFO] |  local epoch  : 4, acc 0.309
[2024-01-16 18:04:43] [INFO] |servers comunicated: 0, server aggregated: 3, acc_server 0: 0.309.
[2024-01-16 18:04:43] [INFO] --------------------------------------------------
[2024-01-16 18:04:43] [INFO]   |server: 1
[2024-01-16 18:04:43] [INFO]  ---client 3
[2024-01-16 18:04:43] [INFO] |  local epoch  : 0, acc 0.267
[2024-01-16 18:04:44] [INFO] |  local epoch  : 1, acc 0.268
[2024-01-16 18:04:44] [INFO] |  local epoch  : 2, acc 0.271
[2024-01-16 18:04:44] [INFO] |  local epoch  : 3, acc 0.270
[2024-01-16 18:04:45] [INFO] |  local epoch  : 4, acc 0.264
[2024-01-16 18:04:45] [INFO]  ---client 4
[2024-01-16 18:04:45] [INFO] |  local epoch  : 0, acc 0.269
[2024-01-16 18:04:45] [INFO] |  local epoch  : 1, acc 0.270
[2024-01-16 18:04:46] [INFO] |  local epoch  : 2, acc 0.271
[2024-01-16 18:04:46] [INFO] |  local epoch  : 3, acc 0.269
[2024-01-16 18:04:46] [INFO] |  local epoch  : 4, acc 0.272
[2024-01-16 18:04:46] [INFO]  ---client 5
[2024-01-16 18:04:47] [INFO] |  local epoch  : 0, acc 0.266
[2024-01-16 18:04:47] [INFO] |  local epoch  : 1, acc 0.271
[2024-01-16 18:04:47] [INFO] |  local epoch  : 2, acc 0.269
[2024-01-16 18:04:48] [INFO] |  local epoch  : 3, acc 0.271
[2024-01-16 18:04:48] [INFO] |  local epoch  : 4, acc 0.271
[2024-01-16 18:04:48] [INFO] |servers comunicated: 0, server aggregated: 3, acc_server 1: 0.271.
[2024-01-16 18:04:48] [INFO] --------------------------------------------------
[2024-01-16 18:04:48] [INFO]   |server: 2
[2024-01-16 18:04:48] [INFO]  ---client 6
[2024-01-16 18:04:49] [INFO] |  local epoch  : 0, acc 0.363
[2024-01-16 18:04:49] [INFO] |  local epoch  : 1, acc 0.360
[2024-01-16 18:04:49] [INFO] |  local epoch  : 2, acc 0.360
[2024-01-16 18:04:50] [INFO] |  local epoch  : 3, acc 0.363
[2024-01-16 18:04:50] [INFO] |  local epoch  : 4, acc 0.355
[2024-01-16 18:04:50] [INFO]  ---client 7
[2024-01-16 18:04:50] [INFO] |  local epoch  : 0, acc 0.362
[2024-01-16 18:04:51] [INFO] |  local epoch  : 1, acc 0.358
[2024-01-16 18:04:51] [INFO] |  local epoch  : 2, acc 0.365
[2024-01-16 18:04:51] [INFO] |  local epoch  : 3, acc 0.356
[2024-01-16 18:04:52] [INFO] |  local epoch  : 4, acc 0.365
[2024-01-16 18:04:52] [INFO]  ---client 8
[2024-01-16 18:04:52] [INFO] |  local epoch  : 0, acc 0.359
[2024-01-16 18:04:52] [INFO] |  local epoch  : 1, acc 0.361
