[2024-01-16 18:31:46] [INFO] device cuda is used.
[2024-01-16 18:31:46] [INFO] cudnn is actived.
[2024-01-16 18:31:46] [INFO] 
      alpha      :  0.5  
        T        :   6   
    algorithm    :   3   
num_server_commu :   3   
num_client_commu :   1   
num_client_train :   1   
num_public_train :   5   
   batch_size    :  160  
     dataset     : mnist 
  model_select   :   1   
 num_all_client  :   9   
 num_all_server  :   3   
 num_client_data : 1200  
 num_public_data :  50   
   proportion    :  0.8  
   num_workers   :   8   
[2024-01-16 18:31:49] [INFO] --------------------------------------------------
[2024-01-16 18:31:49] [INFO] |epoch_server_commu: 0/3
[2024-01-16 18:31:49] [INFO]  |epoch_client_commu: 0/1
[2024-01-16 18:31:49] [INFO]   |server: 0
[2024-01-16 18:31:49] [INFO]  ---client 0
[2024-01-16 18:31:50] [INFO] |  local epoch  : 0, acc 0.116
[2024-01-16 18:31:50] [INFO]  ---client 1
[2024-01-16 18:31:50] [INFO] |  local epoch  : 0, acc 0.103
[2024-01-16 18:31:50] [INFO]  ---client 2
[2024-01-16 18:31:51] [INFO] |  local epoch  : 0, acc 0.110
[2024-01-16 18:31:51] [INFO] |servers comunicated: 0, server aggregated: 0, acc_server 0: 0.103.
[2024-01-16 18:31:51] [INFO] --------------------------------------------------
[2024-01-16 18:31:51] [INFO]   |server: 1
[2024-01-16 18:31:51] [INFO]  ---client 3
[2024-01-16 18:31:51] [INFO] |  local epoch  : 0, acc 0.115
[2024-01-16 18:31:51] [INFO]  ---client 4
[2024-01-16 18:31:52] [INFO] |  local epoch  : 0, acc 0.101
[2024-01-16 18:31:52] [INFO]  ---client 5
[2024-01-16 18:31:52] [INFO] |  local epoch  : 0, acc 0.101
[2024-01-16 18:31:52] [INFO] |servers comunicated: 0, server aggregated: 0, acc_server 1: 0.101.
[2024-01-16 18:31:52] [INFO] --------------------------------------------------
[2024-01-16 18:31:52] [INFO]   |server: 2
[2024-01-16 18:31:52] [INFO]  ---client 6
[2024-01-16 18:31:52] [INFO] |  local epoch  : 0, acc 0.104
[2024-01-16 18:31:52] [INFO]  ---client 7
[2024-01-16 18:31:53] [INFO] |  local epoch  : 0, acc 0.241
[2024-01-16 18:31:53] [INFO]  ---client 8
[2024-01-16 18:31:53] [INFO] |  local epoch  : 0, acc 0.138
[2024-01-16 18:31:53] [INFO] |servers comunicated: 0, server aggregated: 0, acc_server 2: 0.172.
[2024-01-16 18:31:53] [INFO] --------------------------------------------------
[2024-01-16 18:31:53] [INFO]      ********  servers comunicates  ********      
[2024-01-16 18:31:53] [INFO] --------------------------------------------------
[2024-01-16 18:31:53] [INFO] |epoch_server_commu: 1/3
[2024-01-16 18:31:53] [INFO]  |epoch_client_commu: 0/1
[2024-01-16 18:31:53] [INFO]   |server: 0
[2024-01-16 18:31:53] [INFO]  ---client 0
[2024-01-16 18:31:54] [INFO] |  local epoch  : 0, acc 0.103
