[2024-01-16 18:04:55] [INFO] device cuda is used.
[2024-01-16 18:04:55] [INFO] cudnn is actived.
[2024-01-16 18:04:55] [INFO] 
      alpha      :  0.5  
        T        :   6   
    algorithm    :   3   
num_server_commu :   1   
num_client_commu :   1   
num_client_train :   1   
num_public_train :   5   
   batch_size    :  160  
     dataset     : mnist 
  model_select   :   1   
 num_all_client  :   9   
 num_all_server  :   3   
 num_client_data : 1200  
 num_public_data :  50   
   proportion    :  0.8  
   num_workers   :   8   
[2024-01-16 18:04:58] [INFO] --------------------------------------------------
[2024-01-16 18:04:58] [INFO] |epoch_server_commu: 0/1
[2024-01-16 18:04:58] [INFO]  |epoch_client_commu: 0/1
[2024-01-16 18:04:58] [INFO]   |server: 0
[2024-01-16 18:04:58] [INFO]  ---client 0
[2024-01-16 18:04:59] [INFO] |  local epoch  : 0, acc 0.103
[2024-01-16 18:04:59] [INFO]  ---client 1
[2024-01-16 18:04:59] [INFO] |  local epoch  : 0, acc 0.172
[2024-01-16 18:04:59] [INFO]  ---client 2
[2024-01-16 18:05:00] [INFO] |  local epoch  : 0, acc 0.173
[2024-01-16 18:05:00] [INFO] |servers comunicated: 0, server aggregated: 0, acc_server 0: 0.169.
[2024-01-16 18:05:00] [INFO] --------------------------------------------------
[2024-01-16 18:05:00] [INFO]   |server: 1
[2024-01-16 18:05:00] [INFO]  ---client 3
[2024-01-16 18:05:00] [INFO] |  local epoch  : 0, acc 0.090
[2024-01-16 18:05:00] [INFO]  ---client 4
[2024-01-16 18:05:00] [INFO] |  local epoch  : 0, acc 0.101
[2024-01-16 18:05:01] [INFO]  ---client 5
[2024-01-16 18:05:01] [INFO] |  local epoch  : 0, acc 0.090
[2024-01-16 18:05:01] [INFO] |servers comunicated: 0, server aggregated: 0, acc_server 1: 0.093.
[2024-01-16 18:05:01] [INFO] --------------------------------------------------
[2024-01-16 18:05:01] [INFO]   |server: 2
[2024-01-16 18:05:01] [INFO]  ---client 6
[2024-01-16 18:05:01] [INFO] |  local epoch  : 0, acc 0.097
[2024-01-16 18:05:01] [INFO]  ---client 7
[2024-01-16 18:05:02] [INFO] |  local epoch  : 0, acc 0.097
[2024-01-16 18:05:02] [INFO]  ---client 8
[2024-01-16 18:05:02] [INFO] |  local epoch  : 0, acc 0.097
[2024-01-16 18:05:02] [INFO] |servers comunicated: 0, server aggregated: 0, acc_server 2: 0.097.
[2024-01-16 18:05:02] [INFO] --------------------------------------------------
[2024-01-16 18:05:02] [INFO]      ********  servers comunicates  ********      
[2024-01-16 18:05:02] [INFO] ./res/mnist_model_1_algo_3/alpha_0.5_T_6/server_commu_1_client_commu_1_client_train_1_batch_size_160_num_all_client_9_num_all_server_3_num_client_data_1200_num_public_data_50_proportion_0.8.pt
