[2024-01-16 18:48:49] [INFO] device cuda is used.
[2024-01-16 18:48:49] [INFO] cudnn is actived.
[2024-01-16 18:48:49] [INFO] 
      alpha      :  0.5  
        T        :   6   
    algorithm    :   3   
num_server_commu :  50   
num_client_commu :   5   
num_client_train :   5   
num_public_train :   5   
   batch_size    :  160  
     dataset     : mnist 
  model_select   :   1   
 num_all_client  :   9   
 num_all_server  :   3   
 num_client_data : 1200  
 num_public_data :  50   
   proportion    :  0.8  
   num_workers   :   8   
[2024-01-16 18:48:52] [INFO] --------------------------------------------------
[2024-01-16 18:48:52] [INFO] |epoch_server_commu: 0/50
[2024-01-16 18:48:52] [INFO]  |epoch_client_commu: 0/5
[2024-01-16 18:48:52] [INFO]   |server: 0
[2024-01-16 18:48:52] [INFO]  ---client 0
[2024-01-16 18:48:53] [INFO] |  local epoch  : 0, acc 0.118
[2024-01-16 18:48:54] [INFO] |  local epoch  : 1, acc 0.118
[2024-01-16 18:48:54] [INFO] |  local epoch  : 2, acc 0.124
[2024-01-16 18:48:54] [INFO] |  local epoch  : 3, acc 0.218
[2024-01-16 18:48:55] [INFO] |  local epoch  : 4, acc 0.274
[2024-01-16 18:48:55] [INFO]  ---client 1
[2024-01-16 18:48:55] [INFO] |  local epoch  : 0, acc 0.114
[2024-01-16 18:48:55] [INFO] |  local epoch  : 1, acc 0.114
[2024-01-16 18:48:56] [INFO] |  local epoch  : 2, acc 0.114
[2024-01-16 18:48:56] [INFO] |  local epoch  : 3, acc 0.288
[2024-01-16 18:48:56] [INFO] |  local epoch  : 4, acc 0.247
[2024-01-16 18:48:56] [INFO]  ---client 2
[2024-01-16 18:48:57] [INFO] |  local epoch  : 0, acc 0.125
[2024-01-16 18:48:57] [INFO] |  local epoch  : 1, acc 0.133
[2024-01-16 18:48:57] [INFO] |  local epoch  : 2, acc 0.183
[2024-01-16 18:48:58] [INFO] |  local epoch  : 3, acc 0.193
[2024-01-16 18:48:58] [INFO] |  local epoch  : 4, acc 0.289
[2024-01-16 18:48:58] [INFO] |servers comunicated: 0, server aggregated: 0, acc_server 0: 0.297.
[2024-01-16 18:48:58] [INFO] --------------------------------------------------
[2024-01-16 18:48:58] [INFO]   |server: 1
[2024-01-16 18:48:58] [INFO]  ---client 3
[2024-01-16 18:48:59] [INFO] |  local epoch  : 0, acc 0.089
[2024-01-16 18:48:59] [INFO] |  local epoch  : 1, acc 0.095
[2024-01-16 18:48:59] [INFO] |  local epoch  : 2, acc 0.167
[2024-01-16 18:49:00] [INFO] |  local epoch  : 3, acc 0.125
[2024-01-16 18:49:00] [INFO] |  local epoch  : 4, acc 0.159
[2024-01-16 18:49:00] [INFO]  ---client 4
[2024-01-16 18:49:00] [INFO] |  local epoch  : 0, acc 0.089
[2024-01-16 18:49:01] [INFO] |  local epoch  : 1, acc 0.093
[2024-01-16 18:49:01] [INFO] |  local epoch  : 2, acc 0.175
[2024-01-16 18:49:02] [INFO] |  local epoch  : 3, acc 0.105
[2024-01-16 18:49:02] [INFO] |  local epoch  : 4, acc 0.233
[2024-01-16 18:49:02] [INFO]  ---client 5
[2024-01-16 18:49:02] [INFO] |  local epoch  : 0, acc 0.089
[2024-01-16 18:49:03] [INFO] |  local epoch  : 1, acc 0.089
[2024-01-16 18:49:03] [INFO] |  local epoch  : 2, acc 0.089
[2024-01-16 18:49:03] [INFO] |  local epoch  : 3, acc 0.181
[2024-01-16 18:49:04] [INFO] |  local epoch  : 4, acc 0.169
[2024-01-16 18:49:04] [INFO] |servers comunicated: 0, server aggregated: 0, acc_server 1: 0.193.
[2024-01-16 18:49:04] [INFO] --------------------------------------------------
[2024-01-16 18:49:04] [INFO]   |server: 2
[2024-01-16 18:49:04] [INFO]  ---client 6
[2024-01-16 18:49:04] [INFO] |  local epoch  : 0, acc 0.096
[2024-01-16 18:49:04] [INFO] |  local epoch  : 1, acc 0.190
[2024-01-16 18:49:05] [INFO] |  local epoch  : 2, acc 0.133
[2024-01-16 18:49:05] [INFO] |  local epoch  : 3, acc 0.212
[2024-01-16 18:49:06] [INFO] |  local epoch  : 4, acc 0.205
[2024-01-16 18:49:06] [INFO]  ---client 7
[2024-01-16 18:49:06] [INFO] |  local epoch  : 0, acc 0.096
[2024-01-16 18:49:06] [INFO] |  local epoch  : 1, acc 0.096
[2024-01-16 18:49:07] [INFO] |  local epoch  : 2, acc 0.141
[2024-01-16 18:49:07] [INFO] |  local epoch  : 3, acc 0.220
[2024-01-16 18:49:07] [INFO] |  local epoch  : 4, acc 0.169
[2024-01-16 18:49:07] [INFO]  ---client 8
[2024-01-16 18:49:08] [INFO] |  local epoch  : 0, acc 0.096
[2024-01-16 18:49:08] [INFO] |  local epoch  : 1, acc 0.096
[2024-01-16 18:49:08] [INFO] |  local epoch  : 2, acc 0.189
[2024-01-16 18:49:09] [INFO] |  local epoch  : 3, acc 0.195
[2024-01-16 18:49:09] [INFO] |  local epoch  : 4, acc 0.219
[2024-01-16 18:49:09] [INFO] |servers comunicated: 0, server aggregated: 0, acc_server 2: 0.192.
[2024-01-16 18:49:09] [INFO] --------------------------------------------------
[2024-01-16 18:49:09] [INFO]  |epoch_client_commu: 1/5
[2024-01-16 18:49:09] [INFO]   |server: 0
[2024-01-16 18:49:09] [INFO]  ---client 0
[2024-01-16 18:49:10] [INFO] |  local epoch  : 0, acc 0.296
[2024-01-16 18:49:10] [INFO] |  local epoch  : 1, acc 0.235
[2024-01-16 18:49:10] [INFO] |  local epoch  : 2, acc 0.299
[2024-01-16 18:49:11] [INFO] |  local epoch  : 3, acc 0.298
[2024-01-16 18:49:11] [INFO] |  local epoch  : 4, acc 0.301
[2024-01-16 18:49:11] [INFO]  ---client 1
[2024-01-16 18:49:11] [INFO] |  local epoch  : 0, acc 0.262
[2024-01-16 18:49:12] [INFO] |  local epoch  : 1, acc 0.278
[2024-01-16 18:49:12] [INFO] |  local epoch  : 2, acc 0.292
[2024-01-16 18:49:12] [INFO] |  local epoch  : 3, acc 0.299
[2024-01-16 18:49:13] [INFO] |  local epoch  : 4, acc 0.300
[2024-01-16 18:49:13] [INFO]  ---client 2
[2024-01-16 18:49:13] [INFO] |  local epoch  : 0, acc 0.292
[2024-01-16 18:49:13] [INFO] |  local epoch  : 1, acc 0.296
[2024-01-16 18:49:14] [INFO] |  local epoch  : 2, acc 0.295
[2024-01-16 18:49:14] [INFO] |  local epoch  : 3, acc 0.298
[2024-01-16 18:49:15] [INFO] |  local epoch  : 4, acc 0.300
[2024-01-16 18:49:15] [INFO] |servers comunicated: 0, server aggregated: 1, acc_server 0: 0.301.
[2024-01-16 18:49:15] [INFO] --------------------------------------------------
[2024-01-16 18:49:15] [INFO]   |server: 1
[2024-01-16 18:49:15] [INFO]  ---client 3
[2024-01-16 18:49:15] [INFO] |  local epoch  : 0, acc 0.181
[2024-01-16 18:49:15] [INFO] |  local epoch  : 1, acc 0.249
[2024-01-16 18:49:16] [INFO] |  local epoch  : 2, acc 0.256
[2024-01-16 18:49:16] [INFO] |  local epoch  : 3, acc 0.224
[2024-01-16 18:49:16] [INFO] |  local epoch  : 4, acc 0.251
[2024-01-16 18:49:16] [INFO]  ---client 4
[2024-01-16 18:49:17] [INFO] |  local epoch  : 0, acc 0.188
[2024-01-16 18:49:17] [INFO] |  local epoch  : 1, acc 0.192
[2024-01-16 18:49:17] [INFO] |  local epoch  : 2, acc 0.196
[2024-01-16 18:49:18] [INFO] |  local epoch  : 3, acc 0.257
[2024-01-16 18:49:18] [INFO] |  local epoch  : 4, acc 0.256
[2024-01-16 18:49:18] [INFO]  ---client 5
[2024-01-16 18:49:19] [INFO] |  local epoch  : 0, acc 0.201
[2024-01-16 18:49:19] [INFO] |  local epoch  : 1, acc 0.236
[2024-01-16 18:49:19] [INFO] |  local epoch  : 2, acc 0.219
[2024-01-16 18:49:20] [INFO] |  local epoch  : 3, acc 0.263
[2024-01-16 18:49:20] [INFO] |  local epoch  : 4, acc 0.255
[2024-01-16 18:49:20] [INFO] |servers comunicated: 0, server aggregated: 1, acc_server 1: 0.263.
[2024-01-16 18:49:20] [INFO] --------------------------------------------------
[2024-01-16 18:49:20] [INFO]   |server: 2
[2024-01-16 18:49:20] [INFO]  ---client 6
[2024-01-16 18:49:21] [INFO] |  local epoch  : 0, acc 0.350
[2024-01-16 18:49:21] [INFO] |  local epoch  : 1, acc 0.324
[2024-01-16 18:49:21] [INFO] |  local epoch  : 2, acc 0.348
[2024-01-16 18:49:22] [INFO] |  local epoch  : 3, acc 0.322
[2024-01-16 18:49:22] [INFO] |  local epoch  : 4, acc 0.333
[2024-01-16 18:49:22] [INFO]  ---client 7
[2024-01-16 18:49:22] [INFO] |  local epoch  : 0, acc 0.312
[2024-01-16 18:49:23] [INFO] |  local epoch  : 1, acc 0.278
[2024-01-16 18:49:23] [INFO] |  local epoch  : 2, acc 0.316
[2024-01-16 18:49:23] [INFO] |  local epoch  : 3, acc 0.350
[2024-01-16 18:49:24] [INFO] |  local epoch  : 4, acc 0.345
[2024-01-16 18:49:24] [INFO]  ---client 8
[2024-01-16 18:49:24] [INFO] |  local epoch  : 0, acc 0.339
[2024-01-16 18:49:24] [INFO] |  local epoch  : 1, acc 0.336
[2024-01-16 18:49:25] [INFO] |  local epoch  : 2, acc 0.312
[2024-01-16 18:49:25] [INFO] |  local epoch  : 3, acc 0.301
[2024-01-16 18:49:25] [INFO] |  local epoch  : 4, acc 0.332
[2024-01-16 18:49:26] [INFO] |servers comunicated: 0, server aggregated: 1, acc_server 2: 0.339.
[2024-01-16 18:49:26] [INFO] --------------------------------------------------
[2024-01-16 18:49:26] [INFO]  |epoch_client_commu: 2/5
[2024-01-16 18:49:26] [INFO]   |server: 0
[2024-01-16 18:49:26] [INFO]  ---client 0
[2024-01-16 18:49:26] [INFO] |  local epoch  : 0, acc 0.299
[2024-01-16 18:49:26] [INFO] |  local epoch  : 1, acc 0.304
[2024-01-16 18:49:27] [INFO] |  local epoch  : 2, acc 0.307
[2024-01-16 18:49:27] [INFO] |  local epoch  : 3, acc 0.306
[2024-01-16 18:49:27] [INFO] |  local epoch  : 4, acc 0.304
[2024-01-16 18:49:27] [INFO]  ---client 1
[2024-01-16 18:49:28] [INFO] |  local epoch  : 0, acc 0.302
[2024-01-16 18:49:28] [INFO] |  local epoch  : 1, acc 0.306
[2024-01-16 18:49:29] [INFO] |  local epoch  : 2, acc 0.307
[2024-01-16 18:49:29] [INFO] |  local epoch  : 3, acc 0.308
[2024-01-16 18:49:29] [INFO] |  local epoch  : 4, acc 0.310
[2024-01-16 18:49:29] [INFO]  ---client 2
[2024-01-16 18:49:30] [INFO] |  local epoch  : 0, acc 0.304
[2024-01-16 18:49:30] [INFO] |  local epoch  : 1, acc 0.304
[2024-01-16 18:49:30] [INFO] |  local epoch  : 2, acc 0.306
[2024-01-16 18:49:31] [INFO] |  local epoch  : 3, acc 0.305
[2024-01-16 18:49:31] [INFO] |  local epoch  : 4, acc 0.305
[2024-01-16 18:49:31] [INFO] |servers comunicated: 0, server aggregated: 2, acc_server 0: 0.308.
[2024-01-16 18:49:31] [INFO] --------------------------------------------------
[2024-01-16 18:49:31] [INFO]   |server: 1
[2024-01-16 18:49:31] [INFO]  ---client 3
[2024-01-16 18:49:31] [INFO] |  local epoch  : 0, acc 0.264
[2024-01-16 18:49:32] [INFO] |  local epoch  : 1, acc 0.268
[2024-01-16 18:49:32] [INFO] |  local epoch  : 2, acc 0.268
[2024-01-16 18:49:33] [INFO] |  local epoch  : 3, acc 0.262
[2024-01-16 18:49:33] [INFO] |  local epoch  : 4, acc 0.269
[2024-01-16 18:49:33] [INFO]  ---client 4
[2024-01-16 18:49:33] [INFO] |  local epoch  : 0, acc 0.266
[2024-01-16 18:49:34] [INFO] |  local epoch  : 1, acc 0.268
[2024-01-16 18:49:34] [INFO] |  local epoch  : 2, acc 0.265
[2024-01-16 18:49:34] [INFO] |  local epoch  : 3, acc 0.267
[2024-01-16 18:49:35] [INFO] |  local epoch  : 4, acc 0.270
[2024-01-16 18:49:35] [INFO]  ---client 5
[2024-01-16 18:49:35] [INFO] |  local epoch  : 0, acc 0.266
[2024-01-16 18:49:35] [INFO] |  local epoch  : 1, acc 0.269
[2024-01-16 18:49:36] [INFO] |  local epoch  : 2, acc 0.261
[2024-01-16 18:49:36] [INFO] |  local epoch  : 3, acc 0.270
[2024-01-16 18:49:36] [INFO] |  local epoch  : 4, acc 0.270
[2024-01-16 18:49:37] [INFO] |servers comunicated: 0, server aggregated: 2, acc_server 1: 0.272.
[2024-01-16 18:49:37] [INFO] --------------------------------------------------
[2024-01-16 18:49:37] [INFO]   |server: 2
[2024-01-16 18:49:37] [INFO]  ---client 6
[2024-01-16 18:49:37] [INFO] |  local epoch  : 0, acc 0.345
[2024-01-16 18:49:37] [INFO] |  local epoch  : 1, acc 0.348
[2024-01-16 18:49:38] [INFO] |  local epoch  : 2, acc 0.352
[2024-01-16 18:49:38] [INFO] |  local epoch  : 3, acc 0.356
[2024-01-16 18:49:38] [INFO] |  local epoch  : 4, acc 0.363
[2024-01-16 18:49:38] [INFO]  ---client 7
[2024-01-16 18:49:39] [INFO] |  local epoch  : 0, acc 0.353
[2024-01-16 18:49:39] [INFO] |  local epoch  : 1, acc 0.361
[2024-01-16 18:49:39] [INFO] |  local epoch  : 2, acc 0.363
[2024-01-16 18:49:40] [INFO] |  local epoch  : 3, acc 0.363
[2024-01-16 18:49:40] [INFO] |  local epoch  : 4, acc 0.360
[2024-01-16 18:49:40] [INFO]  ---client 8
[2024-01-16 18:49:40] [INFO] |  local epoch  : 0, acc 0.355
[2024-01-16 18:49:41] [INFO] |  local epoch  : 1, acc 0.357
[2024-01-16 18:49:41] [INFO] |  local epoch  : 2, acc 0.359
[2024-01-16 18:49:41] [INFO] |  local epoch  : 3, acc 0.356
[2024-01-16 18:49:42] [INFO] |  local epoch  : 4, acc 0.361
[2024-01-16 18:49:42] [INFO] |servers comunicated: 0, server aggregated: 2, acc_server 2: 0.364.
[2024-01-16 18:49:42] [INFO] --------------------------------------------------
[2024-01-16 18:49:42] [INFO]  |epoch_client_commu: 3/5
[2024-01-16 18:49:42] [INFO]   |server: 0
[2024-01-16 18:49:42] [INFO]  ---client 0
[2024-01-16 18:49:42] [INFO] |  local epoch  : 0, acc 0.309
[2024-01-16 18:49:43] [INFO] |  local epoch  : 1, acc 0.305
[2024-01-16 18:49:43] [INFO] |  local epoch  : 2, acc 0.310
[2024-01-16 18:49:43] [INFO] |  local epoch  : 3, acc 0.309
[2024-01-16 18:49:44] [INFO] |  local epoch  : 4, acc 0.309
[2024-01-16 18:49:44] [INFO]  ---client 1
[2024-01-16 18:49:44] [INFO] |  local epoch  : 0, acc 0.309
[2024-01-16 18:49:44] [INFO] |  local epoch  : 1, acc 0.309
[2024-01-16 18:49:45] [INFO] |  local epoch  : 2, acc 0.309
[2024-01-16 18:49:45] [INFO] |  local epoch  : 3, acc 0.310
[2024-01-16 18:49:46] [INFO] |  local epoch  : 4, acc 0.309
[2024-01-16 18:49:46] [INFO]  ---client 2
[2024-01-16 18:49:46] [INFO] |  local epoch  : 0, acc 0.308
[2024-01-16 18:49:46] [INFO] |  local epoch  : 1, acc 0.307
[2024-01-16 18:49:47] [INFO] |  local epoch  : 2, acc 0.309
[2024-01-16 18:49:47] [INFO] |  local epoch  : 3, acc 0.309
[2024-01-16 18:49:47] [INFO] |  local epoch  : 4, acc 0.309
[2024-01-16 18:49:47] [INFO] |servers comunicated: 0, server aggregated: 3, acc_server 0: 0.309.
[2024-01-16 18:49:47] [INFO] --------------------------------------------------
[2024-01-16 18:49:47] [INFO]   |server: 1
[2024-01-16 18:49:48] [INFO]  ---client 3
[2024-01-16 18:49:48] [INFO] |  local epoch  : 0, acc 0.266
[2024-01-16 18:49:48] [INFO] |  local epoch  : 1, acc 0.269
[2024-01-16 18:49:49] [INFO] |  local epoch  : 2, acc 0.271
[2024-01-16 18:49:49] [INFO] |  local epoch  : 3, acc 0.265
[2024-01-16 18:49:49] [INFO] |  local epoch  : 4, acc 0.268
[2024-01-16 18:49:49] [INFO]  ---client 4
[2024-01-16 18:49:50] [INFO] |  local epoch  : 0, acc 0.271
[2024-01-16 18:49:50] [INFO] |  local epoch  : 1, acc 0.269
[2024-01-16 18:49:50] [INFO] |  local epoch  : 2, acc 0.272
[2024-01-16 18:49:51] [INFO] |  local epoch  : 3, acc 0.273
[2024-01-16 18:49:51] [INFO] |  local epoch  : 4, acc 0.272
[2024-01-16 18:49:51] [INFO]  ---client 5
[2024-01-16 18:49:51] [INFO] |  local epoch  : 0, acc 0.268
[2024-01-16 18:49:52] [INFO] |  local epoch  : 1, acc 0.268
[2024-01-16 18:49:52] [INFO] |  local epoch  : 2, acc 0.271
[2024-01-16 18:49:53] [INFO] |  local epoch  : 3, acc 0.271
[2024-01-16 18:49:53] [INFO] |  local epoch  : 4, acc 0.272
[2024-01-16 18:49:53] [INFO] |servers comunicated: 0, server aggregated: 3, acc_server 1: 0.271.
[2024-01-16 18:49:53] [INFO] --------------------------------------------------
[2024-01-16 18:49:53] [INFO]   |server: 2
[2024-01-16 18:49:53] [INFO]  ---client 6
[2024-01-16 18:49:53] [INFO] |  local epoch  : 0, acc 0.365
[2024-01-16 18:49:54] [INFO] |  local epoch  : 1, acc 0.360
[2024-01-16 18:49:54] [INFO] |  local epoch  : 2, acc 0.362
[2024-01-16 18:49:54] [INFO] |  local epoch  : 3, acc 0.366
[2024-01-16 18:49:55] [INFO] |  local epoch  : 4, acc 0.367
[2024-01-16 18:49:55] [INFO]  ---client 7
[2024-01-16 18:49:55] [INFO] |  local epoch  : 0, acc 0.359
[2024-01-16 18:49:56] [INFO] |  local epoch  : 1, acc 0.366
[2024-01-16 18:49:56] [INFO] |  local epoch  : 2, acc 0.367
[2024-01-16 18:49:56] [INFO] |  local epoch  : 3, acc 0.367
[2024-01-16 18:49:57] [INFO] |  local epoch  : 4, acc 0.368
[2024-01-16 18:49:57] [INFO]  ---client 8
[2024-01-16 18:49:57] [INFO] |  local epoch  : 0, acc 0.365
[2024-01-16 18:49:57] [INFO] |  local epoch  : 1, acc 0.366
[2024-01-16 18:49:58] [INFO] |  local epoch  : 2, acc 0.367
[2024-01-16 18:49:58] [INFO] |  local epoch  : 3, acc 0.365
[2024-01-16 18:49:58] [INFO] |  local epoch  : 4, acc 0.367
[2024-01-16 18:49:58] [INFO] |servers comunicated: 0, server aggregated: 3, acc_server 2: 0.367.
[2024-01-16 18:49:58] [INFO] --------------------------------------------------
[2024-01-16 18:49:58] [INFO]  |epoch_client_commu: 4/5
[2024-01-16 18:49:58] [INFO]   |server: 0
[2024-01-16 18:49:59] [INFO]  ---client 0
[2024-01-16 18:49:59] [INFO] |  local epoch  : 0, acc 0.309
[2024-01-16 18:49:59] [INFO] |  local epoch  : 1, acc 0.309
[2024-01-16 18:50:00] [INFO] |  local epoch  : 2, acc 0.308
[2024-01-16 18:50:00] [INFO] |  local epoch  : 3, acc 0.308
[2024-01-16 18:50:00] [INFO] |  local epoch  : 4, acc 0.311
[2024-01-16 18:50:00] [INFO]  ---client 1
[2024-01-16 18:50:01] [INFO] |  local epoch  : 0, acc 0.309
[2024-01-16 18:50:01] [INFO] |  local epoch  : 1, acc 0.310
[2024-01-16 18:50:01] [INFO] |  local epoch  : 2, acc 0.310
[2024-01-16 18:50:02] [INFO] |  local epoch  : 3, acc 0.309
[2024-01-16 18:50:02] [INFO] |  local epoch  : 4, acc 0.310
[2024-01-16 18:50:02] [INFO]  ---client 2
[2024-01-16 18:50:02] [INFO] |  local epoch  : 0, acc 0.309
[2024-01-16 18:50:03] [INFO] |  local epoch  : 1, acc 0.310
[2024-01-16 18:50:03] [INFO] |  local epoch  : 2, acc 0.309
[2024-01-16 18:50:03] [INFO] |  local epoch  : 3, acc 0.309
[2024-01-16 18:50:04] [INFO] |  local epoch  : 4, acc 0.310
[2024-01-16 18:50:04] [INFO] |servers comunicated: 0, server aggregated: 4, acc_server 0: 0.310.
[2024-01-16 18:50:04] [INFO] --------------------------------------------------
[2024-01-16 18:50:04] [INFO]   |server: 1
[2024-01-16 18:50:04] [INFO]  ---client 3
[2024-01-16 18:50:04] [INFO] |  local epoch  : 0, acc 0.273
[2024-01-16 18:50:05] [INFO] |  local epoch  : 1, acc 0.271
[2024-01-16 18:50:05] [INFO] |  local epoch  : 2, acc 0.274
[2024-01-16 18:50:05] [INFO] |  local epoch  : 3, acc 0.272
[2024-01-16 18:50:06] [INFO] |  local epoch  : 4, acc 0.272
[2024-01-16 18:50:06] [INFO]  ---client 4
[2024-01-16 18:50:06] [INFO] |  local epoch  : 0, acc 0.273
[2024-01-16 18:50:06] [INFO] |  local epoch  : 1, acc 0.269
[2024-01-16 18:50:07] [INFO] |  local epoch  : 2, acc 0.268
[2024-01-16 18:50:07] [INFO] |  local epoch  : 3, acc 0.267
[2024-01-16 18:50:07] [INFO] |  local epoch  : 4, acc 0.273
[2024-01-16 18:50:07] [INFO]  ---client 5
[2024-01-16 18:50:08] [INFO] |  local epoch  : 0, acc 0.274
[2024-01-16 18:50:08] [INFO] |  local epoch  : 1, acc 0.273
[2024-01-16 18:50:08] [INFO] |  local epoch  : 2, acc 0.275
[2024-01-16 18:50:09] [INFO] |  local epoch  : 3, acc 0.275
[2024-01-16 18:50:09] [INFO] |  local epoch  : 4, acc 0.276
[2024-01-16 18:50:09] [INFO] |servers comunicated: 0, server aggregated: 4, acc_server 1: 0.275.
[2024-01-16 18:50:09] [INFO] --------------------------------------------------
[2024-01-16 18:50:09] [INFO]   |server: 2
[2024-01-16 18:50:09] [INFO]  ---client 6
[2024-01-16 18:50:10] [INFO] |  local epoch  : 0, acc 0.367
[2024-01-16 18:50:10] [INFO] |  local epoch  : 1, acc 0.370
[2024-01-16 18:50:10] [INFO] |  local epoch  : 2, acc 0.366
[2024-01-16 18:50:11] [INFO] |  local epoch  : 3, acc 0.365
[2024-01-16 18:50:11] [INFO] |  local epoch  : 4, acc 0.361
[2024-01-16 18:50:11] [INFO]  ---client 7
[2024-01-16 18:50:11] [INFO] |  local epoch  : 0, acc 0.368
[2024-01-16 18:50:12] [INFO] |  local epoch  : 1, acc 0.371
[2024-01-16 18:50:12] [INFO] |  local epoch  : 2, acc 0.365
[2024-01-16 18:50:13] [INFO] |  local epoch  : 3, acc 0.369
[2024-01-16 18:50:13] [INFO] |  local epoch  : 4, acc 0.369
[2024-01-16 18:50:13] [INFO]  ---client 8
[2024-01-16 18:50:13] [INFO] |  local epoch  : 0, acc 0.369
[2024-01-16 18:50:14] [INFO] |  local epoch  : 1, acc 0.366
[2024-01-16 18:50:14] [INFO] |  local epoch  : 2, acc 0.364
[2024-01-16 18:50:14] [INFO] |  local epoch  : 3, acc 0.370
[2024-01-16 18:50:15] [INFO] |  local epoch  : 4, acc 0.370
[2024-01-16 18:50:15] [INFO] |servers comunicated: 0, server aggregated: 4, acc_server 2: 0.371.
[2024-01-16 18:50:15] [INFO] --------------------------------------------------
[2024-01-16 18:50:15] [INFO]      ********  servers comunicates  ********      
[2024-01-16 18:50:15] [INFO] --------------------------------------------------
[2024-01-16 18:50:15] [INFO] |epoch_server_commu: 1/50
[2024-01-16 18:50:15] [INFO]  |epoch_client_commu: 0/5
[2024-01-16 18:50:15] [INFO]   |server: 0
[2024-01-16 18:50:15] [INFO]  ---client 0
[2024-01-16 18:50:15] [INFO] |  local epoch  : 0, acc 0.310
[2024-01-16 18:50:16] [INFO] |  local epoch  : 1, acc 0.311
[2024-01-16 18:50:16] [INFO] |  local epoch  : 2, acc 0.310
[2024-01-16 18:50:16] [INFO] |  local epoch  : 3, acc 0.311
[2024-01-16 18:50:17] [INFO] |  local epoch  : 4, acc 0.310
[2024-01-16 18:50:17] [INFO] | distill epoch : 0, acc 0.311
