[2024-01-16 18:54:08] [INFO] device cuda is used.
[2024-01-16 18:54:08] [INFO] cudnn is actived.
[2024-01-16 18:54:08] [INFO] 
      alpha      :  0.5  
        T        :   6   
    algorithm    :   3   
num_server_commu :  50   
num_client_commu :   5   
num_client_train :   5   
num_public_train :   5   
   batch_size    :  160  
     dataset     : mnist 
  model_select   :   1   
 num_all_client  :   9   
 num_all_server  :   3   
 num_client_data : 1200  
 num_public_data :  50   
   proportion    :  0.8  
   num_workers   :   8   
[2024-01-16 18:54:11] [INFO] --------------------------------------------------
[2024-01-16 18:54:11] [INFO] |epoch_server_commu: 0/50
[2024-01-16 18:54:11] [INFO]  |epoch_client_commu: 0/5
[2024-01-16 18:54:11] [INFO]   |server: 0
[2024-01-16 18:54:11] [INFO]  ---client 0
[2024-01-16 18:54:11] [INFO] |  local epoch  : 0, acc 0.098
[2024-01-16 18:54:12] [INFO] |  local epoch  : 1, acc 0.098
[2024-01-16 18:54:12] [INFO] |  local epoch  : 2, acc 0.099
[2024-01-16 18:54:12] [INFO] |  local epoch  : 3, acc 0.300
[2024-01-16 18:54:13] [INFO] |  local epoch  : 4, acc 0.290
[2024-01-16 18:54:13] [INFO]  ---client 1
[2024-01-16 18:54:13] [INFO] |  local epoch  : 0, acc 0.098
[2024-01-16 18:54:13] [INFO] |  local epoch  : 1, acc 0.098
[2024-01-16 18:54:14] [INFO] |  local epoch  : 2, acc 0.098
[2024-01-16 18:54:14] [INFO] |  local epoch  : 3, acc 0.301
[2024-01-16 18:54:14] [INFO] |  local epoch  : 4, acc 0.300
[2024-01-16 18:54:14] [INFO]  ---client 2
[2024-01-16 18:54:15] [INFO] |  local epoch  : 0, acc 0.098
[2024-01-16 18:54:15] [INFO] |  local epoch  : 1, acc 0.098
[2024-01-16 18:54:15] [INFO] |  local epoch  : 2, acc 0.098
[2024-01-16 18:54:15] [INFO] |  local epoch  : 3, acc 0.299
[2024-01-16 18:54:16] [INFO] |  local epoch  : 4, acc 0.278
[2024-01-16 18:54:16] [INFO] |servers comunicated: 0, server aggregated: 0, acc_server 0: 0.292.
[2024-01-16 18:54:16] [INFO] --------------------------------------------------
[2024-01-16 18:54:16] [INFO]   |server: 1
[2024-01-16 18:54:16] [INFO]  ---client 3
[2024-01-16 18:54:16] [INFO] |  local epoch  : 0, acc 0.155
[2024-01-16 18:54:17] [INFO] |  local epoch  : 1, acc 0.101
[2024-01-16 18:54:17] [INFO] |  local epoch  : 2, acc 0.108
[2024-01-16 18:54:17] [INFO] |  local epoch  : 3, acc 0.249
[2024-01-16 18:54:18] [INFO] |  local epoch  : 4, acc 0.261
[2024-01-16 18:54:18] [INFO]  ---client 4
[2024-01-16 18:54:18] [INFO] |  local epoch  : 0, acc 0.153
[2024-01-16 18:54:18] [INFO] |  local epoch  : 1, acc 0.101
[2024-01-16 18:54:19] [INFO] |  local epoch  : 2, acc 0.108
[2024-01-16 18:54:19] [INFO] |  local epoch  : 3, acc 0.236
[2024-01-16 18:54:19] [INFO] |  local epoch  : 4, acc 0.239
[2024-01-16 18:54:19] [INFO]  ---client 5
[2024-01-16 18:54:19] [INFO] |  local epoch  : 0, acc 0.174
[2024-01-16 18:54:20] [INFO] |  local epoch  : 1, acc 0.116
[2024-01-16 18:54:20] [INFO] |  local epoch  : 2, acc 0.156
[2024-01-16 18:54:20] [INFO] |  local epoch  : 3, acc 0.185
[2024-01-16 18:54:21] [INFO] |  local epoch  : 4, acc 0.263
[2024-01-16 18:54:21] [INFO] |servers comunicated: 0, server aggregated: 0, acc_server 1: 0.265.
[2024-01-16 18:54:21] [INFO] --------------------------------------------------
[2024-01-16 18:54:21] [INFO]   |server: 2
[2024-01-16 18:54:21] [INFO]  ---client 6
[2024-01-16 18:54:21] [INFO] |  local epoch  : 0, acc 0.112
[2024-01-16 18:54:22] [INFO] |  local epoch  : 1, acc 0.191
[2024-01-16 18:54:22] [INFO] |  local epoch  : 2, acc 0.269
[2024-01-16 18:54:22] [INFO] |  local epoch  : 3, acc 0.299
[2024-01-16 18:54:22] [INFO] |  local epoch  : 4, acc 0.296
[2024-01-16 18:54:22] [INFO]  ---client 7
[2024-01-16 18:54:23] [INFO] |  local epoch  : 0, acc 0.104
[2024-01-16 18:54:23] [INFO] |  local epoch  : 1, acc 0.115
[2024-01-16 18:54:23] [INFO] |  local epoch  : 2, acc 0.230
[2024-01-16 18:54:24] [INFO] |  local epoch  : 3, acc 0.264
[2024-01-16 18:54:24] [INFO] |  local epoch  : 4, acc 0.328
[2024-01-16 18:54:24] [INFO]  ---client 8
[2024-01-16 18:54:24] [INFO] |  local epoch  : 0, acc 0.103
[2024-01-16 18:54:25] [INFO] |  local epoch  : 1, acc 0.117
[2024-01-16 18:54:25] [INFO] |  local epoch  : 2, acc 0.219
[2024-01-16 18:54:25] [INFO] |  local epoch  : 3, acc 0.319
[2024-01-16 18:54:26] [INFO] |  local epoch  : 4, acc 0.244
[2024-01-16 18:54:26] [INFO] |servers comunicated: 0, server aggregated: 0, acc_server 2: 0.345.
[2024-01-16 18:54:26] [INFO] --------------------------------------------------
[2024-01-16 18:54:26] [INFO]  |epoch_client_commu: 1/5
[2024-01-16 18:54:26] [INFO]   |server: 0
[2024-01-16 18:54:26] [INFO]  ---client 0
[2024-01-16 18:54:26] [INFO] |  local epoch  : 0, acc 0.301
[2024-01-16 18:54:26] [INFO] |  local epoch  : 1, acc 0.303
[2024-01-16 18:54:27] [INFO] |  local epoch  : 2, acc 0.305
[2024-01-16 18:54:27] [INFO] |  local epoch  : 3, acc 0.307
[2024-01-16 18:54:27] [INFO] |  local epoch  : 4, acc 0.306
[2024-01-16 18:54:27] [INFO]  ---client 1
[2024-01-16 18:54:28] [INFO] |  local epoch  : 0, acc 0.297
[2024-01-16 18:54:28] [INFO] |  local epoch  : 1, acc 0.304
[2024-01-16 18:54:28] [INFO] |  local epoch  : 2, acc 0.306
[2024-01-16 18:54:29] [INFO] |  local epoch  : 3, acc 0.305
[2024-01-16 18:54:29] [INFO] |  local epoch  : 4, acc 0.307
[2024-01-16 18:54:29] [INFO]  ---client 2
[2024-01-16 18:54:29] [INFO] |  local epoch  : 0, acc 0.285
[2024-01-16 18:54:30] [INFO] |  local epoch  : 1, acc 0.299
[2024-01-16 18:54:30] [INFO] |  local epoch  : 2, acc 0.301
[2024-01-16 18:54:30] [INFO] |  local epoch  : 3, acc 0.304
[2024-01-16 18:54:31] [INFO] |  local epoch  : 4, acc 0.307
[2024-01-16 18:54:31] [INFO] |servers comunicated: 0, server aggregated: 1, acc_server 0: 0.308.
[2024-01-16 18:54:31] [INFO] --------------------------------------------------
[2024-01-16 18:54:31] [INFO]   |server: 1
[2024-01-16 18:54:31] [INFO]  ---client 3
[2024-01-16 18:54:31] [INFO] |  local epoch  : 0, acc 0.264
[2024-01-16 18:54:31] [INFO] |  local epoch  : 1, acc 0.266
[2024-01-16 18:54:32] [INFO] |  local epoch  : 2, acc 0.264
[2024-01-16 18:54:32] [INFO] |  local epoch  : 3, acc 0.267
[2024-01-16 18:54:32] [INFO] |  local epoch  : 4, acc 0.268
[2024-01-16 18:54:32] [INFO]  ---client 4
[2024-01-16 18:54:33] [INFO] |  local epoch  : 0, acc 0.262
[2024-01-16 18:54:33] [INFO] |  local epoch  : 1, acc 0.262
[2024-01-16 18:54:33] [INFO] |  local epoch  : 2, acc 0.260
[2024-01-16 18:54:34] [INFO] |  local epoch  : 3, acc 0.267
[2024-01-16 18:54:34] [INFO] |  local epoch  : 4, acc 0.267
[2024-01-16 18:54:34] [INFO]  ---client 5
[2024-01-16 18:54:34] [INFO] |  local epoch  : 0, acc 0.248
[2024-01-16 18:54:35] [INFO] |  local epoch  : 1, acc 0.264
[2024-01-16 18:54:35] [INFO] |  local epoch  : 2, acc 0.263
[2024-01-16 18:54:35] [INFO] |  local epoch  : 3, acc 0.265
[2024-01-16 18:54:35] [INFO] |  local epoch  : 4, acc 0.267
[2024-01-16 18:54:36] [INFO] |servers comunicated: 0, server aggregated: 1, acc_server 1: 0.269.
[2024-01-16 18:54:36] [INFO] --------------------------------------------------
[2024-01-16 18:54:36] [INFO]   |server: 2
[2024-01-16 18:54:36] [INFO]  ---client 6
[2024-01-16 18:54:36] [INFO] |  local epoch  : 0, acc 0.315
[2024-01-16 18:54:36] [INFO] |  local epoch  : 1, acc 0.344
[2024-01-16 18:54:37] [INFO] |  local epoch  : 2, acc 0.334
[2024-01-16 18:54:37] [INFO] |  local epoch  : 3, acc 0.339
[2024-01-16 18:54:37] [INFO] |  local epoch  : 4, acc 0.350
[2024-01-16 18:54:37] [INFO]  ---client 7
[2024-01-16 18:54:38] [INFO] |  local epoch  : 0, acc 0.338
[2024-01-16 18:54:38] [INFO] |  local epoch  : 1, acc 0.340
[2024-01-16 18:54:38] [INFO] |  local epoch  : 2, acc 0.354
[2024-01-16 18:54:39] [INFO] |  local epoch  : 3, acc 0.360
[2024-01-16 18:54:39] [INFO] |  local epoch  : 4, acc 0.357
[2024-01-16 18:54:39] [INFO]  ---client 8
[2024-01-16 18:54:39] [INFO] |  local epoch  : 0, acc 0.351
[2024-01-16 18:54:40] [INFO] |  local epoch  : 1, acc 0.336
[2024-01-16 18:54:40] [INFO] |  local epoch  : 2, acc 0.353
[2024-01-16 18:54:40] [INFO] |  local epoch  : 3, acc 0.350
[2024-01-16 18:54:40] [INFO] |  local epoch  : 4, acc 0.350
[2024-01-16 18:54:41] [INFO] |servers comunicated: 0, server aggregated: 1, acc_server 2: 0.359.
[2024-01-16 18:54:41] [INFO] --------------------------------------------------
[2024-01-16 18:54:41] [INFO]  |epoch_client_commu: 2/5
[2024-01-16 18:54:41] [INFO]   |server: 0
[2024-01-16 18:54:41] [INFO]  ---client 0
[2024-01-16 18:54:41] [INFO] |  local epoch  : 0, acc 0.306
[2024-01-16 18:54:41] [INFO] |  local epoch  : 1, acc 0.308
[2024-01-16 18:54:42] [INFO] |  local epoch  : 2, acc 0.309
[2024-01-16 18:54:42] [INFO] |  local epoch  : 3, acc 0.310
[2024-01-16 18:54:42] [INFO] |  local epoch  : 4, acc 0.310
[2024-01-16 18:54:42] [INFO]  ---client 1
[2024-01-16 18:54:43] [INFO] |  local epoch  : 0, acc 0.308
[2024-01-16 18:54:43] [INFO] |  local epoch  : 1, acc 0.309
[2024-01-16 18:54:43] [INFO] |  local epoch  : 2, acc 0.307
[2024-01-16 18:54:43] [INFO] |  local epoch  : 3, acc 0.309
[2024-01-16 18:54:44] [INFO] |  local epoch  : 4, acc 0.310
[2024-01-16 18:54:44] [INFO]  ---client 2
[2024-01-16 18:54:44] [INFO] |  local epoch  : 0, acc 0.307
[2024-01-16 18:54:44] [INFO] |  local epoch  : 1, acc 0.309
[2024-01-16 18:54:45] [INFO] |  local epoch  : 2, acc 0.306
[2024-01-16 18:54:45] [INFO] |  local epoch  : 3, acc 0.308
[2024-01-16 18:54:45] [INFO] |  local epoch  : 4, acc 0.309
[2024-01-16 18:54:46] [INFO] |servers comunicated: 0, server aggregated: 2, acc_server 0: 0.310.
[2024-01-16 18:54:46] [INFO] --------------------------------------------------
[2024-01-16 18:54:46] [INFO]   |server: 1
[2024-01-16 18:54:46] [INFO]  ---client 3
[2024-01-16 18:54:46] [INFO] |  local epoch  : 0, acc 0.265
[2024-01-16 18:54:46] [INFO] |  local epoch  : 1, acc 0.269
[2024-01-16 18:54:46] [INFO] |  local epoch  : 2, acc 0.270
[2024-01-16 18:54:47] [INFO] |  local epoch  : 3, acc 0.271
[2024-01-16 18:54:47] [INFO] |  local epoch  : 4, acc 0.272
[2024-01-16 18:54:47] [INFO]  ---client 4
[2024-01-16 18:54:47] [INFO] |  local epoch  : 0, acc 0.266
[2024-01-16 18:54:48] [INFO] |  local epoch  : 1, acc 0.269
[2024-01-16 18:54:48] [INFO] |  local epoch  : 2, acc 0.270
[2024-01-16 18:54:48] [INFO] |  local epoch  : 3, acc 0.268
[2024-01-16 18:54:49] [INFO] |  local epoch  : 4, acc 0.271
[2024-01-16 18:54:49] [INFO]  ---client 5
[2024-01-16 18:54:49] [INFO] |  local epoch  : 0, acc 0.266
[2024-01-16 18:54:49] [INFO] |  local epoch  : 1, acc 0.266
[2024-01-16 18:54:50] [INFO] |  local epoch  : 2, acc 0.269
[2024-01-16 18:54:50] [INFO] |  local epoch  : 3, acc 0.271
[2024-01-16 18:54:50] [INFO] |  local epoch  : 4, acc 0.271
[2024-01-16 18:54:50] [INFO] |servers comunicated: 0, server aggregated: 2, acc_server 1: 0.272.
[2024-01-16 18:54:50] [INFO] --------------------------------------------------
[2024-01-16 18:54:50] [INFO]   |server: 2
[2024-01-16 18:54:50] [INFO]  ---client 6
[2024-01-16 18:54:51] [INFO] |  local epoch  : 0, acc 0.353
[2024-01-16 18:54:51] [INFO] |  local epoch  : 1, acc 0.356
[2024-01-16 18:54:51] [INFO] |  local epoch  : 2, acc 0.359
[2024-01-16 18:54:52] [INFO] |  local epoch  : 3, acc 0.366
[2024-01-16 18:54:52] [INFO] |  local epoch  : 4, acc 0.368
[2024-01-16 18:54:52] [INFO]  ---client 7
[2024-01-16 18:54:52] [INFO] |  local epoch  : 0, acc 0.358
[2024-01-16 18:54:53] [INFO] |  local epoch  : 1, acc 0.364
[2024-01-16 18:54:53] [INFO] |  local epoch  : 2, acc 0.359
[2024-01-16 18:54:53] [INFO] |  local epoch  : 3, acc 0.366
[2024-01-16 18:54:54] [INFO] |  local epoch  : 4, acc 0.367
[2024-01-16 18:54:54] [INFO]  ---client 8
[2024-01-16 18:54:54] [INFO] |  local epoch  : 0, acc 0.364
[2024-01-16 18:54:54] [INFO] |  local epoch  : 1, acc 0.363
[2024-01-16 18:54:55] [INFO] |  local epoch  : 2, acc 0.363
[2024-01-16 18:54:55] [INFO] |  local epoch  : 3, acc 0.356
[2024-01-16 18:54:55] [INFO] |  local epoch  : 4, acc 0.363
[2024-01-16 18:54:55] [INFO] |servers comunicated: 0, server aggregated: 2, acc_server 2: 0.368.
[2024-01-16 18:54:55] [INFO] --------------------------------------------------
[2024-01-16 18:54:55] [INFO]  |epoch_client_commu: 3/5
[2024-01-16 18:54:55] [INFO]   |server: 0
[2024-01-16 18:54:55] [INFO]  ---client 0
[2024-01-16 18:54:56] [INFO] |  local epoch  : 0, acc 0.310
[2024-01-16 18:54:56] [INFO] |  local epoch  : 1, acc 0.309
[2024-01-16 18:54:56] [INFO] |  local epoch  : 2, acc 0.311
[2024-01-16 18:54:57] [INFO] |  local epoch  : 3, acc 0.311
[2024-01-16 18:54:57] [INFO] |  local epoch  : 4, acc 0.310
[2024-01-16 18:54:57] [INFO]  ---client 1
[2024-01-16 18:54:57] [INFO] |  local epoch  : 0, acc 0.310
[2024-01-16 18:54:58] [INFO] |  local epoch  : 1, acc 0.308
[2024-01-16 18:54:58] [INFO] |  local epoch  : 2, acc 0.309
[2024-01-16 18:54:58] [INFO] |  local epoch  : 3, acc 0.310
[2024-01-16 18:54:59] [INFO] |  local epoch  : 4, acc 0.311
[2024-01-16 18:54:59] [INFO]  ---client 2
[2024-01-16 18:54:59] [INFO] |  local epoch  : 0, acc 0.307
[2024-01-16 18:54:59] [INFO] |  local epoch  : 1, acc 0.310
[2024-01-16 18:55:00] [INFO] |  local epoch  : 2, acc 0.309
[2024-01-16 18:55:00] [INFO] |  local epoch  : 3, acc 0.307
[2024-01-16 18:55:00] [INFO] |  local epoch  : 4, acc 0.306
[2024-01-16 18:55:00] [INFO] |servers comunicated: 0, server aggregated: 3, acc_server 0: 0.310.
[2024-01-16 18:55:00] [INFO] --------------------------------------------------
[2024-01-16 18:55:00] [INFO]   |server: 1
[2024-01-16 18:55:00] [INFO]  ---client 3
[2024-01-16 18:55:01] [INFO] |  local epoch  : 0, acc 0.271
[2024-01-16 18:55:01] [INFO] |  local epoch  : 1, acc 0.273
[2024-01-16 18:55:01] [INFO] |  local epoch  : 2, acc 0.272
[2024-01-16 18:55:02] [INFO] |  local epoch  : 3, acc 0.273
[2024-01-16 18:55:02] [INFO] |  local epoch  : 4, acc 0.273
[2024-01-16 18:55:02] [INFO]  ---client 4
[2024-01-16 18:55:02] [INFO] |  local epoch  : 0, acc 0.270
[2024-01-16 18:55:03] [INFO] |  local epoch  : 1, acc 0.274
[2024-01-16 18:55:03] [INFO] |  local epoch  : 2, acc 0.271
[2024-01-16 18:55:03] [INFO] |  local epoch  : 3, acc 0.273
[2024-01-16 18:55:04] [INFO] |  local epoch  : 4, acc 0.274
[2024-01-16 18:55:04] [INFO]  ---client 5
[2024-01-16 18:55:04] [INFO] |  local epoch  : 0, acc 0.271
[2024-01-16 18:55:04] [INFO] |  local epoch  : 1, acc 0.274
[2024-01-16 18:55:05] [INFO] |  local epoch  : 2, acc 0.272
[2024-01-16 18:55:05] [INFO] |  local epoch  : 3, acc 0.271
[2024-01-16 18:55:05] [INFO] |  local epoch  : 4, acc 0.274
[2024-01-16 18:55:05] [INFO] |servers comunicated: 0, server aggregated: 3, acc_server 1: 0.274.
[2024-01-16 18:55:05] [INFO] --------------------------------------------------
[2024-01-16 18:55:05] [INFO]   |server: 2
[2024-01-16 18:55:05] [INFO]  ---client 6
[2024-01-16 18:55:06] [INFO] |  local epoch  : 0, acc 0.370
[2024-01-16 18:55:06] [INFO] |  local epoch  : 1, acc 0.364
[2024-01-16 18:55:06] [INFO] |  local epoch  : 2, acc 0.365
[2024-01-16 18:55:07] [INFO] |  local epoch  : 3, acc 0.371
[2024-01-16 18:55:07] [INFO] |  local epoch  : 4, acc 0.369
[2024-01-16 18:55:07] [INFO]  ---client 7
[2024-01-16 18:55:07] [INFO] |  local epoch  : 0, acc 0.369
[2024-01-16 18:55:08] [INFO] |  local epoch  : 1, acc 0.362
[2024-01-16 18:55:08] [INFO] |  local epoch  : 2, acc 0.366
[2024-01-16 18:55:08] [INFO] |  local epoch  : 3, acc 0.370
[2024-01-16 18:55:09] [INFO] |  local epoch  : 4, acc 0.370
[2024-01-16 18:55:09] [INFO]  ---client 8
[2024-01-16 18:55:09] [INFO] |  local epoch  : 0, acc 0.368
[2024-01-16 18:55:09] [INFO] |  local epoch  : 1, acc 0.369
[2024-01-16 18:55:10] [INFO] |  local epoch  : 2, acc 0.369
[2024-01-16 18:55:10] [INFO] |  local epoch  : 3, acc 0.370
[2024-01-16 18:55:10] [INFO] |  local epoch  : 4, acc 0.371
[2024-01-16 18:55:10] [INFO] |servers comunicated: 0, server aggregated: 3, acc_server 2: 0.372.
[2024-01-16 18:55:10] [INFO] --------------------------------------------------
[2024-01-16 18:55:10] [INFO]  |epoch_client_commu: 4/5
[2024-01-16 18:55:10] [INFO]   |server: 0
[2024-01-16 18:55:10] [INFO]  ---client 0
[2024-01-16 18:55:11] [INFO] |  local epoch  : 0, acc 0.311
[2024-01-16 18:55:11] [INFO] |  local epoch  : 1, acc 0.310
[2024-01-16 18:55:11] [INFO] |  local epoch  : 2, acc 0.308
[2024-01-16 18:55:12] [INFO] |  local epoch  : 3, acc 0.311
[2024-01-16 18:55:12] [INFO] |  local epoch  : 4, acc 0.312
[2024-01-16 18:55:12] [INFO]  ---client 1
[2024-01-16 18:55:12] [INFO] |  local epoch  : 0, acc 0.309
[2024-01-16 18:55:13] [INFO] |  local epoch  : 1, acc 0.311
[2024-01-16 18:55:13] [INFO] |  local epoch  : 2, acc 0.311
[2024-01-16 18:55:13] [INFO] |  local epoch  : 3, acc 0.306
[2024-01-16 18:55:14] [INFO] |  local epoch  : 4, acc 0.311
[2024-01-16 18:55:14] [INFO]  ---client 2
[2024-01-16 18:55:14] [INFO] |  local epoch  : 0, acc 0.309
[2024-01-16 18:55:14] [INFO] |  local epoch  : 1, acc 0.304
[2024-01-16 18:55:14] [INFO] |  local epoch  : 2, acc 0.311
[2024-01-16 18:55:15] [INFO] |  local epoch  : 3, acc 0.310
[2024-01-16 18:55:15] [INFO] |  local epoch  : 4, acc 0.308
[2024-01-16 18:55:15] [INFO] |servers comunicated: 0, server aggregated: 4, acc_server 0: 0.311.
[2024-01-16 18:55:15] [INFO] --------------------------------------------------
[2024-01-16 18:55:15] [INFO]   |server: 1
[2024-01-16 18:55:15] [INFO]  ---client 3
[2024-01-16 18:55:16] [INFO] |  local epoch  : 0, acc 0.274
[2024-01-16 18:55:16] [INFO] |  local epoch  : 1, acc 0.270
[2024-01-16 18:55:16] [INFO] |  local epoch  : 2, acc 0.274
[2024-01-16 18:55:17] [INFO] |  local epoch  : 3, acc 0.274
[2024-01-16 18:55:17] [INFO] |  local epoch  : 4, acc 0.275
[2024-01-16 18:55:17] [INFO]  ---client 4
[2024-01-16 18:55:17] [INFO] |  local epoch  : 0, acc 0.270
[2024-01-16 18:55:18] [INFO] |  local epoch  : 1, acc 0.274
[2024-01-16 18:55:18] [INFO] |  local epoch  : 2, acc 0.269
[2024-01-16 18:55:18] [INFO] |  local epoch  : 3, acc 0.273
[2024-01-16 18:55:18] [INFO] |  local epoch  : 4, acc 0.274
[2024-01-16 18:55:18] [INFO]  ---client 5
[2024-01-16 18:55:19] [INFO] |  local epoch  : 0, acc 0.271
[2024-01-16 18:55:19] [INFO] |  local epoch  : 1, acc 0.275
[2024-01-16 18:55:19] [INFO] |  local epoch  : 2, acc 0.273
[2024-01-16 18:55:20] [INFO] |  local epoch  : 3, acc 0.275
[2024-01-16 18:55:20] [INFO] |  local epoch  : 4, acc 0.274
[2024-01-16 18:55:20] [INFO] |servers comunicated: 0, server aggregated: 4, acc_server 1: 0.275.
[2024-01-16 18:55:20] [INFO] --------------------------------------------------
[2024-01-16 18:55:20] [INFO]   |server: 2
[2024-01-16 18:55:20] [INFO]  ---client 6
[2024-01-16 18:55:21] [INFO] |  local epoch  : 0, acc 0.372
[2024-01-16 18:55:21] [INFO] |  local epoch  : 1, acc 0.373
[2024-01-16 18:55:21] [INFO] |  local epoch  : 2, acc 0.373
[2024-01-16 18:55:22] [INFO] |  local epoch  : 3, acc 0.372
[2024-01-16 18:55:22] [INFO] |  local epoch  : 4, acc 0.373
[2024-01-16 18:55:22] [INFO]  ---client 7
[2024-01-16 18:55:22] [INFO] |  local epoch  : 0, acc 0.371
[2024-01-16 18:55:22] [INFO] |  local epoch  : 1, acc 0.371
[2024-01-16 18:55:23] [INFO] |  local epoch  : 2, acc 0.370
[2024-01-16 18:55:23] [INFO] |  local epoch  : 3, acc 0.372
[2024-01-16 18:55:23] [INFO] |  local epoch  : 4, acc 0.372
[2024-01-16 18:55:23] [INFO]  ---client 8
[2024-01-16 18:55:24] [INFO] |  local epoch  : 0, acc 0.366
[2024-01-16 18:55:24] [INFO] |  local epoch  : 1, acc 0.369
[2024-01-16 18:55:24] [INFO] |  local epoch  : 2, acc 0.371
[2024-01-16 18:55:25] [INFO] |  local epoch  : 3, acc 0.372
[2024-01-16 18:55:25] [INFO] |  local epoch  : 4, acc 0.374
[2024-01-16 18:55:25] [INFO] |servers comunicated: 0, server aggregated: 4, acc_server 2: 0.375.
[2024-01-16 18:55:25] [INFO] --------------------------------------------------
[2024-01-16 18:55:25] [INFO]      ********  servers comunicates  ********      
[2024-01-16 18:55:25] [INFO] --------------------------------------------------
[2024-01-16 18:55:25] [INFO] |epoch_server_commu: 1/50
[2024-01-16 18:55:25] [INFO]  |epoch_client_commu: 0/5
[2024-01-16 18:55:25] [INFO]   |server: 0
[2024-01-16 18:55:25] [INFO]  ---client 0
[2024-01-16 18:55:25] [INFO] |  local epoch  : 0, acc 0.312
[2024-01-16 18:55:26] [INFO] |  local epoch  : 1, acc 0.310
[2024-01-16 18:55:26] [INFO] |  local epoch  : 2, acc 0.312
[2024-01-16 18:55:27] [INFO] |  local epoch  : 3, acc 0.311
[2024-01-16 18:55:27] [INFO] |  local epoch  : 4, acc 0.312
[2024-01-16 18:55:28] [INFO] | distill epoch : 0, acc 0.311
