[2024-01-16 18:56:27] [INFO] device cuda is used.
[2024-01-16 18:56:27] [INFO] cudnn is actived.
[2024-01-16 18:56:27] [INFO] 
      alpha      :  0.5  
        T        :   6   
    algorithm    :   3   
num_server_commu :   2   
num_client_commu :   1   
num_client_train :   1   
num_public_train :   5   
   batch_size    :  160  
     dataset     : mnist 
  model_select   :   1   
 num_all_client  :   9   
 num_all_server  :   3   
 num_client_data : 1200  
 num_public_data :  50   
   proportion    :  0.8  
   num_workers   :   8   
[2024-01-16 18:56:30] [INFO] --------------------------------------------------
[2024-01-16 18:56:30] [INFO] |epoch_server_commu: 0/2
[2024-01-16 18:56:30] [INFO]  |epoch_client_commu: 0/1
[2024-01-16 18:56:30] [INFO]   |server: 0
[2024-01-16 18:56:30] [INFO]  ---client 0
[2024-01-16 18:56:31] [INFO] |  local epoch  : 0, acc 0.119
[2024-01-16 18:56:31] [INFO]  ---client 1
[2024-01-16 18:56:31] [INFO] |  local epoch  : 0, acc 0.115
[2024-01-16 18:56:31] [INFO]  ---client 2
[2024-01-16 18:56:31] [INFO] |  local epoch  : 0, acc 0.113
[2024-01-16 18:56:31] [INFO] |servers comunicated: 0, server aggregated: 0, acc_server 0: 0.114.
[2024-01-16 18:56:31] [INFO] --------------------------------------------------
[2024-01-16 18:56:31] [INFO]   |server: 1
[2024-01-16 18:56:31] [INFO]  ---client 3
[2024-01-16 18:56:32] [INFO] |  local epoch  : 0, acc 0.098
[2024-01-16 18:56:32] [INFO]  ---client 4
[2024-01-16 18:56:32] [INFO] |  local epoch  : 0, acc 0.098
[2024-01-16 18:56:32] [INFO]  ---client 5
[2024-01-16 18:56:32] [INFO] |  local epoch  : 0, acc 0.098
[2024-01-16 18:56:33] [INFO] |servers comunicated: 0, server aggregated: 0, acc_server 1: 0.098.
[2024-01-16 18:56:33] [INFO] --------------------------------------------------
[2024-01-16 18:56:33] [INFO]   |server: 2
[2024-01-16 18:56:33] [INFO]  ---client 6
[2024-01-16 18:56:33] [INFO] |  local epoch  : 0, acc 0.103
[2024-01-16 18:56:33] [INFO]  ---client 7
[2024-01-16 18:56:33] [INFO] |  local epoch  : 0, acc 0.103
[2024-01-16 18:56:33] [INFO]  ---client 8
[2024-01-16 18:56:34] [INFO] |  local epoch  : 0, acc 0.103
[2024-01-16 18:56:34] [INFO] |servers comunicated: 0, server aggregated: 0, acc_server 2: 0.103.
[2024-01-16 18:56:34] [INFO] --------------------------------------------------
[2024-01-16 18:56:34] [INFO]      ********  servers comunicates  ********      
[2024-01-16 18:56:34] [INFO] --------------------------------------------------
[2024-01-16 18:56:34] [INFO] |epoch_server_commu: 1/2
[2024-01-16 18:56:34] [INFO]  |epoch_client_commu: 0/1
[2024-01-16 18:56:34] [INFO]   |server: 0
[2024-01-16 18:56:34] [INFO]  ---client 0
[2024-01-16 18:56:34] [INFO] |  local epoch  : 0, acc 0.123
[2024-01-16 18:56:35] [INFO] | distill epoch : 0, acc 0.114
[2024-01-16 18:56:35] [INFO] | distill epoch : 1, acc 0.127
[2024-01-16 18:56:36] [INFO] | distill epoch : 2, acc 0.123
[2024-01-16 18:56:36] [INFO] | distill epoch : 3, acc 0.121
[2024-01-16 18:56:36] [INFO] | distill epoch : 4, acc 0.122
[2024-01-16 18:56:36] [INFO]  ---client 1
[2024-01-16 18:56:37] [INFO] |  local epoch  : 0, acc 0.131
[2024-01-16 18:56:37] [INFO] | distill epoch : 0, acc 0.137
[2024-01-16 18:56:37] [INFO] | distill epoch : 1, acc 0.122
[2024-01-16 18:56:38] [INFO] | distill epoch : 2, acc 0.123
[2024-01-16 18:56:38] [INFO] | distill epoch : 3, acc 0.131
[2024-01-16 18:56:39] [INFO] | distill epoch : 4, acc 0.131
[2024-01-16 18:56:39] [INFO]  ---client 2
[2024-01-16 18:56:39] [INFO] |  local epoch  : 0, acc 0.114
[2024-01-16 18:56:39] [INFO] | distill epoch : 0, acc 0.114
[2024-01-16 18:56:40] [INFO] | distill epoch : 1, acc 0.114
[2024-01-16 18:56:40] [INFO] | distill epoch : 2, acc 0.125
[2024-01-16 18:56:40] [INFO] | distill epoch : 3, acc 0.117
[2024-01-16 18:56:41] [INFO] | distill epoch : 4, acc 0.113
[2024-01-16 18:56:41] [INFO] |servers comunicated: 1, server aggregated: 0, acc_server 0: 0.116.
[2024-01-16 18:56:41] [INFO] --------------------------------------------------
[2024-01-16 18:56:41] [INFO]   |server: 1
[2024-01-16 18:56:41] [INFO]  ---client 3
[2024-01-16 18:56:41] [INFO] |  local epoch  : 0, acc 0.098
[2024-01-16 18:56:42] [INFO] | distill epoch : 0, acc 0.098
[2024-01-16 18:56:42] [INFO] | distill epoch : 1, acc 0.098
[2024-01-16 18:56:43] [INFO] | distill epoch : 2, acc 0.098
[2024-01-16 18:56:43] [INFO] | distill epoch : 3, acc 0.098
[2024-01-16 18:56:43] [INFO] | distill epoch : 4, acc 0.098
[2024-01-16 18:56:43] [INFO]  ---client 4
[2024-01-16 18:56:44] [INFO] |  local epoch  : 0, acc 0.098
[2024-01-16 18:56:44] [INFO] | distill epoch : 0, acc 0.098
[2024-01-16 18:56:44] [INFO] | distill epoch : 1, acc 0.098
[2024-01-16 18:56:45] [INFO] | distill epoch : 2, acc 0.098
[2024-01-16 18:56:45] [INFO] | distill epoch : 3, acc 0.098
[2024-01-16 18:56:46] [INFO] | distill epoch : 4, acc 0.098
[2024-01-16 18:56:46] [INFO]  ---client 5
[2024-01-16 18:56:46] [INFO] |  local epoch  : 0, acc 0.098
[2024-01-16 18:56:46] [INFO] | distill epoch : 0, acc 0.098
[2024-01-16 18:56:47] [INFO] | distill epoch : 1, acc 0.098
[2024-01-16 18:56:47] [INFO] | distill epoch : 2, acc 0.098
[2024-01-16 18:56:47] [INFO] | distill epoch : 3, acc 0.098
[2024-01-16 18:56:48] [INFO] | distill epoch : 4, acc 0.098
[2024-01-16 18:56:48] [INFO] |servers comunicated: 1, server aggregated: 0, acc_server 1: 0.098.
[2024-01-16 18:56:48] [INFO] --------------------------------------------------
[2024-01-16 18:56:48] [INFO]   |server: 2
[2024-01-16 18:56:48] [INFO]  ---client 6
[2024-01-16 18:56:48] [INFO] |  local epoch  : 0, acc 0.103
[2024-01-16 18:56:49] [INFO] | distill epoch : 0, acc 0.103
[2024-01-16 18:56:49] [INFO] | distill epoch : 1, acc 0.103
[2024-01-16 18:56:50] [INFO] | distill epoch : 2, acc 0.103
[2024-01-16 18:56:50] [INFO] | distill epoch : 3, acc 0.103
[2024-01-16 18:56:50] [INFO] | distill epoch : 4, acc 0.103
[2024-01-16 18:56:50] [INFO]  ---client 7
[2024-01-16 18:56:51] [INFO] |  local epoch  : 0, acc 0.103
[2024-01-16 18:56:51] [INFO] | distill epoch : 0, acc 0.103
[2024-01-16 18:56:52] [INFO] | distill epoch : 1, acc 0.103
[2024-01-16 18:56:52] [INFO] | distill epoch : 2, acc 0.103
[2024-01-16 18:56:52] [INFO] | distill epoch : 3, acc 0.103
[2024-01-16 18:56:53] [INFO] | distill epoch : 4, acc 0.103
[2024-01-16 18:56:53] [INFO]  ---client 8
[2024-01-16 18:56:53] [INFO] |  local epoch  : 0, acc 0.103
[2024-01-16 18:56:53] [INFO] | distill epoch : 0, acc 0.103
[2024-01-16 18:56:54] [INFO] | distill epoch : 1, acc 0.103
[2024-01-16 18:56:54] [INFO] | distill epoch : 2, acc 0.103
[2024-01-16 18:56:55] [INFO] | distill epoch : 3, acc 0.103
[2024-01-16 18:56:55] [INFO] | distill epoch : 4, acc 0.103
[2024-01-16 18:56:55] [INFO] |servers comunicated: 1, server aggregated: 0, acc_server 2: 0.103.
[2024-01-16 18:56:55] [INFO] --------------------------------------------------
[2024-01-16 18:56:55] [INFO]      ********  servers comunicates  ********      
[2024-01-16 18:56:55] [INFO] ./res/mnist_model_1_algo_3/alpha_0.5_T_6/server_commu_2_client_commu_1_client_train_1_batch_size_160_num_all_client_9_num_all_server_3_num_client_data_1200_num_public_data_50_proportion_0.8.pt
