[2024-01-16 19:49:22] [INFO] device cuda is used.
[2024-01-16 19:49:22] [INFO] cudnn is actived.
[2024-01-16 19:49:22] [INFO] 
      alpha      :  0.5  
        T        :   6   
    algorithm    :   3   
num_server_commu :   5   
num_client_commu :   5   
num_client_train :  10   
num_public_train :  10   
   batch_size    :  160  
     dataset     : mnist 
  model_select   :   1   
 num_all_client  :   9   
 num_all_server  :   3   
 num_client_data : 1200  
 num_public_data :  50   
   proportion    :  0.8  
   num_workers   :   8   
[2024-01-16 19:49:25] [INFO] --------------------------------------------------
[2024-01-16 19:49:25] [INFO] |epoch_server_commu: 0/5
[2024-01-16 19:49:25] [INFO]  |epoch_client_commu: 0/5
[2024-01-16 19:49:25] [INFO]   |server: 0
[2024-01-16 19:49:25] [INFO]  ---client 0
[2024-01-16 19:49:26] [INFO] |  local epoch  : 0, acc 0.103
[2024-01-16 19:49:26] [INFO] |  local epoch  : 1, acc 0.120
[2024-01-16 19:49:27] [INFO] |  local epoch  : 2, acc 0.188
[2024-01-16 19:49:27] [INFO] |  local epoch  : 3, acc 0.264
[2024-01-16 19:49:27] [INFO] |  local epoch  : 4, acc 0.299
[2024-01-16 19:49:28] [INFO] |  local epoch  : 5, acc 0.303
[2024-01-16 19:49:28] [INFO] |  local epoch  : 6, acc 0.303
[2024-01-16 19:49:28] [INFO] |  local epoch  : 7, acc 0.307
[2024-01-16 19:49:29] [INFO] |  local epoch  : 8, acc 0.307
[2024-01-16 19:49:29] [INFO] |  local epoch  : 9, acc 0.305
[2024-01-16 19:49:29] [INFO]  ---client 1
[2024-01-16 19:49:29] [INFO] |  local epoch  : 0, acc 0.122
[2024-01-16 19:49:30] [INFO] |  local epoch  : 1, acc 0.177
[2024-01-16 19:49:30] [INFO] |  local epoch  : 2, acc 0.126
[2024-01-16 19:49:31] [INFO] |  local epoch  : 3, acc 0.291
[2024-01-16 19:49:31] [INFO] |  local epoch  : 4, acc 0.285
[2024-01-16 19:49:31] [INFO] |  local epoch  : 5, acc 0.289
[2024-01-16 19:49:32] [INFO] |  local epoch  : 6, acc 0.305
[2024-01-16 19:49:32] [INFO] |  local epoch  : 7, acc 0.306
[2024-01-16 19:49:32] [INFO] |  local epoch  : 8, acc 0.306
[2024-01-16 19:49:33] [INFO] |  local epoch  : 9, acc 0.307
[2024-01-16 19:49:33] [INFO]  ---client 2
[2024-01-16 19:49:33] [INFO] |  local epoch  : 0, acc 0.103
[2024-01-16 19:49:33] [INFO] |  local epoch  : 1, acc 0.123
[2024-01-16 19:49:34] [INFO] |  local epoch  : 2, acc 0.187
[2024-01-16 19:49:34] [INFO] |  local epoch  : 3, acc 0.295
[2024-01-16 19:49:34] [INFO] |  local epoch  : 4, acc 0.298
[2024-01-16 19:49:35] [INFO] |  local epoch  : 5, acc 0.302
[2024-01-16 19:49:35] [INFO] |  local epoch  : 6, acc 0.305
[2024-01-16 19:49:35] [INFO] |  local epoch  : 7, acc 0.305
[2024-01-16 19:49:36] [INFO] |  local epoch  : 8, acc 0.306
[2024-01-16 19:49:36] [INFO] |  local epoch  : 9, acc 0.307
[2024-01-16 19:49:36] [INFO] |servers comunicated: 0, server aggregated: 0, acc_server 0: 0.309.
[2024-01-16 19:49:36] [INFO] --------------------------------------------------
[2024-01-16 19:49:36] [INFO]   |server: 1
[2024-01-16 19:49:36] [INFO]  ---client 3
[2024-01-16 19:49:37] [INFO] |  local epoch  : 0, acc 0.089
[2024-01-16 19:49:37] [INFO] |  local epoch  : 1, acc 0.089
[2024-01-16 19:49:37] [INFO] |  local epoch  : 2, acc 0.090
[2024-01-16 19:49:38] [INFO] |  local epoch  : 3, acc 0.216
[2024-01-16 19:49:38] [INFO] |  local epoch  : 4, acc 0.200
[2024-01-16 19:49:39] [INFO] |  local epoch  : 5, acc 0.233
[2024-01-16 19:49:39] [INFO] |  local epoch  : 6, acc 0.244
[2024-01-16 19:49:39] [INFO] |  local epoch  : 7, acc 0.259
[2024-01-16 19:49:40] [INFO] |  local epoch  : 8, acc 0.252
[2024-01-16 19:49:40] [INFO] |  local epoch  : 9, acc 0.255
[2024-01-16 19:49:40] [INFO]  ---client 4
[2024-01-16 19:49:40] [INFO] |  local epoch  : 0, acc 0.089
[2024-01-16 19:49:41] [INFO] |  local epoch  : 1, acc 0.089
[2024-01-16 19:49:41] [INFO] |  local epoch  : 2, acc 0.102
[2024-01-16 19:49:41] [INFO] |  local epoch  : 3, acc 0.196
[2024-01-16 19:49:42] [INFO] |  local epoch  : 4, acc 0.224
[2024-01-16 19:49:42] [INFO] |  local epoch  : 5, acc 0.237
[2024-01-16 19:49:42] [INFO] |  local epoch  : 6, acc 0.255
[2024-01-16 19:49:43] [INFO] |  local epoch  : 7, acc 0.261
[2024-01-16 19:49:43] [INFO] |  local epoch  : 8, acc 0.264
[2024-01-16 19:49:43] [INFO] |  local epoch  : 9, acc 0.264
[2024-01-16 19:49:43] [INFO]  ---client 5
[2024-01-16 19:49:44] [INFO] |  local epoch  : 0, acc 0.089
[2024-01-16 19:49:44] [INFO] |  local epoch  : 1, acc 0.089
[2024-01-16 19:49:45] [INFO] |  local epoch  : 2, acc 0.094
[2024-01-16 19:49:45] [INFO] |  local epoch  : 3, acc 0.206
[2024-01-16 19:49:45] [INFO] |  local epoch  : 4, acc 0.227
[2024-01-16 19:49:46] [INFO] |  local epoch  : 5, acc 0.235
[2024-01-16 19:49:46] [INFO] |  local epoch  : 6, acc 0.257
[2024-01-16 19:49:46] [INFO] |  local epoch  : 7, acc 0.264
[2024-01-16 19:49:47] [INFO] |  local epoch  : 8, acc 0.261
[2024-01-16 19:49:47] [INFO] |  local epoch  : 9, acc 0.263
[2024-01-16 19:49:47] [INFO] |servers comunicated: 0, server aggregated: 0, acc_server 1: 0.266.
[2024-01-16 19:49:47] [INFO] --------------------------------------------------
[2024-01-16 19:49:47] [INFO]   |server: 2
[2024-01-16 19:49:47] [INFO]  ---client 6
[2024-01-16 19:49:48] [INFO] |  local epoch  : 0, acc 0.097
[2024-01-16 19:49:48] [INFO] |  local epoch  : 1, acc 0.097
[2024-01-16 19:49:48] [INFO] |  local epoch  : 2, acc 0.097
[2024-01-16 19:49:49] [INFO] |  local epoch  : 3, acc 0.168
[2024-01-16 19:49:49] [INFO] |  local epoch  : 4, acc 0.295
[2024-01-16 19:49:49] [INFO] |  local epoch  : 5, acc 0.297
[2024-01-16 19:49:50] [INFO] |  local epoch  : 6, acc 0.325
[2024-01-16 19:49:50] [INFO] |  local epoch  : 7, acc 0.334
[2024-01-16 19:49:50] [INFO] |  local epoch  : 8, acc 0.342
[2024-01-16 19:49:51] [INFO] |  local epoch  : 9, acc 0.335
[2024-01-16 19:49:51] [INFO]  ---client 7
[2024-01-16 19:49:51] [INFO] |  local epoch  : 0, acc 0.097
[2024-01-16 19:49:51] [INFO] |  local epoch  : 1, acc 0.097
[2024-01-16 19:49:52] [INFO] |  local epoch  : 2, acc 0.151
[2024-01-16 19:49:52] [INFO] |  local epoch  : 3, acc 0.240
[2024-01-16 19:49:53] [INFO] |  local epoch  : 4, acc 0.288
[2024-01-16 19:49:53] [INFO] |  local epoch  : 5, acc 0.308
[2024-01-16 19:49:53] [INFO] |  local epoch  : 6, acc 0.334
[2024-01-16 19:49:54] [INFO] |  local epoch  : 7, acc 0.347
[2024-01-16 19:49:54] [INFO] |  local epoch  : 8, acc 0.345
[2024-01-16 19:49:54] [INFO] |  local epoch  : 9, acc 0.343
[2024-01-16 19:49:54] [INFO]  ---client 8
[2024-01-16 19:49:55] [INFO] |  local epoch  : 0, acc 0.097
[2024-01-16 19:49:55] [INFO] |  local epoch  : 1, acc 0.097
[2024-01-16 19:49:55] [INFO] |  local epoch  : 2, acc 0.151
[2024-01-16 19:49:56] [INFO] |  local epoch  : 3, acc 0.304
[2024-01-16 19:49:56] [INFO] |  local epoch  : 4, acc 0.270
[2024-01-16 19:49:56] [INFO] |  local epoch  : 5, acc 0.315
[2024-01-16 19:49:57] [INFO] |  local epoch  : 6, acc 0.329
[2024-01-16 19:49:57] [INFO] |  local epoch  : 7, acc 0.339
[2024-01-16 19:49:58] [INFO] |  local epoch  : 8, acc 0.341
[2024-01-16 19:49:58] [INFO] |  local epoch  : 9, acc 0.350
[2024-01-16 19:49:58] [INFO] |servers comunicated: 0, server aggregated: 0, acc_server 2: 0.354.
[2024-01-16 19:49:58] [INFO] --------------------------------------------------
[2024-01-16 19:49:58] [INFO]  |epoch_client_commu: 1/5
[2024-01-16 19:49:58] [INFO]   |server: 0
[2024-01-16 19:49:58] [INFO]  ---client 0
[2024-01-16 19:49:58] [INFO] |  local epoch  : 0, acc 0.307
[2024-01-16 19:49:59] [INFO] |  local epoch  : 1, acc 0.310
[2024-01-16 19:49:59] [INFO] |  local epoch  : 2, acc 0.310
[2024-01-16 19:50:00] [INFO] |  local epoch  : 3, acc 0.311
[2024-01-16 19:50:00] [INFO] |  local epoch  : 4, acc 0.311
[2024-01-16 19:50:00] [INFO] |  local epoch  : 5, acc 0.311
[2024-01-16 19:50:01] [INFO] |  local epoch  : 6, acc 0.310
[2024-01-16 19:50:01] [INFO] |  local epoch  : 7, acc 0.310
[2024-01-16 19:50:01] [INFO] |  local epoch  : 8, acc 0.311
[2024-01-16 19:50:02] [INFO] |  local epoch  : 9, acc 0.310
[2024-01-16 19:50:02] [INFO]  ---client 1
[2024-01-16 19:50:02] [INFO] |  local epoch  : 0, acc 0.308
[2024-01-16 19:50:02] [INFO] |  local epoch  : 1, acc 0.307
[2024-01-16 19:50:03] [INFO] |  local epoch  : 2, acc 0.310
[2024-01-16 19:50:03] [INFO] |  local epoch  : 3, acc 0.309
[2024-01-16 19:50:03] [INFO] |  local epoch  : 4, acc 0.310
[2024-01-16 19:50:04] [INFO] |  local epoch  : 5, acc 0.310
[2024-01-16 19:50:04] [INFO] |  local epoch  : 6, acc 0.308
[2024-01-16 19:50:05] [INFO] |  local epoch  : 7, acc 0.309
[2024-01-16 19:50:05] [INFO] |  local epoch  : 8, acc 0.310
[2024-01-16 19:50:05] [INFO] |  local epoch  : 9, acc 0.309
[2024-01-16 19:50:05] [INFO]  ---client 2
[2024-01-16 19:50:06] [INFO] |  local epoch  : 0, acc 0.308
[2024-01-16 19:50:06] [INFO] |  local epoch  : 1, acc 0.304
[2024-01-16 19:50:06] [INFO] |  local epoch  : 2, acc 0.307
[2024-01-16 19:50:07] [INFO] |  local epoch  : 3, acc 0.308
[2024-01-16 19:50:07] [INFO] |  local epoch  : 4, acc 0.308
[2024-01-16 19:50:08] [INFO] |  local epoch  : 5, acc 0.310
[2024-01-16 19:50:08] [INFO] |  local epoch  : 6, acc 0.310
[2024-01-16 19:50:08] [INFO] |  local epoch  : 7, acc 0.310
[2024-01-16 19:50:09] [INFO] |  local epoch  : 8, acc 0.310
[2024-01-16 19:50:09] [INFO] |  local epoch  : 9, acc 0.310
[2024-01-16 19:50:09] [INFO] |servers comunicated: 0, server aggregated: 1, acc_server 0: 0.311.
[2024-01-16 19:50:09] [INFO] --------------------------------------------------
[2024-01-16 19:50:09] [INFO]   |server: 1
[2024-01-16 19:50:09] [INFO]  ---client 3
[2024-01-16 19:50:09] [INFO] |  local epoch  : 0, acc 0.252
[2024-01-16 19:50:10] [INFO] |  local epoch  : 1, acc 0.266
[2024-01-16 19:50:10] [INFO] |  local epoch  : 2, acc 0.268
[2024-01-16 19:50:11] [INFO] |  local epoch  : 3, acc 0.269
[2024-01-16 19:50:11] [INFO] |  local epoch  : 4, acc 0.265
[2024-01-16 19:50:11] [INFO] |  local epoch  : 5, acc 0.269
[2024-01-16 19:50:12] [INFO] |  local epoch  : 6, acc 0.268
[2024-01-16 19:50:12] [INFO] |  local epoch  : 7, acc 0.267
[2024-01-16 19:50:12] [INFO] |  local epoch  : 8, acc 0.270
[2024-01-16 19:50:13] [INFO] |  local epoch  : 9, acc 0.268
[2024-01-16 19:50:13] [INFO]  ---client 4
[2024-01-16 19:50:13] [INFO] |  local epoch  : 0, acc 0.263
[2024-01-16 19:50:13] [INFO] |  local epoch  : 1, acc 0.263
[2024-01-16 19:50:14] [INFO] |  local epoch  : 2, acc 0.269
[2024-01-16 19:50:14] [INFO] |  local epoch  : 3, acc 0.267
[2024-01-16 19:50:14] [INFO] |  local epoch  : 4, acc 0.269
[2024-01-16 19:50:15] [INFO] |  local epoch  : 5, acc 0.270
[2024-01-16 19:50:15] [INFO] |  local epoch  : 6, acc 0.270
[2024-01-16 19:50:16] [INFO] |  local epoch  : 7, acc 0.271
[2024-01-16 19:50:16] [INFO] |  local epoch  : 8, acc 0.270
[2024-01-16 19:50:16] [INFO] |  local epoch  : 9, acc 0.271
[2024-01-16 19:50:16] [INFO]  ---client 5
[2024-01-16 19:50:17] [INFO] |  local epoch  : 0, acc 0.262
[2024-01-16 19:50:17] [INFO] |  local epoch  : 1, acc 0.268
[2024-01-16 19:50:17] [INFO] |  local epoch  : 2, acc 0.269
[2024-01-16 19:50:18] [INFO] |  local epoch  : 3, acc 0.269
[2024-01-16 19:50:18] [INFO] |  local epoch  : 4, acc 0.268
[2024-01-16 19:50:18] [INFO] |  local epoch  : 5, acc 0.271
[2024-01-16 19:50:19] [INFO] |  local epoch  : 6, acc 0.267
[2024-01-16 19:50:19] [INFO] |  local epoch  : 7, acc 0.271
[2024-01-16 19:50:19] [INFO] |  local epoch  : 8, acc 0.272
[2024-01-16 19:50:20] [INFO] |  local epoch  : 9, acc 0.271
[2024-01-16 19:50:20] [INFO] |servers comunicated: 0, server aggregated: 1, acc_server 1: 0.271.
[2024-01-16 19:50:20] [INFO] --------------------------------------------------
[2024-01-16 19:50:20] [INFO]   |server: 2
[2024-01-16 19:50:20] [INFO]  ---client 6
[2024-01-16 19:50:20] [INFO] |  local epoch  : 0, acc 0.357
[2024-01-16 19:50:21] [INFO] |  local epoch  : 1, acc 0.359
[2024-01-16 19:50:21] [INFO] |  local epoch  : 2, acc 0.361
[2024-01-16 19:50:21] [INFO] |  local epoch  : 3, acc 0.359
[2024-01-16 19:50:22] [INFO] |  local epoch  : 4, acc 0.361
[2024-01-16 19:50:22] [INFO] |  local epoch  : 5, acc 0.364
[2024-01-16 19:50:22] [INFO] |  local epoch  : 6, acc 0.364
[2024-01-16 19:50:23] [INFO] |  local epoch  : 7, acc 0.364
[2024-01-16 19:50:23] [INFO] |  local epoch  : 8, acc 0.361
[2024-01-16 19:50:24] [INFO] |  local epoch  : 9, acc 0.368
[2024-01-16 19:50:24] [INFO]  ---client 7
[2024-01-16 19:50:24] [INFO] |  local epoch  : 0, acc 0.346
[2024-01-16 19:50:24] [INFO] |  local epoch  : 1, acc 0.358
[2024-01-16 19:50:25] [INFO] |  local epoch  : 2, acc 0.362
[2024-01-16 19:50:25] [INFO] |  local epoch  : 3, acc 0.363
[2024-01-16 19:50:25] [INFO] |  local epoch  : 4, acc 0.362
[2024-01-16 19:50:26] [INFO] |  local epoch  : 5, acc 0.367
[2024-01-16 19:50:26] [INFO] |  local epoch  : 6, acc 0.364
[2024-01-16 19:50:26] [INFO] |  local epoch  : 7, acc 0.368
[2024-01-16 19:50:27] [INFO] |  local epoch  : 8, acc 0.369
[2024-01-16 19:50:27] [INFO] |  local epoch  : 9, acc 0.371
[2024-01-16 19:50:27] [INFO]  ---client 8
[2024-01-16 19:50:27] [INFO] |  local epoch  : 0, acc 0.360
[2024-01-16 19:50:28] [INFO] |  local epoch  : 1, acc 0.351
[2024-01-16 19:50:28] [INFO] |  local epoch  : 2, acc 0.358
[2024-01-16 19:50:29] [INFO] |  local epoch  : 3, acc 0.355
[2024-01-16 19:50:29] [INFO] |  local epoch  : 4, acc 0.363
[2024-01-16 19:50:29] [INFO] |  local epoch  : 5, acc 0.366
[2024-01-16 19:50:30] [INFO] |  local epoch  : 6, acc 0.367
[2024-01-16 19:50:30] [INFO] |  local epoch  : 7, acc 0.367
[2024-01-16 19:50:30] [INFO] |  local epoch  : 8, acc 0.370
[2024-01-16 19:50:31] [INFO] |  local epoch  : 9, acc 0.369
[2024-01-16 19:50:31] [INFO] |servers comunicated: 0, server aggregated: 1, acc_server 2: 0.370.
[2024-01-16 19:50:31] [INFO] --------------------------------------------------
[2024-01-16 19:50:31] [INFO]  |epoch_client_commu: 2/5
[2024-01-16 19:50:31] [INFO]   |server: 0
[2024-01-16 19:50:31] [INFO]  ---client 0
[2024-01-16 19:50:31] [INFO] |  local epoch  : 0, acc 0.311
[2024-01-16 19:50:32] [INFO] |  local epoch  : 1, acc 0.310
[2024-01-16 19:50:32] [INFO] |  local epoch  : 2, acc 0.309
[2024-01-16 19:50:32] [INFO] |  local epoch  : 3, acc 0.312
[2024-01-16 19:50:33] [INFO] |  local epoch  : 4, acc 0.311
[2024-01-16 19:50:33] [INFO] |  local epoch  : 5, acc 0.311
[2024-01-16 19:50:33] [INFO] |  local epoch  : 6, acc 0.311
[2024-01-16 19:50:34] [INFO] |  local epoch  : 7, acc 0.312
[2024-01-16 19:50:34] [INFO] |  local epoch  : 8, acc 0.310
[2024-01-16 19:50:34] [INFO] |  local epoch  : 9, acc 0.311
[2024-01-16 19:50:34] [INFO]  ---client 1
[2024-01-16 19:50:35] [INFO] |  local epoch  : 0, acc 0.311
[2024-01-16 19:50:35] [INFO] |  local epoch  : 1, acc 0.311
[2024-01-16 19:50:36] [INFO] |  local epoch  : 2, acc 0.310
[2024-01-16 19:50:36] [INFO] |  local epoch  : 3, acc 0.311
[2024-01-16 19:50:36] [INFO] |  local epoch  : 4, acc 0.311
[2024-01-16 19:50:37] [INFO] |  local epoch  : 5, acc 0.311
[2024-01-16 19:50:37] [INFO] |  local epoch  : 6, acc 0.311
[2024-01-16 19:50:37] [INFO] |  local epoch  : 7, acc 0.311
[2024-01-16 19:50:38] [INFO] |  local epoch  : 8, acc 0.312
[2024-01-16 19:50:38] [INFO] |  local epoch  : 9, acc 0.312
[2024-01-16 19:50:38] [INFO]  ---client 2
[2024-01-16 19:50:38] [INFO] |  local epoch  : 0, acc 0.310
[2024-01-16 19:50:39] [INFO] |  local epoch  : 1, acc 0.311
[2024-01-16 19:50:39] [INFO] |  local epoch  : 2, acc 0.310
[2024-01-16 19:50:39] [INFO] |  local epoch  : 3, acc 0.311
[2024-01-16 19:50:40] [INFO] |  local epoch  : 4, acc 0.312
[2024-01-16 19:50:40] [INFO] |  local epoch  : 5, acc 0.311
[2024-01-16 19:50:40] [INFO] |  local epoch  : 6, acc 0.309
[2024-01-16 19:50:41] [INFO] |  local epoch  : 7, acc 0.310
[2024-01-16 19:50:41] [INFO] |  local epoch  : 8, acc 0.310
[2024-01-16 19:50:42] [INFO] |  local epoch  : 9, acc 0.309
[2024-01-16 19:50:42] [INFO] |servers comunicated: 0, server aggregated: 2, acc_server 0: 0.311.
[2024-01-16 19:50:42] [INFO] --------------------------------------------------
[2024-01-16 19:50:42] [INFO]   |server: 1
[2024-01-16 19:50:42] [INFO]  ---client 3
[2024-01-16 19:50:42] [INFO] |  local epoch  : 0, acc 0.272
[2024-01-16 19:50:42] [INFO] |  local epoch  : 1, acc 0.267
[2024-01-16 19:50:43] [INFO] |  local epoch  : 2, acc 0.272
[2024-01-16 19:50:43] [INFO] |  local epoch  : 3, acc 0.270
[2024-01-16 19:50:44] [INFO] |  local epoch  : 4, acc 0.267
[2024-01-16 19:50:44] [INFO] |  local epoch  : 5, acc 0.268
[2024-01-16 19:50:44] [INFO] |  local epoch  : 6, acc 0.270
[2024-01-16 19:50:45] [INFO] |  local epoch  : 7, acc 0.273
[2024-01-16 19:50:45] [INFO] |  local epoch  : 8, acc 0.271
[2024-01-16 19:50:45] [INFO] |  local epoch  : 9, acc 0.272
[2024-01-16 19:50:45] [INFO]  ---client 4
[2024-01-16 19:50:46] [INFO] |  local epoch  : 0, acc 0.271
[2024-01-16 19:50:46] [INFO] |  local epoch  : 1, acc 0.271
[2024-01-16 19:50:46] [INFO] |  local epoch  : 2, acc 0.273
[2024-01-16 19:50:47] [INFO] |  local epoch  : 3, acc 0.271
[2024-01-16 19:50:47] [INFO] |  local epoch  : 4, acc 0.273
[2024-01-16 19:50:48] [INFO] |  local epoch  : 5, acc 0.273
[2024-01-16 19:50:48] [INFO] |  local epoch  : 6, acc 0.273
[2024-01-16 19:50:48] [INFO] |  local epoch  : 7, acc 0.273
[2024-01-16 19:50:49] [INFO] |  local epoch  : 8, acc 0.273
[2024-01-16 19:50:49] [INFO] |  local epoch  : 9, acc 0.274
[2024-01-16 19:50:49] [INFO]  ---client 5
[2024-01-16 19:50:49] [INFO] |  local epoch  : 0, acc 0.272
[2024-01-16 19:50:50] [INFO] |  local epoch  : 1, acc 0.272
[2024-01-16 19:50:50] [INFO] |  local epoch  : 2, acc 0.272
[2024-01-16 19:50:50] [INFO] |  local epoch  : 3, acc 0.272
[2024-01-16 19:50:51] [INFO] |  local epoch  : 4, acc 0.272
[2024-01-16 19:50:51] [INFO] |  local epoch  : 5, acc 0.273
[2024-01-16 19:50:51] [INFO] |  local epoch  : 6, acc 0.274
[2024-01-16 19:50:52] [INFO] |  local epoch  : 7, acc 0.274
[2024-01-16 19:50:52] [INFO] |  local epoch  : 8, acc 0.273
[2024-01-16 19:50:52] [INFO] |  local epoch  : 9, acc 0.274
[2024-01-16 19:50:53] [INFO] |servers comunicated: 0, server aggregated: 2, acc_server 1: 0.274.
[2024-01-16 19:50:53] [INFO] --------------------------------------------------
[2024-01-16 19:50:53] [INFO]   |server: 2
[2024-01-16 19:50:53] [INFO]  ---client 6
[2024-01-16 19:50:53] [INFO] |  local epoch  : 0, acc 0.371
[2024-01-16 19:50:53] [INFO] |  local epoch  : 1, acc 0.364
[2024-01-16 19:50:54] [INFO] |  local epoch  : 2, acc 0.367
[2024-01-16 19:50:54] [INFO] |  local epoch  : 3, acc 0.370
[2024-01-16 19:50:54] [INFO] |  local epoch  : 4, acc 0.372
[2024-01-16 19:50:55] [INFO] |  local epoch  : 5, acc 0.371
[2024-01-16 19:50:55] [INFO] |  local epoch  : 6, acc 0.371
[2024-01-16 19:50:55] [INFO] |  local epoch  : 7, acc 0.371
[2024-01-16 19:50:56] [INFO] |  local epoch  : 8, acc 0.372
[2024-01-16 19:50:56] [INFO] |  local epoch  : 9, acc 0.369
[2024-01-16 19:50:56] [INFO]  ---client 7
[2024-01-16 19:50:57] [INFO] |  local epoch  : 0, acc 0.367
[2024-01-16 19:50:57] [INFO] |  local epoch  : 1, acc 0.372
[2024-01-16 19:50:57] [INFO] |  local epoch  : 2, acc 0.369
[2024-01-16 19:50:58] [INFO] |  local epoch  : 3, acc 0.372
[2024-01-16 19:50:58] [INFO] |  local epoch  : 4, acc 0.371
[2024-01-16 19:50:58] [INFO] |  local epoch  : 5, acc 0.371
[2024-01-16 19:50:59] [INFO] |  local epoch  : 6, acc 0.366
[2024-01-16 19:50:59] [INFO] |  local epoch  : 7, acc 0.370
[2024-01-16 19:50:59] [INFO] |  local epoch  : 8, acc 0.367
[2024-01-16 19:51:00] [INFO] |  local epoch  : 9, acc 0.369
[2024-01-16 19:51:00] [INFO]  ---client 8
[2024-01-16 19:51:00] [INFO] |  local epoch  : 0, acc 0.361
[2024-01-16 19:51:00] [INFO] |  local epoch  : 1, acc 0.364
[2024-01-16 19:51:01] [INFO] |  local epoch  : 2, acc 0.367
[2024-01-16 19:51:01] [INFO] |  local epoch  : 3, acc 0.370
[2024-01-16 19:51:02] [INFO] |  local epoch  : 4, acc 0.373
[2024-01-16 19:51:02] [INFO] |  local epoch  : 5, acc 0.372
[2024-01-16 19:51:02] [INFO] |  local epoch  : 6, acc 0.372
[2024-01-16 19:51:03] [INFO] |  local epoch  : 7, acc 0.373
[2024-01-16 19:51:03] [INFO] |  local epoch  : 8, acc 0.373
[2024-01-16 19:51:03] [INFO] |  local epoch  : 9, acc 0.371
[2024-01-16 19:51:03] [INFO] |servers comunicated: 0, server aggregated: 2, acc_server 2: 0.373.
[2024-01-16 19:51:03] [INFO] --------------------------------------------------
[2024-01-16 19:51:03] [INFO]  |epoch_client_commu: 3/5
[2024-01-16 19:51:03] [INFO]   |server: 0
[2024-01-16 19:51:03] [INFO]  ---client 0
[2024-01-16 19:51:04] [INFO] |  local epoch  : 0, acc 0.311
[2024-01-16 19:51:04] [INFO] |  local epoch  : 1, acc 0.311
[2024-01-16 19:51:05] [INFO] |  local epoch  : 2, acc 0.312
[2024-01-16 19:51:05] [INFO] |  local epoch  : 3, acc 0.312
[2024-01-16 19:51:05] [INFO] |  local epoch  : 4, acc 0.313
[2024-01-16 19:51:06] [INFO] |  local epoch  : 5, acc 0.311
[2024-01-16 19:51:06] [INFO] |  local epoch  : 6, acc 0.312
[2024-01-16 19:51:06] [INFO] |  local epoch  : 7, acc 0.312
[2024-01-16 19:51:07] [INFO] |  local epoch  : 8, acc 0.311
[2024-01-16 19:51:07] [INFO] |  local epoch  : 9, acc 0.310
[2024-01-16 19:51:07] [INFO]  ---client 1
[2024-01-16 19:51:07] [INFO] |  local epoch  : 0, acc 0.312
[2024-01-16 19:51:08] [INFO] |  local epoch  : 1, acc 0.312
[2024-01-16 19:51:08] [INFO] |  local epoch  : 2, acc 0.311
[2024-01-16 19:51:08] [INFO] |  local epoch  : 3, acc 0.312
[2024-01-16 19:51:09] [INFO] |  local epoch  : 4, acc 0.312
[2024-01-16 19:51:09] [INFO] |  local epoch  : 5, acc 0.311
[2024-01-16 19:51:09] [INFO] |  local epoch  : 6, acc 0.312
[2024-01-16 19:51:10] [INFO] |  local epoch  : 7, acc 0.311
[2024-01-16 19:51:10] [INFO] |  local epoch  : 8, acc 0.310
[2024-01-16 19:51:11] [INFO] |  local epoch  : 9, acc 0.311
[2024-01-16 19:51:11] [INFO]  ---client 2
[2024-01-16 19:51:11] [INFO] |  local epoch  : 0, acc 0.310
[2024-01-16 19:51:11] [INFO] |  local epoch  : 1, acc 0.310
[2024-01-16 19:51:12] [INFO] |  local epoch  : 2, acc 0.310
[2024-01-16 19:51:12] [INFO] |  local epoch  : 3, acc 0.312
[2024-01-16 19:51:12] [INFO] |  local epoch  : 4, acc 0.310
[2024-01-16 19:51:13] [INFO] |  local epoch  : 5, acc 0.312
[2024-01-16 19:51:13] [INFO] |  local epoch  : 6, acc 0.312
[2024-01-16 19:51:13] [INFO] |  local epoch  : 7, acc 0.310
[2024-01-16 19:51:14] [INFO] |  local epoch  : 8, acc 0.312
[2024-01-16 19:51:14] [INFO] |  local epoch  : 9, acc 0.311
[2024-01-16 19:51:14] [INFO] |servers comunicated: 0, server aggregated: 3, acc_server 0: 0.312.
[2024-01-16 19:51:14] [INFO] --------------------------------------------------
[2024-01-16 19:51:14] [INFO]   |server: 1
[2024-01-16 19:51:14] [INFO]  ---client 3
[2024-01-16 19:51:15] [INFO] |  local epoch  : 0, acc 0.272
[2024-01-16 19:51:15] [INFO] |  local epoch  : 1, acc 0.273
[2024-01-16 19:51:15] [INFO] |  local epoch  : 2, acc 0.273
[2024-01-16 19:51:16] [INFO] |  local epoch  : 3, acc 0.273
[2024-01-16 19:51:16] [INFO] |  local epoch  : 4, acc 0.272
[2024-01-16 19:51:16] [INFO] |  local epoch  : 5, acc 0.274
[2024-01-16 19:51:17] [INFO] |  local epoch  : 6, acc 0.275
[2024-01-16 19:51:17] [INFO] |  local epoch  : 7, acc 0.275
[2024-01-16 19:51:18] [INFO] |  local epoch  : 8, acc 0.273
[2024-01-16 19:51:18] [INFO] |  local epoch  : 9, acc 0.275
[2024-01-16 19:51:18] [INFO]  ---client 4
[2024-01-16 19:51:18] [INFO] |  local epoch  : 0, acc 0.274
[2024-01-16 19:51:19] [INFO] |  local epoch  : 1, acc 0.274
[2024-01-16 19:51:19] [INFO] |  local epoch  : 2, acc 0.275
[2024-01-16 19:51:19] [INFO] |  local epoch  : 3, acc 0.273
[2024-01-16 19:51:20] [INFO] |  local epoch  : 4, acc 0.274
[2024-01-16 19:51:20] [INFO] |  local epoch  : 5, acc 0.273
[2024-01-16 19:51:20] [INFO] |  local epoch  : 6, acc 0.267
[2024-01-16 19:51:21] [INFO] |  local epoch  : 7, acc 0.270
[2024-01-16 19:51:21] [INFO] |  local epoch  : 8, acc 0.274
[2024-01-16 19:51:21] [INFO] |  local epoch  : 9, acc 0.274
[2024-01-16 19:51:21] [INFO]  ---client 5
[2024-01-16 19:51:22] [INFO] |  local epoch  : 0, acc 0.274
[2024-01-16 19:51:22] [INFO] |  local epoch  : 1, acc 0.269
[2024-01-16 19:51:23] [INFO] |  local epoch  : 2, acc 0.273
[2024-01-16 19:51:23] [INFO] |  local epoch  : 3, acc 0.274
[2024-01-16 19:51:23] [INFO] |  local epoch  : 4, acc 0.273
[2024-01-16 19:51:24] [INFO] |  local epoch  : 5, acc 0.275
[2024-01-16 19:51:24] [INFO] |  local epoch  : 6, acc 0.274
[2024-01-16 19:51:24] [INFO] |  local epoch  : 7, acc 0.274
[2024-01-16 19:51:25] [INFO] |  local epoch  : 8, acc 0.273
[2024-01-16 19:51:25] [INFO] |  local epoch  : 9, acc 0.276
[2024-01-16 19:51:25] [INFO] |servers comunicated: 0, server aggregated: 3, acc_server 1: 0.276.
[2024-01-16 19:51:25] [INFO] --------------------------------------------------
[2024-01-16 19:51:25] [INFO]   |server: 2
[2024-01-16 19:51:25] [INFO]  ---client 6
[2024-01-16 19:51:26] [INFO] |  local epoch  : 0, acc 0.374
[2024-01-16 19:51:26] [INFO] |  local epoch  : 1, acc 0.373
[2024-01-16 19:51:26] [INFO] |  local epoch  : 2, acc 0.371
[2024-01-16 19:51:27] [INFO] |  local epoch  : 3, acc 0.373
[2024-01-16 19:51:27] [INFO] |  local epoch  : 4, acc 0.371
[2024-01-16 19:51:27] [INFO] |  local epoch  : 5, acc 0.374
[2024-01-16 19:51:28] [INFO] |  local epoch  : 6, acc 0.374
[2024-01-16 19:51:28] [INFO] |  local epoch  : 7, acc 0.375
[2024-01-16 19:51:28] [INFO] |  local epoch  : 8, acc 0.376
[2024-01-16 19:51:29] [INFO] |  local epoch  : 9, acc 0.375
[2024-01-16 19:51:29] [INFO]  ---client 7
[2024-01-16 19:51:29] [INFO] |  local epoch  : 0, acc 0.370
[2024-01-16 19:51:30] [INFO] |  local epoch  : 1, acc 0.373
[2024-01-16 19:51:30] [INFO] |  local epoch  : 2, acc 0.370
[2024-01-16 19:51:30] [INFO] |  local epoch  : 3, acc 0.372
[2024-01-16 19:51:31] [INFO] |  local epoch  : 4, acc 0.375
[2024-01-16 19:51:31] [INFO] |  local epoch  : 5, acc 0.371
[2024-01-16 19:51:31] [INFO] |  local epoch  : 6, acc 0.374
[2024-01-16 19:51:32] [INFO] |  local epoch  : 7, acc 0.375
[2024-01-16 19:51:32] [INFO] |  local epoch  : 8, acc 0.376
[2024-01-16 19:51:32] [INFO] |  local epoch  : 9, acc 0.375
[2024-01-16 19:51:32] [INFO]  ---client 8
[2024-01-16 19:51:33] [INFO] |  local epoch  : 0, acc 0.375
[2024-01-16 19:51:33] [INFO] |  local epoch  : 1, acc 0.371
[2024-01-16 19:51:33] [INFO] |  local epoch  : 2, acc 0.373
[2024-01-16 19:51:34] [INFO] |  local epoch  : 3, acc 0.375
[2024-01-16 19:51:34] [INFO] |  local epoch  : 4, acc 0.373
[2024-01-16 19:51:35] [INFO] |  local epoch  : 5, acc 0.376
[2024-01-16 19:51:35] [INFO] |  local epoch  : 6, acc 0.372
[2024-01-16 19:51:35] [INFO] |  local epoch  : 7, acc 0.376
[2024-01-16 19:51:36] [INFO] |  local epoch  : 8, acc 0.376
[2024-01-16 19:51:36] [INFO] |  local epoch  : 9, acc 0.376
[2024-01-16 19:51:36] [INFO] |servers comunicated: 0, server aggregated: 3, acc_server 2: 0.376.
[2024-01-16 19:51:36] [INFO] --------------------------------------------------
[2024-01-16 19:51:36] [INFO]  |epoch_client_commu: 4/5
[2024-01-16 19:51:36] [INFO]   |server: 0
[2024-01-16 19:51:36] [INFO]  ---client 0
[2024-01-16 19:51:36] [INFO] |  local epoch  : 0, acc 0.310
[2024-01-16 19:51:37] [INFO] |  local epoch  : 1, acc 0.310
[2024-01-16 19:51:37] [INFO] |  local epoch  : 2, acc 0.309
[2024-01-16 19:51:38] [INFO] |  local epoch  : 3, acc 0.313
[2024-01-16 19:51:38] [INFO] |  local epoch  : 4, acc 0.312
[2024-01-16 19:51:38] [INFO] |  local epoch  : 5, acc 0.312
[2024-01-16 19:51:39] [INFO] |  local epoch  : 6, acc 0.313
[2024-01-16 19:51:39] [INFO] |  local epoch  : 7, acc 0.310
[2024-01-16 19:51:39] [INFO] |  local epoch  : 8, acc 0.312
[2024-01-16 19:51:40] [INFO] |  local epoch  : 9, acc 0.312
[2024-01-16 19:51:40] [INFO]  ---client 1
[2024-01-16 19:51:40] [INFO] |  local epoch  : 0, acc 0.312
[2024-01-16 19:51:40] [INFO] |  local epoch  : 1, acc 0.310
[2024-01-16 19:51:41] [INFO] |  local epoch  : 2, acc 0.312
[2024-01-16 19:51:41] [INFO] |  local epoch  : 3, acc 0.312
[2024-01-16 19:51:41] [INFO] |  local epoch  : 4, acc 0.310
[2024-01-16 19:51:42] [INFO] |  local epoch  : 5, acc 0.308
[2024-01-16 19:51:42] [INFO] |  local epoch  : 6, acc 0.312
[2024-01-16 19:51:42] [INFO] |  local epoch  : 7, acc 0.312
[2024-01-16 19:51:43] [INFO] |  local epoch  : 8, acc 0.311
[2024-01-16 19:51:43] [INFO] |  local epoch  : 9, acc 0.311
[2024-01-16 19:51:43] [INFO]  ---client 2
[2024-01-16 19:51:44] [INFO] |  local epoch  : 0, acc 0.311
[2024-01-16 19:51:44] [INFO] |  local epoch  : 1, acc 0.311
[2024-01-16 19:51:44] [INFO] |  local epoch  : 2, acc 0.310
[2024-01-16 19:51:45] [INFO] |  local epoch  : 3, acc 0.312
[2024-01-16 19:51:45] [INFO] |  local epoch  : 4, acc 0.312
[2024-01-16 19:51:45] [INFO] |  local epoch  : 5, acc 0.312
[2024-01-16 19:51:46] [INFO] |  local epoch  : 6, acc 0.312
[2024-01-16 19:51:46] [INFO] |  local epoch  : 7, acc 0.312
[2024-01-16 19:51:46] [INFO] |  local epoch  : 8, acc 0.312
[2024-01-16 19:51:47] [INFO] |  local epoch  : 9, acc 0.311
[2024-01-16 19:51:47] [INFO] |servers comunicated: 0, server aggregated: 4, acc_server 0: 0.312.
[2024-01-16 19:51:47] [INFO] --------------------------------------------------
[2024-01-16 19:51:47] [INFO]   |server: 1
[2024-01-16 19:51:47] [INFO]  ---client 3
[2024-01-16 19:51:47] [INFO] |  local epoch  : 0, acc 0.276
[2024-01-16 19:51:48] [INFO] |  local epoch  : 1, acc 0.276
[2024-01-16 19:51:48] [INFO] |  local epoch  : 2, acc 0.274
[2024-01-16 19:51:48] [INFO] |  local epoch  : 3, acc 0.276
[2024-01-16 19:51:49] [INFO] |  local epoch  : 4, acc 0.274
[2024-01-16 19:51:49] [INFO] |  local epoch  : 5, acc 0.276
[2024-01-16 19:51:49] [INFO] |  local epoch  : 6, acc 0.276
[2024-01-16 19:51:50] [INFO] |  local epoch  : 7, acc 0.271
[2024-01-16 19:51:50] [INFO] |  local epoch  : 8, acc 0.276
[2024-01-16 19:51:51] [INFO] |  local epoch  : 9, acc 0.272
[2024-01-16 19:51:51] [INFO]  ---client 4
[2024-01-16 19:51:51] [INFO] |  local epoch  : 0, acc 0.274
[2024-01-16 19:51:51] [INFO] |  local epoch  : 1, acc 0.274
[2024-01-16 19:51:52] [INFO] |  local epoch  : 2, acc 0.274
[2024-01-16 19:51:52] [INFO] |  local epoch  : 3, acc 0.273
[2024-01-16 19:51:52] [INFO] |  local epoch  : 4, acc 0.276
[2024-01-16 19:51:53] [INFO] |  local epoch  : 5, acc 0.276
[2024-01-16 19:51:53] [INFO] |  local epoch  : 6, acc 0.276
[2024-01-16 19:51:53] [INFO] |  local epoch  : 7, acc 0.276
[2024-01-16 19:51:54] [INFO] |  local epoch  : 8, acc 0.277
[2024-01-16 19:51:54] [INFO] |  local epoch  : 9, acc 0.277
[2024-01-16 19:51:54] [INFO]  ---client 5
[2024-01-16 19:51:54] [INFO] |  local epoch  : 0, acc 0.276
[2024-01-16 19:51:55] [INFO] |  local epoch  : 1, acc 0.275
[2024-01-16 19:51:55] [INFO] |  local epoch  : 2, acc 0.275
[2024-01-16 19:51:56] [INFO] |  local epoch  : 3, acc 0.276
[2024-01-16 19:51:56] [INFO] |  local epoch  : 4, acc 0.271
[2024-01-16 19:51:56] [INFO] |  local epoch  : 5, acc 0.275
[2024-01-16 19:51:57] [INFO] |  local epoch  : 6, acc 0.274
[2024-01-16 19:51:57] [INFO] |  local epoch  : 7, acc 0.277
[2024-01-16 19:51:57] [INFO] |  local epoch  : 8, acc 0.276
[2024-01-16 19:51:58] [INFO] |  local epoch  : 9, acc 0.276
[2024-01-16 19:51:58] [INFO] |servers comunicated: 0, server aggregated: 4, acc_server 1: 0.277.
[2024-01-16 19:51:58] [INFO] --------------------------------------------------
[2024-01-16 19:51:58] [INFO]   |server: 2
[2024-01-16 19:51:58] [INFO]  ---client 6
[2024-01-16 19:51:58] [INFO] |  local epoch  : 0, acc 0.376
[2024-01-16 19:51:59] [INFO] |  local epoch  : 1, acc 0.376
[2024-01-16 19:51:59] [INFO] |  local epoch  : 2, acc 0.370
[2024-01-16 19:51:59] [INFO] |  local epoch  : 3, acc 0.376
[2024-01-16 19:52:00] [INFO] |  local epoch  : 4, acc 0.376
[2024-01-16 19:52:00] [INFO] |  local epoch  : 5, acc 0.374
[2024-01-16 19:52:00] [INFO] |  local epoch  : 6, acc 0.372
[2024-01-16 19:52:01] [INFO] |  local epoch  : 7, acc 0.375
[2024-01-16 19:52:01] [INFO] |  local epoch  : 8, acc 0.376
[2024-01-16 19:52:01] [INFO] |  local epoch  : 9, acc 0.378
[2024-01-16 19:52:01] [INFO]  ---client 7
[2024-01-16 19:52:02] [INFO] |  local epoch  : 0, acc 0.377
[2024-01-16 19:52:02] [INFO] |  local epoch  : 1, acc 0.375
[2024-01-16 19:52:03] [INFO] |  local epoch  : 2, acc 0.378
[2024-01-16 19:52:03] [INFO] |  local epoch  : 3, acc 0.373
[2024-01-16 19:52:03] [INFO] |  local epoch  : 4, acc 0.377
[2024-01-16 19:52:04] [INFO] |  local epoch  : 5, acc 0.376
[2024-01-16 19:52:04] [INFO] |  local epoch  : 6, acc 0.376
[2024-01-16 19:52:04] [INFO] |  local epoch  : 7, acc 0.374
[2024-01-16 19:52:05] [INFO] |  local epoch  : 8, acc 0.375
[2024-01-16 19:52:05] [INFO] |  local epoch  : 9, acc 0.378
[2024-01-16 19:52:05] [INFO]  ---client 8
[2024-01-16 19:52:06] [INFO] |  local epoch  : 0, acc 0.372
[2024-01-16 19:52:06] [INFO] |  local epoch  : 1, acc 0.377
[2024-01-16 19:52:06] [INFO] |  local epoch  : 2, acc 0.373
[2024-01-16 19:52:07] [INFO] |  local epoch  : 3, acc 0.377
[2024-01-16 19:52:07] [INFO] |  local epoch  : 4, acc 0.373
[2024-01-16 19:52:07] [INFO] |  local epoch  : 5, acc 0.377
[2024-01-16 19:52:08] [INFO] |  local epoch  : 6, acc 0.375
[2024-01-16 19:52:08] [INFO] |  local epoch  : 7, acc 0.378
[2024-01-16 19:52:08] [INFO] |  local epoch  : 8, acc 0.376
[2024-01-16 19:52:09] [INFO] |  local epoch  : 9, acc 0.378
[2024-01-16 19:52:09] [INFO] |servers comunicated: 0, server aggregated: 4, acc_server 2: 0.378.
[2024-01-16 19:52:09] [INFO] --------------------------------------------------
[2024-01-16 19:52:09] [INFO]      ********  servers comunicates  ********      
[2024-01-16 19:52:09] [INFO] --------------------------------------------------
[2024-01-16 19:52:09] [INFO] |epoch_server_commu: 1/5
[2024-01-16 19:52:09] [INFO]  |epoch_client_commu: 0/5
[2024-01-16 19:52:09] [INFO]   |server: 0
[2024-01-16 19:52:09] [INFO]  ---client 0
[2024-01-16 19:52:09] [INFO] |  local epoch  : 0, acc 0.313
[2024-01-16 19:52:10] [INFO] |  local epoch  : 1, acc 0.312
[2024-01-16 19:52:10] [INFO] |  local epoch  : 2, acc 0.312
[2024-01-16 19:52:10] [INFO] |  local epoch  : 3, acc 0.312
[2024-01-16 19:52:11] [INFO] |  local epoch  : 4, acc 0.313
[2024-01-16 19:52:11] [INFO] |  local epoch  : 5, acc 0.312
[2024-01-16 19:52:12] [INFO] |  local epoch  : 6, acc 0.312
[2024-01-16 19:52:12] [INFO] |  local epoch  : 7, acc 0.312
[2024-01-16 19:52:12] [INFO] |  local epoch  : 8, acc 0.312
[2024-01-16 19:52:13] [INFO] |  local epoch  : 9, acc 0.312
[2024-01-16 19:52:13] [INFO] | distill epoch : 0, acc 0.312
[2024-01-16 19:52:14] [INFO] | distill epoch : 1, acc 0.312
[2024-01-16 19:52:14] [INFO] | distill epoch : 2, acc 0.313
[2024-01-16 19:52:15] [INFO] | distill epoch : 3, acc 0.313
[2024-01-16 19:52:15] [INFO] | distill epoch : 4, acc 0.312
[2024-01-16 19:52:15] [INFO] | distill epoch : 5, acc 0.312
[2024-01-16 19:52:16] [INFO] | distill epoch : 6, acc 0.312
[2024-01-16 19:52:16] [INFO] | distill epoch : 7, acc 0.312
[2024-01-16 19:52:17] [INFO] | distill epoch : 8, acc 0.312
[2024-01-16 19:52:17] [INFO] | distill epoch : 9, acc 0.312
[2024-01-16 19:52:17] [INFO]  ---client 1
[2024-01-16 19:52:18] [INFO] |  local epoch  : 0, acc 0.312
[2024-01-16 19:52:18] [INFO] |  local epoch  : 1, acc 0.312
[2024-01-16 19:52:18] [INFO] |  local epoch  : 2, acc 0.312
[2024-01-16 19:52:19] [INFO] |  local epoch  : 3, acc 0.312
[2024-01-16 19:52:19] [INFO] |  local epoch  : 4, acc 0.312
[2024-01-16 19:52:20] [INFO] |  local epoch  : 5, acc 0.313
[2024-01-16 19:52:20] [INFO] |  local epoch  : 6, acc 0.312
[2024-01-16 19:52:20] [INFO] |  local epoch  : 7, acc 0.312
[2024-01-16 19:52:21] [INFO] |  local epoch  : 8, acc 0.312
[2024-01-16 19:52:21] [INFO] |  local epoch  : 9, acc 0.312
[2024-01-16 19:52:22] [INFO] | distill epoch : 0, acc 0.312
[2024-01-16 19:52:22] [INFO] | distill epoch : 1, acc 0.312
[2024-01-16 19:52:22] [INFO] | distill epoch : 2, acc 0.312
[2024-01-16 19:52:23] [INFO] | distill epoch : 3, acc 0.312
[2024-01-16 19:52:23] [INFO] | distill epoch : 4, acc 0.312
[2024-01-16 19:52:24] [INFO] | distill epoch : 5, acc 0.312
[2024-01-16 19:52:24] [INFO] | distill epoch : 6, acc 0.312
[2024-01-16 19:52:25] [INFO] | distill epoch : 7, acc 0.312
[2024-01-16 19:52:25] [INFO] | distill epoch : 8, acc 0.312
[2024-01-16 19:52:25] [INFO] | distill epoch : 9, acc 0.312
[2024-01-16 19:52:25] [INFO]  ---client 2
[2024-01-16 19:52:26] [INFO] |  local epoch  : 0, acc 0.312
[2024-01-16 19:52:26] [INFO] |  local epoch  : 1, acc 0.312
[2024-01-16 19:52:27] [INFO] |  local epoch  : 2, acc 0.312
[2024-01-16 19:52:27] [INFO] |  local epoch  : 3, acc 0.313
[2024-01-16 19:52:27] [INFO] |  local epoch  : 4, acc 0.312
[2024-01-16 19:52:28] [INFO] |  local epoch  : 5, acc 0.312
[2024-01-16 19:52:28] [INFO] |  local epoch  : 6, acc 0.312
[2024-01-16 19:52:29] [INFO] |  local epoch  : 7, acc 0.312
[2024-01-16 19:52:29] [INFO] |  local epoch  : 8, acc 0.312
[2024-01-16 19:52:29] [INFO] |  local epoch  : 9, acc 0.312
