[2024-01-16 20:10:00] [INFO] device cuda is used.
[2024-01-16 20:10:00] [INFO] cudnn is actived.
[2024-01-16 20:10:00] [INFO] 
      alpha      :  0.5  
        T        :   6   
    algorithm    :   3   
num_server_commu :   5   
num_client_commu :   5   
num_client_train :   1   
num_public_train :  20   
   batch_size    :  160  
     dataset     : mnist 
  model_select   :   1   
 num_all_client  :   9   
 num_all_server  :   3   
 num_client_data : 1200  
 num_public_data :  50   
   proportion    :  0.8  
   num_workers   :   8   
[2024-01-16 20:10:03] [INFO] --------------------------------------------------
[2024-01-16 20:10:03] [INFO] |epoch_server_commu: 0/5
[2024-01-16 20:10:03] [INFO]  |epoch_client_commu: 0/5
[2024-01-16 20:10:03] [INFO]   |server: 0
[2024-01-16 20:10:03] [INFO]  ---client 0
[2024-01-16 20:10:04] [INFO] |  local epoch  : 0, acc 0.098
[2024-01-16 20:10:04] [INFO]  ---client 1
[2024-01-16 20:10:05] [INFO] |  local epoch  : 0, acc 0.098
[2024-01-16 20:10:05] [INFO]  ---client 2
[2024-01-16 20:10:05] [INFO] |  local epoch  : 0, acc 0.098
[2024-01-16 20:10:05] [INFO] |servers comunicated: 0, server aggregated: 0, acc_server 0: 0.098.
[2024-01-16 20:10:05] [INFO] --------------------------------------------------
[2024-01-16 20:10:05] [INFO]   |server: 1
[2024-01-16 20:10:05] [INFO]  ---client 3
[2024-01-16 20:10:05] [INFO] |  local epoch  : 0, acc 0.098
[2024-01-16 20:10:05] [INFO]  ---client 4
[2024-01-16 20:10:06] [INFO] |  local epoch  : 0, acc 0.108
[2024-01-16 20:10:06] [INFO]  ---client 5
[2024-01-16 20:10:06] [INFO] |  local epoch  : 0, acc 0.099
[2024-01-16 20:10:06] [INFO] |servers comunicated: 0, server aggregated: 0, acc_server 1: 0.098.
[2024-01-16 20:10:06] [INFO] --------------------------------------------------
[2024-01-16 20:10:06] [INFO]   |server: 2
[2024-01-16 20:10:06] [INFO]  ---client 6
[2024-01-16 20:10:07] [INFO] |  local epoch  : 0, acc 0.101
[2024-01-16 20:10:07] [INFO]  ---client 7
[2024-01-16 20:10:07] [INFO] |  local epoch  : 0, acc 0.101
[2024-01-16 20:10:07] [INFO]  ---client 8
[2024-01-16 20:10:07] [INFO] |  local epoch  : 0, acc 0.101
[2024-01-16 20:10:07] [INFO] |servers comunicated: 0, server aggregated: 0, acc_server 2: 0.101.
[2024-01-16 20:10:07] [INFO] --------------------------------------------------
[2024-01-16 20:10:07] [INFO]  |epoch_client_commu: 1/5
[2024-01-16 20:10:07] [INFO]   |server: 0
[2024-01-16 20:10:07] [INFO]  ---client 0
[2024-01-16 20:10:08] [INFO] |  local epoch  : 0, acc 0.199
[2024-01-16 20:10:08] [INFO]  ---client 1
[2024-01-16 20:10:08] [INFO] |  local epoch  : 0, acc 0.098
[2024-01-16 20:10:08] [INFO]  ---client 2
[2024-01-16 20:10:09] [INFO] |  local epoch  : 0, acc 0.208
[2024-01-16 20:10:09] [INFO] |servers comunicated: 0, server aggregated: 1, acc_server 0: 0.175.
[2024-01-16 20:10:09] [INFO] --------------------------------------------------
[2024-01-16 20:10:09] [INFO]   |server: 1
[2024-01-16 20:10:09] [INFO]  ---client 3
[2024-01-16 20:10:09] [INFO] |  local epoch  : 0, acc 0.098
[2024-01-16 20:10:09] [INFO]  ---client 4
[2024-01-16 20:10:09] [INFO] |  local epoch  : 0, acc 0.100
[2024-01-16 20:10:09] [INFO]  ---client 5
[2024-01-16 20:10:10] [INFO] |  local epoch  : 0, acc 0.098
[2024-01-16 20:10:10] [INFO] |servers comunicated: 0, server aggregated: 1, acc_server 1: 0.098.
[2024-01-16 20:10:10] [INFO] --------------------------------------------------
[2024-01-16 20:10:10] [INFO]   |server: 2
[2024-01-16 20:10:10] [INFO]  ---client 6
[2024-01-16 20:10:10] [INFO] |  local epoch  : 0, acc 0.127
[2024-01-16 20:10:10] [INFO]  ---client 7
[2024-01-16 20:10:11] [INFO] |  local epoch  : 0, acc 0.095
[2024-01-16 20:10:11] [INFO]  ---client 8
[2024-01-16 20:10:11] [INFO] |  local epoch  : 0, acc 0.122
[2024-01-16 20:10:11] [INFO] |servers comunicated: 0, server aggregated: 1, acc_server 2: 0.112.
[2024-01-16 20:10:11] [INFO] --------------------------------------------------
[2024-01-16 20:10:11] [INFO]  |epoch_client_commu: 2/5
[2024-01-16 20:10:11] [INFO]   |server: 0
[2024-01-16 20:10:11] [INFO]  ---client 0
[2024-01-16 20:10:11] [INFO] |  local epoch  : 0, acc 0.209
[2024-01-16 20:10:11] [INFO]  ---client 1
[2024-01-16 20:10:12] [INFO] |  local epoch  : 0, acc 0.202
[2024-01-16 20:10:12] [INFO]  ---client 2
[2024-01-16 20:10:12] [INFO] |  local epoch  : 0, acc 0.206
[2024-01-16 20:10:12] [INFO] |servers comunicated: 0, server aggregated: 2, acc_server 0: 0.209.
[2024-01-16 20:10:12] [INFO] --------------------------------------------------
[2024-01-16 20:10:12] [INFO]   |server: 1
[2024-01-16 20:10:12] [INFO]  ---client 3
[2024-01-16 20:10:13] [INFO] |  local epoch  : 0, acc 0.116
[2024-01-16 20:10:13] [INFO]  ---client 4
[2024-01-16 20:10:13] [INFO] |  local epoch  : 0, acc 0.110
[2024-01-16 20:10:13] [INFO]  ---client 5
[2024-01-16 20:10:13] [INFO] |  local epoch  : 0, acc 0.180
[2024-01-16 20:10:14] [INFO] |servers comunicated: 0, server aggregated: 2, acc_server 1: 0.242.
[2024-01-16 20:10:14] [INFO] --------------------------------------------------
[2024-01-16 20:10:14] [INFO]   |server: 2
[2024-01-16 20:10:14] [INFO]  ---client 6
[2024-01-16 20:10:14] [INFO] |  local epoch  : 0, acc 0.095
[2024-01-16 20:10:14] [INFO]  ---client 7
[2024-01-16 20:10:14] [INFO] |  local epoch  : 0, acc 0.095
[2024-01-16 20:10:14] [INFO]  ---client 8
[2024-01-16 20:10:15] [INFO] |  local epoch  : 0, acc 0.095
[2024-01-16 20:10:15] [INFO] |servers comunicated: 0, server aggregated: 2, acc_server 2: 0.095.
[2024-01-16 20:10:15] [INFO] --------------------------------------------------
[2024-01-16 20:10:15] [INFO]  |epoch_client_commu: 3/5
[2024-01-16 20:10:15] [INFO]   |server: 0
[2024-01-16 20:10:15] [INFO]  ---client 0
[2024-01-16 20:10:15] [INFO] |  local epoch  : 0, acc 0.168
[2024-01-16 20:10:15] [INFO]  ---client 1
[2024-01-16 20:10:16] [INFO] |  local epoch  : 0, acc 0.195
[2024-01-16 20:10:16] [INFO]  ---client 2
[2024-01-16 20:10:16] [INFO] |  local epoch  : 0, acc 0.103
[2024-01-16 20:10:16] [INFO] |servers comunicated: 0, server aggregated: 3, acc_server 0: 0.169.
[2024-01-16 20:10:16] [INFO] --------------------------------------------------
[2024-01-16 20:10:16] [INFO]   |server: 1
[2024-01-16 20:10:16] [INFO]  ---client 3
[2024-01-16 20:10:16] [INFO] |  local epoch  : 0, acc 0.126
[2024-01-16 20:10:16] [INFO]  ---client 4
[2024-01-16 20:10:17] [INFO] |  local epoch  : 0, acc 0.230
[2024-01-16 20:10:17] [INFO]  ---client 5
[2024-01-16 20:10:17] [INFO] |  local epoch  : 0, acc 0.145
[2024-01-16 20:10:17] [INFO] |servers comunicated: 0, server aggregated: 3, acc_server 1: 0.164.
[2024-01-16 20:10:17] [INFO] --------------------------------------------------
[2024-01-16 20:10:17] [INFO]   |server: 2
[2024-01-16 20:10:17] [INFO]  ---client 6
[2024-01-16 20:10:18] [INFO] |  local epoch  : 0, acc 0.142
[2024-01-16 20:10:18] [INFO]  ---client 7
[2024-01-16 20:10:18] [INFO] |  local epoch  : 0, acc 0.105
[2024-01-16 20:10:18] [INFO]  ---client 8
[2024-01-16 20:10:18] [INFO] |  local epoch  : 0, acc 0.233
[2024-01-16 20:10:19] [INFO] |servers comunicated: 0, server aggregated: 3, acc_server 2: 0.149.
[2024-01-16 20:10:19] [INFO] --------------------------------------------------
[2024-01-16 20:10:19] [INFO]  |epoch_client_commu: 4/5
[2024-01-16 20:10:19] [INFO]   |server: 0
[2024-01-16 20:10:19] [INFO]  ---client 0
[2024-01-16 20:10:19] [INFO] |  local epoch  : 0, acc 0.192
[2024-01-16 20:10:19] [INFO]  ---client 1
[2024-01-16 20:10:19] [INFO] |  local epoch  : 0, acc 0.264
[2024-01-16 20:10:19] [INFO]  ---client 2
[2024-01-16 20:10:20] [INFO] |  local epoch  : 0, acc 0.191
[2024-01-16 20:10:20] [INFO] |servers comunicated: 0, server aggregated: 4, acc_server 0: 0.230.
[2024-01-16 20:10:20] [INFO] --------------------------------------------------
[2024-01-16 20:10:20] [INFO]   |server: 1
[2024-01-16 20:10:20] [INFO]  ---client 3
[2024-01-16 20:10:20] [INFO] |  local epoch  : 0, acc 0.197
[2024-01-16 20:10:20] [INFO]  ---client 4
[2024-01-16 20:10:20] [INFO] |  local epoch  : 0, acc 0.255
[2024-01-16 20:10:20] [INFO]  ---client 5
[2024-01-16 20:10:21] [INFO] |  local epoch  : 0, acc 0.190
[2024-01-16 20:10:21] [INFO] |servers comunicated: 0, server aggregated: 4, acc_server 1: 0.231.
[2024-01-16 20:10:21] [INFO] --------------------------------------------------
[2024-01-16 20:10:21] [INFO]   |server: 2
[2024-01-16 20:10:21] [INFO]  ---client 6
[2024-01-16 20:10:21] [INFO] |  local epoch  : 0, acc 0.241
[2024-01-16 20:10:21] [INFO]  ---client 7
[2024-01-16 20:10:22] [INFO] |  local epoch  : 0, acc 0.170
[2024-01-16 20:10:22] [INFO]  ---client 8
[2024-01-16 20:10:22] [INFO] |  local epoch  : 0, acc 0.167
[2024-01-16 20:10:22] [INFO] |servers comunicated: 0, server aggregated: 4, acc_server 2: 0.215.
[2024-01-16 20:10:22] [INFO] --------------------------------------------------
[2024-01-16 20:10:22] [INFO]      ********  servers comunicates  ********      
[2024-01-16 20:10:22] [INFO] --------------------------------------------------
[2024-01-16 20:10:22] [INFO] |epoch_server_commu: 1/5
[2024-01-16 20:10:22] [INFO]  |epoch_client_commu: 0/5
[2024-01-16 20:10:22] [INFO]   |server: 0
[2024-01-16 20:10:22] [INFO]  ---client 0
[2024-01-16 20:10:23] [INFO] |  local epoch  : 0, acc 0.293
[2024-01-16 20:10:23] [INFO] | distill epoch : 0, acc 0.291
[2024-01-16 20:10:24] [INFO] | distill epoch : 1, acc 0.294
[2024-01-16 20:10:24] [INFO] | distill epoch : 2, acc 0.294
[2024-01-16 20:10:25] [INFO] | distill epoch : 3, acc 0.293
[2024-01-16 20:10:25] [INFO] | distill epoch : 4, acc 0.284
[2024-01-16 20:10:25] [INFO] | distill epoch : 5, acc 0.293
[2024-01-16 20:10:26] [INFO] | distill epoch : 6, acc 0.284
[2024-01-16 20:10:26] [INFO] | distill epoch : 7, acc 0.285
[2024-01-16 20:10:27] [INFO] | distill epoch : 8, acc 0.293
[2024-01-16 20:10:27] [INFO] | distill epoch : 9, acc 0.292
[2024-01-16 20:10:27] [INFO] | distill epoch : 10, acc 0.287
[2024-01-16 20:10:28] [INFO] | distill epoch : 11, acc 0.291
[2024-01-16 20:10:28] [INFO] | distill epoch : 12, acc 0.294
[2024-01-16 20:10:29] [INFO] | distill epoch : 13, acc 0.293
[2024-01-16 20:10:29] [INFO] | distill epoch : 14, acc 0.294
[2024-01-16 20:10:29] [INFO] | distill epoch : 15, acc 0.294
[2024-01-16 20:10:30] [INFO] | distill epoch : 16, acc 0.293
[2024-01-16 20:10:30] [INFO] | distill epoch : 17, acc 0.293
[2024-01-16 20:10:31] [INFO] | distill epoch : 18, acc 0.291
[2024-01-16 20:10:31] [INFO] | distill epoch : 19, acc 0.292
[2024-01-16 20:10:31] [INFO]  ---client 1
[2024-01-16 20:10:31] [INFO] |  local epoch  : 0, acc 0.261
[2024-01-16 20:10:32] [INFO] | distill epoch : 0, acc 0.252
[2024-01-16 20:10:32] [INFO] | distill epoch : 1, acc 0.249
[2024-01-16 20:10:33] [INFO] | distill epoch : 2, acc 0.256
[2024-01-16 20:10:33] [INFO] | distill epoch : 3, acc 0.253
[2024-01-16 20:10:34] [INFO] | distill epoch : 4, acc 0.260
[2024-01-16 20:10:34] [INFO] | distill epoch : 5, acc 0.253
[2024-01-16 20:10:34] [INFO] | distill epoch : 6, acc 0.254
[2024-01-16 20:10:35] [INFO] | distill epoch : 7, acc 0.255
[2024-01-16 20:10:35] [INFO] | distill epoch : 8, acc 0.256
[2024-01-16 20:10:36] [INFO] | distill epoch : 9, acc 0.258
[2024-01-16 20:10:36] [INFO] | distill epoch : 10, acc 0.259
[2024-01-16 20:10:36] [INFO] | distill epoch : 11, acc 0.263
[2024-01-16 20:10:37] [INFO] | distill epoch : 12, acc 0.259
[2024-01-16 20:10:37] [INFO] | distill epoch : 13, acc 0.252
[2024-01-16 20:10:38] [INFO] | distill epoch : 14, acc 0.268
[2024-01-16 20:10:38] [INFO] | distill epoch : 15, acc 0.251
[2024-01-16 20:10:38] [INFO] | distill epoch : 16, acc 0.255
[2024-01-16 20:10:39] [INFO] | distill epoch : 17, acc 0.257
[2024-01-16 20:10:39] [INFO] | distill epoch : 18, acc 0.253
[2024-01-16 20:10:40] [INFO] | distill epoch : 19, acc 0.257
[2024-01-16 20:10:40] [INFO]  ---client 2
[2024-01-16 20:10:40] [INFO] |  local epoch  : 0, acc 0.282
[2024-01-16 20:10:40] [INFO] | distill epoch : 0, acc 0.283
[2024-01-16 20:10:41] [INFO] | distill epoch : 1, acc 0.279
[2024-01-16 20:10:41] [INFO] | distill epoch : 2, acc 0.282
[2024-01-16 20:10:42] [INFO] | distill epoch : 3, acc 0.282
[2024-01-16 20:10:42] [INFO] | distill epoch : 4, acc 0.283
[2024-01-16 20:10:42] [INFO] | distill epoch : 5, acc 0.284
[2024-01-16 20:10:43] [INFO] | distill epoch : 6, acc 0.279
[2024-01-16 20:10:43] [INFO] | distill epoch : 7, acc 0.275
[2024-01-16 20:10:44] [INFO] | distill epoch : 8, acc 0.280
[2024-01-16 20:10:44] [INFO] | distill epoch : 9, acc 0.282
[2024-01-16 20:10:45] [INFO] | distill epoch : 10, acc 0.275
[2024-01-16 20:10:45] [INFO] | distill epoch : 11, acc 0.283
[2024-01-16 20:10:45] [INFO] | distill epoch : 12, acc 0.280
[2024-01-16 20:10:46] [INFO] | distill epoch : 13, acc 0.285
[2024-01-16 20:10:46] [INFO] | distill epoch : 14, acc 0.279
[2024-01-16 20:10:47] [INFO] | distill epoch : 15, acc 0.280
[2024-01-16 20:10:47] [INFO] | distill epoch : 16, acc 0.280
[2024-01-16 20:10:47] [INFO] | distill epoch : 17, acc 0.280
[2024-01-16 20:10:48] [INFO] | distill epoch : 18, acc 0.281
[2024-01-16 20:10:48] [INFO] | distill epoch : 19, acc 0.282
[2024-01-16 20:10:48] [INFO] |servers comunicated: 1, server aggregated: 0, acc_server 0: 0.294.
[2024-01-16 20:10:48] [INFO] --------------------------------------------------
[2024-01-16 20:10:48] [INFO]   |server: 1
[2024-01-16 20:10:48] [INFO]  ---client 3
[2024-01-16 20:10:49] [INFO] |  local epoch  : 0, acc 0.244
[2024-01-16 20:10:49] [INFO] | distill epoch : 0, acc 0.234
[2024-01-16 20:10:50] [INFO] | distill epoch : 1, acc 0.238
[2024-01-16 20:10:50] [INFO] | distill epoch : 2, acc 0.238
[2024-01-16 20:10:50] [INFO] | distill epoch : 3, acc 0.238
[2024-01-16 20:10:51] [INFO] | distill epoch : 4, acc 0.237
[2024-01-16 20:10:51] [INFO] | distill epoch : 5, acc 0.233
[2024-01-16 20:10:52] [INFO] | distill epoch : 6, acc 0.235
[2024-01-16 20:10:52] [INFO] | distill epoch : 7, acc 0.238
[2024-01-16 20:10:53] [INFO] | distill epoch : 8, acc 0.240
[2024-01-16 20:10:53] [INFO] | distill epoch : 9, acc 0.238
[2024-01-16 20:10:53] [INFO] | distill epoch : 10, acc 0.238
[2024-01-16 20:10:54] [INFO] | distill epoch : 11, acc 0.236
[2024-01-16 20:10:54] [INFO] | distill epoch : 12, acc 0.236
[2024-01-16 20:10:55] [INFO] | distill epoch : 13, acc 0.237
[2024-01-16 20:10:55] [INFO] | distill epoch : 14, acc 0.234
[2024-01-16 20:10:55] [INFO] | distill epoch : 15, acc 0.231
[2024-01-16 20:10:56] [INFO] | distill epoch : 16, acc 0.236
[2024-01-16 20:10:56] [INFO] | distill epoch : 17, acc 0.241
[2024-01-16 20:10:57] [INFO] | distill epoch : 18, acc 0.237
[2024-01-16 20:10:57] [INFO] | distill epoch : 19, acc 0.238
[2024-01-16 20:10:57] [INFO]  ---client 4
[2024-01-16 20:10:57] [INFO] |  local epoch  : 0, acc 0.222
[2024-01-16 20:10:58] [INFO] | distill epoch : 0, acc 0.227
[2024-01-16 20:10:58] [INFO] | distill epoch : 1, acc 0.225
[2024-01-16 20:10:59] [INFO] | distill epoch : 2, acc 0.224
[2024-01-16 20:10:59] [INFO] | distill epoch : 3, acc 0.224
[2024-01-16 20:10:59] [INFO] | distill epoch : 4, acc 0.220
[2024-01-16 20:11:00] [INFO] | distill epoch : 5, acc 0.224
[2024-01-16 20:11:00] [INFO] | distill epoch : 6, acc 0.226
[2024-01-16 20:11:01] [INFO] | distill epoch : 7, acc 0.221
[2024-01-16 20:11:01] [INFO] | distill epoch : 8, acc 0.226
[2024-01-16 20:11:01] [INFO] | distill epoch : 9, acc 0.218
[2024-01-16 20:11:02] [INFO] | distill epoch : 10, acc 0.225
[2024-01-16 20:11:02] [INFO] | distill epoch : 11, acc 0.226
[2024-01-16 20:11:03] [INFO] | distill epoch : 12, acc 0.226
[2024-01-16 20:11:03] [INFO] | distill epoch : 13, acc 0.220
[2024-01-16 20:11:04] [INFO] | distill epoch : 14, acc 0.228
[2024-01-16 20:11:04] [INFO] | distill epoch : 15, acc 0.222
[2024-01-16 20:11:04] [INFO] | distill epoch : 16, acc 0.223
[2024-01-16 20:11:05] [INFO] | distill epoch : 17, acc 0.226
[2024-01-16 20:11:05] [INFO] | distill epoch : 18, acc 0.227
[2024-01-16 20:11:06] [INFO] | distill epoch : 19, acc 0.225
[2024-01-16 20:11:06] [INFO]  ---client 5
[2024-01-16 20:11:06] [INFO] |  local epoch  : 0, acc 0.258
[2024-01-16 20:11:06] [INFO] | distill epoch : 0, acc 0.254
[2024-01-16 20:11:07] [INFO] | distill epoch : 1, acc 0.253
[2024-01-16 20:11:07] [INFO] | distill epoch : 2, acc 0.251
[2024-01-16 20:11:08] [INFO] | distill epoch : 3, acc 0.252
[2024-01-16 20:11:08] [INFO] | distill epoch : 4, acc 0.254
[2024-01-16 20:11:08] [INFO] | distill epoch : 5, acc 0.255
[2024-01-16 20:11:09] [INFO] | distill epoch : 6, acc 0.253
[2024-01-16 20:11:09] [INFO] | distill epoch : 7, acc 0.259
[2024-01-16 20:11:10] [INFO] | distill epoch : 8, acc 0.255
[2024-01-16 20:11:10] [INFO] | distill epoch : 9, acc 0.251
[2024-01-16 20:11:10] [INFO] | distill epoch : 10, acc 0.253
[2024-01-16 20:11:11] [INFO] | distill epoch : 11, acc 0.257
[2024-01-16 20:11:11] [INFO] | distill epoch : 12, acc 0.253
[2024-01-16 20:11:12] [INFO] | distill epoch : 13, acc 0.254
[2024-01-16 20:11:12] [INFO] | distill epoch : 14, acc 0.254
[2024-01-16 20:11:12] [INFO] | distill epoch : 15, acc 0.251
[2024-01-16 20:11:13] [INFO] | distill epoch : 16, acc 0.254
[2024-01-16 20:11:13] [INFO] | distill epoch : 17, acc 0.251
[2024-01-16 20:11:14] [INFO] | distill epoch : 18, acc 0.251
[2024-01-16 20:11:14] [INFO] | distill epoch : 19, acc 0.243
[2024-01-16 20:11:14] [INFO] |servers comunicated: 1, server aggregated: 0, acc_server 1: 0.237.
[2024-01-16 20:11:14] [INFO] --------------------------------------------------
[2024-01-16 20:11:14] [INFO]   |server: 2
[2024-01-16 20:11:14] [INFO]  ---client 6
[2024-01-16 20:11:15] [INFO] |  local epoch  : 0, acc 0.286
[2024-01-16 20:11:15] [INFO] | distill epoch : 0, acc 0.294
[2024-01-16 20:11:16] [INFO] | distill epoch : 1, acc 0.238
[2024-01-16 20:11:16] [INFO] | distill epoch : 2, acc 0.305
[2024-01-16 20:11:17] [INFO] | distill epoch : 3, acc 0.273
[2024-01-16 20:11:17] [INFO] | distill epoch : 4, acc 0.282
[2024-01-16 20:11:17] [INFO] | distill epoch : 5, acc 0.319
[2024-01-16 20:11:18] [INFO] | distill epoch : 6, acc 0.308
[2024-01-16 20:11:18] [INFO] | distill epoch : 7, acc 0.288
[2024-01-16 20:11:19] [INFO] | distill epoch : 8, acc 0.301
[2024-01-16 20:11:19] [INFO] | distill epoch : 9, acc 0.285
[2024-01-16 20:11:19] [INFO] | distill epoch : 10, acc 0.308
[2024-01-16 20:11:20] [INFO] | distill epoch : 11, acc 0.303
[2024-01-16 20:11:20] [INFO] | distill epoch : 12, acc 0.305
[2024-01-16 20:11:21] [INFO] | distill epoch : 13, acc 0.297
[2024-01-16 20:11:21] [INFO] | distill epoch : 14, acc 0.299
[2024-01-16 20:11:21] [INFO] | distill epoch : 15, acc 0.302
[2024-01-16 20:11:22] [INFO] | distill epoch : 16, acc 0.311
[2024-01-16 20:11:22] [INFO] | distill epoch : 17, acc 0.305
[2024-01-16 20:11:23] [INFO] | distill epoch : 18, acc 0.313
[2024-01-16 20:11:23] [INFO] | distill epoch : 19, acc 0.297
[2024-01-16 20:11:23] [INFO]  ---client 7
[2024-01-16 20:11:23] [INFO] |  local epoch  : 0, acc 0.263
[2024-01-16 20:11:24] [INFO] | distill epoch : 0, acc 0.251
[2024-01-16 20:11:24] [INFO] | distill epoch : 1, acc 0.235
[2024-01-16 20:11:25] [INFO] | distill epoch : 2, acc 0.266
[2024-01-16 20:11:25] [INFO] | distill epoch : 3, acc 0.263
[2024-01-16 20:11:25] [INFO] | distill epoch : 4, acc 0.263
[2024-01-16 20:11:26] [INFO] | distill epoch : 5, acc 0.263
[2024-01-16 20:11:26] [INFO] | distill epoch : 6, acc 0.224
[2024-01-16 20:11:27] [INFO] | distill epoch : 7, acc 0.261
[2024-01-16 20:11:27] [INFO] | distill epoch : 8, acc 0.257
[2024-01-16 20:11:28] [INFO] | distill epoch : 9, acc 0.264
[2024-01-16 20:11:28] [INFO] | distill epoch : 10, acc 0.262
[2024-01-16 20:11:28] [INFO] | distill epoch : 11, acc 0.263
[2024-01-16 20:11:29] [INFO] | distill epoch : 12, acc 0.262
[2024-01-16 20:11:29] [INFO] | distill epoch : 13, acc 0.263
[2024-01-16 20:11:30] [INFO] | distill epoch : 14, acc 0.269
[2024-01-16 20:11:30] [INFO] | distill epoch : 15, acc 0.262
[2024-01-16 20:11:30] [INFO] | distill epoch : 16, acc 0.263
[2024-01-16 20:11:31] [INFO] | distill epoch : 17, acc 0.263
[2024-01-16 20:11:31] [INFO] | distill epoch : 18, acc 0.262
[2024-01-16 20:11:32] [INFO] | distill epoch : 19, acc 0.282
[2024-01-16 20:11:32] [INFO]  ---client 8
[2024-01-16 20:11:32] [INFO] |  local epoch  : 0, acc 0.254
[2024-01-16 20:11:32] [INFO] | distill epoch : 0, acc 0.262
[2024-01-16 20:11:33] [INFO] | distill epoch : 1, acc 0.249
[2024-01-16 20:11:33] [INFO] | distill epoch : 2, acc 0.246
[2024-01-16 20:11:34] [INFO] | distill epoch : 3, acc 0.258
[2024-01-16 20:11:34] [INFO] | distill epoch : 4, acc 0.267
