[2024-01-16 20:49:13] [INFO] device cuda is used.
[2024-01-16 20:49:13] [INFO] cudnn is actived.
[2024-01-16 20:49:13] [INFO] 
      alpha      :  0.5  
        T        :   6   
    algorithm    :   3   
num_server_commu :   3   
num_client_commu :   3   
num_client_train :   5   
num_public_train :  20   
   batch_size    :  160  
     dataset     : mnist 
  model_select   :   1   
 num_all_client  :   9   
 num_all_server  :   3   
 num_client_data : 1200  
 num_public_data : 1000  
   proportion    :  0.8  
   num_workers   :   8   
[2024-01-16 20:49:16] [INFO] --------------------------------------------------
[2024-01-16 20:49:16] [INFO] |epoch_server_commu: 0/3
[2024-01-16 20:49:16] [INFO]  |epoch_client_commu: 0/3
[2024-01-16 20:49:16] [INFO]   |server: 0
[2024-01-16 20:49:16] [INFO]  ---client 0
[2024-01-16 20:49:17] [INFO] |local epoch: 0, acc: 0.099, acc_v: 0.280
[2024-01-16 20:49:17] [INFO] |local epoch: 1, acc: 0.099, acc_v: 0.280
[2024-01-16 20:49:17] [INFO] |local epoch: 2, acc: 0.099, acc_v: 0.280
[2024-01-16 20:49:18] [INFO] |local epoch: 3, acc: 0.203, acc_v: 0.650
[2024-01-16 20:49:18] [INFO] |local epoch: 4, acc: 0.190, acc_v: 0.645
[2024-01-16 20:49:18] [INFO]  ---client 1
[2024-01-16 20:49:18] [INFO] |local epoch: 0, acc: 0.099, acc_v: 0.310
[2024-01-16 20:49:19] [INFO] |local epoch: 1, acc: 0.099, acc_v: 0.310
[2024-01-16 20:49:19] [INFO] |local epoch: 2, acc: 0.099, acc_v: 0.310
[2024-01-16 20:49:20] [INFO] |local epoch: 3, acc: 0.099, acc_v: 0.310
[2024-01-16 20:49:20] [INFO] |local epoch: 4, acc: 0.174, acc_v: 0.575
[2024-01-16 20:49:20] [INFO]  ---client 2
[2024-01-16 20:49:20] [INFO] |local epoch: 0, acc: 0.099, acc_v: 0.280
[2024-01-16 20:49:21] [INFO] |local epoch: 1, acc: 0.099, acc_v: 0.280
[2024-01-16 20:49:21] [INFO] |local epoch: 2, acc: 0.099, acc_v: 0.280
[2024-01-16 20:49:21] [INFO] |local epoch: 3, acc: 0.099, acc_v: 0.280
[2024-01-16 20:49:22] [INFO] |local epoch: 4, acc: 0.188, acc_v: 0.590
[2024-01-16 20:49:22] [INFO] |servers comunicated: 1, server aggregated: 1, acc_server 0: 0.202.
[2024-01-16 20:49:22] [INFO] --------------------------------------------------
[2024-01-16 20:49:22] [INFO]   |server: 1
[2024-01-16 20:49:22] [INFO]  ---client 3
[2024-01-16 20:49:22] [INFO] |local epoch: 0, acc: 0.101, acc_v: 0.325
[2024-01-16 20:49:23] [INFO] |local epoch: 1, acc: 0.101, acc_v: 0.325
[2024-01-16 20:49:23] [INFO] |local epoch: 2, acc: 0.101, acc_v: 0.325
[2024-01-16 20:49:23] [INFO] |local epoch: 3, acc: 0.105, acc_v: 0.360
[2024-01-16 20:49:24] [INFO] |local epoch: 4, acc: 0.166, acc_v: 0.595
[2024-01-16 20:49:24] [INFO]  ---client 4
[2024-01-16 20:49:24] [INFO] |local epoch: 0, acc: 0.101, acc_v: 0.335
[2024-01-16 20:49:24] [INFO] |local epoch: 1, acc: 0.101, acc_v: 0.335
[2024-01-16 20:49:25] [INFO] |local epoch: 2, acc: 0.101, acc_v: 0.335
[2024-01-16 20:49:25] [INFO] |local epoch: 3, acc: 0.101, acc_v: 0.335
[2024-01-16 20:49:25] [INFO] |local epoch: 4, acc: 0.217, acc_v: 0.800
[2024-01-16 20:49:25] [INFO]  ---client 5
[2024-01-16 20:49:26] [INFO] |local epoch: 0, acc: 0.101, acc_v: 0.295
[2024-01-16 20:49:26] [INFO] |local epoch: 1, acc: 0.101, acc_v: 0.295
[2024-01-16 20:49:26] [INFO] |local epoch: 2, acc: 0.102, acc_v: 0.300
[2024-01-16 20:49:27] [INFO] |local epoch: 3, acc: 0.167, acc_v: 0.490
[2024-01-16 20:49:27] [INFO] |local epoch: 4, acc: 0.177, acc_v: 0.675
[2024-01-16 20:49:27] [INFO] |servers comunicated: 1, server aggregated: 1, acc_server 1: 0.218.
[2024-01-16 20:49:27] [INFO] --------------------------------------------------
[2024-01-16 20:49:27] [INFO]   |server: 2
[2024-01-16 20:49:27] [INFO]  ---client 6
[2024-01-16 20:49:28] [INFO] |local epoch: 0, acc: 0.102, acc_v: 0.265
[2024-01-16 20:49:28] [INFO] |local epoch: 1, acc: 0.160, acc_v: 0.430
[2024-01-16 20:49:28] [INFO] |local epoch: 2, acc: 0.208, acc_v: 0.545
[2024-01-16 20:49:29] [INFO] |local epoch: 3, acc: 0.195, acc_v: 0.540
[2024-01-16 20:49:29] [INFO] |local epoch: 4, acc: 0.120, acc_v: 0.270
[2024-01-16 20:49:29] [INFO]  ---client 7
[2024-01-16 20:49:30] [INFO] |local epoch: 0, acc: 0.102, acc_v: 0.260
[2024-01-16 20:49:30] [INFO] |local epoch: 1, acc: 0.181, acc_v: 0.485
[2024-01-16 20:49:30] [INFO] |local epoch: 2, acc: 0.106, acc_v: 0.265
[2024-01-16 20:49:31] [INFO] |local epoch: 3, acc: 0.175, acc_v: 0.465
[2024-01-16 20:49:31] [INFO] |local epoch: 4, acc: 0.158, acc_v: 0.390
[2024-01-16 20:49:31] [INFO]  ---client 8
[2024-01-16 20:49:31] [INFO] |local epoch: 0, acc: 0.102, acc_v: 0.205
[2024-01-16 20:49:32] [INFO] |local epoch: 1, acc: 0.182, acc_v: 0.535
[2024-01-16 20:49:32] [INFO] |local epoch: 2, acc: 0.159, acc_v: 0.450
[2024-01-16 20:49:32] [INFO] |local epoch: 3, acc: 0.095, acc_v: 0.255
[2024-01-16 20:49:33] [INFO] |local epoch: 4, acc: 0.151, acc_v: 0.440
[2024-01-16 20:49:33] [INFO] |servers comunicated: 1, server aggregated: 1, acc_server 2: 0.141.
[2024-01-16 20:49:33] [INFO] --------------------------------------------------
[2024-01-16 20:49:33] [INFO]  |epoch_client_commu: 1/3
[2024-01-16 20:49:33] [INFO]   |server: 0
[2024-01-16 20:49:33] [INFO]  ---client 0
[2024-01-16 20:49:33] [INFO] |local epoch: 0, acc: 0.279, acc_v: 0.885
[2024-01-16 20:49:34] [INFO] |local epoch: 1, acc: 0.303, acc_v: 0.950
[2024-01-16 20:49:34] [INFO] |local epoch: 2, acc: 0.296, acc_v: 0.955
[2024-01-16 20:49:34] [INFO] |local epoch: 3, acc: 0.303, acc_v: 0.960
[2024-01-16 20:49:35] [INFO] |local epoch: 4, acc: 0.305, acc_v: 0.965
[2024-01-16 20:49:35] [INFO]  ---client 1
[2024-01-16 20:49:35] [INFO] |local epoch: 0, acc: 0.295, acc_v: 0.930
[2024-01-16 20:49:35] [INFO] |local epoch: 1, acc: 0.297, acc_v: 0.925
[2024-01-16 20:49:36] [INFO] |local epoch: 2, acc: 0.294, acc_v: 0.895
[2024-01-16 20:49:36] [INFO] |local epoch: 3, acc: 0.303, acc_v: 0.945
[2024-01-16 20:49:36] [INFO] |local epoch: 4, acc: 0.301, acc_v: 0.935
[2024-01-16 20:49:36] [INFO]  ---client 2
[2024-01-16 20:49:37] [INFO] |local epoch: 0, acc: 0.276, acc_v: 0.850
[2024-01-16 20:49:37] [INFO] |local epoch: 1, acc: 0.301, acc_v: 0.950
[2024-01-16 20:49:37] [INFO] |local epoch: 2, acc: 0.302, acc_v: 0.940
[2024-01-16 20:49:38] [INFO] |local epoch: 3, acc: 0.302, acc_v: 0.950
[2024-01-16 20:49:38] [INFO] |local epoch: 4, acc: 0.304, acc_v: 0.940
[2024-01-16 20:49:38] [INFO] |servers comunicated: 1, server aggregated: 2, acc_server 0: 0.304.
[2024-01-16 20:49:38] [INFO] --------------------------------------------------
[2024-01-16 20:49:38] [INFO]   |server: 1
[2024-01-16 20:49:38] [INFO]  ---client 3
[2024-01-16 20:49:39] [INFO] |local epoch: 0, acc: 0.164, acc_v: 0.650
[2024-01-16 20:49:39] [INFO] |local epoch: 1, acc: 0.216, acc_v: 0.770
[2024-01-16 20:49:39] [INFO] |local epoch: 2, acc: 0.215, acc_v: 0.760
[2024-01-16 20:49:40] [INFO] |local epoch: 3, acc: 0.227, acc_v: 0.805
[2024-01-16 20:49:40] [INFO] |local epoch: 4, acc: 0.222, acc_v: 0.805
[2024-01-16 20:49:40] [INFO]  ---client 4
[2024-01-16 20:49:40] [INFO] |local epoch: 0, acc: 0.198, acc_v: 0.690
[2024-01-16 20:49:41] [INFO] |local epoch: 1, acc: 0.216, acc_v: 0.780
[2024-01-16 20:49:41] [INFO] |local epoch: 2, acc: 0.243, acc_v: 0.860
[2024-01-16 20:49:42] [INFO] |local epoch: 3, acc: 0.220, acc_v: 0.735
[2024-01-16 20:49:42] [INFO] |local epoch: 4, acc: 0.237, acc_v: 0.830
[2024-01-16 20:49:42] [INFO]  ---client 5
[2024-01-16 20:49:42] [INFO] |local epoch: 0, acc: 0.151, acc_v: 0.435
[2024-01-16 20:49:43] [INFO] |local epoch: 1, acc: 0.246, acc_v: 0.835
[2024-01-16 20:49:43] [INFO] |local epoch: 2, acc: 0.236, acc_v: 0.800
[2024-01-16 20:49:43] [INFO] |local epoch: 3, acc: 0.230, acc_v: 0.775
[2024-01-16 20:49:44] [INFO] |local epoch: 4, acc: 0.258, acc_v: 0.860
[2024-01-16 20:49:44] [INFO] |servers comunicated: 1, server aggregated: 2, acc_server 1: 0.259.
[2024-01-16 20:49:44] [INFO] --------------------------------------------------
[2024-01-16 20:49:44] [INFO]   |server: 2
[2024-01-16 20:49:44] [INFO]  ---client 6
[2024-01-16 20:49:44] [INFO] |local epoch: 0, acc: 0.188, acc_v: 0.500
[2024-01-16 20:49:45] [INFO] |local epoch: 1, acc: 0.199, acc_v: 0.540
[2024-01-16 20:49:45] [INFO] |local epoch: 2, acc: 0.262, acc_v: 0.695
[2024-01-16 20:49:45] [INFO] |local epoch: 3, acc: 0.315, acc_v: 0.845
[2024-01-16 20:49:46] [INFO] |local epoch: 4, acc: 0.326, acc_v: 0.825
[2024-01-16 20:49:46] [INFO]  ---client 7
[2024-01-16 20:49:46] [INFO] |local epoch: 0, acc: 0.203, acc_v: 0.525
[2024-01-16 20:49:46] [INFO] |local epoch: 1, acc: 0.283, acc_v: 0.715
[2024-01-16 20:49:47] [INFO] |local epoch: 2, acc: 0.317, acc_v: 0.795
[2024-01-16 20:49:47] [INFO] |local epoch: 3, acc: 0.279, acc_v: 0.720
[2024-01-16 20:49:47] [INFO] |local epoch: 4, acc: 0.346, acc_v: 0.870
[2024-01-16 20:49:47] [INFO]  ---client 8
[2024-01-16 20:49:48] [INFO] |local epoch: 0, acc: 0.189, acc_v: 0.540
[2024-01-16 20:49:48] [INFO] |local epoch: 1, acc: 0.225, acc_v: 0.570
[2024-01-16 20:49:49] [INFO] |local epoch: 2, acc: 0.272, acc_v: 0.720
[2024-01-16 20:49:49] [INFO] |local epoch: 3, acc: 0.337, acc_v: 0.865
[2024-01-16 20:49:49] [INFO] |local epoch: 4, acc: 0.328, acc_v: 0.830
[2024-01-16 20:49:49] [INFO] |servers comunicated: 1, server aggregated: 2, acc_server 2: 0.346.
[2024-01-16 20:49:49] [INFO] --------------------------------------------------
[2024-01-16 20:49:49] [INFO]  |epoch_client_commu: 2/3
[2024-01-16 20:49:49] [INFO]   |server: 0
[2024-01-16 20:49:49] [INFO]  ---client 0
[2024-01-16 20:49:50] [INFO] |local epoch: 0, acc: 0.307, acc_v: 0.970
[2024-01-16 20:49:50] [INFO] |local epoch: 1, acc: 0.307, acc_v: 0.965
[2024-01-16 20:49:50] [INFO] |local epoch: 2, acc: 0.311, acc_v: 0.975
[2024-01-16 20:49:51] [INFO] |local epoch: 3, acc: 0.312, acc_v: 0.975
[2024-01-16 20:49:51] [INFO] |local epoch: 4, acc: 0.312, acc_v: 0.975
[2024-01-16 20:49:51] [INFO]  ---client 1
[2024-01-16 20:49:52] [INFO] |local epoch: 0, acc: 0.304, acc_v: 0.960
[2024-01-16 20:49:52] [INFO] |local epoch: 1, acc: 0.308, acc_v: 0.950
[2024-01-16 20:49:52] [INFO] |local epoch: 2, acc: 0.305, acc_v: 0.945
[2024-01-16 20:49:53] [INFO] |local epoch: 3, acc: 0.304, acc_v: 0.955
[2024-01-16 20:49:53] [INFO] |local epoch: 4, acc: 0.307, acc_v: 0.970
[2024-01-16 20:49:53] [INFO]  ---client 2
[2024-01-16 20:49:53] [INFO] |local epoch: 0, acc: 0.307, acc_v: 0.950
[2024-01-16 20:49:54] [INFO] |local epoch: 1, acc: 0.305, acc_v: 0.950
[2024-01-16 20:49:54] [INFO] |local epoch: 2, acc: 0.305, acc_v: 0.945
[2024-01-16 20:49:54] [INFO] |local epoch: 3, acc: 0.310, acc_v: 0.970
[2024-01-16 20:49:55] [INFO] |local epoch: 4, acc: 0.311, acc_v: 0.960
[2024-01-16 20:49:55] [INFO] |servers comunicated: 1, server aggregated: 3, acc_server 0: 0.312.
[2024-01-16 20:49:55] [INFO] --------------------------------------------------
[2024-01-16 20:49:55] [INFO]   |server: 1
[2024-01-16 20:49:55] [INFO]  ---client 3
[2024-01-16 20:49:55] [INFO] |local epoch: 0, acc: 0.252, acc_v: 0.885
[2024-01-16 20:49:56] [INFO] |local epoch: 1, acc: 0.254, acc_v: 0.900
[2024-01-16 20:49:56] [INFO] |local epoch: 2, acc: 0.262, acc_v: 0.925
[2024-01-16 20:49:56] [INFO] |local epoch: 3, acc: 0.266, acc_v: 0.945
[2024-01-16 20:49:57] [INFO] |local epoch: 4, acc: 0.269, acc_v: 0.925
[2024-01-16 20:49:57] [INFO]  ---client 4
[2024-01-16 20:49:57] [INFO] |local epoch: 0, acc: 0.252, acc_v: 0.905
[2024-01-16 20:49:57] [INFO] |local epoch: 1, acc: 0.256, acc_v: 0.920
[2024-01-16 20:49:58] [INFO] |local epoch: 2, acc: 0.263, acc_v: 0.955
[2024-01-16 20:49:58] [INFO] |local epoch: 3, acc: 0.266, acc_v: 0.945
[2024-01-16 20:49:58] [INFO] |local epoch: 4, acc: 0.267, acc_v: 0.945
[2024-01-16 20:49:58] [INFO]  ---client 5
[2024-01-16 20:49:59] [INFO] |local epoch: 0, acc: 0.243, acc_v: 0.825
[2024-01-16 20:49:59] [INFO] |local epoch: 1, acc: 0.252, acc_v: 0.860
[2024-01-16 20:50:00] [INFO] |local epoch: 2, acc: 0.251, acc_v: 0.855
[2024-01-16 20:50:00] [INFO] |local epoch: 3, acc: 0.263, acc_v: 0.895
[2024-01-16 20:50:00] [INFO] |local epoch: 4, acc: 0.265, acc_v: 0.920
[2024-01-16 20:50:00] [INFO] |servers comunicated: 1, server aggregated: 3, acc_server 1: 0.268.
[2024-01-16 20:50:00] [INFO] --------------------------------------------------
[2024-01-16 20:50:00] [INFO]   |server: 2
[2024-01-16 20:50:00] [INFO]  ---client 6
[2024-01-16 20:50:01] [INFO] |local epoch: 0, acc: 0.336, acc_v: 0.915
[2024-01-16 20:50:01] [INFO] |local epoch: 1, acc: 0.344, acc_v: 0.935
[2024-01-16 20:50:01] [INFO] |local epoch: 2, acc: 0.354, acc_v: 0.930
[2024-01-16 20:50:02] [INFO] |local epoch: 3, acc: 0.353, acc_v: 0.925
[2024-01-16 20:50:02] [INFO] |local epoch: 4, acc: 0.359, acc_v: 0.905
[2024-01-16 20:50:02] [INFO]  ---client 7
[2024-01-16 20:50:03] [INFO] |local epoch: 0, acc: 0.340, acc_v: 0.855
[2024-01-16 20:50:03] [INFO] |local epoch: 1, acc: 0.353, acc_v: 0.890
[2024-01-16 20:50:03] [INFO] |local epoch: 2, acc: 0.355, acc_v: 0.910
[2024-01-16 20:50:04] [INFO] |local epoch: 3, acc: 0.360, acc_v: 0.905
[2024-01-16 20:50:04] [INFO] |local epoch: 4, acc: 0.359, acc_v: 0.920
[2024-01-16 20:50:04] [INFO]  ---client 8
[2024-01-16 20:50:04] [INFO] |local epoch: 0, acc: 0.342, acc_v: 0.860
[2024-01-16 20:50:05] [INFO] |local epoch: 1, acc: 0.345, acc_v: 0.890
[2024-01-16 20:50:05] [INFO] |local epoch: 2, acc: 0.353, acc_v: 0.890
[2024-01-16 20:50:05] [INFO] |local epoch: 3, acc: 0.359, acc_v: 0.915
[2024-01-16 20:50:06] [INFO] |local epoch: 4, acc: 0.360, acc_v: 0.925
[2024-01-16 20:50:06] [INFO] |servers comunicated: 1, server aggregated: 3, acc_server 2: 0.360.
[2024-01-16 20:50:06] [INFO] --------------------------------------------------
[2024-01-16 20:50:06] [INFO]      ********  servers comunicates  ********      
[2024-01-16 20:50:06] [INFO] --------------------------------------------------
[2024-01-16 20:50:06] [INFO] |epoch_server_commu: 1/3
[2024-01-16 20:50:06] [INFO]  |epoch_client_commu: 0/3
[2024-01-16 20:50:06] [INFO]   |server: 0
[2024-01-16 20:50:06] [INFO]  ---client 0
[2024-01-16 20:50:06] [INFO] |local epoch: 0, acc: 0.312, acc_v: 0.970
[2024-01-16 20:50:07] [INFO] |local epoch: 1, acc: 0.313, acc_v: 0.975
[2024-01-16 20:50:07] [INFO] |local epoch: 2, acc: 0.313, acc_v: 0.975
[2024-01-16 20:50:07] [INFO] |local epoch: 3, acc: 0.313, acc_v: 0.980
[2024-01-16 20:50:08] [INFO] |local epoch: 4, acc: 0.313, acc_v: 0.980
[2024-01-16 20:50:08] [INFO] |distill epoch: 0, acc: 0.312, acc_v: 0.975
[2024-01-16 20:50:08] [INFO] |distill epoch: 1, acc: 0.310, acc_v: 0.975
[2024-01-16 20:50:09] [INFO] |distill epoch: 2, acc: 0.308, acc_v: 0.970
[2024-01-16 20:50:09] [INFO] |distill epoch: 3, acc: 0.305, acc_v: 0.955
[2024-01-16 20:50:10] [INFO] |distill epoch: 4, acc: 0.303, acc_v: 0.950
[2024-01-16 20:50:10] [INFO]  ---client 1
[2024-01-16 20:50:10] [INFO] |local epoch: 0, acc: 0.311, acc_v: 0.975
[2024-01-16 20:50:10] [INFO] |local epoch: 1, acc: 0.312, acc_v: 0.980
[2024-01-16 20:50:11] [INFO] |local epoch: 2, acc: 0.312, acc_v: 0.975
[2024-01-16 20:50:11] [INFO] |local epoch: 3, acc: 0.313, acc_v: 0.980
[2024-01-16 20:50:11] [INFO] |local epoch: 4, acc: 0.312, acc_v: 0.980
[2024-01-16 20:50:12] [INFO] |distill epoch: 0, acc: 0.313, acc_v: 0.985
[2024-01-16 20:50:12] [INFO] |distill epoch: 1, acc: 0.311, acc_v: 0.975
[2024-01-16 20:50:12] [INFO] |distill epoch: 2, acc: 0.309, acc_v: 0.970
[2024-01-16 20:50:13] [INFO] |distill epoch: 3, acc: 0.306, acc_v: 0.945
[2024-01-16 20:50:13] [INFO] |distill epoch: 4, acc: 0.302, acc_v: 0.940
[2024-01-16 20:50:13] [INFO]  ---client 2
[2024-01-16 20:50:13] [INFO] |local epoch: 0, acc: 0.312, acc_v: 0.975
[2024-01-16 20:50:14] [INFO] |local epoch: 1, acc: 0.312, acc_v: 0.980
[2024-01-16 20:50:14] [INFO] |local epoch: 2, acc: 0.313, acc_v: 0.975
[2024-01-16 20:50:15] [INFO] |local epoch: 3, acc: 0.313, acc_v: 0.980
[2024-01-16 20:50:15] [INFO] |local epoch: 4, acc: 0.312, acc_v: 0.980
[2024-01-16 20:50:15] [INFO] |distill epoch: 0, acc: 0.312, acc_v: 0.980
[2024-01-16 20:50:16] [INFO] |distill epoch: 1, acc: 0.309, acc_v: 0.970
[2024-01-16 20:50:16] [INFO] |distill epoch: 2, acc: 0.308, acc_v: 0.970
[2024-01-16 20:50:16] [INFO] |distill epoch: 3, acc: 0.305, acc_v: 0.970
[2024-01-16 20:50:17] [INFO] |distill epoch: 4, acc: 0.303, acc_v: 0.955
[2024-01-16 20:50:17] [INFO] |servers comunicated: 2, server aggregated: 1, acc_server 0: 0.303.
[2024-01-16 20:50:17] [INFO] --------------------------------------------------
[2024-01-16 20:50:17] [INFO]   |server: 1
[2024-01-16 20:50:17] [INFO]  ---client 3
[2024-01-16 20:50:17] [INFO] |local epoch: 0, acc: 0.269, acc_v: 0.940
[2024-01-16 20:50:18] [INFO] |local epoch: 1, acc: 0.270, acc_v: 0.940
[2024-01-16 20:50:18] [INFO] |local epoch: 2, acc: 0.271, acc_v: 0.945
[2024-01-16 20:50:18] [INFO] |local epoch: 3, acc: 0.270, acc_v: 0.960
[2024-01-16 20:50:19] [INFO] |local epoch: 4, acc: 0.271, acc_v: 0.940
[2024-01-16 20:50:19] [INFO] |distill epoch: 0, acc: 0.269, acc_v: 0.945
[2024-01-16 20:50:19] [INFO] |distill epoch: 1, acc: 0.264, acc_v: 0.920
[2024-01-16 20:50:20] [INFO] |distill epoch: 2, acc: 0.259, acc_v: 0.895
[2024-01-16 20:50:20] [INFO] |distill epoch: 3, acc: 0.251, acc_v: 0.865
[2024-01-16 20:50:20] [INFO] |distill epoch: 4, acc: 0.239, acc_v: 0.830
[2024-01-16 20:50:20] [INFO]  ---client 4
[2024-01-16 20:50:21] [INFO] |local epoch: 0, acc: 0.269, acc_v: 0.960
[2024-01-16 20:50:21] [INFO] |local epoch: 1, acc: 0.270, acc_v: 0.955
[2024-01-16 20:50:21] [INFO] |local epoch: 2, acc: 0.270, acc_v: 0.955
[2024-01-16 20:50:22] [INFO] |local epoch: 3, acc: 0.271, acc_v: 0.955
[2024-01-16 20:50:22] [INFO] |local epoch: 4, acc: 0.271, acc_v: 0.955
[2024-01-16 20:50:23] [INFO] |distill epoch: 0, acc: 0.269, acc_v: 0.945
[2024-01-16 20:50:23] [INFO] |distill epoch: 1, acc: 0.264, acc_v: 0.925
[2024-01-16 20:50:23] [INFO] |distill epoch: 2, acc: 0.258, acc_v: 0.895
[2024-01-16 20:50:24] [INFO] |distill epoch: 3, acc: 0.249, acc_v: 0.865
[2024-01-16 20:50:24] [INFO] |distill epoch: 4, acc: 0.235, acc_v: 0.795
[2024-01-16 20:50:24] [INFO]  ---client 5
[2024-01-16 20:50:24] [INFO] |local epoch: 0, acc: 0.268, acc_v: 0.910
[2024-01-16 20:50:25] [INFO] |local epoch: 1, acc: 0.267, acc_v: 0.910
[2024-01-16 20:50:25] [INFO] |local epoch: 2, acc: 0.269, acc_v: 0.915
[2024-01-16 20:50:25] [INFO] |local epoch: 3, acc: 0.269, acc_v: 0.915
[2024-01-16 20:50:26] [INFO] |local epoch: 4, acc: 0.270, acc_v: 0.920
[2024-01-16 20:50:26] [INFO] |distill epoch: 0, acc: 0.268, acc_v: 0.905
[2024-01-16 20:50:26] [INFO] |distill epoch: 1, acc: 0.264, acc_v: 0.885
[2024-01-16 20:50:27] [INFO] |distill epoch: 2, acc: 0.258, acc_v: 0.865
[2024-01-16 20:50:27] [INFO] |distill epoch: 3, acc: 0.249, acc_v: 0.820
[2024-01-16 20:50:28] [INFO] |distill epoch: 4, acc: 0.237, acc_v: 0.770
[2024-01-16 20:50:28] [INFO] |servers comunicated: 2, server aggregated: 1, acc_server 1: 0.237.
[2024-01-16 20:50:28] [INFO] --------------------------------------------------
[2024-01-16 20:50:28] [INFO]   |server: 2
[2024-01-16 20:50:28] [INFO]  ---client 6
[2024-01-16 20:50:28] [INFO] |local epoch: 0, acc: 0.363, acc_v: 0.940
[2024-01-16 20:50:28] [INFO] |local epoch: 1, acc: 0.363, acc_v: 0.925
[2024-01-16 20:50:29] [INFO] |local epoch: 2, acc: 0.362, acc_v: 0.930
[2024-01-16 20:50:29] [INFO] |local epoch: 3, acc: 0.362, acc_v: 0.930
[2024-01-16 20:50:29] [INFO] |local epoch: 4, acc: 0.365, acc_v: 0.935
[2024-01-16 20:50:30] [INFO] |distill epoch: 0, acc: 0.355, acc_v: 0.950
[2024-01-16 20:50:30] [INFO] |distill epoch: 1, acc: 0.347, acc_v: 0.945
[2024-01-16 20:50:31] [INFO] |distill epoch: 2, acc: 0.345, acc_v: 0.935
[2024-01-16 20:50:31] [INFO] |distill epoch: 3, acc: 0.337, acc_v: 0.920
[2024-01-16 20:50:31] [INFO] |distill epoch: 4, acc: 0.328, acc_v: 0.910
[2024-01-16 20:50:31] [INFO]  ---client 7
[2024-01-16 20:50:32] [INFO] |local epoch: 0, acc: 0.361, acc_v: 0.910
[2024-01-16 20:50:32] [INFO] |local epoch: 1, acc: 0.362, acc_v: 0.925
[2024-01-16 20:50:32] [INFO] |local epoch: 2, acc: 0.362, acc_v: 0.910
[2024-01-16 20:50:33] [INFO] |local epoch: 3, acc: 0.364, acc_v: 0.935
[2024-01-16 20:50:33] [INFO] |local epoch: 4, acc: 0.364, acc_v: 0.925
[2024-01-16 20:50:33] [INFO] |distill epoch: 0, acc: 0.355, acc_v: 0.900
[2024-01-16 20:50:34] [INFO] |distill epoch: 1, acc: 0.349, acc_v: 0.885
[2024-01-16 20:50:34] [INFO] |distill epoch: 2, acc: 0.345, acc_v: 0.880
[2024-01-16 20:50:34] [INFO] |distill epoch: 3, acc: 0.337, acc_v: 0.850
[2024-01-16 20:50:35] [INFO] |distill epoch: 4, acc: 0.330, acc_v: 0.830
[2024-01-16 20:50:35] [INFO]  ---client 8
[2024-01-16 20:50:35] [INFO] |local epoch: 0, acc: 0.361, acc_v: 0.915
[2024-01-16 20:50:36] [INFO] |local epoch: 1, acc: 0.360, acc_v: 0.915
[2024-01-16 20:50:36] [INFO] |local epoch: 2, acc: 0.363, acc_v: 0.915
[2024-01-16 20:50:36] [INFO] |local epoch: 3, acc: 0.365, acc_v: 0.925
[2024-01-16 20:50:37] [INFO] |local epoch: 4, acc: 0.363, acc_v: 0.915
[2024-01-16 20:50:37] [INFO] |distill epoch: 0, acc: 0.357, acc_v: 0.905
[2024-01-16 20:50:37] [INFO] |distill epoch: 1, acc: 0.348, acc_v: 0.875
[2024-01-16 20:50:38] [INFO] |distill epoch: 2, acc: 0.344, acc_v: 0.865
[2024-01-16 20:50:38] [INFO] |distill epoch: 3, acc: 0.339, acc_v: 0.850
[2024-01-16 20:50:38] [INFO] |distill epoch: 4, acc: 0.327, acc_v: 0.810
[2024-01-16 20:50:39] [INFO] |servers comunicated: 2, server aggregated: 1, acc_server 2: 0.327.
[2024-01-16 20:50:39] [INFO] --------------------------------------------------
[2024-01-16 20:50:39] [INFO]  |epoch_client_commu: 1/3
[2024-01-16 20:50:39] [INFO]   |server: 0
[2024-01-16 20:50:39] [INFO]  ---client 0
[2024-01-16 20:50:39] [INFO] |local epoch: 0, acc: 0.312, acc_v: 0.980
[2024-01-16 20:50:39] [INFO] |local epoch: 1, acc: 0.313, acc_v: 0.980
[2024-01-16 20:50:40] [INFO] |local epoch: 2, acc: 0.313, acc_v: 0.975
[2024-01-16 20:50:40] [INFO] |local epoch: 3, acc: 0.313, acc_v: 0.985
[2024-01-16 20:50:40] [INFO] |local epoch: 4, acc: 0.313, acc_v: 0.980
[2024-01-16 20:50:41] [INFO] |distill epoch: 0, acc: 0.313, acc_v: 0.980
[2024-01-16 20:50:41] [INFO] |distill epoch: 1, acc: 0.312, acc_v: 0.975
[2024-01-16 20:50:41] [INFO] |distill epoch: 2, acc: 0.349, acc_v: 0.955
[2024-01-16 20:50:42] [INFO] |distill epoch: 3, acc: 0.374, acc_v: 0.910
[2024-01-16 20:50:42] [INFO] |distill epoch: 4, acc: 0.417, acc_v: 0.945
[2024-01-16 20:50:42] [INFO]  ---client 1
[2024-01-16 20:50:43] [INFO] |local epoch: 0, acc: 0.312, acc_v: 0.980
[2024-01-16 20:50:43] [INFO] |local epoch: 1, acc: 0.313, acc_v: 0.985
[2024-01-16 20:50:43] [INFO] |local epoch: 2, acc: 0.313, acc_v: 0.980
[2024-01-16 20:50:44] [INFO] |local epoch: 3, acc: 0.313, acc_v: 0.980
[2024-01-16 20:50:44] [INFO] |local epoch: 4, acc: 0.313, acc_v: 0.985
[2024-01-16 20:50:44] [INFO] |distill epoch: 0, acc: 0.313, acc_v: 0.985
[2024-01-16 20:50:45] [INFO] |distill epoch: 1, acc: 0.312, acc_v: 0.980
[2024-01-16 20:50:45] [INFO] |distill epoch: 2, acc: 0.344, acc_v: 0.930
[2024-01-16 20:50:45] [INFO] |distill epoch: 3, acc: 0.375, acc_v: 0.910
[2024-01-16 20:50:46] [INFO] |distill epoch: 4, acc: 0.419, acc_v: 0.945
[2024-01-16 20:50:46] [INFO]  ---client 2
[2024-01-16 20:50:46] [INFO] |local epoch: 0, acc: 0.310, acc_v: 0.980
[2024-01-16 20:50:46] [INFO] |local epoch: 1, acc: 0.313, acc_v: 0.980
[2024-01-16 20:50:47] [INFO] |local epoch: 2, acc: 0.313, acc_v: 0.980
[2024-01-16 20:50:47] [INFO] |local epoch: 3, acc: 0.312, acc_v: 0.980
[2024-01-16 20:50:48] [INFO] |local epoch: 4, acc: 0.313, acc_v: 0.980
[2024-01-16 20:50:48] [INFO] |distill epoch: 0, acc: 0.313, acc_v: 0.980
[2024-01-16 20:50:48] [INFO] |distill epoch: 1, acc: 0.310, acc_v: 0.970
[2024-01-16 20:50:49] [INFO] |distill epoch: 2, acc: 0.344, acc_v: 0.955
[2024-01-16 20:50:49] [INFO] |distill epoch: 3, acc: 0.375, acc_v: 0.905
[2024-01-16 20:50:49] [INFO] |distill epoch: 4, acc: 0.407, acc_v: 0.935
[2024-01-16 20:50:50] [INFO] |servers comunicated: 2, server aggregated: 2, acc_server 0: 0.420.
[2024-01-16 20:50:50] [INFO] --------------------------------------------------
[2024-01-16 20:50:50] [INFO]   |server: 1
[2024-01-16 20:50:50] [INFO]  ---client 3
[2024-01-16 20:50:50] [INFO] |local epoch: 0, acc: 0.271, acc_v: 0.935
[2024-01-16 20:50:50] [INFO] |local epoch: 1, acc: 0.271, acc_v: 0.940
[2024-01-16 20:50:51] [INFO] |local epoch: 2, acc: 0.271, acc_v: 0.940
[2024-01-16 20:50:51] [INFO] |local epoch: 3, acc: 0.271, acc_v: 0.940
[2024-01-16 20:50:51] [INFO] |local epoch: 4, acc: 0.271, acc_v: 0.945
[2024-01-16 20:50:52] [INFO] |distill epoch: 0, acc: 0.271, acc_v: 0.950
[2024-01-16 20:50:52] [INFO] |distill epoch: 1, acc: 0.266, acc_v: 0.940
[2024-01-16 20:50:52] [INFO] |distill epoch: 2, acc: 0.255, acc_v: 0.870
[2024-01-16 20:50:53] [INFO] |distill epoch: 3, acc: 0.293, acc_v: 0.800
[2024-01-16 20:50:53] [INFO] |distill epoch: 4, acc: 0.331, acc_v: 0.900
[2024-01-16 20:50:53] [INFO]  ---client 4
[2024-01-16 20:50:54] [INFO] |local epoch: 0, acc: 0.270, acc_v: 0.955
[2024-01-16 20:50:54] [INFO] |local epoch: 1, acc: 0.269, acc_v: 0.950
[2024-01-16 20:50:54] [INFO] |local epoch: 2, acc: 0.271, acc_v: 0.960
[2024-01-16 20:50:55] [INFO] |local epoch: 3, acc: 0.271, acc_v: 0.955
[2024-01-16 20:50:55] [INFO] |local epoch: 4, acc: 0.271, acc_v: 0.960
[2024-01-16 20:50:55] [INFO] |distill epoch: 0, acc: 0.269, acc_v: 0.950
[2024-01-16 20:50:56] [INFO] |distill epoch: 1, acc: 0.267, acc_v: 0.925
[2024-01-16 20:50:56] [INFO] |distill epoch: 2, acc: 0.252, acc_v: 0.880
[2024-01-16 20:50:56] [INFO] |distill epoch: 3, acc: 0.296, acc_v: 0.835
[2024-01-16 20:50:57] [INFO] |distill epoch: 4, acc: 0.343, acc_v: 0.875
[2024-01-16 20:50:57] [INFO]  ---client 5
[2024-01-16 20:50:57] [INFO] |local epoch: 0, acc: 0.270, acc_v: 0.925
[2024-01-16 20:50:58] [INFO] |local epoch: 1, acc: 0.269, acc_v: 0.915
[2024-01-16 20:50:58] [INFO] |local epoch: 2, acc: 0.268, acc_v: 0.915
[2024-01-16 20:50:58] [INFO] |local epoch: 3, acc: 0.270, acc_v: 0.920
[2024-01-16 20:50:59] [INFO] |local epoch: 4, acc: 0.269, acc_v: 0.930
[2024-01-16 20:50:59] [INFO] |distill epoch: 0, acc: 0.270, acc_v: 0.925
[2024-01-16 20:50:59] [INFO] |distill epoch: 1, acc: 0.267, acc_v: 0.895
[2024-01-16 20:51:00] [INFO] |distill epoch: 2, acc: 0.255, acc_v: 0.815
[2024-01-16 20:51:00] [INFO] |distill epoch: 3, acc: 0.298, acc_v: 0.745
[2024-01-16 20:51:00] [INFO] |distill epoch: 4, acc: 0.320, acc_v: 0.875
[2024-01-16 20:51:01] [INFO] |servers comunicated: 2, server aggregated: 2, acc_server 1: 0.339.
[2024-01-16 20:51:01] [INFO] --------------------------------------------------
[2024-01-16 20:51:01] [INFO]   |server: 2
[2024-01-16 20:51:01] [INFO]  ---client 6
[2024-01-16 20:51:01] [INFO] |local epoch: 0, acc: 0.365, acc_v: 0.935
[2024-01-16 20:51:01] [INFO] |local epoch: 1, acc: 0.365, acc_v: 0.935
[2024-01-16 20:51:02] [INFO] |local epoch: 2, acc: 0.365, acc_v: 0.940
[2024-01-16 20:51:02] [INFO] |local epoch: 3, acc: 0.364, acc_v: 0.940
[2024-01-16 20:51:02] [INFO] |local epoch: 4, acc: 0.365, acc_v: 0.940
[2024-01-16 20:51:03] [INFO] |distill epoch: 0, acc: 0.359, acc_v: 0.950
[2024-01-16 20:51:03] [INFO] |distill epoch: 1, acc: 0.349, acc_v: 0.955
[2024-01-16 20:51:03] [INFO] |distill epoch: 2, acc: 0.351, acc_v: 0.940
[2024-01-16 20:51:04] [INFO] |distill epoch: 3, acc: 0.424, acc_v: 0.915
[2024-01-16 20:51:04] [INFO] |distill epoch: 4, acc: 0.417, acc_v: 0.935
[2024-01-16 20:51:04] [INFO]  ---client 7
[2024-01-16 20:51:04] [INFO] |local epoch: 0, acc: 0.364, acc_v: 0.930
[2024-01-16 20:51:05] [INFO] |local epoch: 1, acc: 0.364, acc_v: 0.925
[2024-01-16 20:51:05] [INFO] |local epoch: 2, acc: 0.365, acc_v: 0.935
[2024-01-16 20:51:06] [INFO] |local epoch: 3, acc: 0.365, acc_v: 0.935
[2024-01-16 20:51:06] [INFO] |local epoch: 4, acc: 0.365, acc_v: 0.935
[2024-01-16 20:51:06] [INFO] |distill epoch: 0, acc: 0.360, acc_v: 0.910
[2024-01-16 20:51:07] [INFO] |distill epoch: 1, acc: 0.352, acc_v: 0.900
[2024-01-16 20:51:07] [INFO] |distill epoch: 2, acc: 0.356, acc_v: 0.880
[2024-01-16 20:51:07] [INFO] |distill epoch: 3, acc: 0.392, acc_v: 0.890
[2024-01-16 20:51:08] [INFO] |distill epoch: 4, acc: 0.428, acc_v: 0.890
[2024-01-16 20:51:08] [INFO]  ---client 8
[2024-01-16 20:51:08] [INFO] |local epoch: 0, acc: 0.364, acc_v: 0.925
[2024-01-16 20:51:08] [INFO] |local epoch: 1, acc: 0.364, acc_v: 0.925
[2024-01-16 20:51:09] [INFO] |local epoch: 2, acc: 0.365, acc_v: 0.915
[2024-01-16 20:51:09] [INFO] |local epoch: 3, acc: 0.364, acc_v: 0.915
[2024-01-16 20:51:09] [INFO] |local epoch: 4, acc: 0.364, acc_v: 0.920
[2024-01-16 20:51:10] [INFO] |distill epoch: 0, acc: 0.359, acc_v: 0.910
[2024-01-16 20:51:10] [INFO] |distill epoch: 1, acc: 0.349, acc_v: 0.885
[2024-01-16 20:51:11] [INFO] |distill epoch: 2, acc: 0.356, acc_v: 0.875
[2024-01-16 20:51:11] [INFO] |distill epoch: 3, acc: 0.419, acc_v: 0.885
[2024-01-16 20:51:11] [INFO] |distill epoch: 4, acc: 0.411, acc_v: 0.905
[2024-01-16 20:51:11] [INFO] |servers comunicated: 2, server aggregated: 2, acc_server 2: 0.417.
[2024-01-16 20:51:11] [INFO] --------------------------------------------------
[2024-01-16 20:51:11] [INFO]  |epoch_client_commu: 2/3
[2024-01-16 20:51:11] [INFO]   |server: 0
[2024-01-16 20:51:11] [INFO]  ---client 0
[2024-01-16 20:51:12] [INFO] |local epoch: 0, acc: 0.314, acc_v: 0.985
[2024-01-16 20:51:12] [INFO] |local epoch: 1, acc: 0.313, acc_v: 0.980
[2024-01-16 20:51:13] [INFO] |local epoch: 2, acc: 0.313, acc_v: 0.980
[2024-01-16 20:51:13] [INFO] |local epoch: 3, acc: 0.313, acc_v: 0.980
[2024-01-16 20:51:13] [INFO] |local epoch: 4, acc: 0.313, acc_v: 0.980
[2024-01-16 20:51:14] [INFO] |distill epoch: 0, acc: 0.313, acc_v: 0.985
[2024-01-16 20:51:14] [INFO] |distill epoch: 1, acc: 0.323, acc_v: 0.975
[2024-01-16 20:51:14] [INFO] |distill epoch: 2, acc: 0.432, acc_v: 0.890
[2024-01-16 20:51:15] [INFO] |distill epoch: 3, acc: 0.420, acc_v: 0.950
[2024-01-16 20:51:15] [INFO] |distill epoch: 4, acc: 0.455, acc_v: 0.950
[2024-01-16 20:51:15] [INFO]  ---client 1
[2024-01-16 20:51:15] [INFO] |local epoch: 0, acc: 0.315, acc_v: 0.980
[2024-01-16 20:51:16] [INFO] |local epoch: 1, acc: 0.313, acc_v: 0.985
[2024-01-16 20:51:16] [INFO] |local epoch: 2, acc: 0.313, acc_v: 0.985
[2024-01-16 20:51:17] [INFO] |local epoch: 3, acc: 0.313, acc_v: 0.985
[2024-01-16 20:51:17] [INFO] |local epoch: 4, acc: 0.314, acc_v: 0.985
[2024-01-16 20:51:17] [INFO] |distill epoch: 0, acc: 0.313, acc_v: 0.985
[2024-01-16 20:51:18] [INFO] |distill epoch: 1, acc: 0.323, acc_v: 0.975
[2024-01-16 20:51:18] [INFO] |distill epoch: 2, acc: 0.429, acc_v: 0.900
[2024-01-16 20:51:18] [INFO] |distill epoch: 3, acc: 0.417, acc_v: 0.945
[2024-01-16 20:51:19] [INFO] |distill epoch: 4, acc: 0.484, acc_v: 0.930
[2024-01-16 20:51:19] [INFO]  ---client 2
[2024-01-16 20:51:19] [INFO] |local epoch: 0, acc: 0.315, acc_v: 0.975
[2024-01-16 20:51:19] [INFO] |local epoch: 1, acc: 0.313, acc_v: 0.980
[2024-01-16 20:51:20] [INFO] |local epoch: 2, acc: 0.313, acc_v: 0.985
[2024-01-16 20:51:20] [INFO] |local epoch: 3, acc: 0.312, acc_v: 0.965
[2024-01-16 20:51:21] [INFO] |local epoch: 4, acc: 0.313, acc_v: 0.980
[2024-01-16 20:51:21] [INFO] |distill epoch: 0, acc: 0.312, acc_v: 0.970
[2024-01-16 20:51:21] [INFO] |distill epoch: 1, acc: 0.327, acc_v: 0.965
[2024-01-16 20:51:22] [INFO] |distill epoch: 2, acc: 0.435, acc_v: 0.910
[2024-01-16 20:51:22] [INFO] |distill epoch: 3, acc: 0.432, acc_v: 0.940
[2024-01-16 20:51:22] [INFO] |distill epoch: 4, acc: 0.446, acc_v: 0.925
[2024-01-16 20:51:22] [INFO] |servers comunicated: 2, server aggregated: 3, acc_server 0: 0.466.
[2024-01-16 20:51:22] [INFO] --------------------------------------------------
[2024-01-16 20:51:22] [INFO]   |server: 1
[2024-01-16 20:51:22] [INFO]  ---client 3
[2024-01-16 20:51:23] [INFO] |local epoch: 0, acc: 0.270, acc_v: 0.950
[2024-01-16 20:51:23] [INFO] |local epoch: 1, acc: 0.272, acc_v: 0.945
[2024-01-16 20:51:24] [INFO] |local epoch: 2, acc: 0.272, acc_v: 0.945
[2024-01-16 20:51:24] [INFO] |local epoch: 3, acc: 0.273, acc_v: 0.950
[2024-01-16 20:51:24] [INFO] |local epoch: 4, acc: 0.272, acc_v: 0.955
[2024-01-16 20:51:25] [INFO] |distill epoch: 0, acc: 0.271, acc_v: 0.955
[2024-01-16 20:51:25] [INFO] |distill epoch: 1, acc: 0.268, acc_v: 0.935
[2024-01-16 20:51:25] [INFO] |distill epoch: 2, acc: 0.341, acc_v: 0.775
[2024-01-16 20:51:26] [INFO] |distill epoch: 3, acc: 0.356, acc_v: 0.865
[2024-01-16 20:51:26] [INFO] |distill epoch: 4, acc: 0.435, acc_v: 0.820
[2024-01-16 20:51:26] [INFO]  ---client 4
[2024-01-16 20:51:27] [INFO] |local epoch: 0, acc: 0.270, acc_v: 0.960
[2024-01-16 20:51:27] [INFO] |local epoch: 1, acc: 0.272, acc_v: 0.960
[2024-01-16 20:51:27] [INFO] |local epoch: 2, acc: 0.271, acc_v: 0.950
[2024-01-16 20:51:28] [INFO] |local epoch: 3, acc: 0.272, acc_v: 0.955
[2024-01-16 20:51:28] [INFO] |local epoch: 4, acc: 0.272, acc_v: 0.950
[2024-01-16 20:51:28] [INFO] |distill epoch: 0, acc: 0.272, acc_v: 0.960
[2024-01-16 20:51:29] [INFO] |distill epoch: 1, acc: 0.270, acc_v: 0.955
[2024-01-16 20:51:29] [INFO] |distill epoch: 2, acc: 0.342, acc_v: 0.830
[2024-01-16 20:51:29] [INFO] |distill epoch: 3, acc: 0.386, acc_v: 0.895
[2024-01-16 20:51:30] [INFO] |distill epoch: 4, acc: 0.403, acc_v: 0.890
[2024-01-16 20:51:30] [INFO]  ---client 5
[2024-01-16 20:51:30] [INFO] |local epoch: 0, acc: 0.270, acc_v: 0.920
[2024-01-16 20:51:30] [INFO] |local epoch: 1, acc: 0.272, acc_v: 0.920
[2024-01-16 20:51:31] [INFO] |local epoch: 2, acc: 0.270, acc_v: 0.930
[2024-01-16 20:51:31] [INFO] |local epoch: 3, acc: 0.272, acc_v: 0.920
[2024-01-16 20:51:32] [INFO] |local epoch: 4, acc: 0.272, acc_v: 0.930
[2024-01-16 20:51:32] [INFO] |distill epoch: 0, acc: 0.271, acc_v: 0.930
[2024-01-16 20:51:32] [INFO] |distill epoch: 1, acc: 0.268, acc_v: 0.900
[2024-01-16 20:51:33] [INFO] |distill epoch: 2, acc: 0.359, acc_v: 0.740
[2024-01-16 20:51:33] [INFO] |distill epoch: 3, acc: 0.378, acc_v: 0.875
[2024-01-16 20:51:33] [INFO] |distill epoch: 4, acc: 0.410, acc_v: 0.835
[2024-01-16 20:51:33] [INFO] |servers comunicated: 2, server aggregated: 3, acc_server 1: 0.414.
[2024-01-16 20:51:33] [INFO] --------------------------------------------------
[2024-01-16 20:51:33] [INFO]   |server: 2
[2024-01-16 20:51:34] [INFO]  ---client 6
[2024-01-16 20:51:34] [INFO] |local epoch: 0, acc: 0.364, acc_v: 0.930
[2024-01-16 20:51:34] [INFO] |local epoch: 1, acc: 0.365, acc_v: 0.940
[2024-01-16 20:51:35] [INFO] |local epoch: 2, acc: 0.366, acc_v: 0.940
[2024-01-16 20:51:35] [INFO] |local epoch: 3, acc: 0.366, acc_v: 0.965
[2024-01-16 20:51:35] [INFO] |local epoch: 4, acc: 0.367, acc_v: 0.940
[2024-01-16 20:51:36] [INFO] |distill epoch: 0, acc: 0.361, acc_v: 0.955
[2024-01-16 20:51:36] [INFO] |distill epoch: 1, acc: 0.360, acc_v: 0.950
[2024-01-16 20:51:36] [INFO] |distill epoch: 2, acc: 0.468, acc_v: 0.905
[2024-01-16 20:51:37] [INFO] |distill epoch: 3, acc: 0.494, acc_v: 0.915
[2024-01-16 20:51:37] [INFO] |distill epoch: 4, acc: 0.565, acc_v: 0.910
[2024-01-16 20:51:37] [INFO]  ---client 7
[2024-01-16 20:51:37] [INFO] |local epoch: 0, acc: 0.365, acc_v: 0.935
[2024-01-16 20:51:38] [INFO] |local epoch: 1, acc: 0.366, acc_v: 0.935
[2024-01-16 20:51:38] [INFO] |local epoch: 2, acc: 0.367, acc_v: 0.935
[2024-01-16 20:51:39] [INFO] |local epoch: 3, acc: 0.367, acc_v: 0.945
[2024-01-16 20:51:39] [INFO] |local epoch: 4, acc: 0.367, acc_v: 0.940
[2024-01-16 20:51:39] [INFO] |distill epoch: 0, acc: 0.362, acc_v: 0.925
[2024-01-16 20:51:40] [INFO] |distill epoch: 1, acc: 0.356, acc_v: 0.915
[2024-01-16 20:51:40] [INFO] |distill epoch: 2, acc: 0.448, acc_v: 0.860
[2024-01-16 20:51:40] [INFO] |distill epoch: 3, acc: 0.469, acc_v: 0.910
[2024-01-16 20:51:41] [INFO] |distill epoch: 4, acc: 0.504, acc_v: 0.910
[2024-01-16 20:51:41] [INFO]  ---client 8
[2024-01-16 20:51:41] [INFO] |local epoch: 0, acc: 0.364, acc_v: 0.925
[2024-01-16 20:51:41] [INFO] |local epoch: 1, acc: 0.366, acc_v: 0.920
[2024-01-16 20:51:42] [INFO] |local epoch: 2, acc: 0.366, acc_v: 0.925
[2024-01-16 20:51:42] [INFO] |local epoch: 3, acc: 0.365, acc_v: 0.930
[2024-01-16 20:51:42] [INFO] |local epoch: 4, acc: 0.366, acc_v: 0.940
[2024-01-16 20:51:43] [INFO] |distill epoch: 0, acc: 0.361, acc_v: 0.900
[2024-01-16 20:51:43] [INFO] |distill epoch: 1, acc: 0.359, acc_v: 0.875
[2024-01-16 20:51:44] [INFO] |distill epoch: 2, acc: 0.449, acc_v: 0.840
[2024-01-16 20:51:44] [INFO] |distill epoch: 3, acc: 0.503, acc_v: 0.910
[2024-01-16 20:51:44] [INFO] |distill epoch: 4, acc: 0.519, acc_v: 0.900
[2024-01-16 20:51:44] [INFO] |servers comunicated: 2, server aggregated: 3, acc_server 2: 0.535.
[2024-01-16 20:51:44] [INFO] --------------------------------------------------
[2024-01-16 20:51:44] [INFO]      ********  servers comunicates  ********      
[2024-01-16 20:51:44] [INFO] --------------------------------------------------
[2024-01-16 20:51:44] [INFO] |epoch_server_commu: 2/3
[2024-01-16 20:51:44] [INFO]  |epoch_client_commu: 0/3
[2024-01-16 20:51:44] [INFO]   |server: 0
[2024-01-16 20:51:44] [INFO]  ---client 0
[2024-01-16 20:51:45] [INFO] |local epoch: 0, acc: 0.360, acc_v: 0.980
[2024-01-16 20:51:45] [INFO] |local epoch: 1, acc: 0.315, acc_v: 0.980
[2024-01-16 20:51:46] [INFO] |local epoch: 2, acc: 0.314, acc_v: 0.980
[2024-01-16 20:51:46] [INFO] |local epoch: 3, acc: 0.314, acc_v: 0.985
[2024-01-16 20:51:46] [INFO] |local epoch: 4, acc: 0.314, acc_v: 0.980
[2024-01-16 20:51:47] [INFO] |distill epoch: 0, acc: 0.314, acc_v: 0.985
[2024-01-16 20:51:47] [INFO] |distill epoch: 1, acc: 0.323, acc_v: 0.985
[2024-01-16 20:51:47] [INFO] |distill epoch: 2, acc: 0.410, acc_v: 0.970
[2024-01-16 20:51:48] [INFO] |distill epoch: 3, acc: 0.485, acc_v: 0.920
[2024-01-16 20:51:48] [INFO] |distill epoch: 4, acc: 0.487, acc_v: 0.935
[2024-01-16 20:51:48] [INFO]  ---client 1
[2024-01-16 20:51:48] [INFO] |local epoch: 0, acc: 0.363, acc_v: 0.975
[2024-01-16 20:51:49] [INFO] |local epoch: 1, acc: 0.316, acc_v: 0.980
[2024-01-16 20:51:49] [INFO] |local epoch: 2, acc: 0.314, acc_v: 0.985
[2024-01-16 20:51:49] [INFO] |local epoch: 3, acc: 0.313, acc_v: 0.985
[2024-01-16 20:51:50] [INFO] |local epoch: 4, acc: 0.314, acc_v: 0.985
[2024-01-16 20:51:50] [INFO] |distill epoch: 0, acc: 0.314, acc_v: 0.985
[2024-01-16 20:51:51] [INFO] |distill epoch: 1, acc: 0.325, acc_v: 0.980
[2024-01-16 20:51:51] [INFO] |distill epoch: 2, acc: 0.424, acc_v: 0.960
[2024-01-16 20:51:51] [INFO] |distill epoch: 3, acc: 0.475, acc_v: 0.915
[2024-01-16 20:51:52] [INFO] |distill epoch: 4, acc: 0.487, acc_v: 0.935
[2024-01-16 20:51:52] [INFO]  ---client 2
[2024-01-16 20:51:52] [INFO] |local epoch: 0, acc: 0.361, acc_v: 0.980
[2024-01-16 20:51:52] [INFO] |local epoch: 1, acc: 0.316, acc_v: 0.990
[2024-01-16 20:51:53] [INFO] |local epoch: 2, acc: 0.313, acc_v: 0.990
[2024-01-16 20:51:53] [INFO] |local epoch: 3, acc: 0.314, acc_v: 0.980
[2024-01-16 20:51:53] [INFO] |local epoch: 4, acc: 0.314, acc_v: 0.980
[2024-01-16 20:51:54] [INFO] |distill epoch: 0, acc: 0.313, acc_v: 0.975
[2024-01-16 20:51:54] [INFO] |distill epoch: 1, acc: 0.331, acc_v: 0.970
[2024-01-16 20:51:54] [INFO] |distill epoch: 2, acc: 0.428, acc_v: 0.960
[2024-01-16 20:51:55] [INFO] |distill epoch: 3, acc: 0.471, acc_v: 0.920
[2024-01-16 20:51:55] [INFO] |distill epoch: 4, acc: 0.510, acc_v: 0.925
[2024-01-16 20:51:55] [INFO] |servers comunicated: 3, server aggregated: 1, acc_server 0: 0.501.
[2024-01-16 20:51:55] [INFO] --------------------------------------------------
[2024-01-16 20:51:55] [INFO]   |server: 1
[2024-01-16 20:51:55] [INFO]  ---client 3
[2024-01-16 20:51:56] [INFO] |local epoch: 0, acc: 0.275, acc_v: 0.955
[2024-01-16 20:51:56] [INFO] |local epoch: 1, acc: 0.272, acc_v: 0.945
[2024-01-16 20:51:56] [INFO] |local epoch: 2, acc: 0.272, acc_v: 0.940
[2024-01-16 20:51:57] [INFO] |local epoch: 3, acc: 0.273, acc_v: 0.950
[2024-01-16 20:51:57] [INFO] |local epoch: 4, acc: 0.272, acc_v: 0.940
[2024-01-16 20:51:57] [INFO] |distill epoch: 0, acc: 0.273, acc_v: 0.945
[2024-01-16 20:51:58] [INFO] |distill epoch: 1, acc: 0.273, acc_v: 0.955
[2024-01-16 20:51:58] [INFO] |distill epoch: 2, acc: 0.331, acc_v: 0.930
[2024-01-16 20:51:58] [INFO] |distill epoch: 3, acc: 0.475, acc_v: 0.840
[2024-01-16 20:51:59] [INFO] |distill epoch: 4, acc: 0.458, acc_v: 0.885
[2024-01-16 20:51:59] [INFO]  ---client 4
[2024-01-16 20:51:59] [INFO] |local epoch: 0, acc: 0.274, acc_v: 0.960
[2024-01-16 20:52:00] [INFO] |local epoch: 1, acc: 0.272, acc_v: 0.960
[2024-01-16 20:52:00] [INFO] |local epoch: 2, acc: 0.272, acc_v: 0.960
[2024-01-16 20:52:00] [INFO] |local epoch: 3, acc: 0.272, acc_v: 0.960
[2024-01-16 20:52:01] [INFO] |local epoch: 4, acc: 0.273, acc_v: 0.955
[2024-01-16 20:52:01] [INFO] |distill epoch: 0, acc: 0.273, acc_v: 0.960
[2024-01-16 20:52:01] [INFO] |distill epoch: 1, acc: 0.272, acc_v: 0.950
[2024-01-16 20:52:02] [INFO] |distill epoch: 2, acc: 0.310, acc_v: 0.950
[2024-01-16 20:52:02] [INFO] |distill epoch: 3, acc: 0.440, acc_v: 0.860
[2024-01-16 20:52:02] [INFO] |distill epoch: 4, acc: 0.454, acc_v: 0.910
[2024-01-16 20:52:02] [INFO]  ---client 5
[2024-01-16 20:52:03] [INFO] |local epoch: 0, acc: 0.275, acc_v: 0.915
[2024-01-16 20:52:03] [INFO] |local epoch: 1, acc: 0.273, acc_v: 0.930
[2024-01-16 20:52:03] [INFO] |local epoch: 2, acc: 0.272, acc_v: 0.935
[2024-01-16 20:52:04] [INFO] |local epoch: 3, acc: 0.272, acc_v: 0.935
[2024-01-16 20:52:04] [INFO] |local epoch: 4, acc: 0.273, acc_v: 0.930
[2024-01-16 20:52:04] [INFO] |distill epoch: 0, acc: 0.271, acc_v: 0.930
[2024-01-16 20:52:05] [INFO] |distill epoch: 1, acc: 0.271, acc_v: 0.915
[2024-01-16 20:52:05] [INFO] |distill epoch: 2, acc: 0.321, acc_v: 0.880
[2024-01-16 20:52:06] [INFO] |distill epoch: 3, acc: 0.436, acc_v: 0.780
[2024-01-16 20:52:06] [INFO] |distill epoch: 4, acc: 0.467, acc_v: 0.860
[2024-01-16 20:52:06] [INFO] |servers comunicated: 3, server aggregated: 1, acc_server 1: 0.461.
[2024-01-16 20:52:06] [INFO] --------------------------------------------------
[2024-01-16 20:52:06] [INFO]   |server: 2
[2024-01-16 20:52:06] [INFO]  ---client 6
[2024-01-16 20:52:07] [INFO] |local epoch: 0, acc: 0.387, acc_v: 0.945
[2024-01-16 20:52:07] [INFO] |local epoch: 1, acc: 0.367, acc_v: 0.940
[2024-01-16 20:52:07] [INFO] |local epoch: 2, acc: 0.367, acc_v: 0.950
[2024-01-16 20:52:08] [INFO] |local epoch: 3, acc: 0.367, acc_v: 0.945
[2024-01-16 20:52:08] [INFO] |local epoch: 4, acc: 0.368, acc_v: 0.940
[2024-01-16 20:52:08] [INFO] |distill epoch: 0, acc: 0.366, acc_v: 0.965
[2024-01-16 20:52:09] [INFO] |distill epoch: 1, acc: 0.372, acc_v: 0.955
[2024-01-16 20:52:09] [INFO] |distill epoch: 2, acc: 0.472, acc_v: 0.955
[2024-01-16 20:52:10] [INFO] |distill epoch: 3, acc: 0.562, acc_v: 0.915
[2024-01-16 20:52:10] [INFO] |distill epoch: 4, acc: 0.572, acc_v: 0.915
[2024-01-16 20:52:10] [INFO]  ---client 7
[2024-01-16 20:52:10] [INFO] |local epoch: 0, acc: 0.385, acc_v: 0.940
[2024-01-16 20:52:11] [INFO] |local epoch: 1, acc: 0.366, acc_v: 0.940
[2024-01-16 20:52:11] [INFO] |local epoch: 2, acc: 0.367, acc_v: 0.945
[2024-01-16 20:52:11] [INFO] |local epoch: 3, acc: 0.368, acc_v: 0.945
[2024-01-16 20:52:12] [INFO] |local epoch: 4, acc: 0.368, acc_v: 0.945
[2024-01-16 20:52:12] [INFO] |distill epoch: 0, acc: 0.365, acc_v: 0.940
[2024-01-16 20:52:12] [INFO] |distill epoch: 1, acc: 0.376, acc_v: 0.920
[2024-01-16 20:52:13] [INFO] |distill epoch: 2, acc: 0.493, acc_v: 0.905
[2024-01-16 20:52:13] [INFO] |distill epoch: 3, acc: 0.570, acc_v: 0.885
[2024-01-16 20:52:13] [INFO] |distill epoch: 4, acc: 0.568, acc_v: 0.900
[2024-01-16 20:52:13] [INFO]  ---client 8
[2024-01-16 20:52:14] [INFO] |local epoch: 0, acc: 0.386, acc_v: 0.945
[2024-01-16 20:52:14] [INFO] |local epoch: 1, acc: 0.366, acc_v: 0.935
[2024-01-16 20:52:14] [INFO] |local epoch: 2, acc: 0.367, acc_v: 0.945
[2024-01-16 20:52:15] [INFO] |local epoch: 3, acc: 0.367, acc_v: 0.940
[2024-01-16 20:52:15] [INFO] |local epoch: 4, acc: 0.368, acc_v: 0.940
[2024-01-16 20:52:16] [INFO] |distill epoch: 0, acc: 0.366, acc_v: 0.930
[2024-01-16 20:52:16] [INFO] |distill epoch: 1, acc: 0.376, acc_v: 0.910
[2024-01-16 20:52:16] [INFO] |distill epoch: 2, acc: 0.494, acc_v: 0.890
[2024-01-16 20:52:17] [INFO] |distill epoch: 3, acc: 0.564, acc_v: 0.895
[2024-01-16 20:52:17] [INFO] |distill epoch: 4, acc: 0.585, acc_v: 0.895
[2024-01-16 20:52:17] [INFO] |servers comunicated: 3, server aggregated: 1, acc_server 2: 0.577.
[2024-01-16 20:52:17] [INFO] --------------------------------------------------
[2024-01-16 20:52:17] [INFO]  |epoch_client_commu: 1/3
[2024-01-16 20:52:17] [INFO]   |server: 0
[2024-01-16 20:52:17] [INFO]  ---client 0
[2024-01-16 20:52:17] [INFO] |local epoch: 0, acc: 0.386, acc_v: 0.980
[2024-01-16 20:52:18] [INFO] |local epoch: 1, acc: 0.319, acc_v: 0.980
[2024-01-16 20:52:18] [INFO] |local epoch: 2, acc: 0.314, acc_v: 0.980
[2024-01-16 20:52:19] [INFO] |local epoch: 3, acc: 0.314, acc_v: 0.985
[2024-01-16 20:52:19] [INFO] |local epoch: 4, acc: 0.314, acc_v: 0.980
[2024-01-16 20:52:19] [INFO] |distill epoch: 0, acc: 0.314, acc_v: 0.985
[2024-01-16 20:52:20] [INFO] |distill epoch: 1, acc: 0.332, acc_v: 0.980
[2024-01-16 20:52:20] [INFO] |distill epoch: 2, acc: 0.457, acc_v: 0.965
[2024-01-16 20:52:20] [INFO] |distill epoch: 3, acc: 0.502, acc_v: 0.910
[2024-01-16 20:52:21] [INFO] |distill epoch: 4, acc: 0.518, acc_v: 0.945
[2024-01-16 20:52:21] [INFO]  ---client 1
[2024-01-16 20:52:21] [INFO] |local epoch: 0, acc: 0.387, acc_v: 0.975
[2024-01-16 20:52:21] [INFO] |local epoch: 1, acc: 0.319, acc_v: 0.980
[2024-01-16 20:52:22] [INFO] |local epoch: 2, acc: 0.314, acc_v: 0.985
[2024-01-16 20:52:22] [INFO] |local epoch: 3, acc: 0.314, acc_v: 0.985
[2024-01-16 20:52:23] [INFO] |local epoch: 4, acc: 0.314, acc_v: 0.985
[2024-01-16 20:52:23] [INFO] |distill epoch: 0, acc: 0.313, acc_v: 0.985
[2024-01-16 20:52:23] [INFO] |distill epoch: 1, acc: 0.346, acc_v: 0.980
[2024-01-16 20:52:24] [INFO] |distill epoch: 2, acc: 0.468, acc_v: 0.955
[2024-01-16 20:52:24] [INFO] |distill epoch: 3, acc: 0.512, acc_v: 0.915
[2024-01-16 20:52:24] [INFO] |distill epoch: 4, acc: 0.532, acc_v: 0.935
[2024-01-16 20:52:24] [INFO]  ---client 2
[2024-01-16 20:52:25] [INFO] |local epoch: 0, acc: 0.388, acc_v: 0.980
[2024-01-16 20:52:25] [INFO] |local epoch: 1, acc: 0.319, acc_v: 0.985
[2024-01-16 20:52:25] [INFO] |local epoch: 2, acc: 0.314, acc_v: 0.990
[2024-01-16 20:52:26] [INFO] |local epoch: 3, acc: 0.314, acc_v: 0.985
[2024-01-16 20:52:26] [INFO] |local epoch: 4, acc: 0.314, acc_v: 0.980
[2024-01-16 20:52:26] [INFO] |distill epoch: 0, acc: 0.313, acc_v: 0.975
[2024-01-16 20:52:27] [INFO] |distill epoch: 1, acc: 0.361, acc_v: 0.970
[2024-01-16 20:52:27] [INFO] |distill epoch: 2, acc: 0.490, acc_v: 0.960
[2024-01-16 20:52:28] [INFO] |distill epoch: 3, acc: 0.511, acc_v: 0.920
[2024-01-16 20:52:28] [INFO] |distill epoch: 4, acc: 0.524, acc_v: 0.925
[2024-01-16 20:52:28] [INFO] |servers comunicated: 3, server aggregated: 2, acc_server 0: 0.527.
[2024-01-16 20:52:28] [INFO] --------------------------------------------------
[2024-01-16 20:52:28] [INFO]   |server: 1
[2024-01-16 20:52:28] [INFO]  ---client 3
[2024-01-16 20:52:28] [INFO] |local epoch: 0, acc: 0.280, acc_v: 0.950
[2024-01-16 20:52:29] [INFO] |local epoch: 1, acc: 0.273, acc_v: 0.940
[2024-01-16 20:52:29] [INFO] |local epoch: 2, acc: 0.273, acc_v: 0.945
[2024-01-16 20:52:30] [INFO] |local epoch: 3, acc: 0.273, acc_v: 0.945
[2024-01-16 20:52:30] [INFO] |local epoch: 4, acc: 0.272, acc_v: 0.955
[2024-01-16 20:52:30] [INFO] |distill epoch: 0, acc: 0.271, acc_v: 0.955
[2024-01-16 20:52:31] [INFO] |distill epoch: 1, acc: 0.270, acc_v: 0.950
[2024-01-16 20:52:31] [INFO] |distill epoch: 2, acc: 0.367, acc_v: 0.925
[2024-01-16 20:52:31] [INFO] |distill epoch: 3, acc: 0.487, acc_v: 0.845
[2024-01-16 20:52:32] [INFO] |distill epoch: 4, acc: 0.522, acc_v: 0.875
[2024-01-16 20:52:32] [INFO]  ---client 4
[2024-01-16 20:52:32] [INFO] |local epoch: 0, acc: 0.280, acc_v: 0.960
[2024-01-16 20:52:32] [INFO] |local epoch: 1, acc: 0.273, acc_v: 0.970
[2024-01-16 20:52:33] [INFO] |local epoch: 2, acc: 0.273, acc_v: 0.960
[2024-01-16 20:52:33] [INFO] |local epoch: 3, acc: 0.273, acc_v: 0.960
[2024-01-16 20:52:33] [INFO] |local epoch: 4, acc: 0.273, acc_v: 0.960
[2024-01-16 20:52:34] [INFO] |distill epoch: 0, acc: 0.273, acc_v: 0.955
[2024-01-16 20:52:34] [INFO] |distill epoch: 1, acc: 0.272, acc_v: 0.960
[2024-01-16 20:52:35] [INFO] |distill epoch: 2, acc: 0.349, acc_v: 0.940
[2024-01-16 20:52:35] [INFO] |distill epoch: 3, acc: 0.488, acc_v: 0.845
[2024-01-16 20:52:35] [INFO] |distill epoch: 4, acc: 0.495, acc_v: 0.905
[2024-01-16 20:52:35] [INFO]  ---client 5
[2024-01-16 20:52:36] [INFO] |local epoch: 0, acc: 0.280, acc_v: 0.920
[2024-01-16 20:52:36] [INFO] |local epoch: 1, acc: 0.273, acc_v: 0.930
[2024-01-16 20:52:36] [INFO] |local epoch: 2, acc: 0.272, acc_v: 0.930
[2024-01-16 20:52:37] [INFO] |local epoch: 3, acc: 0.272, acc_v: 0.935
[2024-01-16 20:52:37] [INFO] |local epoch: 4, acc: 0.273, acc_v: 0.935
[2024-01-16 20:52:37] [INFO] |distill epoch: 0, acc: 0.272, acc_v: 0.930
[2024-01-16 20:52:38] [INFO] |distill epoch: 1, acc: 0.272, acc_v: 0.925
[2024-01-16 20:52:38] [INFO] |distill epoch: 2, acc: 0.357, acc_v: 0.880
[2024-01-16 20:52:38] [INFO] |distill epoch: 3, acc: 0.500, acc_v: 0.815
[2024-01-16 20:52:39] [INFO] |distill epoch: 4, acc: 0.477, acc_v: 0.860
[2024-01-16 20:52:39] [INFO] |servers comunicated: 3, server aggregated: 2, acc_server 1: 0.504.
[2024-01-16 20:52:39] [INFO] --------------------------------------------------
[2024-01-16 20:52:39] [INFO]   |server: 2
[2024-01-16 20:52:39] [INFO]  ---client 6
[2024-01-16 20:52:39] [INFO] |local epoch: 0, acc: 0.398, acc_v: 0.940
[2024-01-16 20:52:40] [INFO] |local epoch: 1, acc: 0.369, acc_v: 0.945
[2024-01-16 20:52:40] [INFO] |local epoch: 2, acc: 0.368, acc_v: 0.965
[2024-01-16 20:52:40] [INFO] |local epoch: 3, acc: 0.368, acc_v: 0.945
[2024-01-16 20:52:41] [INFO] |local epoch: 4, acc: 0.369, acc_v: 0.960
[2024-01-16 20:52:41] [INFO] |distill epoch: 0, acc: 0.366, acc_v: 0.965
[2024-01-16 20:52:42] [INFO] |distill epoch: 1, acc: 0.385, acc_v: 0.965
[2024-01-16 20:52:42] [INFO] |distill epoch: 2, acc: 0.524, acc_v: 0.940
[2024-01-16 20:52:42] [INFO] |distill epoch: 3, acc: 0.596, acc_v: 0.905
[2024-01-16 20:52:43] [INFO] |distill epoch: 4, acc: 0.616, acc_v: 0.900
[2024-01-16 20:52:43] [INFO]  ---client 7
[2024-01-16 20:52:43] [INFO] |local epoch: 0, acc: 0.398, acc_v: 0.940
[2024-01-16 20:52:43] [INFO] |local epoch: 1, acc: 0.368, acc_v: 0.945
[2024-01-16 20:52:44] [INFO] |local epoch: 2, acc: 0.368, acc_v: 0.950
[2024-01-16 20:52:44] [INFO] |local epoch: 3, acc: 0.368, acc_v: 0.950
[2024-01-16 20:52:44] [INFO] |local epoch: 4, acc: 0.369, acc_v: 0.950
[2024-01-16 20:52:45] [INFO] |distill epoch: 0, acc: 0.367, acc_v: 0.945
[2024-01-16 20:52:45] [INFO] |distill epoch: 1, acc: 0.388, acc_v: 0.925
[2024-01-16 20:52:45] [INFO] |distill epoch: 2, acc: 0.534, acc_v: 0.905
[2024-01-16 20:52:46] [INFO] |distill epoch: 3, acc: 0.610, acc_v: 0.885
[2024-01-16 20:52:46] [INFO] |distill epoch: 4, acc: 0.611, acc_v: 0.905
[2024-01-16 20:52:46] [INFO]  ---client 8
[2024-01-16 20:52:47] [INFO] |local epoch: 0, acc: 0.397, acc_v: 0.945
[2024-01-16 20:52:47] [INFO] |local epoch: 1, acc: 0.368, acc_v: 0.940
[2024-01-16 20:52:47] [INFO] |local epoch: 2, acc: 0.367, acc_v: 0.945
[2024-01-16 20:52:48] [INFO] |local epoch: 3, acc: 0.368, acc_v: 0.950
[2024-01-16 20:52:48] [INFO] |local epoch: 4, acc: 0.369, acc_v: 0.950
[2024-01-16 20:52:48] [INFO] |distill epoch: 0, acc: 0.366, acc_v: 0.925
[2024-01-16 20:52:49] [INFO] |distill epoch: 1, acc: 0.394, acc_v: 0.915
[2024-01-16 20:52:49] [INFO] |distill epoch: 2, acc: 0.548, acc_v: 0.890
[2024-01-16 20:52:49] [INFO] |distill epoch: 3, acc: 0.599, acc_v: 0.895
[2024-01-16 20:52:50] [INFO] |distill epoch: 4, acc: 0.604, acc_v: 0.895
[2024-01-16 20:52:50] [INFO] |servers comunicated: 3, server aggregated: 2, acc_server 2: 0.610.
[2024-01-16 20:52:50] [INFO] --------------------------------------------------
[2024-01-16 20:52:50] [INFO]  |epoch_client_commu: 2/3
[2024-01-16 20:52:50] [INFO]   |server: 0
[2024-01-16 20:52:50] [INFO]  ---client 0
[2024-01-16 20:52:50] [INFO] |local epoch: 0, acc: 0.401, acc_v: 0.980
[2024-01-16 20:52:51] [INFO] |local epoch: 1, acc: 0.321, acc_v: 0.980
[2024-01-16 20:52:51] [INFO] |local epoch: 2, acc: 0.314, acc_v: 0.980
[2024-01-16 20:52:51] [INFO] |local epoch: 3, acc: 0.314, acc_v: 0.985
[2024-01-16 20:52:52] [INFO] |local epoch: 4, acc: 0.314, acc_v: 0.985
[2024-01-16 20:52:52] [INFO] |distill epoch: 0, acc: 0.315, acc_v: 0.985
[2024-01-16 20:52:52] [INFO] |distill epoch: 1, acc: 0.365, acc_v: 0.980
[2024-01-16 20:52:53] [INFO] |distill epoch: 2, acc: 0.501, acc_v: 0.955
[2024-01-16 20:52:53] [INFO] |distill epoch: 3, acc: 0.546, acc_v: 0.920
[2024-01-16 20:52:53] [INFO] |distill epoch: 4, acc: 0.547, acc_v: 0.925
[2024-01-16 20:52:53] [INFO]  ---client 1
[2024-01-16 20:52:54] [INFO] |local epoch: 0, acc: 0.404, acc_v: 0.975
[2024-01-16 20:52:54] [INFO] |local epoch: 1, acc: 0.323, acc_v: 0.980
[2024-01-16 20:52:55] [INFO] |local epoch: 2, acc: 0.314, acc_v: 0.985
[2024-01-16 20:52:55] [INFO] |local epoch: 3, acc: 0.314, acc_v: 0.985
[2024-01-16 20:52:55] [INFO] |local epoch: 4, acc: 0.314, acc_v: 0.985
[2024-01-16 20:52:56] [INFO] |distill epoch: 0, acc: 0.314, acc_v: 0.985
[2024-01-16 20:52:56] [INFO] |distill epoch: 1, acc: 0.355, acc_v: 0.980
[2024-01-16 20:52:56] [INFO] |distill epoch: 2, acc: 0.490, acc_v: 0.955
[2024-01-16 20:52:57] [INFO] |distill epoch: 3, acc: 0.522, acc_v: 0.920
[2024-01-16 20:52:57] [INFO] |distill epoch: 4, acc: 0.539, acc_v: 0.935
[2024-01-16 20:52:57] [INFO]  ---client 2
[2024-01-16 20:52:57] [INFO] |local epoch: 0, acc: 0.405, acc_v: 0.980
[2024-01-16 20:52:58] [INFO] |local epoch: 1, acc: 0.323, acc_v: 0.995
[2024-01-16 20:52:58] [INFO] |local epoch: 2, acc: 0.314, acc_v: 0.980
[2024-01-16 20:52:58] [INFO] |local epoch: 3, acc: 0.313, acc_v: 0.985
[2024-01-16 20:52:59] [INFO] |local epoch: 4, acc: 0.314, acc_v: 0.985
[2024-01-16 20:52:59] [INFO] |distill epoch: 0, acc: 0.314, acc_v: 0.980
[2024-01-16 20:52:59] [INFO] |distill epoch: 1, acc: 0.389, acc_v: 0.975
[2024-01-16 20:53:00] [INFO] |distill epoch: 2, acc: 0.519, acc_v: 0.950
[2024-01-16 20:53:00] [INFO] |distill epoch: 3, acc: 0.538, acc_v: 0.925
[2024-01-16 20:53:01] [INFO] |distill epoch: 4, acc: 0.561, acc_v: 0.920
[2024-01-16 20:53:01] [INFO] |servers comunicated: 3, server aggregated: 3, acc_server 0: 0.551.
[2024-01-16 20:53:01] [INFO] --------------------------------------------------
[2024-01-16 20:53:01] [INFO]   |server: 1
[2024-01-16 20:53:01] [INFO]  ---client 3
[2024-01-16 20:53:01] [INFO] |local epoch: 0, acc: 0.287, acc_v: 0.955
[2024-01-16 20:53:01] [INFO] |local epoch: 1, acc: 0.273, acc_v: 0.935
[2024-01-16 20:53:02] [INFO] |local epoch: 2, acc: 0.272, acc_v: 0.950
[2024-01-16 20:53:02] [INFO] |local epoch: 3, acc: 0.273, acc_v: 0.950
[2024-01-16 20:53:03] [INFO] |local epoch: 4, acc: 0.273, acc_v: 0.950
[2024-01-16 20:53:03] [INFO] |distill epoch: 0, acc: 0.273, acc_v: 0.960
[2024-01-16 20:53:03] [INFO] |distill epoch: 1, acc: 0.276, acc_v: 0.955
[2024-01-16 20:53:04] [INFO] |distill epoch: 2, acc: 0.429, acc_v: 0.895
[2024-01-16 20:53:04] [INFO] |distill epoch: 3, acc: 0.539, acc_v: 0.860
[2024-01-16 20:53:04] [INFO] |distill epoch: 4, acc: 0.548, acc_v: 0.890
[2024-01-16 20:53:04] [INFO]  ---client 4
[2024-01-16 20:53:05] [INFO] |local epoch: 0, acc: 0.287, acc_v: 0.955
[2024-01-16 20:53:05] [INFO] |local epoch: 1, acc: 0.273, acc_v: 0.970
[2024-01-16 20:53:05] [INFO] |local epoch: 2, acc: 0.274, acc_v: 0.960
[2024-01-16 20:53:06] [INFO] |local epoch: 3, acc: 0.274, acc_v: 0.965
[2024-01-16 20:53:06] [INFO] |local epoch: 4, acc: 0.272, acc_v: 0.950
[2024-01-16 20:53:06] [INFO] |distill epoch: 0, acc: 0.273, acc_v: 0.945
[2024-01-16 20:53:07] [INFO] |distill epoch: 1, acc: 0.276, acc_v: 0.960
[2024-01-16 20:53:07] [INFO] |distill epoch: 2, acc: 0.434, acc_v: 0.925
[2024-01-16 20:53:07] [INFO] |distill epoch: 3, acc: 0.564, acc_v: 0.840
[2024-01-16 20:53:08] [INFO] |distill epoch: 4, acc: 0.541, acc_v: 0.905
[2024-01-16 20:53:08] [INFO]  ---client 5
[2024-01-16 20:53:08] [INFO] |local epoch: 0, acc: 0.288, acc_v: 0.925
[2024-01-16 20:53:09] [INFO] |local epoch: 1, acc: 0.274, acc_v: 0.930
[2024-01-16 20:53:09] [INFO] |local epoch: 2, acc: 0.273, acc_v: 0.935
[2024-01-16 20:53:09] [INFO] |local epoch: 3, acc: 0.273, acc_v: 0.930
[2024-01-16 20:53:10] [INFO] |local epoch: 4, acc: 0.273, acc_v: 0.935
[2024-01-16 20:53:10] [INFO] |distill epoch: 0, acc: 0.273, acc_v: 0.930
[2024-01-16 20:53:10] [INFO] |distill epoch: 1, acc: 0.276, acc_v: 0.930
[2024-01-16 20:53:11] [INFO] |distill epoch: 2, acc: 0.420, acc_v: 0.895
[2024-01-16 20:53:11] [INFO] |distill epoch: 3, acc: 0.516, acc_v: 0.810
[2024-01-16 20:53:11] [INFO] |distill epoch: 4, acc: 0.541, acc_v: 0.875
[2024-01-16 20:53:12] [INFO] |servers comunicated: 3, server aggregated: 3, acc_server 1: 0.546.
[2024-01-16 20:53:12] [INFO] --------------------------------------------------
[2024-01-16 20:53:12] [INFO]   |server: 2
[2024-01-16 20:53:12] [INFO]  ---client 6
[2024-01-16 20:53:12] [INFO] |local epoch: 0, acc: 0.416, acc_v: 0.945
[2024-01-16 20:53:12] [INFO] |local epoch: 1, acc: 0.371, acc_v: 0.945
[2024-01-16 20:53:13] [INFO] |local epoch: 2, acc: 0.368, acc_v: 0.950
[2024-01-16 20:53:13] [INFO] |local epoch: 3, acc: 0.369, acc_v: 0.955
[2024-01-16 20:53:13] [INFO] |local epoch: 4, acc: 0.370, acc_v: 0.965
[2024-01-16 20:53:14] [INFO] |distill epoch: 0, acc: 0.369, acc_v: 0.970
[2024-01-16 20:53:14] [INFO] |distill epoch: 1, acc: 0.419, acc_v: 0.970
[2024-01-16 20:53:14] [INFO] |distill epoch: 2, acc: 0.593, acc_v: 0.930
[2024-01-16 20:53:15] [INFO] |distill epoch: 3, acc: 0.622, acc_v: 0.900
[2024-01-16 20:53:15] [INFO] |distill epoch: 4, acc: 0.630, acc_v: 0.905
[2024-01-16 20:53:15] [INFO]  ---client 7
[2024-01-16 20:53:15] [INFO] |local epoch: 0, acc: 0.413, acc_v: 0.940
[2024-01-16 20:53:16] [INFO] |local epoch: 1, acc: 0.370, acc_v: 0.950
[2024-01-16 20:53:16] [INFO] |local epoch: 2, acc: 0.369, acc_v: 0.950
[2024-01-16 20:53:17] [INFO] |local epoch: 3, acc: 0.370, acc_v: 0.955
[2024-01-16 20:53:17] [INFO] |local epoch: 4, acc: 0.369, acc_v: 0.950
[2024-01-16 20:53:17] [INFO] |distill epoch: 0, acc: 0.370, acc_v: 0.945
[2024-01-16 20:53:18] [INFO] |distill epoch: 1, acc: 0.417, acc_v: 0.935
[2024-01-16 20:53:18] [INFO] |distill epoch: 2, acc: 0.595, acc_v: 0.905
[2024-01-16 20:53:18] [INFO] |distill epoch: 3, acc: 0.636, acc_v: 0.890
[2024-01-16 20:53:19] [INFO] |distill epoch: 4, acc: 0.639, acc_v: 0.900
[2024-01-16 20:53:19] [INFO]  ---client 8
[2024-01-16 20:53:19] [INFO] |local epoch: 0, acc: 0.413, acc_v: 0.950
[2024-01-16 20:53:19] [INFO] |local epoch: 1, acc: 0.370, acc_v: 0.950
[2024-01-16 20:53:20] [INFO] |local epoch: 2, acc: 0.368, acc_v: 0.955
[2024-01-16 20:53:20] [INFO] |local epoch: 3, acc: 0.369, acc_v: 0.950
[2024-01-16 20:53:20] [INFO] |local epoch: 4, acc: 0.368, acc_v: 0.955
[2024-01-16 20:53:21] [INFO] |distill epoch: 0, acc: 0.367, acc_v: 0.930
[2024-01-16 20:53:21] [INFO] |distill epoch: 1, acc: 0.416, acc_v: 0.915
[2024-01-16 20:53:22] [INFO] |distill epoch: 2, acc: 0.593, acc_v: 0.890
[2024-01-16 20:53:22] [INFO] |distill epoch: 3, acc: 0.626, acc_v: 0.900
[2024-01-16 20:53:22] [INFO] |distill epoch: 4, acc: 0.634, acc_v: 0.890
[2024-01-16 20:53:23] [INFO] |servers comunicated: 3, server aggregated: 3, acc_server 2: 0.635.
[2024-01-16 20:53:23] [INFO] --------------------------------------------------
[2024-01-16 20:53:23] [INFO]      ********  servers comunicates  ********      
[2024-01-16 20:53:23] [INFO] ./res/mnist_model_1_algo_3/alpha_0.5_T_6/server_commu_3_client_commu_3_client_train_5_batch_size_160_num_all_client_9_num_all_server_3_num_client_data_1200_num_public_data_1000_proportion_0.8.pt
