[2024-01-16 20:41:04] [INFO] device cuda is used.
[2024-01-16 20:41:04] [INFO] cudnn is actived.
[2024-01-16 20:41:04] [INFO] 
      alpha      :  0.5  
        T        :   6   
    algorithm    :   3   
num_server_commu :   3   
num_client_commu :   3   
num_client_train :   5   
num_public_train :  20   
   batch_size    :  160  
     dataset     : mnist 
  model_select   :   1   
 num_all_client  :   9   
 num_all_server  :   3   
 num_client_data : 1200  
 num_public_data :  50   
   proportion    :  0.8  
   num_workers   :   8   
[2024-01-16 20:41:07] [INFO] --------------------------------------------------
[2024-01-16 20:41:07] [INFO] |epoch_server_commu: 0/3
[2024-01-16 20:41:07] [INFO]  |epoch_client_commu: 0/3
[2024-01-16 20:41:07] [INFO]   |server: 0
[2024-01-16 20:41:07] [INFO]  ---client 0
[2024-01-16 20:41:08] [INFO] |local epoch: 0, acc: 0.098, acc_v: 0.330
[2024-01-16 20:41:08] [INFO] |local epoch: 1, acc: 0.098, acc_v: 0.330
[2024-01-16 20:41:09] [INFO] |local epoch: 2, acc: 0.197, acc_v: 0.620
[2024-01-16 20:41:09] [INFO] |local epoch: 3, acc: 0.295, acc_v: 0.940
[2024-01-16 20:41:10] [INFO] |local epoch: 4, acc: 0.293, acc_v: 0.935
[2024-01-16 20:41:10] [INFO]  ---client 1
[2024-01-16 20:41:10] [INFO] |local epoch: 0, acc: 0.098, acc_v: 0.295
[2024-01-16 20:41:10] [INFO] |local epoch: 1, acc: 0.098, acc_v: 0.295
[2024-01-16 20:41:11] [INFO] |local epoch: 2, acc: 0.194, acc_v: 0.605
[2024-01-16 20:41:11] [INFO] |local epoch: 3, acc: 0.289, acc_v: 0.925
[2024-01-16 20:41:11] [INFO] |local epoch: 4, acc: 0.264, acc_v: 0.850
[2024-01-16 20:41:11] [INFO]  ---client 2
[2024-01-16 20:41:12] [INFO] |local epoch: 0, acc: 0.098, acc_v: 0.325
[2024-01-16 20:41:12] [INFO] |local epoch: 1, acc: 0.100, acc_v: 0.330
[2024-01-16 20:41:12] [INFO] |local epoch: 2, acc: 0.213, acc_v: 0.700
[2024-01-16 20:41:13] [INFO] |local epoch: 3, acc: 0.278, acc_v: 0.885
[2024-01-16 20:41:13] [INFO] |local epoch: 4, acc: 0.294, acc_v: 0.945
[2024-01-16 20:41:13] [INFO] |servers comunicated: 1, server aggregated: 1, acc_server 0: 0.290.
[2024-01-16 20:41:13] [INFO] --------------------------------------------------
[2024-01-16 20:41:13] [INFO]   |server: 1
[2024-01-16 20:41:13] [INFO]  ---client 3
[2024-01-16 20:41:14] [INFO] |local epoch: 0, acc: 0.134, acc_v: 0.480
[2024-01-16 20:41:14] [INFO] |local epoch: 1, acc: 0.182, acc_v: 0.625
[2024-01-16 20:41:14] [INFO] |local epoch: 2, acc: 0.191, acc_v: 0.650
[2024-01-16 20:41:15] [INFO] |local epoch: 3, acc: 0.208, acc_v: 0.710
[2024-01-16 20:41:15] [INFO] |local epoch: 4, acc: 0.247, acc_v: 0.845
[2024-01-16 20:41:15] [INFO]  ---client 4
[2024-01-16 20:41:15] [INFO] |local epoch: 0, acc: 0.223, acc_v: 0.770
[2024-01-16 20:41:16] [INFO] |local epoch: 1, acc: 0.184, acc_v: 0.630
[2024-01-16 20:41:16] [INFO] |local epoch: 2, acc: 0.187, acc_v: 0.640
[2024-01-16 20:41:17] [INFO] |local epoch: 3, acc: 0.189, acc_v: 0.615
[2024-01-16 20:41:17] [INFO] |local epoch: 4, acc: 0.256, acc_v: 0.885
[2024-01-16 20:41:17] [INFO]  ---client 5
[2024-01-16 20:41:17] [INFO] |local epoch: 0, acc: 0.201, acc_v: 0.660
[2024-01-16 20:41:18] [INFO] |local epoch: 1, acc: 0.187, acc_v: 0.590
[2024-01-16 20:41:18] [INFO] |local epoch: 2, acc: 0.213, acc_v: 0.675
[2024-01-16 20:41:18] [INFO] |local epoch: 3, acc: 0.220, acc_v: 0.715
[2024-01-16 20:41:19] [INFO] |local epoch: 4, acc: 0.259, acc_v: 0.925
[2024-01-16 20:41:19] [INFO] |servers comunicated: 1, server aggregated: 1, acc_server 1: 0.260.
[2024-01-16 20:41:19] [INFO] --------------------------------------------------
[2024-01-16 20:41:19] [INFO]   |server: 2
[2024-01-16 20:41:19] [INFO]  ---client 6
[2024-01-16 20:41:19] [INFO] |local epoch: 0, acc: 0.124, acc_v: 0.315
[2024-01-16 20:41:20] [INFO] |local epoch: 1, acc: 0.169, acc_v: 0.445
[2024-01-16 20:41:20] [INFO] |local epoch: 2, acc: 0.131, acc_v: 0.350
[2024-01-16 20:41:20] [INFO] |local epoch: 3, acc: 0.261, acc_v: 0.655
[2024-01-16 20:41:21] [INFO] |local epoch: 4, acc: 0.309, acc_v: 0.795
[2024-01-16 20:41:21] [INFO]  ---client 7
[2024-01-16 20:41:21] [INFO] |local epoch: 0, acc: 0.097, acc_v: 0.250
[2024-01-16 20:41:21] [INFO] |local epoch: 1, acc: 0.157, acc_v: 0.415
[2024-01-16 20:41:22] [INFO] |local epoch: 2, acc: 0.184, acc_v: 0.515
[2024-01-16 20:41:22] [INFO] |local epoch: 3, acc: 0.287, acc_v: 0.740
[2024-01-16 20:41:22] [INFO] |local epoch: 4, acc: 0.329, acc_v: 0.860
[2024-01-16 20:41:22] [INFO]  ---client 8
[2024-01-16 20:41:23] [INFO] |local epoch: 0, acc: 0.102, acc_v: 0.240
[2024-01-16 20:41:23] [INFO] |local epoch: 1, acc: 0.182, acc_v: 0.465
[2024-01-16 20:41:24] [INFO] |local epoch: 2, acc: 0.185, acc_v: 0.485
[2024-01-16 20:41:24] [INFO] |local epoch: 3, acc: 0.255, acc_v: 0.630
[2024-01-16 20:41:24] [INFO] |local epoch: 4, acc: 0.258, acc_v: 0.650
[2024-01-16 20:41:24] [INFO] |servers comunicated: 1, server aggregated: 1, acc_server 2: 0.316.
[2024-01-16 20:41:24] [INFO] --------------------------------------------------
[2024-01-16 20:41:24] [INFO]  |epoch_client_commu: 1/3
[2024-01-16 20:41:24] [INFO]   |server: 0
[2024-01-16 20:41:24] [INFO]  ---client 0
[2024-01-16 20:41:25] [INFO] |local epoch: 0, acc: 0.302, acc_v: 0.960
[2024-01-16 20:41:25] [INFO] |local epoch: 1, acc: 0.302, acc_v: 0.965
[2024-01-16 20:41:26] [INFO] |local epoch: 2, acc: 0.298, acc_v: 0.940
[2024-01-16 20:41:26] [INFO] |local epoch: 3, acc: 0.305, acc_v: 0.965
[2024-01-16 20:41:26] [INFO] |local epoch: 4, acc: 0.306, acc_v: 0.960
[2024-01-16 20:41:26] [INFO]  ---client 1
[2024-01-16 20:41:27] [INFO] |local epoch: 0, acc: 0.296, acc_v: 0.950
[2024-01-16 20:41:27] [INFO] |local epoch: 1, acc: 0.297, acc_v: 0.945
[2024-01-16 20:41:27] [INFO] |local epoch: 2, acc: 0.299, acc_v: 0.935
[2024-01-16 20:41:28] [INFO] |local epoch: 3, acc: 0.305, acc_v: 0.965
[2024-01-16 20:41:28] [INFO] |local epoch: 4, acc: 0.308, acc_v: 0.970
[2024-01-16 20:41:28] [INFO]  ---client 2
[2024-01-16 20:41:28] [INFO] |local epoch: 0, acc: 0.296, acc_v: 0.960
[2024-01-16 20:41:29] [INFO] |local epoch: 1, acc: 0.301, acc_v: 0.955
[2024-01-16 20:41:29] [INFO] |local epoch: 2, acc: 0.303, acc_v: 0.975
[2024-01-16 20:41:29] [INFO] |local epoch: 3, acc: 0.304, acc_v: 0.980
[2024-01-16 20:41:30] [INFO] |local epoch: 4, acc: 0.307, acc_v: 0.985
[2024-01-16 20:41:30] [INFO] |servers comunicated: 1, server aggregated: 2, acc_server 0: 0.307.
[2024-01-16 20:41:30] [INFO] --------------------------------------------------
[2024-01-16 20:41:30] [INFO]   |server: 1
[2024-01-16 20:41:30] [INFO]  ---client 3
[2024-01-16 20:41:30] [INFO] |local epoch: 0, acc: 0.255, acc_v: 0.905
[2024-01-16 20:41:31] [INFO] |local epoch: 1, acc: 0.264, acc_v: 0.920
[2024-01-16 20:41:31] [INFO] |local epoch: 2, acc: 0.254, acc_v: 0.905
[2024-01-16 20:41:31] [INFO] |local epoch: 3, acc: 0.266, acc_v: 0.940
[2024-01-16 20:41:32] [INFO] |local epoch: 4, acc: 0.264, acc_v: 0.925
[2024-01-16 20:41:32] [INFO]  ---client 4
[2024-01-16 20:41:32] [INFO] |local epoch: 0, acc: 0.257, acc_v: 0.920
[2024-01-16 20:41:33] [INFO] |local epoch: 1, acc: 0.257, acc_v: 0.905
[2024-01-16 20:41:33] [INFO] |local epoch: 2, acc: 0.257, acc_v: 0.905
[2024-01-16 20:41:33] [INFO] |local epoch: 3, acc: 0.264, acc_v: 0.925
[2024-01-16 20:41:34] [INFO] |local epoch: 4, acc: 0.268, acc_v: 0.935
[2024-01-16 20:41:34] [INFO]  ---client 5
[2024-01-16 20:41:34] [INFO] |local epoch: 0, acc: 0.232, acc_v: 0.765
[2024-01-16 20:41:34] [INFO] |local epoch: 1, acc: 0.247, acc_v: 0.835
[2024-01-16 20:41:35] [INFO] |local epoch: 2, acc: 0.233, acc_v: 0.770
[2024-01-16 20:41:35] [INFO] |local epoch: 3, acc: 0.264, acc_v: 0.945
[2024-01-16 20:41:35] [INFO] |local epoch: 4, acc: 0.260, acc_v: 0.875
[2024-01-16 20:41:36] [INFO] |servers comunicated: 1, server aggregated: 2, acc_server 1: 0.265.
[2024-01-16 20:41:36] [INFO] --------------------------------------------------
[2024-01-16 20:41:36] [INFO]   |server: 2
[2024-01-16 20:41:36] [INFO]  ---client 6
[2024-01-16 20:41:36] [INFO] |local epoch: 0, acc: 0.337, acc_v: 0.890
[2024-01-16 20:41:36] [INFO] |local epoch: 1, acc: 0.275, acc_v: 0.710
[2024-01-16 20:41:37] [INFO] |local epoch: 2, acc: 0.322, acc_v: 0.855
[2024-01-16 20:41:37] [INFO] |local epoch: 3, acc: 0.336, acc_v: 0.875
[2024-01-16 20:41:38] [INFO] |local epoch: 4, acc: 0.354, acc_v: 0.910
[2024-01-16 20:41:38] [INFO]  ---client 7
[2024-01-16 20:41:38] [INFO] |local epoch: 0, acc: 0.263, acc_v: 0.655
[2024-01-16 20:41:38] [INFO] |local epoch: 1, acc: 0.339, acc_v: 0.870
[2024-01-16 20:41:39] [INFO] |local epoch: 2, acc: 0.331, acc_v: 0.835
[2024-01-16 20:41:39] [INFO] |local epoch: 3, acc: 0.344, acc_v: 0.875
[2024-01-16 20:41:39] [INFO] |local epoch: 4, acc: 0.350, acc_v: 0.880
[2024-01-16 20:41:39] [INFO]  ---client 8
[2024-01-16 20:41:40] [INFO] |local epoch: 0, acc: 0.338, acc_v: 0.860
[2024-01-16 20:41:40] [INFO] |local epoch: 1, acc: 0.297, acc_v: 0.755
[2024-01-16 20:41:40] [INFO] |local epoch: 2, acc: 0.337, acc_v: 0.815
[2024-01-16 20:41:41] [INFO] |local epoch: 3, acc: 0.332, acc_v: 0.795
[2024-01-16 20:41:41] [INFO] |local epoch: 4, acc: 0.346, acc_v: 0.890
[2024-01-16 20:41:41] [INFO] |servers comunicated: 1, server aggregated: 2, acc_server 2: 0.355.
[2024-01-16 20:41:41] [INFO] --------------------------------------------------
[2024-01-16 20:41:41] [INFO]  |epoch_client_commu: 2/3
[2024-01-16 20:41:41] [INFO]   |server: 0
[2024-01-16 20:41:41] [INFO]  ---client 0
[2024-01-16 20:41:42] [INFO] |local epoch: 0, acc: 0.307, acc_v: 0.970
[2024-01-16 20:41:42] [INFO] |local epoch: 1, acc: 0.309, acc_v: 0.970
[2024-01-16 20:41:42] [INFO] |local epoch: 2, acc: 0.310, acc_v: 0.970
[2024-01-16 20:41:43] [INFO] |local epoch: 3, acc: 0.310, acc_v: 0.970
[2024-01-16 20:41:43] [INFO] |local epoch: 4, acc: 0.310, acc_v: 0.980
[2024-01-16 20:41:43] [INFO]  ---client 1
[2024-01-16 20:41:43] [INFO] |local epoch: 0, acc: 0.307, acc_v: 0.965
[2024-01-16 20:41:44] [INFO] |local epoch: 1, acc: 0.307, acc_v: 0.975
[2024-01-16 20:41:44] [INFO] |local epoch: 2, acc: 0.306, acc_v: 0.975
[2024-01-16 20:41:45] [INFO] |local epoch: 3, acc: 0.306, acc_v: 0.970
[2024-01-16 20:41:45] [INFO] |local epoch: 4, acc: 0.308, acc_v: 0.980
[2024-01-16 20:41:45] [INFO]  ---client 2
[2024-01-16 20:41:45] [INFO] |local epoch: 0, acc: 0.308, acc_v: 0.980
[2024-01-16 20:41:46] [INFO] |local epoch: 1, acc: 0.309, acc_v: 0.985
[2024-01-16 20:41:46] [INFO] |local epoch: 2, acc: 0.310, acc_v: 0.985
[2024-01-16 20:41:46] [INFO] |local epoch: 3, acc: 0.310, acc_v: 0.980
[2024-01-16 20:41:47] [INFO] |local epoch: 4, acc: 0.310, acc_v: 0.975
[2024-01-16 20:41:47] [INFO] |servers comunicated: 1, server aggregated: 3, acc_server 0: 0.310.
[2024-01-16 20:41:47] [INFO] --------------------------------------------------
[2024-01-16 20:41:47] [INFO]   |server: 1
[2024-01-16 20:41:47] [INFO]  ---client 3
[2024-01-16 20:41:47] [INFO] |local epoch: 0, acc: 0.269, acc_v: 0.935
[2024-01-16 20:41:48] [INFO] |local epoch: 1, acc: 0.265, acc_v: 0.920
[2024-01-16 20:41:48] [INFO] |local epoch: 2, acc: 0.271, acc_v: 0.935
[2024-01-16 20:41:48] [INFO] |local epoch: 3, acc: 0.269, acc_v: 0.950
[2024-01-16 20:41:49] [INFO] |local epoch: 4, acc: 0.270, acc_v: 0.945
[2024-01-16 20:41:49] [INFO]  ---client 4
[2024-01-16 20:41:49] [INFO] |local epoch: 0, acc: 0.269, acc_v: 0.945
[2024-01-16 20:41:50] [INFO] |local epoch: 1, acc: 0.266, acc_v: 0.940
[2024-01-16 20:41:50] [INFO] |local epoch: 2, acc: 0.269, acc_v: 0.955
[2024-01-16 20:41:50] [INFO] |local epoch: 3, acc: 0.271, acc_v: 0.945
[2024-01-16 20:41:51] [INFO] |local epoch: 4, acc: 0.270, acc_v: 0.950
[2024-01-16 20:41:51] [INFO]  ---client 5
[2024-01-16 20:41:51] [INFO] |local epoch: 0, acc: 0.263, acc_v: 0.895
[2024-01-16 20:41:51] [INFO] |local epoch: 1, acc: 0.267, acc_v: 0.970
[2024-01-16 20:41:52] [INFO] |local epoch: 2, acc: 0.269, acc_v: 0.960
[2024-01-16 20:41:52] [INFO] |local epoch: 3, acc: 0.267, acc_v: 0.925
[2024-01-16 20:41:52] [INFO] |local epoch: 4, acc: 0.270, acc_v: 0.955
[2024-01-16 20:41:53] [INFO] |servers comunicated: 1, server aggregated: 3, acc_server 1: 0.272.
[2024-01-16 20:41:53] [INFO] --------------------------------------------------
[2024-01-16 20:41:53] [INFO]   |server: 2
[2024-01-16 20:41:53] [INFO]  ---client 6
[2024-01-16 20:41:53] [INFO] |local epoch: 0, acc: 0.353, acc_v: 0.910
[2024-01-16 20:41:53] [INFO] |local epoch: 1, acc: 0.354, acc_v: 0.910
[2024-01-16 20:41:54] [INFO] |local epoch: 2, acc: 0.361, acc_v: 0.930
[2024-01-16 20:41:54] [INFO] |local epoch: 3, acc: 0.358, acc_v: 0.925
[2024-01-16 20:41:54] [INFO] |local epoch: 4, acc: 0.359, acc_v: 0.910
[2024-01-16 20:41:54] [INFO]  ---client 7
[2024-01-16 20:41:55] [INFO] |local epoch: 0, acc: 0.358, acc_v: 0.930
[2024-01-16 20:41:55] [INFO] |local epoch: 1, acc: 0.358, acc_v: 0.910
[2024-01-16 20:41:56] [INFO] |local epoch: 2, acc: 0.356, acc_v: 0.900
[2024-01-16 20:41:56] [INFO] |local epoch: 3, acc: 0.363, acc_v: 0.935
[2024-01-16 20:41:56] [INFO] |local epoch: 4, acc: 0.352, acc_v: 0.920
[2024-01-16 20:41:56] [INFO]  ---client 8
[2024-01-16 20:41:57] [INFO] |local epoch: 0, acc: 0.349, acc_v: 0.895
[2024-01-16 20:41:57] [INFO] |local epoch: 1, acc: 0.359, acc_v: 0.910
[2024-01-16 20:41:57] [INFO] |local epoch: 2, acc: 0.358, acc_v: 0.900
[2024-01-16 20:41:58] [INFO] |local epoch: 3, acc: 0.357, acc_v: 0.895
[2024-01-16 20:41:58] [INFO] |local epoch: 4, acc: 0.361, acc_v: 0.920
[2024-01-16 20:41:58] [INFO] |servers comunicated: 1, server aggregated: 3, acc_server 2: 0.360.
[2024-01-16 20:41:58] [INFO] --------------------------------------------------
[2024-01-16 20:41:58] [INFO]      ********  servers comunicates  ********      
[2024-01-16 20:41:58] [INFO] --------------------------------------------------
[2024-01-16 20:41:58] [INFO] |epoch_server_commu: 1/3
[2024-01-16 20:41:58] [INFO]  |epoch_client_commu: 0/3
[2024-01-16 20:41:58] [INFO]   |server: 0
[2024-01-16 20:41:58] [INFO]  ---client 0
[2024-01-16 20:41:59] [INFO] |local epoch: 0, acc: 0.310, acc_v: 0.970
[2024-01-16 20:41:59] [INFO] |local epoch: 1, acc: 0.310, acc_v: 0.975
[2024-01-16 20:41:59] [INFO] |local epoch: 2, acc: 0.310, acc_v: 0.975
[2024-01-16 20:42:00] [INFO] |local epoch: 3, acc: 0.310, acc_v: 0.975
[2024-01-16 20:42:00] [INFO] |local epoch: 4, acc: 0.310, acc_v: 0.975
