[2024-01-16 20:43:12] [INFO] device cuda is used.
[2024-01-16 20:43:12] [INFO] cudnn is actived.
[2024-01-16 20:43:12] [INFO] 
      alpha      :  0.5  
        T        :   6   
    algorithm    :   3   
num_server_commu :   3   
num_client_commu :   3   
num_client_train :   5   
num_public_train :  20   
   batch_size    :  160  
     dataset     : mnist 
  model_select   :   1   
 num_all_client  :   9   
 num_all_server  :   3   
 num_client_data : 1200  
 num_public_data :  50   
   proportion    :  0.8  
   num_workers   :   8   
[2024-01-16 20:43:15] [INFO] --------------------------------------------------
[2024-01-16 20:43:15] [INFO] |epoch_server_commu: 0/3
[2024-01-16 20:43:15] [INFO]  |epoch_client_commu: 0/3
[2024-01-16 20:43:15] [INFO]   |server: 0
[2024-01-16 20:43:15] [INFO]  ---client 0
[2024-01-16 20:43:16] [INFO] |local epoch: 0, acc: 0.194, acc_v: 0.580
[2024-01-16 20:43:16] [INFO] |local epoch: 1, acc: 0.172, acc_v: 0.570
[2024-01-16 20:43:16] [INFO] |local epoch: 2, acc: 0.195, acc_v: 0.625
[2024-01-16 20:43:17] [INFO] |local epoch: 3, acc: 0.188, acc_v: 0.615
[2024-01-16 20:43:17] [INFO] |local epoch: 4, acc: 0.213, acc_v: 0.710
[2024-01-16 20:43:17] [INFO]  ---client 1
[2024-01-16 20:43:17] [INFO] |local epoch: 0, acc: 0.103, acc_v: 0.300
[2024-01-16 20:43:18] [INFO] |local epoch: 1, acc: 0.103, acc_v: 0.300
[2024-01-16 20:43:18] [INFO] |local epoch: 2, acc: 0.103, acc_v: 0.300
[2024-01-16 20:43:18] [INFO] |local epoch: 3, acc: 0.098, acc_v: 0.340
[2024-01-16 20:43:19] [INFO] |local epoch: 4, acc: 0.263, acc_v: 0.830
[2024-01-16 20:43:19] [INFO]  ---client 2
[2024-01-16 20:43:19] [INFO] |local epoch: 0, acc: 0.183, acc_v: 0.570
[2024-01-16 20:43:19] [INFO] |local epoch: 1, acc: 0.103, acc_v: 0.310
[2024-01-16 20:43:20] [INFO] |local epoch: 2, acc: 0.103, acc_v: 0.310
[2024-01-16 20:43:20] [INFO] |local epoch: 3, acc: 0.231, acc_v: 0.745
[2024-01-16 20:43:21] [INFO] |local epoch: 4, acc: 0.121, acc_v: 0.355
[2024-01-16 20:43:21] [INFO] |servers comunicated: 1, server aggregated: 1, acc_server 0: 0.292.
[2024-01-16 20:43:21] [INFO] --------------------------------------------------
[2024-01-16 20:43:21] [INFO]   |server: 1
[2024-01-16 20:43:21] [INFO]  ---client 3
[2024-01-16 20:43:21] [INFO] |local epoch: 0, acc: 0.089, acc_v: 0.395
[2024-01-16 20:43:21] [INFO] |local epoch: 1, acc: 0.089, acc_v: 0.395
[2024-01-16 20:43:22] [INFO] |local epoch: 2, acc: 0.089, acc_v: 0.395
[2024-01-16 20:43:22] [INFO] |local epoch: 3, acc: 0.157, acc_v: 0.545
[2024-01-16 20:43:22] [INFO] |local epoch: 4, acc: 0.223, acc_v: 0.775
[2024-01-16 20:43:22] [INFO]  ---client 4
[2024-01-16 20:43:23] [INFO] |local epoch: 0, acc: 0.089, acc_v: 0.320
[2024-01-16 20:43:23] [INFO] |local epoch: 1, acc: 0.089, acc_v: 0.320
[2024-01-16 20:43:24] [INFO] |local epoch: 2, acc: 0.089, acc_v: 0.320
[2024-01-16 20:43:24] [INFO] |local epoch: 3, acc: 0.101, acc_v: 0.340
[2024-01-16 20:43:24] [INFO] |local epoch: 4, acc: 0.103, acc_v: 0.355
[2024-01-16 20:43:24] [INFO]  ---client 5
[2024-01-16 20:43:25] [INFO] |local epoch: 0, acc: 0.089, acc_v: 0.290
[2024-01-16 20:43:25] [INFO] |local epoch: 1, acc: 0.089, acc_v: 0.290
[2024-01-16 20:43:25] [INFO] |local epoch: 2, acc: 0.089, acc_v: 0.290
[2024-01-16 20:43:26] [INFO] |local epoch: 3, acc: 0.122, acc_v: 0.430
[2024-01-16 20:43:26] [INFO] |local epoch: 4, acc: 0.163, acc_v: 0.565
[2024-01-16 20:43:26] [INFO] |servers comunicated: 1, server aggregated: 1, acc_server 1: 0.171.
[2024-01-16 20:43:26] [INFO] --------------------------------------------------
[2024-01-16 20:43:26] [INFO]   |server: 2
[2024-01-16 20:43:26] [INFO]  ---client 6
[2024-01-16 20:43:27] [INFO] |local epoch: 0, acc: 0.103, acc_v: 0.225
[2024-01-16 20:43:27] [INFO] |local epoch: 1, acc: 0.103, acc_v: 0.225
[2024-01-16 20:43:27] [INFO] |local epoch: 2, acc: 0.109, acc_v: 0.345
[2024-01-16 20:43:28] [INFO] |local epoch: 3, acc: 0.140, acc_v: 0.295
[2024-01-16 20:43:28] [INFO] |local epoch: 4, acc: 0.230, acc_v: 0.590
[2024-01-16 20:43:28] [INFO]  ---client 7
[2024-01-16 20:43:28] [INFO] |local epoch: 0, acc: 0.103, acc_v: 0.210
[2024-01-16 20:43:29] [INFO] |local epoch: 1, acc: 0.103, acc_v: 0.210
[2024-01-16 20:43:29] [INFO] |local epoch: 2, acc: 0.190, acc_v: 0.475
[2024-01-16 20:43:29] [INFO] |local epoch: 3, acc: 0.096, acc_v: 0.295
[2024-01-16 20:43:30] [INFO] |local epoch: 4, acc: 0.186, acc_v: 0.465
[2024-01-16 20:43:30] [INFO]  ---client 8
[2024-01-16 20:43:30] [INFO] |local epoch: 0, acc: 0.103, acc_v: 0.270
[2024-01-16 20:43:31] [INFO] |local epoch: 1, acc: 0.103, acc_v: 0.270
[2024-01-16 20:43:31] [INFO] |local epoch: 2, acc: 0.118, acc_v: 0.280
[2024-01-16 20:43:31] [INFO] |local epoch: 3, acc: 0.214, acc_v: 0.540
[2024-01-16 20:43:32] [INFO] |local epoch: 4, acc: 0.143, acc_v: 0.305
[2024-01-16 20:43:32] [INFO] |servers comunicated: 1, server aggregated: 1, acc_server 2: 0.286.
[2024-01-16 20:43:32] [INFO] --------------------------------------------------
[2024-01-16 20:43:32] [INFO]  |epoch_client_commu: 1/3
[2024-01-16 20:43:32] [INFO]   |server: 0
[2024-01-16 20:43:32] [INFO]  ---client 0
[2024-01-16 20:43:32] [INFO] |local epoch: 0, acc: 0.203, acc_v: 0.685
[2024-01-16 20:43:33] [INFO] |local epoch: 1, acc: 0.295, acc_v: 0.925
[2024-01-16 20:43:33] [INFO] |local epoch: 2, acc: 0.279, acc_v: 0.890
[2024-01-16 20:43:33] [INFO] |local epoch: 3, acc: 0.298, acc_v: 0.935
[2024-01-16 20:43:34] [INFO] |local epoch: 4, acc: 0.296, acc_v: 0.930
[2024-01-16 20:43:34] [INFO]  ---client 1
[2024-01-16 20:43:34] [INFO] |local epoch: 0, acc: 0.264, acc_v: 0.835
[2024-01-16 20:43:34] [INFO] |local epoch: 1, acc: 0.185, acc_v: 0.580
[2024-01-16 20:43:35] [INFO] |local epoch: 2, acc: 0.290, acc_v: 0.920
[2024-01-16 20:43:35] [INFO] |local epoch: 3, acc: 0.297, acc_v: 0.930
[2024-01-16 20:43:35] [INFO] |local epoch: 4, acc: 0.304, acc_v: 0.975
[2024-01-16 20:43:35] [INFO]  ---client 2
[2024-01-16 20:43:36] [INFO] |local epoch: 0, acc: 0.256, acc_v: 0.825
[2024-01-16 20:43:36] [INFO] |local epoch: 1, acc: 0.258, acc_v: 0.835
[2024-01-16 20:43:36] [INFO] |local epoch: 2, acc: 0.302, acc_v: 0.950
[2024-01-16 20:43:37] [INFO] |local epoch: 3, acc: 0.298, acc_v: 0.935
[2024-01-16 20:43:37] [INFO] |local epoch: 4, acc: 0.299, acc_v: 0.940
[2024-01-16 20:43:37] [INFO] |servers comunicated: 1, server aggregated: 2, acc_server 0: 0.302.
[2024-01-16 20:43:37] [INFO] --------------------------------------------------
[2024-01-16 20:43:37] [INFO]   |server: 1
[2024-01-16 20:43:37] [INFO]  ---client 3
[2024-01-16 20:43:38] [INFO] |local epoch: 0, acc: 0.246, acc_v: 0.865
[2024-01-16 20:43:38] [INFO] |local epoch: 1, acc: 0.146, acc_v: 0.590
[2024-01-16 20:43:38] [INFO] |local epoch: 2, acc: 0.253, acc_v: 0.880
[2024-01-16 20:43:39] [INFO] |local epoch: 3, acc: 0.263, acc_v: 0.910
[2024-01-16 20:43:39] [INFO] |local epoch: 4, acc: 0.257, acc_v: 0.890
[2024-01-16 20:43:39] [INFO]  ---client 4
[2024-01-16 20:43:40] [INFO] |local epoch: 0, acc: 0.141, acc_v: 0.470
[2024-01-16 20:43:40] [INFO] |local epoch: 1, acc: 0.203, acc_v: 0.650
[2024-01-16 20:43:40] [INFO] |local epoch: 2, acc: 0.254, acc_v: 0.845
[2024-01-16 20:43:41] [INFO] |local epoch: 3, acc: 0.256, acc_v: 0.870
[2024-01-16 20:43:41] [INFO] |local epoch: 4, acc: 0.261, acc_v: 0.900
[2024-01-16 20:43:41] [INFO]  ---client 5
[2024-01-16 20:43:41] [INFO] |local epoch: 0, acc: 0.217, acc_v: 0.705
[2024-01-16 20:43:42] [INFO] |local epoch: 1, acc: 0.213, acc_v: 0.750
[2024-01-16 20:43:42] [INFO] |local epoch: 2, acc: 0.243, acc_v: 0.860
[2024-01-16 20:43:42] [INFO] |local epoch: 3, acc: 0.256, acc_v: 0.895
[2024-01-16 20:43:43] [INFO] |local epoch: 4, acc: 0.256, acc_v: 0.895
[2024-01-16 20:43:43] [INFO] |servers comunicated: 1, server aggregated: 2, acc_server 1: 0.262.
[2024-01-16 20:43:43] [INFO] --------------------------------------------------
[2024-01-16 20:43:43] [INFO]   |server: 2
[2024-01-16 20:43:43] [INFO]  ---client 6
[2024-01-16 20:43:43] [INFO] |local epoch: 0, acc: 0.265, acc_v: 0.705
[2024-01-16 20:43:44] [INFO] |local epoch: 1, acc: 0.254, acc_v: 0.670
[2024-01-16 20:43:44] [INFO] |local epoch: 2, acc: 0.326, acc_v: 0.815
[2024-01-16 20:43:44] [INFO] |local epoch: 3, acc: 0.326, acc_v: 0.820
[2024-01-16 20:43:45] [INFO] |local epoch: 4, acc: 0.354, acc_v: 0.895
[2024-01-16 20:43:45] [INFO]  ---client 7
[2024-01-16 20:43:45] [INFO] |local epoch: 0, acc: 0.250, acc_v: 0.675
[2024-01-16 20:43:46] [INFO] |local epoch: 1, acc: 0.300, acc_v: 0.765
[2024-01-16 20:43:46] [INFO] |local epoch: 2, acc: 0.341, acc_v: 0.860
[2024-01-16 20:43:46] [INFO] |local epoch: 3, acc: 0.343, acc_v: 0.850
[2024-01-16 20:43:47] [INFO] |local epoch: 4, acc: 0.349, acc_v: 0.880
[2024-01-16 20:43:47] [INFO]  ---client 8
[2024-01-16 20:43:47] [INFO] |local epoch: 0, acc: 0.222, acc_v: 0.485
[2024-01-16 20:43:47] [INFO] |local epoch: 1, acc: 0.296, acc_v: 0.685
[2024-01-16 20:43:48] [INFO] |local epoch: 2, acc: 0.280, acc_v: 0.690
[2024-01-16 20:43:48] [INFO] |local epoch: 3, acc: 0.333, acc_v: 0.815
[2024-01-16 20:43:48] [INFO] |local epoch: 4, acc: 0.352, acc_v: 0.870
[2024-01-16 20:43:49] [INFO] |servers comunicated: 1, server aggregated: 2, acc_server 2: 0.357.
[2024-01-16 20:43:49] [INFO] --------------------------------------------------
[2024-01-16 20:43:49] [INFO]  |epoch_client_commu: 2/3
[2024-01-16 20:43:49] [INFO]   |server: 0
[2024-01-16 20:43:49] [INFO]  ---client 0
[2024-01-16 20:43:49] [INFO] |local epoch: 0, acc: 0.302, acc_v: 0.980
[2024-01-16 20:43:49] [INFO] |local epoch: 1, acc: 0.307, acc_v: 0.980
[2024-01-16 20:43:50] [INFO] |local epoch: 2, acc: 0.307, acc_v: 0.980
[2024-01-16 20:43:50] [INFO] |local epoch: 3, acc: 0.305, acc_v: 0.980
[2024-01-16 20:43:50] [INFO] |local epoch: 4, acc: 0.309, acc_v: 0.980
[2024-01-16 20:43:50] [INFO]  ---client 1
[2024-01-16 20:43:51] [INFO] |local epoch: 0, acc: 0.303, acc_v: 0.955
[2024-01-16 20:43:51] [INFO] |local epoch: 1, acc: 0.305, acc_v: 0.970
[2024-01-16 20:43:52] [INFO] |local epoch: 2, acc: 0.305, acc_v: 0.965
[2024-01-16 20:43:52] [INFO] |local epoch: 3, acc: 0.307, acc_v: 0.975
[2024-01-16 20:43:52] [INFO] |local epoch: 4, acc: 0.308, acc_v: 0.985
[2024-01-16 20:43:52] [INFO]  ---client 2
[2024-01-16 20:43:53] [INFO] |local epoch: 0, acc: 0.304, acc_v: 0.950
[2024-01-16 20:43:53] [INFO] |local epoch: 1, acc: 0.304, acc_v: 0.955
[2024-01-16 20:43:53] [INFO] |local epoch: 2, acc: 0.308, acc_v: 0.960
[2024-01-16 20:43:54] [INFO] |local epoch: 3, acc: 0.307, acc_v: 0.955
[2024-01-16 20:43:54] [INFO] |local epoch: 4, acc: 0.307, acc_v: 0.955
[2024-01-16 20:43:54] [INFO] |servers comunicated: 1, server aggregated: 3, acc_server 0: 0.308.
[2024-01-16 20:43:54] [INFO] --------------------------------------------------
[2024-01-16 20:43:54] [INFO]   |server: 1
[2024-01-16 20:43:54] [INFO]  ---client 3
[2024-01-16 20:43:55] [INFO] |local epoch: 0, acc: 0.251, acc_v: 0.835
[2024-01-16 20:43:55] [INFO] |local epoch: 1, acc: 0.248, acc_v: 0.825
[2024-01-16 20:43:55] [INFO] |local epoch: 2, acc: 0.259, acc_v: 0.885
[2024-01-16 20:43:56] [INFO] |local epoch: 3, acc: 0.268, acc_v: 0.930
[2024-01-16 20:43:56] [INFO] |local epoch: 4, acc: 0.270, acc_v: 0.935
[2024-01-16 20:43:56] [INFO]  ---client 4
[2024-01-16 20:43:56] [INFO] |local epoch: 0, acc: 0.256, acc_v: 0.890
[2024-01-16 20:43:57] [INFO] |local epoch: 1, acc: 0.259, acc_v: 0.890
[2024-01-16 20:43:57] [INFO] |local epoch: 2, acc: 0.264, acc_v: 0.915
[2024-01-16 20:43:57] [INFO] |local epoch: 3, acc: 0.262, acc_v: 0.920
[2024-01-16 20:43:58] [INFO] |local epoch: 4, acc: 0.259, acc_v: 0.910
[2024-01-16 20:43:58] [INFO]  ---client 5
[2024-01-16 20:43:58] [INFO] |local epoch: 0, acc: 0.261, acc_v: 0.910
[2024-01-16 20:43:59] [INFO] |local epoch: 1, acc: 0.254, acc_v: 0.835
[2024-01-16 20:43:59] [INFO] |local epoch: 2, acc: 0.261, acc_v: 0.865
[2024-01-16 20:43:59] [INFO] |local epoch: 3, acc: 0.268, acc_v: 0.910
[2024-01-16 20:44:00] [INFO] |local epoch: 4, acc: 0.268, acc_v: 0.915
[2024-01-16 20:44:00] [INFO] |servers comunicated: 1, server aggregated: 3, acc_server 1: 0.267.
[2024-01-16 20:44:00] [INFO] --------------------------------------------------
[2024-01-16 20:44:00] [INFO]   |server: 2
[2024-01-16 20:44:00] [INFO]  ---client 6
[2024-01-16 20:44:00] [INFO] |local epoch: 0, acc: 0.348, acc_v: 0.865
[2024-01-16 20:44:01] [INFO] |local epoch: 1, acc: 0.352, acc_v: 0.905
[2024-01-16 20:44:01] [INFO] |local epoch: 2, acc: 0.361, acc_v: 0.925
[2024-01-16 20:44:01] [INFO] |local epoch: 3, acc: 0.364, acc_v: 0.925
[2024-01-16 20:44:02] [INFO] |local epoch: 4, acc: 0.364, acc_v: 0.925
[2024-01-16 20:44:02] [INFO]  ---client 7
[2024-01-16 20:44:02] [INFO] |local epoch: 0, acc: 0.354, acc_v: 0.880
[2024-01-16 20:44:02] [INFO] |local epoch: 1, acc: 0.355, acc_v: 0.880
[2024-01-16 20:44:03] [INFO] |local epoch: 2, acc: 0.358, acc_v: 0.895
[2024-01-16 20:44:03] [INFO] |local epoch: 3, acc: 0.360, acc_v: 0.900
[2024-01-16 20:44:03] [INFO] |local epoch: 4, acc: 0.359, acc_v: 0.895
[2024-01-16 20:44:03] [INFO]  ---client 8
[2024-01-16 20:44:04] [INFO] |local epoch: 0, acc: 0.358, acc_v: 0.870
[2024-01-16 20:44:04] [INFO] |local epoch: 1, acc: 0.362, acc_v: 0.870
[2024-01-16 20:44:04] [INFO] |local epoch: 2, acc: 0.359, acc_v: 0.890
[2024-01-16 20:44:05] [INFO] |local epoch: 3, acc: 0.359, acc_v: 0.860
[2024-01-16 20:44:05] [INFO] |local epoch: 4, acc: 0.365, acc_v: 0.905
[2024-01-16 20:44:05] [INFO] |servers comunicated: 1, server aggregated: 3, acc_server 2: 0.365.
[2024-01-16 20:44:05] [INFO] --------------------------------------------------
[2024-01-16 20:44:05] [INFO]      ********  servers comunicates  ********      
[2024-01-16 20:44:05] [INFO] --------------------------------------------------
[2024-01-16 20:44:05] [INFO] |epoch_server_commu: 1/3
[2024-01-16 20:44:05] [INFO]  |epoch_client_commu: 0/3
[2024-01-16 20:44:05] [INFO]   |server: 0
[2024-01-16 20:44:05] [INFO]  ---client 0
[2024-01-16 20:44:06] [INFO] |local epoch: 0, acc: 0.309, acc_v: 0.980
[2024-01-16 20:44:06] [INFO] |local epoch: 1, acc: 0.310, acc_v: 0.980
[2024-01-16 20:44:06] [INFO] |local epoch: 2, acc: 0.310, acc_v: 0.980
[2024-01-16 20:44:07] [INFO] |local epoch: 3, acc: 0.310, acc_v: 0.985
[2024-01-16 20:44:07] [INFO] |local epoch: 4, acc: 0.310, acc_v: 0.980
[2024-01-16 20:44:08] [INFO] |distill epoch: 0, acc: 0.310, acc_v: 0.980
[2024-01-16 20:44:08] [INFO] |distill epoch: 1, acc: 0.309, acc_v: 0.980
[2024-01-16 20:44:08] [INFO] |distill epoch: 2, acc: 0.309, acc_v: 0.980
[2024-01-16 20:44:09] [INFO] |distill epoch: 3, acc: 0.308, acc_v: 0.985
[2024-01-16 20:44:09] [INFO] |distill epoch: 4, acc: 0.308, acc_v: 0.985
[2024-01-16 20:44:09] [INFO]  ---client 1
[2024-01-16 20:44:09] [INFO] |local epoch: 0, acc: 0.310, acc_v: 0.985
[2024-01-16 20:44:10] [INFO] |local epoch: 1, acc: 0.310, acc_v: 0.985
[2024-01-16 20:44:10] [INFO] |local epoch: 2, acc: 0.308, acc_v: 0.980
[2024-01-16 20:44:10] [INFO] |local epoch: 3, acc: 0.310, acc_v: 0.980
[2024-01-16 20:44:11] [INFO] |local epoch: 4, acc: 0.309, acc_v: 0.980
[2024-01-16 20:44:11] [INFO] |distill epoch: 0, acc: 0.309, acc_v: 0.980
[2024-01-16 20:44:11] [INFO] |distill epoch: 1, acc: 0.309, acc_v: 0.980
[2024-01-16 20:44:12] [INFO] |distill epoch: 2, acc: 0.309, acc_v: 0.980
[2024-01-16 20:44:12] [INFO] |distill epoch: 3, acc: 0.309, acc_v: 0.980
[2024-01-16 20:44:12] [INFO] |distill epoch: 4, acc: 0.308, acc_v: 0.980
[2024-01-16 20:44:12] [INFO]  ---client 2
[2024-01-16 20:44:13] [INFO] |local epoch: 0, acc: 0.308, acc_v: 0.955
[2024-01-16 20:44:13] [INFO] |local epoch: 1, acc: 0.307, acc_v: 0.955
[2024-01-16 20:44:14] [INFO] |local epoch: 2, acc: 0.310, acc_v: 0.955
[2024-01-16 20:44:14] [INFO] |local epoch: 3, acc: 0.309, acc_v: 0.960
[2024-01-16 20:44:14] [INFO] |local epoch: 4, acc: 0.310, acc_v: 0.960
[2024-01-16 20:44:15] [INFO] |distill epoch: 0, acc: 0.310, acc_v: 0.955
[2024-01-16 20:44:15] [INFO] |distill epoch: 1, acc: 0.309, acc_v: 0.955
[2024-01-16 20:44:16] [INFO] |distill epoch: 2, acc: 0.308, acc_v: 0.955
[2024-01-16 20:44:16] [INFO] |distill epoch: 3, acc: 0.307, acc_v: 0.955
[2024-01-16 20:44:16] [INFO] |distill epoch: 4, acc: 0.306, acc_v: 0.955
[2024-01-16 20:44:16] [INFO] |servers comunicated: 2, server aggregated: 1, acc_server 0: 0.308.
[2024-01-16 20:44:16] [INFO] --------------------------------------------------
[2024-01-16 20:44:16] [INFO]   |server: 1
[2024-01-16 20:44:16] [INFO]  ---client 3
[2024-01-16 20:44:17] [INFO] |local epoch: 0, acc: 0.270, acc_v: 0.945
[2024-01-16 20:44:17] [INFO] |local epoch: 1, acc: 0.270, acc_v: 0.945
[2024-01-16 20:44:17] [INFO] |local epoch: 2, acc: 0.271, acc_v: 0.935
[2024-01-16 20:44:18] [INFO] |local epoch: 3, acc: 0.272, acc_v: 0.950
[2024-01-16 20:44:18] [INFO] |local epoch: 4, acc: 0.271, acc_v: 0.955
[2024-01-16 20:44:19] [INFO] |distill epoch: 0, acc: 0.272, acc_v: 0.955
[2024-01-16 20:44:19] [INFO] |distill epoch: 1, acc: 0.272, acc_v: 0.955
[2024-01-16 20:44:19] [INFO] |distill epoch: 2, acc: 0.272, acc_v: 0.950
[2024-01-16 20:44:20] [INFO] |distill epoch: 3, acc: 0.271, acc_v: 0.950
[2024-01-16 20:44:20] [INFO] |distill epoch: 4, acc: 0.271, acc_v: 0.940
[2024-01-16 20:44:20] [INFO]  ---client 4
[2024-01-16 20:44:20] [INFO] |local epoch: 0, acc: 0.269, acc_v: 0.940
[2024-01-16 20:44:21] [INFO] |local epoch: 1, acc: 0.270, acc_v: 0.945
[2024-01-16 20:44:21] [INFO] |local epoch: 2, acc: 0.269, acc_v: 0.930
[2024-01-16 20:44:21] [INFO] |local epoch: 3, acc: 0.271, acc_v: 0.945
[2024-01-16 20:44:22] [INFO] |local epoch: 4, acc: 0.272, acc_v: 0.940
[2024-01-16 20:44:22] [INFO] |distill epoch: 0, acc: 0.272, acc_v: 0.935
[2024-01-16 20:44:22] [INFO] |distill epoch: 1, acc: 0.271, acc_v: 0.945
[2024-01-16 20:44:23] [INFO] |distill epoch: 2, acc: 0.271, acc_v: 0.945
[2024-01-16 20:44:23] [INFO] |distill epoch: 3, acc: 0.271, acc_v: 0.950
[2024-01-16 20:44:23] [INFO] |distill epoch: 4, acc: 0.270, acc_v: 0.945
[2024-01-16 20:44:24] [INFO]  ---client 5
[2024-01-16 20:44:24] [INFO] |local epoch: 0, acc: 0.270, acc_v: 0.925
[2024-01-16 20:44:24] [INFO] |local epoch: 1, acc: 0.271, acc_v: 0.945
[2024-01-16 20:44:25] [INFO] |local epoch: 2, acc: 0.271, acc_v: 0.940
[2024-01-16 20:44:25] [INFO] |local epoch: 3, acc: 0.272, acc_v: 0.935
[2024-01-16 20:44:25] [INFO] |local epoch: 4, acc: 0.270, acc_v: 0.935
[2024-01-16 20:44:26] [INFO] |distill epoch: 0, acc: 0.271, acc_v: 0.930
[2024-01-16 20:44:26] [INFO] |distill epoch: 1, acc: 0.272, acc_v: 0.935
[2024-01-16 20:44:26] [INFO] |distill epoch: 2, acc: 0.273, acc_v: 0.950
[2024-01-16 20:44:27] [INFO] |distill epoch: 3, acc: 0.272, acc_v: 0.945
[2024-01-16 20:44:27] [INFO] |distill epoch: 4, acc: 0.271, acc_v: 0.945
[2024-01-16 20:44:27] [INFO] |servers comunicated: 2, server aggregated: 1, acc_server 1: 0.271.
[2024-01-16 20:44:27] [INFO] --------------------------------------------------
[2024-01-16 20:44:27] [INFO]   |server: 2
[2024-01-16 20:44:27] [INFO]  ---client 6
[2024-01-16 20:44:28] [INFO] |local epoch: 0, acc: 0.365, acc_v: 0.945
[2024-01-16 20:44:28] [INFO] |local epoch: 1, acc: 0.365, acc_v: 0.920
[2024-01-16 20:44:28] [INFO] |local epoch: 2, acc: 0.366, acc_v: 0.930
[2024-01-16 20:44:29] [INFO] |local epoch: 3, acc: 0.367, acc_v: 0.925
[2024-01-16 20:44:29] [INFO] |local epoch: 4, acc: 0.367, acc_v: 0.930
[2024-01-16 20:44:29] [INFO] |distill epoch: 0, acc: 0.366, acc_v: 0.920
[2024-01-16 20:44:30] [INFO] |distill epoch: 1, acc: 0.364, acc_v: 0.915
[2024-01-16 20:44:30] [INFO] |distill epoch: 2, acc: 0.363, acc_v: 0.910
[2024-01-16 20:44:31] [INFO] |distill epoch: 3, acc: 0.362, acc_v: 0.910
[2024-01-16 20:44:31] [INFO] |distill epoch: 4, acc: 0.362, acc_v: 0.910
[2024-01-16 20:44:31] [INFO]  ---client 7
[2024-01-16 20:44:31] [INFO] |local epoch: 0, acc: 0.367, acc_v: 0.920
[2024-01-16 20:44:32] [INFO] |local epoch: 1, acc: 0.368, acc_v: 0.920
[2024-01-16 20:44:32] [INFO] |local epoch: 2, acc: 0.368, acc_v: 0.920
[2024-01-16 20:44:32] [INFO] |local epoch: 3, acc: 0.367, acc_v: 0.915
[2024-01-16 20:44:33] [INFO] |local epoch: 4, acc: 0.367, acc_v: 0.920
[2024-01-16 20:44:33] [INFO] |distill epoch: 0, acc: 0.367, acc_v: 0.915
[2024-01-16 20:44:33] [INFO] |distill epoch: 1, acc: 0.366, acc_v: 0.910
[2024-01-16 20:44:34] [INFO] |distill epoch: 2, acc: 0.364, acc_v: 0.910
[2024-01-16 20:44:34] [INFO] |distill epoch: 3, acc: 0.362, acc_v: 0.900
[2024-01-16 20:44:34] [INFO] |distill epoch: 4, acc: 0.359, acc_v: 0.900
[2024-01-16 20:44:34] [INFO]  ---client 8
[2024-01-16 20:44:35] [INFO] |local epoch: 0, acc: 0.366, acc_v: 0.900
[2024-01-16 20:44:35] [INFO] |local epoch: 1, acc: 0.366, acc_v: 0.900
[2024-01-16 20:44:36] [INFO] |local epoch: 2, acc: 0.366, acc_v: 0.920
[2024-01-16 20:44:36] [INFO] |local epoch: 3, acc: 0.366, acc_v: 0.920
[2024-01-16 20:44:36] [INFO] |local epoch: 4, acc: 0.367, acc_v: 0.925
[2024-01-16 20:44:37] [INFO] |distill epoch: 0, acc: 0.368, acc_v: 0.920
[2024-01-16 20:44:37] [INFO] |distill epoch: 1, acc: 0.368, acc_v: 0.920
[2024-01-16 20:44:37] [INFO] |distill epoch: 2, acc: 0.367, acc_v: 0.915
[2024-01-16 20:44:38] [INFO] |distill epoch: 3, acc: 0.365, acc_v: 0.900
[2024-01-16 20:44:38] [INFO] |distill epoch: 4, acc: 0.364, acc_v: 0.895
[2024-01-16 20:44:38] [INFO] |servers comunicated: 2, server aggregated: 1, acc_server 2: 0.362.
[2024-01-16 20:44:38] [INFO] --------------------------------------------------
[2024-01-16 20:44:38] [INFO]  |epoch_client_commu: 1/3
[2024-01-16 20:44:38] [INFO]   |server: 0
[2024-01-16 20:44:38] [INFO]  ---client 0
[2024-01-16 20:44:39] [INFO] |local epoch: 0, acc: 0.309, acc_v: 0.985
[2024-01-16 20:44:39] [INFO] |local epoch: 1, acc: 0.310, acc_v: 0.985
[2024-01-16 20:44:39] [INFO] |local epoch: 2, acc: 0.310, acc_v: 0.985
[2024-01-16 20:44:40] [INFO] |local epoch: 3, acc: 0.307, acc_v: 0.975
[2024-01-16 20:44:40] [INFO] |local epoch: 4, acc: 0.310, acc_v: 0.990
[2024-01-16 20:44:40] [INFO] |distill epoch: 0, acc: 0.310, acc_v: 0.985
[2024-01-16 20:44:41] [INFO] |distill epoch: 1, acc: 0.310, acc_v: 0.985
[2024-01-16 20:44:41] [INFO] |distill epoch: 2, acc: 0.310, acc_v: 0.985
[2024-01-16 20:44:41] [INFO] |distill epoch: 3, acc: 0.309, acc_v: 0.985
[2024-01-16 20:44:42] [INFO] |distill epoch: 4, acc: 0.309, acc_v: 0.985
[2024-01-16 20:44:42] [INFO]  ---client 1
[2024-01-16 20:44:42] [INFO] |local epoch: 0, acc: 0.310, acc_v: 0.985
[2024-01-16 20:44:43] [INFO] |local epoch: 1, acc: 0.310, acc_v: 0.985
[2024-01-16 20:44:43] [INFO] |local epoch: 2, acc: 0.310, acc_v: 0.980
[2024-01-16 20:44:43] [INFO] |local epoch: 3, acc: 0.309, acc_v: 0.980
[2024-01-16 20:44:44] [INFO] |local epoch: 4, acc: 0.309, acc_v: 0.975
[2024-01-16 20:44:44] [INFO] |distill epoch: 0, acc: 0.310, acc_v: 0.975
[2024-01-16 20:44:44] [INFO] |distill epoch: 1, acc: 0.310, acc_v: 0.980
[2024-01-16 20:44:45] [INFO] |distill epoch: 2, acc: 0.311, acc_v: 0.980
[2024-01-16 20:44:45] [INFO] |distill epoch: 3, acc: 0.310, acc_v: 0.985
[2024-01-16 20:44:45] [INFO] |distill epoch: 4, acc: 0.310, acc_v: 0.985
[2024-01-16 20:44:45] [INFO]  ---client 2
[2024-01-16 20:44:46] [INFO] |local epoch: 0, acc: 0.309, acc_v: 0.960
[2024-01-16 20:44:46] [INFO] |local epoch: 1, acc: 0.310, acc_v: 0.960
[2024-01-16 20:44:46] [INFO] |local epoch: 2, acc: 0.310, acc_v: 0.950
[2024-01-16 20:44:47] [INFO] |local epoch: 3, acc: 0.308, acc_v: 0.960
[2024-01-16 20:44:47] [INFO] |local epoch: 4, acc: 0.309, acc_v: 0.960
[2024-01-16 20:44:48] [INFO] |distill epoch: 0, acc: 0.309, acc_v: 0.960
[2024-01-16 20:44:48] [INFO] |distill epoch: 1, acc: 0.308, acc_v: 0.960
[2024-01-16 20:44:48] [INFO] |distill epoch: 2, acc: 0.307, acc_v: 0.960
[2024-01-16 20:44:49] [INFO] |distill epoch: 3, acc: 0.306, acc_v: 0.960
[2024-01-16 20:44:49] [INFO] |distill epoch: 4, acc: 0.305, acc_v: 0.965
[2024-01-16 20:44:49] [INFO] |servers comunicated: 2, server aggregated: 2, acc_server 0: 0.309.
[2024-01-16 20:44:49] [INFO] --------------------------------------------------
[2024-01-16 20:44:49] [INFO]   |server: 1
[2024-01-16 20:44:49] [INFO]  ---client 3
[2024-01-16 20:44:50] [INFO] |local epoch: 0, acc: 0.272, acc_v: 0.950
[2024-01-16 20:44:50] [INFO] |local epoch: 1, acc: 0.274, acc_v: 0.955
[2024-01-16 20:44:50] [INFO] |local epoch: 2, acc: 0.272, acc_v: 0.945
[2024-01-16 20:44:51] [INFO] |local epoch: 3, acc: 0.273, acc_v: 0.955
[2024-01-16 20:44:51] [INFO] |local epoch: 4, acc: 0.273, acc_v: 0.950
[2024-01-16 20:44:51] [INFO] |distill epoch: 0, acc: 0.272, acc_v: 0.945
[2024-01-16 20:44:52] [INFO] |distill epoch: 1, acc: 0.272, acc_v: 0.930
[2024-01-16 20:44:52] [INFO] |distill epoch: 2, acc: 0.271, acc_v: 0.930
[2024-01-16 20:44:52] [INFO] |distill epoch: 3, acc: 0.270, acc_v: 0.920
[2024-01-16 20:44:53] [INFO] |distill epoch: 4, acc: 0.270, acc_v: 0.905
[2024-01-16 20:44:53] [INFO]  ---client 4
[2024-01-16 20:44:53] [INFO] |local epoch: 0, acc: 0.272, acc_v: 0.950
[2024-01-16 20:44:54] [INFO] |local epoch: 1, acc: 0.270, acc_v: 0.935
[2024-01-16 20:44:54] [INFO] |local epoch: 2, acc: 0.272, acc_v: 0.950
[2024-01-16 20:44:54] [INFO] |local epoch: 3, acc: 0.273, acc_v: 0.945
[2024-01-16 20:44:55] [INFO] |local epoch: 4, acc: 0.273, acc_v: 0.940
[2024-01-16 20:44:55] [INFO] |distill epoch: 0, acc: 0.272, acc_v: 0.950
[2024-01-16 20:44:55] [INFO] |distill epoch: 1, acc: 0.272, acc_v: 0.950
[2024-01-16 20:44:56] [INFO] |distill epoch: 2, acc: 0.271, acc_v: 0.950
[2024-01-16 20:44:56] [INFO] |distill epoch: 3, acc: 0.270, acc_v: 0.950
[2024-01-16 20:44:56] [INFO] |distill epoch: 4, acc: 0.270, acc_v: 0.935
[2024-01-16 20:44:56] [INFO]  ---client 5
[2024-01-16 20:44:57] [INFO] |local epoch: 0, acc: 0.273, acc_v: 0.950
[2024-01-16 20:44:57] [INFO] |local epoch: 1, acc: 0.271, acc_v: 0.940
