[2024-01-16 20:58:34] [INFO] device cuda is used.
[2024-01-16 20:58:34] [INFO] cudnn is actived.
[2024-01-16 20:58:34] [INFO] 
      alpha      :  0.5  
        T        :   6   
    algorithm    :   3   
num_server_commu :   3   
num_client_commu :   3   
num_client_train :   5   
num_public_train :  20   
   batch_size    :  160  
     dataset     : mnist 
  model_select   :   1   
 num_all_client  :   9   
 num_all_server  :   3   
 num_client_data : 2200  
 num_public_data :  500  
   proportion    :  0.8  
   num_workers   :   8   
[2024-01-16 20:58:37] [INFO] --------------------------------------------------
[2024-01-16 20:58:37] [INFO] |epoch_server_commu: 0/3
[2024-01-16 20:58:37] [INFO]  |epoch_client_commu: 0/3
[2024-01-16 20:58:37] [INFO]   |server: 0
[2024-01-16 20:58:37] [INFO]  ---client 0
[2024-01-16 20:58:38] [INFO] |local epoch: 0, acc: 0.131, acc_v: 0.350
[2024-01-16 20:58:39] [INFO] |local epoch: 1, acc: 0.262, acc_v: 0.795
[2024-01-16 20:58:39] [INFO] |local epoch: 2, acc: 0.303, acc_v: 0.930
[2024-01-16 20:58:40] [INFO] |local epoch: 3, acc: 0.305, acc_v: 0.935
[2024-01-16 20:58:40] [INFO] |local epoch: 4, acc: 0.307, acc_v: 0.950
[2024-01-16 20:58:40] [INFO]  ---client 1
[2024-01-16 20:58:40] [INFO] |local epoch: 0, acc: 0.140, acc_v: 0.450
[2024-01-16 20:58:41] [INFO] |local epoch: 1, acc: 0.281, acc_v: 0.890
[2024-01-16 20:58:41] [INFO] |local epoch: 2, acc: 0.303, acc_v: 0.960
[2024-01-16 20:58:41] [INFO] |local epoch: 3, acc: 0.304, acc_v: 0.960
[2024-01-16 20:58:42] [INFO] |local epoch: 4, acc: 0.308, acc_v: 0.985
[2024-01-16 20:58:42] [INFO]  ---client 2
[2024-01-16 20:58:42] [INFO] |local epoch: 0, acc: 0.166, acc_v: 0.530
[2024-01-16 20:58:43] [INFO] |local epoch: 1, acc: 0.288, acc_v: 0.920
[2024-01-16 20:58:43] [INFO] |local epoch: 2, acc: 0.302, acc_v: 0.945
[2024-01-16 20:58:43] [INFO] |local epoch: 3, acc: 0.305, acc_v: 0.955
[2024-01-16 20:58:44] [INFO] |local epoch: 4, acc: 0.308, acc_v: 0.955
[2024-01-16 20:58:44] [INFO] |servers comunicated: 1, server aggregated: 1, acc_server 0: 0.308.
[2024-01-16 20:58:44] [INFO] --------------------------------------------------
[2024-01-16 20:58:44] [INFO]   |server: 1
[2024-01-16 20:58:44] [INFO]  ---client 3
[2024-01-16 20:58:44] [INFO] |local epoch: 0, acc: 0.110, acc_v: 0.355
[2024-01-16 20:58:45] [INFO] |local epoch: 1, acc: 0.201, acc_v: 0.645
[2024-01-16 20:58:45] [INFO] |local epoch: 2, acc: 0.252, acc_v: 0.865
[2024-01-16 20:58:45] [INFO] |local epoch: 3, acc: 0.257, acc_v: 0.900
[2024-01-16 20:58:46] [INFO] |local epoch: 4, acc: 0.262, acc_v: 0.920
[2024-01-16 20:58:46] [INFO]  ---client 4
[2024-01-16 20:58:46] [INFO] |local epoch: 0, acc: 0.129, acc_v: 0.385
[2024-01-16 20:58:47] [INFO] |local epoch: 1, acc: 0.196, acc_v: 0.615
[2024-01-16 20:58:47] [INFO] |local epoch: 2, acc: 0.246, acc_v: 0.825
[2024-01-16 20:58:47] [INFO] |local epoch: 3, acc: 0.240, acc_v: 0.790
[2024-01-16 20:58:48] [INFO] |local epoch: 4, acc: 0.261, acc_v: 0.885
[2024-01-16 20:58:48] [INFO]  ---client 5
[2024-01-16 20:58:48] [INFO] |local epoch: 0, acc: 0.112, acc_v: 0.385
[2024-01-16 20:58:49] [INFO] |local epoch: 1, acc: 0.196, acc_v: 0.640
[2024-01-16 20:58:49] [INFO] |local epoch: 2, acc: 0.253, acc_v: 0.915
[2024-01-16 20:58:49] [INFO] |local epoch: 3, acc: 0.247, acc_v: 0.890
[2024-01-16 20:58:50] [INFO] |local epoch: 4, acc: 0.264, acc_v: 0.955
[2024-01-16 20:58:50] [INFO] |servers comunicated: 1, server aggregated: 1, acc_server 1: 0.261.
[2024-01-16 20:58:50] [INFO] --------------------------------------------------
[2024-01-16 20:58:50] [INFO]   |server: 2
[2024-01-16 20:58:50] [INFO]  ---client 6
[2024-01-16 20:58:50] [INFO] |local epoch: 0, acc: 0.112, acc_v: 0.275
[2024-01-16 20:58:51] [INFO] |local epoch: 1, acc: 0.201, acc_v: 0.545
[2024-01-16 20:58:51] [INFO] |local epoch: 2, acc: 0.318, acc_v: 0.770
[2024-01-16 20:58:51] [INFO] |local epoch: 3, acc: 0.336, acc_v: 0.860
[2024-01-16 20:58:52] [INFO] |local epoch: 4, acc: 0.356, acc_v: 0.895
[2024-01-16 20:58:52] [INFO]  ---client 7
[2024-01-16 20:58:52] [INFO] |local epoch: 0, acc: 0.187, acc_v: 0.495
[2024-01-16 20:58:53] [INFO] |local epoch: 1, acc: 0.180, acc_v: 0.435
[2024-01-16 20:58:53] [INFO] |local epoch: 2, acc: 0.306, acc_v: 0.785
[2024-01-16 20:58:53] [INFO] |local epoch: 3, acc: 0.342, acc_v: 0.870
[2024-01-16 20:58:54] [INFO] |local epoch: 4, acc: 0.346, acc_v: 0.830
[2024-01-16 20:58:54] [INFO]  ---client 8
[2024-01-16 20:58:54] [INFO] |local epoch: 0, acc: 0.162, acc_v: 0.445
[2024-01-16 20:58:54] [INFO] |local epoch: 1, acc: 0.220, acc_v: 0.560
[2024-01-16 20:58:55] [INFO] |local epoch: 2, acc: 0.294, acc_v: 0.715
[2024-01-16 20:58:55] [INFO] |local epoch: 3, acc: 0.344, acc_v: 0.870
[2024-01-16 20:58:55] [INFO] |local epoch: 4, acc: 0.354, acc_v: 0.890
[2024-01-16 20:58:56] [INFO] |servers comunicated: 1, server aggregated: 1, acc_server 2: 0.351.
[2024-01-16 20:58:56] [INFO] --------------------------------------------------
[2024-01-16 20:58:56] [INFO]  |epoch_client_commu: 1/3
[2024-01-16 20:58:56] [INFO]   |server: 0
[2024-01-16 20:58:56] [INFO]  ---client 0
[2024-01-16 20:58:56] [INFO] |local epoch: 0, acc: 0.308, acc_v: 0.955
[2024-01-16 20:58:56] [INFO] |local epoch: 1, acc: 0.309, acc_v: 0.955
[2024-01-16 20:58:57] [INFO] |local epoch: 2, acc: 0.311, acc_v: 0.965
[2024-01-16 20:58:57] [INFO] |local epoch: 3, acc: 0.311, acc_v: 0.965
[2024-01-16 20:58:58] [INFO] |local epoch: 4, acc: 0.310, acc_v: 0.970
[2024-01-16 20:58:58] [INFO]  ---client 1
[2024-01-16 20:58:58] [INFO] |local epoch: 0, acc: 0.308, acc_v: 0.980
[2024-01-16 20:58:58] [INFO] |local epoch: 1, acc: 0.307, acc_v: 0.985
[2024-01-16 20:58:59] [INFO] |local epoch: 2, acc: 0.311, acc_v: 0.990
[2024-01-16 20:58:59] [INFO] |local epoch: 3, acc: 0.312, acc_v: 0.990
[2024-01-16 20:58:59] [INFO] |local epoch: 4, acc: 0.311, acc_v: 0.985
[2024-01-16 20:58:59] [INFO]  ---client 2
[2024-01-16 20:59:00] [INFO] |local epoch: 0, acc: 0.310, acc_v: 0.970
[2024-01-16 20:59:00] [INFO] |local epoch: 1, acc: 0.311, acc_v: 0.975
[2024-01-16 20:59:01] [INFO] |local epoch: 2, acc: 0.310, acc_v: 0.980
[2024-01-16 20:59:01] [INFO] |local epoch: 3, acc: 0.311, acc_v: 0.980
[2024-01-16 20:59:01] [INFO] |local epoch: 4, acc: 0.310, acc_v: 0.975
[2024-01-16 20:59:01] [INFO] |servers comunicated: 1, server aggregated: 2, acc_server 0: 0.311.
[2024-01-16 20:59:01] [INFO] --------------------------------------------------
[2024-01-16 20:59:01] [INFO]   |server: 1
[2024-01-16 20:59:02] [INFO]  ---client 3
[2024-01-16 20:59:02] [INFO] |local epoch: 0, acc: 0.266, acc_v: 0.935
[2024-01-16 20:59:02] [INFO] |local epoch: 1, acc: 0.269, acc_v: 0.945
[2024-01-16 20:59:03] [INFO] |local epoch: 2, acc: 0.272, acc_v: 0.955
[2024-01-16 20:59:03] [INFO] |local epoch: 3, acc: 0.274, acc_v: 0.950
[2024-01-16 20:59:03] [INFO] |local epoch: 4, acc: 0.272, acc_v: 0.955
[2024-01-16 20:59:03] [INFO]  ---client 4
[2024-01-16 20:59:04] [INFO] |local epoch: 0, acc: 0.267, acc_v: 0.930
[2024-01-16 20:59:04] [INFO] |local epoch: 1, acc: 0.269, acc_v: 0.955
[2024-01-16 20:59:05] [INFO] |local epoch: 2, acc: 0.272, acc_v: 0.960
[2024-01-16 20:59:05] [INFO] |local epoch: 3, acc: 0.269, acc_v: 0.920
[2024-01-16 20:59:05] [INFO] |local epoch: 4, acc: 0.274, acc_v: 0.970
[2024-01-16 20:59:05] [INFO]  ---client 5
[2024-01-16 20:59:06] [INFO] |local epoch: 0, acc: 0.266, acc_v: 0.965
[2024-01-16 20:59:06] [INFO] |local epoch: 1, acc: 0.266, acc_v: 0.960
[2024-01-16 20:59:06] [INFO] |local epoch: 2, acc: 0.270, acc_v: 0.975
[2024-01-16 20:59:07] [INFO] |local epoch: 3, acc: 0.269, acc_v: 0.980
[2024-01-16 20:59:07] [INFO] |local epoch: 4, acc: 0.273, acc_v: 0.975
[2024-01-16 20:59:07] [INFO] |servers comunicated: 1, server aggregated: 2, acc_server 1: 0.274.
[2024-01-16 20:59:07] [INFO] --------------------------------------------------
[2024-01-16 20:59:07] [INFO]   |server: 2
[2024-01-16 20:59:07] [INFO]  ---client 6
[2024-01-16 20:59:08] [INFO] |local epoch: 0, acc: 0.361, acc_v: 0.910
[2024-01-16 20:59:08] [INFO] |local epoch: 1, acc: 0.364, acc_v: 0.915
[2024-01-16 20:59:08] [INFO] |local epoch: 2, acc: 0.364, acc_v: 0.925
[2024-01-16 20:59:09] [INFO] |local epoch: 3, acc: 0.368, acc_v: 0.935
[2024-01-16 20:59:09] [INFO] |local epoch: 4, acc: 0.367, acc_v: 0.925
[2024-01-16 20:59:09] [INFO]  ---client 7
[2024-01-16 20:59:10] [INFO] |local epoch: 0, acc: 0.359, acc_v: 0.905
[2024-01-16 20:59:10] [INFO] |local epoch: 1, acc: 0.363, acc_v: 0.915
[2024-01-16 20:59:10] [INFO] |local epoch: 2, acc: 0.365, acc_v: 0.895
[2024-01-16 20:59:11] [INFO] |local epoch: 3, acc: 0.368, acc_v: 0.935
[2024-01-16 20:59:11] [INFO] |local epoch: 4, acc: 0.370, acc_v: 0.920
[2024-01-16 20:59:11] [INFO]  ---client 8
[2024-01-16 20:59:11] [INFO] |local epoch: 0, acc: 0.361, acc_v: 0.910
[2024-01-16 20:59:12] [INFO] |local epoch: 1, acc: 0.364, acc_v: 0.925
[2024-01-16 20:59:12] [INFO] |local epoch: 2, acc: 0.368, acc_v: 0.935
[2024-01-16 20:59:13] [INFO] |local epoch: 3, acc: 0.368, acc_v: 0.935
[2024-01-16 20:59:13] [INFO] |local epoch: 4, acc: 0.371, acc_v: 0.935
[2024-01-16 20:59:13] [INFO] |servers comunicated: 1, server aggregated: 2, acc_server 2: 0.369.
[2024-01-16 20:59:13] [INFO] --------------------------------------------------
[2024-01-16 20:59:13] [INFO]  |epoch_client_commu: 2/3
[2024-01-16 20:59:13] [INFO]   |server: 0
[2024-01-16 20:59:13] [INFO]  ---client 0
[2024-01-16 20:59:13] [INFO] |local epoch: 0, acc: 0.311, acc_v: 0.970
[2024-01-16 20:59:14] [INFO] |local epoch: 1, acc: 0.312, acc_v: 0.975
[2024-01-16 20:59:14] [INFO] |local epoch: 2, acc: 0.312, acc_v: 0.980
[2024-01-16 20:59:15] [INFO] |local epoch: 3, acc: 0.312, acc_v: 0.980
[2024-01-16 20:59:15] [INFO] |local epoch: 4, acc: 0.312, acc_v: 0.980
[2024-01-16 20:59:15] [INFO]  ---client 1
[2024-01-16 20:59:15] [INFO] |local epoch: 0, acc: 0.313, acc_v: 0.990
[2024-01-16 20:59:16] [INFO] |local epoch: 1, acc: 0.312, acc_v: 0.990
[2024-01-16 20:59:16] [INFO] |local epoch: 2, acc: 0.313, acc_v: 0.995
[2024-01-16 20:59:17] [INFO] |local epoch: 3, acc: 0.313, acc_v: 1.000
[2024-01-16 20:59:17] [INFO] |local epoch: 4, acc: 0.312, acc_v: 0.995
[2024-01-16 20:59:17] [INFO]  ---client 2
[2024-01-16 20:59:17] [INFO] |local epoch: 0, acc: 0.312, acc_v: 0.985
[2024-01-16 20:59:18] [INFO] |local epoch: 1, acc: 0.312, acc_v: 0.985
[2024-01-16 20:59:18] [INFO] |local epoch: 2, acc: 0.313, acc_v: 0.985
[2024-01-16 20:59:19] [INFO] |local epoch: 3, acc: 0.312, acc_v: 0.985
[2024-01-16 20:59:19] [INFO] |local epoch: 4, acc: 0.313, acc_v: 0.985
[2024-01-16 20:59:19] [INFO] |servers comunicated: 1, server aggregated: 3, acc_server 0: 0.313.
[2024-01-16 20:59:19] [INFO] --------------------------------------------------
[2024-01-16 20:59:19] [INFO]   |server: 1
[2024-01-16 20:59:19] [INFO]  ---client 3
[2024-01-16 20:59:20] [INFO] |local epoch: 0, acc: 0.274, acc_v: 0.965
[2024-01-16 20:59:20] [INFO] |local epoch: 1, acc: 0.276, acc_v: 0.960
[2024-01-16 20:59:20] [INFO] |local epoch: 2, acc: 0.275, acc_v: 0.970
[2024-01-16 20:59:21] [INFO] |local epoch: 3, acc: 0.277, acc_v: 0.960
[2024-01-16 20:59:21] [INFO] |local epoch: 4, acc: 0.277, acc_v: 0.960
[2024-01-16 20:59:21] [INFO]  ---client 4
[2024-01-16 20:59:21] [INFO] |local epoch: 0, acc: 0.275, acc_v: 0.955
[2024-01-16 20:59:22] [INFO] |local epoch: 1, acc: 0.275, acc_v: 0.960
[2024-01-16 20:59:22] [INFO] |local epoch: 2, acc: 0.276, acc_v: 0.960
[2024-01-16 20:59:23] [INFO] |local epoch: 3, acc: 0.277, acc_v: 0.965
[2024-01-16 20:59:23] [INFO] |local epoch: 4, acc: 0.277, acc_v: 0.950
[2024-01-16 20:59:23] [INFO]  ---client 5
[2024-01-16 20:59:23] [INFO] |local epoch: 0, acc: 0.271, acc_v: 0.990
[2024-01-16 20:59:24] [INFO] |local epoch: 1, acc: 0.270, acc_v: 0.980
[2024-01-16 20:59:24] [INFO] |local epoch: 2, acc: 0.275, acc_v: 0.975
[2024-01-16 20:59:24] [INFO] |local epoch: 3, acc: 0.275, acc_v: 0.975
[2024-01-16 20:59:25] [INFO] |local epoch: 4, acc: 0.275, acc_v: 0.980
[2024-01-16 20:59:25] [INFO] |servers comunicated: 1, server aggregated: 3, acc_server 1: 0.277.
[2024-01-16 20:59:25] [INFO] --------------------------------------------------
[2024-01-16 20:59:25] [INFO]   |server: 2
[2024-01-16 20:59:25] [INFO]  ---client 6
[2024-01-16 20:59:25] [INFO] |local epoch: 0, acc: 0.369, acc_v: 0.935
[2024-01-16 20:59:26] [INFO] |local epoch: 1, acc: 0.370, acc_v: 0.940
[2024-01-16 20:59:26] [INFO] |local epoch: 2, acc: 0.372, acc_v: 0.955
[2024-01-16 20:59:27] [INFO] |local epoch: 3, acc: 0.373, acc_v: 0.935
[2024-01-16 20:59:27] [INFO] |local epoch: 4, acc: 0.373, acc_v: 0.950
[2024-01-16 20:59:27] [INFO]  ---client 7
[2024-01-16 20:59:27] [INFO] |local epoch: 0, acc: 0.371, acc_v: 0.935
[2024-01-16 20:59:28] [INFO] |local epoch: 1, acc: 0.372, acc_v: 0.925
[2024-01-16 20:59:28] [INFO] |local epoch: 2, acc: 0.373, acc_v: 0.945
[2024-01-16 20:59:28] [INFO] |local epoch: 3, acc: 0.375, acc_v: 0.940
[2024-01-16 20:59:29] [INFO] |local epoch: 4, acc: 0.374, acc_v: 0.925
[2024-01-16 20:59:29] [INFO]  ---client 8
[2024-01-16 20:59:29] [INFO] |local epoch: 0, acc: 0.371, acc_v: 0.930
[2024-01-16 20:59:30] [INFO] |local epoch: 1, acc: 0.372, acc_v: 0.960
[2024-01-16 20:59:30] [INFO] |local epoch: 2, acc: 0.372, acc_v: 0.930
[2024-01-16 20:59:30] [INFO] |local epoch: 3, acc: 0.375, acc_v: 0.960
[2024-01-16 20:59:31] [INFO] |local epoch: 4, acc: 0.373, acc_v: 0.940
[2024-01-16 20:59:31] [INFO] |servers comunicated: 1, server aggregated: 3, acc_server 2: 0.375.
[2024-01-16 20:59:31] [INFO] --------------------------------------------------
[2024-01-16 20:59:31] [INFO]      ********  servers comunicates  ********      
[2024-01-16 20:59:31] [INFO] --------------------------------------------------
[2024-01-16 20:59:31] [INFO] |epoch_server_commu: 1/3
[2024-01-16 20:59:31] [INFO]  |epoch_client_commu: 0/3
[2024-01-16 20:59:31] [INFO]   |server: 0
[2024-01-16 20:59:31] [INFO]  ---client 0
[2024-01-16 20:59:31] [INFO] |local epoch: 0, acc: 0.312, acc_v: 0.980
[2024-01-16 20:59:32] [INFO] |local epoch: 1, acc: 0.312, acc_v: 0.980
[2024-01-16 20:59:32] [INFO] |local epoch: 2, acc: 0.312, acc_v: 0.980
[2024-01-16 20:59:32] [INFO] |local epoch: 3, acc: 0.312, acc_v: 0.980
[2024-01-16 20:59:33] [INFO] |local epoch: 4, acc: 0.313, acc_v: 0.980
[2024-01-16 20:59:33] [INFO] |distill epoch: 0, acc: 0.312, acc_v: 0.980
[2024-01-16 20:59:34] [INFO] |distill epoch: 1, acc: 0.311, acc_v: 0.980
[2024-01-16 20:59:34] [INFO] |distill epoch: 2, acc: 0.311, acc_v: 0.980
[2024-01-16 20:59:34] [INFO] |distill epoch: 3, acc: 0.311, acc_v: 0.970
[2024-01-16 20:59:35] [INFO] |distill epoch: 4, acc: 0.311, acc_v: 0.970
[2024-01-16 20:59:35] [INFO]  ---client 1
[2024-01-16 20:59:35] [INFO] |local epoch: 0, acc: 0.313, acc_v: 0.995
[2024-01-16 20:59:35] [INFO] |local epoch: 1, acc: 0.312, acc_v: 0.990
[2024-01-16 20:59:36] [INFO] |local epoch: 2, acc: 0.314, acc_v: 1.000
[2024-01-16 20:59:36] [INFO] |local epoch: 3, acc: 0.313, acc_v: 0.995
[2024-01-16 20:59:37] [INFO] |local epoch: 4, acc: 0.313, acc_v: 1.000
[2024-01-16 20:59:37] [INFO] |distill epoch: 0, acc: 0.313, acc_v: 0.995
[2024-01-16 20:59:37] [INFO] |distill epoch: 1, acc: 0.312, acc_v: 0.990
[2024-01-16 20:59:38] [INFO] |distill epoch: 2, acc: 0.311, acc_v: 0.990
[2024-01-16 20:59:38] [INFO] |distill epoch: 3, acc: 0.311, acc_v: 0.990
[2024-01-16 20:59:38] [INFO] |distill epoch: 4, acc: 0.310, acc_v: 0.985
[2024-01-16 20:59:38] [INFO]  ---client 2
[2024-01-16 20:59:39] [INFO] |local epoch: 0, acc: 0.313, acc_v: 0.990
[2024-01-16 20:59:39] [INFO] |local epoch: 1, acc: 0.313, acc_v: 0.990
[2024-01-16 20:59:40] [INFO] |local epoch: 2, acc: 0.313, acc_v: 0.985
[2024-01-16 20:59:40] [INFO] |local epoch: 3, acc: 0.313, acc_v: 0.985
[2024-01-16 20:59:40] [INFO] |local epoch: 4, acc: 0.313, acc_v: 0.985
[2024-01-16 20:59:41] [INFO] |distill epoch: 0, acc: 0.313, acc_v: 0.990
[2024-01-16 20:59:41] [INFO] |distill epoch: 1, acc: 0.312, acc_v: 0.990
[2024-01-16 20:59:41] [INFO] |distill epoch: 2, acc: 0.312, acc_v: 0.995
[2024-01-16 20:59:42] [INFO] |distill epoch: 3, acc: 0.311, acc_v: 0.990
[2024-01-16 20:59:42] [INFO] |distill epoch: 4, acc: 0.311, acc_v: 0.995
[2024-01-16 20:59:42] [INFO] |servers comunicated: 2, server aggregated: 1, acc_server 0: 0.310.
[2024-01-16 20:59:42] [INFO] --------------------------------------------------
[2024-01-16 20:59:42] [INFO]   |server: 1
[2024-01-16 20:59:42] [INFO]  ---client 3
[2024-01-16 20:59:43] [INFO] |local epoch: 0, acc: 0.277, acc_v: 0.970
[2024-01-16 20:59:43] [INFO] |local epoch: 1, acc: 0.277, acc_v: 0.960
[2024-01-16 20:59:43] [INFO] |local epoch: 2, acc: 0.278, acc_v: 0.960
[2024-01-16 20:59:44] [INFO] |local epoch: 3, acc: 0.279, acc_v: 0.960
[2024-01-16 20:59:44] [INFO] |local epoch: 4, acc: 0.278, acc_v: 0.960
[2024-01-16 20:59:45] [INFO] |distill epoch: 0, acc: 0.278, acc_v: 0.955
[2024-01-16 20:59:45] [INFO] |distill epoch: 1, acc: 0.278, acc_v: 0.955
[2024-01-16 20:59:45] [INFO] |distill epoch: 2, acc: 0.277, acc_v: 0.955
[2024-01-16 20:59:46] [INFO] |distill epoch: 3, acc: 0.277, acc_v: 0.950
[2024-01-16 20:59:46] [INFO] |distill epoch: 4, acc: 0.277, acc_v: 0.955
[2024-01-16 20:59:46] [INFO]  ---client 4
[2024-01-16 20:59:46] [INFO] |local epoch: 0, acc: 0.277, acc_v: 0.960
[2024-01-16 20:59:47] [INFO] |local epoch: 1, acc: 0.278, acc_v: 0.960
[2024-01-16 20:59:47] [INFO] |local epoch: 2, acc: 0.278, acc_v: 0.970
[2024-01-16 20:59:48] [INFO] |local epoch: 3, acc: 0.277, acc_v: 0.975
[2024-01-16 20:59:48] [INFO] |local epoch: 4, acc: 0.279, acc_v: 0.970
[2024-01-16 20:59:48] [INFO] |distill epoch: 0, acc: 0.278, acc_v: 0.975
[2024-01-16 20:59:49] [INFO] |distill epoch: 1, acc: 0.278, acc_v: 0.975
[2024-01-16 20:59:49] [INFO] |distill epoch: 2, acc: 0.277, acc_v: 0.975
[2024-01-16 20:59:49] [INFO] |distill epoch: 3, acc: 0.277, acc_v: 0.970
[2024-01-16 20:59:50] [INFO] |distill epoch: 4, acc: 0.276, acc_v: 0.965
[2024-01-16 20:59:50] [INFO]  ---client 5
[2024-01-16 20:59:50] [INFO] |local epoch: 0, acc: 0.277, acc_v: 0.975
[2024-01-16 20:59:51] [INFO] |local epoch: 1, acc: 0.277, acc_v: 0.980
[2024-01-16 20:59:51] [INFO] |local epoch: 2, acc: 0.275, acc_v: 0.985
[2024-01-16 20:59:51] [INFO] |local epoch: 3, acc: 0.277, acc_v: 0.980
[2024-01-16 20:59:52] [INFO] |local epoch: 4, acc: 0.277, acc_v: 0.975
[2024-01-16 20:59:52] [INFO] |distill epoch: 0, acc: 0.277, acc_v: 0.975
[2024-01-16 20:59:52] [INFO] |distill epoch: 1, acc: 0.277, acc_v: 0.975
[2024-01-16 20:59:53] [INFO] |distill epoch: 2, acc: 0.277, acc_v: 0.965
[2024-01-16 20:59:53] [INFO] |distill epoch: 3, acc: 0.276, acc_v: 0.965
[2024-01-16 20:59:54] [INFO] |distill epoch: 4, acc: 0.275, acc_v: 0.965
[2024-01-16 20:59:54] [INFO] |servers comunicated: 2, server aggregated: 1, acc_server 1: 0.277.
[2024-01-16 20:59:54] [INFO] --------------------------------------------------
[2024-01-16 20:59:54] [INFO]   |server: 2
[2024-01-16 20:59:54] [INFO]  ---client 6
[2024-01-16 20:59:54] [INFO] |local epoch: 0, acc: 0.375, acc_v: 0.955
[2024-01-16 20:59:54] [INFO] |local epoch: 1, acc: 0.377, acc_v: 0.960
[2024-01-16 20:59:55] [INFO] |local epoch: 2, acc: 0.376, acc_v: 0.955
[2024-01-16 20:59:55] [INFO] |local epoch: 3, acc: 0.376, acc_v: 0.970
[2024-01-16 20:59:56] [INFO] |local epoch: 4, acc: 0.377, acc_v: 0.965
[2024-01-16 20:59:56] [INFO] |distill epoch: 0, acc: 0.369, acc_v: 0.935
[2024-01-16 20:59:57] [INFO] |distill epoch: 1, acc: 0.361, acc_v: 0.925
[2024-01-16 20:59:57] [INFO] |distill epoch: 2, acc: 0.356, acc_v: 0.915
[2024-01-16 20:59:57] [INFO] |distill epoch: 3, acc: 0.354, acc_v: 0.905
[2024-01-16 20:59:58] [INFO] |distill epoch: 4, acc: 0.353, acc_v: 0.900
[2024-01-16 20:59:58] [INFO]  ---client 7
[2024-01-16 20:59:58] [INFO] |local epoch: 0, acc: 0.376, acc_v: 0.945
[2024-01-16 20:59:58] [INFO] |local epoch: 1, acc: 0.376, acc_v: 0.945
[2024-01-16 20:59:59] [INFO] |local epoch: 2, acc: 0.377, acc_v: 0.955
[2024-01-16 20:59:59] [INFO] |local epoch: 3, acc: 0.376, acc_v: 0.945
[2024-01-16 21:00:00] [INFO] |local epoch: 4, acc: 0.377, acc_v: 0.945
[2024-01-16 21:00:00] [INFO] |distill epoch: 0, acc: 0.371, acc_v: 0.925
[2024-01-16 21:00:00] [INFO] |distill epoch: 1, acc: 0.363, acc_v: 0.920
[2024-01-16 21:00:01] [INFO] |distill epoch: 2, acc: 0.359, acc_v: 0.900
[2024-01-16 21:00:01] [INFO] |distill epoch: 3, acc: 0.358, acc_v: 0.900
[2024-01-16 21:00:01] [INFO] |distill epoch: 4, acc: 0.357, acc_v: 0.890
[2024-01-16 21:00:01] [INFO]  ---client 8
[2024-01-16 21:00:02] [INFO] |local epoch: 0, acc: 0.374, acc_v: 0.950
[2024-01-16 21:00:02] [INFO] |local epoch: 1, acc: 0.377, acc_v: 0.965
[2024-01-16 21:00:02] [INFO] |local epoch: 2, acc: 0.377, acc_v: 0.965
[2024-01-16 21:00:03] [INFO] |local epoch: 3, acc: 0.377, acc_v: 0.950
[2024-01-16 21:00:03] [INFO] |local epoch: 4, acc: 0.376, acc_v: 0.965
[2024-01-16 21:00:04] [INFO] |distill epoch: 0, acc: 0.371, acc_v: 0.955
[2024-01-16 21:00:04] [INFO] |distill epoch: 1, acc: 0.366, acc_v: 0.935
[2024-01-16 21:00:04] [INFO] |distill epoch: 2, acc: 0.359, acc_v: 0.920
[2024-01-16 21:00:05] [INFO] |distill epoch: 3, acc: 0.356, acc_v: 0.920
[2024-01-16 21:00:05] [INFO] |distill epoch: 4, acc: 0.356, acc_v: 0.910
[2024-01-16 21:00:05] [INFO] |servers comunicated: 2, server aggregated: 1, acc_server 2: 0.356.
[2024-01-16 21:00:05] [INFO] --------------------------------------------------
[2024-01-16 21:00:05] [INFO]  |epoch_client_commu: 1/3
[2024-01-16 21:00:05] [INFO]   |server: 0
[2024-01-16 21:00:05] [INFO]  ---client 0
[2024-01-16 21:00:06] [INFO] |local epoch: 0, acc: 0.313, acc_v: 0.985
[2024-01-16 21:00:06] [INFO] |local epoch: 1, acc: 0.313, acc_v: 0.980
[2024-01-16 21:00:06] [INFO] |local epoch: 2, acc: 0.313, acc_v: 0.985
[2024-01-16 21:00:07] [INFO] |local epoch: 3, acc: 0.313, acc_v: 0.985
[2024-01-16 21:00:07] [INFO] |local epoch: 4, acc: 0.312, acc_v: 0.980
[2024-01-16 21:00:08] [INFO] |distill epoch: 0, acc: 0.312, acc_v: 0.980
[2024-01-16 21:00:08] [INFO] |distill epoch: 1, acc: 0.311, acc_v: 0.980
[2024-01-16 21:00:08] [INFO] |distill epoch: 2, acc: 0.311, acc_v: 0.970
[2024-01-16 21:00:09] [INFO] |distill epoch: 3, acc: 0.311, acc_v: 0.970
[2024-01-16 21:00:09] [INFO] |distill epoch: 4, acc: 0.309, acc_v: 0.965
[2024-01-16 21:00:09] [INFO]  ---client 1
[2024-01-16 21:00:09] [INFO] |local epoch: 0, acc: 0.313, acc_v: 0.995
[2024-01-16 21:00:10] [INFO] |local epoch: 1, acc: 0.313, acc_v: 0.990
[2024-01-16 21:00:10] [INFO] |local epoch: 2, acc: 0.313, acc_v: 0.995
[2024-01-16 21:00:11] [INFO] |local epoch: 3, acc: 0.313, acc_v: 0.995
[2024-01-16 21:00:11] [INFO] |local epoch: 4, acc: 0.313, acc_v: 0.995
[2024-01-16 21:00:11] [INFO] |distill epoch: 0, acc: 0.312, acc_v: 0.990
[2024-01-16 21:00:12] [INFO] |distill epoch: 1, acc: 0.312, acc_v: 0.990
[2024-01-16 21:00:12] [INFO] |distill epoch: 2, acc: 0.311, acc_v: 0.990
[2024-01-16 21:00:12] [INFO] |distill epoch: 3, acc: 0.310, acc_v: 0.985
[2024-01-16 21:00:13] [INFO] |distill epoch: 4, acc: 0.309, acc_v: 0.975
[2024-01-16 21:00:13] [INFO]  ---client 2
[2024-01-16 21:00:13] [INFO] |local epoch: 0, acc: 0.313, acc_v: 0.990
[2024-01-16 21:00:13] [INFO] |local epoch: 1, acc: 0.312, acc_v: 0.990
[2024-01-16 21:00:14] [INFO] |local epoch: 2, acc: 0.313, acc_v: 0.985
[2024-01-16 21:00:14] [INFO] |local epoch: 3, acc: 0.313, acc_v: 0.985
[2024-01-16 21:00:15] [INFO] |local epoch: 4, acc: 0.313, acc_v: 0.985
[2024-01-16 21:00:15] [INFO] |distill epoch: 0, acc: 0.313, acc_v: 0.990
[2024-01-16 21:00:15] [INFO] |distill epoch: 1, acc: 0.312, acc_v: 0.990
[2024-01-16 21:00:16] [INFO] |distill epoch: 2, acc: 0.312, acc_v: 0.995
[2024-01-16 21:00:16] [INFO] |distill epoch: 3, acc: 0.311, acc_v: 0.990
[2024-01-16 21:00:16] [INFO] |distill epoch: 4, acc: 0.310, acc_v: 0.985
[2024-01-16 21:00:17] [INFO] |servers comunicated: 2, server aggregated: 2, acc_server 0: 0.310.
[2024-01-16 21:00:17] [INFO] --------------------------------------------------
[2024-01-16 21:00:17] [INFO]   |server: 1
[2024-01-16 21:00:17] [INFO]  ---client 3
[2024-01-16 21:00:17] [INFO] |local epoch: 0, acc: 0.278, acc_v: 0.955
[2024-01-16 21:00:17] [INFO] |local epoch: 1, acc: 0.277, acc_v: 0.965
[2024-01-16 21:00:18] [INFO] |local epoch: 2, acc: 0.279, acc_v: 0.965
[2024-01-16 21:00:18] [INFO] |local epoch: 3, acc: 0.279, acc_v: 0.960
[2024-01-16 21:00:19] [INFO] |local epoch: 4, acc: 0.279, acc_v: 0.960
[2024-01-16 21:00:19] [INFO] |distill epoch: 0, acc: 0.279, acc_v: 0.960
[2024-01-16 21:00:19] [INFO] |distill epoch: 1, acc: 0.279, acc_v: 0.960
[2024-01-16 21:00:20] [INFO] |distill epoch: 2, acc: 0.278, acc_v: 0.960
[2024-01-16 21:00:20] [INFO] |distill epoch: 3, acc: 0.278, acc_v: 0.965
[2024-01-16 21:00:20] [INFO] |distill epoch: 4, acc: 0.278, acc_v: 0.960
[2024-01-16 21:00:20] [INFO]  ---client 4
[2024-01-16 21:00:21] [INFO] |local epoch: 0, acc: 0.278, acc_v: 0.975
[2024-01-16 21:00:21] [INFO] |local epoch: 1, acc: 0.279, acc_v: 0.950
[2024-01-16 21:00:22] [INFO] |local epoch: 2, acc: 0.279, acc_v: 0.960
[2024-01-16 21:00:22] [INFO] |local epoch: 3, acc: 0.279, acc_v: 0.965
[2024-01-16 21:00:22] [INFO] |local epoch: 4, acc: 0.279, acc_v: 0.970
[2024-01-16 21:00:23] [INFO] |distill epoch: 0, acc: 0.279, acc_v: 0.970
[2024-01-16 21:00:23] [INFO] |distill epoch: 1, acc: 0.279, acc_v: 0.975
[2024-01-16 21:00:23] [INFO] |distill epoch: 2, acc: 0.278, acc_v: 0.975
[2024-01-16 21:00:24] [INFO] |distill epoch: 3, acc: 0.278, acc_v: 0.975
[2024-01-16 21:00:24] [INFO] |distill epoch: 4, acc: 0.278, acc_v: 0.965
[2024-01-16 21:00:24] [INFO]  ---client 5
[2024-01-16 21:00:24] [INFO] |local epoch: 0, acc: 0.278, acc_v: 0.975
[2024-01-16 21:00:25] [INFO] |local epoch: 1, acc: 0.278, acc_v: 0.975
[2024-01-16 21:00:25] [INFO] |local epoch: 2, acc: 0.278, acc_v: 0.975
[2024-01-16 21:00:26] [INFO] |local epoch: 3, acc: 0.278, acc_v: 0.980
[2024-01-16 21:00:26] [INFO] |local epoch: 4, acc: 0.277, acc_v: 0.980
[2024-01-16 21:00:26] [INFO] |distill epoch: 0, acc: 0.278, acc_v: 0.975
[2024-01-16 21:00:27] [INFO] |distill epoch: 1, acc: 0.278, acc_v: 0.975
[2024-01-16 21:00:27] [INFO] |distill epoch: 2, acc: 0.278, acc_v: 0.970
[2024-01-16 21:00:27] [INFO] |distill epoch: 3, acc: 0.278, acc_v: 0.965
[2024-01-16 21:00:28] [INFO] |distill epoch: 4, acc: 0.278, acc_v: 0.965
[2024-01-16 21:00:28] [INFO] |servers comunicated: 2, server aggregated: 2, acc_server 1: 0.278.
[2024-01-16 21:00:28] [INFO] --------------------------------------------------
[2024-01-16 21:00:28] [INFO]   |server: 2
[2024-01-16 21:00:28] [INFO]  ---client 6
[2024-01-16 21:00:28] [INFO] |local epoch: 0, acc: 0.376, acc_v: 0.945
[2024-01-16 21:00:29] [INFO] |local epoch: 1, acc: 0.377, acc_v: 0.965
[2024-01-16 21:00:29] [INFO] |local epoch: 2, acc: 0.378, acc_v: 0.955
[2024-01-16 21:00:29] [INFO] |local epoch: 3, acc: 0.377, acc_v: 0.945
[2024-01-16 21:00:30] [INFO] |local epoch: 4, acc: 0.378, acc_v: 0.955
[2024-01-16 21:00:30] [INFO] |distill epoch: 0, acc: 0.372, acc_v: 0.930
[2024-01-16 21:00:31] [INFO] |distill epoch: 1, acc: 0.365, acc_v: 0.920
[2024-01-16 21:00:31] [INFO] |distill epoch: 2, acc: 0.359, acc_v: 0.925
[2024-01-16 21:00:31] [INFO] |distill epoch: 3, acc: 0.355, acc_v: 0.895
[2024-01-16 21:00:32] [INFO] |distill epoch: 4, acc: 0.353, acc_v: 0.895
[2024-01-16 21:00:32] [INFO]  ---client 7
[2024-01-16 21:00:32] [INFO] |local epoch: 0, acc: 0.375, acc_v: 0.945
[2024-01-16 21:00:32] [INFO] |local epoch: 1, acc: 0.376, acc_v: 0.935
[2024-01-16 21:00:33] [INFO] |local epoch: 2, acc: 0.375, acc_v: 0.935
[2024-01-16 21:00:33] [INFO] |local epoch: 3, acc: 0.376, acc_v: 0.935
[2024-01-16 21:00:34] [INFO] |local epoch: 4, acc: 0.378, acc_v: 0.950
[2024-01-16 21:00:34] [INFO] |distill epoch: 0, acc: 0.372, acc_v: 0.935
[2024-01-16 21:00:34] [INFO] |distill epoch: 1, acc: 0.365, acc_v: 0.920
[2024-01-16 21:00:35] [INFO] |distill epoch: 2, acc: 0.361, acc_v: 0.915
[2024-01-16 21:00:35] [INFO] |distill epoch: 3, acc: 0.357, acc_v: 0.895
[2024-01-16 21:00:35] [INFO] |distill epoch: 4, acc: 0.355, acc_v: 0.895
[2024-01-16 21:00:35] [INFO]  ---client 8
[2024-01-16 21:00:36] [INFO] |local epoch: 0, acc: 0.377, acc_v: 0.965
[2024-01-16 21:00:36] [INFO] |local epoch: 1, acc: 0.378, acc_v: 0.955
[2024-01-16 21:00:37] [INFO] |local epoch: 2, acc: 0.377, acc_v: 0.960
[2024-01-16 21:00:37] [INFO] |local epoch: 3, acc: 0.378, acc_v: 0.960
[2024-01-16 21:00:37] [INFO] |local epoch: 4, acc: 0.378, acc_v: 0.960
[2024-01-16 21:00:38] [INFO] |distill epoch: 0, acc: 0.371, acc_v: 0.950
[2024-01-16 21:00:38] [INFO] |distill epoch: 1, acc: 0.366, acc_v: 0.925
[2024-01-16 21:00:38] [INFO] |distill epoch: 2, acc: 0.363, acc_v: 0.915
[2024-01-16 21:00:39] [INFO] |distill epoch: 3, acc: 0.360, acc_v: 0.900
[2024-01-16 21:00:39] [INFO] |distill epoch: 4, acc: 0.355, acc_v: 0.905
[2024-01-16 21:00:39] [INFO] |servers comunicated: 2, server aggregated: 2, acc_server 2: 0.354.
[2024-01-16 21:00:39] [INFO] --------------------------------------------------
[2024-01-16 21:00:39] [INFO]  |epoch_client_commu: 2/3
[2024-01-16 21:00:39] [INFO]   |server: 0
[2024-01-16 21:00:39] [INFO]  ---client 0
[2024-01-16 21:00:40] [INFO] |local epoch: 0, acc: 0.313, acc_v: 0.985
[2024-01-16 21:00:40] [INFO] |local epoch: 1, acc: 0.313, acc_v: 0.985
[2024-01-16 21:00:41] [INFO] |local epoch: 2, acc: 0.313, acc_v: 0.985
[2024-01-16 21:00:41] [INFO] |local epoch: 3, acc: 0.313, acc_v: 0.985
[2024-01-16 21:00:41] [INFO] |local epoch: 4, acc: 0.313, acc_v: 0.985
[2024-01-16 21:00:42] [INFO] |distill epoch: 0, acc: 0.312, acc_v: 0.980
[2024-01-16 21:00:42] [INFO] |distill epoch: 1, acc: 0.312, acc_v: 0.980
[2024-01-16 21:00:42] [INFO] |distill epoch: 2, acc: 0.311, acc_v: 0.975
[2024-01-16 21:00:43] [INFO] |distill epoch: 3, acc: 0.311, acc_v: 0.970
[2024-01-16 21:00:43] [INFO] |distill epoch: 4, acc: 0.309, acc_v: 0.955
[2024-01-16 21:00:43] [INFO]  ---client 1
[2024-01-16 21:00:44] [INFO] |local epoch: 0, acc: 0.314, acc_v: 1.000
[2024-01-16 21:00:44] [INFO] |local epoch: 1, acc: 0.314, acc_v: 1.000
[2024-01-16 21:00:44] [INFO] |local epoch: 2, acc: 0.313, acc_v: 1.000
[2024-01-16 21:00:45] [INFO] |local epoch: 3, acc: 0.314, acc_v: 1.000
[2024-01-16 21:00:45] [INFO] |local epoch: 4, acc: 0.314, acc_v: 1.000
[2024-01-16 21:00:45] [INFO] |distill epoch: 0, acc: 0.313, acc_v: 0.995
[2024-01-16 21:00:46] [INFO] |distill epoch: 1, acc: 0.312, acc_v: 0.990
[2024-01-16 21:00:46] [INFO] |distill epoch: 2, acc: 0.311, acc_v: 0.990
[2024-01-16 21:00:47] [INFO] |distill epoch: 3, acc: 0.310, acc_v: 0.975
[2024-01-16 21:00:47] [INFO] |distill epoch: 4, acc: 0.308, acc_v: 0.975
[2024-01-16 21:00:47] [INFO]  ---client 2
[2024-01-16 21:00:47] [INFO] |local epoch: 0, acc: 0.313, acc_v: 0.985
[2024-01-16 21:00:48] [INFO] |local epoch: 1, acc: 0.313, acc_v: 0.985
[2024-01-16 21:00:48] [INFO] |local epoch: 2, acc: 0.312, acc_v: 0.990
[2024-01-16 21:00:48] [INFO] |local epoch: 3, acc: 0.313, acc_v: 0.990
[2024-01-16 21:00:49] [INFO] |local epoch: 4, acc: 0.313, acc_v: 0.990
[2024-01-16 21:00:49] [INFO] |distill epoch: 0, acc: 0.312, acc_v: 0.995
[2024-01-16 21:00:50] [INFO] |distill epoch: 1, acc: 0.312, acc_v: 0.995
[2024-01-16 21:00:50] [INFO] |distill epoch: 2, acc: 0.311, acc_v: 0.990
[2024-01-16 21:00:50] [INFO] |distill epoch: 3, acc: 0.310, acc_v: 0.980
[2024-01-16 21:00:51] [INFO] |distill epoch: 4, acc: 0.309, acc_v: 0.970
[2024-01-16 21:00:51] [INFO] |servers comunicated: 2, server aggregated: 3, acc_server 0: 0.309.
[2024-01-16 21:00:51] [INFO] --------------------------------------------------
[2024-01-16 21:00:51] [INFO]   |server: 1
[2024-01-16 21:00:51] [INFO]  ---client 3
[2024-01-16 21:00:51] [INFO] |local epoch: 0, acc: 0.279, acc_v: 0.960
[2024-01-16 21:00:52] [INFO] |local epoch: 1, acc: 0.279, acc_v: 0.960
[2024-01-16 21:00:52] [INFO] |local epoch: 2, acc: 0.280, acc_v: 0.955
[2024-01-16 21:00:52] [INFO] |local epoch: 3, acc: 0.279, acc_v: 0.975
[2024-01-16 21:00:53] [INFO] |local epoch: 4, acc: 0.279, acc_v: 0.975
[2024-01-16 21:00:53] [INFO] |distill epoch: 0, acc: 0.280, acc_v: 0.970
[2024-01-16 21:00:53] [INFO] |distill epoch: 1, acc: 0.280, acc_v: 0.960
[2024-01-16 21:00:54] [INFO] |distill epoch: 2, acc: 0.280, acc_v: 0.955
[2024-01-16 21:00:54] [INFO] |distill epoch: 3, acc: 0.280, acc_v: 0.955
[2024-01-16 21:00:55] [INFO] |distill epoch: 4, acc: 0.280, acc_v: 0.965
[2024-01-16 21:00:55] [INFO]  ---client 4
[2024-01-16 21:00:55] [INFO] |local epoch: 0, acc: 0.279, acc_v: 0.975
[2024-01-16 21:00:55] [INFO] |local epoch: 1, acc: 0.279, acc_v: 0.970
[2024-01-16 21:00:56] [INFO] |local epoch: 2, acc: 0.279, acc_v: 0.955
[2024-01-16 21:00:56] [INFO] |local epoch: 3, acc: 0.280, acc_v: 0.970
[2024-01-16 21:00:56] [INFO] |local epoch: 4, acc: 0.280, acc_v: 0.960
[2024-01-16 21:00:57] [INFO] |distill epoch: 0, acc: 0.279, acc_v: 0.970
[2024-01-16 21:00:57] [INFO] |distill epoch: 1, acc: 0.279, acc_v: 0.975
[2024-01-16 21:00:58] [INFO] |distill epoch: 2, acc: 0.279, acc_v: 0.980
[2024-01-16 21:00:58] [INFO] |distill epoch: 3, acc: 0.279, acc_v: 0.970
[2024-01-16 21:00:58] [INFO] |distill epoch: 4, acc: 0.279, acc_v: 0.970
[2024-01-16 21:00:58] [INFO]  ---client 5
[2024-01-16 21:00:59] [INFO] |local epoch: 0, acc: 0.279, acc_v: 0.975
[2024-01-16 21:00:59] [INFO] |local epoch: 1, acc: 0.279, acc_v: 0.975
[2024-01-16 21:00:59] [INFO] |local epoch: 2, acc: 0.278, acc_v: 0.985
[2024-01-16 21:01:00] [INFO] |local epoch: 3, acc: 0.278, acc_v: 0.985
[2024-01-16 21:01:00] [INFO] |local epoch: 4, acc: 0.278, acc_v: 0.980
[2024-01-16 21:01:01] [INFO] |distill epoch: 0, acc: 0.278, acc_v: 0.980
[2024-01-16 21:01:01] [INFO] |distill epoch: 1, acc: 0.279, acc_v: 0.980
[2024-01-16 21:01:01] [INFO] |distill epoch: 2, acc: 0.278, acc_v: 0.980
[2024-01-16 21:01:02] [INFO] |distill epoch: 3, acc: 0.278, acc_v: 0.980
[2024-01-16 21:01:02] [INFO] |distill epoch: 4, acc: 0.278, acc_v: 0.980
[2024-01-16 21:01:02] [INFO] |servers comunicated: 2, server aggregated: 3, acc_server 1: 0.279.
[2024-01-16 21:01:02] [INFO] --------------------------------------------------
[2024-01-16 21:01:02] [INFO]   |server: 2
[2024-01-16 21:01:02] [INFO]  ---client 6
[2024-01-16 21:01:03] [INFO] |local epoch: 0, acc: 0.377, acc_v: 0.940
[2024-01-16 21:01:03] [INFO] |local epoch: 1, acc: 0.379, acc_v: 0.960
[2024-01-16 21:01:03] [INFO] |local epoch: 2, acc: 0.379, acc_v: 0.965
[2024-01-16 21:01:04] [INFO] |local epoch: 3, acc: 0.378, acc_v: 0.965
[2024-01-16 21:01:04] [INFO] |local epoch: 4, acc: 0.379, acc_v: 0.955
[2024-01-16 21:01:04] [INFO] |distill epoch: 0, acc: 0.376, acc_v: 0.950
[2024-01-16 21:01:05] [INFO] |distill epoch: 1, acc: 0.368, acc_v: 0.930
[2024-01-16 21:01:05] [INFO] |distill epoch: 2, acc: 0.359, acc_v: 0.915
[2024-01-16 21:01:06] [INFO] |distill epoch: 3, acc: 0.349, acc_v: 0.880
[2024-01-16 21:01:06] [INFO] |distill epoch: 4, acc: 0.343, acc_v: 0.860
[2024-01-16 21:01:06] [INFO]  ---client 7
[2024-01-16 21:01:06] [INFO] |local epoch: 0, acc: 0.376, acc_v: 0.950
[2024-01-16 21:01:07] [INFO] |local epoch: 1, acc: 0.379, acc_v: 0.950
[2024-01-16 21:01:07] [INFO] |local epoch: 2, acc: 0.379, acc_v: 0.955
[2024-01-16 21:01:07] [INFO] |local epoch: 3, acc: 0.379, acc_v: 0.950
[2024-01-16 21:01:08] [INFO] |local epoch: 4, acc: 0.379, acc_v: 0.950
[2024-01-16 21:01:08] [INFO] |distill epoch: 0, acc: 0.374, acc_v: 0.940
[2024-01-16 21:01:09] [INFO] |distill epoch: 1, acc: 0.368, acc_v: 0.920
[2024-01-16 21:01:09] [INFO] |distill epoch: 2, acc: 0.363, acc_v: 0.910
[2024-01-16 21:01:09] [INFO] |distill epoch: 3, acc: 0.356, acc_v: 0.900
[2024-01-16 21:01:10] [INFO] |distill epoch: 4, acc: 0.349, acc_v: 0.890
[2024-01-16 21:01:10] [INFO]  ---client 8
[2024-01-16 21:01:10] [INFO] |local epoch: 0, acc: 0.377, acc_v: 0.970
[2024-01-16 21:01:10] [INFO] |local epoch: 1, acc: 0.379, acc_v: 0.960
[2024-01-16 21:01:11] [INFO] |local epoch: 2, acc: 0.377, acc_v: 0.955
[2024-01-16 21:01:11] [INFO] |local epoch: 3, acc: 0.378, acc_v: 0.945
[2024-01-16 21:01:12] [INFO] |local epoch: 4, acc: 0.378, acc_v: 0.945
[2024-01-16 21:01:12] [INFO] |distill epoch: 0, acc: 0.371, acc_v: 0.940
[2024-01-16 21:01:12] [INFO] |distill epoch: 1, acc: 0.364, acc_v: 0.925
[2024-01-16 21:01:13] [INFO] |distill epoch: 2, acc: 0.356, acc_v: 0.910
[2024-01-16 21:01:13] [INFO] |distill epoch: 3, acc: 0.348, acc_v: 0.870
[2024-01-16 21:01:13] [INFO] |distill epoch: 4, acc: 0.339, acc_v: 0.850
[2024-01-16 21:01:14] [INFO] |servers comunicated: 2, server aggregated: 3, acc_server 2: 0.344.
[2024-01-16 21:01:14] [INFO] --------------------------------------------------
[2024-01-16 21:01:14] [INFO]      ********  servers comunicates  ********      
[2024-01-16 21:01:14] [INFO] --------------------------------------------------
[2024-01-16 21:01:14] [INFO] |epoch_server_commu: 2/3
[2024-01-16 21:01:14] [INFO]  |epoch_client_commu: 0/3
[2024-01-16 21:01:14] [INFO]   |server: 0
[2024-01-16 21:01:14] [INFO]  ---client 0
[2024-01-16 21:01:14] [INFO] |local epoch: 0, acc: 0.314, acc_v: 0.985
[2024-01-16 21:01:14] [INFO] |local epoch: 1, acc: 0.313, acc_v: 0.985
[2024-01-16 21:01:15] [INFO] |local epoch: 2, acc: 0.313, acc_v: 0.985
[2024-01-16 21:01:15] [INFO] |local epoch: 3, acc: 0.313, acc_v: 0.985
[2024-01-16 21:01:16] [INFO] |local epoch: 4, acc: 0.313, acc_v: 0.980
[2024-01-16 21:01:16] [INFO] |distill epoch: 0, acc: 0.313, acc_v: 0.980
[2024-01-16 21:01:16] [INFO] |distill epoch: 1, acc: 0.312, acc_v: 0.980
[2024-01-16 21:01:17] [INFO] |distill epoch: 2, acc: 0.312, acc_v: 0.975
[2024-01-16 21:01:17] [INFO] |distill epoch: 3, acc: 0.311, acc_v: 0.975
[2024-01-16 21:01:17] [INFO] |distill epoch: 4, acc: 0.311, acc_v: 0.975
[2024-01-16 21:01:17] [INFO]  ---client 1
[2024-01-16 21:01:18] [INFO] |local epoch: 0, acc: 0.314, acc_v: 1.000
[2024-01-16 21:01:18] [INFO] |local epoch: 1, acc: 0.313, acc_v: 0.995
[2024-01-16 21:01:18] [INFO] |local epoch: 2, acc: 0.314, acc_v: 1.000
[2024-01-16 21:01:19] [INFO] |local epoch: 3, acc: 0.314, acc_v: 1.000
[2024-01-16 21:01:19] [INFO] |local epoch: 4, acc: 0.314, acc_v: 1.000
[2024-01-16 21:01:20] [INFO] |distill epoch: 0, acc: 0.313, acc_v: 0.995
[2024-01-16 21:01:20] [INFO] |distill epoch: 1, acc: 0.313, acc_v: 0.990
[2024-01-16 21:01:20] [INFO] |distill epoch: 2, acc: 0.312, acc_v: 0.990
[2024-01-16 21:01:21] [INFO] |distill epoch: 3, acc: 0.312, acc_v: 0.990
[2024-01-16 21:01:21] [INFO] |distill epoch: 4, acc: 0.311, acc_v: 0.980
[2024-01-16 21:01:21] [INFO]  ---client 2
[2024-01-16 21:01:22] [INFO] |local epoch: 0, acc: 0.314, acc_v: 0.985
[2024-01-16 21:01:22] [INFO] |local epoch: 1, acc: 0.313, acc_v: 0.985
[2024-01-16 21:01:22] [INFO] |local epoch: 2, acc: 0.313, acc_v: 0.990
[2024-01-16 21:01:23] [INFO] |local epoch: 3, acc: 0.313, acc_v: 0.990
[2024-01-16 21:01:23] [INFO] |local epoch: 4, acc: 0.314, acc_v: 0.985
[2024-01-16 21:01:23] [INFO] |distill epoch: 0, acc: 0.313, acc_v: 0.985
[2024-01-16 21:01:24] [INFO] |distill epoch: 1, acc: 0.313, acc_v: 0.990
[2024-01-16 21:01:24] [INFO] |distill epoch: 2, acc: 0.312, acc_v: 0.995
[2024-01-16 21:01:24] [INFO] |distill epoch: 3, acc: 0.311, acc_v: 0.995
[2024-01-16 21:01:25] [INFO] |distill epoch: 4, acc: 0.311, acc_v: 0.995
[2024-01-16 21:01:25] [INFO] |servers comunicated: 3, server aggregated: 1, acc_server 0: 0.311.
[2024-01-16 21:01:25] [INFO] --------------------------------------------------
[2024-01-16 21:01:25] [INFO]   |server: 1
[2024-01-16 21:01:25] [INFO]  ---client 3
[2024-01-16 21:01:25] [INFO] |local epoch: 0, acc: 0.280, acc_v: 0.965
[2024-01-16 21:01:26] [INFO] |local epoch: 1, acc: 0.279, acc_v: 0.970
[2024-01-16 21:01:26] [INFO] |local epoch: 2, acc: 0.280, acc_v: 0.960
[2024-01-16 21:01:27] [INFO] |local epoch: 3, acc: 0.280, acc_v: 0.975
[2024-01-16 21:01:27] [INFO] |local epoch: 4, acc: 0.280, acc_v: 0.960
[2024-01-16 21:01:27] [INFO] |distill epoch: 0, acc: 0.281, acc_v: 0.960
[2024-01-16 21:01:28] [INFO] |distill epoch: 1, acc: 0.280, acc_v: 0.960
[2024-01-16 21:01:28] [INFO] |distill epoch: 2, acc: 0.280, acc_v: 0.965
[2024-01-16 21:01:29] [INFO] |distill epoch: 3, acc: 0.280, acc_v: 0.975
[2024-01-16 21:01:29] [INFO] |distill epoch: 4, acc: 0.280, acc_v: 0.975
[2024-01-16 21:01:29] [INFO]  ---client 4
[2024-01-16 21:01:29] [INFO] |local epoch: 0, acc: 0.280, acc_v: 0.970
[2024-01-16 21:01:30] [INFO] |local epoch: 1, acc: 0.279, acc_v: 0.970
[2024-01-16 21:01:30] [INFO] |local epoch: 2, acc: 0.280, acc_v: 0.960
[2024-01-16 21:01:30] [INFO] |local epoch: 3, acc: 0.280, acc_v: 0.960
[2024-01-16 21:01:31] [INFO] |local epoch: 4, acc: 0.280, acc_v: 0.960
[2024-01-16 21:01:31] [INFO] |distill epoch: 0, acc: 0.280, acc_v: 0.960
[2024-01-16 21:01:32] [INFO] |distill epoch: 1, acc: 0.280, acc_v: 0.970
[2024-01-16 21:01:32] [INFO] |distill epoch: 2, acc: 0.281, acc_v: 0.970
[2024-01-16 21:01:32] [INFO] |distill epoch: 3, acc: 0.281, acc_v: 0.970
[2024-01-16 21:01:33] [INFO] |distill epoch: 4, acc: 0.280, acc_v: 0.970
[2024-01-16 21:01:33] [INFO]  ---client 5
[2024-01-16 21:01:33] [INFO] |local epoch: 0, acc: 0.279, acc_v: 0.985
[2024-01-16 21:01:33] [INFO] |local epoch: 1, acc: 0.279, acc_v: 0.985
[2024-01-16 21:01:34] [INFO] |local epoch: 2, acc: 0.279, acc_v: 0.985
[2024-01-16 21:01:34] [INFO] |local epoch: 3, acc: 0.279, acc_v: 0.980
[2024-01-16 21:01:35] [INFO] |local epoch: 4, acc: 0.279, acc_v: 0.980
[2024-01-16 21:01:35] [INFO] |distill epoch: 0, acc: 0.279, acc_v: 0.980
[2024-01-16 21:01:35] [INFO] |distill epoch: 1, acc: 0.279, acc_v: 0.980
[2024-01-16 21:01:36] [INFO] |distill epoch: 2, acc: 0.279, acc_v: 0.980
[2024-01-16 21:01:36] [INFO] |distill epoch: 3, acc: 0.279, acc_v: 0.980
[2024-01-16 21:01:36] [INFO] |distill epoch: 4, acc: 0.279, acc_v: 0.980
[2024-01-16 21:01:37] [INFO] |servers comunicated: 3, server aggregated: 1, acc_server 1: 0.280.
[2024-01-16 21:01:37] [INFO] --------------------------------------------------
[2024-01-16 21:01:37] [INFO]   |server: 2
[2024-01-16 21:01:37] [INFO]  ---client 6
[2024-01-16 21:01:37] [INFO] |local epoch: 0, acc: 0.379, acc_v: 0.955
[2024-01-16 21:01:37] [INFO] |local epoch: 1, acc: 0.379, acc_v: 0.960
[2024-01-16 21:01:38] [INFO] |local epoch: 2, acc: 0.380, acc_v: 0.955
[2024-01-16 21:01:38] [INFO] |local epoch: 3, acc: 0.379, acc_v: 0.960
[2024-01-16 21:01:38] [INFO] |local epoch: 4, acc: 0.380, acc_v: 0.955
[2024-01-16 21:01:39] [INFO] |distill epoch: 0, acc: 0.379, acc_v: 0.955
[2024-01-16 21:01:39] [INFO] |distill epoch: 1, acc: 0.376, acc_v: 0.955
[2024-01-16 21:01:40] [INFO] |distill epoch: 2, acc: 0.373, acc_v: 0.945
[2024-01-16 21:01:40] [INFO] |distill epoch: 3, acc: 0.365, acc_v: 0.925
[2024-01-16 21:01:40] [INFO] |distill epoch: 4, acc: 0.358, acc_v: 0.920
[2024-01-16 21:01:40] [INFO]  ---client 7
[2024-01-16 21:01:41] [INFO] |local epoch: 0, acc: 0.379, acc_v: 0.955
[2024-01-16 21:01:41] [INFO] |local epoch: 1, acc: 0.381, acc_v: 0.955
[2024-01-16 21:01:41] [INFO] |local epoch: 2, acc: 0.380, acc_v: 0.950
[2024-01-16 21:01:42] [INFO] |local epoch: 3, acc: 0.380, acc_v: 0.960
[2024-01-16 21:01:42] [INFO] |local epoch: 4, acc: 0.380, acc_v: 0.945
[2024-01-16 21:01:43] [INFO] |distill epoch: 0, acc: 0.379, acc_v: 0.950
[2024-01-16 21:01:43] [INFO] |distill epoch: 1, acc: 0.375, acc_v: 0.950
[2024-01-16 21:01:43] [INFO] |distill epoch: 2, acc: 0.372, acc_v: 0.930
[2024-01-16 21:01:44] [INFO] |distill epoch: 3, acc: 0.367, acc_v: 0.920
[2024-01-16 21:01:44] [INFO] |distill epoch: 4, acc: 0.361, acc_v: 0.915
[2024-01-16 21:01:44] [INFO]  ---client 8
[2024-01-16 21:01:44] [INFO] |local epoch: 0, acc: 0.379, acc_v: 0.965
[2024-01-16 21:01:45] [INFO] |local epoch: 1, acc: 0.379, acc_v: 0.945
[2024-01-16 21:01:45] [INFO] |local epoch: 2, acc: 0.379, acc_v: 0.955
[2024-01-16 21:01:46] [INFO] |local epoch: 3, acc: 0.379, acc_v: 0.955
[2024-01-16 21:01:46] [INFO] |local epoch: 4, acc: 0.379, acc_v: 0.960
[2024-01-16 21:01:46] [INFO] |distill epoch: 0, acc: 0.376, acc_v: 0.950
[2024-01-16 21:01:47] [INFO] |distill epoch: 1, acc: 0.373, acc_v: 0.940
[2024-01-16 21:01:47] [INFO] |distill epoch: 2, acc: 0.368, acc_v: 0.920
[2024-01-16 21:01:47] [INFO] |distill epoch: 3, acc: 0.365, acc_v: 0.920
[2024-01-16 21:01:48] [INFO] |distill epoch: 4, acc: 0.359, acc_v: 0.910
[2024-01-16 21:01:48] [INFO] |servers comunicated: 3, server aggregated: 1, acc_server 2: 0.359.
[2024-01-16 21:01:48] [INFO] --------------------------------------------------
[2024-01-16 21:01:48] [INFO]  |epoch_client_commu: 1/3
[2024-01-16 21:01:48] [INFO]   |server: 0
[2024-01-16 21:01:48] [INFO]  ---client 0
[2024-01-16 21:01:48] [INFO] |local epoch: 0, acc: 0.314, acc_v: 0.985
[2024-01-16 21:01:49] [INFO] |local epoch: 1, acc: 0.313, acc_v: 0.985
[2024-01-16 21:01:49] [INFO] |local epoch: 2, acc: 0.313, acc_v: 0.985
[2024-01-16 21:01:49] [INFO] |local epoch: 3, acc: 0.313, acc_v: 0.985
[2024-01-16 21:01:50] [INFO] |local epoch: 4, acc: 0.314, acc_v: 0.985
[2024-01-16 21:01:50] [INFO] |distill epoch: 0, acc: 0.313, acc_v: 0.985
[2024-01-16 21:01:51] [INFO] |distill epoch: 1, acc: 0.313, acc_v: 0.985
[2024-01-16 21:01:51] [INFO] |distill epoch: 2, acc: 0.312, acc_v: 0.985
[2024-01-16 21:01:51] [INFO] |distill epoch: 3, acc: 0.312, acc_v: 0.980
[2024-01-16 21:01:52] [INFO] |distill epoch: 4, acc: 0.312, acc_v: 0.975
[2024-01-16 21:01:52] [INFO]  ---client 1
[2024-01-16 21:01:52] [INFO] |local epoch: 0, acc: 0.314, acc_v: 1.000
[2024-01-16 21:01:52] [INFO] |local epoch: 1, acc: 0.314, acc_v: 1.000
[2024-01-16 21:01:53] [INFO] |local epoch: 2, acc: 0.314, acc_v: 1.000
[2024-01-16 21:01:53] [INFO] |local epoch: 3, acc: 0.314, acc_v: 0.995
[2024-01-16 21:01:53] [INFO] |local epoch: 4, acc: 0.314, acc_v: 1.000
[2024-01-16 21:01:54] [INFO] |distill epoch: 0, acc: 0.313, acc_v: 0.995
[2024-01-16 21:01:54] [INFO] |distill epoch: 1, acc: 0.313, acc_v: 0.990
[2024-01-16 21:01:55] [INFO] |distill epoch: 2, acc: 0.312, acc_v: 0.990
[2024-01-16 21:01:55] [INFO] |distill epoch: 3, acc: 0.311, acc_v: 0.985
[2024-01-16 21:01:55] [INFO] |distill epoch: 4, acc: 0.310, acc_v: 0.985
[2024-01-16 21:01:55] [INFO]  ---client 2
[2024-01-16 21:01:56] [INFO] |local epoch: 0, acc: 0.314, acc_v: 0.985
[2024-01-16 21:01:56] [INFO] |local epoch: 1, acc: 0.313, acc_v: 0.985
[2024-01-16 21:01:56] [INFO] |local epoch: 2, acc: 0.314, acc_v: 0.985
[2024-01-16 21:01:57] [INFO] |local epoch: 3, acc: 0.313, acc_v: 0.985
[2024-01-16 21:01:57] [INFO] |local epoch: 4, acc: 0.313, acc_v: 0.985
[2024-01-16 21:01:58] [INFO] |distill epoch: 0, acc: 0.313, acc_v: 0.990
[2024-01-16 21:01:58] [INFO] |distill epoch: 1, acc: 0.313, acc_v: 0.995
[2024-01-16 21:01:58] [INFO] |distill epoch: 2, acc: 0.312, acc_v: 0.995
[2024-01-16 21:01:59] [INFO] |distill epoch: 3, acc: 0.312, acc_v: 0.995
[2024-01-16 21:01:59] [INFO] |distill epoch: 4, acc: 0.311, acc_v: 0.995
[2024-01-16 21:01:59] [INFO] |servers comunicated: 3, server aggregated: 2, acc_server 0: 0.311.
[2024-01-16 21:01:59] [INFO] --------------------------------------------------
[2024-01-16 21:01:59] [INFO]   |server: 1
[2024-01-16 21:01:59] [INFO]  ---client 3
[2024-01-16 21:02:00] [INFO] |local epoch: 0, acc: 0.280, acc_v: 0.965
[2024-01-16 21:02:00] [INFO] |local epoch: 1, acc: 0.280, acc_v: 0.975
[2024-01-16 21:02:00] [INFO] |local epoch: 2, acc: 0.280, acc_v: 0.960
[2024-01-16 21:02:01] [INFO] |local epoch: 3, acc: 0.281, acc_v: 0.980
[2024-01-16 21:02:01] [INFO] |local epoch: 4, acc: 0.281, acc_v: 0.975
[2024-01-16 21:02:01] [INFO] |distill epoch: 0, acc: 0.281, acc_v: 0.975
[2024-01-16 21:02:02] [INFO] |distill epoch: 1, acc: 0.281, acc_v: 0.965
[2024-01-16 21:02:02] [INFO] |distill epoch: 2, acc: 0.281, acc_v: 0.960
[2024-01-16 21:02:03] [INFO] |distill epoch: 3, acc: 0.281, acc_v: 0.965
[2024-01-16 21:02:03] [INFO] |distill epoch: 4, acc: 0.281, acc_v: 0.975
[2024-01-16 21:02:03] [INFO]  ---client 4
[2024-01-16 21:02:03] [INFO] |local epoch: 0, acc: 0.281, acc_v: 0.970
[2024-01-16 21:02:04] [INFO] |local epoch: 1, acc: 0.280, acc_v: 0.970
[2024-01-16 21:02:04] [INFO] |local epoch: 2, acc: 0.280, acc_v: 0.965
[2024-01-16 21:02:04] [INFO] |local epoch: 3, acc: 0.281, acc_v: 0.960
[2024-01-16 21:02:05] [INFO] |local epoch: 4, acc: 0.281, acc_v: 0.960
[2024-01-16 21:02:05] [INFO] |distill epoch: 0, acc: 0.281, acc_v: 0.965
[2024-01-16 21:02:05] [INFO] |distill epoch: 1, acc: 0.281, acc_v: 0.980
[2024-01-16 21:02:06] [INFO] |distill epoch: 2, acc: 0.281, acc_v: 0.975
[2024-01-16 21:02:06] [INFO] |distill epoch: 3, acc: 0.280, acc_v: 0.975
[2024-01-16 21:02:07] [INFO] |distill epoch: 4, acc: 0.280, acc_v: 0.970
[2024-01-16 21:02:07] [INFO]  ---client 5
[2024-01-16 21:02:07] [INFO] |local epoch: 0, acc: 0.280, acc_v: 0.985
[2024-01-16 21:02:07] [INFO] |local epoch: 1, acc: 0.279, acc_v: 0.990
[2024-01-16 21:02:08] [INFO] |local epoch: 2, acc: 0.279, acc_v: 0.990
[2024-01-16 21:02:08] [INFO] |local epoch: 3, acc: 0.279, acc_v: 0.990
[2024-01-16 21:02:08] [INFO] |local epoch: 4, acc: 0.279, acc_v: 0.990
[2024-01-16 21:02:09] [INFO] |distill epoch: 0, acc: 0.280, acc_v: 0.990
[2024-01-16 21:02:09] [INFO] |distill epoch: 1, acc: 0.280, acc_v: 0.980
[2024-01-16 21:02:10] [INFO] |distill epoch: 2, acc: 0.280, acc_v: 0.980
[2024-01-16 21:02:10] [INFO] |distill epoch: 3, acc: 0.280, acc_v: 0.980
[2024-01-16 21:02:10] [INFO] |distill epoch: 4, acc: 0.279, acc_v: 0.980
[2024-01-16 21:02:10] [INFO] |servers comunicated: 3, server aggregated: 2, acc_server 1: 0.281.
[2024-01-16 21:02:10] [INFO] --------------------------------------------------
[2024-01-16 21:02:10] [INFO]   |server: 2
[2024-01-16 21:02:10] [INFO]  ---client 6
[2024-01-16 21:02:11] [INFO] |local epoch: 0, acc: 0.380, acc_v: 0.960
[2024-01-16 21:02:12] [INFO] |local epoch: 1, acc: 0.380, acc_v: 0.960
[2024-01-16 21:02:12] [INFO] |local epoch: 2, acc: 0.380, acc_v: 0.960
[2024-01-16 21:02:12] [INFO] |local epoch: 3, acc: 0.380, acc_v: 0.960
[2024-01-16 21:02:13] [INFO] |local epoch: 4, acc: 0.380, acc_v: 0.965
[2024-01-16 21:02:13] [INFO] |distill epoch: 0, acc: 0.377, acc_v: 0.955
[2024-01-16 21:02:13] [INFO] |distill epoch: 1, acc: 0.373, acc_v: 0.950
[2024-01-16 21:02:14] [INFO] |distill epoch: 2, acc: 0.369, acc_v: 0.940
[2024-01-16 21:02:14] [INFO] |distill epoch: 3, acc: 0.363, acc_v: 0.925
[2024-01-16 21:02:15] [INFO] |distill epoch: 4, acc: 0.356, acc_v: 0.905
[2024-01-16 21:02:15] [INFO]  ---client 7
[2024-01-16 21:02:15] [INFO] |local epoch: 0, acc: 0.379, acc_v: 0.955
[2024-01-16 21:02:15] [INFO] |local epoch: 1, acc: 0.380, acc_v: 0.955
[2024-01-16 21:02:16] [INFO] |local epoch: 2, acc: 0.381, acc_v: 0.955
[2024-01-16 21:02:16] [INFO] |local epoch: 3, acc: 0.381, acc_v: 0.955
[2024-01-16 21:02:17] [INFO] |local epoch: 4, acc: 0.380, acc_v: 0.950
[2024-01-16 21:02:17] [INFO] |distill epoch: 0, acc: 0.377, acc_v: 0.955
[2024-01-16 21:02:17] [INFO] |distill epoch: 1, acc: 0.374, acc_v: 0.935
[2024-01-16 21:02:18] [INFO] |distill epoch: 2, acc: 0.372, acc_v: 0.925
[2024-01-16 21:02:18] [INFO] |distill epoch: 3, acc: 0.367, acc_v: 0.915
[2024-01-16 21:02:19] [INFO] |distill epoch: 4, acc: 0.362, acc_v: 0.910
[2024-01-16 21:02:19] [INFO]  ---client 8
[2024-01-16 21:02:19] [INFO] |local epoch: 0, acc: 0.379, acc_v: 0.965
[2024-01-16 21:02:19] [INFO] |local epoch: 1, acc: 0.381, acc_v: 0.960
[2024-01-16 21:02:20] [INFO] |local epoch: 2, acc: 0.380, acc_v: 0.960
[2024-01-16 21:02:20] [INFO] |local epoch: 3, acc: 0.380, acc_v: 0.960
[2024-01-16 21:02:21] [INFO] |local epoch: 4, acc: 0.379, acc_v: 0.950
[2024-01-16 21:02:21] [INFO] |distill epoch: 0, acc: 0.376, acc_v: 0.945
[2024-01-16 21:02:21] [INFO] |distill epoch: 1, acc: 0.373, acc_v: 0.935
[2024-01-16 21:02:22] [INFO] |distill epoch: 2, acc: 0.370, acc_v: 0.925
[2024-01-16 21:02:22] [INFO] |distill epoch: 3, acc: 0.365, acc_v: 0.925
[2024-01-16 21:02:22] [INFO] |distill epoch: 4, acc: 0.359, acc_v: 0.905
[2024-01-16 21:02:22] [INFO] |servers comunicated: 3, server aggregated: 2, acc_server 2: 0.359.
[2024-01-16 21:02:22] [INFO] --------------------------------------------------
[2024-01-16 21:02:22] [INFO]  |epoch_client_commu: 2/3
[2024-01-16 21:02:22] [INFO]   |server: 0
[2024-01-16 21:02:23] [INFO]  ---client 0
[2024-01-16 21:02:23] [INFO] |local epoch: 0, acc: 0.314, acc_v: 0.985
[2024-01-16 21:02:23] [INFO] |local epoch: 1, acc: 0.313, acc_v: 0.985
[2024-01-16 21:02:24] [INFO] |local epoch: 2, acc: 0.313, acc_v: 0.985
[2024-01-16 21:02:24] [INFO] |local epoch: 3, acc: 0.314, acc_v: 0.985
[2024-01-16 21:02:24] [INFO] |local epoch: 4, acc: 0.313, acc_v: 0.980
[2024-01-16 21:02:25] [INFO] |distill epoch: 0, acc: 0.312, acc_v: 0.980
[2024-01-16 21:02:25] [INFO] |distill epoch: 1, acc: 0.312, acc_v: 0.980
[2024-01-16 21:02:26] [INFO] |distill epoch: 2, acc: 0.312, acc_v: 0.975
[2024-01-16 21:02:26] [INFO] |distill epoch: 3, acc: 0.312, acc_v: 0.975
[2024-01-16 21:02:26] [INFO] |distill epoch: 4, acc: 0.311, acc_v: 0.975
[2024-01-16 21:02:26] [INFO]  ---client 1
[2024-01-16 21:02:27] [INFO] |local epoch: 0, acc: 0.314, acc_v: 1.000
[2024-01-16 21:02:27] [INFO] |local epoch: 1, acc: 0.314, acc_v: 0.995
[2024-01-16 21:02:28] [INFO] |local epoch: 2, acc: 0.314, acc_v: 0.995
[2024-01-16 21:02:28] [INFO] |local epoch: 3, acc: 0.314, acc_v: 1.000
[2024-01-16 21:02:28] [INFO] |local epoch: 4, acc: 0.314, acc_v: 1.000
[2024-01-16 21:02:29] [INFO] |distill epoch: 0, acc: 0.313, acc_v: 0.995
[2024-01-16 21:02:29] [INFO] |distill epoch: 1, acc: 0.313, acc_v: 0.990
[2024-01-16 21:02:29] [INFO] |distill epoch: 2, acc: 0.312, acc_v: 0.990
[2024-01-16 21:02:30] [INFO] |distill epoch: 3, acc: 0.311, acc_v: 0.985
[2024-01-16 21:02:30] [INFO] |distill epoch: 4, acc: 0.311, acc_v: 0.980
[2024-01-16 21:02:30] [INFO]  ---client 2
[2024-01-16 21:02:30] [INFO] |local epoch: 0, acc: 0.314, acc_v: 0.985
[2024-01-16 21:02:31] [INFO] |local epoch: 1, acc: 0.313, acc_v: 0.990
[2024-01-16 21:02:31] [INFO] |local epoch: 2, acc: 0.314, acc_v: 0.985
[2024-01-16 21:02:32] [INFO] |local epoch: 3, acc: 0.313, acc_v: 0.990
[2024-01-16 21:02:32] [INFO] |local epoch: 4, acc: 0.313, acc_v: 0.985
[2024-01-16 21:02:32] [INFO] |distill epoch: 0, acc: 0.313, acc_v: 0.995
[2024-01-16 21:02:33] [INFO] |distill epoch: 1, acc: 0.312, acc_v: 0.995
[2024-01-16 21:02:33] [INFO] |distill epoch: 2, acc: 0.312, acc_v: 0.995
[2024-01-16 21:02:33] [INFO] |distill epoch: 3, acc: 0.312, acc_v: 0.995
[2024-01-16 21:02:34] [INFO] |distill epoch: 4, acc: 0.311, acc_v: 0.995
[2024-01-16 21:02:34] [INFO] |servers comunicated: 3, server aggregated: 3, acc_server 0: 0.311.
[2024-01-16 21:02:34] [INFO] --------------------------------------------------
[2024-01-16 21:02:34] [INFO]   |server: 1
[2024-01-16 21:02:34] [INFO]  ---client 3
[2024-01-16 21:02:34] [INFO] |local epoch: 0, acc: 0.281, acc_v: 0.970
[2024-01-16 21:02:35] [INFO] |local epoch: 1, acc: 0.281, acc_v: 0.965
[2024-01-16 21:02:35] [INFO] |local epoch: 2, acc: 0.281, acc_v: 0.965
[2024-01-16 21:02:36] [INFO] |local epoch: 3, acc: 0.281, acc_v: 0.965
[2024-01-16 21:02:36] [INFO] |local epoch: 4, acc: 0.281, acc_v: 0.960
[2024-01-16 21:02:36] [INFO] |distill epoch: 0, acc: 0.281, acc_v: 0.965
[2024-01-16 21:02:37] [INFO] |distill epoch: 1, acc: 0.281, acc_v: 0.965
[2024-01-16 21:02:37] [INFO] |distill epoch: 2, acc: 0.281, acc_v: 0.965
[2024-01-16 21:02:37] [INFO] |distill epoch: 3, acc: 0.281, acc_v: 0.970
[2024-01-16 21:02:38] [INFO] |distill epoch: 4, acc: 0.281, acc_v: 0.970
[2024-01-16 21:02:38] [INFO]  ---client 4
[2024-01-16 21:02:38] [INFO] |local epoch: 0, acc: 0.281, acc_v: 0.970
[2024-01-16 21:02:39] [INFO] |local epoch: 1, acc: 0.281, acc_v: 0.960
[2024-01-16 21:02:39] [INFO] |local epoch: 2, acc: 0.281, acc_v: 0.960
[2024-01-16 21:02:39] [INFO] |local epoch: 3, acc: 0.281, acc_v: 0.965
[2024-01-16 21:02:40] [INFO] |local epoch: 4, acc: 0.281, acc_v: 0.965
[2024-01-16 21:02:40] [INFO] |distill epoch: 0, acc: 0.281, acc_v: 0.960
[2024-01-16 21:02:40] [INFO] |distill epoch: 1, acc: 0.281, acc_v: 0.970
[2024-01-16 21:02:41] [INFO] |distill epoch: 2, acc: 0.282, acc_v: 0.970
[2024-01-16 21:02:41] [INFO] |distill epoch: 3, acc: 0.281, acc_v: 0.975
[2024-01-16 21:02:41] [INFO] |distill epoch: 4, acc: 0.281, acc_v: 0.975
[2024-01-16 21:02:41] [INFO]  ---client 5
[2024-01-16 21:02:42] [INFO] |local epoch: 0, acc: 0.280, acc_v: 0.990
[2024-01-16 21:02:42] [INFO] |local epoch: 1, acc: 0.280, acc_v: 0.990
[2024-01-16 21:02:43] [INFO] |local epoch: 2, acc: 0.280, acc_v: 0.980
[2024-01-16 21:02:43] [INFO] |local epoch: 3, acc: 0.280, acc_v: 0.990
[2024-01-16 21:02:43] [INFO] |local epoch: 4, acc: 0.279, acc_v: 0.995
[2024-01-16 21:02:44] [INFO] |distill epoch: 0, acc: 0.280, acc_v: 0.990
[2024-01-16 21:02:44] [INFO] |distill epoch: 1, acc: 0.280, acc_v: 0.990
[2024-01-16 21:02:44] [INFO] |distill epoch: 2, acc: 0.280, acc_v: 0.980
[2024-01-16 21:02:45] [INFO] |distill epoch: 3, acc: 0.280, acc_v: 0.980
[2024-01-16 21:02:45] [INFO] |distill epoch: 4, acc: 0.280, acc_v: 0.980
[2024-01-16 21:02:45] [INFO] |servers comunicated: 3, server aggregated: 3, acc_server 1: 0.281.
[2024-01-16 21:02:45] [INFO] --------------------------------------------------
[2024-01-16 21:02:45] [INFO]   |server: 2
[2024-01-16 21:02:45] [INFO]  ---client 6
[2024-01-16 21:02:46] [INFO] |local epoch: 0, acc: 0.380, acc_v: 0.960
[2024-01-16 21:02:46] [INFO] |local epoch: 1, acc: 0.381, acc_v: 0.960
[2024-01-16 21:02:47] [INFO] |local epoch: 2, acc: 0.379, acc_v: 0.955
[2024-01-16 21:02:47] [INFO] |local epoch: 3, acc: 0.381, acc_v: 0.960
[2024-01-16 21:02:47] [INFO] |local epoch: 4, acc: 0.381, acc_v: 0.960
[2024-01-16 21:02:48] [INFO] |distill epoch: 0, acc: 0.380, acc_v: 0.970
[2024-01-16 21:02:48] [INFO] |distill epoch: 1, acc: 0.377, acc_v: 0.960
[2024-01-16 21:02:48] [INFO] |distill epoch: 2, acc: 0.372, acc_v: 0.945
[2024-01-16 21:02:49] [INFO] |distill epoch: 3, acc: 0.366, acc_v: 0.930
[2024-01-16 21:02:49] [INFO] |distill epoch: 4, acc: 0.358, acc_v: 0.910
[2024-01-16 21:02:49] [INFO]  ---client 7
[2024-01-16 21:02:50] [INFO] |local epoch: 0, acc: 0.379, acc_v: 0.940
[2024-01-16 21:02:50] [INFO] |local epoch: 1, acc: 0.382, acc_v: 0.955
[2024-01-16 21:02:50] [INFO] |local epoch: 2, acc: 0.380, acc_v: 0.955
[2024-01-16 21:02:51] [INFO] |local epoch: 3, acc: 0.381, acc_v: 0.950
[2024-01-16 21:02:51] [INFO] |local epoch: 4, acc: 0.381, acc_v: 0.950
[2024-01-16 21:02:51] [INFO] |distill epoch: 0, acc: 0.377, acc_v: 0.955
[2024-01-16 21:02:52] [INFO] |distill epoch: 1, acc: 0.375, acc_v: 0.940
[2024-01-16 21:02:52] [INFO] |distill epoch: 2, acc: 0.372, acc_v: 0.920
[2024-01-16 21:02:52] [INFO] |distill epoch: 3, acc: 0.366, acc_v: 0.915
[2024-01-16 21:02:53] [INFO] |distill epoch: 4, acc: 0.361, acc_v: 0.905
[2024-01-16 21:02:53] [INFO]  ---client 8
[2024-01-16 21:02:53] [INFO] |local epoch: 0, acc: 0.380, acc_v: 0.965
[2024-01-16 21:02:54] [INFO] |local epoch: 1, acc: 0.380, acc_v: 0.955
[2024-01-16 21:02:54] [INFO] |local epoch: 2, acc: 0.380, acc_v: 0.960
[2024-01-16 21:02:54] [INFO] |local epoch: 3, acc: 0.381, acc_v: 0.960
[2024-01-16 21:02:55] [INFO] |local epoch: 4, acc: 0.380, acc_v: 0.960
[2024-01-16 21:02:55] [INFO] |distill epoch: 0, acc: 0.377, acc_v: 0.955
[2024-01-16 21:02:55] [INFO] |distill epoch: 1, acc: 0.374, acc_v: 0.935
[2024-01-16 21:02:56] [INFO] |distill epoch: 2, acc: 0.370, acc_v: 0.925
[2024-01-16 21:02:56] [INFO] |distill epoch: 3, acc: 0.365, acc_v: 0.925
[2024-01-16 21:02:57] [INFO] |distill epoch: 4, acc: 0.358, acc_v: 0.900
[2024-01-16 21:02:57] [INFO] |servers comunicated: 3, server aggregated: 3, acc_server 2: 0.359.
[2024-01-16 21:02:57] [INFO] --------------------------------------------------
[2024-01-16 21:02:57] [INFO]      ********  servers comunicates  ********      
[2024-01-16 21:02:57] [INFO] ./res/mnist_model_1_algo_3/alpha_0.5_T_6/server_commu_3_client_commu_3_client_train_5_batch_size_160_num_all_client_9_num_all_server_3_num_client_data_2200_num_public_data_500_proportion_0.8.pt
