[2024-01-16 20:09:00] [INFO] device cuda is used.
[2024-01-16 20:09:00] [INFO] cudnn is actived.
[2024-01-16 20:09:00] [INFO] 
      alpha      :  0.5  
        T        :   6   
    algorithm    :   3   
num_server_commu :   5   
num_client_commu :   5   
num_client_train :   1   
num_public_train :  20   
   batch_size    :  160  
     dataset     : mnist 
  model_select   :   1   
 num_all_client  :   9   
 num_all_server  :   3   
 num_client_data : 1200  
 num_public_data :  50   
   proportion    :  0.8  
   num_workers   :   8   
[2024-01-16 20:09:03] [INFO] --------------------------------------------------
[2024-01-16 20:09:03] [INFO] |epoch_server_commu: 0/5
[2024-01-16 20:09:03] [INFO]  |epoch_client_commu: 0/5
[2024-01-16 20:09:03] [INFO]   |server: 0
[2024-01-16 20:09:03] [INFO]  ---client 0
[2024-01-16 20:09:04] [INFO] |  local epoch  : 0, acc 0.171
[2024-01-16 20:09:04] [INFO]  ---client 1
[2024-01-16 20:09:04] [INFO] |  local epoch  : 0, acc 0.173
[2024-01-16 20:09:04] [INFO]  ---client 2
[2024-01-16 20:09:04] [INFO] |  local epoch  : 0, acc 0.162
[2024-01-16 20:09:04] [INFO] |servers comunicated: 0, server aggregated: 0, acc_server 0: 0.168.
[2024-01-16 20:09:04] [INFO] --------------------------------------------------
[2024-01-16 20:09:04] [INFO]   |server: 1
[2024-01-16 20:09:04] [INFO]  ---client 3
[2024-01-16 20:09:05] [INFO] |  local epoch  : 0, acc 0.124
[2024-01-16 20:09:05] [INFO]  ---client 4
[2024-01-16 20:09:05] [INFO] |  local epoch  : 0, acc 0.101
[2024-01-16 20:09:05] [INFO]  ---client 5
[2024-01-16 20:09:06] [INFO] |  local epoch  : 0, acc 0.101
[2024-01-16 20:09:06] [INFO] |servers comunicated: 0, server aggregated: 0, acc_server 1: 0.101.
[2024-01-16 20:09:06] [INFO] --------------------------------------------------
[2024-01-16 20:09:06] [INFO]   |server: 2
[2024-01-16 20:09:06] [INFO]  ---client 6
[2024-01-16 20:09:06] [INFO] |  local epoch  : 0, acc 0.103
[2024-01-16 20:09:06] [INFO]  ---client 7
[2024-01-16 20:09:06] [INFO] |  local epoch  : 0, acc 0.103
[2024-01-16 20:09:06] [INFO]  ---client 8
[2024-01-16 20:09:07] [INFO] |  local epoch  : 0, acc 0.103
[2024-01-16 20:09:07] [INFO] |servers comunicated: 0, server aggregated: 0, acc_server 2: 0.103.
[2024-01-16 20:09:07] [INFO] --------------------------------------------------
[2024-01-16 20:09:07] [INFO]  |epoch_client_commu: 1/5
[2024-01-16 20:09:07] [INFO]   |server: 0
[2024-01-16 20:09:07] [INFO]  ---client 0
[2024-01-16 20:09:07] [INFO] |  local epoch  : 0, acc 0.136
[2024-01-16 20:09:07] [INFO]  ---client 1
[2024-01-16 20:09:08] [INFO] |  local epoch  : 0, acc 0.133
[2024-01-16 20:09:08] [INFO]  ---client 2
[2024-01-16 20:09:08] [INFO] |  local epoch  : 0, acc 0.155
[2024-01-16 20:09:08] [INFO] |servers comunicated: 0, server aggregated: 1, acc_server 0: 0.142.
[2024-01-16 20:09:08] [INFO] --------------------------------------------------
[2024-01-16 20:09:08] [INFO]   |server: 1
[2024-01-16 20:09:08] [INFO]  ---client 3
[2024-01-16 20:09:09] [INFO] |  local epoch  : 0, acc 0.125
[2024-01-16 20:09:09] [INFO]  ---client 4
[2024-01-16 20:09:09] [INFO] |  local epoch  : 0, acc 0.106
[2024-01-16 20:09:09] [INFO]  ---client 5
[2024-01-16 20:09:09] [INFO] |  local epoch  : 0, acc 0.123
[2024-01-16 20:09:09] [INFO] |servers comunicated: 0, server aggregated: 1, acc_server 1: 0.117.
[2024-01-16 20:09:09] [INFO] --------------------------------------------------
[2024-01-16 20:09:09] [INFO]   |server: 2
[2024-01-16 20:09:09] [INFO]  ---client 6
[2024-01-16 20:09:10] [INFO] |  local epoch  : 0, acc 0.103
[2024-01-16 20:09:10] [INFO]  ---client 7
[2024-01-16 20:09:10] [INFO] |  local epoch  : 0, acc 0.103
[2024-01-16 20:09:10] [INFO]  ---client 8
[2024-01-16 20:09:10] [INFO] |  local epoch  : 0, acc 0.103
[2024-01-16 20:09:11] [INFO] |servers comunicated: 0, server aggregated: 1, acc_server 2: 0.103.
[2024-01-16 20:09:11] [INFO] --------------------------------------------------
[2024-01-16 20:09:11] [INFO]  |epoch_client_commu: 2/5
[2024-01-16 20:09:11] [INFO]   |server: 0
[2024-01-16 20:09:11] [INFO]  ---client 0
[2024-01-16 20:09:11] [INFO] |  local epoch  : 0, acc 0.098
[2024-01-16 20:09:11] [INFO]  ---client 1
[2024-01-16 20:09:11] [INFO] |  local epoch  : 0, acc 0.098
[2024-01-16 20:09:11] [INFO]  ---client 2
[2024-01-16 20:09:12] [INFO] |  local epoch  : 0, acc 0.098
[2024-01-16 20:09:12] [INFO] |servers comunicated: 0, server aggregated: 2, acc_server 0: 0.098.
[2024-01-16 20:09:12] [INFO] --------------------------------------------------
[2024-01-16 20:09:12] [INFO]   |server: 1
[2024-01-16 20:09:12] [INFO]  ---client 3
[2024-01-16 20:09:12] [INFO] |  local epoch  : 0, acc 0.144
[2024-01-16 20:09:12] [INFO]  ---client 4
[2024-01-16 20:09:13] [INFO] |  local epoch  : 0, acc 0.119
[2024-01-16 20:09:13] [INFO]  ---client 5
[2024-01-16 20:09:13] [INFO] |  local epoch  : 0, acc 0.132
[2024-01-16 20:09:13] [INFO] |servers comunicated: 0, server aggregated: 2, acc_server 1: 0.132.
[2024-01-16 20:09:13] [INFO] --------------------------------------------------
[2024-01-16 20:09:13] [INFO]   |server: 2
[2024-01-16 20:09:13] [INFO]  ---client 6
[2024-01-16 20:09:14] [INFO] |  local epoch  : 0, acc 0.168
[2024-01-16 20:09:14] [INFO]  ---client 7
[2024-01-16 20:09:14] [INFO] |  local epoch  : 0, acc 0.145
[2024-01-16 20:09:14] [INFO]  ---client 8
[2024-01-16 20:09:14] [INFO] |  local epoch  : 0, acc 0.121
[2024-01-16 20:09:14] [INFO] |servers comunicated: 0, server aggregated: 2, acc_server 2: 0.142.
[2024-01-16 20:09:14] [INFO] --------------------------------------------------
[2024-01-16 20:09:14] [INFO]  |epoch_client_commu: 3/5
[2024-01-16 20:09:14] [INFO]   |server: 0
[2024-01-16 20:09:14] [INFO]  ---client 0
[2024-01-16 20:09:15] [INFO] |  local epoch  : 0, acc 0.249
[2024-01-16 20:09:15] [INFO]  ---client 1
[2024-01-16 20:09:15] [INFO] |  local epoch  : 0, acc 0.298
[2024-01-16 20:09:15] [INFO]  ---client 2
[2024-01-16 20:09:15] [INFO] |  local epoch  : 0, acc 0.300
[2024-01-16 20:09:16] [INFO] |servers comunicated: 0, server aggregated: 3, acc_server 0: 0.292.
[2024-01-16 20:09:16] [INFO] --------------------------------------------------
[2024-01-16 20:09:16] [INFO]   |server: 1
[2024-01-16 20:09:16] [INFO]  ---client 3
[2024-01-16 20:09:16] [INFO] |  local epoch  : 0, acc 0.242
[2024-01-16 20:09:16] [INFO]  ---client 4
[2024-01-16 20:09:16] [INFO] |  local epoch  : 0, acc 0.207
[2024-01-16 20:09:16] [INFO]  ---client 5
[2024-01-16 20:09:17] [INFO] |  local epoch  : 0, acc 0.225
[2024-01-16 20:09:17] [INFO] |servers comunicated: 0, server aggregated: 3, acc_server 1: 0.228.
[2024-01-16 20:09:17] [INFO] --------------------------------------------------
[2024-01-16 20:09:17] [INFO]   |server: 2
[2024-01-16 20:09:17] [INFO]  ---client 6
[2024-01-16 20:09:17] [INFO] |  local epoch  : 0, acc 0.292
[2024-01-16 20:09:17] [INFO]  ---client 7
[2024-01-16 20:09:18] [INFO] |  local epoch  : 0, acc 0.252
[2024-01-16 20:09:18] [INFO]  ---client 8
[2024-01-16 20:09:18] [INFO] |  local epoch  : 0, acc 0.319
[2024-01-16 20:09:18] [INFO] |servers comunicated: 0, server aggregated: 3, acc_server 2: 0.312.
[2024-01-16 20:09:18] [INFO] --------------------------------------------------
[2024-01-16 20:09:18] [INFO]  |epoch_client_commu: 4/5
[2024-01-16 20:09:18] [INFO]   |server: 0
[2024-01-16 20:09:18] [INFO]  ---client 0
[2024-01-16 20:09:18] [INFO] |  local epoch  : 0, acc 0.301
[2024-01-16 20:09:18] [INFO]  ---client 1
[2024-01-16 20:09:19] [INFO] |  local epoch  : 0, acc 0.301
[2024-01-16 20:09:19] [INFO]  ---client 2
[2024-01-16 20:09:19] [INFO] |  local epoch  : 0, acc 0.300
[2024-01-16 20:09:19] [INFO] |servers comunicated: 0, server aggregated: 4, acc_server 0: 0.303.
[2024-01-16 20:09:19] [INFO] --------------------------------------------------
[2024-01-16 20:09:19] [INFO]   |server: 1
[2024-01-16 20:09:19] [INFO]  ---client 3
[2024-01-16 20:09:20] [INFO] |  local epoch  : 0, acc 0.230
[2024-01-16 20:09:20] [INFO]  ---client 4
[2024-01-16 20:09:20] [INFO] |  local epoch  : 0, acc 0.213
[2024-01-16 20:09:20] [INFO]  ---client 5
[2024-01-16 20:09:20] [INFO] |  local epoch  : 0, acc 0.221
[2024-01-16 20:09:21] [INFO] |servers comunicated: 0, server aggregated: 4, acc_server 1: 0.232.
[2024-01-16 20:09:21] [INFO] --------------------------------------------------
[2024-01-16 20:09:21] [INFO]   |server: 2
[2024-01-16 20:09:21] [INFO]  ---client 6
[2024-01-16 20:09:21] [INFO] |  local epoch  : 0, acc 0.335
[2024-01-16 20:09:21] [INFO]  ---client 7
[2024-01-16 20:09:21] [INFO] |  local epoch  : 0, acc 0.308
[2024-01-16 20:09:21] [INFO]  ---client 8
[2024-01-16 20:09:22] [INFO] |  local epoch  : 0, acc 0.314
[2024-01-16 20:09:22] [INFO] |servers comunicated: 0, server aggregated: 4, acc_server 2: 0.343.
[2024-01-16 20:09:22] [INFO] --------------------------------------------------
[2024-01-16 20:09:22] [INFO]      ********  servers comunicates  ********      
[2024-01-16 20:09:22] [INFO] --------------------------------------------------
[2024-01-16 20:09:22] [INFO] |epoch_server_commu: 1/5
[2024-01-16 20:09:22] [INFO]  |epoch_client_commu: 0/5
[2024-01-16 20:09:22] [INFO]   |server: 0
[2024-01-16 20:09:22] [INFO]  ---client 0
[2024-01-16 20:09:22] [INFO] |  local epoch  : 0, acc 0.303
