[2024-01-17 15:10:52] [INFO] device cuda is used.
[2024-01-17 15:10:52] [INFO] cudnn is actived.
[2024-01-17 15:10:52] [INFO] 
      alpha      :  0.5  
        T        :   6   
    algorithm    :   3   
num_server_commu :  30   
num_client_commu :   5   
num_client_train :   5   
num_public_train :   5   
   batch_size    :  160  
     dataset     : mnist 
  model_select   :   1   
 num_all_client  :   9   
 num_all_server  :   3   
 num_client_data : 1200  
 num_public_data :  50   
   proportion    :  0.8  
   num_workers   :   8   
[2024-01-17 15:10:55] [INFO] --------------------------------------------------
[2024-01-17 15:10:55] [INFO] |epoch_server_commu: 0/30
[2024-01-17 15:10:55] [INFO]  |epoch_client_commu: 0/5
[2024-01-17 15:10:55] [INFO]   |server: 0
[2024-01-17 15:10:55] [INFO]  ---client 0
[2024-01-17 15:10:56] [INFO] |local epoch: 0, acc: 0.145, acc_v: 0.496
[2024-01-17 15:10:56] [INFO] |local epoch: 1, acc: 0.124, acc_v: 0.417
[2024-01-17 15:10:57] [INFO] |local epoch: 2, acc: 0.299, acc_v: 0.913
[2024-01-17 15:10:57] [INFO] |local epoch: 3, acc: 0.288, acc_v: 0.871
[2024-01-17 15:10:57] [INFO] |local epoch: 4, acc: 0.306, acc_v: 0.946
[2024-01-17 15:10:57] [INFO]  ---client 1
[2024-01-17 15:10:58] [INFO] |local epoch: 0, acc: 0.187, acc_v: 0.604
[2024-01-17 15:10:58] [INFO] |local epoch: 1, acc: 0.185, acc_v: 0.608
[2024-01-17 15:10:59] [INFO] |local epoch: 2, acc: 0.302, acc_v: 0.950
[2024-01-17 15:10:59] [INFO] |local epoch: 3, acc: 0.298, acc_v: 0.946
[2024-01-17 15:10:59] [INFO] |local epoch: 4, acc: 0.290, acc_v: 0.913
[2024-01-17 15:10:59] [INFO]  ---client 2
[2024-01-17 15:11:00] [INFO] |local epoch: 0, acc: 0.172, acc_v: 0.562
[2024-01-17 15:11:00] [INFO] |local epoch: 1, acc: 0.161, acc_v: 0.513
[2024-01-17 15:11:00] [INFO] |local epoch: 2, acc: 0.237, acc_v: 0.742
[2024-01-17 15:11:01] [INFO] |local epoch: 3, acc: 0.305, acc_v: 0.958
[2024-01-17 15:11:01] [INFO] |local epoch: 4, acc: 0.304, acc_v: 0.963
[2024-01-17 15:11:01] [INFO] |servers comunicated: 0, server aggregated: 0, acc_server 0: 0.303.
[2024-01-17 15:11:01] [INFO] --------------------------------------------------
[2024-01-17 15:11:01] [INFO]   |server: 1
[2024-01-17 15:11:01] [INFO]  ---client 3
[2024-01-17 15:11:02] [INFO] |local epoch: 0, acc: 0.186, acc_v: 0.650
[2024-01-17 15:11:02] [INFO] |local epoch: 1, acc: 0.197, acc_v: 0.704
[2024-01-17 15:11:02] [INFO] |local epoch: 2, acc: 0.196, acc_v: 0.700
[2024-01-17 15:11:03] [INFO] |local epoch: 3, acc: 0.240, acc_v: 0.838
[2024-01-17 15:11:03] [INFO] |local epoch: 4, acc: 0.242, acc_v: 0.850
[2024-01-17 15:11:03] [INFO]  ---client 4
[2024-01-17 15:11:04] [INFO] |local epoch: 0, acc: 0.196, acc_v: 0.617
[2024-01-17 15:11:04] [INFO] |local epoch: 1, acc: 0.190, acc_v: 0.588
[2024-01-17 15:11:04] [INFO] |local epoch: 2, acc: 0.195, acc_v: 0.608
[2024-01-17 15:11:05] [INFO] |local epoch: 3, acc: 0.180, acc_v: 0.683
[2024-01-17 15:11:05] [INFO] |local epoch: 4, acc: 0.245, acc_v: 0.875
[2024-01-17 15:11:05] [INFO]  ---client 5
[2024-01-17 15:11:05] [INFO] |local epoch: 0, acc: 0.195, acc_v: 0.625
[2024-01-17 15:11:06] [INFO] |local epoch: 1, acc: 0.196, acc_v: 0.633
[2024-01-17 15:11:06] [INFO] |local epoch: 2, acc: 0.197, acc_v: 0.638
[2024-01-17 15:11:06] [INFO] |local epoch: 3, acc: 0.241, acc_v: 0.821
[2024-01-17 15:11:07] [INFO] |local epoch: 4, acc: 0.239, acc_v: 0.821
[2024-01-17 15:11:07] [INFO] |servers comunicated: 0, server aggregated: 0, acc_server 1: 0.239.
[2024-01-17 15:11:07] [INFO] --------------------------------------------------
[2024-01-17 15:11:07] [INFO]   |server: 2
[2024-01-17 15:11:07] [INFO]  ---client 6
[2024-01-17 15:11:08] [INFO] |local epoch: 0, acc: 0.143, acc_v: 0.313
[2024-01-17 15:11:08] [INFO] |local epoch: 1, acc: 0.101, acc_v: 0.221
[2024-01-17 15:11:08] [INFO] |local epoch: 2, acc: 0.296, acc_v: 0.738
[2024-01-17 15:11:09] [INFO] |local epoch: 3, acc: 0.316, acc_v: 0.813
[2024-01-17 15:11:09] [INFO] |local epoch: 4, acc: 0.301, acc_v: 0.783
[2024-01-17 15:11:09] [INFO]  ---client 7
[2024-01-17 15:11:09] [INFO] |local epoch: 0, acc: 0.176, acc_v: 0.392
[2024-01-17 15:11:10] [INFO] |local epoch: 1, acc: 0.101, acc_v: 0.242
[2024-01-17 15:11:10] [INFO] |local epoch: 2, acc: 0.297, acc_v: 0.754
[2024-01-17 15:11:10] [INFO] |local epoch: 3, acc: 0.262, acc_v: 0.683
[2024-01-17 15:11:11] [INFO] |local epoch: 4, acc: 0.288, acc_v: 0.733
[2024-01-17 15:11:11] [INFO]  ---client 8
[2024-01-17 15:11:11] [INFO] |local epoch: 0, acc: 0.179, acc_v: 0.392
[2024-01-17 15:11:12] [INFO] |local epoch: 1, acc: 0.101, acc_v: 0.246
[2024-01-17 15:11:12] [INFO] |local epoch: 2, acc: 0.214, acc_v: 0.496
[2024-01-17 15:11:12] [INFO] |local epoch: 3, acc: 0.283, acc_v: 0.725
[2024-01-17 15:11:13] [INFO] |local epoch: 4, acc: 0.335, acc_v: 0.858
[2024-01-17 15:11:13] [INFO] |servers comunicated: 0, server aggregated: 0, acc_server 2: 0.326.
[2024-01-17 15:11:13] [INFO] --------------------------------------------------
[2024-01-17 15:11:13] [INFO]  |epoch_client_commu: 1/5
[2024-01-17 15:11:13] [INFO]   |server: 0
[2024-01-17 15:11:13] [INFO]  ---client 0
[2024-01-17 15:11:13] [INFO] |local epoch: 0, acc: 0.301, acc_v: 0.938
[2024-01-17 15:11:14] [INFO] |local epoch: 1, acc: 0.307, acc_v: 0.950
[2024-01-17 15:11:14] [INFO] |local epoch: 2, acc: 0.308, acc_v: 0.954
[2024-01-17 15:11:14] [INFO] |local epoch: 3, acc: 0.308, acc_v: 0.950
[2024-01-17 15:11:15] [INFO] |local epoch: 4, acc: 0.305, acc_v: 0.946
[2024-01-17 15:11:15] [INFO]  ---client 1
[2024-01-17 15:11:15] [INFO] |local epoch: 0, acc: 0.298, acc_v: 0.946
[2024-01-17 15:11:15] [INFO] |local epoch: 1, acc: 0.303, acc_v: 0.963
[2024-01-17 15:11:16] [INFO] |local epoch: 2, acc: 0.305, acc_v: 0.971
[2024-01-17 15:11:16] [INFO] |local epoch: 3, acc: 0.308, acc_v: 0.971
[2024-01-17 15:11:17] [INFO] |local epoch: 4, acc: 0.311, acc_v: 0.971
[2024-01-17 15:11:17] [INFO]  ---client 2
[2024-01-17 15:11:17] [INFO] |local epoch: 0, acc: 0.304, acc_v: 0.958
[2024-01-17 15:11:17] [INFO] |local epoch: 1, acc: 0.306, acc_v: 0.975
[2024-01-17 15:11:18] [INFO] |local epoch: 2, acc: 0.308, acc_v: 0.979
[2024-01-17 15:11:18] [INFO] |local epoch: 3, acc: 0.307, acc_v: 0.983
[2024-01-17 15:11:18] [INFO] |local epoch: 4, acc: 0.307, acc_v: 0.979
[2024-01-17 15:11:19] [INFO] |servers comunicated: 0, server aggregated: 1, acc_server 0: 0.308.
[2024-01-17 15:11:19] [INFO] --------------------------------------------------
[2024-01-17 15:11:19] [INFO]   |server: 1
[2024-01-17 15:11:19] [INFO]  ---client 3
[2024-01-17 15:11:19] [INFO] |local epoch: 0, acc: 0.247, acc_v: 0.871
[2024-01-17 15:11:19] [INFO] |local epoch: 1, acc: 0.252, acc_v: 0.883
[2024-01-17 15:11:20] [INFO] |local epoch: 2, acc: 0.255, acc_v: 0.892
[2024-01-17 15:11:20] [INFO] |local epoch: 3, acc: 0.260, acc_v: 0.913
[2024-01-17 15:11:21] [INFO] |local epoch: 4, acc: 0.263, acc_v: 0.925
[2024-01-17 15:11:21] [INFO]  ---client 4
[2024-01-17 15:11:21] [INFO] |local epoch: 0, acc: 0.246, acc_v: 0.858
[2024-01-17 15:11:21] [INFO] |local epoch: 1, acc: 0.259, acc_v: 0.908
[2024-01-17 15:11:22] [INFO] |local epoch: 2, acc: 0.260, acc_v: 0.888
[2024-01-17 15:11:22] [INFO] |local epoch: 3, acc: 0.266, acc_v: 0.925
[2024-01-17 15:11:22] [INFO] |local epoch: 4, acc: 0.262, acc_v: 0.925
[2024-01-17 15:11:22] [INFO]  ---client 5
[2024-01-17 15:11:23] [INFO] |local epoch: 0, acc: 0.246, acc_v: 0.846
[2024-01-17 15:11:23] [INFO] |local epoch: 1, acc: 0.253, acc_v: 0.850
[2024-01-17 15:11:23] [INFO] |local epoch: 2, acc: 0.246, acc_v: 0.829
[2024-01-17 15:11:24] [INFO] |local epoch: 3, acc: 0.258, acc_v: 0.888
[2024-01-17 15:11:24] [INFO] |local epoch: 4, acc: 0.266, acc_v: 0.933
[2024-01-17 15:11:24] [INFO] |servers comunicated: 0, server aggregated: 1, acc_server 1: 0.266.
[2024-01-17 15:11:24] [INFO] --------------------------------------------------
[2024-01-17 15:11:24] [INFO]   |server: 2
[2024-01-17 15:11:24] [INFO]  ---client 6
[2024-01-17 15:11:25] [INFO] |local epoch: 0, acc: 0.336, acc_v: 0.879
[2024-01-17 15:11:25] [INFO] |local epoch: 1, acc: 0.347, acc_v: 0.896
[2024-01-17 15:11:26] [INFO] |local epoch: 2, acc: 0.357, acc_v: 0.921
[2024-01-17 15:11:26] [INFO] |local epoch: 3, acc: 0.359, acc_v: 0.929
[2024-01-17 15:11:26] [INFO] |local epoch: 4, acc: 0.363, acc_v: 0.942
[2024-01-17 15:11:26] [INFO]  ---client 7
[2024-01-17 15:11:27] [INFO] |local epoch: 0, acc: 0.321, acc_v: 0.817
[2024-01-17 15:11:27] [INFO] |local epoch: 1, acc: 0.342, acc_v: 0.879
[2024-01-17 15:11:27] [INFO] |local epoch: 2, acc: 0.356, acc_v: 0.913
[2024-01-17 15:11:28] [INFO] |local epoch: 3, acc: 0.359, acc_v: 0.917
[2024-01-17 15:11:28] [INFO] |local epoch: 4, acc: 0.358, acc_v: 0.913
[2024-01-17 15:11:28] [INFO]  ---client 8
[2024-01-17 15:11:29] [INFO] |local epoch: 0, acc: 0.324, acc_v: 0.854
[2024-01-17 15:11:29] [INFO] |local epoch: 1, acc: 0.344, acc_v: 0.879
[2024-01-17 15:11:29] [INFO] |local epoch: 2, acc: 0.352, acc_v: 0.900
[2024-01-17 15:11:30] [INFO] |local epoch: 3, acc: 0.358, acc_v: 0.913
[2024-01-17 15:11:30] [INFO] |local epoch: 4, acc: 0.362, acc_v: 0.913
[2024-01-17 15:11:30] [INFO] |servers comunicated: 0, server aggregated: 1, acc_server 2: 0.363.
[2024-01-17 15:11:30] [INFO] --------------------------------------------------
[2024-01-17 15:11:30] [INFO]  |epoch_client_commu: 2/5
[2024-01-17 15:11:30] [INFO]   |server: 0
[2024-01-17 15:11:30] [INFO]  ---client 0
[2024-01-17 15:11:31] [INFO] |local epoch: 0, acc: 0.317, acc_v: 0.958
[2024-01-17 15:11:31] [INFO] |local epoch: 1, acc: 0.323, acc_v: 0.971
[2024-01-17 15:11:31] [INFO] |local epoch: 2, acc: 0.323, acc_v: 0.954
[2024-01-17 15:11:32] [INFO] |local epoch: 3, acc: 0.339, acc_v: 0.967
[2024-01-17 15:11:32] [INFO] |local epoch: 4, acc: 0.342, acc_v: 0.971
[2024-01-17 15:11:32] [INFO]  ---client 1
[2024-01-17 15:11:32] [INFO] |local epoch: 0, acc: 0.316, acc_v: 0.975
[2024-01-17 15:11:33] [INFO] |local epoch: 1, acc: 0.324, acc_v: 0.979
[2024-01-17 15:11:33] [INFO] |local epoch: 2, acc: 0.358, acc_v: 0.979
[2024-01-17 15:11:34] [INFO] |local epoch: 3, acc: 0.343, acc_v: 0.967
[2024-01-17 15:11:34] [INFO] |local epoch: 4, acc: 0.354, acc_v: 0.967
[2024-01-17 15:11:34] [INFO]  ---client 2
[2024-01-17 15:11:34] [INFO] |local epoch: 0, acc: 0.311, acc_v: 0.988
[2024-01-17 15:11:35] [INFO] |local epoch: 1, acc: 0.324, acc_v: 0.983
[2024-01-17 15:11:35] [INFO] |local epoch: 2, acc: 0.339, acc_v: 0.983
[2024-01-17 15:11:35] [INFO] |local epoch: 3, acc: 0.341, acc_v: 0.979
[2024-01-17 15:11:36] [INFO] |local epoch: 4, acc: 0.348, acc_v: 0.988
[2024-01-17 15:11:36] [INFO] |servers comunicated: 0, server aggregated: 2, acc_server 0: 0.348.
[2024-01-17 15:11:36] [INFO] --------------------------------------------------
[2024-01-17 15:11:36] [INFO]   |server: 1
[2024-01-17 15:11:36] [INFO]  ---client 3
[2024-01-17 15:11:36] [INFO] |local epoch: 0, acc: 0.264, acc_v: 0.933
[2024-01-17 15:11:37] [INFO] |local epoch: 1, acc: 0.269, acc_v: 0.942
[2024-01-17 15:11:37] [INFO] |local epoch: 2, acc: 0.260, acc_v: 0.929
[2024-01-17 15:11:37] [INFO] |local epoch: 3, acc: 0.271, acc_v: 0.946
[2024-01-17 15:11:38] [INFO] |local epoch: 4, acc: 0.273, acc_v: 0.950
[2024-01-17 15:11:38] [INFO]  ---client 4
[2024-01-17 15:11:38] [INFO] |local epoch: 0, acc: 0.268, acc_v: 0.938
[2024-01-17 15:11:39] [INFO] |local epoch: 1, acc: 0.271, acc_v: 0.938
[2024-01-17 15:11:39] [INFO] |local epoch: 2, acc: 0.270, acc_v: 0.946
[2024-01-17 15:11:39] [INFO] |local epoch: 3, acc: 0.272, acc_v: 0.954
[2024-01-17 15:11:40] [INFO] |local epoch: 4, acc: 0.273, acc_v: 0.950
[2024-01-17 15:11:40] [INFO]  ---client 5
[2024-01-17 15:11:40] [INFO] |local epoch: 0, acc: 0.266, acc_v: 0.913
[2024-01-17 15:11:40] [INFO] |local epoch: 1, acc: 0.270, acc_v: 0.929
[2024-01-17 15:11:41] [INFO] |local epoch: 2, acc: 0.269, acc_v: 0.954
[2024-01-17 15:11:41] [INFO] |local epoch: 3, acc: 0.268, acc_v: 0.925
[2024-01-17 15:11:42] [INFO] |local epoch: 4, acc: 0.266, acc_v: 0.933
[2024-01-17 15:11:42] [INFO] |servers comunicated: 0, server aggregated: 2, acc_server 1: 0.273.
[2024-01-17 15:11:42] [INFO] --------------------------------------------------
[2024-01-17 15:11:42] [INFO]   |server: 2
[2024-01-17 15:11:42] [INFO]  ---client 6
[2024-01-17 15:11:42] [INFO] |local epoch: 0, acc: 0.364, acc_v: 0.938
[2024-01-17 15:11:43] [INFO] |local epoch: 1, acc: 0.363, acc_v: 0.946
[2024-01-17 15:11:43] [INFO] |local epoch: 2, acc: 0.362, acc_v: 0.942
[2024-01-17 15:11:43] [INFO] |local epoch: 3, acc: 0.366, acc_v: 0.954
[2024-01-17 15:11:44] [INFO] |local epoch: 4, acc: 0.367, acc_v: 0.954
[2024-01-17 15:11:44] [INFO]  ---client 7
[2024-01-17 15:11:44] [INFO] |local epoch: 0, acc: 0.364, acc_v: 0.929
[2024-01-17 15:11:44] [INFO] |local epoch: 1, acc: 0.364, acc_v: 0.929
[2024-01-17 15:11:45] [INFO] |local epoch: 2, acc: 0.366, acc_v: 0.929
[2024-01-17 15:11:45] [INFO] |local epoch: 3, acc: 0.367, acc_v: 0.908
[2024-01-17 15:11:46] [INFO] |local epoch: 4, acc: 0.374, acc_v: 0.933
[2024-01-17 15:11:46] [INFO]  ---client 8
[2024-01-17 15:11:46] [INFO] |local epoch: 0, acc: 0.364, acc_v: 0.942
[2024-01-17 15:11:46] [INFO] |local epoch: 1, acc: 0.364, acc_v: 0.921
[2024-01-17 15:11:47] [INFO] |local epoch: 2, acc: 0.367, acc_v: 0.933
[2024-01-17 15:11:47] [INFO] |local epoch: 3, acc: 0.365, acc_v: 0.925
[2024-01-17 15:11:47] [INFO] |local epoch: 4, acc: 0.371, acc_v: 0.933
[2024-01-17 15:11:48] [INFO] |servers comunicated: 0, server aggregated: 2, acc_server 2: 0.372.
[2024-01-17 15:11:48] [INFO] --------------------------------------------------
[2024-01-17 15:11:48] [INFO]  |epoch_client_commu: 3/5
[2024-01-17 15:11:48] [INFO]   |server: 0
[2024-01-17 15:11:48] [INFO]  ---client 0
[2024-01-17 15:11:48] [INFO] |local epoch: 0, acc: 0.373, acc_v: 0.971
[2024-01-17 15:11:48] [INFO] |local epoch: 1, acc: 0.403, acc_v: 0.971
[2024-01-17 15:11:49] [INFO] |local epoch: 2, acc: 0.383, acc_v: 0.971
[2024-01-17 15:11:49] [INFO] |local epoch: 3, acc: 0.427, acc_v: 0.958
[2024-01-17 15:11:49] [INFO] |local epoch: 4, acc: 0.388, acc_v: 0.971
[2024-01-17 15:11:49] [INFO]  ---client 1
[2024-01-17 15:11:50] [INFO] |local epoch: 0, acc: 0.359, acc_v: 0.967
[2024-01-17 15:11:50] [INFO] |local epoch: 1, acc: 0.353, acc_v: 0.979
[2024-01-17 15:11:51] [INFO] |local epoch: 2, acc: 0.369, acc_v: 0.971
[2024-01-17 15:11:51] [INFO] |local epoch: 3, acc: 0.389, acc_v: 0.975
[2024-01-17 15:11:51] [INFO] |local epoch: 4, acc: 0.399, acc_v: 0.979
[2024-01-17 15:11:51] [INFO]  ---client 2
[2024-01-17 15:11:52] [INFO] |local epoch: 0, acc: 0.342, acc_v: 0.979
[2024-01-17 15:11:52] [INFO] |local epoch: 1, acc: 0.350, acc_v: 0.979
[2024-01-17 15:11:52] [INFO] |local epoch: 2, acc: 0.372, acc_v: 0.988
[2024-01-17 15:11:53] [INFO] |local epoch: 3, acc: 0.413, acc_v: 0.979
[2024-01-17 15:11:53] [INFO] |local epoch: 4, acc: 0.369, acc_v: 0.983
[2024-01-17 15:11:53] [INFO] |servers comunicated: 0, server aggregated: 3, acc_server 0: 0.390.
[2024-01-17 15:11:53] [INFO] --------------------------------------------------
[2024-01-17 15:11:53] [INFO]   |server: 1
[2024-01-17 15:11:53] [INFO]  ---client 3
[2024-01-17 15:11:54] [INFO] |local epoch: 0, acc: 0.273, acc_v: 0.946
[2024-01-17 15:11:54] [INFO] |local epoch: 1, acc: 0.274, acc_v: 0.954
[2024-01-17 15:11:54] [INFO] |local epoch: 2, acc: 0.275, acc_v: 0.958
[2024-01-17 15:11:55] [INFO] |local epoch: 3, acc: 0.274, acc_v: 0.958
[2024-01-17 15:11:55] [INFO] |local epoch: 4, acc: 0.280, acc_v: 0.946
[2024-01-17 15:11:55] [INFO]  ---client 4
[2024-01-17 15:11:56] [INFO] |local epoch: 0, acc: 0.273, acc_v: 0.950
[2024-01-17 15:11:56] [INFO] |local epoch: 1, acc: 0.274, acc_v: 0.950
[2024-01-17 15:11:56] [INFO] |local epoch: 2, acc: 0.274, acc_v: 0.958
[2024-01-17 15:11:57] [INFO] |local epoch: 3, acc: 0.270, acc_v: 0.938
[2024-01-17 15:11:57] [INFO] |local epoch: 4, acc: 0.275, acc_v: 0.950
[2024-01-17 15:11:57] [INFO]  ---client 5
[2024-01-17 15:11:57] [INFO] |local epoch: 0, acc: 0.272, acc_v: 0.950
[2024-01-17 15:11:58] [INFO] |local epoch: 1, acc: 0.270, acc_v: 0.938
[2024-01-17 15:11:58] [INFO] |local epoch: 2, acc: 0.274, acc_v: 0.946
[2024-01-17 15:11:59] [INFO] |local epoch: 3, acc: 0.276, acc_v: 0.958
[2024-01-17 15:11:59] [INFO] |local epoch: 4, acc: 0.275, acc_v: 0.946
[2024-01-17 15:11:59] [INFO] |servers comunicated: 0, server aggregated: 3, acc_server 1: 0.276.
[2024-01-17 15:11:59] [INFO] --------------------------------------------------
[2024-01-17 15:11:59] [INFO]   |server: 2
[2024-01-17 15:11:59] [INFO]  ---client 6
[2024-01-17 15:12:00] [INFO] |local epoch: 0, acc: 0.372, acc_v: 0.938
[2024-01-17 15:12:00] [INFO] |local epoch: 1, acc: 0.391, acc_v: 0.954
[2024-01-17 15:12:00] [INFO] |local epoch: 2, acc: 0.392, acc_v: 0.942
[2024-01-17 15:12:01] [INFO] |local epoch: 3, acc: 0.395, acc_v: 0.958
[2024-01-17 15:12:01] [INFO] |local epoch: 4, acc: 0.419, acc_v: 0.950
[2024-01-17 15:12:01] [INFO]  ---client 7
[2024-01-17 15:12:01] [INFO] |local epoch: 0, acc: 0.381, acc_v: 0.925
[2024-01-17 15:12:02] [INFO] |local epoch: 1, acc: 0.393, acc_v: 0.942
[2024-01-17 15:12:02] [INFO] |local epoch: 2, acc: 0.406, acc_v: 0.925
[2024-01-17 15:12:02] [INFO] |local epoch: 3, acc: 0.422, acc_v: 0.929
[2024-01-17 15:12:03] [INFO] |local epoch: 4, acc: 0.420, acc_v: 0.933
[2024-01-17 15:12:03] [INFO]  ---client 8
[2024-01-17 15:12:03] [INFO] |local epoch: 0, acc: 0.369, acc_v: 0.925
[2024-01-17 15:12:04] [INFO] |local epoch: 1, acc: 0.383, acc_v: 0.933
[2024-01-17 15:12:04] [INFO] |local epoch: 2, acc: 0.396, acc_v: 0.925
[2024-01-17 15:12:04] [INFO] |local epoch: 3, acc: 0.394, acc_v: 0.921
[2024-01-17 15:12:05] [INFO] |local epoch: 4, acc: 0.446, acc_v: 0.925
[2024-01-17 15:12:05] [INFO] |servers comunicated: 0, server aggregated: 3, acc_server 2: 0.431.
[2024-01-17 15:12:05] [INFO] --------------------------------------------------
[2024-01-17 15:12:05] [INFO]  |epoch_client_commu: 4/5
[2024-01-17 15:12:05] [INFO]   |server: 0
[2024-01-17 15:12:05] [INFO]  ---client 0
[2024-01-17 15:12:05] [INFO] |local epoch: 0, acc: 0.409, acc_v: 0.971
[2024-01-17 15:12:06] [INFO] |local epoch: 1, acc: 0.396, acc_v: 0.971
[2024-01-17 15:12:06] [INFO] |local epoch: 2, acc: 0.440, acc_v: 0.971
[2024-01-17 15:12:06] [INFO] |local epoch: 3, acc: 0.408, acc_v: 0.975
[2024-01-17 15:12:07] [INFO] |local epoch: 4, acc: 0.476, acc_v: 0.975
[2024-01-17 15:12:07] [INFO]  ---client 1
[2024-01-17 15:12:07] [INFO] |local epoch: 0, acc: 0.409, acc_v: 0.979
[2024-01-17 15:12:07] [INFO] |local epoch: 1, acc: 0.451, acc_v: 0.979
[2024-01-17 15:12:08] [INFO] |local epoch: 2, acc: 0.452, acc_v: 0.979
[2024-01-17 15:12:08] [INFO] |local epoch: 3, acc: 0.421, acc_v: 0.979
[2024-01-17 15:12:09] [INFO] |local epoch: 4, acc: 0.461, acc_v: 0.967
[2024-01-17 15:12:09] [INFO]  ---client 2
[2024-01-17 15:12:09] [INFO] |local epoch: 0, acc: 0.432, acc_v: 0.988
[2024-01-17 15:12:09] [INFO] |local epoch: 1, acc: 0.379, acc_v: 0.983
[2024-01-17 15:12:10] [INFO] |local epoch: 2, acc: 0.423, acc_v: 0.983
[2024-01-17 15:12:10] [INFO] |local epoch: 3, acc: 0.421, acc_v: 0.983
[2024-01-17 15:12:10] [INFO] |local epoch: 4, acc: 0.436, acc_v: 0.983
[2024-01-17 15:12:11] [INFO] |servers comunicated: 0, server aggregated: 4, acc_server 0: 0.458.
[2024-01-17 15:12:11] [INFO] --------------------------------------------------
[2024-01-17 15:12:11] [INFO]   |server: 1
[2024-01-17 15:12:11] [INFO]  ---client 3
[2024-01-17 15:12:11] [INFO] |local epoch: 0, acc: 0.294, acc_v: 0.963
[2024-01-17 15:12:11] [INFO] |local epoch: 1, acc: 0.294, acc_v: 0.963
[2024-01-17 15:12:12] [INFO] |local epoch: 2, acc: 0.320, acc_v: 0.963
[2024-01-17 15:12:12] [INFO] |local epoch: 3, acc: 0.294, acc_v: 0.963
[2024-01-17 15:12:13] [INFO] |local epoch: 4, acc: 0.343, acc_v: 0.963
[2024-01-17 15:12:13] [INFO]  ---client 4
[2024-01-17 15:12:13] [INFO] |local epoch: 0, acc: 0.277, acc_v: 0.954
[2024-01-17 15:12:13] [INFO] |local epoch: 1, acc: 0.283, acc_v: 0.954
[2024-01-17 15:12:14] [INFO] |local epoch: 2, acc: 0.295, acc_v: 0.954
[2024-01-17 15:12:14] [INFO] |local epoch: 3, acc: 0.298, acc_v: 0.946
[2024-01-17 15:12:14] [INFO] |local epoch: 4, acc: 0.336, acc_v: 0.950
[2024-01-17 15:12:14] [INFO]  ---client 5
[2024-01-17 15:12:15] [INFO] |local epoch: 0, acc: 0.276, acc_v: 0.946
[2024-01-17 15:12:15] [INFO] |local epoch: 1, acc: 0.281, acc_v: 0.950
[2024-01-17 15:12:16] [INFO] |local epoch: 2, acc: 0.294, acc_v: 0.950
[2024-01-17 15:12:16] [INFO] |local epoch: 3, acc: 0.298, acc_v: 0.950
[2024-01-17 15:12:16] [INFO] |local epoch: 4, acc: 0.289, acc_v: 0.954
[2024-01-17 15:12:17] [INFO] |servers comunicated: 0, server aggregated: 4, acc_server 1: 0.325.
[2024-01-17 15:12:17] [INFO] --------------------------------------------------
[2024-01-17 15:12:17] [INFO]   |server: 2
[2024-01-17 15:12:17] [INFO]  ---client 6
[2024-01-17 15:12:17] [INFO] |local epoch: 0, acc: 0.442, acc_v: 0.958
[2024-01-17 15:12:17] [INFO] |local epoch: 1, acc: 0.446, acc_v: 0.963
[2024-01-17 15:12:18] [INFO] |local epoch: 2, acc: 0.483, acc_v: 0.958
[2024-01-17 15:12:18] [INFO] |local epoch: 3, acc: 0.463, acc_v: 0.958
[2024-01-17 15:12:18] [INFO] |local epoch: 4, acc: 0.457, acc_v: 0.967
[2024-01-17 15:12:18] [INFO]  ---client 7
[2024-01-17 15:12:19] [INFO] |local epoch: 0, acc: 0.439, acc_v: 0.942
[2024-01-17 15:12:19] [INFO] |local epoch: 1, acc: 0.437, acc_v: 0.929
[2024-01-17 15:12:20] [INFO] |local epoch: 2, acc: 0.464, acc_v: 0.942
[2024-01-17 15:12:20] [INFO] |local epoch: 3, acc: 0.464, acc_v: 0.917
[2024-01-17 15:12:20] [INFO] |local epoch: 4, acc: 0.485, acc_v: 0.917
[2024-01-17 15:12:20] [INFO]  ---client 8
[2024-01-17 15:12:21] [INFO] |local epoch: 0, acc: 0.428, acc_v: 0.946
[2024-01-17 15:12:21] [INFO] |local epoch: 1, acc: 0.459, acc_v: 0.958
[2024-01-17 15:12:21] [INFO] |local epoch: 2, acc: 0.459, acc_v: 0.938
[2024-01-17 15:12:22] [INFO] |local epoch: 3, acc: 0.486, acc_v: 0.942
[2024-01-17 15:12:22] [INFO] |local epoch: 4, acc: 0.477, acc_v: 0.954
[2024-01-17 15:12:22] [INFO] |servers comunicated: 0, server aggregated: 4, acc_server 2: 0.489.
[2024-01-17 15:12:22] [INFO] --------------------------------------------------
[2024-01-17 15:12:22] [INFO] |server distill
[2024-01-17 15:12:23] [INFO] |server: 0, acc: 0.551
[2024-01-17 15:12:23] [INFO] |server: 0, acc: 0.630
[2024-01-17 15:12:23] [INFO] |server: 0, acc: 0.671
[2024-01-17 15:12:24] [INFO] |server: 0, acc: 0.688
[2024-01-17 15:12:24] [INFO] |server: 0, acc: 0.677
[2024-01-17 15:12:24] [INFO] |server: 1, acc: 0.413
[2024-01-17 15:12:25] [INFO] |server: 1, acc: 0.494
[2024-01-17 15:12:25] [INFO] |server: 1, acc: 0.571
[2024-01-17 15:12:25] [INFO] |server: 1, acc: 0.631
[2024-01-17 15:12:25] [INFO] |server: 1, acc: 0.671
[2024-01-17 15:12:26] [INFO] |server: 2, acc: 0.571
[2024-01-17 15:12:26] [INFO] |server: 2, acc: 0.654
[2024-01-17 15:12:26] [INFO] |server: 2, acc: 0.709
[2024-01-17 15:12:27] [INFO] |server: 2, acc: 0.699
[2024-01-17 15:12:27] [INFO] |server: 2, acc: 0.726
[2024-01-17 15:12:27] [INFO]      ********  servers comunicates  ********      
[2024-01-17 15:12:27] [INFO] --------------------------------------------------
[2024-01-17 15:12:27] [INFO] |epoch_server_commu: 1/30
[2024-01-17 15:12:27] [INFO]  |epoch_client_commu: 0/5
[2024-01-17 15:12:27] [INFO]   |server: 0
[2024-01-17 15:12:27] [INFO]  ---client 0
[2024-01-17 15:12:27] [INFO] |local epoch: 0, acc: 0.532, acc_v: 0.975
[2024-01-17 15:12:28] [INFO] |local epoch: 1, acc: 0.476, acc_v: 0.975
[2024-01-17 15:12:28] [INFO] |local epoch: 2, acc: 0.523, acc_v: 0.971
[2024-01-17 15:12:28] [INFO] |local epoch: 3, acc: 0.518, acc_v: 0.979
[2024-01-17 15:12:29] [INFO] |local epoch: 4, acc: 0.535, acc_v: 0.971
[2024-01-17 15:12:29] [INFO]  ---client 1
[2024-01-17 15:12:29] [INFO] |local epoch: 0, acc: 0.530, acc_v: 0.975
[2024-01-17 15:12:30] [INFO] |local epoch: 1, acc: 0.494, acc_v: 0.979
[2024-01-17 15:12:30] [INFO] |local epoch: 2, acc: 0.481, acc_v: 0.971
[2024-01-17 15:12:31] [INFO] |local epoch: 3, acc: 0.514, acc_v: 0.979
[2024-01-17 15:12:31] [INFO] |local epoch: 4, acc: 0.513, acc_v: 0.975
[2024-01-17 15:12:31] [INFO]  ---client 2
[2024-01-17 15:12:31] [INFO] |local epoch: 0, acc: 0.527, acc_v: 0.979
[2024-01-17 15:12:32] [INFO] |local epoch: 1, acc: 0.465, acc_v: 0.988
[2024-01-17 15:12:32] [INFO] |local epoch: 2, acc: 0.512, acc_v: 0.983
[2024-01-17 15:12:33] [INFO] |local epoch: 3, acc: 0.506, acc_v: 0.983
[2024-01-17 15:12:33] [INFO] |local epoch: 4, acc: 0.497, acc_v: 0.983
[2024-01-17 15:12:33] [INFO] |servers comunicated: 1, server aggregated: 0, acc_server 0: 0.516.
[2024-01-17 15:12:33] [INFO] --------------------------------------------------
[2024-01-17 15:12:33] [INFO]   |server: 1
[2024-01-17 15:12:33] [INFO]  ---client 3
[2024-01-17 15:12:34] [INFO] |local epoch: 0, acc: 0.410, acc_v: 0.967
[2024-01-17 15:12:34] [INFO] |local epoch: 1, acc: 0.342, acc_v: 0.963
[2024-01-17 15:12:34] [INFO] |local epoch: 2, acc: 0.368, acc_v: 0.958
[2024-01-17 15:12:35] [INFO] |local epoch: 3, acc: 0.360, acc_v: 0.958
[2024-01-17 15:12:35] [INFO] |local epoch: 4, acc: 0.374, acc_v: 0.958
[2024-01-17 15:12:35] [INFO]  ---client 4
[2024-01-17 15:12:36] [INFO] |local epoch: 0, acc: 0.412, acc_v: 0.950
[2024-01-17 15:12:36] [INFO] |local epoch: 1, acc: 0.326, acc_v: 0.954
[2024-01-17 15:12:36] [INFO] |local epoch: 2, acc: 0.372, acc_v: 0.950
[2024-01-17 15:12:37] [INFO] |local epoch: 3, acc: 0.362, acc_v: 0.954
[2024-01-17 15:12:37] [INFO] |local epoch: 4, acc: 0.376, acc_v: 0.950
[2024-01-17 15:12:37] [INFO]  ---client 5
[2024-01-17 15:12:38] [INFO] |local epoch: 0, acc: 0.413, acc_v: 0.950
[2024-01-17 15:12:38] [INFO] |local epoch: 1, acc: 0.329, acc_v: 0.954
[2024-01-17 15:12:38] [INFO] |local epoch: 2, acc: 0.328, acc_v: 0.954
[2024-01-17 15:12:39] [INFO] |local epoch: 3, acc: 0.357, acc_v: 0.954
[2024-01-17 15:12:39] [INFO] |local epoch: 4, acc: 0.353, acc_v: 0.954
[2024-01-17 15:12:39] [INFO] |servers comunicated: 1, server aggregated: 0, acc_server 1: 0.369.
[2024-01-17 15:12:39] [INFO] --------------------------------------------------
[2024-01-17 15:12:39] [INFO]   |server: 2
[2024-01-17 15:12:39] [INFO]  ---client 6
[2024-01-17 15:12:40] [INFO] |local epoch: 0, acc: 0.559, acc_v: 0.950
[2024-01-17 15:12:40] [INFO] |local epoch: 1, acc: 0.482, acc_v: 0.954
[2024-01-17 15:12:41] [INFO] |local epoch: 2, acc: 0.521, acc_v: 0.963
[2024-01-17 15:12:41] [INFO] |local epoch: 3, acc: 0.509, acc_v: 0.954
[2024-01-17 15:12:41] [INFO] |local epoch: 4, acc: 0.527, acc_v: 0.971
[2024-01-17 15:12:41] [INFO]  ---client 7
[2024-01-17 15:12:42] [INFO] |local epoch: 0, acc: 0.558, acc_v: 0.946
[2024-01-17 15:12:42] [INFO] |local epoch: 1, acc: 0.480, acc_v: 0.946
[2024-01-17 15:12:43] [INFO] |local epoch: 2, acc: 0.507, acc_v: 0.946
[2024-01-17 15:12:43] [INFO] |local epoch: 3, acc: 0.517, acc_v: 0.933
[2024-01-17 15:12:43] [INFO] |local epoch: 4, acc: 0.517, acc_v: 0.950
[2024-01-17 15:12:43] [INFO]  ---client 8
[2024-01-17 15:12:44] [INFO] |local epoch: 0, acc: 0.567, acc_v: 0.950
[2024-01-17 15:12:44] [INFO] |local epoch: 1, acc: 0.478, acc_v: 0.954
[2024-01-17 15:12:45] [INFO] |local epoch: 2, acc: 0.513, acc_v: 0.950
[2024-01-17 15:12:45] [INFO] |local epoch: 3, acc: 0.500, acc_v: 0.942
[2024-01-17 15:12:45] [INFO] |local epoch: 4, acc: 0.515, acc_v: 0.946
[2024-01-17 15:12:46] [INFO] |servers comunicated: 1, server aggregated: 0, acc_server 2: 0.522.
[2024-01-17 15:12:46] [INFO] --------------------------------------------------
[2024-01-17 15:12:46] [INFO]  |epoch_client_commu: 1/5
[2024-01-17 15:12:46] [INFO]   |server: 0
[2024-01-17 15:12:46] [INFO]  ---client 0
[2024-01-17 15:12:46] [INFO] |local epoch: 0, acc: 0.518, acc_v: 0.975
[2024-01-17 15:12:46] [INFO] |local epoch: 1, acc: 0.497, acc_v: 0.975
[2024-01-17 15:12:47] [INFO] |local epoch: 2, acc: 0.546, acc_v: 0.975
[2024-01-17 15:12:47] [INFO] |local epoch: 3, acc: 0.521, acc_v: 0.975
[2024-01-17 15:12:48] [INFO] |local epoch: 4, acc: 0.539, acc_v: 0.975
[2024-01-17 15:12:48] [INFO]  ---client 1
[2024-01-17 15:12:48] [INFO] |local epoch: 0, acc: 0.534, acc_v: 0.979
[2024-01-17 15:12:49] [INFO] |local epoch: 1, acc: 0.518, acc_v: 0.979
[2024-01-17 15:12:49] [INFO] |local epoch: 2, acc: 0.533, acc_v: 0.975
[2024-01-17 15:12:49] [INFO] |local epoch: 3, acc: 0.503, acc_v: 0.975
[2024-01-17 15:12:50] [INFO] |local epoch: 4, acc: 0.523, acc_v: 0.975
[2024-01-17 15:12:50] [INFO]  ---client 2
[2024-01-17 15:12:50] [INFO] |local epoch: 0, acc: 0.508, acc_v: 0.983
[2024-01-17 15:12:51] [INFO] |local epoch: 1, acc: 0.513, acc_v: 0.983
[2024-01-17 15:12:51] [INFO] |local epoch: 2, acc: 0.526, acc_v: 0.983
[2024-01-17 15:12:52] [INFO] |local epoch: 3, acc: 0.527, acc_v: 0.988
[2024-01-17 15:12:52] [INFO] |local epoch: 4, acc: 0.526, acc_v: 0.983
[2024-01-17 15:12:52] [INFO] |servers comunicated: 1, server aggregated: 1, acc_server 0: 0.532.
[2024-01-17 15:12:52] [INFO] --------------------------------------------------
[2024-01-17 15:12:52] [INFO]   |server: 1
[2024-01-17 15:12:52] [INFO]  ---client 3
[2024-01-17 15:12:53] [INFO] |local epoch: 0, acc: 0.380, acc_v: 0.967
[2024-01-17 15:12:53] [INFO] |local epoch: 1, acc: 0.378, acc_v: 0.963
[2024-01-17 15:12:53] [INFO] |local epoch: 2, acc: 0.374, acc_v: 0.963
[2024-01-17 15:12:54] [INFO] |local epoch: 3, acc: 0.392, acc_v: 0.963
[2024-01-17 15:12:54] [INFO] |local epoch: 4, acc: 0.388, acc_v: 0.967
[2024-01-17 15:12:54] [INFO]  ---client 4
[2024-01-17 15:12:55] [INFO] |local epoch: 0, acc: 0.362, acc_v: 0.954
[2024-01-17 15:12:55] [INFO] |local epoch: 1, acc: 0.382, acc_v: 0.950
[2024-01-17 15:12:55] [INFO] |local epoch: 2, acc: 0.367, acc_v: 0.954
[2024-01-17 15:12:56] [INFO] |local epoch: 3, acc: 0.381, acc_v: 0.950
[2024-01-17 15:12:56] [INFO] |local epoch: 4, acc: 0.379, acc_v: 0.950
[2024-01-17 15:12:56] [INFO]  ---client 5
[2024-01-17 15:12:57] [INFO] |local epoch: 0, acc: 0.363, acc_v: 0.950
[2024-01-17 15:12:57] [INFO] |local epoch: 1, acc: 0.373, acc_v: 0.954
[2024-01-17 15:12:57] [INFO] |local epoch: 2, acc: 0.366, acc_v: 0.954
[2024-01-17 15:12:58] [INFO] |local epoch: 3, acc: 0.368, acc_v: 0.950
[2024-01-17 15:12:58] [INFO] |local epoch: 4, acc: 0.382, acc_v: 0.954
[2024-01-17 15:12:58] [INFO] |servers comunicated: 1, server aggregated: 1, acc_server 1: 0.384.
[2024-01-17 15:12:58] [INFO] --------------------------------------------------
[2024-01-17 15:12:58] [INFO]   |server: 2
[2024-01-17 15:12:58] [INFO]  ---client 6
[2024-01-17 15:12:59] [INFO] |local epoch: 0, acc: 0.516, acc_v: 0.967
[2024-01-17 15:12:59] [INFO] |local epoch: 1, acc: 0.518, acc_v: 0.958
[2024-01-17 15:13:00] [INFO] |local epoch: 2, acc: 0.511, acc_v: 0.954
[2024-01-17 15:13:00] [INFO] |local epoch: 3, acc: 0.526, acc_v: 0.971
[2024-01-17 15:13:00] [INFO] |local epoch: 4, acc: 0.525, acc_v: 0.954
[2024-01-17 15:13:00] [INFO]  ---client 7
[2024-01-17 15:13:01] [INFO] |local epoch: 0, acc: 0.521, acc_v: 0.942
[2024-01-17 15:13:01] [INFO] |local epoch: 1, acc: 0.509, acc_v: 0.946
[2024-01-17 15:13:02] [INFO] |local epoch: 2, acc: 0.527, acc_v: 0.942
[2024-01-17 15:13:02] [INFO] |local epoch: 3, acc: 0.534, acc_v: 0.942
[2024-01-17 15:13:02] [INFO] |local epoch: 4, acc: 0.524, acc_v: 0.946
[2024-01-17 15:13:02] [INFO]  ---client 8
[2024-01-17 15:13:03] [INFO] |local epoch: 0, acc: 0.528, acc_v: 0.946
[2024-01-17 15:13:03] [INFO] |local epoch: 1, acc: 0.531, acc_v: 0.950
[2024-01-17 15:13:04] [INFO] |local epoch: 2, acc: 0.519, acc_v: 0.942
[2024-01-17 15:13:04] [INFO] |local epoch: 3, acc: 0.528, acc_v: 0.950
[2024-01-17 15:13:04] [INFO] |local epoch: 4, acc: 0.550, acc_v: 0.946
[2024-01-17 15:13:05] [INFO] |servers comunicated: 1, server aggregated: 1, acc_server 2: 0.537.
[2024-01-17 15:13:05] [INFO] --------------------------------------------------
[2024-01-17 15:13:05] [INFO]  |epoch_client_commu: 2/5
[2024-01-17 15:13:05] [INFO]   |server: 0
[2024-01-17 15:13:05] [INFO]  ---client 0
[2024-01-17 15:13:05] [INFO] |local epoch: 0, acc: 0.559, acc_v: 0.975
[2024-01-17 15:13:05] [INFO] |local epoch: 1, acc: 0.534, acc_v: 0.975
[2024-01-17 15:13:06] [INFO] |local epoch: 2, acc: 0.549, acc_v: 0.975
[2024-01-17 15:13:06] [INFO] |local epoch: 3, acc: 0.533, acc_v: 0.979
[2024-01-17 15:13:07] [INFO] |local epoch: 4, acc: 0.547, acc_v: 0.975
[2024-01-17 15:13:07] [INFO]  ---client 1
[2024-01-17 15:13:07] [INFO] |local epoch: 0, acc: 0.534, acc_v: 0.975
[2024-01-17 15:13:07] [INFO] |local epoch: 1, acc: 0.555, acc_v: 0.979
[2024-01-17 15:13:08] [INFO] |local epoch: 2, acc: 0.529, acc_v: 0.975
[2024-01-17 15:13:08] [INFO] |local epoch: 3, acc: 0.548, acc_v: 0.975
[2024-01-17 15:13:09] [INFO] |local epoch: 4, acc: 0.529, acc_v: 0.975
[2024-01-17 15:13:09] [INFO]  ---client 2
[2024-01-17 15:13:09] [INFO] |local epoch: 0, acc: 0.527, acc_v: 0.983
[2024-01-17 15:13:10] [INFO] |local epoch: 1, acc: 0.517, acc_v: 0.983
[2024-01-17 15:13:10] [INFO] |local epoch: 2, acc: 0.536, acc_v: 0.983
[2024-01-17 15:13:10] [INFO] |local epoch: 3, acc: 0.554, acc_v: 0.983
[2024-01-17 15:13:11] [INFO] |local epoch: 4, acc: 0.531, acc_v: 0.988
[2024-01-17 15:13:11] [INFO] |servers comunicated: 1, server aggregated: 2, acc_server 0: 0.539.
[2024-01-17 15:13:11] [INFO] --------------------------------------------------
[2024-01-17 15:13:11] [INFO]   |server: 1
[2024-01-17 15:13:11] [INFO]  ---client 3
[2024-01-17 15:13:11] [INFO] |local epoch: 0, acc: 0.390, acc_v: 0.971
[2024-01-17 15:13:12] [INFO] |local epoch: 1, acc: 0.393, acc_v: 0.954
[2024-01-17 15:13:12] [INFO] |local epoch: 2, acc: 0.398, acc_v: 0.954
[2024-01-17 15:13:13] [INFO] |local epoch: 3, acc: 0.409, acc_v: 0.967
[2024-01-17 15:13:13] [INFO] |local epoch: 4, acc: 0.416, acc_v: 0.967
[2024-01-17 15:13:13] [INFO]  ---client 4
[2024-01-17 15:13:13] [INFO] |local epoch: 0, acc: 0.384, acc_v: 0.946
[2024-01-17 15:13:14] [INFO] |local epoch: 1, acc: 0.393, acc_v: 0.950
[2024-01-17 15:13:14] [INFO] |local epoch: 2, acc: 0.392, acc_v: 0.950
[2024-01-17 15:13:15] [INFO] |local epoch: 3, acc: 0.394, acc_v: 0.950
[2024-01-17 15:13:15] [INFO] |local epoch: 4, acc: 0.403, acc_v: 0.958
[2024-01-17 15:13:15] [INFO]  ---client 5
[2024-01-17 15:13:15] [INFO] |local epoch: 0, acc: 0.377, acc_v: 0.954
[2024-01-17 15:13:16] [INFO] |local epoch: 1, acc: 0.384, acc_v: 0.950
[2024-01-17 15:13:16] [INFO] |local epoch: 2, acc: 0.374, acc_v: 0.958
[2024-01-17 15:13:17] [INFO] |local epoch: 3, acc: 0.380, acc_v: 0.950
[2024-01-17 15:13:17] [INFO] |local epoch: 4, acc: 0.383, acc_v: 0.958
[2024-01-17 15:13:17] [INFO] |servers comunicated: 1, server aggregated: 2, acc_server 1: 0.402.
[2024-01-17 15:13:17] [INFO] --------------------------------------------------
[2024-01-17 15:13:17] [INFO]   |server: 2
[2024-01-17 15:13:17] [INFO]  ---client 6
[2024-01-17 15:13:18] [INFO] |local epoch: 0, acc: 0.533, acc_v: 0.967
[2024-01-17 15:13:18] [INFO] |local epoch: 1, acc: 0.539, acc_v: 0.971
[2024-01-17 15:13:18] [INFO] |local epoch: 2, acc: 0.533, acc_v: 0.963
[2024-01-17 15:13:19] [INFO] |local epoch: 3, acc: 0.540, acc_v: 0.963
[2024-01-17 15:13:19] [INFO] |local epoch: 4, acc: 0.538, acc_v: 0.967
[2024-01-17 15:13:19] [INFO]  ---client 7
[2024-01-17 15:13:20] [INFO] |local epoch: 0, acc: 0.535, acc_v: 0.933
[2024-01-17 15:13:20] [INFO] |local epoch: 1, acc: 0.538, acc_v: 0.946
[2024-01-17 15:13:20] [INFO] |local epoch: 2, acc: 0.538, acc_v: 0.946
[2024-01-17 15:13:21] [INFO] |local epoch: 3, acc: 0.550, acc_v: 0.942
[2024-01-17 15:13:21] [INFO] |local epoch: 4, acc: 0.550, acc_v: 0.942
[2024-01-17 15:13:21] [INFO]  ---client 8
[2024-01-17 15:13:22] [INFO] |local epoch: 0, acc: 0.528, acc_v: 0.942
[2024-01-17 15:13:22] [INFO] |local epoch: 1, acc: 0.546, acc_v: 0.950
[2024-01-17 15:13:23] [INFO] |local epoch: 2, acc: 0.537, acc_v: 0.946
[2024-01-17 15:13:23] [INFO] |local epoch: 3, acc: 0.545, acc_v: 0.933
[2024-01-17 15:13:23] [INFO] |local epoch: 4, acc: 0.544, acc_v: 0.946
[2024-01-17 15:13:24] [INFO] |servers comunicated: 1, server aggregated: 2, acc_server 2: 0.547.
[2024-01-17 15:13:24] [INFO] --------------------------------------------------
[2024-01-17 15:13:24] [INFO]  |epoch_client_commu: 3/5
[2024-01-17 15:13:24] [INFO]   |server: 0
[2024-01-17 15:13:24] [INFO]  ---client 0
[2024-01-17 15:13:24] [INFO] |local epoch: 0, acc: 0.536, acc_v: 0.979
[2024-01-17 15:13:24] [INFO] |local epoch: 1, acc: 0.579, acc_v: 0.971
[2024-01-17 15:13:25] [INFO] |local epoch: 2, acc: 0.551, acc_v: 0.979
[2024-01-17 15:13:25] [INFO] |local epoch: 3, acc: 0.569, acc_v: 0.979
[2024-01-17 15:13:26] [INFO] |local epoch: 4, acc: 0.546, acc_v: 0.979
[2024-01-17 15:13:26] [INFO]  ---client 1
[2024-01-17 15:13:26] [INFO] |local epoch: 0, acc: 0.557, acc_v: 0.975
[2024-01-17 15:13:26] [INFO] |local epoch: 1, acc: 0.567, acc_v: 0.975
[2024-01-17 15:13:27] [INFO] |local epoch: 2, acc: 0.549, acc_v: 0.975
[2024-01-17 15:13:27] [INFO] |local epoch: 3, acc: 0.555, acc_v: 0.979
[2024-01-17 15:13:28] [INFO] |local epoch: 4, acc: 0.556, acc_v: 0.975
[2024-01-17 15:13:28] [INFO]  ---client 2
[2024-01-17 15:13:28] [INFO] |local epoch: 0, acc: 0.531, acc_v: 0.983
[2024-01-17 15:13:28] [INFO] |local epoch: 1, acc: 0.567, acc_v: 0.983
[2024-01-17 15:13:29] [INFO] |local epoch: 2, acc: 0.559, acc_v: 0.988
[2024-01-17 15:13:29] [INFO] |local epoch: 3, acc: 0.537, acc_v: 0.988
[2024-01-17 15:13:30] [INFO] |local epoch: 4, acc: 0.546, acc_v: 0.988
[2024-01-17 15:13:30] [INFO] |servers comunicated: 1, server aggregated: 3, acc_server 0: 0.552.
[2024-01-17 15:13:30] [INFO] --------------------------------------------------
[2024-01-17 15:13:30] [INFO]   |server: 1
[2024-01-17 15:13:30] [INFO]  ---client 3
[2024-01-17 15:13:30] [INFO] |local epoch: 0, acc: 0.404, acc_v: 0.971
[2024-01-17 15:13:31] [INFO] |local epoch: 1, acc: 0.402, acc_v: 0.967
[2024-01-17 15:13:31] [INFO] |local epoch: 2, acc: 0.415, acc_v: 0.963
[2024-01-17 15:13:32] [INFO] |local epoch: 3, acc: 0.419, acc_v: 0.975
[2024-01-17 15:13:32] [INFO] |local epoch: 4, acc: 0.426, acc_v: 0.971
[2024-01-17 15:13:32] [INFO]  ---client 4
[2024-01-17 15:13:32] [INFO] |local epoch: 0, acc: 0.398, acc_v: 0.958
[2024-01-17 15:13:33] [INFO] |local epoch: 1, acc: 0.407, acc_v: 0.950
[2024-01-17 15:13:33] [INFO] |local epoch: 2, acc: 0.406, acc_v: 0.954
[2024-01-17 15:13:34] [INFO] |local epoch: 3, acc: 0.408, acc_v: 0.950
[2024-01-17 15:13:34] [INFO] |local epoch: 4, acc: 0.409, acc_v: 0.954
[2024-01-17 15:13:34] [INFO]  ---client 5
[2024-01-17 15:13:34] [INFO] |local epoch: 0, acc: 0.389, acc_v: 0.950
[2024-01-17 15:13:35] [INFO] |local epoch: 1, acc: 0.403, acc_v: 0.954
[2024-01-17 15:13:35] [INFO] |local epoch: 2, acc: 0.390, acc_v: 0.958
[2024-01-17 15:13:36] [INFO] |local epoch: 3, acc: 0.389, acc_v: 0.954
[2024-01-17 15:13:36] [INFO] |local epoch: 4, acc: 0.404, acc_v: 0.958
[2024-01-17 15:13:36] [INFO] |servers comunicated: 1, server aggregated: 3, acc_server 1: 0.416.
[2024-01-17 15:13:36] [INFO] --------------------------------------------------
[2024-01-17 15:13:36] [INFO]   |server: 2
[2024-01-17 15:13:36] [INFO]  ---client 6
[2024-01-17 15:13:37] [INFO] |local epoch: 0, acc: 0.549, acc_v: 0.963
[2024-01-17 15:13:37] [INFO] |local epoch: 1, acc: 0.536, acc_v: 0.963
[2024-01-17 15:13:37] [INFO] |local epoch: 2, acc: 0.558, acc_v: 0.967
[2024-01-17 15:13:38] [INFO] |local epoch: 3, acc: 0.576, acc_v: 0.963
[2024-01-17 15:13:38] [INFO] |local epoch: 4, acc: 0.557, acc_v: 0.971
[2024-01-17 15:13:38] [INFO]  ---client 7
[2024-01-17 15:13:39] [INFO] |local epoch: 0, acc: 0.545, acc_v: 0.938
[2024-01-17 15:13:39] [INFO] |local epoch: 1, acc: 0.568, acc_v: 0.929
[2024-01-17 15:13:39] [INFO] |local epoch: 2, acc: 0.559, acc_v: 0.938
[2024-01-17 15:13:40] [INFO] |local epoch: 3, acc: 0.563, acc_v: 0.954
[2024-01-17 15:13:40] [INFO] |local epoch: 4, acc: 0.560, acc_v: 0.946
[2024-01-17 15:13:40] [INFO]  ---client 8
[2024-01-17 15:13:41] [INFO] |local epoch: 0, acc: 0.545, acc_v: 0.942
[2024-01-17 15:13:41] [INFO] |local epoch: 1, acc: 0.558, acc_v: 0.946
[2024-01-17 15:13:41] [INFO] |local epoch: 2, acc: 0.542, acc_v: 0.946
[2024-01-17 15:13:42] [INFO] |local epoch: 3, acc: 0.551, acc_v: 0.950
[2024-01-17 15:13:42] [INFO] |local epoch: 4, acc: 0.574, acc_v: 0.942
[2024-01-17 15:13:42] [INFO] |servers comunicated: 1, server aggregated: 3, acc_server 2: 0.567.
[2024-01-17 15:13:42] [INFO] --------------------------------------------------
[2024-01-17 15:13:42] [INFO]  |epoch_client_commu: 4/5
[2024-01-17 15:13:42] [INFO]   |server: 0
[2024-01-17 15:13:42] [INFO]  ---client 0
[2024-01-17 15:13:43] [INFO] |local epoch: 0, acc: 0.567, acc_v: 0.979
[2024-01-17 15:13:43] [INFO] |local epoch: 1, acc: 0.559, acc_v: 0.975
[2024-01-17 15:13:44] [INFO] |local epoch: 2, acc: 0.587, acc_v: 0.975
[2024-01-17 15:13:44] [INFO] |local epoch: 3, acc: 0.582, acc_v: 0.971
[2024-01-17 15:13:44] [INFO] |local epoch: 4, acc: 0.570, acc_v: 0.979
[2024-01-17 15:13:44] [INFO]  ---client 1
[2024-01-17 15:13:45] [INFO] |local epoch: 0, acc: 0.566, acc_v: 0.979
[2024-01-17 15:13:45] [INFO] |local epoch: 1, acc: 0.581, acc_v: 0.979
[2024-01-17 15:13:46] [INFO] |local epoch: 2, acc: 0.568, acc_v: 0.979
[2024-01-17 15:13:46] [INFO] |local epoch: 3, acc: 0.568, acc_v: 0.975
[2024-01-17 15:13:46] [INFO] |local epoch: 4, acc: 0.575, acc_v: 0.979
[2024-01-17 15:13:46] [INFO]  ---client 2
[2024-01-17 15:13:47] [INFO] |local epoch: 0, acc: 0.573, acc_v: 0.988
[2024-01-17 15:13:47] [INFO] |local epoch: 1, acc: 0.539, acc_v: 0.988
[2024-01-17 15:13:48] [INFO] |local epoch: 2, acc: 0.574, acc_v: 0.988
[2024-01-17 15:13:48] [INFO] |local epoch: 3, acc: 0.553, acc_v: 0.988
[2024-01-17 15:13:48] [INFO] |local epoch: 4, acc: 0.574, acc_v: 0.988
[2024-01-17 15:13:49] [INFO] |servers comunicated: 1, server aggregated: 4, acc_server 0: 0.575.
[2024-01-17 15:13:49] [INFO] --------------------------------------------------
[2024-01-17 15:13:49] [INFO]   |server: 1
[2024-01-17 15:13:49] [INFO]  ---client 3
[2024-01-17 15:13:49] [INFO] |local epoch: 0, acc: 0.422, acc_v: 0.967
[2024-01-17 15:13:49] [INFO] |local epoch: 1, acc: 0.422, acc_v: 0.963
[2024-01-17 15:13:50] [INFO] |local epoch: 2, acc: 0.420, acc_v: 0.967
[2024-01-17 15:13:50] [INFO] |local epoch: 3, acc: 0.437, acc_v: 0.963
[2024-01-17 15:13:51] [INFO] |local epoch: 4, acc: 0.430, acc_v: 0.958
[2024-01-17 15:13:51] [INFO]  ---client 4
[2024-01-17 15:13:51] [INFO] |local epoch: 0, acc: 0.396, acc_v: 0.958
[2024-01-17 15:13:51] [INFO] |local epoch: 1, acc: 0.440, acc_v: 0.958
[2024-01-17 15:13:52] [INFO] |local epoch: 2, acc: 0.419, acc_v: 0.950
[2024-01-17 15:13:52] [INFO] |local epoch: 3, acc: 0.439, acc_v: 0.954
[2024-01-17 15:13:53] [INFO] |local epoch: 4, acc: 0.420, acc_v: 0.954
[2024-01-17 15:13:53] [INFO]  ---client 5
[2024-01-17 15:13:53] [INFO] |local epoch: 0, acc: 0.403, acc_v: 0.954
[2024-01-17 15:13:53] [INFO] |local epoch: 1, acc: 0.400, acc_v: 0.958
[2024-01-17 15:13:54] [INFO] |local epoch: 2, acc: 0.416, acc_v: 0.954
[2024-01-17 15:13:54] [INFO] |local epoch: 3, acc: 0.413, acc_v: 0.954
[2024-01-17 15:13:55] [INFO] |local epoch: 4, acc: 0.414, acc_v: 0.958
[2024-01-17 15:13:55] [INFO] |servers comunicated: 1, server aggregated: 4, acc_server 1: 0.424.
[2024-01-17 15:13:55] [INFO] --------------------------------------------------
[2024-01-17 15:13:55] [INFO]   |server: 2
[2024-01-17 15:13:55] [INFO]  ---client 6
[2024-01-17 15:13:55] [INFO] |local epoch: 0, acc: 0.564, acc_v: 0.958
[2024-01-17 15:13:56] [INFO] |local epoch: 1, acc: 0.567, acc_v: 0.967
[2024-01-17 15:13:56] [INFO] |local epoch: 2, acc: 0.566, acc_v: 0.958
[2024-01-17 15:13:57] [INFO] |local epoch: 3, acc: 0.575, acc_v: 0.963
[2024-01-17 15:13:57] [INFO] |local epoch: 4, acc: 0.561, acc_v: 0.967
[2024-01-17 15:13:57] [INFO]  ---client 7
[2024-01-17 15:13:57] [INFO] |local epoch: 0, acc: 0.554, acc_v: 0.950
[2024-01-17 15:13:58] [INFO] |local epoch: 1, acc: 0.572, acc_v: 0.950
[2024-01-17 15:13:58] [INFO] |local epoch: 2, acc: 0.577, acc_v: 0.938
[2024-01-17 15:13:59] [INFO] |local epoch: 3, acc: 0.572, acc_v: 0.946
[2024-01-17 15:13:59] [INFO] |local epoch: 4, acc: 0.567, acc_v: 0.946
[2024-01-17 15:13:59] [INFO]  ---client 8
[2024-01-17 15:13:59] [INFO] |local epoch: 0, acc: 0.553, acc_v: 0.946
[2024-01-17 15:14:00] [INFO] |local epoch: 1, acc: 0.569, acc_v: 0.946
[2024-01-17 15:14:00] [INFO] |local epoch: 2, acc: 0.564, acc_v: 0.946
[2024-01-17 15:14:01] [INFO] |local epoch: 3, acc: 0.595, acc_v: 0.942
[2024-01-17 15:14:01] [INFO] |local epoch: 4, acc: 0.572, acc_v: 0.942
[2024-01-17 15:14:01] [INFO] |servers comunicated: 1, server aggregated: 4, acc_server 2: 0.572.
[2024-01-17 15:14:01] [INFO] --------------------------------------------------
[2024-01-17 15:14:01] [INFO] |server distill
[2024-01-17 15:14:02] [INFO] |server: 0, acc: 0.618
[2024-01-17 15:14:02] [INFO] |server: 0, acc: 0.657
[2024-01-17 15:14:02] [INFO] |server: 0, acc: 0.683
[2024-01-17 15:14:02] [INFO] |server: 0, acc: 0.703
[2024-01-17 15:14:03] [INFO] |server: 0, acc: 0.715
[2024-01-17 15:14:03] [INFO] |server: 1, acc: 0.465
[2024-01-17 15:14:03] [INFO] |server: 1, acc: 0.504
[2024-01-17 15:14:04] [INFO] |server: 1, acc: 0.546
[2024-01-17 15:14:04] [INFO] |server: 1, acc: 0.589
[2024-01-17 15:14:04] [INFO] |server: 1, acc: 0.628
[2024-01-17 15:14:04] [INFO] |server: 2, acc: 0.613
[2024-01-17 15:14:05] [INFO] |server: 2, acc: 0.652
[2024-01-17 15:14:05] [INFO] |server: 2, acc: 0.688
[2024-01-17 15:14:05] [INFO] |server: 2, acc: 0.719
[2024-01-17 15:14:06] [INFO] |server: 2, acc: 0.738
[2024-01-17 15:14:06] [INFO]      ********  servers comunicates  ********      
[2024-01-17 15:14:06] [INFO] --------------------------------------------------
[2024-01-17 15:14:06] [INFO] |epoch_server_commu: 2/30
[2024-01-17 15:14:06] [INFO]  |epoch_client_commu: 0/5
[2024-01-17 15:14:06] [INFO]   |server: 0
[2024-01-17 15:14:06] [INFO]  ---client 0
[2024-01-17 15:14:06] [INFO] |local epoch: 0, acc: 0.626, acc_v: 0.975
[2024-01-17 15:14:06] [INFO] |local epoch: 1, acc: 0.601, acc_v: 0.975
[2024-01-17 15:14:07] [INFO] |local epoch: 2, acc: 0.593, acc_v: 0.979
[2024-01-17 15:14:07] [INFO] |local epoch: 3, acc: 0.580, acc_v: 0.979
[2024-01-17 15:14:08] [INFO] |local epoch: 4, acc: 0.584, acc_v: 0.979
[2024-01-17 15:14:08] [INFO]  ---client 1
[2024-01-17 15:14:08] [INFO] |local epoch: 0, acc: 0.623, acc_v: 0.975
[2024-01-17 15:14:08] [INFO] |local epoch: 1, acc: 0.588, acc_v: 0.975
[2024-01-17 15:14:09] [INFO] |local epoch: 2, acc: 0.572, acc_v: 0.975
[2024-01-17 15:14:09] [INFO] |local epoch: 3, acc: 0.590, acc_v: 0.975
[2024-01-17 15:14:10] [INFO] |local epoch: 4, acc: 0.584, acc_v: 0.975
[2024-01-17 15:14:10] [INFO]  ---client 2
[2024-01-17 15:14:10] [INFO] |local epoch: 0, acc: 0.620, acc_v: 0.983
[2024-01-17 15:14:10] [INFO] |local epoch: 1, acc: 0.589, acc_v: 0.988
[2024-01-17 15:14:11] [INFO] |local epoch: 2, acc: 0.587, acc_v: 0.988
[2024-01-17 15:14:11] [INFO] |local epoch: 3, acc: 0.582, acc_v: 0.988
[2024-01-17 15:14:12] [INFO] |local epoch: 4, acc: 0.592, acc_v: 0.988
[2024-01-17 15:14:12] [INFO] |servers comunicated: 2, server aggregated: 0, acc_server 0: 0.589.
[2024-01-17 15:14:12] [INFO] --------------------------------------------------
[2024-01-17 15:14:12] [INFO]   |server: 1
[2024-01-17 15:14:12] [INFO]  ---client 3
[2024-01-17 15:14:12] [INFO] |local epoch: 0, acc: 0.472, acc_v: 0.967
[2024-01-17 15:14:13] [INFO] |local epoch: 1, acc: 0.425, acc_v: 0.967
[2024-01-17 15:14:13] [INFO] |local epoch: 2, acc: 0.447, acc_v: 0.967
[2024-01-17 15:14:13] [INFO] |local epoch: 3, acc: 0.439, acc_v: 0.967
[2024-01-17 15:14:14] [INFO] |local epoch: 4, acc: 0.444, acc_v: 0.954
[2024-01-17 15:14:14] [INFO]  ---client 4
[2024-01-17 15:14:14] [INFO] |local epoch: 0, acc: 0.468, acc_v: 0.954
[2024-01-17 15:14:15] [INFO] |local epoch: 1, acc: 0.418, acc_v: 0.958
[2024-01-17 15:14:15] [INFO] |local epoch: 2, acc: 0.437, acc_v: 0.950
[2024-01-17 15:14:15] [INFO] |local epoch: 3, acc: 0.438, acc_v: 0.958
[2024-01-17 15:14:16] [INFO] |local epoch: 4, acc: 0.433, acc_v: 0.954
[2024-01-17 15:14:16] [INFO]  ---client 5
[2024-01-17 15:14:16] [INFO] |local epoch: 0, acc: 0.472, acc_v: 0.954
[2024-01-17 15:14:17] [INFO] |local epoch: 1, acc: 0.412, acc_v: 0.958
[2024-01-17 15:14:17] [INFO] |local epoch: 2, acc: 0.425, acc_v: 0.958
[2024-01-17 15:14:17] [INFO] |local epoch: 3, acc: 0.426, acc_v: 0.958
[2024-01-17 15:14:18] [INFO] |local epoch: 4, acc: 0.426, acc_v: 0.958
[2024-01-17 15:14:18] [INFO] |servers comunicated: 2, server aggregated: 0, acc_server 1: 0.435.
[2024-01-17 15:14:18] [INFO] --------------------------------------------------
[2024-01-17 15:14:18] [INFO]   |server: 2
[2024-01-17 15:14:18] [INFO]  ---client 6
[2024-01-17 15:14:18] [INFO] |local epoch: 0, acc: 0.631, acc_v: 0.958
[2024-01-17 15:14:19] [INFO] |local epoch: 1, acc: 0.591, acc_v: 0.967
[2024-01-17 15:14:19] [INFO] |local epoch: 2, acc: 0.584, acc_v: 0.967
[2024-01-17 15:14:20] [INFO] |local epoch: 3, acc: 0.586, acc_v: 0.963
[2024-01-17 15:14:20] [INFO] |local epoch: 4, acc: 0.589, acc_v: 0.963
[2024-01-17 15:14:20] [INFO]  ---client 7
[2024-01-17 15:14:20] [INFO] |local epoch: 0, acc: 0.646, acc_v: 0.942
[2024-01-17 15:14:21] [INFO] |local epoch: 1, acc: 0.602, acc_v: 0.946
[2024-01-17 15:14:21] [INFO] |local epoch: 2, acc: 0.603, acc_v: 0.946
[2024-01-17 15:14:22] [INFO] |local epoch: 3, acc: 0.602, acc_v: 0.946
[2024-01-17 15:14:22] [INFO] |local epoch: 4, acc: 0.595, acc_v: 0.946
[2024-01-17 15:14:22] [INFO]  ---client 8
[2024-01-17 15:14:23] [INFO] |local epoch: 0, acc: 0.640, acc_v: 0.942
[2024-01-17 15:14:23] [INFO] |local epoch: 1, acc: 0.577, acc_v: 0.942
[2024-01-17 15:14:23] [INFO] |local epoch: 2, acc: 0.582, acc_v: 0.946
[2024-01-17 15:14:24] [INFO] |local epoch: 3, acc: 0.583, acc_v: 0.942
[2024-01-17 15:14:24] [INFO] |local epoch: 4, acc: 0.593, acc_v: 0.942
[2024-01-17 15:14:24] [INFO] |servers comunicated: 2, server aggregated: 0, acc_server 2: 0.594.
[2024-01-17 15:14:24] [INFO] --------------------------------------------------
[2024-01-17 15:14:24] [INFO]  |epoch_client_commu: 1/5
[2024-01-17 15:14:24] [INFO]   |server: 0
[2024-01-17 15:14:24] [INFO]  ---client 0
[2024-01-17 15:14:25] [INFO] |local epoch: 0, acc: 0.585, acc_v: 0.975
[2024-01-17 15:14:25] [INFO] |local epoch: 1, acc: 0.583, acc_v: 0.979
[2024-01-17 15:14:26] [INFO] |local epoch: 2, acc: 0.604, acc_v: 0.975
[2024-01-17 15:14:26] [INFO] |local epoch: 3, acc: 0.591, acc_v: 0.975
[2024-01-17 15:14:26] [INFO] |local epoch: 4, acc: 0.582, acc_v: 0.975
[2024-01-17 15:14:26] [INFO]  ---client 1
[2024-01-17 15:14:27] [INFO] |local epoch: 0, acc: 0.586, acc_v: 0.975
[2024-01-17 15:14:27] [INFO] |local epoch: 1, acc: 0.580, acc_v: 0.975
[2024-01-17 15:14:28] [INFO] |local epoch: 2, acc: 0.582, acc_v: 0.975
[2024-01-17 15:14:28] [INFO] |local epoch: 3, acc: 0.585, acc_v: 0.975
[2024-01-17 15:14:28] [INFO] |local epoch: 4, acc: 0.576, acc_v: 0.975
[2024-01-17 15:14:28] [INFO]  ---client 2
[2024-01-17 15:14:29] [INFO] |local epoch: 0, acc: 0.570, acc_v: 0.983
[2024-01-17 15:14:29] [INFO] |local epoch: 1, acc: 0.570, acc_v: 0.988
[2024-01-17 15:14:30] [INFO] |local epoch: 2, acc: 0.589, acc_v: 0.983
[2024-01-17 15:14:30] [INFO] |local epoch: 3, acc: 0.584, acc_v: 0.983
[2024-01-17 15:14:30] [INFO] |local epoch: 4, acc: 0.605, acc_v: 0.988
[2024-01-17 15:14:31] [INFO] |servers comunicated: 2, server aggregated: 1, acc_server 0: 0.590.
[2024-01-17 15:14:31] [INFO] --------------------------------------------------
[2024-01-17 15:14:31] [INFO]   |server: 1
[2024-01-17 15:14:31] [INFO]  ---client 3
[2024-01-17 15:14:31] [INFO] |local epoch: 0, acc: 0.436, acc_v: 0.954
[2024-01-17 15:14:31] [INFO] |local epoch: 1, acc: 0.436, acc_v: 0.971
[2024-01-17 15:14:32] [INFO] |local epoch: 2, acc: 0.445, acc_v: 0.971
[2024-01-17 15:14:32] [INFO] |local epoch: 3, acc: 0.448, acc_v: 0.967
[2024-01-17 15:14:33] [INFO] |local epoch: 4, acc: 0.452, acc_v: 0.971
[2024-01-17 15:14:33] [INFO]  ---client 4
[2024-01-17 15:14:33] [INFO] |local epoch: 0, acc: 0.432, acc_v: 0.954
[2024-01-17 15:14:33] [INFO] |local epoch: 1, acc: 0.435, acc_v: 0.950
[2024-01-17 15:14:34] [INFO] |local epoch: 2, acc: 0.429, acc_v: 0.958
[2024-01-17 15:14:34] [INFO] |local epoch: 3, acc: 0.443, acc_v: 0.950
[2024-01-17 15:14:35] [INFO] |local epoch: 4, acc: 0.441, acc_v: 0.954
[2024-01-17 15:14:35] [INFO]  ---client 5
[2024-01-17 15:14:35] [INFO] |local epoch: 0, acc: 0.421, acc_v: 0.958
[2024-01-17 15:14:35] [INFO] |local epoch: 1, acc: 0.429, acc_v: 0.950
[2024-01-17 15:14:36] [INFO] |local epoch: 2, acc: 0.442, acc_v: 0.954
[2024-01-17 15:14:36] [INFO] |local epoch: 3, acc: 0.429, acc_v: 0.958
[2024-01-17 15:14:37] [INFO] |local epoch: 4, acc: 0.432, acc_v: 0.954
[2024-01-17 15:14:37] [INFO] |servers comunicated: 2, server aggregated: 1, acc_server 1: 0.444.
[2024-01-17 15:14:37] [INFO] --------------------------------------------------
[2024-01-17 15:14:37] [INFO]   |server: 2
[2024-01-17 15:14:37] [INFO]  ---client 6
[2024-01-17 15:14:37] [INFO] |local epoch: 0, acc: 0.569, acc_v: 0.958
[2024-01-17 15:14:38] [INFO] |local epoch: 1, acc: 0.586, acc_v: 0.954
[2024-01-17 15:14:38] [INFO] |local epoch: 2, acc: 0.575, acc_v: 0.967
[2024-01-17 15:14:39] [INFO] |local epoch: 3, acc: 0.598, acc_v: 0.963
[2024-01-17 15:14:39] [INFO] |local epoch: 4, acc: 0.588, acc_v: 0.963
[2024-01-17 15:14:39] [INFO]  ---client 7
[2024-01-17 15:14:39] [INFO] |local epoch: 0, acc: 0.600, acc_v: 0.946
[2024-01-17 15:14:40] [INFO] |local epoch: 1, acc: 0.598, acc_v: 0.946
[2024-01-17 15:14:40] [INFO] |local epoch: 2, acc: 0.595, acc_v: 0.946
[2024-01-17 15:14:41] [INFO] |local epoch: 3, acc: 0.592, acc_v: 0.950
[2024-01-17 15:14:41] [INFO] |local epoch: 4, acc: 0.597, acc_v: 0.950
[2024-01-17 15:14:41] [INFO]  ---client 8
[2024-01-17 15:14:41] [INFO] |local epoch: 0, acc: 0.584, acc_v: 0.950
[2024-01-17 15:14:42] [INFO] |local epoch: 1, acc: 0.583, acc_v: 0.946
[2024-01-17 15:14:42] [INFO] |local epoch: 2, acc: 0.596, acc_v: 0.950
[2024-01-17 15:14:43] [INFO] |local epoch: 3, acc: 0.580, acc_v: 0.946
[2024-01-17 15:14:43] [INFO] |local epoch: 4, acc: 0.582, acc_v: 0.942
[2024-01-17 15:14:43] [INFO] |servers comunicated: 2, server aggregated: 1, acc_server 2: 0.593.
[2024-01-17 15:14:43] [INFO] --------------------------------------------------
[2024-01-17 15:14:43] [INFO]  |epoch_client_commu: 2/5
[2024-01-17 15:14:43] [INFO]   |server: 0
[2024-01-17 15:14:43] [INFO]  ---client 0
[2024-01-17 15:14:44] [INFO] |local epoch: 0, acc: 0.591, acc_v: 0.975
[2024-01-17 15:14:44] [INFO] |local epoch: 1, acc: 0.593, acc_v: 0.975
[2024-01-17 15:14:45] [INFO] |local epoch: 2, acc: 0.588, acc_v: 0.975
[2024-01-17 15:14:45] [INFO] |local epoch: 3, acc: 0.591, acc_v: 0.975
[2024-01-17 15:14:45] [INFO] |local epoch: 4, acc: 0.582, acc_v: 0.975
[2024-01-17 15:14:45] [INFO]  ---client 1
[2024-01-17 15:14:46] [INFO] |local epoch: 0, acc: 0.590, acc_v: 0.975
[2024-01-17 15:14:46] [INFO] |local epoch: 1, acc: 0.593, acc_v: 0.975
[2024-01-17 15:14:47] [INFO] |local epoch: 2, acc: 0.586, acc_v: 0.975
[2024-01-17 15:14:47] [INFO] |local epoch: 3, acc: 0.575, acc_v: 0.975
[2024-01-17 15:14:47] [INFO] |local epoch: 4, acc: 0.587, acc_v: 0.975
[2024-01-17 15:14:47] [INFO]  ---client 2
[2024-01-17 15:14:48] [INFO] |local epoch: 0, acc: 0.583, acc_v: 0.992
[2024-01-17 15:14:48] [INFO] |local epoch: 1, acc: 0.596, acc_v: 0.988
[2024-01-17 15:14:49] [INFO] |local epoch: 2, acc: 0.569, acc_v: 0.992
[2024-01-17 15:14:49] [INFO] |local epoch: 3, acc: 0.595, acc_v: 0.988
[2024-01-17 15:14:49] [INFO] |local epoch: 4, acc: 0.595, acc_v: 0.988
[2024-01-17 15:14:50] [INFO] |servers comunicated: 2, server aggregated: 2, acc_server 0: 0.590.
[2024-01-17 15:14:50] [INFO] --------------------------------------------------
[2024-01-17 15:14:50] [INFO]   |server: 1
[2024-01-17 15:14:50] [INFO]  ---client 3
[2024-01-17 15:14:50] [INFO] |local epoch: 0, acc: 0.453, acc_v: 0.971
[2024-01-17 15:14:50] [INFO] |local epoch: 1, acc: 0.457, acc_v: 0.963
[2024-01-17 15:14:51] [INFO] |local epoch: 2, acc: 0.451, acc_v: 0.975
[2024-01-17 15:14:51] [INFO] |local epoch: 3, acc: 0.462, acc_v: 0.971
[2024-01-17 15:14:52] [INFO] |local epoch: 4, acc: 0.450, acc_v: 0.967
[2024-01-17 15:14:52] [INFO]  ---client 4
[2024-01-17 15:14:52] [INFO] |local epoch: 0, acc: 0.441, acc_v: 0.954
[2024-01-17 15:14:52] [INFO] |local epoch: 1, acc: 0.441, acc_v: 0.954
[2024-01-17 15:14:53] [INFO] |local epoch: 2, acc: 0.445, acc_v: 0.954
[2024-01-17 15:14:53] [INFO] |local epoch: 3, acc: 0.448, acc_v: 0.954
[2024-01-17 15:14:54] [INFO] |local epoch: 4, acc: 0.445, acc_v: 0.954
[2024-01-17 15:14:54] [INFO]  ---client 5
[2024-01-17 15:14:54] [INFO] |local epoch: 0, acc: 0.438, acc_v: 0.958
[2024-01-17 15:14:54] [INFO] |local epoch: 1, acc: 0.434, acc_v: 0.958
[2024-01-17 15:14:55] [INFO] |local epoch: 2, acc: 0.439, acc_v: 0.954
[2024-01-17 15:14:55] [INFO] |local epoch: 3, acc: 0.430, acc_v: 0.958
[2024-01-17 15:14:56] [INFO] |local epoch: 4, acc: 0.436, acc_v: 0.958
[2024-01-17 15:14:56] [INFO] |servers comunicated: 2, server aggregated: 2, acc_server 1: 0.445.
[2024-01-17 15:14:56] [INFO] --------------------------------------------------
[2024-01-17 15:14:56] [INFO]   |server: 2
[2024-01-17 15:14:56] [INFO]  ---client 6
[2024-01-17 15:14:56] [INFO] |local epoch: 0, acc: 0.595, acc_v: 0.963
[2024-01-17 15:14:57] [INFO] |local epoch: 1, acc: 0.589, acc_v: 0.963
[2024-01-17 15:14:57] [INFO] |local epoch: 2, acc: 0.587, acc_v: 0.963
[2024-01-17 15:14:57] [INFO] |local epoch: 3, acc: 0.590, acc_v: 0.963
[2024-01-17 15:14:58] [INFO] |local epoch: 4, acc: 0.603, acc_v: 0.958
[2024-01-17 15:14:58] [INFO]  ---client 7
[2024-01-17 15:14:58] [INFO] |local epoch: 0, acc: 0.605, acc_v: 0.950
[2024-01-17 15:14:59] [INFO] |local epoch: 1, acc: 0.589, acc_v: 0.946
[2024-01-17 15:14:59] [INFO] |local epoch: 2, acc: 0.611, acc_v: 0.950
[2024-01-17 15:14:59] [INFO] |local epoch: 3, acc: 0.603, acc_v: 0.950
[2024-01-17 15:15:00] [INFO] |local epoch: 4, acc: 0.603, acc_v: 0.946
[2024-01-17 15:15:00] [INFO]  ---client 8
[2024-01-17 15:15:00] [INFO] |local epoch: 0, acc: 0.588, acc_v: 0.946
[2024-01-17 15:15:01] [INFO] |local epoch: 1, acc: 0.586, acc_v: 0.950
[2024-01-17 15:15:01] [INFO] |local epoch: 2, acc: 0.570, acc_v: 0.942
[2024-01-17 15:15:01] [INFO] |local epoch: 3, acc: 0.597, acc_v: 0.946
[2024-01-17 15:15:02] [INFO] |local epoch: 4, acc: 0.583, acc_v: 0.942
[2024-01-17 15:15:02] [INFO] |servers comunicated: 2, server aggregated: 2, acc_server 2: 0.598.
[2024-01-17 15:15:02] [INFO] --------------------------------------------------
[2024-01-17 15:15:02] [INFO]  |epoch_client_commu: 3/5
[2024-01-17 15:15:02] [INFO]   |server: 0
[2024-01-17 15:15:02] [INFO]  ---client 0
[2024-01-17 15:15:02] [INFO] |local epoch: 0, acc: 0.597, acc_v: 0.975
[2024-01-17 15:15:03] [INFO] |local epoch: 1, acc: 0.585, acc_v: 0.975
[2024-01-17 15:15:03] [INFO] |local epoch: 2, acc: 0.586, acc_v: 0.979
[2024-01-17 15:15:04] [INFO] |local epoch: 3, acc: 0.593, acc_v: 0.975
[2024-01-17 15:15:04] [INFO] |local epoch: 4, acc: 0.611, acc_v: 0.975
[2024-01-17 15:15:04] [INFO]  ---client 1
[2024-01-17 15:15:04] [INFO] |local epoch: 0, acc: 0.585, acc_v: 0.975
[2024-01-17 15:15:05] [INFO] |local epoch: 1, acc: 0.591, acc_v: 0.975
[2024-01-17 15:15:05] [INFO] |local epoch: 2, acc: 0.577, acc_v: 0.975
[2024-01-17 15:15:06] [INFO] |local epoch: 3, acc: 0.590, acc_v: 0.975
[2024-01-17 15:15:06] [INFO] |local epoch: 4, acc: 0.588, acc_v: 0.975
[2024-01-17 15:15:06] [INFO]  ---client 2
[2024-01-17 15:15:07] [INFO] |local epoch: 0, acc: 0.594, acc_v: 0.988
[2024-01-17 15:15:07] [INFO] |local epoch: 1, acc: 0.590, acc_v: 0.992
[2024-01-17 15:15:07] [INFO] |local epoch: 2, acc: 0.590, acc_v: 0.983
[2024-01-17 15:15:08] [INFO] |local epoch: 3, acc: 0.601, acc_v: 0.988
[2024-01-17 15:15:08] [INFO] |local epoch: 4, acc: 0.577, acc_v: 0.992
[2024-01-17 15:15:08] [INFO] |servers comunicated: 2, server aggregated: 3, acc_server 0: 0.593.
[2024-01-17 15:15:08] [INFO] --------------------------------------------------
[2024-01-17 15:15:08] [INFO]   |server: 1
[2024-01-17 15:15:08] [INFO]  ---client 3
[2024-01-17 15:15:09] [INFO] |local epoch: 0, acc: 0.457, acc_v: 0.971
[2024-01-17 15:15:09] [INFO] |local epoch: 1, acc: 0.457, acc_v: 0.963
[2024-01-17 15:15:10] [INFO] |local epoch: 2, acc: 0.452, acc_v: 0.971
[2024-01-17 15:15:10] [INFO] |local epoch: 3, acc: 0.465, acc_v: 0.967
[2024-01-17 15:15:11] [INFO] |local epoch: 4, acc: 0.459, acc_v: 0.967
[2024-01-17 15:15:11] [INFO]  ---client 4
[2024-01-17 15:15:11] [INFO] |local epoch: 0, acc: 0.438, acc_v: 0.954
[2024-01-17 15:15:11] [INFO] |local epoch: 1, acc: 0.443, acc_v: 0.954
[2024-01-17 15:15:12] [INFO] |local epoch: 2, acc: 0.456, acc_v: 0.954
[2024-01-17 15:15:12] [INFO] |local epoch: 3, acc: 0.458, acc_v: 0.954
[2024-01-17 15:15:13] [INFO] |local epoch: 4, acc: 0.459, acc_v: 0.954
[2024-01-17 15:15:13] [INFO]  ---client 5
[2024-01-17 15:15:13] [INFO] |local epoch: 0, acc: 0.441, acc_v: 0.958
[2024-01-17 15:15:13] [INFO] |local epoch: 1, acc: 0.448, acc_v: 0.954
[2024-01-17 15:15:14] [INFO] |local epoch: 2, acc: 0.430, acc_v: 0.958
[2024-01-17 15:15:14] [INFO] |local epoch: 3, acc: 0.452, acc_v: 0.954
[2024-01-17 15:15:15] [INFO] |local epoch: 4, acc: 0.438, acc_v: 0.958
[2024-01-17 15:15:15] [INFO] |servers comunicated: 2, server aggregated: 3, acc_server 1: 0.454.
[2024-01-17 15:15:15] [INFO] --------------------------------------------------
[2024-01-17 15:15:15] [INFO]   |server: 2
[2024-01-17 15:15:15] [INFO]  ---client 6
[2024-01-17 15:15:15] [INFO] |local epoch: 0, acc: 0.604, acc_v: 0.963
[2024-01-17 15:15:16] [INFO] |local epoch: 1, acc: 0.590, acc_v: 0.963
[2024-01-17 15:15:16] [INFO] |local epoch: 2, acc: 0.607, acc_v: 0.963
[2024-01-17 15:15:16] [INFO] |local epoch: 3, acc: 0.590, acc_v: 0.967
[2024-01-17 15:15:17] [INFO] |local epoch: 4, acc: 0.600, acc_v: 0.963
[2024-01-17 15:15:17] [INFO]  ---client 7
[2024-01-17 15:15:17] [INFO] |local epoch: 0, acc: 0.600, acc_v: 0.950
[2024-01-17 15:15:18] [INFO] |local epoch: 1, acc: 0.612, acc_v: 0.954
[2024-01-17 15:15:18] [INFO] |local epoch: 2, acc: 0.613, acc_v: 0.950
[2024-01-17 15:15:18] [INFO] |local epoch: 3, acc: 0.615, acc_v: 0.950
[2024-01-17 15:15:19] [INFO] |local epoch: 4, acc: 0.622, acc_v: 0.950
[2024-01-17 15:15:19] [INFO]  ---client 8
[2024-01-17 15:15:19] [INFO] |local epoch: 0, acc: 0.590, acc_v: 0.946
[2024-01-17 15:15:20] [INFO] |local epoch: 1, acc: 0.603, acc_v: 0.950
[2024-01-17 15:15:20] [INFO] |local epoch: 2, acc: 0.584, acc_v: 0.942
[2024-01-17 15:15:20] [INFO] |local epoch: 3, acc: 0.589, acc_v: 0.950
[2024-01-17 15:15:21] [INFO] |local epoch: 4, acc: 0.583, acc_v: 0.950
[2024-01-17 15:15:21] [INFO] |servers comunicated: 2, server aggregated: 3, acc_server 2: 0.606.
[2024-01-17 15:15:21] [INFO] --------------------------------------------------
[2024-01-17 15:15:21] [INFO]  |epoch_client_commu: 4/5
[2024-01-17 15:15:21] [INFO]   |server: 0
[2024-01-17 15:15:21] [INFO]  ---client 0
[2024-01-17 15:15:21] [INFO] |local epoch: 0, acc: 0.606, acc_v: 0.975
[2024-01-17 15:15:22] [INFO] |local epoch: 1, acc: 0.601, acc_v: 0.975
[2024-01-17 15:15:22] [INFO] |local epoch: 2, acc: 0.615, acc_v: 0.975
[2024-01-17 15:15:23] [INFO] |local epoch: 3, acc: 0.608, acc_v: 0.975
[2024-01-17 15:15:23] [INFO] |local epoch: 4, acc: 0.615, acc_v: 0.975
[2024-01-17 15:15:23] [INFO]  ---client 1
[2024-01-17 15:15:23] [INFO] |local epoch: 0, acc: 0.581, acc_v: 0.975
[2024-01-17 15:15:24] [INFO] |local epoch: 1, acc: 0.596, acc_v: 0.975
[2024-01-17 15:15:24] [INFO] |local epoch: 2, acc: 0.605, acc_v: 0.975
[2024-01-17 15:15:25] [INFO] |local epoch: 3, acc: 0.597, acc_v: 0.975
[2024-01-17 15:15:25] [INFO] |local epoch: 4, acc: 0.587, acc_v: 0.975
[2024-01-17 15:15:25] [INFO]  ---client 2
[2024-01-17 15:15:26] [INFO] |local epoch: 0, acc: 0.586, acc_v: 0.992
[2024-01-17 15:15:26] [INFO] |local epoch: 1, acc: 0.603, acc_v: 0.992
[2024-01-17 15:15:26] [INFO] |local epoch: 2, acc: 0.600, acc_v: 0.992
[2024-01-17 15:15:27] [INFO] |local epoch: 3, acc: 0.601, acc_v: 0.992
[2024-01-17 15:15:27] [INFO] |local epoch: 4, acc: 0.581, acc_v: 0.992
[2024-01-17 15:15:27] [INFO] |servers comunicated: 2, server aggregated: 4, acc_server 0: 0.596.
[2024-01-17 15:15:27] [INFO] --------------------------------------------------
[2024-01-17 15:15:27] [INFO]   |server: 1
[2024-01-17 15:15:27] [INFO]  ---client 3
