[2024-01-17 15:23:19] [INFO] device cuda is used.
[2024-01-17 15:23:19] [INFO] cudnn is actived.
[2024-01-17 15:23:19] [INFO] 
      alpha      :  0.5  
        T        :   6   
    algorithm    :   3   
num_server_commu :  30   
num_client_commu :   5   
num_client_train :   5   
num_public_train :   5   
   batch_size    :  160  
     dataset     : mnist 
  model_select   :   1   
 num_all_client  :   9   
 num_all_server  :   3   
 num_client_data : 1200  
 num_public_data :  50   
   proportion    :  0.8  
   num_workers   :   8   
[2024-01-17 15:23:23] [INFO] --------------------------------------------------
[2024-01-17 15:23:23] [INFO] |epoch_server_commu: 0/30
[2024-01-17 15:23:23] [INFO]  |epoch_client_commu: 0/5
[2024-01-17 15:23:23] [INFO]   |server: 0
[2024-01-17 15:23:23] [INFO]  ---client 0
[2024-01-17 15:23:24] [INFO] |local epoch: 0, acc: 0.145, acc_v: 0.496
[2024-01-17 15:23:24] [INFO] |local epoch: 1, acc: 0.124, acc_v: 0.417
[2024-01-17 15:23:24] [INFO] |local epoch: 2, acc: 0.299, acc_v: 0.913
[2024-01-17 15:23:25] [INFO] |local epoch: 3, acc: 0.288, acc_v: 0.871
[2024-01-17 15:23:25] [INFO] |local epoch: 4, acc: 0.306, acc_v: 0.946
[2024-01-17 15:23:25] [INFO]  ---client 1
[2024-01-17 15:23:25] [INFO] |local epoch: 0, acc: 0.187, acc_v: 0.604
[2024-01-17 15:23:26] [INFO] |local epoch: 1, acc: 0.185, acc_v: 0.608
[2024-01-17 15:23:26] [INFO] |local epoch: 2, acc: 0.302, acc_v: 0.950
[2024-01-17 15:23:26] [INFO] |local epoch: 3, acc: 0.298, acc_v: 0.946
[2024-01-17 15:23:27] [INFO] |local epoch: 4, acc: 0.290, acc_v: 0.913
[2024-01-17 15:23:27] [INFO]  ---client 2
[2024-01-17 15:23:27] [INFO] |local epoch: 0, acc: 0.172, acc_v: 0.562
[2024-01-17 15:23:28] [INFO] |local epoch: 1, acc: 0.161, acc_v: 0.513
[2024-01-17 15:23:28] [INFO] |local epoch: 2, acc: 0.237, acc_v: 0.742
[2024-01-17 15:23:28] [INFO] |local epoch: 3, acc: 0.305, acc_v: 0.958
[2024-01-17 15:23:29] [INFO] |local epoch: 4, acc: 0.304, acc_v: 0.963
[2024-01-17 15:23:29] [INFO] |servers comunicated: 0, server aggregated: 0, acc_server 0: 0.303.
[2024-01-17 15:23:29] [INFO] --------------------------------------------------
[2024-01-17 15:23:29] [INFO]   |server: 1
[2024-01-17 15:23:29] [INFO]  ---client 3
[2024-01-17 15:23:29] [INFO] |local epoch: 0, acc: 0.186, acc_v: 0.650
[2024-01-17 15:23:30] [INFO] |local epoch: 1, acc: 0.197, acc_v: 0.704
[2024-01-17 15:23:30] [INFO] |local epoch: 2, acc: 0.196, acc_v: 0.700
[2024-01-17 15:23:30] [INFO] |local epoch: 3, acc: 0.240, acc_v: 0.838
[2024-01-17 15:23:31] [INFO] |local epoch: 4, acc: 0.242, acc_v: 0.850
[2024-01-17 15:23:31] [INFO]  ---client 4
[2024-01-17 15:23:31] [INFO] |local epoch: 0, acc: 0.196, acc_v: 0.617
[2024-01-17 15:23:32] [INFO] |local epoch: 1, acc: 0.190, acc_v: 0.588
[2024-01-17 15:23:32] [INFO] |local epoch: 2, acc: 0.195, acc_v: 0.608
[2024-01-17 15:23:32] [INFO] |local epoch: 3, acc: 0.180, acc_v: 0.683
[2024-01-17 15:23:33] [INFO] |local epoch: 4, acc: 0.245, acc_v: 0.875
[2024-01-17 15:23:33] [INFO]  ---client 5
[2024-01-17 15:23:33] [INFO] |local epoch: 0, acc: 0.195, acc_v: 0.625
[2024-01-17 15:23:33] [INFO] |local epoch: 1, acc: 0.196, acc_v: 0.633
[2024-01-17 15:23:34] [INFO] |local epoch: 2, acc: 0.197, acc_v: 0.638
[2024-01-17 15:23:34] [INFO] |local epoch: 3, acc: 0.241, acc_v: 0.821
[2024-01-17 15:23:34] [INFO] |local epoch: 4, acc: 0.239, acc_v: 0.821
[2024-01-17 15:23:35] [INFO] |servers comunicated: 0, server aggregated: 0, acc_server 1: 0.239.
[2024-01-17 15:23:35] [INFO] --------------------------------------------------
[2024-01-17 15:23:35] [INFO]   |server: 2
[2024-01-17 15:23:35] [INFO]  ---client 6
[2024-01-17 15:23:35] [INFO] |local epoch: 0, acc: 0.143, acc_v: 0.313
[2024-01-17 15:23:35] [INFO] |local epoch: 1, acc: 0.101, acc_v: 0.221
[2024-01-17 15:23:36] [INFO] |local epoch: 2, acc: 0.296, acc_v: 0.738
[2024-01-17 15:23:36] [INFO] |local epoch: 3, acc: 0.316, acc_v: 0.813
[2024-01-17 15:23:37] [INFO] |local epoch: 4, acc: 0.301, acc_v: 0.783
[2024-01-17 15:23:37] [INFO]  ---client 7
[2024-01-17 15:23:37] [INFO] |local epoch: 0, acc: 0.176, acc_v: 0.392
[2024-01-17 15:23:37] [INFO] |local epoch: 1, acc: 0.101, acc_v: 0.242
[2024-01-17 15:23:38] [INFO] |local epoch: 2, acc: 0.297, acc_v: 0.754
[2024-01-17 15:23:38] [INFO] |local epoch: 3, acc: 0.262, acc_v: 0.683
[2024-01-17 15:23:38] [INFO] |local epoch: 4, acc: 0.288, acc_v: 0.733
[2024-01-17 15:23:38] [INFO]  ---client 8
[2024-01-17 15:23:39] [INFO] |local epoch: 0, acc: 0.179, acc_v: 0.392
[2024-01-17 15:23:39] [INFO] |local epoch: 1, acc: 0.101, acc_v: 0.246
[2024-01-17 15:23:39] [INFO] |local epoch: 2, acc: 0.214, acc_v: 0.496
[2024-01-17 15:23:40] [INFO] |local epoch: 3, acc: 0.283, acc_v: 0.725
[2024-01-17 15:23:40] [INFO] |local epoch: 4, acc: 0.335, acc_v: 0.858
[2024-01-17 15:23:40] [INFO] |servers comunicated: 0, server aggregated: 0, acc_server 2: 0.326.
[2024-01-17 15:23:40] [INFO] --------------------------------------------------
[2024-01-17 15:23:40] [INFO]  |epoch_client_commu: 1/5
[2024-01-17 15:23:40] [INFO]   |server: 0
[2024-01-17 15:23:40] [INFO]  ---client 0
[2024-01-17 15:23:41] [INFO] |local epoch: 0, acc: 0.301, acc_v: 0.938
[2024-01-17 15:23:41] [INFO] |local epoch: 1, acc: 0.307, acc_v: 0.950
[2024-01-17 15:23:41] [INFO] |local epoch: 2, acc: 0.308, acc_v: 0.954
[2024-01-17 15:23:42] [INFO] |local epoch: 3, acc: 0.308, acc_v: 0.950
[2024-01-17 15:23:42] [INFO] |local epoch: 4, acc: 0.305, acc_v: 0.946
[2024-01-17 15:23:42] [INFO]  ---client 1
[2024-01-17 15:23:43] [INFO] |local epoch: 0, acc: 0.298, acc_v: 0.946
[2024-01-17 15:23:43] [INFO] |local epoch: 1, acc: 0.303, acc_v: 0.963
[2024-01-17 15:23:43] [INFO] |local epoch: 2, acc: 0.305, acc_v: 0.971
[2024-01-17 15:23:44] [INFO] |local epoch: 3, acc: 0.308, acc_v: 0.971
[2024-01-17 15:23:44] [INFO] |local epoch: 4, acc: 0.311, acc_v: 0.971
[2024-01-17 15:23:44] [INFO]  ---client 2
[2024-01-17 15:23:44] [INFO] |local epoch: 0, acc: 0.304, acc_v: 0.958
[2024-01-17 15:23:45] [INFO] |local epoch: 1, acc: 0.306, acc_v: 0.975
[2024-01-17 15:23:45] [INFO] |local epoch: 2, acc: 0.308, acc_v: 0.979
[2024-01-17 15:23:45] [INFO] |local epoch: 3, acc: 0.307, acc_v: 0.983
[2024-01-17 15:23:46] [INFO] |local epoch: 4, acc: 0.307, acc_v: 0.979
[2024-01-17 15:23:46] [INFO] |servers comunicated: 0, server aggregated: 1, acc_server 0: 0.308.
[2024-01-17 15:23:46] [INFO] --------------------------------------------------
[2024-01-17 15:23:46] [INFO]   |server: 1
[2024-01-17 15:23:46] [INFO]  ---client 3
[2024-01-17 15:23:46] [INFO] |local epoch: 0, acc: 0.247, acc_v: 0.871
[2024-01-17 15:23:47] [INFO] |local epoch: 1, acc: 0.252, acc_v: 0.883
[2024-01-17 15:23:47] [INFO] |local epoch: 2, acc: 0.255, acc_v: 0.892
[2024-01-17 15:23:47] [INFO] |local epoch: 3, acc: 0.260, acc_v: 0.913
[2024-01-17 15:23:48] [INFO] |local epoch: 4, acc: 0.263, acc_v: 0.925
[2024-01-17 15:23:48] [INFO]  ---client 4
[2024-01-17 15:23:48] [INFO] |local epoch: 0, acc: 0.246, acc_v: 0.858
[2024-01-17 15:23:49] [INFO] |local epoch: 1, acc: 0.259, acc_v: 0.908
[2024-01-17 15:23:49] [INFO] |local epoch: 2, acc: 0.260, acc_v: 0.888
[2024-01-17 15:23:49] [INFO] |local epoch: 3, acc: 0.266, acc_v: 0.925
[2024-01-17 15:23:50] [INFO] |local epoch: 4, acc: 0.262, acc_v: 0.925
[2024-01-17 15:23:50] [INFO]  ---client 5
[2024-01-17 15:23:50] [INFO] |local epoch: 0, acc: 0.246, acc_v: 0.846
[2024-01-17 15:23:50] [INFO] |local epoch: 1, acc: 0.253, acc_v: 0.850
[2024-01-17 15:23:51] [INFO] |local epoch: 2, acc: 0.246, acc_v: 0.829
[2024-01-17 15:23:51] [INFO] |local epoch: 3, acc: 0.258, acc_v: 0.888
[2024-01-17 15:23:52] [INFO] |local epoch: 4, acc: 0.266, acc_v: 0.933
[2024-01-17 15:23:52] [INFO] |servers comunicated: 0, server aggregated: 1, acc_server 1: 0.266.
[2024-01-17 15:23:52] [INFO] --------------------------------------------------
[2024-01-17 15:23:52] [INFO]   |server: 2
[2024-01-17 15:23:52] [INFO]  ---client 6
[2024-01-17 15:23:52] [INFO] |local epoch: 0, acc: 0.336, acc_v: 0.879
[2024-01-17 15:23:52] [INFO] |local epoch: 1, acc: 0.347, acc_v: 0.896
[2024-01-17 15:23:53] [INFO] |local epoch: 2, acc: 0.357, acc_v: 0.921
[2024-01-17 15:23:53] [INFO] |local epoch: 3, acc: 0.359, acc_v: 0.929
[2024-01-17 15:23:54] [INFO] |local epoch: 4, acc: 0.363, acc_v: 0.942
[2024-01-17 15:23:54] [INFO]  ---client 7
[2024-01-17 15:23:54] [INFO] |local epoch: 0, acc: 0.321, acc_v: 0.817
[2024-01-17 15:23:54] [INFO] |local epoch: 1, acc: 0.342, acc_v: 0.879
[2024-01-17 15:23:55] [INFO] |local epoch: 2, acc: 0.356, acc_v: 0.913
[2024-01-17 15:23:55] [INFO] |local epoch: 3, acc: 0.359, acc_v: 0.917
[2024-01-17 15:23:55] [INFO] |local epoch: 4, acc: 0.358, acc_v: 0.913
[2024-01-17 15:23:55] [INFO]  ---client 8
[2024-01-17 15:23:56] [INFO] |local epoch: 0, acc: 0.324, acc_v: 0.854
[2024-01-17 15:23:56] [INFO] |local epoch: 1, acc: 0.344, acc_v: 0.879
[2024-01-17 15:23:56] [INFO] |local epoch: 2, acc: 0.352, acc_v: 0.900
[2024-01-17 15:23:57] [INFO] |local epoch: 3, acc: 0.358, acc_v: 0.913
[2024-01-17 15:23:57] [INFO] |local epoch: 4, acc: 0.362, acc_v: 0.913
[2024-01-17 15:23:57] [INFO] |servers comunicated: 0, server aggregated: 1, acc_server 2: 0.363.
[2024-01-17 15:23:57] [INFO] --------------------------------------------------
[2024-01-17 15:23:57] [INFO]  |epoch_client_commu: 2/5
[2024-01-17 15:23:57] [INFO]   |server: 0
[2024-01-17 15:23:57] [INFO]  ---client 0
[2024-01-17 15:23:58] [INFO] |local epoch: 0, acc: 0.317, acc_v: 0.958
[2024-01-17 15:23:58] [INFO] |local epoch: 1, acc: 0.323, acc_v: 0.971
[2024-01-17 15:23:58] [INFO] |local epoch: 2, acc: 0.323, acc_v: 0.954
[2024-01-17 15:23:59] [INFO] |local epoch: 3, acc: 0.339, acc_v: 0.967
[2024-01-17 15:23:59] [INFO] |local epoch: 4, acc: 0.342, acc_v: 0.971
[2024-01-17 15:23:59] [INFO]  ---client 1
[2024-01-17 15:24:00] [INFO] |local epoch: 0, acc: 0.316, acc_v: 0.975
[2024-01-17 15:24:00] [INFO] |local epoch: 1, acc: 0.324, acc_v: 0.979
[2024-01-17 15:24:00] [INFO] |local epoch: 2, acc: 0.358, acc_v: 0.979
[2024-01-17 15:24:01] [INFO] |local epoch: 3, acc: 0.343, acc_v: 0.967
[2024-01-17 15:24:01] [INFO] |local epoch: 4, acc: 0.354, acc_v: 0.967
[2024-01-17 15:24:01] [INFO]  ---client 2
[2024-01-17 15:24:01] [INFO] |local epoch: 0, acc: 0.311, acc_v: 0.988
[2024-01-17 15:24:02] [INFO] |local epoch: 1, acc: 0.324, acc_v: 0.983
[2024-01-17 15:24:02] [INFO] |local epoch: 2, acc: 0.339, acc_v: 0.983
[2024-01-17 15:24:02] [INFO] |local epoch: 3, acc: 0.341, acc_v: 0.979
[2024-01-17 15:24:03] [INFO] |local epoch: 4, acc: 0.348, acc_v: 0.988
[2024-01-17 15:24:03] [INFO] |servers comunicated: 0, server aggregated: 2, acc_server 0: 0.348.
[2024-01-17 15:24:03] [INFO] --------------------------------------------------
[2024-01-17 15:24:03] [INFO]   |server: 1
[2024-01-17 15:24:03] [INFO]  ---client 3
[2024-01-17 15:24:03] [INFO] |local epoch: 0, acc: 0.264, acc_v: 0.933
[2024-01-17 15:24:04] [INFO] |local epoch: 1, acc: 0.269, acc_v: 0.942
[2024-01-17 15:24:04] [INFO] |local epoch: 2, acc: 0.260, acc_v: 0.929
[2024-01-17 15:24:05] [INFO] |local epoch: 3, acc: 0.271, acc_v: 0.946
[2024-01-17 15:24:05] [INFO] |local epoch: 4, acc: 0.273, acc_v: 0.950
[2024-01-17 15:24:05] [INFO]  ---client 4
[2024-01-17 15:24:05] [INFO] |local epoch: 0, acc: 0.268, acc_v: 0.938
[2024-01-17 15:24:06] [INFO] |local epoch: 1, acc: 0.271, acc_v: 0.938
[2024-01-17 15:24:06] [INFO] |local epoch: 2, acc: 0.270, acc_v: 0.946
[2024-01-17 15:24:06] [INFO] |local epoch: 3, acc: 0.272, acc_v: 0.954
[2024-01-17 15:24:07] [INFO] |local epoch: 4, acc: 0.273, acc_v: 0.950
[2024-01-17 15:24:07] [INFO]  ---client 5
[2024-01-17 15:24:07] [INFO] |local epoch: 0, acc: 0.266, acc_v: 0.913
[2024-01-17 15:24:08] [INFO] |local epoch: 1, acc: 0.270, acc_v: 0.929
[2024-01-17 15:24:08] [INFO] |local epoch: 2, acc: 0.269, acc_v: 0.954
[2024-01-17 15:24:08] [INFO] |local epoch: 3, acc: 0.268, acc_v: 0.925
[2024-01-17 15:24:09] [INFO] |local epoch: 4, acc: 0.266, acc_v: 0.933
[2024-01-17 15:24:09] [INFO] |servers comunicated: 0, server aggregated: 2, acc_server 1: 0.273.
[2024-01-17 15:24:09] [INFO] --------------------------------------------------
[2024-01-17 15:24:09] [INFO]   |server: 2
[2024-01-17 15:24:09] [INFO]  ---client 6
[2024-01-17 15:24:09] [INFO] |local epoch: 0, acc: 0.364, acc_v: 0.938
[2024-01-17 15:24:10] [INFO] |local epoch: 1, acc: 0.363, acc_v: 0.946
[2024-01-17 15:24:10] [INFO] |local epoch: 2, acc: 0.362, acc_v: 0.942
[2024-01-17 15:24:10] [INFO] |local epoch: 3, acc: 0.366, acc_v: 0.954
[2024-01-17 15:24:11] [INFO] |local epoch: 4, acc: 0.367, acc_v: 0.954
[2024-01-17 15:24:11] [INFO]  ---client 7
[2024-01-17 15:24:11] [INFO] |local epoch: 0, acc: 0.364, acc_v: 0.929
[2024-01-17 15:24:11] [INFO] |local epoch: 1, acc: 0.364, acc_v: 0.929
[2024-01-17 15:24:12] [INFO] |local epoch: 2, acc: 0.366, acc_v: 0.929
[2024-01-17 15:24:12] [INFO] |local epoch: 3, acc: 0.367, acc_v: 0.908
[2024-01-17 15:24:12] [INFO] |local epoch: 4, acc: 0.374, acc_v: 0.933
[2024-01-17 15:24:12] [INFO]  ---client 8
[2024-01-17 15:24:13] [INFO] |local epoch: 0, acc: 0.364, acc_v: 0.942
[2024-01-17 15:24:13] [INFO] |local epoch: 1, acc: 0.364, acc_v: 0.921
[2024-01-17 15:24:14] [INFO] |local epoch: 2, acc: 0.367, acc_v: 0.933
[2024-01-17 15:24:14] [INFO] |local epoch: 3, acc: 0.365, acc_v: 0.925
[2024-01-17 15:24:14] [INFO] |local epoch: 4, acc: 0.371, acc_v: 0.933
[2024-01-17 15:24:14] [INFO] |servers comunicated: 0, server aggregated: 2, acc_server 2: 0.372.
[2024-01-17 15:24:14] [INFO] --------------------------------------------------
[2024-01-17 15:24:14] [INFO]  |epoch_client_commu: 3/5
[2024-01-17 15:24:14] [INFO]   |server: 0
[2024-01-17 15:24:15] [INFO]  ---client 0
[2024-01-17 15:24:15] [INFO] |local epoch: 0, acc: 0.372, acc_v: 0.971
[2024-01-17 15:24:15] [INFO] |local epoch: 1, acc: 0.402, acc_v: 0.971
[2024-01-17 15:24:16] [INFO] |local epoch: 2, acc: 0.382, acc_v: 0.971
[2024-01-17 15:24:16] [INFO] |local epoch: 3, acc: 0.428, acc_v: 0.958
[2024-01-17 15:24:16] [INFO] |local epoch: 4, acc: 0.388, acc_v: 0.971
[2024-01-17 15:24:16] [INFO]  ---client 1
[2024-01-17 15:24:17] [INFO] |local epoch: 0, acc: 0.359, acc_v: 0.967
[2024-01-17 15:24:17] [INFO] |local epoch: 1, acc: 0.353, acc_v: 0.979
[2024-01-17 15:24:17] [INFO] |local epoch: 2, acc: 0.369, acc_v: 0.971
[2024-01-17 15:24:18] [INFO] |local epoch: 3, acc: 0.390, acc_v: 0.975
[2024-01-17 15:24:18] [INFO] |local epoch: 4, acc: 0.401, acc_v: 0.979
[2024-01-17 15:24:18] [INFO]  ---client 2
[2024-01-17 15:24:19] [INFO] |local epoch: 0, acc: 0.342, acc_v: 0.979
[2024-01-17 15:24:19] [INFO] |local epoch: 1, acc: 0.351, acc_v: 0.979
[2024-01-17 15:24:19] [INFO] |local epoch: 2, acc: 0.371, acc_v: 0.988
[2024-01-17 15:24:20] [INFO] |local epoch: 3, acc: 0.412, acc_v: 0.979
[2024-01-17 15:24:20] [INFO] |local epoch: 4, acc: 0.369, acc_v: 0.983
[2024-01-17 15:24:20] [INFO] |servers comunicated: 0, server aggregated: 3, acc_server 0: 0.391.
[2024-01-17 15:24:20] [INFO] --------------------------------------------------
[2024-01-17 15:24:20] [INFO]   |server: 1
[2024-01-17 15:24:20] [INFO]  ---client 3
[2024-01-17 15:24:21] [INFO] |local epoch: 0, acc: 0.273, acc_v: 0.946
[2024-01-17 15:24:21] [INFO] |local epoch: 1, acc: 0.274, acc_v: 0.954
[2024-01-17 15:24:21] [INFO] |local epoch: 2, acc: 0.275, acc_v: 0.958
[2024-01-17 15:24:22] [INFO] |local epoch: 3, acc: 0.275, acc_v: 0.958
[2024-01-17 15:24:22] [INFO] |local epoch: 4, acc: 0.280, acc_v: 0.946
[2024-01-17 15:24:22] [INFO]  ---client 4
[2024-01-17 15:24:22] [INFO] |local epoch: 0, acc: 0.273, acc_v: 0.950
[2024-01-17 15:24:23] [INFO] |local epoch: 1, acc: 0.274, acc_v: 0.950
[2024-01-17 15:24:23] [INFO] |local epoch: 2, acc: 0.274, acc_v: 0.958
[2024-01-17 15:24:23] [INFO] |local epoch: 3, acc: 0.270, acc_v: 0.938
[2024-01-17 15:24:24] [INFO] |local epoch: 4, acc: 0.275, acc_v: 0.950
[2024-01-17 15:24:24] [INFO]  ---client 5
[2024-01-17 15:24:24] [INFO] |local epoch: 0, acc: 0.272, acc_v: 0.950
[2024-01-17 15:24:25] [INFO] |local epoch: 1, acc: 0.270, acc_v: 0.938
[2024-01-17 15:24:25] [INFO] |local epoch: 2, acc: 0.274, acc_v: 0.946
[2024-01-17 15:24:25] [INFO] |local epoch: 3, acc: 0.276, acc_v: 0.958
[2024-01-17 15:24:26] [INFO] |local epoch: 4, acc: 0.275, acc_v: 0.946
[2024-01-17 15:24:26] [INFO] |servers comunicated: 0, server aggregated: 3, acc_server 1: 0.276.
[2024-01-17 15:24:26] [INFO] --------------------------------------------------
[2024-01-17 15:24:26] [INFO]   |server: 2
[2024-01-17 15:24:26] [INFO]  ---client 6
[2024-01-17 15:24:26] [INFO] |local epoch: 0, acc: 0.372, acc_v: 0.938
[2024-01-17 15:24:27] [INFO] |local epoch: 1, acc: 0.391, acc_v: 0.954
[2024-01-17 15:24:27] [INFO] |local epoch: 2, acc: 0.392, acc_v: 0.942
[2024-01-17 15:24:27] [INFO] |local epoch: 3, acc: 0.395, acc_v: 0.958
[2024-01-17 15:24:28] [INFO] |local epoch: 4, acc: 0.419, acc_v: 0.950
[2024-01-17 15:24:28] [INFO]  ---client 7
[2024-01-17 15:24:28] [INFO] |local epoch: 0, acc: 0.381, acc_v: 0.925
[2024-01-17 15:24:28] [INFO] |local epoch: 1, acc: 0.393, acc_v: 0.942
[2024-01-17 15:24:29] [INFO] |local epoch: 2, acc: 0.406, acc_v: 0.925
[2024-01-17 15:24:29] [INFO] |local epoch: 3, acc: 0.422, acc_v: 0.929
[2024-01-17 15:24:30] [INFO] |local epoch: 4, acc: 0.420, acc_v: 0.933
[2024-01-17 15:24:30] [INFO]  ---client 8
[2024-01-17 15:24:30] [INFO] |local epoch: 0, acc: 0.369, acc_v: 0.925
[2024-01-17 15:24:30] [INFO] |local epoch: 1, acc: 0.383, acc_v: 0.933
[2024-01-17 15:24:31] [INFO] |local epoch: 2, acc: 0.396, acc_v: 0.925
[2024-01-17 15:24:31] [INFO] |local epoch: 3, acc: 0.394, acc_v: 0.921
[2024-01-17 15:24:31] [INFO] |local epoch: 4, acc: 0.446, acc_v: 0.925
[2024-01-17 15:24:32] [INFO] |servers comunicated: 0, server aggregated: 3, acc_server 2: 0.431.
[2024-01-17 15:24:32] [INFO] --------------------------------------------------
[2024-01-17 15:24:32] [INFO]  |epoch_client_commu: 4/5
[2024-01-17 15:24:32] [INFO]   |server: 0
[2024-01-17 15:24:32] [INFO]  ---client 0
[2024-01-17 15:24:32] [INFO] |local epoch: 0, acc: 0.408, acc_v: 0.971
[2024-01-17 15:24:32] [INFO] |local epoch: 1, acc: 0.398, acc_v: 0.971
[2024-01-17 15:24:33] [INFO] |local epoch: 2, acc: 0.440, acc_v: 0.971
[2024-01-17 15:24:33] [INFO] |local epoch: 3, acc: 0.412, acc_v: 0.975
[2024-01-17 15:24:33] [INFO] |local epoch: 4, acc: 0.472, acc_v: 0.975
[2024-01-17 15:24:33] [INFO]  ---client 1
[2024-01-17 15:24:34] [INFO] |local epoch: 0, acc: 0.410, acc_v: 0.979
[2024-01-17 15:24:34] [INFO] |local epoch: 1, acc: 0.452, acc_v: 0.979
[2024-01-17 15:24:35] [INFO] |local epoch: 2, acc: 0.453, acc_v: 0.979
[2024-01-17 15:24:35] [INFO] |local epoch: 3, acc: 0.426, acc_v: 0.979
[2024-01-17 15:24:35] [INFO] |local epoch: 4, acc: 0.464, acc_v: 0.967
[2024-01-17 15:24:35] [INFO]  ---client 2
[2024-01-17 15:24:36] [INFO] |local epoch: 0, acc: 0.430, acc_v: 0.988
[2024-01-17 15:24:36] [INFO] |local epoch: 1, acc: 0.380, acc_v: 0.983
[2024-01-17 15:24:36] [INFO] |local epoch: 2, acc: 0.423, acc_v: 0.983
[2024-01-17 15:24:37] [INFO] |local epoch: 3, acc: 0.420, acc_v: 0.988
[2024-01-17 15:24:37] [INFO] |local epoch: 4, acc: 0.433, acc_v: 0.983
[2024-01-17 15:24:37] [INFO] |servers comunicated: 0, server aggregated: 4, acc_server 0: 0.456.
[2024-01-17 15:24:37] [INFO] --------------------------------------------------
[2024-01-17 15:24:37] [INFO]   |server: 1
[2024-01-17 15:24:37] [INFO]  ---client 3
[2024-01-17 15:24:38] [INFO] |local epoch: 0, acc: 0.295, acc_v: 0.963
[2024-01-17 15:24:38] [INFO] |local epoch: 1, acc: 0.294, acc_v: 0.963
[2024-01-17 15:24:38] [INFO] |local epoch: 2, acc: 0.320, acc_v: 0.963
[2024-01-17 15:24:39] [INFO] |local epoch: 3, acc: 0.294, acc_v: 0.963
[2024-01-17 15:24:39] [INFO] |local epoch: 4, acc: 0.343, acc_v: 0.963
[2024-01-17 15:24:39] [INFO]  ---client 4
[2024-01-17 15:24:40] [INFO] |local epoch: 0, acc: 0.277, acc_v: 0.954
[2024-01-17 15:24:40] [INFO] |local epoch: 1, acc: 0.283, acc_v: 0.954
[2024-01-17 15:24:40] [INFO] |local epoch: 2, acc: 0.294, acc_v: 0.954
[2024-01-17 15:24:41] [INFO] |local epoch: 3, acc: 0.299, acc_v: 0.946
[2024-01-17 15:24:41] [INFO] |local epoch: 4, acc: 0.337, acc_v: 0.946
[2024-01-17 15:24:41] [INFO]  ---client 5
[2024-01-17 15:24:41] [INFO] |local epoch: 0, acc: 0.276, acc_v: 0.946
[2024-01-17 15:24:42] [INFO] |local epoch: 1, acc: 0.281, acc_v: 0.950
[2024-01-17 15:24:42] [INFO] |local epoch: 2, acc: 0.294, acc_v: 0.950
[2024-01-17 15:24:43] [INFO] |local epoch: 3, acc: 0.297, acc_v: 0.950
[2024-01-17 15:24:43] [INFO] |local epoch: 4, acc: 0.290, acc_v: 0.954
[2024-01-17 15:24:43] [INFO] |servers comunicated: 0, server aggregated: 4, acc_server 1: 0.325.
[2024-01-17 15:24:43] [INFO] --------------------------------------------------
[2024-01-17 15:24:43] [INFO]   |server: 2
[2024-01-17 15:24:43] [INFO]  ---client 6
[2024-01-17 15:24:43] [INFO] |local epoch: 0, acc: 0.442, acc_v: 0.958
[2024-01-17 15:24:44] [INFO] |local epoch: 1, acc: 0.445, acc_v: 0.963
[2024-01-17 15:24:44] [INFO] |local epoch: 2, acc: 0.483, acc_v: 0.958
[2024-01-17 15:24:45] [INFO] |local epoch: 3, acc: 0.464, acc_v: 0.958
[2024-01-17 15:24:45] [INFO] |local epoch: 4, acc: 0.457, acc_v: 0.967
[2024-01-17 15:24:45] [INFO]  ---client 7
[2024-01-17 15:24:45] [INFO] |local epoch: 0, acc: 0.439, acc_v: 0.942
[2024-01-17 15:24:46] [INFO] |local epoch: 1, acc: 0.437, acc_v: 0.929
[2024-01-17 15:24:46] [INFO] |local epoch: 2, acc: 0.464, acc_v: 0.942
[2024-01-17 15:24:46] [INFO] |local epoch: 3, acc: 0.465, acc_v: 0.917
[2024-01-17 15:24:47] [INFO] |local epoch: 4, acc: 0.485, acc_v: 0.917
[2024-01-17 15:24:47] [INFO]  ---client 8
[2024-01-17 15:24:47] [INFO] |local epoch: 0, acc: 0.428, acc_v: 0.946
[2024-01-17 15:24:47] [INFO] |local epoch: 1, acc: 0.459, acc_v: 0.958
[2024-01-17 15:24:48] [INFO] |local epoch: 2, acc: 0.459, acc_v: 0.938
[2024-01-17 15:24:48] [INFO] |local epoch: 3, acc: 0.486, acc_v: 0.942
[2024-01-17 15:24:49] [INFO] |local epoch: 4, acc: 0.477, acc_v: 0.954
[2024-01-17 15:24:49] [INFO] |servers comunicated: 0, server aggregated: 4, acc_server 2: 0.490.
[2024-01-17 15:24:49] [INFO] --------------------------------------------------
[2024-01-17 15:24:49] [INFO]      ********  servers comunicates  ********      
[2024-01-17 15:24:49] [INFO] --------------------------------------------------
[2024-01-17 15:24:49] [INFO] |epoch_server_commu: 1/30
[2024-01-17 15:24:49] [INFO]  |epoch_client_commu: 0/5
[2024-01-17 15:24:49] [INFO]   |server: 0
[2024-01-17 15:24:49] [INFO]  ---client 0
[2024-01-17 15:24:49] [INFO] |local epoch: 0, acc: 0.467, acc_v: 0.975
[2024-01-17 15:24:49] [INFO] |local epoch: 1, acc: 0.466, acc_v: 0.975
[2024-01-17 15:24:50] [INFO] |local epoch: 2, acc: 0.481, acc_v: 0.975
[2024-01-17 15:24:50] [INFO] |local epoch: 3, acc: 0.468, acc_v: 0.971
[2024-01-17 15:24:51] [INFO] |local epoch: 4, acc: 0.488, acc_v: 0.979
[2024-01-17 15:24:51] [INFO]  ---client 1
[2024-01-17 15:24:51] [INFO] |local epoch: 0, acc: 0.468, acc_v: 0.979
[2024-01-17 15:24:51] [INFO] |local epoch: 1, acc: 0.478, acc_v: 0.979
[2024-01-17 15:24:52] [INFO] |local epoch: 2, acc: 0.469, acc_v: 0.979
[2024-01-17 15:24:52] [INFO] |local epoch: 3, acc: 0.489, acc_v: 0.979
[2024-01-17 15:24:52] [INFO] |local epoch: 4, acc: 0.492, acc_v: 0.979
[2024-01-17 15:24:52] [INFO]  ---client 2
[2024-01-17 15:24:53] [INFO] |local epoch: 0, acc: 0.453, acc_v: 0.983
[2024-01-17 15:24:53] [INFO] |local epoch: 1, acc: 0.474, acc_v: 0.988
[2024-01-17 15:24:54] [INFO] |local epoch: 2, acc: 0.467, acc_v: 0.983
[2024-01-17 15:24:54] [INFO] |local epoch: 3, acc: 0.479, acc_v: 0.988
[2024-01-17 15:24:54] [INFO] |local epoch: 4, acc: 0.466, acc_v: 0.988
[2024-01-17 15:24:54] [INFO] |servers comunicated: 1, server aggregated: 0, acc_server 0: 0.484.
[2024-01-17 15:24:54] [INFO] --------------------------------------------------
[2024-01-17 15:24:54] [INFO]   |server: 1
[2024-01-17 15:24:54] [INFO]  ---client 3
[2024-01-17 15:24:55] [INFO] |local epoch: 0, acc: 0.314, acc_v: 0.954
[2024-01-17 15:24:55] [INFO] |local epoch: 1, acc: 0.339, acc_v: 0.963
[2024-01-17 15:24:56] [INFO] |local epoch: 2, acc: 0.336, acc_v: 0.963
[2024-01-17 15:24:56] [INFO] |local epoch: 3, acc: 0.330, acc_v: 0.963
[2024-01-17 15:24:56] [INFO] |local epoch: 4, acc: 0.358, acc_v: 0.958
[2024-01-17 15:24:56] [INFO]  ---client 4
[2024-01-17 15:24:57] [INFO] |local epoch: 0, acc: 0.329, acc_v: 0.950
[2024-01-17 15:24:57] [INFO] |local epoch: 1, acc: 0.325, acc_v: 0.950
[2024-01-17 15:24:57] [INFO] |local epoch: 2, acc: 0.333, acc_v: 0.963
[2024-01-17 15:24:58] [INFO] |local epoch: 3, acc: 0.343, acc_v: 0.946
[2024-01-17 15:24:58] [INFO] |local epoch: 4, acc: 0.354, acc_v: 0.950
[2024-01-17 15:24:58] [INFO]  ---client 5
[2024-01-17 15:24:58] [INFO] |local epoch: 0, acc: 0.320, acc_v: 0.954
[2024-01-17 15:24:59] [INFO] |local epoch: 1, acc: 0.327, acc_v: 0.954
[2024-01-17 15:24:59] [INFO] |local epoch: 2, acc: 0.340, acc_v: 0.954
[2024-01-17 15:25:00] [INFO] |local epoch: 3, acc: 0.338, acc_v: 0.950
[2024-01-17 15:25:00] [INFO] |local epoch: 4, acc: 0.329, acc_v: 0.958
[2024-01-17 15:25:00] [INFO] |servers comunicated: 1, server aggregated: 0, acc_server 1: 0.347.
[2024-01-17 15:25:00] [INFO] --------------------------------------------------
[2024-01-17 15:25:00] [INFO]   |server: 2
[2024-01-17 15:25:00] [INFO]  ---client 6
[2024-01-17 15:25:00] [INFO] |local epoch: 0, acc: 0.481, acc_v: 0.958
[2024-01-17 15:25:01] [INFO] |local epoch: 1, acc: 0.492, acc_v: 0.963
[2024-01-17 15:25:01] [INFO] |local epoch: 2, acc: 0.497, acc_v: 0.963
[2024-01-17 15:25:02] [INFO] |local epoch: 3, acc: 0.499, acc_v: 0.958
[2024-01-17 15:25:02] [INFO] |local epoch: 4, acc: 0.493, acc_v: 0.954
[2024-01-17 15:25:02] [INFO]  ---client 7
[2024-01-17 15:25:02] [INFO] |local epoch: 0, acc: 0.476, acc_v: 0.938
[2024-01-17 15:25:03] [INFO] |local epoch: 1, acc: 0.498, acc_v: 0.938
[2024-01-17 15:25:03] [INFO] |local epoch: 2, acc: 0.498, acc_v: 0.946
[2024-01-17 15:25:03] [INFO] |local epoch: 3, acc: 0.502, acc_v: 0.946
[2024-01-17 15:25:04] [INFO] |local epoch: 4, acc: 0.500, acc_v: 0.938
[2024-01-17 15:25:04] [INFO]  ---client 8
[2024-01-17 15:25:04] [INFO] |local epoch: 0, acc: 0.491, acc_v: 0.950
[2024-01-17 15:25:04] [INFO] |local epoch: 1, acc: 0.489, acc_v: 0.950
[2024-01-17 15:25:05] [INFO] |local epoch: 2, acc: 0.506, acc_v: 0.950
[2024-01-17 15:25:05] [INFO] |local epoch: 3, acc: 0.504, acc_v: 0.954
[2024-01-17 15:25:06] [INFO] |local epoch: 4, acc: 0.500, acc_v: 0.954
[2024-01-17 15:25:06] [INFO] |servers comunicated: 1, server aggregated: 0, acc_server 2: 0.502.
[2024-01-17 15:25:06] [INFO] --------------------------------------------------
[2024-01-17 15:25:06] [INFO] |server distill
[2024-01-17 15:25:06] [INFO] |server: 0, acc: 0.523
[2024-01-17 15:25:07] [INFO] |server: 0, acc: 0.559
[2024-01-17 15:25:07] [INFO] |server: 0, acc: 0.594
[2024-01-17 15:25:07] [INFO] |server: 0, acc: 0.625
[2024-01-17 15:25:07] [INFO] |server: 0, acc: 0.647
[2024-01-17 15:25:08] [INFO] |server: 1, acc: 0.378
[2024-01-17 15:25:08] [INFO] |server: 1, acc: 0.412
[2024-01-17 15:25:08] [INFO] |server: 1, acc: 0.443
[2024-01-17 15:25:09] [INFO] |server: 1, acc: 0.472
[2024-01-17 15:25:09] [INFO] |server: 1, acc: 0.498
[2024-01-17 15:25:09] [INFO] |server: 2, acc: 0.533
[2024-01-17 15:25:09] [INFO] |server: 2, acc: 0.565
[2024-01-17 15:25:10] [INFO] |server: 2, acc: 0.602
[2024-01-17 15:25:10] [INFO] |server: 2, acc: 0.634
[2024-01-17 15:25:10] [INFO] |server: 2, acc: 0.669
[2024-01-17 15:25:10] [INFO]  |epoch_client_commu: 1/5
[2024-01-17 15:25:10] [INFO]   |server: 0
[2024-01-17 15:25:10] [INFO]  ---client 0
[2024-01-17 15:25:11] [INFO] |local epoch: 0, acc: 0.476, acc_v: 0.975
[2024-01-17 15:25:11] [INFO] |local epoch: 1, acc: 0.483, acc_v: 0.975
[2024-01-17 15:25:11] [INFO] |local epoch: 2, acc: 0.526, acc_v: 0.975
[2024-01-17 15:25:12] [INFO] |local epoch: 3, acc: 0.503, acc_v: 0.971
[2024-01-17 15:25:12] [INFO] |local epoch: 4, acc: 0.521, acc_v: 0.975
[2024-01-17 15:25:12] [INFO]  ---client 1
[2024-01-17 15:25:13] [INFO] |local epoch: 0, acc: 0.468, acc_v: 0.979
[2024-01-17 15:25:13] [INFO] |local epoch: 1, acc: 0.507, acc_v: 0.979
[2024-01-17 15:25:13] [INFO] |local epoch: 2, acc: 0.505, acc_v: 0.975
[2024-01-17 15:25:14] [INFO] |local epoch: 3, acc: 0.493, acc_v: 0.979
[2024-01-17 15:25:14] [INFO] |local epoch: 4, acc: 0.503, acc_v: 0.975
[2024-01-17 15:25:14] [INFO]  ---client 2
[2024-01-17 15:25:15] [INFO] |local epoch: 0, acc: 0.461, acc_v: 0.983
[2024-01-17 15:25:15] [INFO] |local epoch: 1, acc: 0.496, acc_v: 0.983
[2024-01-17 15:25:15] [INFO] |local epoch: 2, acc: 0.503, acc_v: 0.983
[2024-01-17 15:25:16] [INFO] |local epoch: 3, acc: 0.508, acc_v: 0.988
[2024-01-17 15:25:16] [INFO] |local epoch: 4, acc: 0.504, acc_v: 0.983
[2024-01-17 15:25:16] [INFO] |servers comunicated: 1, server aggregated: 1, acc_server 0: 0.510.
[2024-01-17 15:25:16] [INFO] --------------------------------------------------
[2024-01-17 15:25:16] [INFO]   |server: 1
[2024-01-17 15:25:16] [INFO]  ---client 3
[2024-01-17 15:25:17] [INFO] |local epoch: 0, acc: 0.332, acc_v: 0.967
[2024-01-17 15:25:17] [INFO] |local epoch: 1, acc: 0.363, acc_v: 0.958
[2024-01-17 15:25:18] [INFO] |local epoch: 2, acc: 0.355, acc_v: 0.963
[2024-01-17 15:25:18] [INFO] |local epoch: 3, acc: 0.381, acc_v: 0.963
[2024-01-17 15:25:18] [INFO] |local epoch: 4, acc: 0.375, acc_v: 0.967
[2024-01-17 15:25:18] [INFO]  ---client 4
[2024-01-17 15:25:19] [INFO] |local epoch: 0, acc: 0.329, acc_v: 0.950
[2024-01-17 15:25:19] [INFO] |local epoch: 1, acc: 0.368, acc_v: 0.950
[2024-01-17 15:25:20] [INFO] |local epoch: 2, acc: 0.350, acc_v: 0.954
[2024-01-17 15:25:20] [INFO] |local epoch: 3, acc: 0.362, acc_v: 0.950
[2024-01-17 15:25:20] [INFO] |local epoch: 4, acc: 0.361, acc_v: 0.954
[2024-01-17 15:25:20] [INFO]  ---client 5
[2024-01-17 15:25:21] [INFO] |local epoch: 0, acc: 0.336, acc_v: 0.950
[2024-01-17 15:25:21] [INFO] |local epoch: 1, acc: 0.356, acc_v: 0.950
[2024-01-17 15:25:22] [INFO] |local epoch: 2, acc: 0.352, acc_v: 0.954
[2024-01-17 15:25:22] [INFO] |local epoch: 3, acc: 0.353, acc_v: 0.950
[2024-01-17 15:25:22] [INFO] |local epoch: 4, acc: 0.369, acc_v: 0.954
[2024-01-17 15:25:23] [INFO] |servers comunicated: 1, server aggregated: 1, acc_server 1: 0.368.
[2024-01-17 15:25:23] [INFO] --------------------------------------------------
[2024-01-17 15:25:23] [INFO]   |server: 2
[2024-01-17 15:25:23] [INFO]  ---client 6
[2024-01-17 15:25:23] [INFO] |local epoch: 0, acc: 0.505, acc_v: 0.950
[2024-01-17 15:25:23] [INFO] |local epoch: 1, acc: 0.509, acc_v: 0.963
[2024-01-17 15:25:24] [INFO] |local epoch: 2, acc: 0.499, acc_v: 0.954
[2024-01-17 15:25:24] [INFO] |local epoch: 3, acc: 0.517, acc_v: 0.971
[2024-01-17 15:25:25] [INFO] |local epoch: 4, acc: 0.515, acc_v: 0.954
[2024-01-17 15:25:25] [INFO]  ---client 7
[2024-01-17 15:25:25] [INFO] |local epoch: 0, acc: 0.502, acc_v: 0.946
[2024-01-17 15:25:25] [INFO] |local epoch: 1, acc: 0.504, acc_v: 0.946
[2024-01-17 15:25:26] [INFO] |local epoch: 2, acc: 0.518, acc_v: 0.942
[2024-01-17 15:25:26] [INFO] |local epoch: 3, acc: 0.523, acc_v: 0.942
[2024-01-17 15:25:27] [INFO] |local epoch: 4, acc: 0.514, acc_v: 0.946
[2024-01-17 15:25:27] [INFO]  ---client 8
[2024-01-17 15:25:27] [INFO] |local epoch: 0, acc: 0.503, acc_v: 0.942
[2024-01-17 15:25:27] [INFO] |local epoch: 1, acc: 0.522, acc_v: 0.954
[2024-01-17 15:25:28] [INFO] |local epoch: 2, acc: 0.513, acc_v: 0.950
[2024-01-17 15:25:28] [INFO] |local epoch: 3, acc: 0.518, acc_v: 0.950
[2024-01-17 15:25:28] [INFO] |local epoch: 4, acc: 0.541, acc_v: 0.946
[2024-01-17 15:25:29] [INFO] |servers comunicated: 1, server aggregated: 1, acc_server 2: 0.527.
[2024-01-17 15:25:29] [INFO] --------------------------------------------------
[2024-01-17 15:25:29] [INFO] |server distill
[2024-01-17 15:25:29] [INFO] |server: 0, acc: 0.552
[2024-01-17 15:25:29] [INFO] |server: 0, acc: 0.591
[2024-01-17 15:25:29] [INFO] |server: 0, acc: 0.625
[2024-01-17 15:25:30] [INFO] |server: 0, acc: 0.650
[2024-01-17 15:25:30] [INFO] |server: 0, acc: 0.671
[2024-01-17 15:25:30] [INFO] |server: 1, acc: 0.404
[2024-01-17 15:25:31] [INFO] |server: 1, acc: 0.435
[2024-01-17 15:25:31] [INFO] |server: 1, acc: 0.467
[2024-01-17 15:25:31] [INFO] |server: 1, acc: 0.496
[2024-01-17 15:25:31] [INFO] |server: 1, acc: 0.529
[2024-01-17 15:25:32] [INFO] |server: 2, acc: 0.561
[2024-01-17 15:25:32] [INFO] |server: 2, acc: 0.599
[2024-01-17 15:25:32] [INFO] |server: 2, acc: 0.635
[2024-01-17 15:25:33] [INFO] |server: 2, acc: 0.670
[2024-01-17 15:25:33] [INFO] |server: 2, acc: 0.699
[2024-01-17 15:25:33] [INFO]  |epoch_client_commu: 2/5
[2024-01-17 15:25:33] [INFO]   |server: 0
[2024-01-17 15:25:33] [INFO]  ---client 0
[2024-01-17 15:25:33] [INFO] |local epoch: 0, acc: 0.506, acc_v: 0.979
[2024-01-17 15:25:34] [INFO] |local epoch: 1, acc: 0.551, acc_v: 0.979
[2024-01-17 15:25:34] [INFO] |local epoch: 2, acc: 0.518, acc_v: 0.979
[2024-01-17 15:25:34] [INFO] |local epoch: 3, acc: 0.530, acc_v: 0.979
[2024-01-17 15:25:35] [INFO] |local epoch: 4, acc: 0.565, acc_v: 0.979
[2024-01-17 15:25:35] [INFO]  ---client 1
[2024-01-17 15:25:35] [INFO] |local epoch: 0, acc: 0.484, acc_v: 0.979
[2024-01-17 15:25:36] [INFO] |local epoch: 1, acc: 0.536, acc_v: 0.979
[2024-01-17 15:25:36] [INFO] |local epoch: 2, acc: 0.536, acc_v: 0.979
[2024-01-17 15:25:36] [INFO] |local epoch: 3, acc: 0.559, acc_v: 0.979
[2024-01-17 15:25:37] [INFO] |local epoch: 4, acc: 0.532, acc_v: 0.971
[2024-01-17 15:25:37] [INFO]  ---client 2
[2024-01-17 15:25:37] [INFO] |local epoch: 0, acc: 0.503, acc_v: 0.983
[2024-01-17 15:25:38] [INFO] |local epoch: 1, acc: 0.521, acc_v: 0.988
[2024-01-17 15:25:38] [INFO] |local epoch: 2, acc: 0.527, acc_v: 0.983
[2024-01-17 15:25:38] [INFO] |local epoch: 3, acc: 0.541, acc_v: 0.988
[2024-01-17 15:25:39] [INFO] |local epoch: 4, acc: 0.534, acc_v: 0.988
[2024-01-17 15:25:39] [INFO] |servers comunicated: 1, server aggregated: 2, acc_server 0: 0.547.
[2024-01-17 15:25:39] [INFO] --------------------------------------------------
[2024-01-17 15:25:39] [INFO]   |server: 1
[2024-01-17 15:25:39] [INFO]  ---client 3
[2024-01-17 15:25:39] [INFO] |local epoch: 0, acc: 0.352, acc_v: 0.958
[2024-01-17 15:25:40] [INFO] |local epoch: 1, acc: 0.387, acc_v: 0.967
[2024-01-17 15:25:40] [INFO] |local epoch: 2, acc: 0.386, acc_v: 0.967
[2024-01-17 15:25:41] [INFO] |local epoch: 3, acc: 0.402, acc_v: 0.963
[2024-01-17 15:25:41] [INFO] |local epoch: 4, acc: 0.393, acc_v: 0.967
[2024-01-17 15:25:41] [INFO]  ---client 4
[2024-01-17 15:25:41] [INFO] |local epoch: 0, acc: 0.342, acc_v: 0.950
[2024-01-17 15:25:42] [INFO] |local epoch: 1, acc: 0.392, acc_v: 0.950
[2024-01-17 15:25:42] [INFO] |local epoch: 2, acc: 0.386, acc_v: 0.954
[2024-01-17 15:25:43] [INFO] |local epoch: 3, acc: 0.383, acc_v: 0.950
[2024-01-17 15:25:43] [INFO] |local epoch: 4, acc: 0.396, acc_v: 0.950
[2024-01-17 15:25:43] [INFO]  ---client 5
[2024-01-17 15:25:43] [INFO] |local epoch: 0, acc: 0.347, acc_v: 0.954
[2024-01-17 15:25:44] [INFO] |local epoch: 1, acc: 0.381, acc_v: 0.954
[2024-01-17 15:25:44] [INFO] |local epoch: 2, acc: 0.382, acc_v: 0.950
[2024-01-17 15:25:45] [INFO] |local epoch: 3, acc: 0.387, acc_v: 0.954
[2024-01-17 15:25:45] [INFO] |local epoch: 4, acc: 0.391, acc_v: 0.954
[2024-01-17 15:25:45] [INFO] |servers comunicated: 1, server aggregated: 2, acc_server 1: 0.394.
[2024-01-17 15:25:45] [INFO] --------------------------------------------------
[2024-01-17 15:25:45] [INFO]   |server: 2
[2024-01-17 15:25:45] [INFO]  ---client 6
[2024-01-17 15:25:46] [INFO] |local epoch: 0, acc: 0.520, acc_v: 0.967
[2024-01-17 15:25:46] [INFO] |local epoch: 1, acc: 0.541, acc_v: 0.967
[2024-01-17 15:25:46] [INFO] |local epoch: 2, acc: 0.525, acc_v: 0.958
[2024-01-17 15:25:47] [INFO] |local epoch: 3, acc: 0.527, acc_v: 0.958
[2024-01-17 15:25:47] [INFO] |local epoch: 4, acc: 0.537, acc_v: 0.958
[2024-01-17 15:25:47] [INFO]  ---client 7
[2024-01-17 15:25:48] [INFO] |local epoch: 0, acc: 0.522, acc_v: 0.942
[2024-01-17 15:25:48] [INFO] |local epoch: 1, acc: 0.530, acc_v: 0.946
[2024-01-17 15:25:48] [INFO] |local epoch: 2, acc: 0.543, acc_v: 0.946
[2024-01-17 15:25:49] [INFO] |local epoch: 3, acc: 0.533, acc_v: 0.942
[2024-01-17 15:25:49] [INFO] |local epoch: 4, acc: 0.547, acc_v: 0.946
[2024-01-17 15:25:49] [INFO]  ---client 8
[2024-01-17 15:25:50] [INFO] |local epoch: 0, acc: 0.515, acc_v: 0.942
[2024-01-17 15:25:50] [INFO] |local epoch: 1, acc: 0.535, acc_v: 0.950
[2024-01-17 15:25:50] [INFO] |local epoch: 2, acc: 0.536, acc_v: 0.946
[2024-01-17 15:25:51] [INFO] |local epoch: 3, acc: 0.544, acc_v: 0.946
[2024-01-17 15:25:51] [INFO] |local epoch: 4, acc: 0.534, acc_v: 0.946
[2024-01-17 15:25:51] [INFO] |servers comunicated: 1, server aggregated: 2, acc_server 2: 0.543.
[2024-01-17 15:25:51] [INFO] --------------------------------------------------
[2024-01-17 15:25:51] [INFO] |server distill
[2024-01-17 15:25:52] [INFO] |server: 0, acc: 0.589
[2024-01-17 15:25:52] [INFO] |server: 0, acc: 0.624
[2024-01-17 15:25:52] [INFO] |server: 0, acc: 0.653
[2024-01-17 15:25:52] [INFO] |server: 0, acc: 0.675
[2024-01-17 15:25:53] [INFO] |server: 0, acc: 0.692
[2024-01-17 15:25:53] [INFO] |server: 1, acc: 0.431
[2024-01-17 15:25:53] [INFO] |server: 1, acc: 0.464
[2024-01-17 15:25:54] [INFO] |server: 1, acc: 0.498
[2024-01-17 15:25:54] [INFO] |server: 1, acc: 0.533
[2024-01-17 15:25:54] [INFO] |server: 1, acc: 0.572
[2024-01-17 15:25:54] [INFO] |server: 2, acc: 0.581
[2024-01-17 15:25:55] [INFO] |server: 2, acc: 0.621
[2024-01-17 15:25:55] [INFO] |server: 2, acc: 0.659
[2024-01-17 15:25:55] [INFO] |server: 2, acc: 0.692
[2024-01-17 15:25:56] [INFO] |server: 2, acc: 0.716
[2024-01-17 15:25:56] [INFO]  |epoch_client_commu: 3/5
[2024-01-17 15:25:56] [INFO]   |server: 0
[2024-01-17 15:25:56] [INFO]  ---client 0
[2024-01-17 15:25:56] [INFO] |local epoch: 0, acc: 0.523, acc_v: 0.979
[2024-01-17 15:25:56] [INFO] |local epoch: 1, acc: 0.583, acc_v: 0.979
[2024-01-17 15:25:57] [INFO] |local epoch: 2, acc: 0.567, acc_v: 0.975
[2024-01-17 15:25:57] [INFO] |local epoch: 3, acc: 0.559, acc_v: 0.979
[2024-01-17 15:25:58] [INFO] |local epoch: 4, acc: 0.577, acc_v: 0.983
[2024-01-17 15:25:58] [INFO]  ---client 1
[2024-01-17 15:25:58] [INFO] |local epoch: 0, acc: 0.528, acc_v: 0.979
[2024-01-17 15:25:58] [INFO] |local epoch: 1, acc: 0.548, acc_v: 0.979
[2024-01-17 15:25:59] [INFO] |local epoch: 2, acc: 0.567, acc_v: 0.979
[2024-01-17 15:25:59] [INFO] |local epoch: 3, acc: 0.538, acc_v: 0.979
[2024-01-17 15:26:00] [INFO] |local epoch: 4, acc: 0.551, acc_v: 0.975
[2024-01-17 15:26:00] [INFO]  ---client 2
[2024-01-17 15:26:00] [INFO] |local epoch: 0, acc: 0.511, acc_v: 0.983
[2024-01-17 15:26:00] [INFO] |local epoch: 1, acc: 0.563, acc_v: 0.983
[2024-01-17 15:26:01] [INFO] |local epoch: 2, acc: 0.564, acc_v: 0.988
[2024-01-17 15:26:01] [INFO] |local epoch: 3, acc: 0.548, acc_v: 0.992
[2024-01-17 15:26:02] [INFO] |local epoch: 4, acc: 0.566, acc_v: 0.983
[2024-01-17 15:26:02] [INFO] |servers comunicated: 1, server aggregated: 3, acc_server 0: 0.569.
[2024-01-17 15:26:02] [INFO] --------------------------------------------------
[2024-01-17 15:26:02] [INFO]   |server: 1
[2024-01-17 15:26:02] [INFO]  ---client 3
[2024-01-17 15:26:02] [INFO] |local epoch: 0, acc: 0.373, acc_v: 0.967
[2024-01-17 15:26:03] [INFO] |local epoch: 1, acc: 0.414, acc_v: 0.971
[2024-01-17 15:26:03] [INFO] |local epoch: 2, acc: 0.389, acc_v: 0.958
[2024-01-17 15:26:03] [INFO] |local epoch: 3, acc: 0.409, acc_v: 0.963
[2024-01-17 15:26:04] [INFO] |local epoch: 4, acc: 0.406, acc_v: 0.958
[2024-01-17 15:26:04] [INFO]  ---client 4
[2024-01-17 15:26:04] [INFO] |local epoch: 0, acc: 0.369, acc_v: 0.950
[2024-01-17 15:26:05] [INFO] |local epoch: 1, acc: 0.402, acc_v: 0.950
[2024-01-17 15:26:05] [INFO] |local epoch: 2, acc: 0.405, acc_v: 0.950
[2024-01-17 15:26:05] [INFO] |local epoch: 3, acc: 0.402, acc_v: 0.958
[2024-01-17 15:26:06] [INFO] |local epoch: 4, acc: 0.398, acc_v: 0.954
[2024-01-17 15:26:06] [INFO]  ---client 5
[2024-01-17 15:26:06] [INFO] |local epoch: 0, acc: 0.364, acc_v: 0.954
[2024-01-17 15:26:06] [INFO] |local epoch: 1, acc: 0.388, acc_v: 0.954
[2024-01-17 15:26:07] [INFO] |local epoch: 2, acc: 0.385, acc_v: 0.958
[2024-01-17 15:26:07] [INFO] |local epoch: 3, acc: 0.397, acc_v: 0.950
[2024-01-17 15:26:08] [INFO] |local epoch: 4, acc: 0.394, acc_v: 0.950
[2024-01-17 15:26:08] [INFO] |servers comunicated: 1, server aggregated: 3, acc_server 1: 0.401.
[2024-01-17 15:26:08] [INFO] --------------------------------------------------
[2024-01-17 15:26:08] [INFO]   |server: 2
[2024-01-17 15:26:08] [INFO]  ---client 6
[2024-01-17 15:26:08] [INFO] |local epoch: 0, acc: 0.530, acc_v: 0.958
[2024-01-17 15:26:09] [INFO] |local epoch: 1, acc: 0.565, acc_v: 0.963
[2024-01-17 15:26:09] [INFO] |local epoch: 2, acc: 0.553, acc_v: 0.967
[2024-01-17 15:26:10] [INFO] |local epoch: 3, acc: 0.551, acc_v: 0.967
[2024-01-17 15:26:10] [INFO] |local epoch: 4, acc: 0.564, acc_v: 0.963
[2024-01-17 15:26:10] [INFO]  ---client 7
[2024-01-17 15:26:11] [INFO] |local epoch: 0, acc: 0.540, acc_v: 0.942
[2024-01-17 15:26:11] [INFO] |local epoch: 1, acc: 0.567, acc_v: 0.933
[2024-01-17 15:26:11] [INFO] |local epoch: 2, acc: 0.556, acc_v: 0.950
[2024-01-17 15:26:12] [INFO] |local epoch: 3, acc: 0.554, acc_v: 0.938
[2024-01-17 15:26:12] [INFO] |local epoch: 4, acc: 0.569, acc_v: 0.942
[2024-01-17 15:26:12] [INFO]  ---client 8
[2024-01-17 15:26:13] [INFO] |local epoch: 0, acc: 0.531, acc_v: 0.946
[2024-01-17 15:26:13] [INFO] |local epoch: 1, acc: 0.568, acc_v: 0.946
[2024-01-17 15:26:13] [INFO] |local epoch: 2, acc: 0.547, acc_v: 0.946
[2024-01-17 15:26:14] [INFO] |local epoch: 3, acc: 0.555, acc_v: 0.946
[2024-01-17 15:26:14] [INFO] |local epoch: 4, acc: 0.558, acc_v: 0.938
[2024-01-17 15:26:14] [INFO] |servers comunicated: 1, server aggregated: 3, acc_server 2: 0.568.
[2024-01-17 15:26:14] [INFO] --------------------------------------------------
[2024-01-17 15:26:14] [INFO] |server distill
[2024-01-17 15:26:15] [INFO] |server: 0, acc: 0.611
[2024-01-17 15:26:15] [INFO] |server: 0, acc: 0.646
[2024-01-17 15:26:15] [INFO] |server: 0, acc: 0.676
[2024-01-17 15:26:15] [INFO] |server: 0, acc: 0.695
[2024-01-17 15:26:16] [INFO] |server: 0, acc: 0.705
[2024-01-17 15:26:16] [INFO] |server: 1, acc: 0.438
[2024-01-17 15:26:16] [INFO] |server: 1, acc: 0.475
[2024-01-17 15:26:17] [INFO] |server: 1, acc: 0.513
[2024-01-17 15:26:17] [INFO] |server: 1, acc: 0.548
[2024-01-17 15:26:17] [INFO] |server: 1, acc: 0.588
[2024-01-17 15:26:17] [INFO] |server: 2, acc: 0.607
[2024-01-17 15:26:18] [INFO] |server: 2, acc: 0.646
[2024-01-17 15:26:18] [INFO] |server: 2, acc: 0.679
[2024-01-17 15:26:18] [INFO] |server: 2, acc: 0.708
[2024-01-17 15:26:19] [INFO] |server: 2, acc: 0.729
[2024-01-17 15:26:19] [INFO]  |epoch_client_commu: 4/5
[2024-01-17 15:26:19] [INFO]   |server: 0
[2024-01-17 15:26:19] [INFO]  ---client 0
[2024-01-17 15:26:19] [INFO] |local epoch: 0, acc: 0.537, acc_v: 0.979
[2024-01-17 15:26:19] [INFO] |local epoch: 1, acc: 0.592, acc_v: 0.979
[2024-01-17 15:26:20] [INFO] |local epoch: 2, acc: 0.565, acc_v: 0.979
[2024-01-17 15:26:20] [INFO] |local epoch: 3, acc: 0.590, acc_v: 0.979
[2024-01-17 15:26:20] [INFO] |local epoch: 4, acc: 0.596, acc_v: 0.975
[2024-01-17 15:26:20] [INFO]  ---client 1
[2024-01-17 15:26:21] [INFO] |local epoch: 0, acc: 0.527, acc_v: 0.975
[2024-01-17 15:26:21] [INFO] |local epoch: 1, acc: 0.567, acc_v: 0.975
[2024-01-17 15:26:22] [INFO] |local epoch: 2, acc: 0.588, acc_v: 0.975
[2024-01-17 15:26:22] [INFO] |local epoch: 3, acc: 0.567, acc_v: 0.979
[2024-01-17 15:26:22] [INFO] |local epoch: 4, acc: 0.595, acc_v: 0.975
[2024-01-17 15:26:22] [INFO]  ---client 2
[2024-01-17 15:26:23] [INFO] |local epoch: 0, acc: 0.530, acc_v: 0.983
[2024-01-17 15:26:23] [INFO] |local epoch: 1, acc: 0.590, acc_v: 0.988
[2024-01-17 15:26:24] [INFO] |local epoch: 2, acc: 0.564, acc_v: 0.983
[2024-01-17 15:26:24] [INFO] |local epoch: 3, acc: 0.590, acc_v: 0.988
[2024-01-17 15:26:24] [INFO] |local epoch: 4, acc: 0.566, acc_v: 0.983
[2024-01-17 15:26:25] [INFO] |servers comunicated: 1, server aggregated: 4, acc_server 0: 0.588.
[2024-01-17 15:26:25] [INFO] --------------------------------------------------
[2024-01-17 15:26:25] [INFO]   |server: 1
[2024-01-17 15:26:25] [INFO]  ---client 3
[2024-01-17 15:26:25] [INFO] |local epoch: 0, acc: 0.388, acc_v: 0.963
[2024-01-17 15:26:25] [INFO] |local epoch: 1, acc: 0.424, acc_v: 0.958
[2024-01-17 15:26:26] [INFO] |local epoch: 2, acc: 0.424, acc_v: 0.967
[2024-01-17 15:26:26] [INFO] |local epoch: 3, acc: 0.434, acc_v: 0.967
[2024-01-17 15:26:27] [INFO] |local epoch: 4, acc: 0.434, acc_v: 0.967
[2024-01-17 15:26:27] [INFO]  ---client 4
[2024-01-17 15:26:27] [INFO] |local epoch: 0, acc: 0.389, acc_v: 0.950
[2024-01-17 15:26:27] [INFO] |local epoch: 1, acc: 0.425, acc_v: 0.954
[2024-01-17 15:26:28] [INFO] |local epoch: 2, acc: 0.408, acc_v: 0.958
[2024-01-17 15:26:28] [INFO] |local epoch: 3, acc: 0.419, acc_v: 0.963
[2024-01-17 15:26:29] [INFO] |local epoch: 4, acc: 0.413, acc_v: 0.954
[2024-01-17 15:26:29] [INFO]  ---client 5
[2024-01-17 15:26:29] [INFO] |local epoch: 0, acc: 0.384, acc_v: 0.954
[2024-01-17 15:26:29] [INFO] |local epoch: 1, acc: 0.406, acc_v: 0.958
[2024-01-17 15:26:30] [INFO] |local epoch: 2, acc: 0.412, acc_v: 0.950
[2024-01-17 15:26:30] [INFO] |local epoch: 3, acc: 0.412, acc_v: 0.950
[2024-01-17 15:26:31] [INFO] |local epoch: 4, acc: 0.416, acc_v: 0.950
[2024-01-17 15:26:31] [INFO] |servers comunicated: 1, server aggregated: 4, acc_server 1: 0.421.
[2024-01-17 15:26:31] [INFO] --------------------------------------------------
[2024-01-17 15:26:31] [INFO]   |server: 2
[2024-01-17 15:26:31] [INFO]  ---client 6
[2024-01-17 15:26:31] [INFO] |local epoch: 0, acc: 0.545, acc_v: 0.963
[2024-01-17 15:26:32] [INFO] |local epoch: 1, acc: 0.573, acc_v: 0.958
[2024-01-17 15:26:32] [INFO] |local epoch: 2, acc: 0.574, acc_v: 0.958
[2024-01-17 15:26:32] [INFO] |local epoch: 3, acc: 0.565, acc_v: 0.958
[2024-01-17 15:26:33] [INFO] |local epoch: 4, acc: 0.582, acc_v: 0.963
[2024-01-17 15:26:33] [INFO]  ---client 7
[2024-01-17 15:26:33] [INFO] |local epoch: 0, acc: 0.562, acc_v: 0.950
[2024-01-17 15:26:34] [INFO] |local epoch: 1, acc: 0.576, acc_v: 0.942
[2024-01-17 15:26:34] [INFO] |local epoch: 2, acc: 0.582, acc_v: 0.938
[2024-01-17 15:26:34] [INFO] |local epoch: 3, acc: 0.585, acc_v: 0.946
[2024-01-17 15:26:35] [INFO] |local epoch: 4, acc: 0.588, acc_v: 0.942
[2024-01-17 15:26:35] [INFO]  ---client 8
[2024-01-17 15:26:35] [INFO] |local epoch: 0, acc: 0.557, acc_v: 0.942
[2024-01-17 15:26:36] [INFO] |local epoch: 1, acc: 0.584, acc_v: 0.942
[2024-01-17 15:26:36] [INFO] |local epoch: 2, acc: 0.541, acc_v: 0.950
[2024-01-17 15:26:36] [INFO] |local epoch: 3, acc: 0.577, acc_v: 0.929
[2024-01-17 15:26:37] [INFO] |local epoch: 4, acc: 0.568, acc_v: 0.954
[2024-01-17 15:26:37] [INFO] |servers comunicated: 1, server aggregated: 4, acc_server 2: 0.580.
[2024-01-17 15:26:37] [INFO] --------------------------------------------------
[2024-01-17 15:26:37] [INFO] |server distill
[2024-01-17 15:26:37] [INFO] |server: 0, acc: 0.631
[2024-01-17 15:26:38] [INFO] |server: 0, acc: 0.666
[2024-01-17 15:26:38] [INFO] |server: 0, acc: 0.690
[2024-01-17 15:26:38] [INFO] |server: 0, acc: 0.706
[2024-01-17 15:26:38] [INFO] |server: 0, acc: 0.716
[2024-01-17 15:26:39] [INFO] |server: 1, acc: 0.459
[2024-01-17 15:26:39] [INFO] |server: 1, acc: 0.497
[2024-01-17 15:26:39] [INFO] |server: 1, acc: 0.537
[2024-01-17 15:26:39] [INFO] |server: 1, acc: 0.577
[2024-01-17 15:26:40] [INFO] |server: 1, acc: 0.616
[2024-01-17 15:26:40] [INFO] |server: 2, acc: 0.623
[2024-01-17 15:26:40] [INFO] |server: 2, acc: 0.659
[2024-01-17 15:26:41] [INFO] |server: 2, acc: 0.694
[2024-01-17 15:26:41] [INFO] |server: 2, acc: 0.724
[2024-01-17 15:26:41] [INFO] |server: 2, acc: 0.742
[2024-01-17 15:26:41] [INFO]      ********  servers comunicates  ********      
[2024-01-17 15:26:41] [INFO] --------------------------------------------------
[2024-01-17 15:26:41] [INFO] |epoch_server_commu: 2/30
[2024-01-17 15:26:41] [INFO]  |epoch_client_commu: 0/5
[2024-01-17 15:26:41] [INFO]   |server: 0
[2024-01-17 15:26:41] [INFO]  ---client 0
[2024-01-17 15:26:42] [INFO] |local epoch: 0, acc: 0.630, acc_v: 0.975
[2024-01-17 15:26:42] [INFO] |local epoch: 1, acc: 0.589, acc_v: 0.975
[2024-01-17 15:26:42] [INFO] |local epoch: 2, acc: 0.609, acc_v: 0.975
[2024-01-17 15:26:43] [INFO] |local epoch: 3, acc: 0.585, acc_v: 0.979
[2024-01-17 15:26:43] [INFO] |local epoch: 4, acc: 0.593, acc_v: 0.975
[2024-01-17 15:26:43] [INFO]  ---client 1
[2024-01-17 15:26:44] [INFO] |local epoch: 0, acc: 0.611, acc_v: 0.975
[2024-01-17 15:26:44] [INFO] |local epoch: 1, acc: 0.587, acc_v: 0.975
[2024-01-17 15:26:44] [INFO] |local epoch: 2, acc: 0.598, acc_v: 0.975
[2024-01-17 15:26:45] [INFO] |local epoch: 3, acc: 0.579, acc_v: 0.975
[2024-01-17 15:26:45] [INFO] |local epoch: 4, acc: 0.589, acc_v: 0.975
[2024-01-17 15:26:45] [INFO]  ---client 2
[2024-01-17 15:26:46] [INFO] |local epoch: 0, acc: 0.633, acc_v: 0.983
[2024-01-17 15:26:46] [INFO] |local epoch: 1, acc: 0.586, acc_v: 0.983
[2024-01-17 15:26:46] [INFO] |local epoch: 2, acc: 0.577, acc_v: 0.988
[2024-01-17 15:26:47] [INFO] |local epoch: 3, acc: 0.586, acc_v: 0.988
[2024-01-17 15:26:47] [INFO] |local epoch: 4, acc: 0.589, acc_v: 0.983
[2024-01-17 15:26:47] [INFO] |servers comunicated: 2, server aggregated: 0, acc_server 0: 0.592.
[2024-01-17 15:26:47] [INFO] --------------------------------------------------
[2024-01-17 15:26:47] [INFO]   |server: 1
[2024-01-17 15:26:47] [INFO]  ---client 3
[2024-01-17 15:26:48] [INFO] |local epoch: 0, acc: 0.455, acc_v: 0.967
[2024-01-17 15:26:48] [INFO] |local epoch: 1, acc: 0.421, acc_v: 0.967
[2024-01-17 15:26:49] [INFO] |local epoch: 2, acc: 0.441, acc_v: 0.971
[2024-01-17 15:26:49] [INFO] |local epoch: 3, acc: 0.435, acc_v: 0.967
[2024-01-17 15:26:49] [INFO] |local epoch: 4, acc: 0.436, acc_v: 0.967
[2024-01-17 15:26:49] [INFO]  ---client 4
[2024-01-17 15:26:50] [INFO] |local epoch: 0, acc: 0.457, acc_v: 0.954
[2024-01-17 15:26:50] [INFO] |local epoch: 1, acc: 0.422, acc_v: 0.954
[2024-01-17 15:26:51] [INFO] |local epoch: 2, acc: 0.423, acc_v: 0.958
[2024-01-17 15:26:51] [INFO] |local epoch: 3, acc: 0.414, acc_v: 0.958
[2024-01-17 15:26:51] [INFO] |local epoch: 4, acc: 0.439, acc_v: 0.954
[2024-01-17 15:26:51] [INFO]  ---client 5
[2024-01-17 15:26:52] [INFO] |local epoch: 0, acc: 0.457, acc_v: 0.954
[2024-01-17 15:26:52] [INFO] |local epoch: 1, acc: 0.409, acc_v: 0.958
[2024-01-17 15:26:52] [INFO] |local epoch: 2, acc: 0.431, acc_v: 0.958
[2024-01-17 15:26:53] [INFO] |local epoch: 3, acc: 0.422, acc_v: 0.958
[2024-01-17 15:26:53] [INFO] |local epoch: 4, acc: 0.420, acc_v: 0.958
[2024-01-17 15:26:53] [INFO] |servers comunicated: 2, server aggregated: 0, acc_server 1: 0.435.
[2024-01-17 15:26:53] [INFO] --------------------------------------------------
[2024-01-17 15:26:53] [INFO]   |server: 2
[2024-01-17 15:26:53] [INFO]  ---client 6
[2024-01-17 15:26:54] [INFO] |local epoch: 0, acc: 0.630, acc_v: 0.963
[2024-01-17 15:26:54] [INFO] |local epoch: 1, acc: 0.601, acc_v: 0.963
[2024-01-17 15:26:55] [INFO] |local epoch: 2, acc: 0.576, acc_v: 0.963
[2024-01-17 15:26:55] [INFO] |local epoch: 3, acc: 0.574, acc_v: 0.963
[2024-01-17 15:26:55] [INFO] |local epoch: 4, acc: 0.592, acc_v: 0.963
[2024-01-17 15:26:55] [INFO]  ---client 7
[2024-01-17 15:26:56] [INFO] |local epoch: 0, acc: 0.652, acc_v: 0.946
[2024-01-17 15:26:56] [INFO] |local epoch: 1, acc: 0.588, acc_v: 0.946
[2024-01-17 15:26:57] [INFO] |local epoch: 2, acc: 0.585, acc_v: 0.946
[2024-01-17 15:26:57] [INFO] |local epoch: 3, acc: 0.584, acc_v: 0.946
