[2024-01-17 15:21:47] [INFO] device cuda is used.
[2024-01-17 15:21:47] [INFO] cudnn is actived.
[2024-01-17 15:21:47] [INFO] 
      alpha      :  0.5  
        T        :   6   
    algorithm    :   3   
num_server_commu :  30   
num_client_commu :   5   
num_client_train :   5   
num_public_train :   5   
   batch_size    :  160  
     dataset     : mnist 
  model_select   :   1   
 num_all_client  :   9   
 num_all_server  :   3   
 num_client_data : 1200  
 num_public_data :  50   
   proportion    :  0.8  
   num_workers   :   8   
[2024-01-17 15:21:50] [INFO] --------------------------------------------------
[2024-01-17 15:21:50] [INFO] |epoch_server_commu: 0/30
[2024-01-17 15:21:50] [INFO]  |epoch_client_commu: 0/5
[2024-01-17 15:21:50] [INFO]   |server: 0
[2024-01-17 15:21:50] [INFO]  ---client 0
[2024-01-17 15:21:51] [INFO] |local epoch: 0, acc: 0.145, acc_v: 0.496
[2024-01-17 15:21:52] [INFO] |local epoch: 1, acc: 0.124, acc_v: 0.417
[2024-01-17 15:21:52] [INFO] |local epoch: 2, acc: 0.299, acc_v: 0.913
[2024-01-17 15:21:52] [INFO] |local epoch: 3, acc: 0.288, acc_v: 0.871
[2024-01-17 15:21:53] [INFO] |local epoch: 4, acc: 0.306, acc_v: 0.946
[2024-01-17 15:21:53] [INFO]  ---client 1
[2024-01-17 15:21:53] [INFO] |local epoch: 0, acc: 0.187, acc_v: 0.604
[2024-01-17 15:21:53] [INFO] |local epoch: 1, acc: 0.185, acc_v: 0.608
[2024-01-17 15:21:54] [INFO] |local epoch: 2, acc: 0.302, acc_v: 0.950
[2024-01-17 15:21:54] [INFO] |local epoch: 3, acc: 0.298, acc_v: 0.946
[2024-01-17 15:21:54] [INFO] |local epoch: 4, acc: 0.290, acc_v: 0.913
[2024-01-17 15:21:54] [INFO]  ---client 2
[2024-01-17 15:21:55] [INFO] |local epoch: 0, acc: 0.172, acc_v: 0.562
[2024-01-17 15:21:55] [INFO] |local epoch: 1, acc: 0.161, acc_v: 0.513
[2024-01-17 15:21:56] [INFO] |local epoch: 2, acc: 0.237, acc_v: 0.742
[2024-01-17 15:21:56] [INFO] |local epoch: 3, acc: 0.305, acc_v: 0.958
[2024-01-17 15:21:56] [INFO] |local epoch: 4, acc: 0.304, acc_v: 0.963
[2024-01-17 15:21:56] [INFO] |servers comunicated: 0, server aggregated: 0, acc_server 0: 0.303.
[2024-01-17 15:21:56] [INFO] --------------------------------------------------
[2024-01-17 15:21:56] [INFO]   |server: 1
[2024-01-17 15:21:56] [INFO]  ---client 3
[2024-01-17 15:21:57] [INFO] |local epoch: 0, acc: 0.186, acc_v: 0.650
[2024-01-17 15:21:57] [INFO] |local epoch: 1, acc: 0.197, acc_v: 0.704
[2024-01-17 15:21:58] [INFO] |local epoch: 2, acc: 0.196, acc_v: 0.700
[2024-01-17 15:21:58] [INFO] |local epoch: 3, acc: 0.240, acc_v: 0.838
[2024-01-17 15:21:58] [INFO] |local epoch: 4, acc: 0.242, acc_v: 0.850
[2024-01-17 15:21:58] [INFO]  ---client 4
[2024-01-17 15:21:59] [INFO] |local epoch: 0, acc: 0.196, acc_v: 0.617
[2024-01-17 15:21:59] [INFO] |local epoch: 1, acc: 0.190, acc_v: 0.588
[2024-01-17 15:21:59] [INFO] |local epoch: 2, acc: 0.195, acc_v: 0.608
[2024-01-17 15:22:00] [INFO] |local epoch: 3, acc: 0.180, acc_v: 0.683
[2024-01-17 15:22:00] [INFO] |local epoch: 4, acc: 0.245, acc_v: 0.875
[2024-01-17 15:22:00] [INFO]  ---client 5
[2024-01-17 15:22:00] [INFO] |local epoch: 0, acc: 0.195, acc_v: 0.625
[2024-01-17 15:22:01] [INFO] |local epoch: 1, acc: 0.196, acc_v: 0.633
[2024-01-17 15:22:01] [INFO] |local epoch: 2, acc: 0.197, acc_v: 0.638
[2024-01-17 15:22:02] [INFO] |local epoch: 3, acc: 0.241, acc_v: 0.821
[2024-01-17 15:22:02] [INFO] |local epoch: 4, acc: 0.239, acc_v: 0.821
[2024-01-17 15:22:02] [INFO] |servers comunicated: 0, server aggregated: 0, acc_server 1: 0.239.
[2024-01-17 15:22:02] [INFO] --------------------------------------------------
[2024-01-17 15:22:02] [INFO]   |server: 2
[2024-01-17 15:22:02] [INFO]  ---client 6
[2024-01-17 15:22:03] [INFO] |local epoch: 0, acc: 0.143, acc_v: 0.313
[2024-01-17 15:22:03] [INFO] |local epoch: 1, acc: 0.101, acc_v: 0.221
[2024-01-17 15:22:03] [INFO] |local epoch: 2, acc: 0.296, acc_v: 0.738
[2024-01-17 15:22:04] [INFO] |local epoch: 3, acc: 0.316, acc_v: 0.813
[2024-01-17 15:22:04] [INFO] |local epoch: 4, acc: 0.301, acc_v: 0.783
[2024-01-17 15:22:04] [INFO]  ---client 7
[2024-01-17 15:22:04] [INFO] |local epoch: 0, acc: 0.176, acc_v: 0.392
[2024-01-17 15:22:05] [INFO] |local epoch: 1, acc: 0.101, acc_v: 0.242
[2024-01-17 15:22:05] [INFO] |local epoch: 2, acc: 0.297, acc_v: 0.754
[2024-01-17 15:22:05] [INFO] |local epoch: 3, acc: 0.262, acc_v: 0.683
[2024-01-17 15:22:06] [INFO] |local epoch: 4, acc: 0.288, acc_v: 0.733
[2024-01-17 15:22:06] [INFO]  ---client 8
[2024-01-17 15:22:06] [INFO] |local epoch: 0, acc: 0.179, acc_v: 0.392
[2024-01-17 15:22:07] [INFO] |local epoch: 1, acc: 0.101, acc_v: 0.246
[2024-01-17 15:22:07] [INFO] |local epoch: 2, acc: 0.214, acc_v: 0.496
[2024-01-17 15:22:07] [INFO] |local epoch: 3, acc: 0.283, acc_v: 0.725
[2024-01-17 15:22:08] [INFO] |local epoch: 4, acc: 0.335, acc_v: 0.858
[2024-01-17 15:22:08] [INFO] |servers comunicated: 0, server aggregated: 0, acc_server 2: 0.326.
[2024-01-17 15:22:08] [INFO] --------------------------------------------------
[2024-01-17 15:22:08] [INFO] |server distill
[2024-01-17 15:22:08] [INFO] |server: 0, acc: 0.296
[2024-01-17 15:22:09] [INFO] |server: 0, acc: 0.288
[2024-01-17 15:22:09] [INFO] |server: 0, acc: 0.279
[2024-01-17 15:22:09] [INFO] |server: 0, acc: 0.271
[2024-01-17 15:22:09] [INFO] |server: 0, acc: 0.268
[2024-01-17 15:22:10] [INFO] |server: 1, acc: 0.240
[2024-01-17 15:22:10] [INFO] |server: 1, acc: 0.240
[2024-01-17 15:22:10] [INFO] |server: 1, acc: 0.240
[2024-01-17 15:22:11] [INFO] |server: 1, acc: 0.240
[2024-01-17 15:22:11] [INFO] |server: 1, acc: 0.237
[2024-01-17 15:22:11] [INFO] |server: 2, acc: 0.311
[2024-01-17 15:22:11] [INFO] |server: 2, acc: 0.304
[2024-01-17 15:22:12] [INFO] |server: 2, acc: 0.292
[2024-01-17 15:22:12] [INFO] |server: 2, acc: 0.287
[2024-01-17 15:22:12] [INFO] |server: 2, acc: 0.275
[2024-01-17 15:22:12] [INFO]  |epoch_client_commu: 1/5
[2024-01-17 15:22:12] [INFO]   |server: 0
[2024-01-17 15:22:12] [INFO]  ---client 0
[2024-01-17 15:22:13] [INFO] |local epoch: 0, acc: 0.306, acc_v: 0.946
[2024-01-17 15:22:13] [INFO] |local epoch: 1, acc: 0.305, acc_v: 0.954
[2024-01-17 15:22:13] [INFO] |local epoch: 2, acc: 0.306, acc_v: 0.950
[2024-01-17 15:22:14] [INFO] |local epoch: 3, acc: 0.307, acc_v: 0.946
[2024-01-17 15:22:14] [INFO] |local epoch: 4, acc: 0.309, acc_v: 0.954
[2024-01-17 15:22:14] [INFO]  ---client 1
[2024-01-17 15:22:15] [INFO] |local epoch: 0, acc: 0.306, acc_v: 0.958
[2024-01-17 15:22:15] [INFO] |local epoch: 1, acc: 0.305, acc_v: 0.958
[2024-01-17 15:22:15] [INFO] |local epoch: 2, acc: 0.305, acc_v: 0.971
[2024-01-17 15:22:16] [INFO] |local epoch: 3, acc: 0.308, acc_v: 0.971
[2024-01-17 15:22:16] [INFO] |local epoch: 4, acc: 0.309, acc_v: 0.971
[2024-01-17 15:22:16] [INFO]  ---client 2
[2024-01-17 15:22:17] [INFO] |local epoch: 0, acc: 0.306, acc_v: 0.967
[2024-01-17 15:22:17] [INFO] |local epoch: 1, acc: 0.305, acc_v: 0.958
[2024-01-17 15:22:17] [INFO] |local epoch: 2, acc: 0.304, acc_v: 0.975
[2024-01-17 15:22:18] [INFO] |local epoch: 3, acc: 0.303, acc_v: 0.958
[2024-01-17 15:22:18] [INFO] |local epoch: 4, acc: 0.309, acc_v: 0.983
[2024-01-17 15:22:18] [INFO] |servers comunicated: 0, server aggregated: 1, acc_server 0: 0.309.
[2024-01-17 15:22:18] [INFO] --------------------------------------------------
[2024-01-17 15:22:18] [INFO]   |server: 1
[2024-01-17 15:22:18] [INFO]  ---client 3
[2024-01-17 15:22:19] [INFO] |local epoch: 0, acc: 0.241, acc_v: 0.850
[2024-01-17 15:22:19] [INFO] |local epoch: 1, acc: 0.244, acc_v: 0.854
[2024-01-17 15:22:20] [INFO] |local epoch: 2, acc: 0.254, acc_v: 0.892
[2024-01-17 15:22:20] [INFO] |local epoch: 3, acc: 0.261, acc_v: 0.925
[2024-01-17 15:22:20] [INFO] |local epoch: 4, acc: 0.259, acc_v: 0.929
[2024-01-17 15:22:20] [INFO]  ---client 4
[2024-01-17 15:22:21] [INFO] |local epoch: 0, acc: 0.245, acc_v: 0.875
[2024-01-17 15:22:21] [INFO] |local epoch: 1, acc: 0.249, acc_v: 0.871
[2024-01-17 15:22:21] [INFO] |local epoch: 2, acc: 0.256, acc_v: 0.892
[2024-01-17 15:22:22] [INFO] |local epoch: 3, acc: 0.263, acc_v: 0.900
[2024-01-17 15:22:22] [INFO] |local epoch: 4, acc: 0.264, acc_v: 0.925
[2024-01-17 15:22:22] [INFO]  ---client 5
[2024-01-17 15:22:23] [INFO] |local epoch: 0, acc: 0.238, acc_v: 0.804
[2024-01-17 15:22:23] [INFO] |local epoch: 1, acc: 0.245, acc_v: 0.829
[2024-01-17 15:22:23] [INFO] |local epoch: 2, acc: 0.254, acc_v: 0.842
[2024-01-17 15:22:24] [INFO] |local epoch: 3, acc: 0.256, acc_v: 0.850
[2024-01-17 15:22:24] [INFO] |local epoch: 4, acc: 0.261, acc_v: 0.875
[2024-01-17 15:22:24] [INFO] |servers comunicated: 0, server aggregated: 1, acc_server 1: 0.265.
[2024-01-17 15:22:24] [INFO] --------------------------------------------------
[2024-01-17 15:22:24] [INFO]   |server: 2
[2024-01-17 15:22:24] [INFO]  ---client 6
[2024-01-17 15:22:25] [INFO] |local epoch: 0, acc: 0.342, acc_v: 0.875
[2024-01-17 15:22:25] [INFO] |local epoch: 1, acc: 0.352, acc_v: 0.917
[2024-01-17 15:22:26] [INFO] |local epoch: 2, acc: 0.354, acc_v: 0.913
[2024-01-17 15:22:26] [INFO] |local epoch: 3, acc: 0.360, acc_v: 0.921
[2024-01-17 15:22:27] [INFO] |local epoch: 4, acc: 0.361, acc_v: 0.933
[2024-01-17 15:22:27] [INFO]  ---client 7
[2024-01-17 15:22:27] [INFO] |local epoch: 0, acc: 0.348, acc_v: 0.892
[2024-01-17 15:22:27] [INFO] |local epoch: 1, acc: 0.334, acc_v: 0.879
[2024-01-17 15:22:28] [INFO] |local epoch: 2, acc: 0.344, acc_v: 0.892
[2024-01-17 15:22:28] [INFO] |local epoch: 3, acc: 0.355, acc_v: 0.904
[2024-01-17 15:22:29] [INFO] |local epoch: 4, acc: 0.361, acc_v: 0.921
[2024-01-17 15:22:29] [INFO]  ---client 8
[2024-01-17 15:22:29] [INFO] |local epoch: 0, acc: 0.344, acc_v: 0.867
[2024-01-17 15:22:29] [INFO] |local epoch: 1, acc: 0.346, acc_v: 0.896
[2024-01-17 15:22:30] [INFO] |local epoch: 2, acc: 0.348, acc_v: 0.892
[2024-01-17 15:22:30] [INFO] |local epoch: 3, acc: 0.352, acc_v: 0.921
[2024-01-17 15:22:31] [INFO] |local epoch: 4, acc: 0.362, acc_v: 0.929
[2024-01-17 15:22:31] [INFO] |servers comunicated: 0, server aggregated: 1, acc_server 2: 0.363.
[2024-01-17 15:22:31] [INFO] --------------------------------------------------
[2024-01-17 15:22:31] [INFO] |server distill
[2024-01-17 15:22:31] [INFO] |server: 0, acc: 0.309
[2024-01-17 15:22:31] [INFO] |server: 0, acc: 0.319
[2024-01-17 15:22:32] [INFO] |server: 0, acc: 0.342
[2024-01-17 15:22:32] [INFO] |server: 0, acc: 0.361
[2024-01-17 15:22:32] [INFO] |server: 0, acc: 0.384
[2024-01-17 15:22:33] [INFO] |server: 1, acc: 0.265
[2024-01-17 15:22:33] [INFO] |server: 1, acc: 0.264
[2024-01-17 15:22:33] [INFO] |server: 1, acc: 0.263
[2024-01-17 15:22:33] [INFO] |server: 1, acc: 0.262
[2024-01-17 15:22:34] [INFO] |server: 1, acc: 0.261
[2024-01-17 15:22:34] [INFO] |server: 2, acc: 0.362
[2024-01-17 15:22:34] [INFO] |server: 2, acc: 0.360
[2024-01-17 15:22:35] [INFO] |server: 2, acc: 0.357
[2024-01-17 15:22:35] [INFO] |server: 2, acc: 0.357
[2024-01-17 15:22:35] [INFO] |server: 2, acc: 0.388
[2024-01-17 15:22:35] [INFO]  |epoch_client_commu: 2/5
[2024-01-17 15:22:35] [INFO]   |server: 0
[2024-01-17 15:22:35] [INFO]  ---client 0
[2024-01-17 15:22:36] [INFO] |local epoch: 0, acc: 0.309, acc_v: 0.950
[2024-01-17 15:22:36] [INFO] |local epoch: 1, acc: 0.324, acc_v: 0.963
[2024-01-17 15:22:37] [INFO] |local epoch: 2, acc: 0.313, acc_v: 0.967
[2024-01-17 15:22:37] [INFO] |local epoch: 3, acc: 0.331, acc_v: 0.967
[2024-01-17 15:22:37] [INFO] |local epoch: 4, acc: 0.335, acc_v: 0.971
[2024-01-17 15:22:37] [INFO]  ---client 1
[2024-01-17 15:22:38] [INFO] |local epoch: 0, acc: 0.309, acc_v: 0.971
[2024-01-17 15:22:38] [INFO] |local epoch: 1, acc: 0.313, acc_v: 0.971
[2024-01-17 15:22:39] [INFO] |local epoch: 2, acc: 0.321, acc_v: 0.979
[2024-01-17 15:22:39] [INFO] |local epoch: 3, acc: 0.331, acc_v: 0.975
[2024-01-17 15:22:39] [INFO] |local epoch: 4, acc: 0.357, acc_v: 0.979
[2024-01-17 15:22:39] [INFO]  ---client 2
[2024-01-17 15:22:40] [INFO] |local epoch: 0, acc: 0.310, acc_v: 0.979
[2024-01-17 15:22:40] [INFO] |local epoch: 1, acc: 0.324, acc_v: 0.975
[2024-01-17 15:22:41] [INFO] |local epoch: 2, acc: 0.319, acc_v: 0.975
[2024-01-17 15:22:41] [INFO] |local epoch: 3, acc: 0.327, acc_v: 0.971
[2024-01-17 15:22:41] [INFO] |local epoch: 4, acc: 0.341, acc_v: 0.988
[2024-01-17 15:22:42] [INFO] |servers comunicated: 0, server aggregated: 2, acc_server 0: 0.347.
[2024-01-17 15:22:42] [INFO] --------------------------------------------------
[2024-01-17 15:22:42] [INFO]   |server: 1
[2024-01-17 15:22:42] [INFO]  ---client 3
[2024-01-17 15:22:42] [INFO] |local epoch: 0, acc: 0.267, acc_v: 0.942
[2024-01-17 15:22:42] [INFO] |local epoch: 1, acc: 0.267, acc_v: 0.946
[2024-01-17 15:22:43] [INFO] |local epoch: 2, acc: 0.270, acc_v: 0.958
[2024-01-17 15:22:43] [INFO] |local epoch: 3, acc: 0.272, acc_v: 0.954
[2024-01-17 15:22:44] [INFO] |local epoch: 4, acc: 0.273, acc_v: 0.946
[2024-01-17 15:22:44] [INFO]  ---client 4
[2024-01-17 15:22:44] [INFO] |local epoch: 0, acc: 0.267, acc_v: 0.925
[2024-01-17 15:22:45] [INFO] |local epoch: 1, acc: 0.269, acc_v: 0.933
[2024-01-17 15:22:45] [INFO] |local epoch: 2, acc: 0.272, acc_v: 0.942
[2024-01-17 15:22:45] [INFO] |local epoch: 3, acc: 0.268, acc_v: 0.913
[2024-01-17 15:22:46] [INFO] |local epoch: 4, acc: 0.271, acc_v: 0.933
[2024-01-17 15:22:46] [INFO]  ---client 5
[2024-01-17 15:22:46] [INFO] |local epoch: 0, acc: 0.266, acc_v: 0.904
[2024-01-17 15:22:47] [INFO] |local epoch: 1, acc: 0.270, acc_v: 0.921
[2024-01-17 15:22:47] [INFO] |local epoch: 2, acc: 0.270, acc_v: 0.933
[2024-01-17 15:22:47] [INFO] |local epoch: 3, acc: 0.266, acc_v: 0.904
