[2024-01-17 15:22:50] [INFO] device cuda is used.
[2024-01-17 15:22:50] [INFO] cudnn is actived.
[2024-01-17 15:22:50] [INFO] 
      alpha      :  0.5  
        T        :   6   
    algorithm    :   3   
num_server_commu :  30   
num_client_commu :   5   
num_client_train :   5   
num_public_train :   5   
   batch_size    :  160  
     dataset     : mnist 
  model_select   :   1   
 num_all_client  :   9   
 num_all_server  :   3   
 num_client_data : 1200  
 num_public_data :  50   
   proportion    :  0.8  
   num_workers   :   8   
[2024-01-17 15:22:53] [INFO] --------------------------------------------------
[2024-01-17 15:22:53] [INFO] |epoch_server_commu: 0/30
[2024-01-17 15:22:53] [INFO]  |epoch_client_commu: 0/5
[2024-01-17 15:22:53] [INFO]   |server: 0
[2024-01-17 15:22:53] [INFO]  ---client 0
