[2024-01-17 15:48:28] [INFO] device cuda is used.
[2024-01-17 15:48:28] [INFO] cudnn is actived.
[2024-01-17 15:48:28] [INFO] 
      alpha      :  0.5  
        T        :   6   
    algorithm    :   3   
num_server_commu :  30   
num_client_commu :   5   
num_client_train :   5   
num_public_train :   5   
   batch_size    :  160  
     dataset     : mnist 
  model_select   :   1   
 num_all_client  :   9   
 num_all_server  :   3   
 num_client_data : 1200  
 num_public_data :  50   
   proportion    :  0.8  
   num_workers   :   8   
[2024-01-17 15:48:31] [INFO] --------------------------------------------------
[2024-01-17 15:48:31] [INFO] |epoch_server_commu: 0/30
[2024-01-17 15:48:31] [INFO]  |epoch_client_commu: 0/5
[2024-01-17 15:48:31] [INFO]   |server: 0
[2024-01-17 15:48:31] [INFO]  ---client 0
[2024-01-17 15:48:32] [INFO] |local epoch: 0, acc: 0.145, acc_v: 0.496
[2024-01-17 15:48:33] [INFO] |local epoch: 1, acc: 0.124, acc_v: 0.417
[2024-01-17 15:48:33] [INFO] |local epoch: 2, acc: 0.299, acc_v: 0.913
[2024-01-17 15:48:33] [INFO] |local epoch: 3, acc: 0.288, acc_v: 0.871
[2024-01-17 15:48:34] [INFO] |local epoch: 4, acc: 0.306, acc_v: 0.946
[2024-01-17 15:48:34] [INFO]  ---client 1
[2024-01-17 15:48:34] [INFO] |local epoch: 0, acc: 0.187, acc_v: 0.604
[2024-01-17 15:48:34] [INFO] |local epoch: 1, acc: 0.185, acc_v: 0.608
[2024-01-17 15:48:35] [INFO] |local epoch: 2, acc: 0.302, acc_v: 0.950
[2024-01-17 15:48:35] [INFO] |local epoch: 3, acc: 0.298, acc_v: 0.946
[2024-01-17 15:48:35] [INFO] |local epoch: 4, acc: 0.290, acc_v: 0.913
[2024-01-17 15:48:35] [INFO]  ---client 2
[2024-01-17 15:48:36] [INFO] |local epoch: 0, acc: 0.172, acc_v: 0.562
[2024-01-17 15:48:36] [INFO] |local epoch: 1, acc: 0.161, acc_v: 0.513
[2024-01-17 15:48:36] [INFO] |local epoch: 2, acc: 0.237, acc_v: 0.742
[2024-01-17 15:48:37] [INFO] |local epoch: 3, acc: 0.305, acc_v: 0.958
[2024-01-17 15:48:37] [INFO] |local epoch: 4, acc: 0.304, acc_v: 0.963
[2024-01-17 15:48:37] [INFO] |servers comunicated: 0, server aggregated: 0, acc_server 0: 0.303.
[2024-01-17 15:48:37] [INFO] --------------------------------------------------
[2024-01-17 15:48:37] [INFO]   |server: 1
[2024-01-17 15:48:37] [INFO]  ---client 3
[2024-01-17 15:48:37] [INFO] |local epoch: 0, acc: 0.186, acc_v: 0.650
[2024-01-17 15:48:38] [INFO] |local epoch: 1, acc: 0.197, acc_v: 0.704
[2024-01-17 15:48:38] [INFO] |local epoch: 2, acc: 0.196, acc_v: 0.700
[2024-01-17 15:48:38] [INFO] |local epoch: 3, acc: 0.240, acc_v: 0.838
[2024-01-17 15:48:39] [INFO] |local epoch: 4, acc: 0.242, acc_v: 0.850
[2024-01-17 15:48:39] [INFO]  ---client 4
[2024-01-17 15:48:39] [INFO] |local epoch: 0, acc: 0.196, acc_v: 0.617
[2024-01-17 15:48:39] [INFO] |local epoch: 1, acc: 0.190, acc_v: 0.588
[2024-01-17 15:48:40] [INFO] |local epoch: 2, acc: 0.195, acc_v: 0.608
[2024-01-17 15:48:40] [INFO] |local epoch: 3, acc: 0.180, acc_v: 0.683
[2024-01-17 15:48:40] [INFO] |local epoch: 4, acc: 0.245, acc_v: 0.875
[2024-01-17 15:48:40] [INFO]  ---client 5
[2024-01-17 15:48:41] [INFO] |local epoch: 0, acc: 0.195, acc_v: 0.625
[2024-01-17 15:48:41] [INFO] |local epoch: 1, acc: 0.196, acc_v: 0.633
[2024-01-17 15:48:41] [INFO] |local epoch: 2, acc: 0.197, acc_v: 0.638
[2024-01-17 15:48:42] [INFO] |local epoch: 3, acc: 0.241, acc_v: 0.821
[2024-01-17 15:48:42] [INFO] |local epoch: 4, acc: 0.239, acc_v: 0.821
[2024-01-17 15:48:42] [INFO] |servers comunicated: 0, server aggregated: 0, acc_server 1: 0.239.
[2024-01-17 15:48:42] [INFO] --------------------------------------------------
[2024-01-17 15:48:42] [INFO]   |server: 2
[2024-01-17 15:48:42] [INFO]  ---client 6
[2024-01-17 15:48:43] [INFO] |local epoch: 0, acc: 0.143, acc_v: 0.313
[2024-01-17 15:48:43] [INFO] |local epoch: 1, acc: 0.101, acc_v: 0.221
[2024-01-17 15:48:43] [INFO] |local epoch: 2, acc: 0.296, acc_v: 0.738
[2024-01-17 15:48:44] [INFO] |local epoch: 3, acc: 0.316, acc_v: 0.813
[2024-01-17 15:48:44] [INFO] |local epoch: 4, acc: 0.301, acc_v: 0.783
[2024-01-17 15:48:44] [INFO]  ---client 7
[2024-01-17 15:48:44] [INFO] |local epoch: 0, acc: 0.176, acc_v: 0.392
[2024-01-17 15:48:45] [INFO] |local epoch: 1, acc: 0.101, acc_v: 0.242
[2024-01-17 15:48:45] [INFO] |local epoch: 2, acc: 0.297, acc_v: 0.754
[2024-01-17 15:48:45] [INFO] |local epoch: 3, acc: 0.262, acc_v: 0.683
[2024-01-17 15:48:46] [INFO] |local epoch: 4, acc: 0.288, acc_v: 0.733
[2024-01-17 15:48:46] [INFO]  ---client 8
[2024-01-17 15:48:46] [INFO] |local epoch: 0, acc: 0.179, acc_v: 0.392
[2024-01-17 15:48:46] [INFO] |local epoch: 1, acc: 0.101, acc_v: 0.246
[2024-01-17 15:48:47] [INFO] |local epoch: 2, acc: 0.214, acc_v: 0.496
[2024-01-17 15:48:47] [INFO] |local epoch: 3, acc: 0.283, acc_v: 0.725
[2024-01-17 15:48:47] [INFO] |local epoch: 4, acc: 0.335, acc_v: 0.858
[2024-01-17 15:48:47] [INFO] |servers comunicated: 0, server aggregated: 0, acc_server 2: 0.326.
[2024-01-17 15:48:47] [INFO] --------------------------------------------------
[2024-01-17 15:48:47] [INFO]  |epoch_client_commu: 1/5
[2024-01-17 15:48:47] [INFO]   |server: 0
[2024-01-17 15:48:47] [INFO]  ---client 0
[2024-01-17 15:48:48] [INFO] |local epoch: 0, acc: 0.301, acc_v: 0.938
[2024-01-17 15:48:48] [INFO] |local epoch: 1, acc: 0.307, acc_v: 0.950
[2024-01-17 15:48:48] [INFO] |local epoch: 2, acc: 0.308, acc_v: 0.954
[2024-01-17 15:48:49] [INFO] |local epoch: 3, acc: 0.308, acc_v: 0.950
[2024-01-17 15:48:49] [INFO] |local epoch: 4, acc: 0.305, acc_v: 0.946
[2024-01-17 15:48:49] [INFO]  ---client 1
[2024-01-17 15:48:49] [INFO] |local epoch: 0, acc: 0.298, acc_v: 0.946
[2024-01-17 15:48:50] [INFO] |local epoch: 1, acc: 0.303, acc_v: 0.963
[2024-01-17 15:48:50] [INFO] |local epoch: 2, acc: 0.305, acc_v: 0.971
[2024-01-17 15:48:50] [INFO] |local epoch: 3, acc: 0.308, acc_v: 0.971
[2024-01-17 15:48:51] [INFO] |local epoch: 4, acc: 0.311, acc_v: 0.971
[2024-01-17 15:48:51] [INFO]  ---client 2
[2024-01-17 15:48:51] [INFO] |local epoch: 0, acc: 0.304, acc_v: 0.958
[2024-01-17 15:48:51] [INFO] |local epoch: 1, acc: 0.306, acc_v: 0.975
[2024-01-17 15:48:52] [INFO] |local epoch: 2, acc: 0.308, acc_v: 0.979
[2024-01-17 15:48:52] [INFO] |local epoch: 3, acc: 0.307, acc_v: 0.983
[2024-01-17 15:48:52] [INFO] |local epoch: 4, acc: 0.307, acc_v: 0.979
[2024-01-17 15:48:52] [INFO] |servers comunicated: 0, server aggregated: 1, acc_server 0: 0.308.
[2024-01-17 15:48:52] [INFO] --------------------------------------------------
[2024-01-17 15:48:52] [INFO]   |server: 1
[2024-01-17 15:48:52] [INFO]  ---client 3
[2024-01-17 15:48:53] [INFO] |local epoch: 0, acc: 0.247, acc_v: 0.871
[2024-01-17 15:48:53] [INFO] |local epoch: 1, acc: 0.252, acc_v: 0.883
[2024-01-17 15:48:53] [INFO] |local epoch: 2, acc: 0.255, acc_v: 0.892
[2024-01-17 15:48:54] [INFO] |local epoch: 3, acc: 0.260, acc_v: 0.913
[2024-01-17 15:48:54] [INFO] |local epoch: 4, acc: 0.263, acc_v: 0.925
[2024-01-17 15:48:54] [INFO]  ---client 4
[2024-01-17 15:48:54] [INFO] |local epoch: 0, acc: 0.246, acc_v: 0.858
[2024-01-17 15:48:55] [INFO] |local epoch: 1, acc: 0.259, acc_v: 0.908
[2024-01-17 15:48:55] [INFO] |local epoch: 2, acc: 0.260, acc_v: 0.888
[2024-01-17 15:48:55] [INFO] |local epoch: 3, acc: 0.266, acc_v: 0.925
[2024-01-17 15:48:56] [INFO] |local epoch: 4, acc: 0.262, acc_v: 0.925
[2024-01-17 15:48:56] [INFO]  ---client 5
[2024-01-17 15:48:56] [INFO] |local epoch: 0, acc: 0.246, acc_v: 0.846
[2024-01-17 15:48:56] [INFO] |local epoch: 1, acc: 0.253, acc_v: 0.850
[2024-01-17 15:48:57] [INFO] |local epoch: 2, acc: 0.246, acc_v: 0.829
[2024-01-17 15:48:57] [INFO] |local epoch: 3, acc: 0.258, acc_v: 0.888
[2024-01-17 15:48:57] [INFO] |local epoch: 4, acc: 0.266, acc_v: 0.933
[2024-01-17 15:48:58] [INFO] |servers comunicated: 0, server aggregated: 1, acc_server 1: 0.266.
[2024-01-17 15:48:58] [INFO] --------------------------------------------------
[2024-01-17 15:48:58] [INFO]   |server: 2
[2024-01-17 15:48:58] [INFO]  ---client 6
[2024-01-17 15:48:58] [INFO] |local epoch: 0, acc: 0.336, acc_v: 0.879
[2024-01-17 15:48:58] [INFO] |local epoch: 1, acc: 0.347, acc_v: 0.896
[2024-01-17 15:48:59] [INFO] |local epoch: 2, acc: 0.357, acc_v: 0.921
[2024-01-17 15:48:59] [INFO] |local epoch: 3, acc: 0.359, acc_v: 0.929
[2024-01-17 15:48:59] [INFO] |local epoch: 4, acc: 0.363, acc_v: 0.942
[2024-01-17 15:48:59] [INFO]  ---client 7
[2024-01-17 15:49:00] [INFO] |local epoch: 0, acc: 0.321, acc_v: 0.817
[2024-01-17 15:49:00] [INFO] |local epoch: 1, acc: 0.342, acc_v: 0.879
[2024-01-17 15:49:00] [INFO] |local epoch: 2, acc: 0.356, acc_v: 0.913
[2024-01-17 15:49:01] [INFO] |local epoch: 3, acc: 0.359, acc_v: 0.917
[2024-01-17 15:49:01] [INFO] |local epoch: 4, acc: 0.358, acc_v: 0.913
[2024-01-17 15:49:01] [INFO]  ---client 8
[2024-01-17 15:49:01] [INFO] |local epoch: 0, acc: 0.324, acc_v: 0.854
[2024-01-17 15:49:02] [INFO] |local epoch: 1, acc: 0.344, acc_v: 0.879
[2024-01-17 15:49:02] [INFO] |local epoch: 2, acc: 0.352, acc_v: 0.900
[2024-01-17 15:49:02] [INFO] |local epoch: 3, acc: 0.358, acc_v: 0.913
[2024-01-17 15:49:03] [INFO] |local epoch: 4, acc: 0.362, acc_v: 0.913
[2024-01-17 15:49:03] [INFO] |servers comunicated: 0, server aggregated: 1, acc_server 2: 0.363.
[2024-01-17 15:49:03] [INFO] --------------------------------------------------
[2024-01-17 15:49:03] [INFO]  |epoch_client_commu: 2/5
[2024-01-17 15:49:03] [INFO]   |server: 0
[2024-01-17 15:49:03] [INFO]  ---client 0
[2024-01-17 15:49:03] [INFO] |local epoch: 0, acc: 0.317, acc_v: 0.958
[2024-01-17 15:49:03] [INFO] |local epoch: 1, acc: 0.323, acc_v: 0.971
[2024-01-17 15:49:04] [INFO] |local epoch: 2, acc: 0.323, acc_v: 0.954
[2024-01-17 15:49:04] [INFO] |local epoch: 3, acc: 0.339, acc_v: 0.967
[2024-01-17 15:49:04] [INFO] |local epoch: 4, acc: 0.342, acc_v: 0.971
[2024-01-17 15:49:04] [INFO]  ---client 1
[2024-01-17 15:49:05] [INFO] |local epoch: 0, acc: 0.316, acc_v: 0.975
[2024-01-17 15:49:05] [INFO] |local epoch: 1, acc: 0.324, acc_v: 0.979
[2024-01-17 15:49:05] [INFO] |local epoch: 2, acc: 0.358, acc_v: 0.979
[2024-01-17 15:49:06] [INFO] |local epoch: 3, acc: 0.343, acc_v: 0.967
[2024-01-17 15:49:06] [INFO] |local epoch: 4, acc: 0.354, acc_v: 0.967
[2024-01-17 15:49:06] [INFO]  ---client 2
[2024-01-17 15:49:06] [INFO] |local epoch: 0, acc: 0.311, acc_v: 0.988
[2024-01-17 15:49:07] [INFO] |local epoch: 1, acc: 0.324, acc_v: 0.983
[2024-01-17 15:49:07] [INFO] |local epoch: 2, acc: 0.339, acc_v: 0.983
[2024-01-17 15:49:07] [INFO] |local epoch: 3, acc: 0.341, acc_v: 0.979
[2024-01-17 15:49:08] [INFO] |local epoch: 4, acc: 0.348, acc_v: 0.988
[2024-01-17 15:49:08] [INFO] |servers comunicated: 0, server aggregated: 2, acc_server 0: 0.348.
[2024-01-17 15:49:08] [INFO] --------------------------------------------------
[2024-01-17 15:49:08] [INFO]   |server: 1
[2024-01-17 15:49:08] [INFO]  ---client 3
[2024-01-17 15:49:08] [INFO] |local epoch: 0, acc: 0.264, acc_v: 0.933
[2024-01-17 15:49:09] [INFO] |local epoch: 1, acc: 0.269, acc_v: 0.942
[2024-01-17 15:49:09] [INFO] |local epoch: 2, acc: 0.260, acc_v: 0.929
[2024-01-17 15:49:09] [INFO] |local epoch: 3, acc: 0.271, acc_v: 0.946
[2024-01-17 15:49:10] [INFO] |local epoch: 4, acc: 0.273, acc_v: 0.950
[2024-01-17 15:49:10] [INFO]  ---client 4
[2024-01-17 15:49:10] [INFO] |local epoch: 0, acc: 0.268, acc_v: 0.938
[2024-01-17 15:49:10] [INFO] |local epoch: 1, acc: 0.271, acc_v: 0.938
[2024-01-17 15:49:11] [INFO] |local epoch: 2, acc: 0.270, acc_v: 0.946
[2024-01-17 15:49:11] [INFO] |local epoch: 3, acc: 0.272, acc_v: 0.954
[2024-01-17 15:49:11] [INFO] |local epoch: 4, acc: 0.273, acc_v: 0.950
[2024-01-17 15:49:11] [INFO]  ---client 5
[2024-01-17 15:49:12] [INFO] |local epoch: 0, acc: 0.266, acc_v: 0.913
[2024-01-17 15:49:12] [INFO] |local epoch: 1, acc: 0.270, acc_v: 0.929
[2024-01-17 15:49:12] [INFO] |local epoch: 2, acc: 0.269, acc_v: 0.954
[2024-01-17 15:49:13] [INFO] |local epoch: 3, acc: 0.268, acc_v: 0.925
[2024-01-17 15:49:13] [INFO] |local epoch: 4, acc: 0.266, acc_v: 0.933
[2024-01-17 15:49:13] [INFO] |servers comunicated: 0, server aggregated: 2, acc_server 1: 0.273.
[2024-01-17 15:49:13] [INFO] --------------------------------------------------
[2024-01-17 15:49:13] [INFO]   |server: 2
[2024-01-17 15:49:13] [INFO]  ---client 6
[2024-01-17 15:49:13] [INFO] |local epoch: 0, acc: 0.364, acc_v: 0.938
[2024-01-17 15:49:14] [INFO] |local epoch: 1, acc: 0.363, acc_v: 0.946
[2024-01-17 15:49:14] [INFO] |local epoch: 2, acc: 0.362, acc_v: 0.942
[2024-01-17 15:49:14] [INFO] |local epoch: 3, acc: 0.366, acc_v: 0.954
[2024-01-17 15:49:15] [INFO] |local epoch: 4, acc: 0.367, acc_v: 0.954
[2024-01-17 15:49:15] [INFO]  ---client 7
[2024-01-17 15:49:15] [INFO] |local epoch: 0, acc: 0.364, acc_v: 0.929
[2024-01-17 15:49:15] [INFO] |local epoch: 1, acc: 0.364, acc_v: 0.929
[2024-01-17 15:49:16] [INFO] |local epoch: 2, acc: 0.366, acc_v: 0.929
[2024-01-17 15:49:16] [INFO] |local epoch: 3, acc: 0.367, acc_v: 0.908
[2024-01-17 15:49:16] [INFO] |local epoch: 4, acc: 0.374, acc_v: 0.933
[2024-01-17 15:49:16] [INFO]  ---client 8
[2024-01-17 15:49:17] [INFO] |local epoch: 0, acc: 0.364, acc_v: 0.942
[2024-01-17 15:49:17] [INFO] |local epoch: 1, acc: 0.364, acc_v: 0.921
[2024-01-17 15:49:17] [INFO] |local epoch: 2, acc: 0.367, acc_v: 0.933
[2024-01-17 15:49:18] [INFO] |local epoch: 3, acc: 0.365, acc_v: 0.925
[2024-01-17 15:49:18] [INFO] |local epoch: 4, acc: 0.371, acc_v: 0.933
[2024-01-17 15:49:18] [INFO] |servers comunicated: 0, server aggregated: 2, acc_server 2: 0.372.
[2024-01-17 15:49:18] [INFO] --------------------------------------------------
[2024-01-17 15:49:18] [INFO]  |epoch_client_commu: 3/5
[2024-01-17 15:49:18] [INFO]   |server: 0
[2024-01-17 15:49:18] [INFO]  ---client 0
[2024-01-17 15:49:19] [INFO] |local epoch: 0, acc: 0.373, acc_v: 0.971
[2024-01-17 15:49:19] [INFO] |local epoch: 1, acc: 0.403, acc_v: 0.971
[2024-01-17 15:49:19] [INFO] |local epoch: 2, acc: 0.383, acc_v: 0.971
[2024-01-17 15:49:20] [INFO] |local epoch: 3, acc: 0.427, acc_v: 0.958
[2024-01-17 15:49:20] [INFO] |local epoch: 4, acc: 0.388, acc_v: 0.971
[2024-01-17 15:49:20] [INFO]  ---client 1
[2024-01-17 15:49:20] [INFO] |local epoch: 0, acc: 0.359, acc_v: 0.967
[2024-01-17 15:49:21] [INFO] |local epoch: 1, acc: 0.353, acc_v: 0.979
[2024-01-17 15:49:21] [INFO] |local epoch: 2, acc: 0.369, acc_v: 0.971
[2024-01-17 15:49:21] [INFO] |local epoch: 3, acc: 0.389, acc_v: 0.975
[2024-01-17 15:49:22] [INFO] |local epoch: 4, acc: 0.399, acc_v: 0.979
[2024-01-17 15:49:22] [INFO]  ---client 2
[2024-01-17 15:49:22] [INFO] |local epoch: 0, acc: 0.342, acc_v: 0.979
[2024-01-17 15:49:22] [INFO] |local epoch: 1, acc: 0.350, acc_v: 0.979
[2024-01-17 15:49:23] [INFO] |local epoch: 2, acc: 0.372, acc_v: 0.988
[2024-01-17 15:49:23] [INFO] |local epoch: 3, acc: 0.413, acc_v: 0.979
[2024-01-17 15:49:23] [INFO] |local epoch: 4, acc: 0.369, acc_v: 0.983
[2024-01-17 15:49:23] [INFO] |servers comunicated: 0, server aggregated: 3, acc_server 0: 0.390.
[2024-01-17 15:49:23] [INFO] --------------------------------------------------
[2024-01-17 15:49:23] [INFO]   |server: 1
[2024-01-17 15:49:23] [INFO]  ---client 3
[2024-01-17 15:49:24] [INFO] |local epoch: 0, acc: 0.273, acc_v: 0.946
[2024-01-17 15:49:24] [INFO] |local epoch: 1, acc: 0.274, acc_v: 0.954
[2024-01-17 15:49:24] [INFO] |local epoch: 2, acc: 0.275, acc_v: 0.958
[2024-01-17 15:49:25] [INFO] |local epoch: 3, acc: 0.274, acc_v: 0.958
[2024-01-17 15:49:25] [INFO] |local epoch: 4, acc: 0.280, acc_v: 0.946
[2024-01-17 15:49:25] [INFO]  ---client 4
[2024-01-17 15:49:25] [INFO] |local epoch: 0, acc: 0.273, acc_v: 0.950
[2024-01-17 15:49:26] [INFO] |local epoch: 1, acc: 0.274, acc_v: 0.950
[2024-01-17 15:49:26] [INFO] |local epoch: 2, acc: 0.274, acc_v: 0.958
[2024-01-17 15:49:26] [INFO] |local epoch: 3, acc: 0.270, acc_v: 0.938
[2024-01-17 15:49:27] [INFO] |local epoch: 4, acc: 0.275, acc_v: 0.950
[2024-01-17 15:49:27] [INFO]  ---client 5
[2024-01-17 15:49:27] [INFO] |local epoch: 0, acc: 0.272, acc_v: 0.950
[2024-01-17 15:49:27] [INFO] |local epoch: 1, acc: 0.270, acc_v: 0.938
[2024-01-17 15:49:28] [INFO] |local epoch: 2, acc: 0.274, acc_v: 0.946
[2024-01-17 15:49:28] [INFO] |local epoch: 3, acc: 0.276, acc_v: 0.958
[2024-01-17 15:49:28] [INFO] |local epoch: 4, acc: 0.275, acc_v: 0.946
[2024-01-17 15:49:29] [INFO] |servers comunicated: 0, server aggregated: 3, acc_server 1: 0.276.
[2024-01-17 15:49:29] [INFO] --------------------------------------------------
[2024-01-17 15:49:29] [INFO]   |server: 2
[2024-01-17 15:49:29] [INFO]  ---client 6
[2024-01-17 15:49:29] [INFO] |local epoch: 0, acc: 0.372, acc_v: 0.938
[2024-01-17 15:49:29] [INFO] |local epoch: 1, acc: 0.391, acc_v: 0.954
[2024-01-17 15:49:30] [INFO] |local epoch: 2, acc: 0.392, acc_v: 0.942
[2024-01-17 15:49:30] [INFO] |local epoch: 3, acc: 0.395, acc_v: 0.958
[2024-01-17 15:49:30] [INFO] |local epoch: 4, acc: 0.419, acc_v: 0.950
[2024-01-17 15:49:30] [INFO]  ---client 7
[2024-01-17 15:49:31] [INFO] |local epoch: 0, acc: 0.381, acc_v: 0.925
[2024-01-17 15:49:31] [INFO] |local epoch: 1, acc: 0.393, acc_v: 0.942
[2024-01-17 15:49:31] [INFO] |local epoch: 2, acc: 0.406, acc_v: 0.925
[2024-01-17 15:49:32] [INFO] |local epoch: 3, acc: 0.422, acc_v: 0.929
[2024-01-17 15:49:32] [INFO] |local epoch: 4, acc: 0.420, acc_v: 0.933
[2024-01-17 15:49:32] [INFO]  ---client 8
[2024-01-17 15:49:32] [INFO] |local epoch: 0, acc: 0.369, acc_v: 0.925
[2024-01-17 15:49:33] [INFO] |local epoch: 1, acc: 0.383, acc_v: 0.933
[2024-01-17 15:49:33] [INFO] |local epoch: 2, acc: 0.396, acc_v: 0.925
[2024-01-17 15:49:33] [INFO] |local epoch: 3, acc: 0.394, acc_v: 0.921
[2024-01-17 15:49:34] [INFO] |local epoch: 4, acc: 0.446, acc_v: 0.925
[2024-01-17 15:49:34] [INFO] |servers comunicated: 0, server aggregated: 3, acc_server 2: 0.431.
[2024-01-17 15:49:34] [INFO] --------------------------------------------------
[2024-01-17 15:49:34] [INFO]  |epoch_client_commu: 4/5
[2024-01-17 15:49:34] [INFO]   |server: 0
[2024-01-17 15:49:34] [INFO]  ---client 0
[2024-01-17 15:49:34] [INFO] |local epoch: 0, acc: 0.409, acc_v: 0.971
[2024-01-17 15:49:34] [INFO] |local epoch: 1, acc: 0.396, acc_v: 0.971
[2024-01-17 15:49:35] [INFO] |local epoch: 2, acc: 0.440, acc_v: 0.971
[2024-01-17 15:49:35] [INFO] |local epoch: 3, acc: 0.408, acc_v: 0.975
[2024-01-17 15:49:35] [INFO] |local epoch: 4, acc: 0.476, acc_v: 0.975
[2024-01-17 15:49:35] [INFO]  ---client 1
[2024-01-17 15:49:36] [INFO] |local epoch: 0, acc: 0.409, acc_v: 0.979
[2024-01-17 15:49:36] [INFO] |local epoch: 1, acc: 0.451, acc_v: 0.979
[2024-01-17 15:49:36] [INFO] |local epoch: 2, acc: 0.452, acc_v: 0.979
[2024-01-17 15:49:37] [INFO] |local epoch: 3, acc: 0.421, acc_v: 0.979
[2024-01-17 15:49:37] [INFO] |local epoch: 4, acc: 0.461, acc_v: 0.967
[2024-01-17 15:49:37] [INFO]  ---client 2
[2024-01-17 15:49:37] [INFO] |local epoch: 0, acc: 0.432, acc_v: 0.988
[2024-01-17 15:49:38] [INFO] |local epoch: 1, acc: 0.379, acc_v: 0.983
[2024-01-17 15:49:38] [INFO] |local epoch: 2, acc: 0.423, acc_v: 0.983
[2024-01-17 15:49:38] [INFO] |local epoch: 3, acc: 0.421, acc_v: 0.983
[2024-01-17 15:49:39] [INFO] |local epoch: 4, acc: 0.436, acc_v: 0.983
[2024-01-17 15:49:39] [INFO] |servers comunicated: 0, server aggregated: 4, acc_server 0: 0.458.
[2024-01-17 15:49:39] [INFO] --------------------------------------------------
[2024-01-17 15:49:39] [INFO]   |server: 1
[2024-01-17 15:49:39] [INFO]  ---client 3
[2024-01-17 15:49:39] [INFO] |local epoch: 0, acc: 0.294, acc_v: 0.963
[2024-01-17 15:49:40] [INFO] |local epoch: 1, acc: 0.294, acc_v: 0.963
[2024-01-17 15:49:40] [INFO] |local epoch: 2, acc: 0.320, acc_v: 0.963
[2024-01-17 15:49:40] [INFO] |local epoch: 3, acc: 0.294, acc_v: 0.963
[2024-01-17 15:49:41] [INFO] |local epoch: 4, acc: 0.343, acc_v: 0.963
[2024-01-17 15:49:41] [INFO]  ---client 4
[2024-01-17 15:49:41] [INFO] |local epoch: 0, acc: 0.277, acc_v: 0.954
[2024-01-17 15:49:41] [INFO] |local epoch: 1, acc: 0.283, acc_v: 0.954
[2024-01-17 15:49:42] [INFO] |local epoch: 2, acc: 0.295, acc_v: 0.954
[2024-01-17 15:49:42] [INFO] |local epoch: 3, acc: 0.298, acc_v: 0.946
[2024-01-17 15:49:42] [INFO] |local epoch: 4, acc: 0.336, acc_v: 0.950
[2024-01-17 15:49:42] [INFO]  ---client 5
[2024-01-17 15:49:43] [INFO] |local epoch: 0, acc: 0.276, acc_v: 0.946
[2024-01-17 15:49:43] [INFO] |local epoch: 1, acc: 0.281, acc_v: 0.950
[2024-01-17 15:49:43] [INFO] |local epoch: 2, acc: 0.294, acc_v: 0.950
[2024-01-17 15:49:44] [INFO] |local epoch: 3, acc: 0.298, acc_v: 0.950
[2024-01-17 15:49:44] [INFO] |local epoch: 4, acc: 0.289, acc_v: 0.954
[2024-01-17 15:49:44] [INFO] |servers comunicated: 0, server aggregated: 4, acc_server 1: 0.325.
[2024-01-17 15:49:44] [INFO] --------------------------------------------------
[2024-01-17 15:49:44] [INFO]   |server: 2
[2024-01-17 15:49:44] [INFO]  ---client 6
[2024-01-17 15:49:45] [INFO] |local epoch: 0, acc: 0.442, acc_v: 0.958
[2024-01-17 15:49:45] [INFO] |local epoch: 1, acc: 0.446, acc_v: 0.963
[2024-01-17 15:49:45] [INFO] |local epoch: 2, acc: 0.483, acc_v: 0.958
[2024-01-17 15:49:46] [INFO] |local epoch: 3, acc: 0.463, acc_v: 0.958
[2024-01-17 15:49:46] [INFO] |local epoch: 4, acc: 0.457, acc_v: 0.967
[2024-01-17 15:49:46] [INFO]  ---client 7
[2024-01-17 15:49:46] [INFO] |local epoch: 0, acc: 0.439, acc_v: 0.942
[2024-01-17 15:49:47] [INFO] |local epoch: 1, acc: 0.437, acc_v: 0.929
[2024-01-17 15:49:47] [INFO] |local epoch: 2, acc: 0.464, acc_v: 0.942
[2024-01-17 15:49:47] [INFO] |local epoch: 3, acc: 0.464, acc_v: 0.917
[2024-01-17 15:49:48] [INFO] |local epoch: 4, acc: 0.485, acc_v: 0.917
[2024-01-17 15:49:48] [INFO]  ---client 8
[2024-01-17 15:49:48] [INFO] |local epoch: 0, acc: 0.428, acc_v: 0.946
[2024-01-17 15:49:48] [INFO] |local epoch: 1, acc: 0.459, acc_v: 0.958
[2024-01-17 15:49:49] [INFO] |local epoch: 2, acc: 0.459, acc_v: 0.938
[2024-01-17 15:49:49] [INFO] |local epoch: 3, acc: 0.486, acc_v: 0.942
[2024-01-17 15:49:49] [INFO] |local epoch: 4, acc: 0.477, acc_v: 0.954
[2024-01-17 15:49:49] [INFO] |servers comunicated: 0, server aggregated: 4, acc_server 2: 0.489.
[2024-01-17 15:49:49] [INFO] --------------------------------------------------
