[2024-01-17 15:04:38] [INFO] device cuda is used.
[2024-01-17 15:04:38] [INFO] cudnn is actived.
[2024-01-17 15:04:38] [INFO] 
      alpha      :  0.5  
        T        :   6   
    algorithm    :   3   
num_server_commu :  30   
num_client_commu :   5   
num_client_train :   5   
num_public_train :   5   
   batch_size    :  160  
     dataset     : mnist 
  model_select   :   1   
 num_all_client  :   9   
 num_all_server  :   3   
 num_client_data : 1200  
 num_public_data :  50   
   proportion    :  0.8  
   num_workers   :   8   
[2024-01-17 15:04:41] [INFO] --------------------------------------------------
[2024-01-17 15:04:41] [INFO] |epoch_server_commu: 0/30
[2024-01-17 15:04:41] [INFO]  |epoch_client_commu: 0/5
[2024-01-17 15:04:41] [INFO]   |server: 0
[2024-01-17 15:04:41] [INFO]  ---client 0
[2024-01-17 15:04:42] [INFO] |local epoch: 0, acc: 0.145, acc_v: 0.496
[2024-01-17 15:04:43] [INFO] |local epoch: 1, acc: 0.124, acc_v: 0.417
[2024-01-17 15:04:43] [INFO] |local epoch: 2, acc: 0.299, acc_v: 0.913
[2024-01-17 15:04:43] [INFO] |local epoch: 3, acc: 0.288, acc_v: 0.871
[2024-01-17 15:04:44] [INFO] |local epoch: 4, acc: 0.306, acc_v: 0.946
[2024-01-17 15:04:44] [INFO]  ---client 1
[2024-01-17 15:04:44] [INFO] |local epoch: 0, acc: 0.187, acc_v: 0.604
[2024-01-17 15:04:44] [INFO] |local epoch: 1, acc: 0.185, acc_v: 0.608
[2024-01-17 15:04:45] [INFO] |local epoch: 2, acc: 0.302, acc_v: 0.950
[2024-01-17 15:04:45] [INFO] |local epoch: 3, acc: 0.298, acc_v: 0.946
[2024-01-17 15:04:45] [INFO] |local epoch: 4, acc: 0.290, acc_v: 0.913
[2024-01-17 15:04:45] [INFO]  ---client 2
[2024-01-17 15:04:46] [INFO] |local epoch: 0, acc: 0.172, acc_v: 0.562
[2024-01-17 15:04:46] [INFO] |local epoch: 1, acc: 0.161, acc_v: 0.513
[2024-01-17 15:04:47] [INFO] |local epoch: 2, acc: 0.237, acc_v: 0.742
[2024-01-17 15:04:47] [INFO] |local epoch: 3, acc: 0.305, acc_v: 0.958
[2024-01-17 15:04:47] [INFO] |local epoch: 4, acc: 0.304, acc_v: 0.963
[2024-01-17 15:04:48] [INFO] |servers comunicated: 0, server aggregated: 0, acc_server 0: 0.303.
[2024-01-17 15:04:48] [INFO] --------------------------------------------------
[2024-01-17 15:04:48] [INFO]   |server: 1
[2024-01-17 15:04:48] [INFO]  ---client 3
[2024-01-17 15:04:48] [INFO] |local epoch: 0, acc: 0.186, acc_v: 0.650
[2024-01-17 15:04:48] [INFO] |local epoch: 1, acc: 0.197, acc_v: 0.704
[2024-01-17 15:04:49] [INFO] |local epoch: 2, acc: 0.196, acc_v: 0.700
[2024-01-17 15:04:49] [INFO] |local epoch: 3, acc: 0.240, acc_v: 0.838
[2024-01-17 15:04:49] [INFO] |local epoch: 4, acc: 0.242, acc_v: 0.850
[2024-01-17 15:04:49] [INFO]  ---client 4
[2024-01-17 15:04:50] [INFO] |local epoch: 0, acc: 0.196, acc_v: 0.617
[2024-01-17 15:04:50] [INFO] |local epoch: 1, acc: 0.190, acc_v: 0.588
[2024-01-17 15:04:50] [INFO] |local epoch: 2, acc: 0.195, acc_v: 0.608
[2024-01-17 15:04:51] [INFO] |local epoch: 3, acc: 0.180, acc_v: 0.683
[2024-01-17 15:04:51] [INFO] |local epoch: 4, acc: 0.245, acc_v: 0.875
[2024-01-17 15:04:51] [INFO]  ---client 5
[2024-01-17 15:04:52] [INFO] |local epoch: 0, acc: 0.195, acc_v: 0.625
[2024-01-17 15:04:52] [INFO] |local epoch: 1, acc: 0.196, acc_v: 0.633
[2024-01-17 15:04:52] [INFO] |local epoch: 2, acc: 0.197, acc_v: 0.638
[2024-01-17 15:04:53] [INFO] |local epoch: 3, acc: 0.241, acc_v: 0.821
[2024-01-17 15:04:53] [INFO] |local epoch: 4, acc: 0.239, acc_v: 0.821
[2024-01-17 15:04:53] [INFO] |servers comunicated: 0, server aggregated: 0, acc_server 1: 0.239.
[2024-01-17 15:04:53] [INFO] --------------------------------------------------
[2024-01-17 15:04:53] [INFO]   |server: 2
[2024-01-17 15:04:53] [INFO]  ---client 6
[2024-01-17 15:04:54] [INFO] |local epoch: 0, acc: 0.143, acc_v: 0.313
[2024-01-17 15:04:54] [INFO] |local epoch: 1, acc: 0.101, acc_v: 0.221
[2024-01-17 15:04:54] [INFO] |local epoch: 2, acc: 0.296, acc_v: 0.738
[2024-01-17 15:04:55] [INFO] |local epoch: 3, acc: 0.316, acc_v: 0.813
[2024-01-17 15:04:55] [INFO] |local epoch: 4, acc: 0.301, acc_v: 0.783
[2024-01-17 15:04:55] [INFO]  ---client 7
[2024-01-17 15:04:56] [INFO] |local epoch: 0, acc: 0.176, acc_v: 0.392
[2024-01-17 15:04:56] [INFO] |local epoch: 1, acc: 0.101, acc_v: 0.242
[2024-01-17 15:04:56] [INFO] |local epoch: 2, acc: 0.297, acc_v: 0.754
[2024-01-17 15:04:57] [INFO] |local epoch: 3, acc: 0.262, acc_v: 0.683
[2024-01-17 15:04:57] [INFO] |local epoch: 4, acc: 0.288, acc_v: 0.733
[2024-01-17 15:04:57] [INFO]  ---client 8
[2024-01-17 15:04:57] [INFO] |local epoch: 0, acc: 0.179, acc_v: 0.392
[2024-01-17 15:04:58] [INFO] |local epoch: 1, acc: 0.101, acc_v: 0.246
[2024-01-17 15:04:58] [INFO] |local epoch: 2, acc: 0.214, acc_v: 0.496
[2024-01-17 15:04:58] [INFO] |local epoch: 3, acc: 0.283, acc_v: 0.725
[2024-01-17 15:04:59] [INFO] |local epoch: 4, acc: 0.335, acc_v: 0.858
[2024-01-17 15:04:59] [INFO] |servers comunicated: 0, server aggregated: 0, acc_server 2: 0.326.
[2024-01-17 15:04:59] [INFO] --------------------------------------------------
[2024-01-17 15:04:59] [INFO]  |epoch_client_commu: 1/5
[2024-01-17 15:04:59] [INFO]   |server: 0
[2024-01-17 15:04:59] [INFO]  ---client 0
[2024-01-17 15:04:59] [INFO] |local epoch: 0, acc: 0.301, acc_v: 0.938
[2024-01-17 15:05:00] [INFO] |local epoch: 1, acc: 0.307, acc_v: 0.950
[2024-01-17 15:05:00] [INFO] |local epoch: 2, acc: 0.308, acc_v: 0.954
[2024-01-17 15:05:01] [INFO] |local epoch: 3, acc: 0.308, acc_v: 0.950
[2024-01-17 15:05:01] [INFO] |local epoch: 4, acc: 0.305, acc_v: 0.946
[2024-01-17 15:05:01] [INFO]  ---client 1
[2024-01-17 15:05:01] [INFO] |local epoch: 0, acc: 0.298, acc_v: 0.946
[2024-01-17 15:05:02] [INFO] |local epoch: 1, acc: 0.303, acc_v: 0.963
[2024-01-17 15:05:02] [INFO] |local epoch: 2, acc: 0.305, acc_v: 0.971
[2024-01-17 15:05:02] [INFO] |local epoch: 3, acc: 0.308, acc_v: 0.971
[2024-01-17 15:05:03] [INFO] |local epoch: 4, acc: 0.311, acc_v: 0.971
[2024-01-17 15:05:03] [INFO]  ---client 2
[2024-01-17 15:05:03] [INFO] |local epoch: 0, acc: 0.304, acc_v: 0.958
[2024-01-17 15:05:03] [INFO] |local epoch: 1, acc: 0.306, acc_v: 0.975
[2024-01-17 15:05:04] [INFO] |local epoch: 2, acc: 0.308, acc_v: 0.979
[2024-01-17 15:05:04] [INFO] |local epoch: 3, acc: 0.307, acc_v: 0.983
[2024-01-17 15:05:05] [INFO] |local epoch: 4, acc: 0.307, acc_v: 0.979
[2024-01-17 15:05:05] [INFO] |servers comunicated: 0, server aggregated: 1, acc_server 0: 0.308.
[2024-01-17 15:05:05] [INFO] --------------------------------------------------
[2024-01-17 15:05:05] [INFO]   |server: 1
[2024-01-17 15:05:05] [INFO]  ---client 3
[2024-01-17 15:05:05] [INFO] |local epoch: 0, acc: 0.247, acc_v: 0.871
[2024-01-17 15:05:06] [INFO] |local epoch: 1, acc: 0.252, acc_v: 0.883
[2024-01-17 15:05:06] [INFO] |local epoch: 2, acc: 0.255, acc_v: 0.892
[2024-01-17 15:05:06] [INFO] |local epoch: 3, acc: 0.260, acc_v: 0.913
[2024-01-17 15:05:07] [INFO] |local epoch: 4, acc: 0.263, acc_v: 0.925
[2024-01-17 15:05:07] [INFO]  ---client 4
[2024-01-17 15:05:07] [INFO] |local epoch: 0, acc: 0.246, acc_v: 0.858
[2024-01-17 15:05:07] [INFO] |local epoch: 1, acc: 0.259, acc_v: 0.908
[2024-01-17 15:05:08] [INFO] |local epoch: 2, acc: 0.260, acc_v: 0.888
[2024-01-17 15:05:08] [INFO] |local epoch: 3, acc: 0.266, acc_v: 0.925
[2024-01-17 15:05:08] [INFO] |local epoch: 4, acc: 0.262, acc_v: 0.925
[2024-01-17 15:05:08] [INFO]  ---client 5
[2024-01-17 15:05:09] [INFO] |local epoch: 0, acc: 0.246, acc_v: 0.846
[2024-01-17 15:05:09] [INFO] |local epoch: 1, acc: 0.253, acc_v: 0.850
[2024-01-17 15:05:10] [INFO] |local epoch: 2, acc: 0.246, acc_v: 0.829
[2024-01-17 15:05:10] [INFO] |local epoch: 3, acc: 0.258, acc_v: 0.888
[2024-01-17 15:05:10] [INFO] |local epoch: 4, acc: 0.266, acc_v: 0.933
[2024-01-17 15:05:10] [INFO] |servers comunicated: 0, server aggregated: 1, acc_server 1: 0.266.
[2024-01-17 15:05:10] [INFO] --------------------------------------------------
[2024-01-17 15:05:10] [INFO]   |server: 2
[2024-01-17 15:05:11] [INFO]  ---client 6
[2024-01-17 15:05:11] [INFO] |local epoch: 0, acc: 0.336, acc_v: 0.879
[2024-01-17 15:05:11] [INFO] |local epoch: 1, acc: 0.347, acc_v: 0.896
[2024-01-17 15:05:12] [INFO] |local epoch: 2, acc: 0.357, acc_v: 0.921
[2024-01-17 15:05:12] [INFO] |local epoch: 3, acc: 0.359, acc_v: 0.929
[2024-01-17 15:05:12] [INFO] |local epoch: 4, acc: 0.363, acc_v: 0.942
[2024-01-17 15:05:12] [INFO]  ---client 7
[2024-01-17 15:05:13] [INFO] |local epoch: 0, acc: 0.321, acc_v: 0.817
[2024-01-17 15:05:13] [INFO] |local epoch: 1, acc: 0.342, acc_v: 0.879
[2024-01-17 15:05:13] [INFO] |local epoch: 2, acc: 0.356, acc_v: 0.913
[2024-01-17 15:05:14] [INFO] |local epoch: 3, acc: 0.359, acc_v: 0.917
[2024-01-17 15:05:14] [INFO] |local epoch: 4, acc: 0.358, acc_v: 0.913
[2024-01-17 15:05:14] [INFO]  ---client 8
[2024-01-17 15:05:15] [INFO] |local epoch: 0, acc: 0.324, acc_v: 0.854
[2024-01-17 15:05:15] [INFO] |local epoch: 1, acc: 0.344, acc_v: 0.879
[2024-01-17 15:05:15] [INFO] |local epoch: 2, acc: 0.352, acc_v: 0.900
[2024-01-17 15:05:16] [INFO] |local epoch: 3, acc: 0.358, acc_v: 0.913
[2024-01-17 15:05:16] [INFO] |local epoch: 4, acc: 0.362, acc_v: 0.913
[2024-01-17 15:05:16] [INFO] |servers comunicated: 0, server aggregated: 1, acc_server 2: 0.363.
[2024-01-17 15:05:16] [INFO] --------------------------------------------------
[2024-01-17 15:05:16] [INFO]  |epoch_client_commu: 2/5
[2024-01-17 15:05:16] [INFO]   |server: 0
[2024-01-17 15:05:16] [INFO]  ---client 0
[2024-01-17 15:05:17] [INFO] |local epoch: 0, acc: 0.317, acc_v: 0.958
[2024-01-17 15:05:17] [INFO] |local epoch: 1, acc: 0.323, acc_v: 0.971
[2024-01-17 15:05:17] [INFO] |local epoch: 2, acc: 0.323, acc_v: 0.954
[2024-01-17 15:05:18] [INFO] |local epoch: 3, acc: 0.339, acc_v: 0.967
[2024-01-17 15:05:18] [INFO] |local epoch: 4, acc: 0.342, acc_v: 0.971
[2024-01-17 15:05:18] [INFO]  ---client 1
[2024-01-17 15:05:18] [INFO] |local epoch: 0, acc: 0.316, acc_v: 0.975
[2024-01-17 15:05:19] [INFO] |local epoch: 1, acc: 0.324, acc_v: 0.979
[2024-01-17 15:05:19] [INFO] |local epoch: 2, acc: 0.358, acc_v: 0.979
[2024-01-17 15:05:20] [INFO] |local epoch: 3, acc: 0.343, acc_v: 0.967
[2024-01-17 15:05:20] [INFO] |local epoch: 4, acc: 0.354, acc_v: 0.967
[2024-01-17 15:05:20] [INFO]  ---client 2
[2024-01-17 15:05:20] [INFO] |local epoch: 0, acc: 0.311, acc_v: 0.988
[2024-01-17 15:05:21] [INFO] |local epoch: 1, acc: 0.324, acc_v: 0.983
[2024-01-17 15:05:21] [INFO] |local epoch: 2, acc: 0.339, acc_v: 0.983
[2024-01-17 15:05:21] [INFO] |local epoch: 3, acc: 0.341, acc_v: 0.979
[2024-01-17 15:05:22] [INFO] |local epoch: 4, acc: 0.348, acc_v: 0.988
[2024-01-17 15:05:22] [INFO] |servers comunicated: 0, server aggregated: 2, acc_server 0: 0.348.
[2024-01-17 15:05:22] [INFO] --------------------------------------------------
[2024-01-17 15:05:22] [INFO]   |server: 1
[2024-01-17 15:05:22] [INFO]  ---client 3
[2024-01-17 15:05:22] [INFO] |local epoch: 0, acc: 0.264, acc_v: 0.933
[2024-01-17 15:05:23] [INFO] |local epoch: 1, acc: 0.269, acc_v: 0.942
[2024-01-17 15:05:23] [INFO] |local epoch: 2, acc: 0.260, acc_v: 0.929
[2024-01-17 15:05:24] [INFO] |local epoch: 3, acc: 0.271, acc_v: 0.946
[2024-01-17 15:05:24] [INFO] |local epoch: 4, acc: 0.273, acc_v: 0.950
[2024-01-17 15:05:24] [INFO]  ---client 4
[2024-01-17 15:05:24] [INFO] |local epoch: 0, acc: 0.268, acc_v: 0.938
[2024-01-17 15:05:25] [INFO] |local epoch: 1, acc: 0.271, acc_v: 0.938
[2024-01-17 15:05:25] [INFO] |local epoch: 2, acc: 0.270, acc_v: 0.946
[2024-01-17 15:05:25] [INFO] |local epoch: 3, acc: 0.272, acc_v: 0.954
[2024-01-17 15:05:26] [INFO] |local epoch: 4, acc: 0.273, acc_v: 0.950
[2024-01-17 15:05:26] [INFO]  ---client 5
[2024-01-17 15:05:26] [INFO] |local epoch: 0, acc: 0.266, acc_v: 0.913
[2024-01-17 15:05:27] [INFO] |local epoch: 1, acc: 0.270, acc_v: 0.929
[2024-01-17 15:05:27] [INFO] |local epoch: 2, acc: 0.269, acc_v: 0.954
[2024-01-17 15:05:27] [INFO] |local epoch: 3, acc: 0.268, acc_v: 0.925
[2024-01-17 15:05:28] [INFO] |local epoch: 4, acc: 0.266, acc_v: 0.933
[2024-01-17 15:05:28] [INFO] |servers comunicated: 0, server aggregated: 2, acc_server 1: 0.273.
[2024-01-17 15:05:28] [INFO] --------------------------------------------------
[2024-01-17 15:05:28] [INFO]   |server: 2
[2024-01-17 15:05:28] [INFO]  ---client 6
[2024-01-17 15:05:28] [INFO] |local epoch: 0, acc: 0.364, acc_v: 0.938
[2024-01-17 15:05:29] [INFO] |local epoch: 1, acc: 0.363, acc_v: 0.946
[2024-01-17 15:05:29] [INFO] |local epoch: 2, acc: 0.362, acc_v: 0.942
[2024-01-17 15:05:29] [INFO] |local epoch: 3, acc: 0.366, acc_v: 0.954
[2024-01-17 15:05:30] [INFO] |local epoch: 4, acc: 0.367, acc_v: 0.954
[2024-01-17 15:05:30] [INFO]  ---client 7
[2024-01-17 15:05:30] [INFO] |local epoch: 0, acc: 0.364, acc_v: 0.929
[2024-01-17 15:05:30] [INFO] |local epoch: 1, acc: 0.364, acc_v: 0.929
[2024-01-17 15:05:31] [INFO] |local epoch: 2, acc: 0.366, acc_v: 0.929
[2024-01-17 15:05:31] [INFO] |local epoch: 3, acc: 0.367, acc_v: 0.908
[2024-01-17 15:05:32] [INFO] |local epoch: 4, acc: 0.374, acc_v: 0.933
[2024-01-17 15:05:32] [INFO]  ---client 8
[2024-01-17 15:05:32] [INFO] |local epoch: 0, acc: 0.364, acc_v: 0.942
[2024-01-17 15:05:32] [INFO] |local epoch: 1, acc: 0.364, acc_v: 0.921
[2024-01-17 15:05:33] [INFO] |local epoch: 2, acc: 0.367, acc_v: 0.933
[2024-01-17 15:05:33] [INFO] |local epoch: 3, acc: 0.365, acc_v: 0.925
[2024-01-17 15:05:33] [INFO] |local epoch: 4, acc: 0.371, acc_v: 0.933
[2024-01-17 15:05:34] [INFO] |servers comunicated: 0, server aggregated: 2, acc_server 2: 0.372.
[2024-01-17 15:05:34] [INFO] --------------------------------------------------
[2024-01-17 15:05:34] [INFO]  |epoch_client_commu: 3/5
[2024-01-17 15:05:34] [INFO]   |server: 0
[2024-01-17 15:05:34] [INFO]  ---client 0
[2024-01-17 15:05:34] [INFO] |local epoch: 0, acc: 0.373, acc_v: 0.971
[2024-01-17 15:05:34] [INFO] |local epoch: 1, acc: 0.403, acc_v: 0.971
[2024-01-17 15:05:35] [INFO] |local epoch: 2, acc: 0.383, acc_v: 0.971
[2024-01-17 15:05:35] [INFO] |local epoch: 3, acc: 0.427, acc_v: 0.958
[2024-01-17 15:05:35] [INFO] |local epoch: 4, acc: 0.388, acc_v: 0.971
[2024-01-17 15:05:35] [INFO]  ---client 1
[2024-01-17 15:05:36] [INFO] |local epoch: 0, acc: 0.359, acc_v: 0.967
[2024-01-17 15:05:36] [INFO] |local epoch: 1, acc: 0.353, acc_v: 0.979
[2024-01-17 15:05:37] [INFO] |local epoch: 2, acc: 0.369, acc_v: 0.971
[2024-01-17 15:05:37] [INFO] |local epoch: 3, acc: 0.389, acc_v: 0.975
[2024-01-17 15:05:37] [INFO] |local epoch: 4, acc: 0.399, acc_v: 0.979
[2024-01-17 15:05:37] [INFO]  ---client 2
[2024-01-17 15:05:38] [INFO] |local epoch: 0, acc: 0.342, acc_v: 0.979
[2024-01-17 15:05:38] [INFO] |local epoch: 1, acc: 0.350, acc_v: 0.979
[2024-01-17 15:05:38] [INFO] |local epoch: 2, acc: 0.372, acc_v: 0.988
[2024-01-17 15:05:39] [INFO] |local epoch: 3, acc: 0.413, acc_v: 0.979
[2024-01-17 15:05:39] [INFO] |local epoch: 4, acc: 0.369, acc_v: 0.983
[2024-01-17 15:05:39] [INFO] |servers comunicated: 0, server aggregated: 3, acc_server 0: 0.390.
[2024-01-17 15:05:39] [INFO] --------------------------------------------------
[2024-01-17 15:05:39] [INFO]   |server: 1
[2024-01-17 15:05:39] [INFO]  ---client 3
[2024-01-17 15:05:40] [INFO] |local epoch: 0, acc: 0.273, acc_v: 0.946
[2024-01-17 15:05:40] [INFO] |local epoch: 1, acc: 0.274, acc_v: 0.954
[2024-01-17 15:05:40] [INFO] |local epoch: 2, acc: 0.275, acc_v: 0.958
[2024-01-17 15:05:41] [INFO] |local epoch: 3, acc: 0.274, acc_v: 0.958
[2024-01-17 15:05:41] [INFO] |local epoch: 4, acc: 0.280, acc_v: 0.946
[2024-01-17 15:05:41] [INFO]  ---client 4
[2024-01-17 15:05:42] [INFO] |local epoch: 0, acc: 0.273, acc_v: 0.950
[2024-01-17 15:05:42] [INFO] |local epoch: 1, acc: 0.274, acc_v: 0.950
[2024-01-17 15:05:42] [INFO] |local epoch: 2, acc: 0.274, acc_v: 0.958
[2024-01-17 15:05:43] [INFO] |local epoch: 3, acc: 0.270, acc_v: 0.938
[2024-01-17 15:05:43] [INFO] |local epoch: 4, acc: 0.275, acc_v: 0.950
[2024-01-17 15:05:43] [INFO]  ---client 5
[2024-01-17 15:05:43] [INFO] |local epoch: 0, acc: 0.272, acc_v: 0.950
[2024-01-17 15:05:44] [INFO] |local epoch: 1, acc: 0.270, acc_v: 0.938
[2024-01-17 15:05:44] [INFO] |local epoch: 2, acc: 0.274, acc_v: 0.946
[2024-01-17 15:05:45] [INFO] |local epoch: 3, acc: 0.276, acc_v: 0.958
[2024-01-17 15:05:45] [INFO] |local epoch: 4, acc: 0.275, acc_v: 0.946
[2024-01-17 15:05:45] [INFO] |servers comunicated: 0, server aggregated: 3, acc_server 1: 0.276.
[2024-01-17 15:05:45] [INFO] --------------------------------------------------
[2024-01-17 15:05:45] [INFO]   |server: 2
[2024-01-17 15:05:45] [INFO]  ---client 6
[2024-01-17 15:05:46] [INFO] |local epoch: 0, acc: 0.372, acc_v: 0.938
[2024-01-17 15:05:46] [INFO] |local epoch: 1, acc: 0.391, acc_v: 0.954
[2024-01-17 15:05:46] [INFO] |local epoch: 2, acc: 0.392, acc_v: 0.942
[2024-01-17 15:05:47] [INFO] |local epoch: 3, acc: 0.395, acc_v: 0.958
[2024-01-17 15:05:47] [INFO] |local epoch: 4, acc: 0.419, acc_v: 0.950
[2024-01-17 15:05:47] [INFO]  ---client 7
[2024-01-17 15:05:47] [INFO] |local epoch: 0, acc: 0.381, acc_v: 0.925
[2024-01-17 15:05:48] [INFO] |local epoch: 1, acc: 0.393, acc_v: 0.942
[2024-01-17 15:05:48] [INFO] |local epoch: 2, acc: 0.406, acc_v: 0.925
[2024-01-17 15:05:48] [INFO] |local epoch: 3, acc: 0.422, acc_v: 0.929
[2024-01-17 15:05:49] [INFO] |local epoch: 4, acc: 0.420, acc_v: 0.933
[2024-01-17 15:05:49] [INFO]  ---client 8
[2024-01-17 15:05:49] [INFO] |local epoch: 0, acc: 0.369, acc_v: 0.925
[2024-01-17 15:05:50] [INFO] |local epoch: 1, acc: 0.383, acc_v: 0.933
[2024-01-17 15:05:50] [INFO] |local epoch: 2, acc: 0.396, acc_v: 0.925
[2024-01-17 15:05:50] [INFO] |local epoch: 3, acc: 0.394, acc_v: 0.921
[2024-01-17 15:05:51] [INFO] |local epoch: 4, acc: 0.446, acc_v: 0.925
[2024-01-17 15:05:51] [INFO] |servers comunicated: 0, server aggregated: 3, acc_server 2: 0.431.
[2024-01-17 15:05:51] [INFO] --------------------------------------------------
[2024-01-17 15:05:51] [INFO]  |epoch_client_commu: 4/5
[2024-01-17 15:05:51] [INFO]   |server: 0
[2024-01-17 15:05:51] [INFO]  ---client 0
[2024-01-17 15:05:51] [INFO] |local epoch: 0, acc: 0.409, acc_v: 0.971
[2024-01-17 15:05:52] [INFO] |local epoch: 1, acc: 0.396, acc_v: 0.971
[2024-01-17 15:05:52] [INFO] |local epoch: 2, acc: 0.440, acc_v: 0.971
[2024-01-17 15:05:52] [INFO] |local epoch: 3, acc: 0.408, acc_v: 0.975
[2024-01-17 15:05:53] [INFO] |local epoch: 4, acc: 0.476, acc_v: 0.975
[2024-01-17 15:05:53] [INFO]  ---client 1
[2024-01-17 15:05:53] [INFO] |local epoch: 0, acc: 0.409, acc_v: 0.979
[2024-01-17 15:05:53] [INFO] |local epoch: 1, acc: 0.451, acc_v: 0.979
[2024-01-17 15:05:54] [INFO] |local epoch: 2, acc: 0.452, acc_v: 0.979
[2024-01-17 15:05:54] [INFO] |local epoch: 3, acc: 0.421, acc_v: 0.979
[2024-01-17 15:05:55] [INFO] |local epoch: 4, acc: 0.461, acc_v: 0.967
[2024-01-17 15:05:55] [INFO]  ---client 2
[2024-01-17 15:05:55] [INFO] |local epoch: 0, acc: 0.432, acc_v: 0.988
[2024-01-17 15:05:55] [INFO] |local epoch: 1, acc: 0.379, acc_v: 0.983
[2024-01-17 15:05:56] [INFO] |local epoch: 2, acc: 0.423, acc_v: 0.983
[2024-01-17 15:05:56] [INFO] |local epoch: 3, acc: 0.421, acc_v: 0.983
[2024-01-17 15:05:56] [INFO] |local epoch: 4, acc: 0.436, acc_v: 0.983
[2024-01-17 15:05:57] [INFO] |servers comunicated: 0, server aggregated: 4, acc_server 0: 0.458.
[2024-01-17 15:05:57] [INFO] --------------------------------------------------
[2024-01-17 15:05:57] [INFO]   |server: 1
[2024-01-17 15:05:57] [INFO]  ---client 3
[2024-01-17 15:05:57] [INFO] |local epoch: 0, acc: 0.294, acc_v: 0.963
[2024-01-17 15:05:57] [INFO] |local epoch: 1, acc: 0.294, acc_v: 0.963
[2024-01-17 15:05:58] [INFO] |local epoch: 2, acc: 0.320, acc_v: 0.963
[2024-01-17 15:05:58] [INFO] |local epoch: 3, acc: 0.294, acc_v: 0.963
[2024-01-17 15:05:59] [INFO] |local epoch: 4, acc: 0.343, acc_v: 0.963
[2024-01-17 15:05:59] [INFO]  ---client 4
[2024-01-17 15:05:59] [INFO] |local epoch: 0, acc: 0.277, acc_v: 0.954
[2024-01-17 15:05:59] [INFO] |local epoch: 1, acc: 0.283, acc_v: 0.954
[2024-01-17 15:06:00] [INFO] |local epoch: 2, acc: 0.295, acc_v: 0.954
[2024-01-17 15:06:00] [INFO] |local epoch: 3, acc: 0.298, acc_v: 0.946
[2024-01-17 15:06:00] [INFO] |local epoch: 4, acc: 0.336, acc_v: 0.950
[2024-01-17 15:06:00] [INFO]  ---client 5
[2024-01-17 15:06:01] [INFO] |local epoch: 0, acc: 0.276, acc_v: 0.946
[2024-01-17 15:06:01] [INFO] |local epoch: 1, acc: 0.281, acc_v: 0.950
[2024-01-17 15:06:02] [INFO] |local epoch: 2, acc: 0.294, acc_v: 0.950
[2024-01-17 15:06:02] [INFO] |local epoch: 3, acc: 0.298, acc_v: 0.950
[2024-01-17 15:06:02] [INFO] |local epoch: 4, acc: 0.289, acc_v: 0.954
[2024-01-17 15:06:02] [INFO] |servers comunicated: 0, server aggregated: 4, acc_server 1: 0.325.
[2024-01-17 15:06:02] [INFO] --------------------------------------------------
[2024-01-17 15:06:02] [INFO]   |server: 2
[2024-01-17 15:06:02] [INFO]  ---client 6
[2024-01-17 15:06:03] [INFO] |local epoch: 0, acc: 0.442, acc_v: 0.958
[2024-01-17 15:06:03] [INFO] |local epoch: 1, acc: 0.446, acc_v: 0.963
[2024-01-17 15:06:04] [INFO] |local epoch: 2, acc: 0.483, acc_v: 0.958
[2024-01-17 15:06:04] [INFO] |local epoch: 3, acc: 0.463, acc_v: 0.958
[2024-01-17 15:06:04] [INFO] |local epoch: 4, acc: 0.457, acc_v: 0.967
[2024-01-17 15:06:04] [INFO]  ---client 7
[2024-01-17 15:06:05] [INFO] |local epoch: 0, acc: 0.439, acc_v: 0.942
[2024-01-17 15:06:05] [INFO] |local epoch: 1, acc: 0.437, acc_v: 0.929
[2024-01-17 15:06:05] [INFO] |local epoch: 2, acc: 0.464, acc_v: 0.942
[2024-01-17 15:06:06] [INFO] |local epoch: 3, acc: 0.464, acc_v: 0.917
[2024-01-17 15:06:06] [INFO] |local epoch: 4, acc: 0.485, acc_v: 0.917
[2024-01-17 15:06:06] [INFO]  ---client 8
[2024-01-17 15:06:07] [INFO] |local epoch: 0, acc: 0.428, acc_v: 0.946
[2024-01-17 15:06:07] [INFO] |local epoch: 1, acc: 0.459, acc_v: 0.958
[2024-01-17 15:06:07] [INFO] |local epoch: 2, acc: 0.459, acc_v: 0.938
[2024-01-17 15:06:08] [INFO] |local epoch: 3, acc: 0.486, acc_v: 0.942
[2024-01-17 15:06:08] [INFO] |local epoch: 4, acc: 0.477, acc_v: 0.954
[2024-01-17 15:06:08] [INFO] |servers comunicated: 0, server aggregated: 4, acc_server 2: 0.489.
[2024-01-17 15:06:08] [INFO] --------------------------------------------------
[2024-01-17 15:06:08] [INFO] |server distill 0
[2024-01-17 15:06:09] [INFO] |server: 0, acc: 0.458
[2024-01-17 15:06:09] [INFO] |server: 0, acc: 0.458
[2024-01-17 15:06:09] [INFO] |server: 0, acc: 0.458
[2024-01-17 15:06:10] [INFO] |server: 0, acc: 0.458
[2024-01-17 15:06:10] [INFO] |server: 0, acc: 0.458
[2024-01-17 15:06:10] [INFO] |server distill 1
[2024-01-17 15:06:10] [INFO] |server: 1, acc: 0.325
[2024-01-17 15:06:11] [INFO] |server: 1, acc: 0.325
[2024-01-17 15:06:11] [INFO] |server: 1, acc: 0.325
[2024-01-17 15:06:11] [INFO] |server: 1, acc: 0.325
[2024-01-17 15:06:11] [INFO] |server: 1, acc: 0.325
[2024-01-17 15:06:12] [INFO] |server distill 2
[2024-01-17 15:06:12] [INFO] |server: 2, acc: 0.489
[2024-01-17 15:06:12] [INFO] |server: 2, acc: 0.489
[2024-01-17 15:06:12] [INFO] |server: 2, acc: 0.489
[2024-01-17 15:06:13] [INFO] |server: 2, acc: 0.489
[2024-01-17 15:06:13] [INFO] |server: 2, acc: 0.489
[2024-01-17 15:06:13] [INFO]      ********  servers comunicates  ********      
[2024-01-17 15:06:13] [INFO] --------------------------------------------------
[2024-01-17 15:06:13] [INFO] |epoch_server_commu: 1/30
[2024-01-17 15:06:13] [INFO]  |epoch_client_commu: 0/5
[2024-01-17 15:06:13] [INFO]   |server: 0
[2024-01-17 15:06:13] [INFO]  ---client 0
[2024-01-17 15:06:13] [INFO] |local epoch: 0, acc: 0.474, acc_v: 0.975
[2024-01-17 15:06:14] [INFO] |local epoch: 1, acc: 0.471, acc_v: 0.971
[2024-01-17 15:06:14] [INFO] |local epoch: 2, acc: 0.487, acc_v: 0.975
[2024-01-17 15:06:15] [INFO] |local epoch: 3, acc: 0.489, acc_v: 0.971
[2024-01-17 15:06:15] [INFO] |local epoch: 4, acc: 0.502, acc_v: 0.971
[2024-01-17 15:06:15] [INFO]  ---client 1
[2024-01-17 15:06:15] [INFO] |local epoch: 0, acc: 0.459, acc_v: 0.979
[2024-01-17 15:06:16] [INFO] |local epoch: 1, acc: 0.466, acc_v: 0.979
[2024-01-17 15:06:16] [INFO] |local epoch: 2, acc: 0.459, acc_v: 0.979
[2024-01-17 15:06:17] [INFO] |local epoch: 3, acc: 0.473, acc_v: 0.979
[2024-01-17 15:06:17] [INFO] |local epoch: 4, acc: 0.481, acc_v: 0.979
[2024-01-17 15:06:17] [INFO]  ---client 2
[2024-01-17 15:06:17] [INFO] |local epoch: 0, acc: 0.457, acc_v: 0.983
[2024-01-17 15:06:18] [INFO] |local epoch: 1, acc: 0.449, acc_v: 0.988
[2024-01-17 15:06:18] [INFO] |local epoch: 2, acc: 0.482, acc_v: 0.983
[2024-01-17 15:06:19] [INFO] |local epoch: 3, acc: 0.473, acc_v: 0.983
[2024-01-17 15:06:19] [INFO] |local epoch: 4, acc: 0.473, acc_v: 0.988
[2024-01-17 15:06:19] [INFO] |servers comunicated: 1, server aggregated: 0, acc_server 0: 0.488.
[2024-01-17 15:06:19] [INFO] --------------------------------------------------
[2024-01-17 15:06:19] [INFO]   |server: 1
[2024-01-17 15:06:19] [INFO]  ---client 3
[2024-01-17 15:06:20] [INFO] |local epoch: 0, acc: 0.334, acc_v: 0.971
[2024-01-17 15:06:20] [INFO] |local epoch: 1, acc: 0.343, acc_v: 0.967
[2024-01-17 15:06:20] [INFO] |local epoch: 2, acc: 0.337, acc_v: 0.971
[2024-01-17 15:06:21] [INFO] |local epoch: 3, acc: 0.352, acc_v: 0.963
[2024-01-17 15:06:21] [INFO] |local epoch: 4, acc: 0.353, acc_v: 0.958
[2024-01-17 15:06:21] [INFO]  ---client 4
[2024-01-17 15:06:22] [INFO] |local epoch: 0, acc: 0.324, acc_v: 0.950
[2024-01-17 15:06:22] [INFO] |local epoch: 1, acc: 0.320, acc_v: 0.958
[2024-01-17 15:06:22] [INFO] |local epoch: 2, acc: 0.341, acc_v: 0.950
[2024-01-17 15:06:23] [INFO] |local epoch: 3, acc: 0.344, acc_v: 0.950
[2024-01-17 15:06:23] [INFO] |local epoch: 4, acc: 0.354, acc_v: 0.950
[2024-01-17 15:06:23] [INFO]  ---client 5
[2024-01-17 15:06:24] [INFO] |local epoch: 0, acc: 0.327, acc_v: 0.954
[2024-01-17 15:06:24] [INFO] |local epoch: 1, acc: 0.331, acc_v: 0.950
[2024-01-17 15:06:24] [INFO] |local epoch: 2, acc: 0.317, acc_v: 0.954
[2024-01-17 15:06:25] [INFO] |local epoch: 3, acc: 0.333, acc_v: 0.954
[2024-01-17 15:06:25] [INFO] |local epoch: 4, acc: 0.337, acc_v: 0.950
[2024-01-17 15:06:25] [INFO] |servers comunicated: 1, server aggregated: 0, acc_server 1: 0.349.
[2024-01-17 15:06:25] [INFO] --------------------------------------------------
[2024-01-17 15:06:25] [INFO]   |server: 2
[2024-01-17 15:06:25] [INFO]  ---client 6
[2024-01-17 15:06:26] [INFO] |local epoch: 0, acc: 0.479, acc_v: 0.958
[2024-01-17 15:06:26] [INFO] |local epoch: 1, acc: 0.485, acc_v: 0.954
[2024-01-17 15:06:27] [INFO] |local epoch: 2, acc: 0.502, acc_v: 0.967
[2024-01-17 15:06:27] [INFO] |local epoch: 3, acc: 0.496, acc_v: 0.954
[2024-01-17 15:06:27] [INFO] |local epoch: 4, acc: 0.509, acc_v: 0.967
[2024-01-17 15:06:27] [INFO]  ---client 7
[2024-01-17 15:06:28] [INFO] |local epoch: 0, acc: 0.495, acc_v: 0.942
[2024-01-17 15:06:28] [INFO] |local epoch: 1, acc: 0.477, acc_v: 0.942
[2024-01-17 15:06:29] [INFO] |local epoch: 2, acc: 0.494, acc_v: 0.946
[2024-01-17 15:06:29] [INFO] |local epoch: 3, acc: 0.506, acc_v: 0.938
[2024-01-17 15:06:29] [INFO] |local epoch: 4, acc: 0.505, acc_v: 0.946
[2024-01-17 15:06:29] [INFO]  ---client 8
[2024-01-17 15:06:30] [INFO] |local epoch: 0, acc: 0.495, acc_v: 0.946
[2024-01-17 15:06:30] [INFO] |local epoch: 1, acc: 0.499, acc_v: 0.958
[2024-01-17 15:06:31] [INFO] |local epoch: 2, acc: 0.494, acc_v: 0.954
[2024-01-17 15:06:31] [INFO] |local epoch: 3, acc: 0.497, acc_v: 0.946
[2024-01-17 15:06:31] [INFO] |local epoch: 4, acc: 0.500, acc_v: 0.950
[2024-01-17 15:06:32] [INFO] |servers comunicated: 1, server aggregated: 0, acc_server 2: 0.509.
[2024-01-17 15:06:32] [INFO] --------------------------------------------------
[2024-01-17 15:06:32] [INFO]  |epoch_client_commu: 1/5
[2024-01-17 15:06:32] [INFO]   |server: 0
[2024-01-17 15:06:32] [INFO]  ---client 0
[2024-01-17 15:06:32] [INFO] |local epoch: 0, acc: 0.493, acc_v: 0.975
[2024-01-17 15:06:33] [INFO] |local epoch: 1, acc: 0.477, acc_v: 0.971
[2024-01-17 15:06:33] [INFO] |local epoch: 2, acc: 0.517, acc_v: 0.971
[2024-01-17 15:06:33] [INFO] |local epoch: 3, acc: 0.499, acc_v: 0.971
[2024-01-17 15:06:34] [INFO] |local epoch: 4, acc: 0.514, acc_v: 0.975
[2024-01-17 15:06:34] [INFO]  ---client 1
[2024-01-17 15:06:34] [INFO] |local epoch: 0, acc: 0.503, acc_v: 0.979
[2024-01-17 15:06:35] [INFO] |local epoch: 1, acc: 0.492, acc_v: 0.979
[2024-01-17 15:06:35] [INFO] |local epoch: 2, acc: 0.505, acc_v: 0.975
[2024-01-17 15:06:35] [INFO] |local epoch: 3, acc: 0.483, acc_v: 0.979
[2024-01-17 15:06:36] [INFO] |local epoch: 4, acc: 0.502, acc_v: 0.975
[2024-01-17 15:06:36] [INFO]  ---client 2
[2024-01-17 15:06:36] [INFO] |local epoch: 0, acc: 0.475, acc_v: 0.983
[2024-01-17 15:06:37] [INFO] |local epoch: 1, acc: 0.485, acc_v: 0.983
[2024-01-17 15:06:37] [INFO] |local epoch: 2, acc: 0.503, acc_v: 0.988
[2024-01-17 15:06:37] [INFO] |local epoch: 3, acc: 0.507, acc_v: 0.988
[2024-01-17 15:06:38] [INFO] |local epoch: 4, acc: 0.499, acc_v: 0.988
[2024-01-17 15:06:38] [INFO] |servers comunicated: 1, server aggregated: 1, acc_server 0: 0.507.
[2024-01-17 15:06:38] [INFO] --------------------------------------------------
[2024-01-17 15:06:38] [INFO]   |server: 1
[2024-01-17 15:06:38] [INFO]  ---client 3
[2024-01-17 15:06:38] [INFO] |local epoch: 0, acc: 0.363, acc_v: 0.967
[2024-01-17 15:06:39] [INFO] |local epoch: 1, acc: 0.364, acc_v: 0.967
[2024-01-17 15:06:39] [INFO] |local epoch: 2, acc: 0.357, acc_v: 0.963
[2024-01-17 15:06:40] [INFO] |local epoch: 3, acc: 0.380, acc_v: 0.963
[2024-01-17 15:06:40] [INFO] |local epoch: 4, acc: 0.373, acc_v: 0.967
[2024-01-17 15:06:40] [INFO]  ---client 4
[2024-01-17 15:06:40] [INFO] |local epoch: 0, acc: 0.347, acc_v: 0.954
[2024-01-17 15:06:41] [INFO] |local epoch: 1, acc: 0.363, acc_v: 0.950
[2024-01-17 15:06:41] [INFO] |local epoch: 2, acc: 0.353, acc_v: 0.954
[2024-01-17 15:06:42] [INFO] |local epoch: 3, acc: 0.364, acc_v: 0.954
[2024-01-17 15:06:42] [INFO] |local epoch: 4, acc: 0.363, acc_v: 0.954
[2024-01-17 15:06:42] [INFO]  ---client 5
[2024-01-17 15:06:42] [INFO] |local epoch: 0, acc: 0.350, acc_v: 0.950
[2024-01-17 15:06:43] [INFO] |local epoch: 1, acc: 0.355, acc_v: 0.950
[2024-01-17 15:06:43] [INFO] |local epoch: 2, acc: 0.351, acc_v: 0.954
[2024-01-17 15:06:44] [INFO] |local epoch: 3, acc: 0.354, acc_v: 0.950
[2024-01-17 15:06:44] [INFO] |local epoch: 4, acc: 0.369, acc_v: 0.954
[2024-01-17 15:06:44] [INFO] |servers comunicated: 1, server aggregated: 1, acc_server 1: 0.368.
[2024-01-17 15:06:44] [INFO] --------------------------------------------------
[2024-01-17 15:06:44] [INFO]   |server: 2
[2024-01-17 15:06:44] [INFO]  ---client 6
[2024-01-17 15:06:45] [INFO] |local epoch: 0, acc: 0.502, acc_v: 0.967
[2024-01-17 15:06:45] [INFO] |local epoch: 1, acc: 0.506, acc_v: 0.958
[2024-01-17 15:06:45] [INFO] |local epoch: 2, acc: 0.502, acc_v: 0.954
[2024-01-17 15:06:46] [INFO] |local epoch: 3, acc: 0.515, acc_v: 0.967
[2024-01-17 15:06:46] [INFO] |local epoch: 4, acc: 0.512, acc_v: 0.954
[2024-01-17 15:06:46] [INFO]  ---client 7
[2024-01-17 15:06:47] [INFO] |local epoch: 0, acc: 0.511, acc_v: 0.946
[2024-01-17 15:06:47] [INFO] |local epoch: 1, acc: 0.498, acc_v: 0.946
[2024-01-17 15:06:47] [INFO] |local epoch: 2, acc: 0.516, acc_v: 0.946
[2024-01-17 15:06:48] [INFO] |local epoch: 3, acc: 0.520, acc_v: 0.942
[2024-01-17 15:06:48] [INFO] |local epoch: 4, acc: 0.511, acc_v: 0.946
[2024-01-17 15:06:48] [INFO]  ---client 8
[2024-01-17 15:06:49] [INFO] |local epoch: 0, acc: 0.517, acc_v: 0.946
[2024-01-17 15:06:49] [INFO] |local epoch: 1, acc: 0.520, acc_v: 0.954
[2024-01-17 15:06:49] [INFO] |local epoch: 2, acc: 0.508, acc_v: 0.950
[2024-01-17 15:06:50] [INFO] |local epoch: 3, acc: 0.517, acc_v: 0.950
[2024-01-17 15:06:50] [INFO] |local epoch: 4, acc: 0.537, acc_v: 0.946
[2024-01-17 15:06:50] [INFO] |servers comunicated: 1, server aggregated: 1, acc_server 2: 0.523.
[2024-01-17 15:06:50] [INFO] --------------------------------------------------
[2024-01-17 15:06:50] [INFO]  |epoch_client_commu: 2/5
[2024-01-17 15:06:50] [INFO]   |server: 0
[2024-01-17 15:06:50] [INFO]  ---client 0
[2024-01-17 15:06:51] [INFO] |local epoch: 0, acc: 0.532, acc_v: 0.975
[2024-01-17 15:06:51] [INFO] |local epoch: 1, acc: 0.512, acc_v: 0.975
[2024-01-17 15:06:52] [INFO] |local epoch: 2, acc: 0.526, acc_v: 0.975
[2024-01-17 15:06:52] [INFO] |local epoch: 3, acc: 0.514, acc_v: 0.975
[2024-01-17 15:06:52] [INFO] |local epoch: 4, acc: 0.534, acc_v: 0.975
[2024-01-17 15:06:52] [INFO]  ---client 1
[2024-01-17 15:06:53] [INFO] |local epoch: 0, acc: 0.510, acc_v: 0.975
[2024-01-17 15:06:53] [INFO] |local epoch: 1, acc: 0.530, acc_v: 0.979
[2024-01-17 15:06:54] [INFO] |local epoch: 2, acc: 0.512, acc_v: 0.975
[2024-01-17 15:06:54] [INFO] |local epoch: 3, acc: 0.527, acc_v: 0.975
[2024-01-17 15:06:54] [INFO] |local epoch: 4, acc: 0.511, acc_v: 0.975
[2024-01-17 15:06:54] [INFO]  ---client 2
[2024-01-17 15:06:55] [INFO] |local epoch: 0, acc: 0.503, acc_v: 0.988
[2024-01-17 15:06:55] [INFO] |local epoch: 1, acc: 0.496, acc_v: 0.988
[2024-01-17 15:06:56] [INFO] |local epoch: 2, acc: 0.514, acc_v: 0.983
[2024-01-17 15:06:56] [INFO] |local epoch: 3, acc: 0.538, acc_v: 0.988
[2024-01-17 15:06:56] [INFO] |local epoch: 4, acc: 0.518, acc_v: 0.988
[2024-01-17 15:06:57] [INFO] |servers comunicated: 1, server aggregated: 2, acc_server 0: 0.524.
[2024-01-17 15:06:57] [INFO] --------------------------------------------------
[2024-01-17 15:06:57] [INFO]   |server: 1
[2024-01-17 15:06:57] [INFO]  ---client 3
[2024-01-17 15:06:57] [INFO] |local epoch: 0, acc: 0.374, acc_v: 0.971
[2024-01-17 15:06:57] [INFO] |local epoch: 1, acc: 0.380, acc_v: 0.954
[2024-01-17 15:06:58] [INFO] |local epoch: 2, acc: 0.387, acc_v: 0.954
[2024-01-17 15:06:58] [INFO] |local epoch: 3, acc: 0.399, acc_v: 0.967
[2024-01-17 15:06:59] [INFO] |local epoch: 4, acc: 0.404, acc_v: 0.967
[2024-01-17 15:06:59] [INFO]  ---client 4
[2024-01-17 15:06:59] [INFO] |local epoch: 0, acc: 0.371, acc_v: 0.946
[2024-01-17 15:06:59] [INFO] |local epoch: 1, acc: 0.379, acc_v: 0.950
[2024-01-17 15:07:00] [INFO] |local epoch: 2, acc: 0.378, acc_v: 0.950
[2024-01-17 15:07:00] [INFO] |local epoch: 3, acc: 0.382, acc_v: 0.950
[2024-01-17 15:07:01] [INFO] |local epoch: 4, acc: 0.391, acc_v: 0.958
[2024-01-17 15:07:01] [INFO]  ---client 5
[2024-01-17 15:07:01] [INFO] |local epoch: 0, acc: 0.366, acc_v: 0.954
[2024-01-17 15:07:01] [INFO] |local epoch: 1, acc: 0.372, acc_v: 0.950
[2024-01-17 15:07:02] [INFO] |local epoch: 2, acc: 0.363, acc_v: 0.958
[2024-01-17 15:07:02] [INFO] |local epoch: 3, acc: 0.369, acc_v: 0.954
[2024-01-17 15:07:03] [INFO] |local epoch: 4, acc: 0.374, acc_v: 0.958
[2024-01-17 15:07:03] [INFO] |servers comunicated: 1, server aggregated: 2, acc_server 1: 0.391.
[2024-01-17 15:07:03] [INFO] --------------------------------------------------
[2024-01-17 15:07:03] [INFO]   |server: 2
[2024-01-17 15:07:03] [INFO]  ---client 6
[2024-01-17 15:07:03] [INFO] |local epoch: 0, acc: 0.523, acc_v: 0.967
[2024-01-17 15:07:04] [INFO] |local epoch: 1, acc: 0.526, acc_v: 0.971
[2024-01-17 15:07:04] [INFO] |local epoch: 2, acc: 0.522, acc_v: 0.963
[2024-01-17 15:07:04] [INFO] |local epoch: 3, acc: 0.528, acc_v: 0.963
[2024-01-17 15:07:05] [INFO] |local epoch: 4, acc: 0.528, acc_v: 0.967
[2024-01-17 15:07:05] [INFO]  ---client 7
[2024-01-17 15:07:05] [INFO] |local epoch: 0, acc: 0.524, acc_v: 0.938
[2024-01-17 15:07:06] [INFO] |local epoch: 1, acc: 0.524, acc_v: 0.950
[2024-01-17 15:07:06] [INFO] |local epoch: 2, acc: 0.527, acc_v: 0.946
[2024-01-17 15:07:07] [INFO] |local epoch: 3, acc: 0.538, acc_v: 0.942
[2024-01-17 15:07:07] [INFO] |local epoch: 4, acc: 0.538, acc_v: 0.942
[2024-01-17 15:07:07] [INFO]  ---client 8
[2024-01-17 15:07:08] [INFO] |local epoch: 0, acc: 0.521, acc_v: 0.942
[2024-01-17 15:07:08] [INFO] |local epoch: 1, acc: 0.530, acc_v: 0.954
[2024-01-17 15:07:08] [INFO] |local epoch: 2, acc: 0.525, acc_v: 0.946
[2024-01-17 15:07:09] [INFO] |local epoch: 3, acc: 0.533, acc_v: 0.933
[2024-01-17 15:07:09] [INFO] |local epoch: 4, acc: 0.535, acc_v: 0.946
[2024-01-17 15:07:09] [INFO] |servers comunicated: 1, server aggregated: 2, acc_server 2: 0.536.
[2024-01-17 15:07:09] [INFO] --------------------------------------------------
[2024-01-17 15:07:09] [INFO]  |epoch_client_commu: 3/5
[2024-01-17 15:07:09] [INFO]   |server: 0
[2024-01-17 15:07:09] [INFO]  ---client 0
[2024-01-17 15:07:10] [INFO] |local epoch: 0, acc: 0.524, acc_v: 0.979
[2024-01-17 15:07:10] [INFO] |local epoch: 1, acc: 0.559, acc_v: 0.971
[2024-01-17 15:07:11] [INFO] |local epoch: 2, acc: 0.536, acc_v: 0.979
[2024-01-17 15:07:11] [INFO] |local epoch: 3, acc: 0.550, acc_v: 0.979
[2024-01-17 15:07:11] [INFO] |local epoch: 4, acc: 0.532, acc_v: 0.979
[2024-01-17 15:07:11] [INFO]  ---client 1
[2024-01-17 15:07:12] [INFO] |local epoch: 0, acc: 0.539, acc_v: 0.979
[2024-01-17 15:07:12] [INFO] |local epoch: 1, acc: 0.552, acc_v: 0.975
[2024-01-17 15:07:13] [INFO] |local epoch: 2, acc: 0.535, acc_v: 0.975
[2024-01-17 15:07:13] [INFO] |local epoch: 3, acc: 0.541, acc_v: 0.979
[2024-01-17 15:07:13] [INFO] |local epoch: 4, acc: 0.542, acc_v: 0.979
[2024-01-17 15:07:13] [INFO]  ---client 2
[2024-01-17 15:07:14] [INFO] |local epoch: 0, acc: 0.510, acc_v: 0.983
[2024-01-17 15:07:14] [INFO] |local epoch: 1, acc: 0.547, acc_v: 0.983
[2024-01-17 15:07:15] [INFO] |local epoch: 2, acc: 0.540, acc_v: 0.988
[2024-01-17 15:07:15] [INFO] |local epoch: 3, acc: 0.523, acc_v: 0.988
[2024-01-17 15:07:15] [INFO] |local epoch: 4, acc: 0.532, acc_v: 0.988
[2024-01-17 15:07:16] [INFO] |servers comunicated: 1, server aggregated: 3, acc_server 0: 0.537.
[2024-01-17 15:07:16] [INFO] --------------------------------------------------
[2024-01-17 15:07:16] [INFO]   |server: 1
[2024-01-17 15:07:16] [INFO]  ---client 3
[2024-01-17 15:07:16] [INFO] |local epoch: 0, acc: 0.396, acc_v: 0.967
[2024-01-17 15:07:16] [INFO] |local epoch: 1, acc: 0.393, acc_v: 0.967
[2024-01-17 15:07:17] [INFO] |local epoch: 2, acc: 0.407, acc_v: 0.967
[2024-01-17 15:07:17] [INFO] |local epoch: 3, acc: 0.411, acc_v: 0.971
[2024-01-17 15:07:18] [INFO] |local epoch: 4, acc: 0.419, acc_v: 0.971
[2024-01-17 15:07:18] [INFO]  ---client 4
[2024-01-17 15:07:18] [INFO] |local epoch: 0, acc: 0.388, acc_v: 0.958
[2024-01-17 15:07:18] [INFO] |local epoch: 1, acc: 0.396, acc_v: 0.950
[2024-01-17 15:07:19] [INFO] |local epoch: 2, acc: 0.397, acc_v: 0.958
[2024-01-17 15:07:19] [INFO] |local epoch: 3, acc: 0.401, acc_v: 0.950
[2024-01-17 15:07:20] [INFO] |local epoch: 4, acc: 0.400, acc_v: 0.954
[2024-01-17 15:07:20] [INFO]  ---client 5
[2024-01-17 15:07:20] [INFO] |local epoch: 0, acc: 0.381, acc_v: 0.950
[2024-01-17 15:07:20] [INFO] |local epoch: 1, acc: 0.394, acc_v: 0.954
[2024-01-17 15:07:21] [INFO] |local epoch: 2, acc: 0.382, acc_v: 0.958
[2024-01-17 15:07:21] [INFO] |local epoch: 3, acc: 0.383, acc_v: 0.954
[2024-01-17 15:07:22] [INFO] |local epoch: 4, acc: 0.401, acc_v: 0.958
[2024-01-17 15:07:22] [INFO] |servers comunicated: 1, server aggregated: 3, acc_server 1: 0.409.
[2024-01-17 15:07:22] [INFO] --------------------------------------------------
[2024-01-17 15:07:22] [INFO]   |server: 2
[2024-01-17 15:07:22] [INFO]  ---client 6
[2024-01-17 15:07:22] [INFO] |local epoch: 0, acc: 0.538, acc_v: 0.963
[2024-01-17 15:07:23] [INFO] |local epoch: 1, acc: 0.525, acc_v: 0.963
[2024-01-17 15:07:23] [INFO] |local epoch: 2, acc: 0.548, acc_v: 0.967
[2024-01-17 15:07:23] [INFO] |local epoch: 3, acc: 0.562, acc_v: 0.958
[2024-01-17 15:07:24] [INFO] |local epoch: 4, acc: 0.545, acc_v: 0.971
[2024-01-17 15:07:24] [INFO]  ---client 7
[2024-01-17 15:07:24] [INFO] |local epoch: 0, acc: 0.533, acc_v: 0.938
[2024-01-17 15:07:25] [INFO] |local epoch: 1, acc: 0.556, acc_v: 0.933
[2024-01-17 15:07:25] [INFO] |local epoch: 2, acc: 0.545, acc_v: 0.938
[2024-01-17 15:07:25] [INFO] |local epoch: 3, acc: 0.549, acc_v: 0.950
[2024-01-17 15:07:26] [INFO] |local epoch: 4, acc: 0.549, acc_v: 0.946
[2024-01-17 15:07:26] [INFO]  ---client 8
[2024-01-17 15:07:26] [INFO] |local epoch: 0, acc: 0.533, acc_v: 0.942
[2024-01-17 15:07:27] [INFO] |local epoch: 1, acc: 0.543, acc_v: 0.946
[2024-01-17 15:07:27] [INFO] |local epoch: 2, acc: 0.531, acc_v: 0.946
[2024-01-17 15:07:27] [INFO] |local epoch: 3, acc: 0.540, acc_v: 0.950
[2024-01-17 15:07:28] [INFO] |local epoch: 4, acc: 0.561, acc_v: 0.946
[2024-01-17 15:07:28] [INFO] |servers comunicated: 1, server aggregated: 3, acc_server 2: 0.555.
[2024-01-17 15:07:28] [INFO] --------------------------------------------------
[2024-01-17 15:07:28] [INFO]  |epoch_client_commu: 4/5
[2024-01-17 15:07:28] [INFO]   |server: 0
[2024-01-17 15:07:28] [INFO]  ---client 0
[2024-01-17 15:07:28] [INFO] |local epoch: 0, acc: 0.553, acc_v: 0.979
[2024-01-17 15:07:29] [INFO] |local epoch: 1, acc: 0.543, acc_v: 0.979
[2024-01-17 15:07:29] [INFO] |local epoch: 2, acc: 0.571, acc_v: 0.975
[2024-01-17 15:07:30] [INFO] |local epoch: 3, acc: 0.567, acc_v: 0.975
[2024-01-17 15:07:30] [INFO] |local epoch: 4, acc: 0.563, acc_v: 0.979
[2024-01-17 15:07:30] [INFO]  ---client 1
[2024-01-17 15:07:30] [INFO] |local epoch: 0, acc: 0.552, acc_v: 0.979
[2024-01-17 15:07:31] [INFO] |local epoch: 1, acc: 0.571, acc_v: 0.979
[2024-01-17 15:07:31] [INFO] |local epoch: 2, acc: 0.557, acc_v: 0.979
[2024-01-17 15:07:32] [INFO] |local epoch: 3, acc: 0.556, acc_v: 0.979
[2024-01-17 15:07:32] [INFO] |local epoch: 4, acc: 0.567, acc_v: 0.979
[2024-01-17 15:07:32] [INFO]  ---client 2
[2024-01-17 15:07:32] [INFO] |local epoch: 0, acc: 0.559, acc_v: 0.988
[2024-01-17 15:07:33] [INFO] |local epoch: 1, acc: 0.528, acc_v: 0.988
[2024-01-17 15:07:33] [INFO] |local epoch: 2, acc: 0.558, acc_v: 0.992
[2024-01-17 15:07:34] [INFO] |local epoch: 3, acc: 0.542, acc_v: 0.988
[2024-01-17 15:07:34] [INFO] |local epoch: 4, acc: 0.563, acc_v: 0.992
[2024-01-17 15:07:34] [INFO] |servers comunicated: 1, server aggregated: 4, acc_server 0: 0.568.
[2024-01-17 15:07:34] [INFO] --------------------------------------------------
[2024-01-17 15:07:34] [INFO]   |server: 1
[2024-01-17 15:07:34] [INFO]  ---client 3
[2024-01-17 15:07:35] [INFO] |local epoch: 0, acc: 0.414, acc_v: 0.967
[2024-01-17 15:07:35] [INFO] |local epoch: 1, acc: 0.414, acc_v: 0.963
[2024-01-17 15:07:35] [INFO] |local epoch: 2, acc: 0.413, acc_v: 0.971
[2024-01-17 15:07:36] [INFO] |local epoch: 3, acc: 0.429, acc_v: 0.963
[2024-01-17 15:07:36] [INFO] |local epoch: 4, acc: 0.425, acc_v: 0.958
[2024-01-17 15:07:36] [INFO]  ---client 4
[2024-01-17 15:07:37] [INFO] |local epoch: 0, acc: 0.385, acc_v: 0.958
[2024-01-17 15:07:37] [INFO] |local epoch: 1, acc: 0.432, acc_v: 0.958
[2024-01-17 15:07:38] [INFO] |local epoch: 2, acc: 0.412, acc_v: 0.950
[2024-01-17 15:07:38] [INFO] |local epoch: 3, acc: 0.434, acc_v: 0.954
[2024-01-17 15:07:38] [INFO] |local epoch: 4, acc: 0.413, acc_v: 0.954
[2024-01-17 15:07:38] [INFO]  ---client 5
[2024-01-17 15:07:39] [INFO] |local epoch: 0, acc: 0.401, acc_v: 0.954
[2024-01-17 15:07:39] [INFO] |local epoch: 1, acc: 0.397, acc_v: 0.958
[2024-01-17 15:07:40] [INFO] |local epoch: 2, acc: 0.412, acc_v: 0.954
[2024-01-17 15:07:40] [INFO] |local epoch: 3, acc: 0.407, acc_v: 0.954
[2024-01-17 15:07:40] [INFO] |local epoch: 4, acc: 0.406, acc_v: 0.958
[2024-01-17 15:07:41] [INFO] |servers comunicated: 1, server aggregated: 4, acc_server 1: 0.417.
[2024-01-17 15:07:41] [INFO] --------------------------------------------------
[2024-01-17 15:07:41] [INFO]   |server: 2
[2024-01-17 15:07:41] [INFO]  ---client 6
[2024-01-17 15:07:41] [INFO] |local epoch: 0, acc: 0.551, acc_v: 0.958
[2024-01-17 15:07:41] [INFO] |local epoch: 1, acc: 0.558, acc_v: 0.963
[2024-01-17 15:07:42] [INFO] |local epoch: 2, acc: 0.555, acc_v: 0.958
[2024-01-17 15:07:42] [INFO] |local epoch: 3, acc: 0.566, acc_v: 0.963
[2024-01-17 15:07:43] [INFO] |local epoch: 4, acc: 0.551, acc_v: 0.971
[2024-01-17 15:07:43] [INFO]  ---client 7
[2024-01-17 15:07:43] [INFO] |local epoch: 0, acc: 0.545, acc_v: 0.950
[2024-01-17 15:07:43] [INFO] |local epoch: 1, acc: 0.559, acc_v: 0.950
[2024-01-17 15:07:44] [INFO] |local epoch: 2, acc: 0.564, acc_v: 0.942
[2024-01-17 15:07:44] [INFO] |local epoch: 3, acc: 0.559, acc_v: 0.946
[2024-01-17 15:07:45] [INFO] |local epoch: 4, acc: 0.557, acc_v: 0.946
[2024-01-17 15:07:45] [INFO]  ---client 8
[2024-01-17 15:07:45] [INFO] |local epoch: 0, acc: 0.541, acc_v: 0.942
[2024-01-17 15:07:45] [INFO] |local epoch: 1, acc: 0.555, acc_v: 0.946
[2024-01-17 15:07:46] [INFO] |local epoch: 2, acc: 0.553, acc_v: 0.946
[2024-01-17 15:07:46] [INFO] |local epoch: 3, acc: 0.581, acc_v: 0.946
[2024-01-17 15:07:47] [INFO] |local epoch: 4, acc: 0.562, acc_v: 0.946
[2024-01-17 15:07:47] [INFO] |servers comunicated: 1, server aggregated: 4, acc_server 2: 0.561.
[2024-01-17 15:07:47] [INFO] --------------------------------------------------
[2024-01-17 15:07:47] [INFO] |server distill 0
[2024-01-17 15:07:47] [INFO] |server: 0, acc: 0.568
[2024-01-17 15:07:47] [INFO] |server: 0, acc: 0.568
[2024-01-17 15:07:48] [INFO] |server: 0, acc: 0.568
[2024-01-17 15:07:48] [INFO] |server: 0, acc: 0.568
[2024-01-17 15:07:48] [INFO] |server: 0, acc: 0.568
[2024-01-17 15:07:48] [INFO] |server distill 1
[2024-01-17 15:07:49] [INFO] |server: 1, acc: 0.417
[2024-01-17 15:07:49] [INFO] |server: 1, acc: 0.417
[2024-01-17 15:07:49] [INFO] |server: 1, acc: 0.417
[2024-01-17 15:07:50] [INFO] |server: 1, acc: 0.417
[2024-01-17 15:07:50] [INFO] |server: 1, acc: 0.417
[2024-01-17 15:07:50] [INFO] |server distill 2
[2024-01-17 15:07:50] [INFO] |server: 2, acc: 0.561
[2024-01-17 15:07:51] [INFO] |server: 2, acc: 0.561
[2024-01-17 15:07:51] [INFO] |server: 2, acc: 0.561
[2024-01-17 15:07:51] [INFO] |server: 2, acc: 0.561
[2024-01-17 15:07:51] [INFO] |server: 2, acc: 0.561
[2024-01-17 15:07:51] [INFO]      ********  servers comunicates  ********      
[2024-01-17 15:07:51] [INFO] --------------------------------------------------
[2024-01-17 15:07:51] [INFO] |epoch_server_commu: 2/30
[2024-01-17 15:07:51] [INFO]  |epoch_client_commu: 0/5
[2024-01-17 15:07:51] [INFO]   |server: 0
[2024-01-17 15:07:51] [INFO]  ---client 0
[2024-01-17 15:07:52] [INFO] |local epoch: 0, acc: 0.566, acc_v: 0.979
[2024-01-17 15:07:52] [INFO] |local epoch: 1, acc: 0.581, acc_v: 0.979
[2024-01-17 15:07:53] [INFO] |local epoch: 2, acc: 0.581, acc_v: 0.979
[2024-01-17 15:07:53] [INFO] |local epoch: 3, acc: 0.563, acc_v: 0.979
[2024-01-17 15:07:53] [INFO] |local epoch: 4, acc: 0.569, acc_v: 0.979
[2024-01-17 15:07:53] [INFO]  ---client 1
[2024-01-17 15:07:54] [INFO] |local epoch: 0, acc: 0.555, acc_v: 0.979
[2024-01-17 15:07:54] [INFO] |local epoch: 1, acc: 0.569, acc_v: 0.975
[2024-01-17 15:07:55] [INFO] |local epoch: 2, acc: 0.558, acc_v: 0.975
[2024-01-17 15:07:55] [INFO] |local epoch: 3, acc: 0.573, acc_v: 0.975
[2024-01-17 15:07:55] [INFO] |local epoch: 4, acc: 0.568, acc_v: 0.975
[2024-01-17 15:07:55] [INFO]  ---client 2
[2024-01-17 15:07:56] [INFO] |local epoch: 0, acc: 0.556, acc_v: 0.988
[2024-01-17 15:07:56] [INFO] |local epoch: 1, acc: 0.582, acc_v: 0.988
[2024-01-17 15:07:57] [INFO] |local epoch: 2, acc: 0.570, acc_v: 0.992
[2024-01-17 15:07:57] [INFO] |local epoch: 3, acc: 0.568, acc_v: 0.992
[2024-01-17 15:07:58] [INFO] |local epoch: 4, acc: 0.579, acc_v: 0.992
[2024-01-17 15:07:58] [INFO] |servers comunicated: 2, server aggregated: 0, acc_server 0: 0.574.
[2024-01-17 15:07:58] [INFO] --------------------------------------------------
[2024-01-17 15:07:58] [INFO]   |server: 1
[2024-01-17 15:07:58] [INFO]  ---client 3
[2024-01-17 15:07:58] [INFO] |local epoch: 0, acc: 0.433, acc_v: 0.963
[2024-01-17 15:07:59] [INFO] |local epoch: 1, acc: 0.424, acc_v: 0.967
[2024-01-17 15:07:59] [INFO] |local epoch: 2, acc: 0.441, acc_v: 0.971
[2024-01-17 15:07:59] [INFO] |local epoch: 3, acc: 0.431, acc_v: 0.971
[2024-01-17 15:08:00] [INFO] |local epoch: 4, acc: 0.434, acc_v: 0.958
[2024-01-17 15:08:00] [INFO]  ---client 4
[2024-01-17 15:08:00] [INFO] |local epoch: 0, acc: 0.421, acc_v: 0.954
[2024-01-17 15:08:01] [INFO] |local epoch: 1, acc: 0.413, acc_v: 0.958
[2024-01-17 15:08:01] [INFO] |local epoch: 2, acc: 0.426, acc_v: 0.954
[2024-01-17 15:08:01] [INFO] |local epoch: 3, acc: 0.426, acc_v: 0.954
[2024-01-17 15:08:02] [INFO] |local epoch: 4, acc: 0.424, acc_v: 0.958
[2024-01-17 15:08:02] [INFO]  ---client 5
[2024-01-17 15:08:02] [INFO] |local epoch: 0, acc: 0.405, acc_v: 0.958
[2024-01-17 15:08:03] [INFO] |local epoch: 1, acc: 0.402, acc_v: 0.950
[2024-01-17 15:08:03] [INFO] |local epoch: 2, acc: 0.417, acc_v: 0.958
[2024-01-17 15:08:03] [INFO] |local epoch: 3, acc: 0.420, acc_v: 0.958
[2024-01-17 15:08:04] [INFO] |local epoch: 4, acc: 0.418, acc_v: 0.958
[2024-01-17 15:08:04] [INFO] |servers comunicated: 2, server aggregated: 0, acc_server 1: 0.429.
[2024-01-17 15:08:04] [INFO] --------------------------------------------------
[2024-01-17 15:08:04] [INFO]   |server: 2
[2024-01-17 15:08:04] [INFO]  ---client 6
[2024-01-17 15:08:04] [INFO] |local epoch: 0, acc: 0.560, acc_v: 0.958
[2024-01-17 15:08:05] [INFO] |local epoch: 1, acc: 0.569, acc_v: 0.967
[2024-01-17 15:08:05] [INFO] |local epoch: 2, acc: 0.566, acc_v: 0.963
[2024-01-17 15:08:06] [INFO] |local epoch: 3, acc: 0.570, acc_v: 0.958
[2024-01-17 15:08:06] [INFO] |local epoch: 4, acc: 0.571, acc_v: 0.958
[2024-01-17 15:08:06] [INFO]  ---client 7
[2024-01-17 15:08:06] [INFO] |local epoch: 0, acc: 0.560, acc_v: 0.946
[2024-01-17 15:08:07] [INFO] |local epoch: 1, acc: 0.580, acc_v: 0.942
[2024-01-17 15:08:07] [INFO] |local epoch: 2, acc: 0.587, acc_v: 0.946
[2024-01-17 15:08:08] [INFO] |local epoch: 3, acc: 0.584, acc_v: 0.946
[2024-01-17 15:08:08] [INFO] |local epoch: 4, acc: 0.581, acc_v: 0.946
[2024-01-17 15:08:08] [INFO]  ---client 8
[2024-01-17 15:08:08] [INFO] |local epoch: 0, acc: 0.561, acc_v: 0.942
[2024-01-17 15:08:09] [INFO] |local epoch: 1, acc: 0.559, acc_v: 0.942
[2024-01-17 15:08:09] [INFO] |local epoch: 2, acc: 0.565, acc_v: 0.950
[2024-01-17 15:08:10] [INFO] |local epoch: 3, acc: 0.570, acc_v: 0.942
[2024-01-17 15:08:10] [INFO] |local epoch: 4, acc: 0.579, acc_v: 0.942
[2024-01-17 15:08:10] [INFO] |servers comunicated: 2, server aggregated: 0, acc_server 2: 0.579.
[2024-01-17 15:08:10] [INFO] --------------------------------------------------
[2024-01-17 15:08:10] [INFO]  |epoch_client_commu: 1/5
[2024-01-17 15:08:10] [INFO]   |server: 0
[2024-01-17 15:08:10] [INFO]  ---client 0
[2024-01-17 15:08:11] [INFO] |local epoch: 0, acc: 0.572, acc_v: 0.979
[2024-01-17 15:08:11] [INFO] |local epoch: 1, acc: 0.574, acc_v: 0.979
[2024-01-17 15:08:11] [INFO] |local epoch: 2, acc: 0.594, acc_v: 0.975
[2024-01-17 15:08:12] [INFO] |local epoch: 3, acc: 0.582, acc_v: 0.975
[2024-01-17 15:08:12] [INFO] |local epoch: 4, acc: 0.574, acc_v: 0.975
[2024-01-17 15:08:12] [INFO]  ---client 1
[2024-01-17 15:08:13] [INFO] |local epoch: 0, acc: 0.574, acc_v: 0.975
[2024-01-17 15:08:13] [INFO] |local epoch: 1, acc: 0.567, acc_v: 0.975
[2024-01-17 15:08:13] [INFO] |local epoch: 2, acc: 0.571, acc_v: 0.979
[2024-01-17 15:08:14] [INFO] |local epoch: 3, acc: 0.573, acc_v: 0.975
[2024-01-17 15:08:14] [INFO] |local epoch: 4, acc: 0.567, acc_v: 0.975
[2024-01-17 15:08:14] [INFO]  ---client 2
[2024-01-17 15:08:15] [INFO] |local epoch: 0, acc: 0.557, acc_v: 0.988
[2024-01-17 15:08:15] [INFO] |local epoch: 1, acc: 0.561, acc_v: 0.992
[2024-01-17 15:08:15] [INFO] |local epoch: 2, acc: 0.580, acc_v: 0.992
[2024-01-17 15:08:16] [INFO] |local epoch: 3, acc: 0.576, acc_v: 0.988
[2024-01-17 15:08:16] [INFO] |local epoch: 4, acc: 0.591, acc_v: 0.992
[2024-01-17 15:08:16] [INFO] |servers comunicated: 2, server aggregated: 1, acc_server 0: 0.582.
[2024-01-17 15:08:16] [INFO] --------------------------------------------------
[2024-01-17 15:08:16] [INFO]   |server: 1
[2024-01-17 15:08:17] [INFO]  ---client 3
[2024-01-17 15:08:17] [INFO] |local epoch: 0, acc: 0.428, acc_v: 0.954
[2024-01-17 15:08:17] [INFO] |local epoch: 1, acc: 0.431, acc_v: 0.971
[2024-01-17 15:08:18] [INFO] |local epoch: 2, acc: 0.438, acc_v: 0.971
[2024-01-17 15:08:18] [INFO] |local epoch: 3, acc: 0.440, acc_v: 0.967
[2024-01-17 15:08:19] [INFO] |local epoch: 4, acc: 0.444, acc_v: 0.971
[2024-01-17 15:08:19] [INFO]  ---client 4
[2024-01-17 15:08:19] [INFO] |local epoch: 0, acc: 0.425, acc_v: 0.954
[2024-01-17 15:08:19] [INFO] |local epoch: 1, acc: 0.428, acc_v: 0.950
[2024-01-17 15:08:20] [INFO] |local epoch: 2, acc: 0.422, acc_v: 0.958
[2024-01-17 15:08:20] [INFO] |local epoch: 3, acc: 0.435, acc_v: 0.950
[2024-01-17 15:08:21] [INFO] |local epoch: 4, acc: 0.433, acc_v: 0.954
[2024-01-17 15:08:21] [INFO]  ---client 5
[2024-01-17 15:08:21] [INFO] |local epoch: 0, acc: 0.415, acc_v: 0.958
[2024-01-17 15:08:21] [INFO] |local epoch: 1, acc: 0.420, acc_v: 0.954
[2024-01-17 15:08:22] [INFO] |local epoch: 2, acc: 0.433, acc_v: 0.958
[2024-01-17 15:08:22] [INFO] |local epoch: 3, acc: 0.424, acc_v: 0.958
[2024-01-17 15:08:23] [INFO] |local epoch: 4, acc: 0.426, acc_v: 0.958
[2024-01-17 15:08:23] [INFO] |servers comunicated: 2, server aggregated: 1, acc_server 1: 0.438.
[2024-01-17 15:08:23] [INFO] --------------------------------------------------
[2024-01-17 15:08:23] [INFO]   |server: 2
[2024-01-17 15:08:23] [INFO]  ---client 6
[2024-01-17 15:08:23] [INFO] |local epoch: 0, acc: 0.556, acc_v: 0.958
[2024-01-17 15:08:24] [INFO] |local epoch: 1, acc: 0.576, acc_v: 0.958
[2024-01-17 15:08:24] [INFO] |local epoch: 2, acc: 0.563, acc_v: 0.963
[2024-01-17 15:08:24] [INFO] |local epoch: 3, acc: 0.584, acc_v: 0.963
[2024-01-17 15:08:25] [INFO] |local epoch: 4, acc: 0.581, acc_v: 0.963
[2024-01-17 15:08:25] [INFO]  ---client 7
[2024-01-17 15:08:25] [INFO] |local epoch: 0, acc: 0.586, acc_v: 0.946
[2024-01-17 15:08:26] [INFO] |local epoch: 1, acc: 0.583, acc_v: 0.946
[2024-01-17 15:08:26] [INFO] |local epoch: 2, acc: 0.582, acc_v: 0.946
[2024-01-17 15:08:26] [INFO] |local epoch: 3, acc: 0.577, acc_v: 0.950
[2024-01-17 15:08:27] [INFO] |local epoch: 4, acc: 0.582, acc_v: 0.950
[2024-01-17 15:08:27] [INFO]  ---client 8
[2024-01-17 15:08:27] [INFO] |local epoch: 0, acc: 0.572, acc_v: 0.946
[2024-01-17 15:08:28] [INFO] |local epoch: 1, acc: 0.573, acc_v: 0.946
[2024-01-17 15:08:28] [INFO] |local epoch: 2, acc: 0.586, acc_v: 0.950
[2024-01-17 15:08:28] [INFO] |local epoch: 3, acc: 0.573, acc_v: 0.950
[2024-01-17 15:08:29] [INFO] |local epoch: 4, acc: 0.572, acc_v: 0.946
[2024-01-17 15:08:29] [INFO] |servers comunicated: 2, server aggregated: 1, acc_server 2: 0.580.
[2024-01-17 15:08:29] [INFO] --------------------------------------------------
[2024-01-17 15:08:29] [INFO]  |epoch_client_commu: 2/5
[2024-01-17 15:08:29] [INFO]   |server: 0
[2024-01-17 15:08:29] [INFO]  ---client 0
[2024-01-17 15:08:29] [INFO] |local epoch: 0, acc: 0.583, acc_v: 0.979
[2024-01-17 15:08:30] [INFO] |local epoch: 1, acc: 0.586, acc_v: 0.975
[2024-01-17 15:08:30] [INFO] |local epoch: 2, acc: 0.581, acc_v: 0.975
[2024-01-17 15:08:31] [INFO] |local epoch: 3, acc: 0.578, acc_v: 0.975
[2024-01-17 15:08:31] [INFO] |local epoch: 4, acc: 0.571, acc_v: 0.975
[2024-01-17 15:08:31] [INFO]  ---client 1
[2024-01-17 15:08:32] [INFO] |local epoch: 0, acc: 0.583, acc_v: 0.975
[2024-01-17 15:08:32] [INFO] |local epoch: 1, acc: 0.585, acc_v: 0.975
[2024-01-17 15:08:32] [INFO] |local epoch: 2, acc: 0.577, acc_v: 0.975
[2024-01-17 15:08:33] [INFO] |local epoch: 3, acc: 0.570, acc_v: 0.975
[2024-01-17 15:08:33] [INFO] |local epoch: 4, acc: 0.578, acc_v: 0.975
[2024-01-17 15:08:33] [INFO]  ---client 2
[2024-01-17 15:08:33] [INFO] |local epoch: 0, acc: 0.572, acc_v: 0.992
[2024-01-17 15:08:34] [INFO] |local epoch: 1, acc: 0.583, acc_v: 0.992
[2024-01-17 15:08:34] [INFO] |local epoch: 2, acc: 0.561, acc_v: 0.992
[2024-01-17 15:08:35] [INFO] |local epoch: 3, acc: 0.586, acc_v: 0.992
[2024-01-17 15:08:35] [INFO] |local epoch: 4, acc: 0.585, acc_v: 0.992
[2024-01-17 15:08:35] [INFO] |servers comunicated: 2, server aggregated: 2, acc_server 0: 0.581.
[2024-01-17 15:08:35] [INFO] --------------------------------------------------
[2024-01-17 15:08:35] [INFO]   |server: 1
[2024-01-17 15:08:35] [INFO]  ---client 3
[2024-01-17 15:08:36] [INFO] |local epoch: 0, acc: 0.446, acc_v: 0.971
[2024-01-17 15:08:36] [INFO] |local epoch: 1, acc: 0.449, acc_v: 0.963
[2024-01-17 15:08:37] [INFO] |local epoch: 2, acc: 0.445, acc_v: 0.971
[2024-01-17 15:08:37] [INFO] |local epoch: 3, acc: 0.456, acc_v: 0.971
[2024-01-17 15:08:37] [INFO] |local epoch: 4, acc: 0.446, acc_v: 0.967
[2024-01-17 15:08:37] [INFO]  ---client 4
[2024-01-17 15:08:38] [INFO] |local epoch: 0, acc: 0.436, acc_v: 0.954
[2024-01-17 15:08:38] [INFO] |local epoch: 1, acc: 0.436, acc_v: 0.954
[2024-01-17 15:08:39] [INFO] |local epoch: 2, acc: 0.437, acc_v: 0.954
[2024-01-17 15:08:39] [INFO] |local epoch: 3, acc: 0.442, acc_v: 0.954
[2024-01-17 15:08:39] [INFO] |local epoch: 4, acc: 0.438, acc_v: 0.954
[2024-01-17 15:08:39] [INFO]  ---client 5
[2024-01-17 15:08:40] [INFO] |local epoch: 0, acc: 0.432, acc_v: 0.958
[2024-01-17 15:08:40] [INFO] |local epoch: 1, acc: 0.428, acc_v: 0.958
[2024-01-17 15:08:41] [INFO] |local epoch: 2, acc: 0.436, acc_v: 0.958
[2024-01-17 15:08:41] [INFO] |local epoch: 3, acc: 0.424, acc_v: 0.963
[2024-01-17 15:08:41] [INFO] |local epoch: 4, acc: 0.429, acc_v: 0.958
[2024-01-17 15:08:42] [INFO] |servers comunicated: 2, server aggregated: 2, acc_server 1: 0.439.
[2024-01-17 15:08:42] [INFO] --------------------------------------------------
[2024-01-17 15:08:42] [INFO]   |server: 2
[2024-01-17 15:08:42] [INFO]  ---client 6
[2024-01-17 15:08:42] [INFO] |local epoch: 0, acc: 0.581, acc_v: 0.963
[2024-01-17 15:08:42] [INFO] |local epoch: 1, acc: 0.579, acc_v: 0.963
[2024-01-17 15:08:43] [INFO] |local epoch: 2, acc: 0.579, acc_v: 0.963
[2024-01-17 15:08:43] [INFO] |local epoch: 3, acc: 0.582, acc_v: 0.963
[2024-01-17 15:08:44] [INFO] |local epoch: 4, acc: 0.590, acc_v: 0.958
[2024-01-17 15:08:44] [INFO]  ---client 7
[2024-01-17 15:08:44] [INFO] |local epoch: 0, acc: 0.591, acc_v: 0.950
[2024-01-17 15:08:44] [INFO] |local epoch: 1, acc: 0.578, acc_v: 0.946
[2024-01-17 15:08:45] [INFO] |local epoch: 2, acc: 0.595, acc_v: 0.950
[2024-01-17 15:08:45] [INFO] |local epoch: 3, acc: 0.593, acc_v: 0.950
[2024-01-17 15:08:46] [INFO] |local epoch: 4, acc: 0.591, acc_v: 0.950
[2024-01-17 15:08:46] [INFO]  ---client 8
[2024-01-17 15:08:46] [INFO] |local epoch: 0, acc: 0.578, acc_v: 0.942
[2024-01-17 15:08:46] [INFO] |local epoch: 1, acc: 0.577, acc_v: 0.950
[2024-01-17 15:08:47] [INFO] |local epoch: 2, acc: 0.563, acc_v: 0.946
[2024-01-17 15:08:47] [INFO] |local epoch: 3, acc: 0.590, acc_v: 0.946
[2024-01-17 15:08:48] [INFO] |local epoch: 4, acc: 0.574, acc_v: 0.950
[2024-01-17 15:08:48] [INFO] |servers comunicated: 2, server aggregated: 2, acc_server 2: 0.586.
[2024-01-17 15:08:48] [INFO] --------------------------------------------------
[2024-01-17 15:08:48] [INFO]  |epoch_client_commu: 3/5
[2024-01-17 15:08:48] [INFO]   |server: 0
[2024-01-17 15:08:48] [INFO]  ---client 0
[2024-01-17 15:08:48] [INFO] |local epoch: 0, acc: 0.589, acc_v: 0.975
[2024-01-17 15:08:49] [INFO] |local epoch: 1, acc: 0.576, acc_v: 0.975
[2024-01-17 15:08:49] [INFO] |local epoch: 2, acc: 0.579, acc_v: 0.979
[2024-01-17 15:08:49] [INFO] |local epoch: 3, acc: 0.585, acc_v: 0.975
[2024-01-17 15:08:50] [INFO] |local epoch: 4, acc: 0.603, acc_v: 0.975
[2024-01-17 15:08:50] [INFO]  ---client 1
[2024-01-17 15:08:50] [INFO] |local epoch: 0, acc: 0.581, acc_v: 0.975
[2024-01-17 15:08:51] [INFO] |local epoch: 1, acc: 0.580, acc_v: 0.975
[2024-01-17 15:08:51] [INFO] |local epoch: 2, acc: 0.568, acc_v: 0.975
[2024-01-17 15:08:52] [INFO] |local epoch: 3, acc: 0.581, acc_v: 0.975
[2024-01-17 15:08:52] [INFO] |local epoch: 4, acc: 0.582, acc_v: 0.975
[2024-01-17 15:08:52] [INFO]  ---client 2
[2024-01-17 15:08:52] [INFO] |local epoch: 0, acc: 0.587, acc_v: 0.992
[2024-01-17 15:08:53] [INFO] |local epoch: 1, acc: 0.581, acc_v: 0.992
[2024-01-17 15:08:53] [INFO] |local epoch: 2, acc: 0.579, acc_v: 0.988
[2024-01-17 15:08:54] [INFO] |local epoch: 3, acc: 0.591, acc_v: 0.992
[2024-01-17 15:08:54] [INFO] |local epoch: 4, acc: 0.569, acc_v: 0.992
[2024-01-17 15:08:54] [INFO] |servers comunicated: 2, server aggregated: 3, acc_server 0: 0.587.
[2024-01-17 15:08:54] [INFO] --------------------------------------------------
[2024-01-17 15:08:54] [INFO]   |server: 1
[2024-01-17 15:08:54] [INFO]  ---client 3
[2024-01-17 15:08:55] [INFO] |local epoch: 0, acc: 0.450, acc_v: 0.971
[2024-01-17 15:08:55] [INFO] |local epoch: 1, acc: 0.451, acc_v: 0.963
[2024-01-17 15:08:55] [INFO] |local epoch: 2, acc: 0.446, acc_v: 0.971
[2024-01-17 15:08:56] [INFO] |local epoch: 3, acc: 0.460, acc_v: 0.967
[2024-01-17 15:08:56] [INFO] |local epoch: 4, acc: 0.451, acc_v: 0.963
[2024-01-17 15:08:56] [INFO]  ---client 4
[2024-01-17 15:08:57] [INFO] |local epoch: 0, acc: 0.432, acc_v: 0.954
[2024-01-17 15:08:57] [INFO] |local epoch: 1, acc: 0.436, acc_v: 0.954
[2024-01-17 15:08:57] [INFO] |local epoch: 2, acc: 0.451, acc_v: 0.954
[2024-01-17 15:08:58] [INFO] |local epoch: 3, acc: 0.453, acc_v: 0.954
[2024-01-17 15:08:58] [INFO] |local epoch: 4, acc: 0.454, acc_v: 0.954
[2024-01-17 15:08:58] [INFO]  ---client 5
[2024-01-17 15:08:59] [INFO] |local epoch: 0, acc: 0.436, acc_v: 0.958
[2024-01-17 15:08:59] [INFO] |local epoch: 1, acc: 0.441, acc_v: 0.958
[2024-01-17 15:08:59] [INFO] |local epoch: 2, acc: 0.426, acc_v: 0.958
[2024-01-17 15:09:00] [INFO] |local epoch: 3, acc: 0.447, acc_v: 0.958
[2024-01-17 15:09:00] [INFO] |local epoch: 4, acc: 0.435, acc_v: 0.963
[2024-01-17 15:09:00] [INFO] |servers comunicated: 2, server aggregated: 3, acc_server 1: 0.448.
[2024-01-17 15:09:00] [INFO] --------------------------------------------------
[2024-01-17 15:09:00] [INFO]   |server: 2
[2024-01-17 15:09:00] [INFO]  ---client 6
[2024-01-17 15:09:01] [INFO] |local epoch: 0, acc: 0.592, acc_v: 0.958
[2024-01-17 15:09:01] [INFO] |local epoch: 1, acc: 0.580, acc_v: 0.963
[2024-01-17 15:09:02] [INFO] |local epoch: 2, acc: 0.597, acc_v: 0.963
[2024-01-17 15:09:02] [INFO] |local epoch: 3, acc: 0.580, acc_v: 0.958
[2024-01-17 15:09:02] [INFO] |local epoch: 4, acc: 0.589, acc_v: 0.958
[2024-01-17 15:09:02] [INFO]  ---client 7
[2024-01-17 15:09:03] [INFO] |local epoch: 0, acc: 0.587, acc_v: 0.950
[2024-01-17 15:09:03] [INFO] |local epoch: 1, acc: 0.601, acc_v: 0.954
[2024-01-17 15:09:04] [INFO] |local epoch: 2, acc: 0.601, acc_v: 0.950
[2024-01-17 15:09:04] [INFO] |local epoch: 3, acc: 0.602, acc_v: 0.950
[2024-01-17 15:09:04] [INFO] |local epoch: 4, acc: 0.610, acc_v: 0.950
[2024-01-17 15:09:04] [INFO]  ---client 8
[2024-01-17 15:09:05] [INFO] |local epoch: 0, acc: 0.583, acc_v: 0.946
[2024-01-17 15:09:05] [INFO] |local epoch: 1, acc: 0.593, acc_v: 0.946
[2024-01-17 15:09:06] [INFO] |local epoch: 2, acc: 0.577, acc_v: 0.946
[2024-01-17 15:09:06] [INFO] |local epoch: 3, acc: 0.582, acc_v: 0.946
[2024-01-17 15:09:07] [INFO] |local epoch: 4, acc: 0.576, acc_v: 0.954
[2024-01-17 15:09:07] [INFO] |servers comunicated: 2, server aggregated: 3, acc_server 2: 0.594.
[2024-01-17 15:09:07] [INFO] --------------------------------------------------
[2024-01-17 15:09:07] [INFO]  |epoch_client_commu: 4/5
[2024-01-17 15:09:07] [INFO]   |server: 0
[2024-01-17 15:09:07] [INFO]  ---client 0
[2024-01-17 15:09:07] [INFO] |local epoch: 0, acc: 0.600, acc_v: 0.975
[2024-01-17 15:09:08] [INFO] |local epoch: 1, acc: 0.593, acc_v: 0.975
