[2024-01-15 22:03:57] [INFO] device cuda is used.
[2024-01-15 22:03:57] [INFO] cudnn is actived.
[2024-01-15 22:03:57] [INFO] 
      alpha      :  0.2  
        T        :   4   
    algorithm    :   0   
num_server_commu :  50   
num_client_commu :   5   
num_client_train :   5   
num_public_train :   5   
   batch_size    :  160  
     dataset     : mnist 
  model_select   :   1   
 num_all_client  :   9   
 num_all_server  :   3   
 num_client_data : 1200  
 num_public_data :  50   
   proportion    :  0.8  
   num_workers   :   8   
[2024-01-15 22:04:06] [INFO] --------------------------------------------------
[2024-01-15 22:04:06] [INFO] |epoch_server_commu: 0/50
[2024-01-15 22:04:06] [INFO]  |epoch_client_commu: 0/5
[2024-01-15 22:04:06] [INFO]   |server: 0
[2024-01-15 22:04:07] [INFO]  ---client 0
[2024-01-15 22:04:12] [INFO] |  local epoch  : 0, acc 0.126
[2024-01-15 22:04:14] [INFO] |  local epoch  : 1, acc 0.150
[2024-01-15 22:04:17] [INFO] |  local epoch  : 2, acc 0.181
[2024-01-15 22:04:20] [INFO] |  local epoch  : 3, acc 0.302
[2024-01-15 22:04:23] [INFO] |  local epoch  : 4, acc 0.303
[2024-01-15 22:04:23] [INFO]  ---client 1
[2024-01-15 22:04:26] [INFO] |  local epoch  : 0, acc 0.107
[2024-01-15 22:04:30] [INFO] |  local epoch  : 1, acc 0.113
[2024-01-15 22:04:34] [INFO] |  local epoch  : 2, acc 0.159
[2024-01-15 22:04:38] [INFO] |  local epoch  : 3, acc 0.303
[2024-01-15 22:04:42] [INFO] |  local epoch  : 4, acc 0.303
[2024-01-15 22:04:42] [INFO]  ---client 2
[2024-01-15 22:04:47] [INFO] |  local epoch  : 0, acc 0.175
[2024-01-15 22:04:52] [INFO] |  local epoch  : 1, acc 0.162
[2024-01-15 22:04:58] [INFO] |  local epoch  : 2, acc 0.197
[2024-01-15 22:05:04] [INFO] |  local epoch  : 3, acc 0.209
[2024-01-15 22:05:09] [INFO] |  local epoch  : 4, acc 0.304
[2024-01-15 22:05:12] [INFO] |servers comunicated: 0, server aggregated: 0, acc_server 0: 0.305.
[2024-01-15 22:05:12] [INFO] --------------------------------------------------
[2024-01-15 22:05:12] [INFO]   |server: 1
[2024-01-15 22:05:13] [INFO]  ---client 3
[2024-01-15 22:05:19] [INFO] |  local epoch  : 0, acc 0.116
[2024-01-15 22:05:26] [INFO] |  local epoch  : 1, acc 0.101
[2024-01-15 22:05:32] [INFO] |  local epoch  : 2, acc 0.101
[2024-01-15 22:05:38] [INFO] |  local epoch  : 3, acc 0.171
[2024-01-15 22:05:44] [INFO] |  local epoch  : 4, acc 0.237
[2024-01-15 22:05:44] [INFO]  ---client 4
[2024-01-15 22:05:51] [INFO] |  local epoch  : 0, acc 0.138
[2024-01-15 22:05:58] [INFO] |  local epoch  : 1, acc 0.101
[2024-01-15 22:06:06] [INFO] |  local epoch  : 2, acc 0.143
[2024-01-15 22:06:15] [INFO] |  local epoch  : 3, acc 0.211
[2024-01-15 22:06:24] [INFO] |  local epoch  : 4, acc 0.249
[2024-01-15 22:06:24] [INFO]  ---client 5
[2024-01-15 22:06:35] [INFO] |  local epoch  : 0, acc 0.102
[2024-01-15 22:06:46] [INFO] |  local epoch  : 1, acc 0.101
[2024-01-15 22:06:56] [INFO] |  local epoch  : 2, acc 0.113
[2024-01-15 22:07:07] [INFO] |  local epoch  : 3, acc 0.212
[2024-01-15 22:07:18] [INFO] |  local epoch  : 4, acc 0.196
[2024-01-15 22:07:22] [INFO] |servers comunicated: 0, server aggregated: 0, acc_server 1: 0.223.
[2024-01-15 22:07:22] [INFO] --------------------------------------------------
[2024-01-15 22:07:22] [INFO]   |server: 2
[2024-01-15 22:07:22] [INFO]  ---client 6
[2024-01-15 22:07:33] [INFO] |  local epoch  : 0, acc 0.101
[2024-01-15 22:07:44] [INFO] |  local epoch  : 1, acc 0.101
[2024-01-15 22:07:54] [INFO] |  local epoch  : 2, acc 0.142
[2024-01-15 22:08:05] [INFO] |  local epoch  : 3, acc 0.193
[2024-01-15 22:08:17] [INFO] |  local epoch  : 4, acc 0.263
[2024-01-15 22:08:17] [INFO]  ---client 7
[2024-01-15 22:08:29] [INFO] |  local epoch  : 0, acc 0.101
[2024-01-15 22:08:45] [INFO] |  local epoch  : 1, acc 0.101
[2024-01-15 22:08:59] [INFO] |  local epoch  : 2, acc 0.191
[2024-01-15 22:09:13] [INFO] |  local epoch  : 3, acc 0.210
[2024-01-15 22:09:27] [INFO] |  local epoch  : 4, acc 0.306
[2024-01-15 22:09:27] [INFO]  ---client 8
[2024-01-15 22:09:41] [INFO] |  local epoch  : 0, acc 0.104
[2024-01-15 22:09:54] [INFO] |  local epoch  : 1, acc 0.101
[2024-01-15 22:10:08] [INFO] |  local epoch  : 2, acc 0.221
[2024-01-15 22:10:22] [INFO] |  local epoch  : 3, acc 0.293
[2024-01-15 22:10:35] [INFO] |  local epoch  : 4, acc 0.267
[2024-01-15 22:10:40] [INFO] |servers comunicated: 0, server aggregated: 0, acc_server 2: 0.257.
[2024-01-15 22:10:40] [INFO] --------------------------------------------------
[2024-01-15 22:10:40] [INFO]  |epoch_client_commu: 1/5
[2024-01-15 22:10:40] [INFO]   |server: 0
[2024-01-15 22:10:40] [INFO]  ---client 0
[2024-01-15 22:10:54] [INFO] |  local epoch  : 0, acc 0.299
[2024-01-15 22:11:08] [INFO] |  local epoch  : 1, acc 0.296
[2024-01-15 22:11:21] [INFO] |  local epoch  : 2, acc 0.302
[2024-01-15 22:11:35] [INFO] |  local epoch  : 3, acc 0.304
[2024-01-15 22:11:48] [INFO] |  local epoch  : 4, acc 0.304
[2024-01-15 22:11:48] [INFO]  ---client 1
[2024-01-15 22:12:02] [INFO] |  local epoch  : 0, acc 0.304
[2024-01-15 22:12:15] [INFO] |  local epoch  : 1, acc 0.303
[2024-01-15 22:12:29] [INFO] |  local epoch  : 2, acc 0.307
[2024-01-15 22:12:42] [INFO] |  local epoch  : 3, acc 0.308
[2024-01-15 22:12:56] [INFO] |  local epoch  : 4, acc 0.305
[2024-01-15 22:12:56] [INFO]  ---client 2
[2024-01-15 22:13:10] [INFO] |  local epoch  : 0, acc 0.305
[2024-01-15 22:13:24] [INFO] |  local epoch  : 1, acc 0.305
[2024-01-15 22:13:37] [INFO] |  local epoch  : 2, acc 0.306
[2024-01-15 22:13:50] [INFO] |  local epoch  : 3, acc 0.307
[2024-01-15 22:14:04] [INFO] |  local epoch  : 4, acc 0.308
[2024-01-15 22:14:10] [INFO] |servers comunicated: 0, server aggregated: 1, acc_server 0: 0.307.
[2024-01-15 22:14:10] [INFO] --------------------------------------------------
[2024-01-15 22:14:10] [INFO]   |server: 1
[2024-01-15 22:14:10] [INFO]  ---client 3
[2024-01-15 22:14:24] [INFO] |  local epoch  : 0, acc 0.245
[2024-01-15 22:14:38] [INFO] |  local epoch  : 1, acc 0.253
[2024-01-15 22:14:52] [INFO] |  local epoch  : 2, acc 0.264
[2024-01-15 22:15:05] [INFO] |  local epoch  : 3, acc 0.261
[2024-01-15 22:15:19] [INFO] |  local epoch  : 4, acc 0.266
[2024-01-15 22:15:19] [INFO]  ---client 4
[2024-01-15 22:15:32] [INFO] |  local epoch  : 0, acc 0.240
[2024-01-15 22:15:46] [INFO] |  local epoch  : 1, acc 0.262
