[2024-01-15 22:03:50] [INFO] device cuda is used.
[2024-01-15 22:03:50] [INFO] cudnn is actived.
[2024-01-15 22:03:50] [INFO] 
      alpha      :  0.2  
        T        :   2   
    algorithm    :   0   
num_server_commu :  50   
num_client_commu :   5   
num_client_train :   5   
num_public_train :   5   
   batch_size    :  160  
     dataset     : mnist 
  model_select   :   1   
 num_all_client  :   9   
 num_all_server  :   3   
 num_client_data : 1200  
 num_public_data :  50   
   proportion    :  0.8  
   num_workers   :   8   
[2024-01-15 22:03:54] [INFO] --------------------------------------------------
[2024-01-15 22:03:54] [INFO] |epoch_server_commu: 0/50
[2024-01-15 22:03:54] [INFO]  |epoch_client_commu: 0/5
[2024-01-15 22:03:54] [INFO]   |server: 0
[2024-01-15 22:03:54] [INFO]  ---client 0
[2024-01-15 22:03:57] [INFO] |  local epoch  : 0, acc 0.114
[2024-01-15 22:03:58] [INFO] |  local epoch  : 1, acc 0.114
[2024-01-15 22:03:59] [INFO] |  local epoch  : 2, acc 0.189
[2024-01-15 22:04:00] [INFO] |  local epoch  : 3, acc 0.106
[2024-01-15 22:04:02] [INFO] |  local epoch  : 4, acc 0.276
[2024-01-15 22:04:02] [INFO]  ---client 1
[2024-01-15 22:04:03] [INFO] |  local epoch  : 0, acc 0.114
[2024-01-15 22:04:05] [INFO] |  local epoch  : 1, acc 0.114
[2024-01-15 22:04:07] [INFO] |  local epoch  : 2, acc 0.197
[2024-01-15 22:04:10] [INFO] |  local epoch  : 3, acc 0.116
[2024-01-15 22:04:13] [INFO] |  local epoch  : 4, acc 0.274
[2024-01-15 22:04:13] [INFO]  ---client 2
[2024-01-15 22:04:15] [INFO] |  local epoch  : 0, acc 0.114
[2024-01-15 22:04:18] [INFO] |  local epoch  : 1, acc 0.118
[2024-01-15 22:04:20] [INFO] |  local epoch  : 2, acc 0.103
[2024-01-15 22:04:24] [INFO] |  local epoch  : 3, acc 0.103
[2024-01-15 22:04:28] [INFO] |  local epoch  : 4, acc 0.238
[2024-01-15 22:04:29] [INFO] |servers comunicated: 0, server aggregated: 0, acc_server 0: 0.273.
[2024-01-15 22:04:29] [INFO] --------------------------------------------------
[2024-01-15 22:04:29] [INFO]   |server: 1
[2024-01-15 22:04:29] [INFO]  ---client 3
[2024-01-15 22:04:33] [INFO] |  local epoch  : 0, acc 0.101
[2024-01-15 22:04:36] [INFO] |  local epoch  : 1, acc 0.101
[2024-01-15 22:04:40] [INFO] |  local epoch  : 2, acc 0.101
[2024-01-15 22:04:44] [INFO] |  local epoch  : 3, acc 0.101
[2024-01-15 22:04:50] [INFO] |  local epoch  : 4, acc 0.134
[2024-01-15 22:04:50] [INFO]  ---client 4
[2024-01-15 22:04:56] [INFO] |  local epoch  : 0, acc 0.115
[2024-01-15 22:05:01] [INFO] |  local epoch  : 1, acc 0.101
[2024-01-15 22:05:07] [INFO] |  local epoch  : 2, acc 0.101
[2024-01-15 22:05:13] [INFO] |  local epoch  : 3, acc 0.101
[2024-01-15 22:05:19] [INFO] |  local epoch  : 4, acc 0.136
[2024-01-15 22:05:19] [INFO]  ---client 5
[2024-01-15 22:05:26] [INFO] |  local epoch  : 0, acc 0.101
[2024-01-15 22:05:32] [INFO] |  local epoch  : 1, acc 0.101
[2024-01-15 22:05:39] [INFO] |  local epoch  : 2, acc 0.101
[2024-01-15 22:05:45] [INFO] |  local epoch  : 3, acc 0.101
[2024-01-15 22:05:53] [INFO] |  local epoch  : 4, acc 0.191
[2024-01-15 22:05:55] [INFO] |servers comunicated: 0, server aggregated: 0, acc_server 1: 0.194.
[2024-01-15 22:05:55] [INFO] --------------------------------------------------
[2024-01-15 22:05:55] [INFO]   |server: 2
[2024-01-15 22:05:55] [INFO]  ---client 6
[2024-01-15 22:06:03] [INFO] |  local epoch  : 0, acc 0.096
[2024-01-15 22:06:12] [INFO] |  local epoch  : 1, acc 0.096
[2024-01-15 22:06:22] [INFO] |  local epoch  : 2, acc 0.096
[2024-01-15 22:06:32] [INFO] |  local epoch  : 3, acc 0.096
[2024-01-15 22:06:43] [INFO] |  local epoch  : 4, acc 0.215
[2024-01-15 22:06:43] [INFO]  ---client 7
[2024-01-15 22:06:54] [INFO] |  local epoch  : 0, acc 0.096
[2024-01-15 22:07:04] [INFO] |  local epoch  : 1, acc 0.096
[2024-01-15 22:07:15] [INFO] |  local epoch  : 2, acc 0.096
[2024-01-15 22:07:25] [INFO] |  local epoch  : 3, acc 0.183
[2024-01-15 22:07:36] [INFO] |  local epoch  : 4, acc 0.187
[2024-01-15 22:07:36] [INFO]  ---client 8
[2024-01-15 22:07:46] [INFO] |  local epoch  : 0, acc 0.096
[2024-01-15 22:07:57] [INFO] |  local epoch  : 1, acc 0.096
[2024-01-15 22:08:08] [INFO] |  local epoch  : 2, acc 0.096
[2024-01-15 22:08:20] [INFO] |  local epoch  : 3, acc 0.096
