[2024-01-15 22:04:49] [INFO] device cuda is used.
[2024-01-15 22:04:49] [INFO] cudnn is actived.
[2024-01-15 22:04:49] [INFO] 
      alpha      :  0.3  
        T        :   6   
    algorithm    :   0   
num_server_commu :  50   
num_client_commu :   5   
num_client_train :   5   
num_public_train :   5   
   batch_size    :  160  
     dataset     : mnist 
  model_select   :   1   
 num_all_client  :   9   
 num_all_server  :   3   
 num_client_data : 1200  
 num_public_data :  50   
   proportion    :  0.8  
   num_workers   :   8   
[2024-01-15 22:05:47] [INFO] --------------------------------------------------
[2024-01-15 22:05:47] [INFO] |epoch_server_commu: 0/50
[2024-01-15 22:05:47] [INFO]  |epoch_client_commu: 0/5
[2024-01-15 22:05:47] [INFO]   |server: 0
[2024-01-15 22:05:47] [INFO]  ---client 0
[2024-01-15 22:06:02] [INFO] |  local epoch  : 0, acc 0.173
[2024-01-15 22:06:11] [INFO] |  local epoch  : 1, acc 0.103
[2024-01-15 22:06:22] [INFO] |  local epoch  : 2, acc 0.103
[2024-01-15 22:06:33] [INFO] |  local epoch  : 3, acc 0.192
[2024-01-15 22:06:44] [INFO] |  local epoch  : 4, acc 0.302
[2024-01-15 22:06:44] [INFO]  ---client 1
[2024-01-15 22:06:55] [INFO] |  local epoch  : 0, acc 0.144
[2024-01-15 22:07:07] [INFO] |  local epoch  : 1, acc 0.108
[2024-01-15 22:07:18] [INFO] |  local epoch  : 2, acc 0.149
[2024-01-15 22:07:29] [INFO] |  local epoch  : 3, acc 0.173
[2024-01-15 22:07:40] [INFO] |  local epoch  : 4, acc 0.303
[2024-01-15 22:07:40] [INFO]  ---client 2
[2024-01-15 22:07:51] [INFO] |  local epoch  : 0, acc 0.155
[2024-01-15 22:08:03] [INFO] |  local epoch  : 1, acc 0.103
[2024-01-15 22:08:15] [INFO] |  local epoch  : 2, acc 0.103
