[2024-01-15 22:04:05] [INFO] device cuda is used.
[2024-01-15 22:04:05] [INFO] cudnn is actived.
[2024-01-15 22:04:05] [INFO] 
      alpha      :  0.2  
        T        :   6   
    algorithm    :   0   
num_server_commu :  50   
num_client_commu :   5   
num_client_train :   5   
num_public_train :   5   
   batch_size    :  160  
     dataset     : mnist 
  model_select   :   1   
 num_all_client  :   9   
 num_all_server  :   3   
 num_client_data : 1200  
 num_public_data :  50   
   proportion    :  0.8  
   num_workers   :   8   
[2024-01-15 22:04:25] [INFO] --------------------------------------------------
[2024-01-15 22:04:25] [INFO] |epoch_server_commu: 0/50
[2024-01-15 22:04:25] [INFO]  |epoch_client_commu: 0/5
[2024-01-15 22:04:25] [INFO]   |server: 0
[2024-01-15 22:04:25] [INFO]  ---client 0
[2024-01-15 22:04:33] [INFO] |  local epoch  : 0, acc 0.103
[2024-01-15 22:04:37] [INFO] |  local epoch  : 1, acc 0.144
[2024-01-15 22:04:41] [INFO] |  local epoch  : 2, acc 0.164
[2024-01-15 22:04:45] [INFO] |  local epoch  : 3, acc 0.245
[2024-01-15 22:04:51] [INFO] |  local epoch  : 4, acc 0.297
[2024-01-15 22:04:51] [INFO]  ---client 1
[2024-01-15 22:04:57] [INFO] |  local epoch  : 0, acc 0.112
[2024-01-15 22:05:03] [INFO] |  local epoch  : 1, acc 0.191
[2024-01-15 22:05:09] [INFO] |  local epoch  : 2, acc 0.142
[2024-01-15 22:05:16] [INFO] |  local epoch  : 3, acc 0.250
[2024-01-15 22:05:23] [INFO] |  local epoch  : 4, acc 0.295
[2024-01-15 22:05:23] [INFO]  ---client 2
[2024-01-15 22:05:29] [INFO] |  local epoch  : 0, acc 0.103
[2024-01-15 22:05:36] [INFO] |  local epoch  : 1, acc 0.151
[2024-01-15 22:05:43] [INFO] |  local epoch  : 2, acc 0.194
[2024-01-15 22:05:50] [INFO] |  local epoch  : 3, acc 0.233
[2024-01-15 22:05:58] [INFO] |  local epoch  : 4, acc 0.297
[2024-01-15 22:06:01] [INFO] |servers comunicated: 0, server aggregated: 0, acc_server 0: 0.296.
[2024-01-15 22:06:01] [INFO] --------------------------------------------------
[2024-01-15 22:06:01] [INFO]   |server: 1
[2024-01-15 22:06:01] [INFO]  ---client 3
[2024-01-15 22:06:10] [INFO] |  local epoch  : 0, acc 0.102
[2024-01-15 22:06:21] [INFO] |  local epoch  : 1, acc 0.249
[2024-01-15 22:06:31] [INFO] |  local epoch  : 2, acc 0.255
[2024-01-15 22:06:42] [INFO] |  local epoch  : 3, acc 0.214
[2024-01-15 22:06:53] [INFO] |  local epoch  : 4, acc 0.238
[2024-01-15 22:06:53] [INFO]  ---client 4
[2024-01-15 22:07:04] [INFO] |  local epoch  : 0, acc 0.102
[2024-01-15 22:07:15] [INFO] |  local epoch  : 1, acc 0.207
[2024-01-15 22:07:26] [INFO] |  local epoch  : 2, acc 0.245
[2024-01-15 22:07:37] [INFO] |  local epoch  : 3, acc 0.229
[2024-01-15 22:07:47] [INFO] |  local epoch  : 4, acc 0.248
[2024-01-15 22:07:47] [INFO]  ---client 5
[2024-01-15 22:07:58] [INFO] |  local epoch  : 0, acc 0.115
[2024-01-15 22:08:09] [INFO] |  local epoch  : 1, acc 0.224
[2024-01-15 22:08:22] [INFO] |  local epoch  : 2, acc 0.252
[2024-01-15 22:08:36] [INFO] |  local epoch  : 3, acc 0.251
[2024-01-15 22:08:52] [INFO] |  local epoch  : 4, acc 0.239
[2024-01-15 22:08:57] [INFO] |servers comunicated: 0, server aggregated: 0, acc_server 1: 0.252.
[2024-01-15 22:08:57] [INFO] --------------------------------------------------
[2024-01-15 22:08:57] [INFO]   |server: 2
[2024-01-15 22:08:58] [INFO]  ---client 6
[2024-01-15 22:09:12] [INFO] |  local epoch  : 0, acc 0.197
[2024-01-15 22:09:25] [INFO] |  local epoch  : 1, acc 0.103
[2024-01-15 22:09:39] [INFO] |  local epoch  : 2, acc 0.183
[2024-01-15 22:09:53] [INFO] |  local epoch  : 3, acc 0.204
[2024-01-15 22:10:07] [INFO] |  local epoch  : 4, acc 0.298
[2024-01-15 22:10:07] [INFO]  ---client 7
[2024-01-15 22:10:21] [INFO] |  local epoch  : 0, acc 0.187
[2024-01-15 22:10:34] [INFO] |  local epoch  : 1, acc 0.103
[2024-01-15 22:10:48] [INFO] |  local epoch  : 2, acc 0.170
[2024-01-15 22:11:02] [INFO] |  local epoch  : 3, acc 0.238
[2024-01-15 22:11:15] [INFO] |  local epoch  : 4, acc 0.320
[2024-01-15 22:11:15] [INFO]  ---client 8
[2024-01-15 22:11:29] [INFO] |  local epoch  : 0, acc 0.158
[2024-01-15 22:11:44] [INFO] |  local epoch  : 1, acc 0.103
[2024-01-15 22:11:57] [INFO] |  local epoch  : 2, acc 0.106
[2024-01-15 22:12:11] [INFO] |  local epoch  : 3, acc 0.169
[2024-01-15 22:12:25] [INFO] |  local epoch  : 4, acc 0.292
[2024-01-15 22:12:30] [INFO] |servers comunicated: 0, server aggregated: 0, acc_server 2: 0.324.
[2024-01-15 22:12:30] [INFO] --------------------------------------------------
[2024-01-15 22:12:30] [INFO]  |epoch_client_commu: 1/5
[2024-01-15 22:12:30] [INFO]   |server: 0
[2024-01-15 22:12:30] [INFO]  ---client 0
[2024-01-15 22:12:45] [INFO] |  local epoch  : 0, acc 0.299
[2024-01-15 22:12:58] [INFO] |  local epoch  : 1, acc 0.299
[2024-01-15 22:13:12] [INFO] |  local epoch  : 2, acc 0.302
[2024-01-15 22:13:26] [INFO] |  local epoch  : 3, acc 0.305
[2024-01-15 22:13:39] [INFO] |  local epoch  : 4, acc 0.304
[2024-01-15 22:13:39] [INFO]  ---client 1
[2024-01-15 22:13:53] [INFO] |  local epoch  : 0, acc 0.294
[2024-01-15 22:14:07] [INFO] |  local epoch  : 1, acc 0.301
[2024-01-15 22:14:21] [INFO] |  local epoch  : 2, acc 0.304
[2024-01-15 22:14:35] [INFO] |  local epoch  : 3, acc 0.302
[2024-01-15 22:14:48] [INFO] |  local epoch  : 4, acc 0.306
[2024-01-15 22:14:48] [INFO]  ---client 2
[2024-01-15 22:15:03] [INFO] |  local epoch  : 0, acc 0.298
[2024-01-15 22:15:16] [INFO] |  local epoch  : 1, acc 0.298
[2024-01-15 22:15:30] [INFO] |  local epoch  : 2, acc 0.303
[2024-01-15 22:15:44] [INFO] |  local epoch  : 3, acc 0.306
