[2024-01-15 22:04:31] [INFO] device cuda is used.
[2024-01-15 22:04:31] [INFO] cudnn is actived.
[2024-01-15 22:04:31] [INFO] 
      alpha      :  0.3  
        T        :   4   
    algorithm    :   0   
num_server_commu :  50   
num_client_commu :   5   
num_client_train :   5   
num_public_train :   5   
   batch_size    :  160  
     dataset     : mnist 
  model_select   :   1   
 num_all_client  :   9   
 num_all_server  :   3   
 num_client_data : 1200  
 num_public_data :  50   
   proportion    :  0.8  
   num_workers   :   8   
[2024-01-15 22:05:18] [INFO] --------------------------------------------------
[2024-01-15 22:05:18] [INFO] |epoch_server_commu: 0/50
[2024-01-15 22:05:18] [INFO]  |epoch_client_commu: 0/5
[2024-01-15 22:05:18] [INFO]   |server: 0
[2024-01-15 22:05:18] [INFO]  ---client 0
[2024-01-15 22:05:31] [INFO] |  local epoch  : 0, acc 0.103
[2024-01-15 22:05:38] [INFO] |  local epoch  : 1, acc 0.103
[2024-01-15 22:05:44] [INFO] |  local epoch  : 2, acc 0.147
[2024-01-15 22:05:52] [INFO] |  local epoch  : 3, acc 0.281
[2024-01-15 22:06:01] [INFO] |  local epoch  : 4, acc 0.275
[2024-01-15 22:06:01] [INFO]  ---client 1
[2024-01-15 22:06:10] [INFO] |  local epoch  : 0, acc 0.103
[2024-01-15 22:06:20] [INFO] |  local epoch  : 1, acc 0.103
[2024-01-15 22:06:31] [INFO] |  local epoch  : 2, acc 0.146
[2024-01-15 22:06:43] [INFO] |  local epoch  : 3, acc 0.293
[2024-01-15 22:06:54] [INFO] |  local epoch  : 4, acc 0.238
[2024-01-15 22:06:54] [INFO]  ---client 2
[2024-01-15 22:07:06] [INFO] |  local epoch  : 0, acc 0.103
[2024-01-15 22:07:17] [INFO] |  local epoch  : 1, acc 0.103
[2024-01-15 22:07:29] [INFO] |  local epoch  : 2, acc 0.146
[2024-01-15 22:07:40] [INFO] |  local epoch  : 3, acc 0.182
[2024-01-15 22:07:52] [INFO] |  local epoch  : 4, acc 0.286
[2024-01-15 22:07:56] [INFO] |servers comunicated: 0, server aggregated: 0, acc_server 0: 0.269.
[2024-01-15 22:07:56] [INFO] --------------------------------------------------
[2024-01-15 22:07:56] [INFO]   |server: 1
[2024-01-15 22:07:56] [INFO]  ---client 3
[2024-01-15 22:08:08] [INFO] |  local epoch  : 0, acc 0.101
[2024-01-15 22:08:22] [INFO] |  local epoch  : 1, acc 0.165
[2024-01-15 22:08:37] [INFO] |  local epoch  : 2, acc 0.098
[2024-01-15 22:08:53] [INFO] |  local epoch  : 3, acc 0.167
[2024-01-15 22:09:08] [INFO] |  local epoch  : 4, acc 0.164
[2024-01-15 22:09:08] [INFO]  ---client 4
[2024-01-15 22:09:23] [INFO] |  local epoch  : 0, acc 0.101
[2024-01-15 22:09:38] [INFO] |  local epoch  : 1, acc 0.192
[2024-01-15 22:09:52] [INFO] |  local epoch  : 2, acc 0.099
[2024-01-15 22:10:07] [INFO] |  local epoch  : 3, acc 0.157
[2024-01-15 22:10:21] [INFO] |  local epoch  : 4, acc 0.179
[2024-01-15 22:10:21] [INFO]  ---client 5
[2024-01-15 22:10:35] [INFO] |  local epoch  : 0, acc 0.101
[2024-01-15 22:10:50] [INFO] |  local epoch  : 1, acc 0.174
[2024-01-15 22:11:04] [INFO] |  local epoch  : 2, acc 0.179
[2024-01-15 22:11:19] [INFO] |  local epoch  : 3, acc 0.229
[2024-01-15 22:11:34] [INFO] |  local epoch  : 4, acc 0.213
[2024-01-15 22:11:40] [INFO] |servers comunicated: 0, server aggregated: 0, acc_server 1: 0.230.
[2024-01-15 22:11:40] [INFO] --------------------------------------------------
[2024-01-15 22:11:40] [INFO]   |server: 2
[2024-01-15 22:11:40] [INFO]  ---client 6
[2024-01-15 22:11:54] [INFO] |  local epoch  : 0, acc 0.097
[2024-01-15 22:12:09] [INFO] |  local epoch  : 1, acc 0.097
[2024-01-15 22:12:24] [INFO] |  local epoch  : 2, acc 0.099
[2024-01-15 22:12:39] [INFO] |  local epoch  : 3, acc 0.198
[2024-01-15 22:12:54] [INFO] |  local epoch  : 4, acc 0.234
[2024-01-15 22:12:54] [INFO]  ---client 7
[2024-01-15 22:13:08] [INFO] |  local epoch  : 0, acc 0.097
[2024-01-15 22:13:22] [INFO] |  local epoch  : 1, acc 0.097
[2024-01-15 22:13:37] [INFO] |  local epoch  : 2, acc 0.104
[2024-01-15 22:13:52] [INFO] |  local epoch  : 3, acc 0.202
[2024-01-15 22:14:07] [INFO] |  local epoch  : 4, acc 0.276
[2024-01-15 22:14:07] [INFO]  ---client 8
[2024-01-15 22:14:22] [INFO] |  local epoch  : 0, acc 0.097
[2024-01-15 22:14:37] [INFO] |  local epoch  : 1, acc 0.097
[2024-01-15 22:14:52] [INFO] |  local epoch  : 2, acc 0.139
[2024-01-15 22:15:07] [INFO] |  local epoch  : 3, acc 0.245
[2024-01-15 22:15:22] [INFO] |  local epoch  : 4, acc 0.253
[2024-01-15 22:15:28] [INFO] |servers comunicated: 0, server aggregated: 0, acc_server 2: 0.298.
[2024-01-15 22:15:28] [INFO] --------------------------------------------------
[2024-01-15 22:15:28] [INFO]  |epoch_client_commu: 1/5
[2024-01-15 22:15:28] [INFO]   |server: 0
[2024-01-15 22:15:28] [INFO]  ---client 0
[2024-01-15 22:15:43] [INFO] |  local epoch  : 0, acc 0.284
