[2024-01-15 22:04:13] [INFO] device cuda is used.
[2024-01-15 22:04:13] [INFO] cudnn is actived.
[2024-01-15 22:04:13] [INFO] 
      alpha      :  0.2  
        T        :   8   
    algorithm    :   0   
num_server_commu :  50   
num_client_commu :   5   
num_client_train :   5   
num_public_train :   5   
   batch_size    :  160  
     dataset     : mnist 
  model_select   :   1   
 num_all_client  :   9   
 num_all_server  :   3   
 num_client_data : 1200  
 num_public_data :  50   
   proportion    :  0.8  
   num_workers   :   8   
[2024-01-15 22:04:44] [INFO] --------------------------------------------------
[2024-01-15 22:04:44] [INFO] |epoch_server_commu: 0/50
[2024-01-15 22:04:44] [INFO]  |epoch_client_commu: 0/5
[2024-01-15 22:04:44] [INFO]   |server: 0
[2024-01-15 22:04:44] [INFO]  ---client 0
[2024-01-15 22:04:56] [INFO] |  local epoch  : 0, acc 0.103
[2024-01-15 22:05:02] [INFO] |  local epoch  : 1, acc 0.162
[2024-01-15 22:05:08] [INFO] |  local epoch  : 2, acc 0.102
[2024-01-15 22:05:14] [INFO] |  local epoch  : 3, acc 0.208
[2024-01-15 22:05:21] [INFO] |  local epoch  : 4, acc 0.207
[2024-01-15 22:05:21] [INFO]  ---client 1
[2024-01-15 22:05:27] [INFO] |  local epoch  : 0, acc 0.103
[2024-01-15 22:05:34] [INFO] |  local epoch  : 1, acc 0.276
[2024-01-15 22:05:40] [INFO] |  local epoch  : 2, acc 0.098
[2024-01-15 22:05:46] [INFO] |  local epoch  : 3, acc 0.302
[2024-01-15 22:05:54] [INFO] |  local epoch  : 4, acc 0.291
[2024-01-15 22:05:54] [INFO]  ---client 2
[2024-01-15 22:06:02] [INFO] |  local epoch  : 0, acc 0.169
[2024-01-15 22:06:10] [INFO] |  local epoch  : 1, acc 0.098
[2024-01-15 22:06:21] [INFO] |  local epoch  : 2, acc 0.098
[2024-01-15 22:06:31] [INFO] |  local epoch  : 3, acc 0.189
[2024-01-15 22:06:41] [INFO] |  local epoch  : 4, acc 0.225
[2024-01-15 22:06:46] [INFO] |servers comunicated: 0, server aggregated: 0, acc_server 0: 0.284.
[2024-01-15 22:06:46] [INFO] --------------------------------------------------
[2024-01-15 22:06:46] [INFO]   |server: 1
[2024-01-15 22:06:46] [INFO]  ---client 3
[2024-01-15 22:06:57] [INFO] |  local epoch  : 0, acc 0.164
[2024-01-15 22:07:08] [INFO] |  local epoch  : 1, acc 0.089
[2024-01-15 22:07:19] [INFO] |  local epoch  : 2, acc 0.172
[2024-01-15 22:07:30] [INFO] |  local epoch  : 3, acc 0.238
[2024-01-15 22:07:40] [INFO] |  local epoch  : 4, acc 0.258
[2024-01-15 22:07:40] [INFO]  ---client 4
[2024-01-15 22:07:51] [INFO] |  local epoch  : 0, acc 0.098
[2024-01-15 22:08:02] [INFO] |  local epoch  : 1, acc 0.115
[2024-01-15 22:08:14] [INFO] |  local epoch  : 2, acc 0.159
[2024-01-15 22:08:27] [INFO] |  local epoch  : 3, acc 0.196
[2024-01-15 22:08:42] [INFO] |  local epoch  : 4, acc 0.249
[2024-01-15 22:08:42] [INFO]  ---client 5
[2024-01-15 22:08:57] [INFO] |  local epoch  : 0, acc 0.100
[2024-01-15 22:09:11] [INFO] |  local epoch  : 1, acc 0.089
[2024-01-15 22:09:24] [INFO] |  local epoch  : 2, acc 0.091
[2024-01-15 22:09:38] [INFO] |  local epoch  : 3, acc 0.189
[2024-01-15 22:09:51] [INFO] |  local epoch  : 4, acc 0.212
[2024-01-15 22:09:57] [INFO] |servers comunicated: 0, server aggregated: 0, acc_server 1: 0.259.
[2024-01-15 22:09:57] [INFO] --------------------------------------------------
[2024-01-15 22:09:57] [INFO]   |server: 2
[2024-01-15 22:09:57] [INFO]  ---client 6
[2024-01-15 22:10:11] [INFO] |  local epoch  : 0, acc 0.097
[2024-01-15 22:10:24] [INFO] |  local epoch  : 1, acc 0.097
[2024-01-15 22:10:38] [INFO] |  local epoch  : 2, acc 0.167
[2024-01-15 22:10:52] [INFO] |  local epoch  : 3, acc 0.271
[2024-01-15 22:11:06] [INFO] |  local epoch  : 4, acc 0.330
[2024-01-15 22:11:06] [INFO]  ---client 7
[2024-01-15 22:11:20] [INFO] |  local epoch  : 0, acc 0.097
[2024-01-15 22:11:33] [INFO] |  local epoch  : 1, acc 0.097
[2024-01-15 22:11:46] [INFO] |  local epoch  : 2, acc 0.123
[2024-01-15 22:12:00] [INFO] |  local epoch  : 3, acc 0.313
[2024-01-15 22:12:14] [INFO] |  local epoch  : 4, acc 0.299
[2024-01-15 22:12:14] [INFO]  ---client 8
[2024-01-15 22:12:27] [INFO] |  local epoch  : 0, acc 0.107
[2024-01-15 22:12:41] [INFO] |  local epoch  : 1, acc 0.097
[2024-01-15 22:12:55] [INFO] |  local epoch  : 2, acc 0.185
[2024-01-15 22:13:09] [INFO] |  local epoch  : 3, acc 0.258
[2024-01-15 22:13:23] [INFO] |  local epoch  : 4, acc 0.262
[2024-01-15 22:13:28] [INFO] |servers comunicated: 0, server aggregated: 0, acc_server 2: 0.326.
[2024-01-15 22:13:28] [INFO] --------------------------------------------------
[2024-01-15 22:13:28] [INFO]  |epoch_client_commu: 1/5
[2024-01-15 22:13:28] [INFO]   |server: 0
[2024-01-15 22:13:28] [INFO]  ---client 0
[2024-01-15 22:13:42] [INFO] |  local epoch  : 0, acc 0.285
[2024-01-15 22:13:55] [INFO] |  local epoch  : 1, acc 0.303
[2024-01-15 22:14:10] [INFO] |  local epoch  : 2, acc 0.305
[2024-01-15 22:14:23] [INFO] |  local epoch  : 3, acc 0.306
[2024-01-15 22:14:37] [INFO] |  local epoch  : 4, acc 0.304
[2024-01-15 22:14:37] [INFO]  ---client 1
[2024-01-15 22:14:51] [INFO] |  local epoch  : 0, acc 0.282
[2024-01-15 22:15:04] [INFO] |  local epoch  : 1, acc 0.299
[2024-01-15 22:15:18] [INFO] |  local epoch  : 2, acc 0.299
[2024-01-15 22:15:32] [INFO] |  local epoch  : 3, acc 0.306
[2024-01-15 22:15:45] [INFO] |  local epoch  : 4, acc 0.303
[2024-01-15 22:15:45] [INFO]  ---client 2
