[2024-01-15 22:04:16] [INFO] device cuda is used.
[2024-01-15 22:04:16] [INFO] cudnn is actived.
[2024-01-15 22:04:16] [INFO] 
      alpha      :  0.2  
        T        :  10   
    algorithm    :   0   
num_server_commu :  50   
num_client_commu :   5   
num_client_train :   5   
num_public_train :   5   
   batch_size    :  160  
     dataset     : mnist 
  model_select   :   1   
 num_all_client  :   9   
 num_all_server  :   3   
 num_client_data : 1200  
 num_public_data :  50   
   proportion    :  0.8  
   num_workers   :   8   
[2024-01-15 22:04:52] [INFO] --------------------------------------------------
[2024-01-15 22:04:52] [INFO] |epoch_server_commu: 0/50
[2024-01-15 22:04:52] [INFO]  |epoch_client_commu: 0/5
[2024-01-15 22:04:52] [INFO]   |server: 0
[2024-01-15 22:04:52] [INFO]  ---client 0
[2024-01-15 22:05:04] [INFO] |  local epoch  : 0, acc 0.098
[2024-01-15 22:05:09] [INFO] |  local epoch  : 1, acc 0.185
[2024-01-15 22:05:16] [INFO] |  local epoch  : 2, acc 0.196
[2024-01-15 22:05:23] [INFO] |  local epoch  : 3, acc 0.302
[2024-01-15 22:05:29] [INFO] |  local epoch  : 4, acc 0.292
[2024-01-15 22:05:29] [INFO]  ---client 1
[2024-01-15 22:05:36] [INFO] |  local epoch  : 0, acc 0.098
[2024-01-15 22:05:42] [INFO] |  local epoch  : 1, acc 0.184
[2024-01-15 22:05:48] [INFO] |  local epoch  : 2, acc 0.194
[2024-01-15 22:05:56] [INFO] |  local epoch  : 3, acc 0.273
[2024-01-15 22:06:04] [INFO] |  local epoch  : 4, acc 0.283
[2024-01-15 22:06:04] [INFO]  ---client 2
[2024-01-15 22:06:12] [INFO] |  local epoch  : 0, acc 0.098
[2024-01-15 22:06:22] [INFO] |  local epoch  : 1, acc 0.098
[2024-01-15 22:06:33] [INFO] |  local epoch  : 2, acc 0.145
[2024-01-15 22:06:43] [INFO] |  local epoch  : 3, acc 0.229
[2024-01-15 22:06:54] [INFO] |  local epoch  : 4, acc 0.297
[2024-01-15 22:06:58] [INFO] |servers comunicated: 0, server aggregated: 0, acc_server 0: 0.286.
[2024-01-15 22:06:58] [INFO] --------------------------------------------------
[2024-01-15 22:06:58] [INFO]   |server: 1
[2024-01-15 22:06:58] [INFO]  ---client 3
[2024-01-15 22:07:09] [INFO] |  local epoch  : 0, acc 0.098
[2024-01-15 22:07:21] [INFO] |  local epoch  : 1, acc 0.098
[2024-01-15 22:07:31] [INFO] |  local epoch  : 2, acc 0.144
[2024-01-15 22:07:42] [INFO] |  local epoch  : 3, acc 0.256
[2024-01-15 22:07:53] [INFO] |  local epoch  : 4, acc 0.202
[2024-01-15 22:07:53] [INFO]  ---client 4
[2024-01-15 22:08:04] [INFO] |  local epoch  : 0, acc 0.098
[2024-01-15 22:08:16] [INFO] |  local epoch  : 1, acc 0.098
[2024-01-15 22:08:29] [INFO] |  local epoch  : 2, acc 0.195
[2024-01-15 22:08:45] [INFO] |  local epoch  : 3, acc 0.188
[2024-01-15 22:08:59] [INFO] |  local epoch  : 4, acc 0.252
[2024-01-15 22:08:59] [INFO]  ---client 5
[2024-01-15 22:09:13] [INFO] |  local epoch  : 0, acc 0.098
[2024-01-15 22:09:27] [INFO] |  local epoch  : 1, acc 0.098
[2024-01-15 22:09:40] [INFO] |  local epoch  : 2, acc 0.196
[2024-01-15 22:09:54] [INFO] |  local epoch  : 3, acc 0.218
[2024-01-15 22:10:08] [INFO] |  local epoch  : 4, acc 0.196
[2024-01-15 22:10:13] [INFO] |servers comunicated: 0, server aggregated: 0, acc_server 1: 0.209.
[2024-01-15 22:10:13] [INFO] --------------------------------------------------
[2024-01-15 22:10:13] [INFO]   |server: 2
[2024-01-15 22:10:14] [INFO]  ---client 6
[2024-01-15 22:10:27] [INFO] |  local epoch  : 0, acc 0.101
[2024-01-15 22:10:41] [INFO] |  local epoch  : 1, acc 0.103
[2024-01-15 22:10:55] [INFO] |  local epoch  : 2, acc 0.124
[2024-01-15 22:11:09] [INFO] |  local epoch  : 3, acc 0.240
[2024-01-15 22:11:23] [INFO] |  local epoch  : 4, acc 0.307
[2024-01-15 22:11:23] [INFO]  ---client 7
[2024-01-15 22:11:37] [INFO] |  local epoch  : 0, acc 0.101
[2024-01-15 22:11:51] [INFO] |  local epoch  : 1, acc 0.103
[2024-01-15 22:12:05] [INFO] |  local epoch  : 2, acc 0.103
[2024-01-15 22:12:18] [INFO] |  local epoch  : 3, acc 0.265
[2024-01-15 22:12:31] [INFO] |  local epoch  : 4, acc 0.262
[2024-01-15 22:12:31] [INFO]  ---client 8
[2024-01-15 22:12:45] [INFO] |  local epoch  : 0, acc 0.101
[2024-01-15 22:12:59] [INFO] |  local epoch  : 1, acc 0.103
[2024-01-15 22:13:13] [INFO] |  local epoch  : 2, acc 0.103
[2024-01-15 22:13:27] [INFO] |  local epoch  : 3, acc 0.299
[2024-01-15 22:13:40] [INFO] |  local epoch  : 4, acc 0.346
[2024-01-15 22:13:46] [INFO] |servers comunicated: 0, server aggregated: 0, acc_server 2: 0.323.
[2024-01-15 22:13:46] [INFO] --------------------------------------------------
[2024-01-15 22:13:46] [INFO]  |epoch_client_commu: 1/5
[2024-01-15 22:13:46] [INFO]   |server: 0
[2024-01-15 22:13:46] [INFO]  ---client 0
[2024-01-15 22:14:00] [INFO] |  local epoch  : 0, acc 0.302
[2024-01-15 22:14:13] [INFO] |  local epoch  : 1, acc 0.305
[2024-01-15 22:14:27] [INFO] |  local epoch  : 2, acc 0.305
[2024-01-15 22:14:41] [INFO] |  local epoch  : 3, acc 0.306
[2024-01-15 22:14:55] [INFO] |  local epoch  : 4, acc 0.307
[2024-01-15 22:14:55] [INFO]  ---client 1
[2024-01-15 22:15:09] [INFO] |  local epoch  : 0, acc 0.298
[2024-01-15 22:15:22] [INFO] |  local epoch  : 1, acc 0.301
[2024-01-15 22:15:36] [INFO] |  local epoch  : 2, acc 0.302
[2024-01-15 22:15:50] [INFO] |  local epoch  : 3, acc 0.305
