[2024-01-15 22:04:55] [INFO] device cuda is used.
[2024-01-15 22:04:55] [INFO] cudnn is actived.
[2024-01-15 22:04:55] [INFO] 
      alpha      :  0.3  
        T        :   8   
    algorithm    :   0   
num_server_commu :  50   
num_client_commu :   5   
num_client_train :   5   
num_public_train :   5   
   batch_size    :  160  
     dataset     : mnist 
  model_select   :   1   
 num_all_client  :   9   
 num_all_server  :   3   
 num_client_data : 1200  
 num_public_data :  50   
   proportion    :  0.8  
   num_workers   :   8   
[2024-01-15 22:05:54] [INFO] --------------------------------------------------
[2024-01-15 22:05:54] [INFO] |epoch_server_commu: 0/50
[2024-01-15 22:05:54] [INFO]  |epoch_client_commu: 0/5
[2024-01-15 22:05:54] [INFO]   |server: 0
[2024-01-15 22:05:55] [INFO]  ---client 0
[2024-01-15 22:06:13] [INFO] |  local epoch  : 0, acc 0.103
[2024-01-15 22:06:24] [INFO] |  local epoch  : 1, acc 0.103
[2024-01-15 22:06:36] [INFO] |  local epoch  : 2, acc 0.168
[2024-01-15 22:06:47] [INFO] |  local epoch  : 3, acc 0.295
[2024-01-15 22:06:59] [INFO] |  local epoch  : 4, acc 0.279
[2024-01-15 22:06:59] [INFO]  ---client 1
[2024-01-15 22:07:10] [INFO] |  local epoch  : 0, acc 0.103
[2024-01-15 22:07:22] [INFO] |  local epoch  : 1, acc 0.151
[2024-01-15 22:07:34] [INFO] |  local epoch  : 2, acc 0.193
[2024-01-15 22:07:45] [INFO] |  local epoch  : 3, acc 0.298
[2024-01-15 22:07:57] [INFO] |  local epoch  : 4, acc 0.295
[2024-01-15 22:07:57] [INFO]  ---client 2
[2024-01-15 22:08:09] [INFO] |  local epoch  : 0, acc 0.103
[2024-01-15 22:08:23] [INFO] |  local epoch  : 1, acc 0.123
