[2024-01-15 22:05:08] [INFO] device cuda is used.
[2024-01-15 22:05:08] [INFO] cudnn is actived.
[2024-01-15 22:05:08] [INFO] 
      alpha      :  0.4  
        T        :   2   
    algorithm    :   0   
num_server_commu :  50   
num_client_commu :   5   
num_client_train :   5   
num_public_train :   5   
   batch_size    :  160  
     dataset     : mnist 
  model_select   :   1   
 num_all_client  :   9   
 num_all_server  :   3   
 num_client_data : 1200  
 num_public_data :  50   
   proportion    :  0.8  
   num_workers   :   8   
[2024-01-15 22:06:12] [INFO] --------------------------------------------------
[2024-01-15 22:06:12] [INFO] |epoch_server_commu: 0/50
[2024-01-15 22:06:12] [INFO]  |epoch_client_commu: 0/5
[2024-01-15 22:06:12] [INFO]   |server: 0
[2024-01-15 22:06:12] [INFO]  ---client 0
[2024-01-15 22:06:33] [INFO] |  local epoch  : 0, acc 0.134
[2024-01-15 22:06:45] [INFO] |  local epoch  : 1, acc 0.210
[2024-01-15 22:06:57] [INFO] |  local epoch  : 2, acc 0.168
[2024-01-15 22:07:09] [INFO] |  local epoch  : 3, acc 0.227
[2024-01-15 22:07:20] [INFO] |  local epoch  : 4, acc 0.281
[2024-01-15 22:07:21] [INFO]  ---client 1
[2024-01-15 22:07:33] [INFO] |  local epoch  : 0, acc 0.149
[2024-01-15 22:07:45] [INFO] |  local epoch  : 1, acc 0.207
[2024-01-15 22:07:56] [INFO] |  local epoch  : 2, acc 0.104
[2024-01-15 22:08:08] [INFO] |  local epoch  : 3, acc 0.205
[2024-01-15 22:08:22] [INFO] |  local epoch  : 4, acc 0.272
[2024-01-15 22:08:22] [INFO]  ---client 2
[2024-01-15 22:08:37] [INFO] |  local epoch  : 0, acc 0.145
[2024-01-15 22:08:53] [INFO] |  local epoch  : 1, acc 0.198
[2024-01-15 22:09:08] [INFO] |  local epoch  : 2, acc 0.115
[2024-01-15 22:09:23] [INFO] |  local epoch  : 3, acc 0.136
[2024-01-15 22:09:38] [INFO] |  local epoch  : 4, acc 0.260
[2024-01-15 22:09:44] [INFO] |servers comunicated: 0, server aggregated: 0, acc_server 0: 0.289.
[2024-01-15 22:09:44] [INFO] --------------------------------------------------
[2024-01-15 22:09:44] [INFO]   |server: 1
[2024-01-15 22:09:44] [INFO]  ---client 3
[2024-01-15 22:09:59] [INFO] |  local epoch  : 0, acc 0.089
[2024-01-15 22:10:14] [INFO] |  local epoch  : 1, acc 0.089
[2024-01-15 22:10:30] [INFO] |  local epoch  : 2, acc 0.132
[2024-01-15 22:10:44] [INFO] |  local epoch  : 3, acc 0.127
[2024-01-15 22:10:59] [INFO] |  local epoch  : 4, acc 0.197
[2024-01-15 22:10:59] [INFO]  ---client 4
[2024-01-15 22:11:14] [INFO] |  local epoch  : 0, acc 0.089
[2024-01-15 22:11:29] [INFO] |  local epoch  : 1, acc 0.089
[2024-01-15 22:11:44] [INFO] |  local epoch  : 2, acc 0.101
[2024-01-15 22:11:59] [INFO] |  local epoch  : 3, acc 0.206
[2024-01-15 22:12:14] [INFO] |  local epoch  : 4, acc 0.195
[2024-01-15 22:12:14] [INFO]  ---client 5
[2024-01-15 22:12:29] [INFO] |  local epoch  : 0, acc 0.089
[2024-01-15 22:12:44] [INFO] |  local epoch  : 1, acc 0.089
[2024-01-15 22:12:59] [INFO] |  local epoch  : 2, acc 0.104
[2024-01-15 22:13:13] [INFO] |  local epoch  : 3, acc 0.181
[2024-01-15 22:13:28] [INFO] |  local epoch  : 4, acc 0.243
[2024-01-15 22:13:34] [INFO] |servers comunicated: 0, server aggregated: 0, acc_server 1: 0.239.
[2024-01-15 22:13:34] [INFO] --------------------------------------------------
[2024-01-15 22:13:34] [INFO]   |server: 2
[2024-01-15 22:13:34] [INFO]  ---client 6
[2024-01-15 22:13:49] [INFO] |  local epoch  : 0, acc 0.101
[2024-01-15 22:14:04] [INFO] |  local epoch  : 1, acc 0.101
[2024-01-15 22:14:19] [INFO] |  local epoch  : 2, acc 0.134
[2024-01-15 22:14:35] [INFO] |  local epoch  : 3, acc 0.292
[2024-01-15 22:14:50] [INFO] |  local epoch  : 4, acc 0.188
[2024-01-15 22:14:50] [INFO]  ---client 7
[2024-01-15 22:15:05] [INFO] |  local epoch  : 0, acc 0.099
[2024-01-15 22:15:19] [INFO] |  local epoch  : 1, acc 0.101
[2024-01-15 22:15:34] [INFO] |  local epoch  : 2, acc 0.112
[2024-01-15 22:15:49] [INFO] |  local epoch  : 3, acc 0.174
