[2024-01-15 22:05:00] [INFO] device cuda is used.
[2024-01-15 22:05:00] [INFO] cudnn is actived.
[2024-01-15 22:05:00] [INFO] 
      alpha      :  0.3  
        T        :  10   
    algorithm    :   0   
num_server_commu :  50   
num_client_commu :   5   
num_client_train :   5   
num_public_train :   5   
   batch_size    :  160  
     dataset     : mnist 
  model_select   :   1   
 num_all_client  :   9   
 num_all_server  :   3   
 num_client_data : 1200  
 num_public_data :  50   
   proportion    :  0.8  
   num_workers   :   8   
[2024-01-15 22:06:01] [INFO] --------------------------------------------------
[2024-01-15 22:06:01] [INFO] |epoch_server_commu: 0/50
[2024-01-15 22:06:01] [INFO]  |epoch_client_commu: 0/5
[2024-01-15 22:06:01] [INFO]   |server: 0
[2024-01-15 22:06:01] [INFO]  ---client 0
[2024-01-15 22:06:20] [INFO] |  local epoch  : 0, acc 0.105
[2024-01-15 22:06:31] [INFO] |  local epoch  : 1, acc 0.098
[2024-01-15 22:06:42] [INFO] |  local epoch  : 2, acc 0.210
[2024-01-15 22:06:54] [INFO] |  local epoch  : 3, acc 0.201
[2024-01-15 22:07:05] [INFO] |  local epoch  : 4, acc 0.301
[2024-01-15 22:07:05] [INFO]  ---client 1
[2024-01-15 22:07:17] [INFO] |  local epoch  : 0, acc 0.098
[2024-01-15 22:07:29] [INFO] |  local epoch  : 1, acc 0.098
[2024-01-15 22:07:40] [INFO] |  local epoch  : 2, acc 0.187
[2024-01-15 22:07:52] [INFO] |  local epoch  : 3, acc 0.259
[2024-01-15 22:08:03] [INFO] |  local epoch  : 4, acc 0.289
[2024-01-15 22:08:03] [INFO]  ---client 2
[2024-01-15 22:08:15] [INFO] |  local epoch  : 0, acc 0.098
[2024-01-15 22:08:29] [INFO] |  local epoch  : 1, acc 0.098
[2024-01-15 22:08:46] [INFO] |  local epoch  : 2, acc 0.143
[2024-01-15 22:09:01] [INFO] |  local epoch  : 3, acc 0.195
[2024-01-15 22:09:16] [INFO] |  local epoch  : 4, acc 0.296
[2024-01-15 22:09:23] [INFO] |servers comunicated: 0, server aggregated: 0, acc_server 0: 0.300.
[2024-01-15 22:09:23] [INFO] --------------------------------------------------
[2024-01-15 22:09:23] [INFO]   |server: 1
[2024-01-15 22:09:23] [INFO]  ---client 3
[2024-01-15 22:09:38] [INFO] |  local epoch  : 0, acc 0.101
[2024-01-15 22:09:53] [INFO] |  local epoch  : 1, acc 0.116
[2024-01-15 22:10:08] [INFO] |  local epoch  : 2, acc 0.196
[2024-01-15 22:10:23] [INFO] |  local epoch  : 3, acc 0.226
[2024-01-15 22:10:38] [INFO] |  local epoch  : 4, acc 0.234
[2024-01-15 22:10:38] [INFO]  ---client 4
[2024-01-15 22:10:53] [INFO] |  local epoch  : 0, acc 0.101
[2024-01-15 22:11:07] [INFO] |  local epoch  : 1, acc 0.101
[2024-01-15 22:11:22] [INFO] |  local epoch  : 2, acc 0.121
[2024-01-15 22:11:36] [INFO] |  local epoch  : 3, acc 0.201
[2024-01-15 22:11:51] [INFO] |  local epoch  : 4, acc 0.214
[2024-01-15 22:11:51] [INFO]  ---client 5
[2024-01-15 22:12:06] [INFO] |  local epoch  : 0, acc 0.145
[2024-01-15 22:12:21] [INFO] |  local epoch  : 1, acc 0.124
[2024-01-15 22:12:36] [INFO] |  local epoch  : 2, acc 0.194
[2024-01-15 22:12:51] [INFO] |  local epoch  : 3, acc 0.243
[2024-01-15 22:13:06] [INFO] |  local epoch  : 4, acc 0.260
[2024-01-15 22:13:11] [INFO] |servers comunicated: 0, server aggregated: 0, acc_server 1: 0.260.
[2024-01-15 22:13:11] [INFO] --------------------------------------------------
[2024-01-15 22:13:11] [INFO]   |server: 2
[2024-01-15 22:13:12] [INFO]  ---client 6
[2024-01-15 22:13:26] [INFO] |  local epoch  : 0, acc 0.168
[2024-01-15 22:13:42] [INFO] |  local epoch  : 1, acc 0.098
[2024-01-15 22:13:57] [INFO] |  local epoch  : 2, acc 0.191
[2024-01-15 22:14:11] [INFO] |  local epoch  : 3, acc 0.200
[2024-01-15 22:14:26] [INFO] |  local epoch  : 4, acc 0.340
[2024-01-15 22:14:26] [INFO]  ---client 7
[2024-01-15 22:14:41] [INFO] |  local epoch  : 0, acc 0.128
[2024-01-15 22:14:55] [INFO] |  local epoch  : 1, acc 0.102
[2024-01-15 22:15:10] [INFO] |  local epoch  : 2, acc 0.234
[2024-01-15 22:15:25] [INFO] |  local epoch  : 3, acc 0.271
[2024-01-15 22:15:41] [INFO] |  local epoch  : 4, acc 0.297
[2024-01-15 22:15:41] [INFO]  ---client 8
