[2024-01-15 22:06:45] [INFO] device cuda is used.
[2024-01-15 22:06:45] [INFO] cudnn is actived.
[2024-01-15 22:06:45] [INFO] 
      alpha      :  0.5  
        T        :   4   
    algorithm    :   0   
num_server_commu :  50   
num_client_commu :   5   
num_client_train :   5   
num_public_train :   5   
   batch_size    :  160  
     dataset     : mnist 
  model_select   :   1   
 num_all_client  :   9   
 num_all_server  :   3   
 num_client_data : 1200  
 num_public_data :  50   
   proportion    :  0.8  
   num_workers   :   8   
[2024-01-15 22:08:27] [INFO] --------------------------------------------------
[2024-01-15 22:08:27] [INFO] |epoch_server_commu: 0/50
[2024-01-15 22:08:27] [INFO]  |epoch_client_commu: 0/5
[2024-01-15 22:08:27] [INFO]   |server: 0
[2024-01-15 22:08:27] [INFO]  ---client 0
[2024-01-15 22:08:57] [INFO] |  local epoch  : 0, acc 0.260
[2024-01-15 22:09:12] [INFO] |  local epoch  : 1, acc 0.169
[2024-01-15 22:09:26] [INFO] |  local epoch  : 2, acc 0.166
[2024-01-15 22:09:41] [INFO] |  local epoch  : 3, acc 0.238
[2024-01-15 22:09:56] [INFO] |  local epoch  : 4, acc 0.297
[2024-01-15 22:09:56] [INFO]  ---client 1
[2024-01-15 22:10:11] [INFO] |  local epoch  : 0, acc 0.267
[2024-01-15 22:10:26] [INFO] |  local epoch  : 1, acc 0.193
[2024-01-15 22:10:41] [INFO] |  local epoch  : 2, acc 0.281
[2024-01-15 22:10:56] [INFO] |  local epoch  : 3, acc 0.242
[2024-01-15 22:11:10] [INFO] |  local epoch  : 4, acc 0.292
[2024-01-15 22:11:10] [INFO]  ---client 2
[2024-01-15 22:11:25] [INFO] |  local epoch  : 0, acc 0.184
[2024-01-15 22:11:40] [INFO] |  local epoch  : 1, acc 0.103
[2024-01-15 22:11:55] [INFO] |  local epoch  : 2, acc 0.121
[2024-01-15 22:12:09] [INFO] |  local epoch  : 3, acc 0.250
[2024-01-15 22:12:24] [INFO] |  local epoch  : 4, acc 0.293
[2024-01-15 22:12:30] [INFO] |servers comunicated: 0, server aggregated: 0, acc_server 0: 0.299.
[2024-01-15 22:12:30] [INFO] --------------------------------------------------
[2024-01-15 22:12:30] [INFO]   |server: 1
[2024-01-15 22:12:30] [INFO]  ---client 3
[2024-01-15 22:12:45] [INFO] |  local epoch  : 0, acc 0.195
[2024-01-15 22:13:00] [INFO] |  local epoch  : 1, acc 0.114
[2024-01-15 22:13:15] [INFO] |  local epoch  : 2, acc 0.197
[2024-01-15 22:13:29] [INFO] |  local epoch  : 3, acc 0.240
[2024-01-15 22:13:44] [INFO] |  local epoch  : 4, acc 0.218
[2024-01-15 22:13:44] [INFO]  ---client 4
[2024-01-15 22:13:59] [INFO] |  local epoch  : 0, acc 0.197
[2024-01-15 22:14:13] [INFO] |  local epoch  : 1, acc 0.101
[2024-01-15 22:14:28] [INFO] |  local epoch  : 2, acc 0.105
[2024-01-15 22:14:43] [INFO] |  local epoch  : 3, acc 0.187
[2024-01-15 22:14:58] [INFO] |  local epoch  : 4, acc 0.199
[2024-01-15 22:14:58] [INFO]  ---client 5
[2024-01-15 22:15:12] [INFO] |  local epoch  : 0, acc 0.111
[2024-01-15 22:15:27] [INFO] |  local epoch  : 1, acc 0.175
[2024-01-15 22:15:41] [INFO] |  local epoch  : 2, acc 0.189
