[2024-01-15 22:06:37] [INFO] device cuda is used.
[2024-01-15 22:06:37] [INFO] cudnn is actived.
[2024-01-15 22:06:37] [INFO] 
      alpha      :  0.4  
        T        :  10   
    algorithm    :   0   
num_server_commu :  50   
num_client_commu :   5   
num_client_train :   5   
num_public_train :   5   
   batch_size    :  160  
     dataset     : mnist 
  model_select   :   1   
 num_all_client  :   9   
 num_all_server  :   3   
 num_client_data : 1200  
 num_public_data :  50   
   proportion    :  0.8  
   num_workers   :   8   
[2024-01-15 22:08:20] [INFO] --------------------------------------------------
[2024-01-15 22:08:20] [INFO] |epoch_server_commu: 0/50
[2024-01-15 22:08:20] [INFO]  |epoch_client_commu: 0/5
[2024-01-15 22:08:20] [INFO]   |server: 0
[2024-01-15 22:08:21] [INFO]  ---client 0
[2024-01-15 22:08:52] [INFO] |  local epoch  : 0, acc 0.141
[2024-01-15 22:09:07] [INFO] |  local epoch  : 1, acc 0.169
[2024-01-15 22:09:22] [INFO] |  local epoch  : 2, acc 0.142
[2024-01-15 22:09:37] [INFO] |  local epoch  : 3, acc 0.105
[2024-01-15 22:09:52] [INFO] |  local epoch  : 4, acc 0.192
[2024-01-15 22:09:52] [INFO]  ---client 1
[2024-01-15 22:10:07] [INFO] |  local epoch  : 0, acc 0.120
[2024-01-15 22:10:21] [INFO] |  local epoch  : 1, acc 0.187
[2024-01-15 22:10:36] [INFO] |  local epoch  : 2, acc 0.190
[2024-01-15 22:10:52] [INFO] |  local epoch  : 3, acc 0.135
[2024-01-15 22:11:07] [INFO] |  local epoch  : 4, acc 0.176
[2024-01-15 22:11:07] [INFO]  ---client 2
[2024-01-15 22:11:22] [INFO] |  local epoch  : 0, acc 0.102
[2024-01-15 22:11:36] [INFO] |  local epoch  : 1, acc 0.134
[2024-01-15 22:11:51] [INFO] |  local epoch  : 2, acc 0.132
[2024-01-15 22:12:06] [INFO] |  local epoch  : 3, acc 0.196
[2024-01-15 22:12:21] [INFO] |  local epoch  : 4, acc 0.196
[2024-01-15 22:12:27] [INFO] |servers comunicated: 0, server aggregated: 0, acc_server 0: 0.194.
[2024-01-15 22:12:27] [INFO] --------------------------------------------------
[2024-01-15 22:12:27] [INFO]   |server: 1
[2024-01-15 22:12:27] [INFO]  ---client 3
[2024-01-15 22:12:42] [INFO] |  local epoch  : 0, acc 0.098
[2024-01-15 22:12:56] [INFO] |  local epoch  : 1, acc 0.098
[2024-01-15 22:13:11] [INFO] |  local epoch  : 2, acc 0.098
[2024-01-15 22:13:26] [INFO] |  local epoch  : 3, acc 0.098
[2024-01-15 22:13:41] [INFO] |  local epoch  : 4, acc 0.118
[2024-01-15 22:13:41] [INFO]  ---client 4
[2024-01-15 22:13:56] [INFO] |  local epoch  : 0, acc 0.098
[2024-01-15 22:14:10] [INFO] |  local epoch  : 1, acc 0.098
[2024-01-15 22:14:25] [INFO] |  local epoch  : 2, acc 0.098
[2024-01-15 22:14:40] [INFO] |  local epoch  : 3, acc 0.098
[2024-01-15 22:14:55] [INFO] |  local epoch  : 4, acc 0.195
[2024-01-15 22:14:55] [INFO]  ---client 5
[2024-01-15 22:15:09] [INFO] |  local epoch  : 0, acc 0.098
[2024-01-15 22:15:24] [INFO] |  local epoch  : 1, acc 0.098
[2024-01-15 22:15:38] [INFO] |  local epoch  : 2, acc 0.098
