[2024-01-14 21:01:50] [INFO] device cuda is used.
[2024-01-14 21:01:50] [INFO] cudnn is actived.
[2024-01-14 21:01:50] [INFO] 
      alpha      :  0.3  
        T        :   2   
    algorithm    :   1   
num_server_commu :  50   
num_client_commu :   5   
num_client_train :   5   
num_public_train :   5   
   batch_size    :  160  
     dataset     : mnist 
  model_select   :   1   
 num_all_client  :   9   
 num_all_server  :   3   
 num_client_data : 1200  
 num_public_data :  50   
   proportion    :  0.8  
   num_workers   :   8   
[2024-01-14 21:01:56] [INFO] --------------------------------------------------
[2024-01-14 21:01:56] [INFO] |epoch_server_commu: 0/50
[2024-01-14 21:01:56] [INFO]  |epoch_client_commu: 0/5
[2024-01-14 21:01:56] [INFO]   |server: 0
[2024-01-14 21:01:56] [INFO]  ---client 0
[2024-01-14 21:01:58] [INFO] |  local epoch  : 0, acc 0.100
[2024-01-14 21:01:59] [INFO] |  local epoch  : 1, acc 0.103
[2024-01-14 21:02:00] [INFO] |  local epoch  : 2, acc 0.103
[2024-01-14 21:02:01] [INFO] |  local epoch  : 3, acc 0.103
[2024-01-14 21:02:02] [INFO] |  local epoch  : 4, acc 0.103
[2024-01-14 21:02:02] [INFO]  ---client 1
[2024-01-14 21:02:03] [INFO] |  local epoch  : 0, acc 0.103
[2024-01-14 21:02:04] [INFO] |  local epoch  : 1, acc 0.103
[2024-01-14 21:02:05] [INFO] |  local epoch  : 2, acc 0.103
[2024-01-14 21:02:06] [INFO] |  local epoch  : 3, acc 0.103
[2024-01-14 21:02:07] [INFO] |  local epoch  : 4, acc 0.103
[2024-01-14 21:02:07] [INFO]  ---client 2
[2024-01-14 21:02:08] [INFO] |  local epoch  : 0, acc 0.102
[2024-01-14 21:02:10] [INFO] |  local epoch  : 1, acc 0.103
[2024-01-14 21:02:11] [INFO] |  local epoch  : 2, acc 0.103
[2024-01-14 21:02:12] [INFO] |  local epoch  : 3, acc 0.103
[2024-01-14 21:02:13] [INFO] |  local epoch  : 4, acc 0.103
[2024-01-14 21:02:13] [INFO] |servers comunicated: 0, server aggregated: 0, acc_server 0: 0.103.
[2024-01-14 21:02:13] [INFO] --------------------------------------------------
[2024-01-14 21:02:13] [INFO]   |server: 1
[2024-01-14 21:02:13] [INFO]  ---client 3
[2024-01-14 21:02:14] [INFO] |  local epoch  : 0, acc 0.101
[2024-01-14 21:02:15] [INFO] |  local epoch  : 1, acc 0.101
[2024-01-14 21:02:16] [INFO] |  local epoch  : 2, acc 0.101
[2024-01-14 21:02:17] [INFO] |  local epoch  : 3, acc 0.101
[2024-01-14 21:02:18] [INFO] |  local epoch  : 4, acc 0.101
[2024-01-14 21:02:18] [INFO]  ---client 4
[2024-01-14 21:02:19] [INFO] |  local epoch  : 0, acc 0.101
[2024-01-14 21:02:20] [INFO] |  local epoch  : 1, acc 0.101
[2024-01-14 21:02:21] [INFO] |  local epoch  : 2, acc 0.101
[2024-01-14 21:02:23] [INFO] |  local epoch  : 3, acc 0.101
[2024-01-14 21:02:24] [INFO] |  local epoch  : 4, acc 0.101
[2024-01-14 21:02:24] [INFO]  ---client 5
[2024-01-14 21:02:25] [INFO] |  local epoch  : 0, acc 0.101
[2024-01-14 21:02:26] [INFO] |  local epoch  : 1, acc 0.101
[2024-01-14 21:02:27] [INFO] |  local epoch  : 2, acc 0.101
[2024-01-14 21:02:28] [INFO] |  local epoch  : 3, acc 0.101
[2024-01-14 21:02:29] [INFO] |  local epoch  : 4, acc 0.101
[2024-01-14 21:02:29] [INFO] |servers comunicated: 0, server aggregated: 0, acc_server 1: 0.101.
[2024-01-14 21:02:29] [INFO] --------------------------------------------------
[2024-01-14 21:02:29] [INFO]   |server: 2
[2024-01-14 21:02:29] [INFO]  ---client 6
[2024-01-14 21:02:30] [INFO] |  local epoch  : 0, acc 0.097
[2024-01-14 21:02:31] [INFO] |  local epoch  : 1, acc 0.097
[2024-01-14 21:02:32] [INFO] |  local epoch  : 2, acc 0.097
[2024-01-14 21:02:33] [INFO] |  local epoch  : 3, acc 0.097
[2024-01-14 21:02:34] [INFO] |  local epoch  : 4, acc 0.097
[2024-01-14 21:02:34] [INFO]  ---client 7
[2024-01-14 21:02:35] [INFO] |  local epoch  : 0, acc 0.097
[2024-01-14 21:02:36] [INFO] |  local epoch  : 1, acc 0.097
[2024-01-14 21:02:37] [INFO] |  local epoch  : 2, acc 0.097
[2024-01-14 21:02:38] [INFO] |  local epoch  : 3, acc 0.097
[2024-01-14 21:02:39] [INFO] |  local epoch  : 4, acc 0.097
[2024-01-14 21:02:39] [INFO]  ---client 8
[2024-01-14 21:02:40] [INFO] |  local epoch  : 0, acc 0.097
[2024-01-14 21:02:41] [INFO] |  local epoch  : 1, acc 0.097
[2024-01-14 21:02:42] [INFO] |  local epoch  : 2, acc 0.097
[2024-01-14 21:02:44] [INFO] |  local epoch  : 3, acc 0.097
[2024-01-14 21:02:45] [INFO] |  local epoch  : 4, acc 0.097
[2024-01-14 21:02:45] [INFO] |servers comunicated: 0, server aggregated: 0, acc_server 2: 0.097.
[2024-01-14 21:02:45] [INFO] --------------------------------------------------
[2024-01-14 21:02:45] [INFO]  |epoch_client_commu: 1/5
[2024-01-14 21:02:45] [INFO]   |server: 0
[2024-01-14 21:02:45] [INFO]  ---client 0
[2024-01-14 21:02:46] [INFO] |  local epoch  : 0, acc 0.103
[2024-01-14 21:02:47] [INFO] |  local epoch  : 1, acc 0.103
[2024-01-14 21:02:48] [INFO] |  local epoch  : 2, acc 0.103
[2024-01-14 21:02:49] [INFO] |  local epoch  : 3, acc 0.104
[2024-01-14 21:02:50] [INFO] |  local epoch  : 4, acc 0.154
[2024-01-14 21:02:50] [INFO]  ---client 1
[2024-01-14 21:02:51] [INFO] |  local epoch  : 0, acc 0.103
[2024-01-14 21:02:52] [INFO] |  local epoch  : 1, acc 0.103
[2024-01-14 21:02:53] [INFO] |  local epoch  : 2, acc 0.103
[2024-01-14 21:02:54] [INFO] |  local epoch  : 3, acc 0.103
[2024-01-14 21:02:56] [INFO] |  local epoch  : 4, acc 0.119
[2024-01-14 21:02:56] [INFO]  ---client 2
[2024-01-14 21:02:57] [INFO] |  local epoch  : 0, acc 0.103
[2024-01-14 21:02:58] [INFO] |  local epoch  : 1, acc 0.103
[2024-01-14 21:02:59] [INFO] |  local epoch  : 2, acc 0.103
[2024-01-14 21:03:00] [INFO] |  local epoch  : 3, acc 0.103
[2024-01-14 21:03:01] [INFO] |  local epoch  : 4, acc 0.137
[2024-01-14 21:03:01] [INFO] |servers comunicated: 0, server aggregated: 1, acc_server 0: 0.137.
[2024-01-14 21:03:01] [INFO] --------------------------------------------------
[2024-01-14 21:03:01] [INFO]   |server: 1
[2024-01-14 21:03:01] [INFO]  ---client 3
[2024-01-14 21:03:02] [INFO] |  local epoch  : 0, acc 0.101
[2024-01-14 21:03:03] [INFO] |  local epoch  : 1, acc 0.101
[2024-01-14 21:03:04] [INFO] |  local epoch  : 2, acc 0.101
[2024-01-14 21:03:05] [INFO] |  local epoch  : 3, acc 0.101
[2024-01-14 21:03:06] [INFO] |  local epoch  : 4, acc 0.105
[2024-01-14 21:03:06] [INFO]  ---client 4
[2024-01-14 21:03:07] [INFO] |  local epoch  : 0, acc 0.101
[2024-01-14 21:03:08] [INFO] |  local epoch  : 1, acc 0.101
[2024-01-14 21:03:09] [INFO] |  local epoch  : 2, acc 0.101
[2024-01-14 21:03:11] [INFO] |  local epoch  : 3, acc 0.101
[2024-01-14 21:03:12] [INFO] |  local epoch  : 4, acc 0.106
[2024-01-14 21:03:12] [INFO]  ---client 5
[2024-01-14 21:03:13] [INFO] |  local epoch  : 0, acc 0.101
[2024-01-14 21:03:14] [INFO] |  local epoch  : 1, acc 0.101
[2024-01-14 21:03:15] [INFO] |  local epoch  : 2, acc 0.101
[2024-01-14 21:03:16] [INFO] |  local epoch  : 3, acc 0.101
[2024-01-14 21:03:17] [INFO] |  local epoch  : 4, acc 0.102
[2024-01-14 21:03:17] [INFO] |servers comunicated: 0, server aggregated: 1, acc_server 1: 0.104.
[2024-01-14 21:03:17] [INFO] --------------------------------------------------
[2024-01-14 21:03:17] [INFO]   |server: 2
[2024-01-14 21:03:17] [INFO]  ---client 6
[2024-01-14 21:03:18] [INFO] |  local epoch  : 0, acc 0.097
[2024-01-14 21:03:19] [INFO] |  local epoch  : 1, acc 0.097
[2024-01-14 21:03:20] [INFO] |  local epoch  : 2, acc 0.097
[2024-01-14 21:03:21] [INFO] |  local epoch  : 3, acc 0.097
[2024-01-14 21:03:22] [INFO] |  local epoch  : 4, acc 0.097
[2024-01-14 21:03:22] [INFO]  ---client 7
[2024-01-14 21:03:23] [INFO] |  local epoch  : 0, acc 0.097
[2024-01-14 21:03:24] [INFO] |  local epoch  : 1, acc 0.097
[2024-01-14 21:03:25] [INFO] |  local epoch  : 2, acc 0.097
[2024-01-14 21:03:26] [INFO] |  local epoch  : 3, acc 0.097
[2024-01-14 21:03:27] [INFO] |  local epoch  : 4, acc 0.097
[2024-01-14 21:03:27] [INFO]  ---client 8
[2024-01-14 21:03:28] [INFO] |  local epoch  : 0, acc 0.097
[2024-01-14 21:03:29] [INFO] |  local epoch  : 1, acc 0.097
[2024-01-14 21:03:30] [INFO] |  local epoch  : 2, acc 0.097
[2024-01-14 21:03:32] [INFO] |  local epoch  : 3, acc 0.097
[2024-01-14 21:03:33] [INFO] |  local epoch  : 4, acc 0.097
[2024-01-14 21:03:33] [INFO] |servers comunicated: 0, server aggregated: 1, acc_server 2: 0.097.
[2024-01-14 21:03:33] [INFO] --------------------------------------------------
[2024-01-14 21:03:33] [INFO]  |epoch_client_commu: 2/5
[2024-01-14 21:03:33] [INFO]   |server: 0
[2024-01-14 21:03:33] [INFO]  ---client 0
[2024-01-14 21:03:34] [INFO] |  local epoch  : 0, acc 0.216
[2024-01-14 21:03:35] [INFO] |  local epoch  : 1, acc 0.274
[2024-01-14 21:03:36] [INFO] |  local epoch  : 2, acc 0.376
[2024-01-14 21:03:37] [INFO] |  local epoch  : 3, acc 0.437
[2024-01-14 21:03:38] [INFO] |  local epoch  : 4, acc 0.607
[2024-01-14 21:03:38] [INFO]  ---client 1
[2024-01-14 21:03:39] [INFO] |  local epoch  : 0, acc 0.195
[2024-01-14 21:03:41] [INFO] |  local epoch  : 1, acc 0.285
[2024-01-14 21:03:42] [INFO] |  local epoch  : 2, acc 0.331
[2024-01-14 21:03:43] [INFO] |  local epoch  : 3, acc 0.438
[2024-01-14 21:03:44] [INFO] |  local epoch  : 4, acc 0.472
[2024-01-14 21:03:44] [INFO]  ---client 2
[2024-01-14 21:03:45] [INFO] |  local epoch  : 0, acc 0.215
[2024-01-14 21:03:46] [INFO] |  local epoch  : 1, acc 0.301
[2024-01-14 21:03:47] [INFO] |  local epoch  : 2, acc 0.347
[2024-01-14 21:03:48] [INFO] |  local epoch  : 3, acc 0.388
[2024-01-14 21:03:49] [INFO] |  local epoch  : 4, acc 0.393
[2024-01-14 21:03:50] [INFO] |servers comunicated: 0, server aggregated: 2, acc_server 0: 0.507.
[2024-01-14 21:03:50] [INFO] --------------------------------------------------
[2024-01-14 21:03:50] [INFO]   |server: 1
[2024-01-14 21:03:50] [INFO]  ---client 3
[2024-01-14 21:03:51] [INFO] |  local epoch  : 0, acc 0.128
[2024-01-14 21:03:52] [INFO] |  local epoch  : 1, acc 0.240
[2024-01-14 21:03:53] [INFO] |  local epoch  : 2, acc 0.258
[2024-01-14 21:03:54] [INFO] |  local epoch  : 3, acc 0.328
[2024-01-14 21:03:55] [INFO] |  local epoch  : 4, acc 0.358
[2024-01-14 21:03:55] [INFO]  ---client 4
[2024-01-14 21:03:56] [INFO] |  local epoch  : 0, acc 0.123
[2024-01-14 21:03:57] [INFO] |  local epoch  : 1, acc 0.199
[2024-01-14 21:03:58] [INFO] |  local epoch  : 2, acc 0.255
[2024-01-14 21:03:59] [INFO] |  local epoch  : 3, acc 0.229
[2024-01-14 21:04:00] [INFO] |  local epoch  : 4, acc 0.352
[2024-01-14 21:04:00] [INFO]  ---client 5
[2024-01-14 21:04:01] [INFO] |  local epoch  : 0, acc 0.119
[2024-01-14 21:04:02] [INFO] |  local epoch  : 1, acc 0.170
[2024-01-14 21:04:03] [INFO] |  local epoch  : 2, acc 0.212
[2024-01-14 21:04:04] [INFO] |  local epoch  : 3, acc 0.275
[2024-01-14 21:04:05] [INFO] |  local epoch  : 4, acc 0.368
[2024-01-14 21:04:05] [INFO] |servers comunicated: 0, server aggregated: 2, acc_server 1: 0.345.
[2024-01-14 21:04:05] [INFO] --------------------------------------------------
[2024-01-14 21:04:05] [INFO]   |server: 2
[2024-01-14 21:04:06] [INFO]  ---client 6
[2024-01-14 21:04:07] [INFO] |  local epoch  : 0, acc 0.097
[2024-01-14 21:04:08] [INFO] |  local epoch  : 1, acc 0.098
[2024-01-14 21:04:09] [INFO] |  local epoch  : 2, acc 0.104
[2024-01-14 21:04:10] [INFO] |  local epoch  : 3, acc 0.121
[2024-01-14 21:04:11] [INFO] |  local epoch  : 4, acc 0.142
[2024-01-14 21:04:11] [INFO]  ---client 7
[2024-01-14 21:04:12] [INFO] |  local epoch  : 0, acc 0.098
[2024-01-14 21:04:13] [INFO] |  local epoch  : 1, acc 0.119
[2024-01-14 21:04:14] [INFO] |  local epoch  : 2, acc 0.149
[2024-01-14 21:04:15] [INFO] |  local epoch  : 3, acc 0.204
[2024-01-14 21:04:16] [INFO] |  local epoch  : 4, acc 0.208
[2024-01-14 21:04:16] [INFO]  ---client 8
[2024-01-14 21:04:17] [INFO] |  local epoch  : 0, acc 0.097
[2024-01-14 21:04:18] [INFO] |  local epoch  : 1, acc 0.103
[2024-01-14 21:04:19] [INFO] |  local epoch  : 2, acc 0.134
[2024-01-14 21:04:20] [INFO] |  local epoch  : 3, acc 0.153
[2024-01-14 21:04:21] [INFO] |  local epoch  : 4, acc 0.163
[2024-01-14 21:04:22] [INFO] |servers comunicated: 0, server aggregated: 2, acc_server 2: 0.163.
[2024-01-14 21:04:22] [INFO] --------------------------------------------------
[2024-01-14 21:04:22] [INFO]  |epoch_client_commu: 3/5
[2024-01-14 21:04:22] [INFO]   |server: 0
[2024-01-14 21:04:22] [INFO]  ---client 0
[2024-01-14 21:04:23] [INFO] |  local epoch  : 0, acc 0.647
[2024-01-14 21:04:24] [INFO] |  local epoch  : 1, acc 0.689
[2024-01-14 21:04:25] [INFO] |  local epoch  : 2, acc 0.696
[2024-01-14 21:04:26] [INFO] |  local epoch  : 3, acc 0.693
[2024-01-14 21:04:27] [INFO] |  local epoch  : 4, acc 0.709
[2024-01-14 21:04:27] [INFO]  ---client 1
[2024-01-14 21:04:28] [INFO] |  local epoch  : 0, acc 0.458
[2024-01-14 21:04:29] [INFO] |  local epoch  : 1, acc 0.526
[2024-01-14 21:04:30] [INFO] |  local epoch  : 2, acc 0.540
[2024-01-14 21:04:31] [INFO] |  local epoch  : 3, acc 0.603
[2024-01-14 21:04:32] [INFO] |  local epoch  : 4, acc 0.649
[2024-01-14 21:04:32] [INFO]  ---client 2
[2024-01-14 21:04:33] [INFO] |  local epoch  : 0, acc 0.615
[2024-01-14 21:04:34] [INFO] |  local epoch  : 1, acc 0.631
[2024-01-14 21:04:35] [INFO] |  local epoch  : 2, acc 0.597
[2024-01-14 21:04:36] [INFO] |  local epoch  : 3, acc 0.640
[2024-01-14 21:04:37] [INFO] |  local epoch  : 4, acc 0.675
[2024-01-14 21:04:38] [INFO] |servers comunicated: 0, server aggregated: 3, acc_server 0: 0.706.
[2024-01-14 21:04:38] [INFO] --------------------------------------------------
[2024-01-14 21:04:38] [INFO]   |server: 1
[2024-01-14 21:04:38] [INFO]  ---client 3
[2024-01-14 21:04:39] [INFO] |  local epoch  : 0, acc 0.459
[2024-01-14 21:04:40] [INFO] |  local epoch  : 1, acc 0.485
[2024-01-14 21:04:41] [INFO] |  local epoch  : 2, acc 0.557
[2024-01-14 21:04:42] [INFO] |  local epoch  : 3, acc 0.549
[2024-01-14 21:04:43] [INFO] |  local epoch  : 4, acc 0.472
[2024-01-14 21:04:43] [INFO]  ---client 4
[2024-01-14 21:04:44] [INFO] |  local epoch  : 0, acc 0.397
[2024-01-14 21:04:45] [INFO] |  local epoch  : 1, acc 0.432
[2024-01-14 21:04:46] [INFO] |  local epoch  : 2, acc 0.531
[2024-01-14 21:04:47] [INFO] |  local epoch  : 3, acc 0.473
[2024-01-14 21:04:48] [INFO] |  local epoch  : 4, acc 0.486
[2024-01-14 21:04:48] [INFO]  ---client 5
[2024-01-14 21:04:49] [INFO] |  local epoch  : 0, acc 0.398
[2024-01-14 21:04:50] [INFO] |  local epoch  : 1, acc 0.452
[2024-01-14 21:04:51] [INFO] |  local epoch  : 2, acc 0.460
[2024-01-14 21:04:52] [INFO] |  local epoch  : 3, acc 0.496
[2024-01-14 21:04:53] [INFO] |  local epoch  : 4, acc 0.512
[2024-01-14 21:04:54] [INFO] |servers comunicated: 0, server aggregated: 3, acc_server 1: 0.510.
[2024-01-14 21:04:54] [INFO] --------------------------------------------------
[2024-01-14 21:04:54] [INFO]   |server: 2
[2024-01-14 21:04:54] [INFO]  ---client 6
[2024-01-14 21:04:55] [INFO] |  local epoch  : 0, acc 0.182
[2024-01-14 21:04:56] [INFO] |  local epoch  : 1, acc 0.219
[2024-01-14 21:04:57] [INFO] |  local epoch  : 2, acc 0.266
[2024-01-14 21:04:58] [INFO] |  local epoch  : 3, acc 0.243
[2024-01-14 21:04:59] [INFO] |  local epoch  : 4, acc 0.349
[2024-01-14 21:04:59] [INFO]  ---client 7
[2024-01-14 21:05:00] [INFO] |  local epoch  : 0, acc 0.218
[2024-01-14 21:05:01] [INFO] |  local epoch  : 1, acc 0.314
[2024-01-14 21:05:02] [INFO] |  local epoch  : 2, acc 0.366
[2024-01-14 21:05:03] [INFO] |  local epoch  : 3, acc 0.409
[2024-01-14 21:05:04] [INFO] |  local epoch  : 4, acc 0.427
[2024-01-14 21:05:04] [INFO]  ---client 8
[2024-01-14 21:05:05] [INFO] |  local epoch  : 0, acc 0.224
[2024-01-14 21:05:06] [INFO] |  local epoch  : 1, acc 0.237
[2024-01-14 21:05:08] [INFO] |  local epoch  : 2, acc 0.337
[2024-01-14 21:05:09] [INFO] |  local epoch  : 3, acc 0.320
[2024-01-14 21:05:10] [INFO] |  local epoch  : 4, acc 0.369
[2024-01-14 21:05:10] [INFO] |servers comunicated: 0, server aggregated: 3, acc_server 2: 0.391.
[2024-01-14 21:05:10] [INFO] --------------------------------------------------
[2024-01-14 21:05:10] [INFO]  |epoch_client_commu: 4/5
[2024-01-14 21:05:10] [INFO]   |server: 0
[2024-01-14 21:05:10] [INFO]  ---client 0
[2024-01-14 21:05:11] [INFO] |  local epoch  : 0, acc 0.706
[2024-01-14 21:05:12] [INFO] |  local epoch  : 1, acc 0.695
[2024-01-14 21:05:13] [INFO] |  local epoch  : 2, acc 0.702
[2024-01-14 21:05:14] [INFO] |  local epoch  : 3, acc 0.748
[2024-01-14 21:05:15] [INFO] |  local epoch  : 4, acc 0.753
[2024-01-14 21:05:15] [INFO]  ---client 1
[2024-01-14 21:05:16] [INFO] |  local epoch  : 0, acc 0.689
[2024-01-14 21:05:17] [INFO] |  local epoch  : 1, acc 0.654
[2024-01-14 21:05:18] [INFO] |  local epoch  : 2, acc 0.651
[2024-01-14 21:05:19] [INFO] |  local epoch  : 3, acc 0.686
[2024-01-14 21:05:20] [INFO] |  local epoch  : 4, acc 0.718
[2024-01-14 21:05:20] [INFO]  ---client 2
[2024-01-14 21:05:21] [INFO] |  local epoch  : 0, acc 0.683
[2024-01-14 21:05:22] [INFO] |  local epoch  : 1, acc 0.728
[2024-01-14 21:05:23] [INFO] |  local epoch  : 2, acc 0.753
[2024-01-14 21:05:24] [INFO] |  local epoch  : 3, acc 0.755
[2024-01-14 21:05:25] [INFO] |  local epoch  : 4, acc 0.780
[2024-01-14 21:05:26] [INFO] |servers comunicated: 0, server aggregated: 4, acc_server 0: 0.777.
[2024-01-14 21:05:26] [INFO] --------------------------------------------------
[2024-01-14 21:05:26] [INFO]   |server: 1
[2024-01-14 21:05:26] [INFO]  ---client 3
[2024-01-14 21:05:27] [INFO] |  local epoch  : 0, acc 0.616
[2024-01-14 21:05:28] [INFO] |  local epoch  : 1, acc 0.593
[2024-01-14 21:05:29] [INFO] |  local epoch  : 2, acc 0.609
[2024-01-14 21:05:30] [INFO] |  local epoch  : 3, acc 0.617
[2024-01-14 21:05:31] [INFO] |  local epoch  : 4, acc 0.599
[2024-01-14 21:05:31] [INFO]  ---client 4
[2024-01-14 21:05:32] [INFO] |  local epoch  : 0, acc 0.557
[2024-01-14 21:05:33] [INFO] |  local epoch  : 1, acc 0.578
[2024-01-14 21:05:34] [INFO] |  local epoch  : 2, acc 0.653
[2024-01-14 21:05:35] [INFO] |  local epoch  : 3, acc 0.573
[2024-01-14 21:05:36] [INFO] |  local epoch  : 4, acc 0.684
[2024-01-14 21:05:36] [INFO]  ---client 5
[2024-01-14 21:05:37] [INFO] |  local epoch  : 0, acc 0.552
[2024-01-14 21:05:38] [INFO] |  local epoch  : 1, acc 0.528
[2024-01-14 21:05:39] [INFO] |  local epoch  : 2, acc 0.608
[2024-01-14 21:05:40] [INFO] |  local epoch  : 3, acc 0.665
[2024-01-14 21:05:41] [INFO] |  local epoch  : 4, acc 0.666
[2024-01-14 21:05:42] [INFO] |servers comunicated: 0, server aggregated: 4, acc_server 1: 0.660.
[2024-01-14 21:05:42] [INFO] --------------------------------------------------
[2024-01-14 21:05:42] [INFO]   |server: 2
[2024-01-14 21:05:42] [INFO]  ---client 6
[2024-01-14 21:05:43] [INFO] |  local epoch  : 0, acc 0.461
[2024-01-14 21:05:44] [INFO] |  local epoch  : 1, acc 0.507
[2024-01-14 21:05:45] [INFO] |  local epoch  : 2, acc 0.565
[2024-01-14 21:05:46] [INFO] |  local epoch  : 3, acc 0.507
[2024-01-14 21:05:47] [INFO] |  local epoch  : 4, acc 0.542
[2024-01-14 21:05:47] [INFO]  ---client 7
[2024-01-14 21:05:48] [INFO] |  local epoch  : 0, acc 0.444
[2024-01-14 21:05:49] [INFO] |  local epoch  : 1, acc 0.536
[2024-01-14 21:05:50] [INFO] |  local epoch  : 2, acc 0.557
[2024-01-14 21:05:51] [INFO] |  local epoch  : 3, acc 0.610
[2024-01-14 21:05:52] [INFO] |  local epoch  : 4, acc 0.599
[2024-01-14 21:05:52] [INFO]  ---client 8
[2024-01-14 21:05:53] [INFO] |  local epoch  : 0, acc 0.438
[2024-01-14 21:05:54] [INFO] |  local epoch  : 1, acc 0.468
[2024-01-14 21:05:55] [INFO] |  local epoch  : 2, acc 0.564
[2024-01-14 21:05:56] [INFO] |  local epoch  : 3, acc 0.633
[2024-01-14 21:05:57] [INFO] |  local epoch  : 4, acc 0.613
[2024-01-14 21:05:58] [INFO] |servers comunicated: 0, server aggregated: 4, acc_server 2: 0.595.
[2024-01-14 21:05:58] [INFO] --------------------------------------------------
[2024-01-14 21:05:58] [INFO]      ********  servers comunicates  ********      
[2024-01-14 21:05:58] [INFO] --------------------------------------------------
[2024-01-14 21:05:58] [INFO] |epoch_server_commu: 1/50
[2024-01-14 21:05:58] [INFO]  |epoch_client_commu: 0/5
[2024-01-14 21:05:58] [INFO]   |server: 0
[2024-01-14 21:05:58] [INFO]  ---client 0
[2024-01-14 21:05:59] [INFO] |  local epoch  : 0, acc 0.767
[2024-01-14 21:06:00] [INFO] |  local epoch  : 1, acc 0.776
[2024-01-14 21:06:01] [INFO] |  local epoch  : 2, acc 0.799
[2024-01-14 21:06:02] [INFO] |  local epoch  : 3, acc 0.769
[2024-01-14 21:06:03] [INFO] |  local epoch  : 4, acc 0.796
[2024-01-14 21:06:04] [INFO] | distill epoch : 0, acc 0.815
[2024-01-14 21:06:05] [INFO] | distill epoch : 1, acc 0.815
[2024-01-14 21:06:06] [INFO] | distill epoch : 2, acc 0.815
[2024-01-14 21:06:08] [INFO] | distill epoch : 3, acc 0.815
[2024-01-14 21:06:09] [INFO] | distill epoch : 4, acc 0.815
[2024-01-14 21:06:09] [INFO]  ---client 1
[2024-01-14 21:06:10] [INFO] |  local epoch  : 0, acc 0.746
[2024-01-14 21:06:11] [INFO] |  local epoch  : 1, acc 0.760
[2024-01-14 21:06:12] [INFO] |  local epoch  : 2, acc 0.752
[2024-01-14 21:06:13] [INFO] |  local epoch  : 3, acc 0.770
[2024-01-14 21:06:14] [INFO] |  local epoch  : 4, acc 0.751
[2024-01-14 21:06:16] [INFO] | distill epoch : 0, acc 0.781
[2024-01-14 21:06:17] [INFO] | distill epoch : 1, acc 0.781
[2024-01-14 21:06:18] [INFO] | distill epoch : 2, acc 0.781
[2024-01-14 21:06:19] [INFO] | distill epoch : 3, acc 0.781
[2024-01-14 21:06:20] [INFO] | distill epoch : 4, acc 0.781
[2024-01-14 21:06:20] [INFO]  ---client 2
[2024-01-14 21:06:21] [INFO] |  local epoch  : 0, acc 0.746
[2024-01-14 21:06:22] [INFO] |  local epoch  : 1, acc 0.770
[2024-01-14 21:06:23] [INFO] |  local epoch  : 2, acc 0.784
[2024-01-14 21:06:24] [INFO] |  local epoch  : 3, acc 0.760
[2024-01-14 21:06:26] [INFO] |  local epoch  : 4, acc 0.773
[2024-01-14 21:06:27] [INFO] | distill epoch : 0, acc 0.798
[2024-01-14 21:06:28] [INFO] | distill epoch : 1, acc 0.798
[2024-01-14 21:06:29] [INFO] | distill epoch : 2, acc 0.798
[2024-01-14 21:06:30] [INFO] | distill epoch : 3, acc 0.798
[2024-01-14 21:06:31] [INFO] | distill epoch : 4, acc 0.798
[2024-01-14 21:06:32] [INFO] |servers comunicated: 1, server aggregated: 0, acc_server 0: 0.804.
[2024-01-14 21:06:32] [INFO] --------------------------------------------------
[2024-01-14 21:06:32] [INFO]   |server: 1
[2024-01-14 21:06:32] [INFO]  ---client 3
[2024-01-14 21:06:33] [INFO] |  local epoch  : 0, acc 0.728
[2024-01-14 21:06:34] [INFO] |  local epoch  : 1, acc 0.732
[2024-01-14 21:06:35] [INFO] |  local epoch  : 2, acc 0.737
[2024-01-14 21:06:36] [INFO] |  local epoch  : 3, acc 0.738
[2024-01-14 21:06:37] [INFO] |  local epoch  : 4, acc 0.712
[2024-01-14 21:06:38] [INFO] | distill epoch : 0, acc 0.746
[2024-01-14 21:06:40] [INFO] | distill epoch : 0, acc 0.746
[2024-01-14 21:06:41] [INFO] | distill epoch : 1, acc 0.746
[2024-01-14 21:06:42] [INFO] | distill epoch : 1, acc 0.746
[2024-01-14 21:06:43] [INFO] | distill epoch : 2, acc 0.746
[2024-01-14 21:06:44] [INFO] | distill epoch : 2, acc 0.746
[2024-01-14 21:06:45] [INFO] | distill epoch : 3, acc 0.746
[2024-01-14 21:06:46] [INFO] | distill epoch : 3, acc 0.746
[2024-01-14 21:06:47] [INFO] | distill epoch : 4, acc 0.746
[2024-01-14 21:06:48] [INFO] | distill epoch : 4, acc 0.746
[2024-01-14 21:06:48] [INFO]  ---client 4
[2024-01-14 21:06:50] [INFO] |  local epoch  : 0, acc 0.732
[2024-01-14 21:06:51] [INFO] |  local epoch  : 1, acc 0.703
[2024-01-14 21:06:52] [INFO] |  local epoch  : 2, acc 0.701
[2024-01-14 21:06:53] [INFO] |  local epoch  : 3, acc 0.690
[2024-01-14 21:06:54] [INFO] |  local epoch  : 4, acc 0.700
[2024-01-14 21:06:56] [INFO] | distill epoch : 0, acc 0.737
[2024-01-14 21:06:57] [INFO] | distill epoch : 0, acc 0.736
[2024-01-14 21:06:58] [INFO] | distill epoch : 1, acc 0.737
[2024-01-14 21:06:59] [INFO] | distill epoch : 1, acc 0.736
[2024-01-14 21:07:00] [INFO] | distill epoch : 2, acc 0.737
[2024-01-14 21:07:01] [INFO] | distill epoch : 2, acc 0.736
[2024-01-14 21:07:02] [INFO] | distill epoch : 3, acc 0.737
[2024-01-14 21:07:03] [INFO] | distill epoch : 3, acc 0.736
[2024-01-14 21:07:04] [INFO] | distill epoch : 4, acc 0.737
[2024-01-14 21:07:05] [INFO] | distill epoch : 4, acc 0.736
[2024-01-14 21:07:05] [INFO]  ---client 5
[2024-01-14 21:07:07] [INFO] |  local epoch  : 0, acc 0.701
[2024-01-14 21:07:08] [INFO] |  local epoch  : 1, acc 0.698
[2024-01-14 21:07:09] [INFO] |  local epoch  : 2, acc 0.692
[2024-01-14 21:07:10] [INFO] |  local epoch  : 3, acc 0.688
[2024-01-14 21:07:11] [INFO] |  local epoch  : 4, acc 0.700
[2024-01-14 21:07:12] [INFO] | distill epoch : 0, acc 0.739
[2024-01-14 21:07:13] [INFO] | distill epoch : 0, acc 0.740
[2024-01-14 21:07:15] [INFO] | distill epoch : 1, acc 0.739
[2024-01-14 21:07:16] [INFO] | distill epoch : 1, acc 0.740
[2024-01-14 21:07:17] [INFO] | distill epoch : 2, acc 0.739
[2024-01-14 21:07:18] [INFO] | distill epoch : 2, acc 0.740
[2024-01-14 21:07:19] [INFO] | distill epoch : 3, acc 0.739
[2024-01-14 21:07:20] [INFO] | distill epoch : 3, acc 0.740
[2024-01-14 21:07:21] [INFO] | distill epoch : 4, acc 0.739
[2024-01-14 21:07:22] [INFO] | distill epoch : 4, acc 0.740
[2024-01-14 21:07:23] [INFO] |servers comunicated: 1, server aggregated: 0, acc_server 1: 0.744.
[2024-01-14 21:07:23] [INFO] --------------------------------------------------
[2024-01-14 21:07:23] [INFO]   |server: 2
[2024-01-14 21:07:23] [INFO]  ---client 6
[2024-01-14 21:07:24] [INFO] |  local epoch  : 0, acc 0.629
[2024-01-14 21:07:25] [INFO] |  local epoch  : 1, acc 0.562
[2024-01-14 21:07:26] [INFO] |  local epoch  : 2, acc 0.607
[2024-01-14 21:07:27] [INFO] |  local epoch  : 3, acc 0.641
[2024-01-14 21:07:29] [INFO] |  local epoch  : 4, acc 0.620
[2024-01-14 21:07:30] [INFO] | distill epoch : 0, acc 0.664
[2024-01-14 21:07:31] [INFO] | distill epoch : 0, acc 0.663
[2024-01-14 21:07:32] [INFO] | distill epoch : 0, acc 0.663
[2024-01-14 21:07:33] [INFO] | distill epoch : 1, acc 0.664
[2024-01-14 21:07:34] [INFO] | distill epoch : 1, acc 0.663
[2024-01-14 21:07:35] [INFO] | distill epoch : 1, acc 0.663
[2024-01-14 21:07:36] [INFO] | distill epoch : 2, acc 0.664
[2024-01-14 21:07:37] [INFO] | distill epoch : 2, acc 0.663
[2024-01-14 21:07:39] [INFO] | distill epoch : 2, acc 0.663
[2024-01-14 21:07:40] [INFO] | distill epoch : 3, acc 0.664
[2024-01-14 21:07:41] [INFO] | distill epoch : 3, acc 0.663
[2024-01-14 21:07:42] [INFO] | distill epoch : 3, acc 0.663
[2024-01-14 21:07:43] [INFO] | distill epoch : 4, acc 0.664
[2024-01-14 21:07:44] [INFO] | distill epoch : 4, acc 0.663
[2024-01-14 21:07:45] [INFO] | distill epoch : 4, acc 0.663
[2024-01-14 21:07:45] [INFO]  ---client 7
[2024-01-14 21:07:46] [INFO] |  local epoch  : 0, acc 0.588
[2024-01-14 21:07:48] [INFO] |  local epoch  : 1, acc 0.594
[2024-01-14 21:07:49] [INFO] |  local epoch  : 2, acc 0.623
[2024-01-14 21:07:50] [INFO] |  local epoch  : 3, acc 0.646
[2024-01-14 21:07:51] [INFO] |  local epoch  : 4, acc 0.665
[2024-01-14 21:07:52] [INFO] | distill epoch : 0, acc 0.711
[2024-01-14 21:07:53] [INFO] | distill epoch : 0, acc 0.710
[2024-01-14 21:07:54] [INFO] | distill epoch : 0, acc 0.711
[2024-01-14 21:07:55] [INFO] | distill epoch : 1, acc 0.711
[2024-01-14 21:07:56] [INFO] | distill epoch : 1, acc 0.710
[2024-01-14 21:07:58] [INFO] | distill epoch : 1, acc 0.711
[2024-01-14 21:07:59] [INFO] | distill epoch : 2, acc 0.711
[2024-01-14 21:08:00] [INFO] | distill epoch : 2, acc 0.710
[2024-01-14 21:08:01] [INFO] | distill epoch : 2, acc 0.711
[2024-01-14 21:08:02] [INFO] | distill epoch : 3, acc 0.711
[2024-01-14 21:08:03] [INFO] | distill epoch : 3, acc 0.710
[2024-01-14 21:08:04] [INFO] | distill epoch : 3, acc 0.711
[2024-01-14 21:08:05] [INFO] | distill epoch : 4, acc 0.711
[2024-01-14 21:08:06] [INFO] | distill epoch : 4, acc 0.710
[2024-01-14 21:08:08] [INFO] | distill epoch : 4, acc 0.711
[2024-01-14 21:08:08] [INFO]  ---client 8
[2024-01-14 21:08:09] [INFO] |  local epoch  : 0, acc 0.585
[2024-01-14 21:08:10] [INFO] |  local epoch  : 1, acc 0.604
[2024-01-14 21:08:11] [INFO] |  local epoch  : 2, acc 0.658
[2024-01-14 21:08:12] [INFO] |  local epoch  : 3, acc 0.613
[2024-01-14 21:08:13] [INFO] |  local epoch  : 4, acc 0.639
[2024-01-14 21:08:14] [INFO] | distill epoch : 0, acc 0.679
[2024-01-14 21:08:15] [INFO] | distill epoch : 0, acc 0.678
[2024-01-14 21:08:17] [INFO] | distill epoch : 0, acc 0.678
[2024-01-14 21:08:18] [INFO] | distill epoch : 1, acc 0.679
[2024-01-14 21:08:19] [INFO] | distill epoch : 1, acc 0.678
[2024-01-14 21:08:20] [INFO] | distill epoch : 1, acc 0.678
[2024-01-14 21:08:21] [INFO] | distill epoch : 2, acc 0.679
[2024-01-14 21:08:22] [INFO] | distill epoch : 2, acc 0.678
[2024-01-14 21:08:23] [INFO] | distill epoch : 2, acc 0.678
[2024-01-14 21:08:25] [INFO] | distill epoch : 3, acc 0.679
[2024-01-14 21:08:26] [INFO] | distill epoch : 3, acc 0.678
[2024-01-14 21:08:27] [INFO] | distill epoch : 3, acc 0.678
[2024-01-14 21:08:28] [INFO] | distill epoch : 4, acc 0.679
[2024-01-14 21:08:29] [INFO] | distill epoch : 4, acc 0.678
[2024-01-14 21:08:30] [INFO] | distill epoch : 4, acc 0.678
[2024-01-14 21:08:31] [INFO] |servers comunicated: 1, server aggregated: 0, acc_server 2: 0.690.
[2024-01-14 21:08:31] [INFO] --------------------------------------------------
[2024-01-14 21:08:31] [INFO]  |epoch_client_commu: 1/5
[2024-01-14 21:08:31] [INFO]   |server: 0
[2024-01-14 21:08:31] [INFO]  ---client 0
[2024-01-14 21:08:32] [INFO] |  local epoch  : 0, acc 0.789
[2024-01-14 21:08:33] [INFO] |  local epoch  : 1, acc 0.783
[2024-01-14 21:08:34] [INFO] |  local epoch  : 2, acc 0.802
[2024-01-14 21:08:35] [INFO] |  local epoch  : 3, acc 0.790
[2024-01-14 21:08:36] [INFO] |  local epoch  : 4, acc 0.784
[2024-01-14 21:08:37] [INFO] | distill epoch : 0, acc 0.810
[2024-01-14 21:08:38] [INFO] | distill epoch : 1, acc 0.810
[2024-01-14 21:08:39] [INFO] | distill epoch : 2, acc 0.810
[2024-01-14 21:08:41] [INFO] | distill epoch : 3, acc 0.810
[2024-01-14 21:08:42] [INFO] | distill epoch : 4, acc 0.810
[2024-01-14 21:08:42] [INFO]  ---client 1
[2024-01-14 21:08:43] [INFO] |  local epoch  : 0, acc 0.754
[2024-01-14 21:08:44] [INFO] |  local epoch  : 1, acc 0.780
[2024-01-14 21:08:45] [INFO] |  local epoch  : 2, acc 0.783
[2024-01-14 21:08:46] [INFO] |  local epoch  : 3, acc 0.782
[2024-01-14 21:08:47] [INFO] |  local epoch  : 4, acc 0.747
[2024-01-14 21:08:48] [INFO] | distill epoch : 0, acc 0.780
[2024-01-14 21:08:49] [INFO] | distill epoch : 1, acc 0.780
[2024-01-14 21:08:51] [INFO] | distill epoch : 2, acc 0.780
[2024-01-14 21:08:52] [INFO] | distill epoch : 3, acc 0.780
[2024-01-14 21:08:53] [INFO] | distill epoch : 4, acc 0.780
[2024-01-14 21:08:53] [INFO]  ---client 2
[2024-01-14 21:08:54] [INFO] |  local epoch  : 0, acc 0.766
[2024-01-14 21:08:55] [INFO] |  local epoch  : 1, acc 0.794
[2024-01-14 21:08:56] [INFO] |  local epoch  : 2, acc 0.790
[2024-01-14 21:08:57] [INFO] |  local epoch  : 3, acc 0.778
[2024-01-14 21:08:58] [INFO] |  local epoch  : 4, acc 0.787
[2024-01-14 21:08:59] [INFO] | distill epoch : 0, acc 0.808
[2024-01-14 21:09:01] [INFO] | distill epoch : 1, acc 0.808
[2024-01-14 21:09:02] [INFO] | distill epoch : 2, acc 0.808
[2024-01-14 21:09:03] [INFO] | distill epoch : 3, acc 0.808
[2024-01-14 21:09:04] [INFO] | distill epoch : 4, acc 0.808
[2024-01-14 21:09:04] [INFO] |servers comunicated: 1, server aggregated: 1, acc_server 0: 0.805.
[2024-01-14 21:09:04] [INFO] --------------------------------------------------
[2024-01-14 21:09:04] [INFO]   |server: 1
[2024-01-14 21:09:04] [INFO]  ---client 3
[2024-01-14 21:09:05] [INFO] |  local epoch  : 0, acc 0.717
[2024-01-14 21:09:07] [INFO] |  local epoch  : 1, acc 0.744
[2024-01-14 21:09:08] [INFO] |  local epoch  : 2, acc 0.754
[2024-01-14 21:09:09] [INFO] |  local epoch  : 3, acc 0.758
[2024-01-14 21:09:10] [INFO] |  local epoch  : 4, acc 0.764
[2024-01-14 21:09:11] [INFO] | distill epoch : 0, acc 0.785
[2024-01-14 21:09:12] [INFO] | distill epoch : 0, acc 0.786
[2024-01-14 21:09:13] [INFO] | distill epoch : 1, acc 0.785
[2024-01-14 21:09:14] [INFO] | distill epoch : 1, acc 0.786
[2024-01-14 21:09:15] [INFO] | distill epoch : 2, acc 0.785
[2024-01-14 21:09:17] [INFO] | distill epoch : 2, acc 0.786
[2024-01-14 21:09:18] [INFO] | distill epoch : 3, acc 0.785
[2024-01-14 21:09:19] [INFO] | distill epoch : 3, acc 0.786
[2024-01-14 21:09:20] [INFO] | distill epoch : 4, acc 0.785
[2024-01-14 21:09:21] [INFO] | distill epoch : 4, acc 0.786
[2024-01-14 21:09:21] [INFO]  ---client 4
[2024-01-14 21:09:22] [INFO] |  local epoch  : 0, acc 0.692
[2024-01-14 21:09:23] [INFO] |  local epoch  : 1, acc 0.701
[2024-01-14 21:09:24] [INFO] |  local epoch  : 2, acc 0.726
[2024-01-14 21:09:26] [INFO] |  local epoch  : 3, acc 0.721
[2024-01-14 21:09:27] [INFO] |  local epoch  : 4, acc 0.710
[2024-01-14 21:09:28] [INFO] | distill epoch : 0, acc 0.747
[2024-01-14 21:09:29] [INFO] | distill epoch : 0, acc 0.747
[2024-01-14 21:09:30] [INFO] | distill epoch : 1, acc 0.747
[2024-01-14 21:09:31] [INFO] | distill epoch : 1, acc 0.747
[2024-01-14 21:09:32] [INFO] | distill epoch : 2, acc 0.747
[2024-01-14 21:09:33] [INFO] | distill epoch : 2, acc 0.747
[2024-01-14 21:09:34] [INFO] | distill epoch : 3, acc 0.747
[2024-01-14 21:09:36] [INFO] | distill epoch : 3, acc 0.747
[2024-01-14 21:09:37] [INFO] | distill epoch : 4, acc 0.747
[2024-01-14 21:09:38] [INFO] | distill epoch : 4, acc 0.747
[2024-01-14 21:09:38] [INFO]  ---client 5
[2024-01-14 21:09:39] [INFO] |  local epoch  : 0, acc 0.700
[2024-01-14 21:09:40] [INFO] |  local epoch  : 1, acc 0.753
[2024-01-14 21:09:41] [INFO] |  local epoch  : 2, acc 0.681
[2024-01-14 21:09:42] [INFO] |  local epoch  : 3, acc 0.732
[2024-01-14 21:09:43] [INFO] |  local epoch  : 4, acc 0.691
[2024-01-14 21:09:44] [INFO] | distill epoch : 0, acc 0.735
[2024-01-14 21:09:45] [INFO] | distill epoch : 0, acc 0.735
[2024-01-14 21:09:46] [INFO] | distill epoch : 1, acc 0.735
[2024-01-14 21:09:48] [INFO] | distill epoch : 1, acc 0.735
[2024-01-14 21:09:49] [INFO] | distill epoch : 2, acc 0.735
[2024-01-14 21:09:51] [INFO] | distill epoch : 2, acc 0.735
[2024-01-14 21:09:52] [INFO] | distill epoch : 3, acc 0.735
[2024-01-14 21:09:53] [INFO] | distill epoch : 3, acc 0.735
[2024-01-14 21:09:54] [INFO] | distill epoch : 4, acc 0.735
[2024-01-14 21:09:55] [INFO] | distill epoch : 4, acc 0.735
[2024-01-14 21:09:55] [INFO] |servers comunicated: 1, server aggregated: 1, acc_server 1: 0.763.
[2024-01-14 21:09:55] [INFO] --------------------------------------------------
[2024-01-14 21:09:55] [INFO]   |server: 2
[2024-01-14 21:09:55] [INFO]  ---client 6
[2024-01-14 21:09:57] [INFO] |  local epoch  : 0, acc 0.631
[2024-01-14 21:09:58] [INFO] |  local epoch  : 1, acc 0.685
[2024-01-14 21:09:59] [INFO] |  local epoch  : 2, acc 0.611
[2024-01-14 21:10:00] [INFO] |  local epoch  : 3, acc 0.676
[2024-01-14 21:10:01] [INFO] |  local epoch  : 4, acc 0.694
[2024-01-14 21:10:02] [INFO] | distill epoch : 0, acc 0.728
[2024-01-14 21:10:03] [INFO] | distill epoch : 0, acc 0.728
[2024-01-14 21:10:04] [INFO] | distill epoch : 0, acc 0.728
[2024-01-14 21:10:05] [INFO] | distill epoch : 1, acc 0.728
[2024-01-14 21:10:06] [INFO] | distill epoch : 1, acc 0.728
[2024-01-14 21:10:08] [INFO] | distill epoch : 1, acc 0.728
[2024-01-14 21:10:09] [INFO] | distill epoch : 2, acc 0.728
[2024-01-14 21:10:10] [INFO] | distill epoch : 2, acc 0.728
[2024-01-14 21:10:11] [INFO] | distill epoch : 2, acc 0.728
[2024-01-14 21:10:12] [INFO] | distill epoch : 3, acc 0.728
[2024-01-14 21:10:13] [INFO] | distill epoch : 3, acc 0.728
[2024-01-14 21:10:14] [INFO] | distill epoch : 3, acc 0.728
[2024-01-14 21:10:15] [INFO] | distill epoch : 4, acc 0.728
[2024-01-14 21:10:16] [INFO] | distill epoch : 4, acc 0.728
[2024-01-14 21:10:17] [INFO] | distill epoch : 4, acc 0.728
[2024-01-14 21:10:17] [INFO]  ---client 7
[2024-01-14 21:10:19] [INFO] |  local epoch  : 0, acc 0.681
[2024-01-14 21:10:20] [INFO] |  local epoch  : 1, acc 0.664
[2024-01-14 21:10:21] [INFO] |  local epoch  : 2, acc 0.670
[2024-01-14 21:10:22] [INFO] |  local epoch  : 3, acc 0.665
[2024-01-14 21:10:23] [INFO] |  local epoch  : 4, acc 0.671
[2024-01-14 21:10:24] [INFO] | distill epoch : 0, acc 0.715
[2024-01-14 21:10:25] [INFO] | distill epoch : 0, acc 0.715
[2024-01-14 21:10:26] [INFO] | distill epoch : 0, acc 0.715
[2024-01-14 21:10:27] [INFO] | distill epoch : 1, acc 0.715
[2024-01-14 21:10:29] [INFO] | distill epoch : 1, acc 0.715
[2024-01-14 21:10:30] [INFO] | distill epoch : 1, acc 0.715
[2024-01-14 21:10:31] [INFO] | distill epoch : 2, acc 0.715
[2024-01-14 21:10:32] [INFO] | distill epoch : 2, acc 0.715
[2024-01-14 21:10:33] [INFO] | distill epoch : 2, acc 0.715
[2024-01-14 21:10:34] [INFO] | distill epoch : 3, acc 0.715
[2024-01-14 21:10:35] [INFO] | distill epoch : 3, acc 0.715
[2024-01-14 21:10:36] [INFO] | distill epoch : 3, acc 0.715
[2024-01-14 21:10:37] [INFO] | distill epoch : 4, acc 0.715
[2024-01-14 21:10:39] [INFO] | distill epoch : 4, acc 0.715
[2024-01-14 21:10:40] [INFO] | distill epoch : 4, acc 0.715
[2024-01-14 21:10:40] [INFO]  ---client 8
[2024-01-14 21:10:41] [INFO] |  local epoch  : 0, acc 0.633
[2024-01-14 21:10:42] [INFO] |  local epoch  : 1, acc 0.683
[2024-01-14 21:10:43] [INFO] |  local epoch  : 2, acc 0.633
[2024-01-14 21:10:44] [INFO] |  local epoch  : 3, acc 0.682
[2024-01-14 21:10:45] [INFO] |  local epoch  : 4, acc 0.678
[2024-01-14 21:10:47] [INFO] | distill epoch : 0, acc 0.717
[2024-01-14 21:10:48] [INFO] | distill epoch : 0, acc 0.716
[2024-01-14 21:10:49] [INFO] | distill epoch : 0, acc 0.716
[2024-01-14 21:10:50] [INFO] | distill epoch : 1, acc 0.717
[2024-01-14 21:10:51] [INFO] | distill epoch : 1, acc 0.716
[2024-01-14 21:10:52] [INFO] | distill epoch : 1, acc 0.716
[2024-01-14 21:10:53] [INFO] | distill epoch : 2, acc 0.717
[2024-01-14 21:10:54] [INFO] | distill epoch : 2, acc 0.716
[2024-01-14 21:10:55] [INFO] | distill epoch : 2, acc 0.716
[2024-01-14 21:10:56] [INFO] | distill epoch : 3, acc 0.717
[2024-01-14 21:10:58] [INFO] | distill epoch : 3, acc 0.716
[2024-01-14 21:10:59] [INFO] | distill epoch : 3, acc 0.716
[2024-01-14 21:11:00] [INFO] | distill epoch : 4, acc 0.717
[2024-01-14 21:11:01] [INFO] | distill epoch : 4, acc 0.716
[2024-01-14 21:11:02] [INFO] | distill epoch : 4, acc 0.716
[2024-01-14 21:11:02] [INFO] |servers comunicated: 1, server aggregated: 1, acc_server 2: 0.727.
[2024-01-14 21:11:02] [INFO] --------------------------------------------------
[2024-01-14 21:11:02] [INFO]  |epoch_client_commu: 2/5
[2024-01-14 21:11:02] [INFO]   |server: 0
[2024-01-14 21:11:02] [INFO]  ---client 0
[2024-01-14 21:11:04] [INFO] |  local epoch  : 0, acc 0.801
[2024-01-14 21:11:05] [INFO] |  local epoch  : 1, acc 0.795
[2024-01-14 21:11:06] [INFO] |  local epoch  : 2, acc 0.811
[2024-01-14 21:11:07] [INFO] |  local epoch  : 3, acc 0.800
[2024-01-14 21:11:08] [INFO] |  local epoch  : 4, acc 0.801
[2024-01-14 21:11:09] [INFO] | distill epoch : 0, acc 0.824
[2024-01-14 21:11:10] [INFO] | distill epoch : 1, acc 0.824
[2024-01-14 21:11:11] [INFO] | distill epoch : 2, acc 0.824
[2024-01-14 21:11:12] [INFO] | distill epoch : 3, acc 0.824
[2024-01-14 21:11:14] [INFO] | distill epoch : 4, acc 0.824
[2024-01-14 21:11:14] [INFO]  ---client 1
[2024-01-14 21:11:15] [INFO] |  local epoch  : 0, acc 0.778
[2024-01-14 21:11:16] [INFO] |  local epoch  : 1, acc 0.770
[2024-01-14 21:11:17] [INFO] |  local epoch  : 2, acc 0.784
[2024-01-14 21:11:18] [INFO] |  local epoch  : 3, acc 0.774
[2024-01-14 21:11:19] [INFO] |  local epoch  : 4, acc 0.808
[2024-01-14 21:11:20] [INFO] | distill epoch : 0, acc 0.826
[2024-01-14 21:11:21] [INFO] | distill epoch : 1, acc 0.826
[2024-01-14 21:11:22] [INFO] | distill epoch : 2, acc 0.826
[2024-01-14 21:11:23] [INFO] | distill epoch : 3, acc 0.826
[2024-01-14 21:11:25] [INFO] | distill epoch : 4, acc 0.826
[2024-01-14 21:11:25] [INFO]  ---client 2
[2024-01-14 21:11:26] [INFO] |  local epoch  : 0, acc 0.800
[2024-01-14 21:11:27] [INFO] |  local epoch  : 1, acc 0.787
[2024-01-14 21:11:28] [INFO] |  local epoch  : 2, acc 0.808
[2024-01-14 21:11:29] [INFO] |  local epoch  : 3, acc 0.793
[2024-01-14 21:11:30] [INFO] |  local epoch  : 4, acc 0.790
[2024-01-14 21:11:31] [INFO] | distill epoch : 0, acc 0.814
[2024-01-14 21:11:32] [INFO] | distill epoch : 1, acc 0.814
[2024-01-14 21:11:33] [INFO] | distill epoch : 2, acc 0.814
[2024-01-14 21:11:34] [INFO] | distill epoch : 3, acc 0.814
[2024-01-14 21:11:35] [INFO] | distill epoch : 4, acc 0.814
[2024-01-14 21:11:36] [INFO] |servers comunicated: 1, server aggregated: 2, acc_server 0: 0.828.
[2024-01-14 21:11:36] [INFO] --------------------------------------------------
[2024-01-14 21:11:36] [INFO]   |server: 1
[2024-01-14 21:11:36] [INFO]  ---client 3
[2024-01-14 21:11:37] [INFO] |  local epoch  : 0, acc 0.760
[2024-01-14 21:11:38] [INFO] |  local epoch  : 1, acc 0.769
[2024-01-14 21:11:39] [INFO] |  local epoch  : 2, acc 0.754
[2024-01-14 21:11:40] [INFO] |  local epoch  : 3, acc 0.777
[2024-01-14 21:11:42] [INFO] |  local epoch  : 4, acc 0.733
[2024-01-14 21:11:43] [INFO] | distill epoch : 0, acc 0.769
[2024-01-14 21:11:44] [INFO] | distill epoch : 0, acc 0.769
[2024-01-14 21:11:45] [INFO] | distill epoch : 1, acc 0.769
[2024-01-14 21:11:46] [INFO] | distill epoch : 1, acc 0.769
[2024-01-14 21:11:47] [INFO] | distill epoch : 2, acc 0.769
[2024-01-14 21:11:48] [INFO] | distill epoch : 2, acc 0.769
[2024-01-14 21:11:49] [INFO] | distill epoch : 3, acc 0.769
[2024-01-14 21:11:50] [INFO] | distill epoch : 3, acc 0.769
[2024-01-14 21:11:52] [INFO] | distill epoch : 4, acc 0.769
[2024-01-14 21:11:53] [INFO] | distill epoch : 4, acc 0.769
[2024-01-14 21:11:53] [INFO]  ---client 4
[2024-01-14 21:11:54] [INFO] |  local epoch  : 0, acc 0.728
[2024-01-14 21:11:55] [INFO] |  local epoch  : 1, acc 0.716
[2024-01-14 21:11:56] [INFO] |  local epoch  : 2, acc 0.753
[2024-01-14 21:11:57] [INFO] |  local epoch  : 3, acc 0.745
[2024-01-14 21:11:58] [INFO] |  local epoch  : 4, acc 0.736
[2024-01-14 21:11:59] [INFO] | distill epoch : 0, acc 0.769
[2024-01-14 21:12:01] [INFO] | distill epoch : 0, acc 0.769
[2024-01-14 21:12:02] [INFO] | distill epoch : 1, acc 0.769
[2024-01-14 21:12:03] [INFO] | distill epoch : 1, acc 0.769
[2024-01-14 21:12:04] [INFO] | distill epoch : 2, acc 0.769
[2024-01-14 21:12:05] [INFO] | distill epoch : 2, acc 0.769
[2024-01-14 21:12:06] [INFO] | distill epoch : 3, acc 0.769
[2024-01-14 21:12:07] [INFO] | distill epoch : 3, acc 0.769
[2024-01-14 21:12:08] [INFO] | distill epoch : 4, acc 0.769
[2024-01-14 21:12:09] [INFO] | distill epoch : 4, acc 0.769
[2024-01-14 21:12:09] [INFO]  ---client 5
[2024-01-14 21:12:11] [INFO] |  local epoch  : 0, acc 0.726
[2024-01-14 21:12:12] [INFO] |  local epoch  : 1, acc 0.771
[2024-01-14 21:12:13] [INFO] |  local epoch  : 2, acc 0.739
[2024-01-14 21:12:14] [INFO] |  local epoch  : 3, acc 0.755
[2024-01-14 21:12:15] [INFO] |  local epoch  : 4, acc 0.719
[2024-01-14 21:12:16] [INFO] | distill epoch : 0, acc 0.759
[2024-01-14 21:12:17] [INFO] | distill epoch : 0, acc 0.761
[2024-01-14 21:12:18] [INFO] | distill epoch : 1, acc 0.759
[2024-01-14 21:12:20] [INFO] | distill epoch : 1, acc 0.761
[2024-01-14 21:12:21] [INFO] | distill epoch : 2, acc 0.759
[2024-01-14 21:12:22] [INFO] | distill epoch : 2, acc 0.761
[2024-01-14 21:12:23] [INFO] | distill epoch : 3, acc 0.759
[2024-01-14 21:12:24] [INFO] | distill epoch : 3, acc 0.761
[2024-01-14 21:12:25] [INFO] | distill epoch : 4, acc 0.759
[2024-01-14 21:12:26] [INFO] | distill epoch : 4, acc 0.761
[2024-01-14 21:12:27] [INFO] |servers comunicated: 1, server aggregated: 2, acc_server 1: 0.771.
[2024-01-14 21:12:27] [INFO] --------------------------------------------------
[2024-01-14 21:12:27] [INFO]   |server: 2
[2024-01-14 21:12:27] [INFO]  ---client 6
[2024-01-14 21:12:28] [INFO] |  local epoch  : 0, acc 0.653
[2024-01-14 21:12:29] [INFO] |  local epoch  : 1, acc 0.685
[2024-01-14 21:12:30] [INFO] |  local epoch  : 2, acc 0.708
[2024-01-14 21:12:31] [INFO] |  local epoch  : 3, acc 0.706
[2024-01-14 21:12:32] [INFO] |  local epoch  : 4, acc 0.700
[2024-01-14 21:12:34] [INFO] | distill epoch : 0, acc 0.739
[2024-01-14 21:12:35] [INFO] | distill epoch : 0, acc 0.738
[2024-01-14 21:12:36] [INFO] | distill epoch : 0, acc 0.738
[2024-01-14 21:12:37] [INFO] | distill epoch : 1, acc 0.739
[2024-01-14 21:12:38] [INFO] | distill epoch : 1, acc 0.738
[2024-01-14 21:12:39] [INFO] | distill epoch : 1, acc 0.738
[2024-01-14 21:12:40] [INFO] | distill epoch : 2, acc 0.739
[2024-01-14 21:12:41] [INFO] | distill epoch : 2, acc 0.738
[2024-01-14 21:12:42] [INFO] | distill epoch : 2, acc 0.738
[2024-01-14 21:12:44] [INFO] | distill epoch : 3, acc 0.739
[2024-01-14 21:12:45] [INFO] | distill epoch : 3, acc 0.738
[2024-01-14 21:12:46] [INFO] | distill epoch : 3, acc 0.738
[2024-01-14 21:12:47] [INFO] | distill epoch : 4, acc 0.739
[2024-01-14 21:12:48] [INFO] | distill epoch : 4, acc 0.738
[2024-01-14 21:12:49] [INFO] | distill epoch : 4, acc 0.738
[2024-01-14 21:12:49] [INFO]  ---client 7
[2024-01-14 21:12:50] [INFO] |  local epoch  : 0, acc 0.676
[2024-01-14 21:12:51] [INFO] |  local epoch  : 1, acc 0.670
[2024-01-14 21:12:52] [INFO] |  local epoch  : 2, acc 0.660
[2024-01-14 21:12:54] [INFO] |  local epoch  : 3, acc 0.733
[2024-01-14 21:12:55] [INFO] |  local epoch  : 4, acc 0.698
[2024-01-14 21:12:56] [INFO] | distill epoch : 0, acc 0.739
[2024-01-14 21:12:57] [INFO] | distill epoch : 0, acc 0.739
[2024-01-14 21:12:58] [INFO] | distill epoch : 0, acc 0.739
[2024-01-14 21:12:59] [INFO] | distill epoch : 1, acc 0.739
[2024-01-14 21:13:00] [INFO] | distill epoch : 1, acc 0.739
[2024-01-14 21:13:01] [INFO] | distill epoch : 1, acc 0.739
[2024-01-14 21:13:03] [INFO] | distill epoch : 2, acc 0.739
[2024-01-14 21:13:04] [INFO] | distill epoch : 2, acc 0.739
[2024-01-14 21:13:05] [INFO] | distill epoch : 2, acc 0.739
[2024-01-14 21:13:06] [INFO] | distill epoch : 3, acc 0.739
[2024-01-14 21:13:07] [INFO] | distill epoch : 3, acc 0.739
[2024-01-14 21:13:08] [INFO] | distill epoch : 3, acc 0.739
[2024-01-14 21:13:09] [INFO] | distill epoch : 4, acc 0.739
[2024-01-14 21:13:10] [INFO] | distill epoch : 4, acc 0.739
[2024-01-14 21:13:11] [INFO] | distill epoch : 4, acc 0.739
[2024-01-14 21:13:11] [INFO]  ---client 8
[2024-01-14 21:13:12] [INFO] |  local epoch  : 0, acc 0.675
[2024-01-14 21:13:13] [INFO] |  local epoch  : 1, acc 0.679
[2024-01-14 21:13:15] [INFO] |  local epoch  : 2, acc 0.683
[2024-01-14 21:13:16] [INFO] |  local epoch  : 3, acc 0.651
[2024-01-14 21:13:17] [INFO] |  local epoch  : 4, acc 0.684
[2024-01-14 21:13:18] [INFO] | distill epoch : 0, acc 0.725
[2024-01-14 21:13:19] [INFO] | distill epoch : 0, acc 0.725
[2024-01-14 21:13:20] [INFO] | distill epoch : 0, acc 0.725
[2024-01-14 21:13:21] [INFO] | distill epoch : 1, acc 0.725
[2024-01-14 21:13:22] [INFO] | distill epoch : 1, acc 0.725
[2024-01-14 21:13:23] [INFO] | distill epoch : 1, acc 0.725
[2024-01-14 21:13:24] [INFO] | distill epoch : 2, acc 0.725
[2024-01-14 21:13:26] [INFO] | distill epoch : 2, acc 0.725
[2024-01-14 21:13:27] [INFO] | distill epoch : 2, acc 0.725
[2024-01-14 21:13:28] [INFO] | distill epoch : 3, acc 0.725
[2024-01-14 21:13:29] [INFO] | distill epoch : 3, acc 0.725
[2024-01-14 21:13:30] [INFO] | distill epoch : 3, acc 0.725
[2024-01-14 21:13:31] [INFO] | distill epoch : 4, acc 0.725
[2024-01-14 21:13:32] [INFO] | distill epoch : 4, acc 0.725
[2024-01-14 21:13:33] [INFO] | distill epoch : 4, acc 0.725
[2024-01-14 21:13:34] [INFO] |servers comunicated: 1, server aggregated: 2, acc_server 2: 0.738.
[2024-01-14 21:13:34] [INFO] --------------------------------------------------
[2024-01-14 21:13:34] [INFO]  |epoch_client_commu: 3/5
[2024-01-14 21:13:34] [INFO]   |server: 0
[2024-01-14 21:13:34] [INFO]  ---client 0
[2024-01-14 21:13:35] [INFO] |  local epoch  : 0, acc 0.816
[2024-01-14 21:13:36] [INFO] |  local epoch  : 1, acc 0.802
[2024-01-14 21:13:37] [INFO] |  local epoch  : 2, acc 0.821
[2024-01-14 21:13:38] [INFO] |  local epoch  : 3, acc 0.808
[2024-01-14 21:13:39] [INFO] |  local epoch  : 4, acc 0.814
[2024-01-14 21:13:40] [INFO] | distill epoch : 0, acc 0.834
[2024-01-14 21:13:42] [INFO] | distill epoch : 1, acc 0.834
[2024-01-14 21:13:43] [INFO] | distill epoch : 2, acc 0.834
[2024-01-14 21:13:44] [INFO] | distill epoch : 3, acc 0.834
[2024-01-14 21:13:45] [INFO] | distill epoch : 4, acc 0.834
[2024-01-14 21:13:45] [INFO]  ---client 1
[2024-01-14 21:13:46] [INFO] |  local epoch  : 0, acc 0.782
[2024-01-14 21:13:47] [INFO] |  local epoch  : 1, acc 0.805
[2024-01-14 21:13:48] [INFO] |  local epoch  : 2, acc 0.787
[2024-01-14 21:13:49] [INFO] |  local epoch  : 3, acc 0.810
[2024-01-14 21:13:50] [INFO] |  local epoch  : 4, acc 0.782
[2024-01-14 21:13:51] [INFO] | distill epoch : 0, acc 0.811
[2024-01-14 21:13:53] [INFO] | distill epoch : 1, acc 0.811
[2024-01-14 21:13:54] [INFO] | distill epoch : 2, acc 0.811
[2024-01-14 21:13:55] [INFO] | distill epoch : 3, acc 0.811
[2024-01-14 21:13:56] [INFO] | distill epoch : 4, acc 0.811
[2024-01-14 21:13:56] [INFO]  ---client 2
[2024-01-14 21:13:57] [INFO] |  local epoch  : 0, acc 0.801
[2024-01-14 21:13:58] [INFO] |  local epoch  : 1, acc 0.807
[2024-01-14 21:13:59] [INFO] |  local epoch  : 2, acc 0.821
[2024-01-14 21:14:01] [INFO] |  local epoch  : 3, acc 0.811
[2024-01-14 21:14:02] [INFO] |  local epoch  : 4, acc 0.795
