[2024-01-15 22:03:50] [INFO] device cuda is used.
[2024-01-15 22:03:50] [INFO] cudnn is actived.
[2024-01-15 22:03:50] [INFO] 
      alpha      :  0.2  
        T        :   2   
    algorithm    :   1   
num_server_commu :  50   
num_client_commu :   5   
num_client_train :   5   
num_public_train :   5   
   batch_size    :  160  
     dataset     : mnist 
  model_select   :   1   
 num_all_client  :   9   
 num_all_server  :   3   
 num_client_data : 1200  
 num_public_data :  50   
   proportion    :  0.8  
   num_workers   :   8   
[2024-01-15 22:03:54] [INFO] --------------------------------------------------
[2024-01-15 22:03:54] [INFO] |epoch_server_commu: 0/50
[2024-01-15 22:03:54] [INFO]  |epoch_client_commu: 0/5
[2024-01-15 22:03:54] [INFO]   |server: 0
[2024-01-15 22:03:54] [INFO]  ---client 0
[2024-01-15 22:03:57] [INFO] |  local epoch  : 0, acc 0.212
[2024-01-15 22:03:58] [INFO] |  local epoch  : 1, acc 0.276
[2024-01-15 22:03:59] [INFO] |  local epoch  : 2, acc 0.266
[2024-01-15 22:04:00] [INFO] |  local epoch  : 3, acc 0.276
[2024-01-15 22:04:01] [INFO] |  local epoch  : 4, acc 0.296
[2024-01-15 22:04:01] [INFO]  ---client 1
[2024-01-15 22:04:03] [INFO] |  local epoch  : 0, acc 0.204
[2024-01-15 22:04:05] [INFO] |  local epoch  : 1, acc 0.205
[2024-01-15 22:04:07] [INFO] |  local epoch  : 2, acc 0.266
[2024-01-15 22:04:10] [INFO] |  local epoch  : 3, acc 0.299
[2024-01-15 22:04:13] [INFO] |  local epoch  : 4, acc 0.282
[2024-01-15 22:04:13] [INFO]  ---client 2
[2024-01-15 22:04:15] [INFO] |  local epoch  : 0, acc 0.210
[2024-01-15 22:04:18] [INFO] |  local epoch  : 1, acc 0.210
[2024-01-15 22:04:21] [INFO] |  local epoch  : 2, acc 0.212
[2024-01-15 22:04:24] [INFO] |  local epoch  : 3, acc 0.292
[2024-01-15 22:04:28] [INFO] |  local epoch  : 4, acc 0.277
[2024-01-15 22:04:29] [INFO] |servers comunicated: 0, server aggregated: 0, acc_server 0: 0.295.
[2024-01-15 22:04:29] [INFO] --------------------------------------------------
[2024-01-15 22:04:29] [INFO]   |server: 1
[2024-01-15 22:04:30] [INFO]  ---client 3
[2024-01-15 22:04:33] [INFO] |  local epoch  : 0, acc 0.089
[2024-01-15 22:04:37] [INFO] |  local epoch  : 1, acc 0.089
[2024-01-15 22:04:40] [INFO] |  local epoch  : 2, acc 0.089
[2024-01-15 22:04:45] [INFO] |  local epoch  : 3, acc 0.122
[2024-01-15 22:04:50] [INFO] |  local epoch  : 4, acc 0.254
[2024-01-15 22:04:50] [INFO]  ---client 4
[2024-01-15 22:04:56] [INFO] |  local epoch  : 0, acc 0.089
[2024-01-15 22:05:01] [INFO] |  local epoch  : 1, acc 0.089
[2024-01-15 22:05:07] [INFO] |  local epoch  : 2, acc 0.089
[2024-01-15 22:05:13] [INFO] |  local epoch  : 3, acc 0.172
[2024-01-15 22:05:19] [INFO] |  local epoch  : 4, acc 0.249
[2024-01-15 22:05:19] [INFO]  ---client 5
[2024-01-15 22:05:25] [INFO] |  local epoch  : 0, acc 0.089
[2024-01-15 22:05:32] [INFO] |  local epoch  : 1, acc 0.089
[2024-01-15 22:05:38] [INFO] |  local epoch  : 2, acc 0.089
[2024-01-15 22:05:44] [INFO] |  local epoch  : 3, acc 0.181
[2024-01-15 22:05:51] [INFO] |  local epoch  : 4, acc 0.152
[2024-01-15 22:05:54] [INFO] |servers comunicated: 0, server aggregated: 0, acc_server 1: 0.247.
[2024-01-15 22:05:54] [INFO] --------------------------------------------------
[2024-01-15 22:05:54] [INFO]   |server: 2
[2024-01-15 22:05:54] [INFO]  ---client 6
[2024-01-15 22:06:02] [INFO] |  local epoch  : 0, acc 0.097
[2024-01-15 22:06:10] [INFO] |  local epoch  : 1, acc 0.097
[2024-01-15 22:06:19] [INFO] |  local epoch  : 2, acc 0.097
[2024-01-15 22:06:29] [INFO] |  local epoch  : 3, acc 0.173
[2024-01-15 22:06:39] [INFO] |  local epoch  : 4, acc 0.178
[2024-01-15 22:06:39] [INFO]  ---client 7
[2024-01-15 22:06:49] [INFO] |  local epoch  : 0, acc 0.155
[2024-01-15 22:07:00] [INFO] |  local epoch  : 1, acc 0.097
[2024-01-15 22:07:10] [INFO] |  local epoch  : 2, acc 0.097
[2024-01-15 22:07:20] [INFO] |  local epoch  : 3, acc 0.224
[2024-01-15 22:07:31] [INFO] |  local epoch  : 4, acc 0.108
[2024-01-15 22:07:31] [INFO]  ---client 8
[2024-01-15 22:07:41] [INFO] |  local epoch  : 0, acc 0.201
[2024-01-15 22:07:51] [INFO] |  local epoch  : 1, acc 0.097
[2024-01-15 22:08:02] [INFO] |  local epoch  : 2, acc 0.097
[2024-01-15 22:08:13] [INFO] |  local epoch  : 3, acc 0.323
[2024-01-15 22:08:26] [INFO] |  local epoch  : 4, acc 0.154
[2024-01-15 22:08:32] [INFO] |servers comunicated: 0, server aggregated: 0, acc_server 2: 0.229.
[2024-01-15 22:08:32] [INFO] --------------------------------------------------
[2024-01-15 22:08:32] [INFO]  |epoch_client_commu: 1/5
[2024-01-15 22:08:32] [INFO]   |server: 0
[2024-01-15 22:08:32] [INFO]  ---client 0
[2024-01-15 22:08:47] [INFO] |  local epoch  : 0, acc 0.295
[2024-01-15 22:09:00] [INFO] |  local epoch  : 1, acc 0.296
[2024-01-15 22:09:14] [INFO] |  local epoch  : 2, acc 0.297
[2024-01-15 22:09:27] [INFO] |  local epoch  : 3, acc 0.298
[2024-01-15 22:09:41] [INFO] |  local epoch  : 4, acc 0.301
[2024-01-15 22:09:41] [INFO]  ---client 1
[2024-01-15 22:09:53] [INFO] |  local epoch  : 0, acc 0.275
[2024-01-15 22:10:07] [INFO] |  local epoch  : 1, acc 0.295
[2024-01-15 22:10:20] [INFO] |  local epoch  : 2, acc 0.291
[2024-01-15 22:10:33] [INFO] |  local epoch  : 3, acc 0.292
[2024-01-15 22:10:45] [INFO] |  local epoch  : 4, acc 0.300
[2024-01-15 22:10:45] [INFO]  ---client 2
[2024-01-15 22:10:59] [INFO] |  local epoch  : 0, acc 0.283
[2024-01-15 22:11:12] [INFO] |  local epoch  : 1, acc 0.292
[2024-01-15 22:11:25] [INFO] |  local epoch  : 2, acc 0.296
[2024-01-15 22:11:39] [INFO] |  local epoch  : 3, acc 0.298
[2024-01-15 22:11:51] [INFO] |  local epoch  : 4, acc 0.303
[2024-01-15 22:11:57] [INFO] |servers comunicated: 0, server aggregated: 1, acc_server 0: 0.303.
[2024-01-15 22:11:57] [INFO] --------------------------------------------------
[2024-01-15 22:11:57] [INFO]   |server: 1
[2024-01-15 22:11:57] [INFO]  ---client 3
[2024-01-15 22:12:11] [INFO] |  local epoch  : 0, acc 0.178
[2024-01-15 22:12:25] [INFO] |  local epoch  : 1, acc 0.252
[2024-01-15 22:12:38] [INFO] |  local epoch  : 2, acc 0.256
[2024-01-15 22:12:52] [INFO] |  local epoch  : 3, acc 0.261
[2024-01-15 22:13:04] [INFO] |  local epoch  : 4, acc 0.251
[2024-01-15 22:13:04] [INFO]  ---client 4
[2024-01-15 22:13:17] [INFO] |  local epoch  : 0, acc 0.180
[2024-01-15 22:13:31] [INFO] |  local epoch  : 1, acc 0.223
[2024-01-15 22:13:44] [INFO] |  local epoch  : 2, acc 0.247
[2024-01-15 22:13:58] [INFO] |  local epoch  : 3, acc 0.256
[2024-01-15 22:14:10] [INFO] |  local epoch  : 4, acc 0.258
[2024-01-15 22:14:10] [INFO]  ---client 5
[2024-01-15 22:14:24] [INFO] |  local epoch  : 0, acc 0.201
[2024-01-15 22:14:37] [INFO] |  local epoch  : 1, acc 0.241
[2024-01-15 22:14:50] [INFO] |  local epoch  : 2, acc 0.255
[2024-01-15 22:15:03] [INFO] |  local epoch  : 3, acc 0.244
[2024-01-15 22:15:16] [INFO] |  local epoch  : 4, acc 0.260
[2024-01-15 22:15:21] [INFO] |servers comunicated: 0, server aggregated: 1, acc_server 1: 0.258.
[2024-01-15 22:15:21] [INFO] --------------------------------------------------
[2024-01-15 22:15:21] [INFO]   |server: 2
[2024-01-15 22:15:21] [INFO]  ---client 6
[2024-01-15 22:15:39] [INFO] |  local epoch  : 0, acc 0.232
