[2024-01-15 22:03:57] [INFO] device cuda is used.
[2024-01-15 22:03:57] [INFO] cudnn is actived.
[2024-01-15 22:03:57] [INFO] 
      alpha      :  0.2  
        T        :   4   
    algorithm    :   1   
num_server_commu :  50   
num_client_commu :   5   
num_client_train :   5   
num_public_train :   5   
   batch_size    :  160  
     dataset     : mnist 
  model_select   :   1   
 num_all_client  :   9   
 num_all_server  :   3   
 num_client_data : 1200  
 num_public_data :  50   
   proportion    :  0.8  
   num_workers   :   8   
[2024-01-15 22:04:06] [INFO] --------------------------------------------------
[2024-01-15 22:04:06] [INFO] |epoch_server_commu: 0/50
[2024-01-15 22:04:06] [INFO]  |epoch_client_commu: 0/5
[2024-01-15 22:04:06] [INFO]   |server: 0
[2024-01-15 22:04:06] [INFO]  ---client 0
[2024-01-15 22:04:12] [INFO] |  local epoch  : 0, acc 0.209
[2024-01-15 22:04:14] [INFO] |  local epoch  : 1, acc 0.186
[2024-01-15 22:04:17] [INFO] |  local epoch  : 2, acc 0.201
[2024-01-15 22:04:20] [INFO] |  local epoch  : 3, acc 0.277
[2024-01-15 22:04:23] [INFO] |  local epoch  : 4, acc 0.295
[2024-01-15 22:04:23] [INFO]  ---client 1
[2024-01-15 22:04:28] [INFO] |  local epoch  : 0, acc 0.205
[2024-01-15 22:04:31] [INFO] |  local epoch  : 1, acc 0.098
[2024-01-15 22:04:35] [INFO] |  local epoch  : 2, acc 0.142
[2024-01-15 22:04:39] [INFO] |  local epoch  : 3, acc 0.278
[2024-01-15 22:04:44] [INFO] |  local epoch  : 4, acc 0.304
[2024-01-15 22:04:44] [INFO]  ---client 2
[2024-01-15 22:04:50] [INFO] |  local epoch  : 0, acc 0.209
[2024-01-15 22:04:56] [INFO] |  local epoch  : 1, acc 0.207
[2024-01-15 22:05:02] [INFO] |  local epoch  : 2, acc 0.266
[2024-01-15 22:05:07] [INFO] |  local epoch  : 3, acc 0.223
[2024-01-15 22:05:14] [INFO] |  local epoch  : 4, acc 0.284
[2024-01-15 22:05:16] [INFO] |servers comunicated: 0, server aggregated: 0, acc_server 0: 0.304.
[2024-01-15 22:05:16] [INFO] --------------------------------------------------
[2024-01-15 22:05:16] [INFO]   |server: 1
[2024-01-15 22:05:16] [INFO]  ---client 3
[2024-01-15 22:05:24] [INFO] |  local epoch  : 0, acc 0.089
[2024-01-15 22:05:30] [INFO] |  local epoch  : 1, acc 0.089
[2024-01-15 22:05:37] [INFO] |  local epoch  : 2, acc 0.096
[2024-01-15 22:05:43] [INFO] |  local epoch  : 3, acc 0.197
[2024-01-15 22:05:50] [INFO] |  local epoch  : 4, acc 0.240
[2024-01-15 22:05:50] [INFO]  ---client 4
[2024-01-15 22:05:58] [INFO] |  local epoch  : 0, acc 0.089
[2024-01-15 22:06:06] [INFO] |  local epoch  : 1, acc 0.089
[2024-01-15 22:06:16] [INFO] |  local epoch  : 2, acc 0.092
[2024-01-15 22:06:26] [INFO] |  local epoch  : 3, acc 0.246
[2024-01-15 22:06:37] [INFO] |  local epoch  : 4, acc 0.238
[2024-01-15 22:06:37] [INFO]  ---client 5
[2024-01-15 22:06:48] [INFO] |  local epoch  : 0, acc 0.089
[2024-01-15 22:06:59] [INFO] |  local epoch  : 1, acc 0.089
[2024-01-15 22:07:09] [INFO] |  local epoch  : 2, acc 0.184
[2024-01-15 22:07:20] [INFO] |  local epoch  : 3, acc 0.197
[2024-01-15 22:07:31] [INFO] |  local epoch  : 4, acc 0.232
[2024-01-15 22:07:35] [INFO] |servers comunicated: 0, server aggregated: 0, acc_server 1: 0.245.
[2024-01-15 22:07:35] [INFO] --------------------------------------------------
[2024-01-15 22:07:35] [INFO]   |server: 2
[2024-01-15 22:07:36] [INFO]  ---client 6
[2024-01-15 22:07:47] [INFO] |  local epoch  : 0, acc 0.100
[2024-01-15 22:07:57] [INFO] |  local epoch  : 1, acc 0.204
[2024-01-15 22:08:09] [INFO] |  local epoch  : 2, acc 0.167
[2024-01-15 22:08:22] [INFO] |  local epoch  : 3, acc 0.130
