[2024-01-15 22:04:05] [INFO] device cuda is used.
[2024-01-15 22:04:05] [INFO] cudnn is actived.
[2024-01-15 22:04:05] [INFO] 
      alpha      :  0.2  
        T        :   6   
    algorithm    :   1   
num_server_commu :  50   
num_client_commu :   5   
num_client_train :   5   
num_public_train :   5   
   batch_size    :  160  
     dataset     : mnist 
  model_select   :   1   
 num_all_client  :   9   
 num_all_server  :   3   
 num_client_data : 1200  
 num_public_data :  50   
   proportion    :  0.8  
   num_workers   :   8   
[2024-01-15 22:04:24] [INFO] --------------------------------------------------
[2024-01-15 22:04:24] [INFO] |epoch_server_commu: 0/50
[2024-01-15 22:04:24] [INFO]  |epoch_client_commu: 0/5
[2024-01-15 22:04:24] [INFO]   |server: 0
[2024-01-15 22:04:24] [INFO]  ---client 0
[2024-01-15 22:04:32] [INFO] |  local epoch  : 0, acc 0.115
[2024-01-15 22:04:35] [INFO] |  local epoch  : 1, acc 0.296
[2024-01-15 22:04:39] [INFO] |  local epoch  : 2, acc 0.301
[2024-01-15 22:04:43] [INFO] |  local epoch  : 3, acc 0.296
[2024-01-15 22:04:49] [INFO] |  local epoch  : 4, acc 0.303
[2024-01-15 22:04:49] [INFO]  ---client 1
[2024-01-15 22:04:55] [INFO] |  local epoch  : 0, acc 0.143
[2024-01-15 22:05:01] [INFO] |  local epoch  : 1, acc 0.289
[2024-01-15 22:05:06] [INFO] |  local epoch  : 2, acc 0.255
[2024-01-15 22:05:13] [INFO] |  local epoch  : 3, acc 0.260
[2024-01-15 22:05:19] [INFO] |  local epoch  : 4, acc 0.302
[2024-01-15 22:05:19] [INFO]  ---client 2
[2024-01-15 22:05:26] [INFO] |  local epoch  : 0, acc 0.104
[2024-01-15 22:05:32] [INFO] |  local epoch  : 1, acc 0.272
[2024-01-15 22:05:38] [INFO] |  local epoch  : 2, acc 0.300
[2024-01-15 22:05:44] [INFO] |  local epoch  : 3, acc 0.300
[2024-01-15 22:05:51] [INFO] |  local epoch  : 4, acc 0.299
[2024-01-15 22:05:54] [INFO] |servers comunicated: 0, server aggregated: 0, acc_server 0: 0.302.
[2024-01-15 22:05:54] [INFO] --------------------------------------------------
[2024-01-15 22:05:54] [INFO]   |server: 1
[2024-01-15 22:05:54] [INFO]  ---client 3
[2024-01-15 22:06:02] [INFO] |  local epoch  : 0, acc 0.162
[2024-01-15 22:06:11] [INFO] |  local epoch  : 1, acc 0.126
[2024-01-15 22:06:20] [INFO] |  local epoch  : 2, acc 0.113
[2024-01-15 22:06:31] [INFO] |  local epoch  : 3, acc 0.175
[2024-01-15 22:06:41] [INFO] |  local epoch  : 4, acc 0.250
[2024-01-15 22:06:41] [INFO]  ---client 4
[2024-01-15 22:06:52] [INFO] |  local epoch  : 0, acc 0.155
[2024-01-15 22:07:03] [INFO] |  local epoch  : 1, acc 0.148
[2024-01-15 22:07:13] [INFO] |  local epoch  : 2, acc 0.143
[2024-01-15 22:07:24] [INFO] |  local epoch  : 3, acc 0.230
[2024-01-15 22:07:35] [INFO] |  local epoch  : 4, acc 0.212
[2024-01-15 22:07:35] [INFO]  ---client 5
[2024-01-15 22:07:45] [INFO] |  local epoch  : 0, acc 0.135
[2024-01-15 22:07:56] [INFO] |  local epoch  : 1, acc 0.105
[2024-01-15 22:08:06] [INFO] |  local epoch  : 2, acc 0.097
[2024-01-15 22:08:19] [INFO] |  local epoch  : 3, acc 0.175
[2024-01-15 22:08:32] [INFO] |  local epoch  : 4, acc 0.228
[2024-01-15 22:08:38] [INFO] |servers comunicated: 0, server aggregated: 0, acc_server 1: 0.243.
[2024-01-15 22:08:38] [INFO] --------------------------------------------------
[2024-01-15 22:08:38] [INFO]   |server: 2
[2024-01-15 22:08:39] [INFO]  ---client 6
[2024-01-15 22:08:53] [INFO] |  local epoch  : 0, acc 0.134
[2024-01-15 22:09:06] [INFO] |  local epoch  : 1, acc 0.101
[2024-01-15 22:09:20] [INFO] |  local epoch  : 2, acc 0.102
[2024-01-15 22:09:33] [INFO] |  local epoch  : 3, acc 0.321
[2024-01-15 22:09:47] [INFO] |  local epoch  : 4, acc 0.321
[2024-01-15 22:09:47] [INFO]  ---client 7
[2024-01-15 22:10:00] [INFO] |  local epoch  : 0, acc 0.120
[2024-01-15 22:10:13] [INFO] |  local epoch  : 1, acc 0.104
[2024-01-15 22:10:27] [INFO] |  local epoch  : 2, acc 0.107
[2024-01-15 22:10:40] [INFO] |  local epoch  : 3, acc 0.324
[2024-01-15 22:10:53] [INFO] |  local epoch  : 4, acc 0.332
[2024-01-15 22:10:53] [INFO]  ---client 8
[2024-01-15 22:11:07] [INFO] |  local epoch  : 0, acc 0.104
[2024-01-15 22:11:21] [INFO] |  local epoch  : 1, acc 0.153
[2024-01-15 22:11:35] [INFO] |  local epoch  : 2, acc 0.183
[2024-01-15 22:11:49] [INFO] |  local epoch  : 3, acc 0.297
[2024-01-15 22:12:02] [INFO] |  local epoch  : 4, acc 0.295
[2024-01-15 22:12:07] [INFO] |servers comunicated: 0, server aggregated: 0, acc_server 2: 0.328.
[2024-01-15 22:12:07] [INFO] --------------------------------------------------
[2024-01-15 22:12:07] [INFO]  |epoch_client_commu: 1/5
[2024-01-15 22:12:07] [INFO]   |server: 0
[2024-01-15 22:12:07] [INFO]  ---client 0
[2024-01-15 22:12:21] [INFO] |  local epoch  : 0, acc 0.300
[2024-01-15 22:12:35] [INFO] |  local epoch  : 1, acc 0.304
[2024-01-15 22:12:48] [INFO] |  local epoch  : 2, acc 0.306
[2024-01-15 22:13:01] [INFO] |  local epoch  : 3, acc 0.306
[2024-01-15 22:13:15] [INFO] |  local epoch  : 4, acc 0.304
[2024-01-15 22:13:15] [INFO]  ---client 1
[2024-01-15 22:13:29] [INFO] |  local epoch  : 0, acc 0.300
[2024-01-15 22:13:42] [INFO] |  local epoch  : 1, acc 0.302
[2024-01-15 22:13:55] [INFO] |  local epoch  : 2, acc 0.303
[2024-01-15 22:14:09] [INFO] |  local epoch  : 3, acc 0.305
[2024-01-15 22:14:22] [INFO] |  local epoch  : 4, acc 0.304
[2024-01-15 22:14:22] [INFO]  ---client 2
[2024-01-15 22:14:35] [INFO] |  local epoch  : 0, acc 0.292
[2024-01-15 22:14:49] [INFO] |  local epoch  : 1, acc 0.301
[2024-01-15 22:15:02] [INFO] |  local epoch  : 2, acc 0.298
[2024-01-15 22:15:16] [INFO] |  local epoch  : 3, acc 0.303
[2024-01-15 22:15:30] [INFO] |  local epoch  : 4, acc 0.306
[2024-01-15 22:15:36] [INFO] |servers comunicated: 0, server aggregated: 1, acc_server 0: 0.305.
[2024-01-15 22:15:36] [INFO] --------------------------------------------------
[2024-01-15 22:15:36] [INFO]   |server: 1
[2024-01-15 22:15:36] [INFO]  ---client 3
[2024-01-15 22:15:50] [INFO] |  local epoch  : 0, acc 0.210
