[2024-01-15 22:04:31] [INFO] device cuda is used.
[2024-01-15 22:04:31] [INFO] cudnn is actived.
[2024-01-15 22:04:31] [INFO] 
      alpha      :  0.3  
        T        :   4   
    algorithm    :   1   
num_server_commu :  50   
num_client_commu :   5   
num_client_train :   5   
num_public_train :   5   
   batch_size    :  160  
     dataset     : mnist 
  model_select   :   1   
 num_all_client  :   9   
 num_all_server  :   3   
 num_client_data : 1200  
 num_public_data :  50   
   proportion    :  0.8  
   num_workers   :   8   
[2024-01-15 22:05:19] [INFO] --------------------------------------------------
[2024-01-15 22:05:19] [INFO] |epoch_server_commu: 0/50
[2024-01-15 22:05:19] [INFO]  |epoch_client_commu: 0/5
[2024-01-15 22:05:19] [INFO]   |server: 0
[2024-01-15 22:05:19] [INFO]  ---client 0
[2024-01-15 22:05:33] [INFO] |  local epoch  : 0, acc 0.098
[2024-01-15 22:05:39] [INFO] |  local epoch  : 1, acc 0.098
[2024-01-15 22:05:46] [INFO] |  local epoch  : 2, acc 0.098
[2024-01-15 22:05:54] [INFO] |  local epoch  : 3, acc 0.194
[2024-01-15 22:06:02] [INFO] |  local epoch  : 4, acc 0.303
[2024-01-15 22:06:02] [INFO]  ---client 1
[2024-01-15 22:06:11] [INFO] |  local epoch  : 0, acc 0.098
[2024-01-15 22:06:21] [INFO] |  local epoch  : 1, acc 0.098
[2024-01-15 22:06:33] [INFO] |  local epoch  : 2, acc 0.098
[2024-01-15 22:06:43] [INFO] |  local epoch  : 3, acc 0.188
[2024-01-15 22:06:55] [INFO] |  local epoch  : 4, acc 0.137
[2024-01-15 22:06:55] [INFO]  ---client 2
[2024-01-15 22:07:06] [INFO] |  local epoch  : 0, acc 0.098
[2024-01-15 22:07:18] [INFO] |  local epoch  : 1, acc 0.098
[2024-01-15 22:07:29] [INFO] |  local epoch  : 2, acc 0.098
[2024-01-15 22:07:40] [INFO] |  local epoch  : 3, acc 0.229
[2024-01-15 22:07:51] [INFO] |  local epoch  : 4, acc 0.300
[2024-01-15 22:07:56] [INFO] |servers comunicated: 0, server aggregated: 0, acc_server 0: 0.262.
[2024-01-15 22:07:56] [INFO] --------------------------------------------------
[2024-01-15 22:07:56] [INFO]   |server: 1
[2024-01-15 22:07:56] [INFO]  ---client 3
[2024-01-15 22:08:07] [INFO] |  local epoch  : 0, acc 0.089
[2024-01-15 22:08:20] [INFO] |  local epoch  : 1, acc 0.125
