[2024-01-15 22:04:16] [INFO] device cuda is used.
[2024-01-15 22:04:16] [INFO] cudnn is actived.
[2024-01-15 22:04:16] [INFO] 
      alpha      :  0.2  
        T        :  10   
    algorithm    :   1   
num_server_commu :  50   
num_client_commu :   5   
num_client_train :   5   
num_public_train :   5   
   batch_size    :  160  
     dataset     : mnist 
  model_select   :   1   
 num_all_client  :   9   
 num_all_server  :   3   
 num_client_data : 1200  
 num_public_data :  50   
   proportion    :  0.8  
   num_workers   :   8   
[2024-01-15 22:04:51] [INFO] --------------------------------------------------
[2024-01-15 22:04:51] [INFO] |epoch_server_commu: 0/50
[2024-01-15 22:04:51] [INFO]  |epoch_client_commu: 0/5
[2024-01-15 22:04:51] [INFO]   |server: 0
[2024-01-15 22:04:51] [INFO]  ---client 0
[2024-01-15 22:05:03] [INFO] |  local epoch  : 0, acc 0.136
[2024-01-15 22:05:09] [INFO] |  local epoch  : 1, acc 0.098
[2024-01-15 22:05:16] [INFO] |  local epoch  : 2, acc 0.098
[2024-01-15 22:05:23] [INFO] |  local epoch  : 3, acc 0.302
[2024-01-15 22:05:30] [INFO] |  local epoch  : 4, acc 0.285
[2024-01-15 22:05:30] [INFO]  ---client 1
[2024-01-15 22:05:37] [INFO] |  local epoch  : 0, acc 0.169
[2024-01-15 22:05:44] [INFO] |  local epoch  : 1, acc 0.098
[2024-01-15 22:05:51] [INFO] |  local epoch  : 2, acc 0.115
[2024-01-15 22:05:59] [INFO] |  local epoch  : 3, acc 0.285
[2024-01-15 22:06:07] [INFO] |  local epoch  : 4, acc 0.285
[2024-01-15 22:06:07] [INFO]  ---client 2
[2024-01-15 22:06:17] [INFO] |  local epoch  : 0, acc 0.209
[2024-01-15 22:06:27] [INFO] |  local epoch  : 1, acc 0.211
[2024-01-15 22:06:39] [INFO] |  local epoch  : 2, acc 0.211
[2024-01-15 22:06:50] [INFO] |  local epoch  : 3, acc 0.163
[2024-01-15 22:07:01] [INFO] |  local epoch  : 4, acc 0.279
[2024-01-15 22:07:06] [INFO] |servers comunicated: 0, server aggregated: 0, acc_server 0: 0.296.
[2024-01-15 22:07:06] [INFO] --------------------------------------------------
[2024-01-15 22:07:06] [INFO]   |server: 1
[2024-01-15 22:07:06] [INFO]  ---client 3
[2024-01-15 22:07:18] [INFO] |  local epoch  : 0, acc 0.101
[2024-01-15 22:07:29] [INFO] |  local epoch  : 1, acc 0.101
[2024-01-15 22:07:40] [INFO] |  local epoch  : 2, acc 0.101
[2024-01-15 22:07:51] [INFO] |  local epoch  : 3, acc 0.193
[2024-01-15 22:08:02] [INFO] |  local epoch  : 4, acc 0.197
[2024-01-15 22:08:02] [INFO]  ---client 4
[2024-01-15 22:08:15] [INFO] |  local epoch  : 0, acc 0.101
