[2024-01-15 22:04:25] [INFO] device cuda is used.
[2024-01-15 22:04:25] [INFO] cudnn is actived.
[2024-01-15 22:04:25] [INFO] 
      alpha      :  0.3  
        T        :   2   
    algorithm    :   1   
num_server_commu :  50   
num_client_commu :   5   
num_client_train :   5   
num_public_train :   5   
   batch_size    :  160  
     dataset     : mnist 
  model_select   :   1   
 num_all_client  :   9   
 num_all_server  :   3   
 num_client_data : 1200  
 num_public_data :  50   
   proportion    :  0.8  
   num_workers   :   8   
[2024-01-15 22:05:09] [INFO] --------------------------------------------------
[2024-01-15 22:05:09] [INFO] |epoch_server_commu: 0/50
[2024-01-15 22:05:09] [INFO]  |epoch_client_commu: 0/5
[2024-01-15 22:05:09] [INFO]   |server: 0
[2024-01-15 22:05:09] [INFO]  ---client 0
[2024-01-15 22:05:22] [INFO] |  local epoch  : 0, acc 0.098
[2024-01-15 22:05:28] [INFO] |  local epoch  : 1, acc 0.101
[2024-01-15 22:05:35] [INFO] |  local epoch  : 2, acc 0.204
[2024-01-15 22:05:41] [INFO] |  local epoch  : 3, acc 0.302
[2024-01-15 22:05:48] [INFO] |  local epoch  : 4, acc 0.299
[2024-01-15 22:05:48] [INFO]  ---client 1
[2024-01-15 22:05:55] [INFO] |  local epoch  : 0, acc 0.098
[2024-01-15 22:06:05] [INFO] |  local epoch  : 1, acc 0.111
[2024-01-15 22:06:13] [INFO] |  local epoch  : 2, acc 0.236
[2024-01-15 22:06:23] [INFO] |  local epoch  : 3, acc 0.299
[2024-01-15 22:06:34] [INFO] |  local epoch  : 4, acc 0.301
[2024-01-15 22:06:34] [INFO]  ---client 2
[2024-01-15 22:06:45] [INFO] |  local epoch  : 0, acc 0.098
[2024-01-15 22:06:56] [INFO] |  local epoch  : 1, acc 0.113
[2024-01-15 22:07:07] [INFO] |  local epoch  : 2, acc 0.286
[2024-01-15 22:07:18] [INFO] |  local epoch  : 3, acc 0.301
[2024-01-15 22:07:29] [INFO] |  local epoch  : 4, acc 0.303
[2024-01-15 22:07:33] [INFO] |servers comunicated: 0, server aggregated: 0, acc_server 0: 0.302.
[2024-01-15 22:07:33] [INFO] --------------------------------------------------
[2024-01-15 22:07:33] [INFO]   |server: 1
[2024-01-15 22:07:33] [INFO]  ---client 3
[2024-01-15 22:07:44] [INFO] |  local epoch  : 0, acc 0.111
[2024-01-15 22:07:55] [INFO] |  local epoch  : 1, acc 0.090
[2024-01-15 22:08:06] [INFO] |  local epoch  : 2, acc 0.192
[2024-01-15 22:08:19] [INFO] |  local epoch  : 3, acc 0.225
[2024-01-15 22:08:33] [INFO] |  local epoch  : 4, acc 0.253
[2024-01-15 22:08:33] [INFO]  ---client 4
[2024-01-15 22:08:49] [INFO] |  local epoch  : 0, acc 0.089
[2024-01-15 22:09:03] [INFO] |  local epoch  : 1, acc 0.089
[2024-01-15 22:09:17] [INFO] |  local epoch  : 2, acc 0.207
[2024-01-15 22:09:31] [INFO] |  local epoch  : 3, acc 0.258
[2024-01-15 22:09:45] [INFO] |  local epoch  : 4, acc 0.252
[2024-01-15 22:09:45] [INFO]  ---client 5
[2024-01-15 22:10:00] [INFO] |  local epoch  : 0, acc 0.089
[2024-01-15 22:10:13] [INFO] |  local epoch  : 1, acc 0.089
[2024-01-15 22:10:27] [INFO] |  local epoch  : 2, acc 0.200
[2024-01-15 22:10:42] [INFO] |  local epoch  : 3, acc 0.229
[2024-01-15 22:10:56] [INFO] |  local epoch  : 4, acc 0.254
[2024-01-15 22:11:01] [INFO] |servers comunicated: 0, server aggregated: 0, acc_server 1: 0.259.
[2024-01-15 22:11:01] [INFO] --------------------------------------------------
[2024-01-15 22:11:01] [INFO]   |server: 2
[2024-01-15 22:11:01] [INFO]  ---client 6
[2024-01-15 22:11:16] [INFO] |  local epoch  : 0, acc 0.102
[2024-01-15 22:11:29] [INFO] |  local epoch  : 1, acc 0.102
[2024-01-15 22:11:43] [INFO] |  local epoch  : 2, acc 0.247
[2024-01-15 22:11:57] [INFO] |  local epoch  : 3, acc 0.312
[2024-01-15 22:12:11] [INFO] |  local epoch  : 4, acc 0.270
[2024-01-15 22:12:11] [INFO]  ---client 7
[2024-01-15 22:12:25] [INFO] |  local epoch  : 0, acc 0.109
[2024-01-15 22:12:40] [INFO] |  local epoch  : 1, acc 0.102
[2024-01-15 22:12:53] [INFO] |  local epoch  : 2, acc 0.227
[2024-01-15 22:13:07] [INFO] |  local epoch  : 3, acc 0.310
[2024-01-15 22:13:21] [INFO] |  local epoch  : 4, acc 0.313
[2024-01-15 22:13:21] [INFO]  ---client 8
[2024-01-15 22:13:35] [INFO] |  local epoch  : 0, acc 0.157
[2024-01-15 22:13:49] [INFO] |  local epoch  : 1, acc 0.102
[2024-01-15 22:14:03] [INFO] |  local epoch  : 2, acc 0.250
[2024-01-15 22:14:17] [INFO] |  local epoch  : 3, acc 0.331
[2024-01-15 22:14:31] [INFO] |  local epoch  : 4, acc 0.346
[2024-01-15 22:14:37] [INFO] |servers comunicated: 0, server aggregated: 0, acc_server 2: 0.341.
[2024-01-15 22:14:37] [INFO] --------------------------------------------------
[2024-01-15 22:14:37] [INFO]  |epoch_client_commu: 1/5
[2024-01-15 22:14:37] [INFO]   |server: 0
[2024-01-15 22:14:37] [INFO]  ---client 0
[2024-01-15 22:14:51] [INFO] |  local epoch  : 0, acc 0.302
[2024-01-15 22:15:05] [INFO] |  local epoch  : 1, acc 0.305
[2024-01-15 22:15:20] [INFO] |  local epoch  : 2, acc 0.307
[2024-01-15 22:15:33] [INFO] |  local epoch  : 3, acc 0.306
[2024-01-15 22:15:47] [INFO] |  local epoch  : 4, acc 0.309
[2024-01-15 22:15:47] [INFO]  ---client 1
