[2024-01-15 22:04:13] [INFO] device cuda is used.
[2024-01-15 22:04:13] [INFO] cudnn is actived.
[2024-01-15 22:04:13] [INFO] 
      alpha      :  0.2  
        T        :   8   
    algorithm    :   1   
num_server_commu :  50   
num_client_commu :   5   
num_client_train :   5   
num_public_train :   5   
   batch_size    :  160  
     dataset     : mnist 
  model_select   :   1   
 num_all_client  :   9   
 num_all_server  :   3   
 num_client_data : 1200  
 num_public_data :  50   
   proportion    :  0.8  
   num_workers   :   8   
[2024-01-15 22:04:43] [INFO] --------------------------------------------------
[2024-01-15 22:04:43] [INFO] |epoch_server_commu: 0/50
[2024-01-15 22:04:43] [INFO]  |epoch_client_commu: 0/5
[2024-01-15 22:04:43] [INFO]   |server: 0
[2024-01-15 22:04:43] [INFO]  ---client 0
[2024-01-15 22:04:53] [INFO] |  local epoch  : 0, acc 0.119
[2024-01-15 22:04:59] [INFO] |  local epoch  : 1, acc 0.098
[2024-01-15 22:05:04] [INFO] |  local epoch  : 2, acc 0.197
[2024-01-15 22:05:10] [INFO] |  local epoch  : 3, acc 0.211
[2024-01-15 22:05:17] [INFO] |  local epoch  : 4, acc 0.233
[2024-01-15 22:05:17] [INFO]  ---client 1
[2024-01-15 22:05:24] [INFO] |  local epoch  : 0, acc 0.165
[2024-01-15 22:05:30] [INFO] |  local epoch  : 1, acc 0.098
[2024-01-15 22:05:36] [INFO] |  local epoch  : 2, acc 0.099
[2024-01-15 22:05:42] [INFO] |  local epoch  : 3, acc 0.169
[2024-01-15 22:05:50] [INFO] |  local epoch  : 4, acc 0.227
[2024-01-15 22:05:50] [INFO]  ---client 2
[2024-01-15 22:05:57] [INFO] |  local epoch  : 0, acc 0.098
[2024-01-15 22:06:04] [INFO] |  local epoch  : 1, acc 0.098
[2024-01-15 22:06:13] [INFO] |  local epoch  : 2, acc 0.098
[2024-01-15 22:06:23] [INFO] |  local epoch  : 3, acc 0.098
[2024-01-15 22:06:33] [INFO] |  local epoch  : 4, acc 0.135
[2024-01-15 22:06:37] [INFO] |servers comunicated: 0, server aggregated: 0, acc_server 0: 0.175.
[2024-01-15 22:06:37] [INFO] --------------------------------------------------
[2024-01-15 22:06:37] [INFO]   |server: 1
[2024-01-15 22:06:37] [INFO]  ---client 3
[2024-01-15 22:06:48] [INFO] |  local epoch  : 0, acc 0.101
[2024-01-15 22:06:59] [INFO] |  local epoch  : 1, acc 0.101
[2024-01-15 22:07:09] [INFO] |  local epoch  : 2, acc 0.101
[2024-01-15 22:07:20] [INFO] |  local epoch  : 3, acc 0.101
[2024-01-15 22:07:30] [INFO] |  local epoch  : 4, acc 0.135
[2024-01-15 22:07:30] [INFO]  ---client 4
[2024-01-15 22:07:41] [INFO] |  local epoch  : 0, acc 0.101
[2024-01-15 22:07:52] [INFO] |  local epoch  : 1, acc 0.101
[2024-01-15 22:08:02] [INFO] |  local epoch  : 2, acc 0.101
[2024-01-15 22:08:14] [INFO] |  local epoch  : 3, acc 0.101
[2024-01-15 22:08:26] [INFO] |  local epoch  : 4, acc 0.188
[2024-01-15 22:08:26] [INFO]  ---client 5
[2024-01-15 22:08:41] [INFO] |  local epoch  : 0, acc 0.101
[2024-01-15 22:08:56] [INFO] |  local epoch  : 1, acc 0.101
[2024-01-15 22:09:09] [INFO] |  local epoch  : 2, acc 0.101
[2024-01-15 22:09:22] [INFO] |  local epoch  : 3, acc 0.101
[2024-01-15 22:09:36] [INFO] |  local epoch  : 4, acc 0.175
[2024-01-15 22:09:41] [INFO] |servers comunicated: 0, server aggregated: 0, acc_server 1: 0.181.
[2024-01-15 22:09:41] [INFO] --------------------------------------------------
[2024-01-15 22:09:41] [INFO]   |server: 2
[2024-01-15 22:09:41] [INFO]  ---client 6
[2024-01-15 22:09:55] [INFO] |  local epoch  : 0, acc 0.101
[2024-01-15 22:10:09] [INFO] |  local epoch  : 1, acc 0.101
[2024-01-15 22:10:23] [INFO] |  local epoch  : 2, acc 0.103
[2024-01-15 22:10:37] [INFO] |  local epoch  : 3, acc 0.104
[2024-01-15 22:10:50] [INFO] |  local epoch  : 4, acc 0.263
[2024-01-15 22:10:50] [INFO]  ---client 7
[2024-01-15 22:11:04] [INFO] |  local epoch  : 0, acc 0.176
[2024-01-15 22:11:17] [INFO] |  local epoch  : 1, acc 0.101
[2024-01-15 22:11:31] [INFO] |  local epoch  : 2, acc 0.165
[2024-01-15 22:11:45] [INFO] |  local epoch  : 3, acc 0.208
[2024-01-15 22:11:59] [INFO] |  local epoch  : 4, acc 0.266
[2024-01-15 22:11:59] [INFO]  ---client 8
[2024-01-15 22:12:12] [INFO] |  local epoch  : 0, acc 0.101
[2024-01-15 22:12:26] [INFO] |  local epoch  : 1, acc 0.101
[2024-01-15 22:12:40] [INFO] |  local epoch  : 2, acc 0.138
[2024-01-15 22:12:53] [INFO] |  local epoch  : 3, acc 0.267
[2024-01-15 22:13:06] [INFO] |  local epoch  : 4, acc 0.279
[2024-01-15 22:13:11] [INFO] |servers comunicated: 0, server aggregated: 0, acc_server 2: 0.309.
[2024-01-15 22:13:11] [INFO] --------------------------------------------------
[2024-01-15 22:13:11] [INFO]  |epoch_client_commu: 1/5
[2024-01-15 22:13:11] [INFO]   |server: 0
[2024-01-15 22:13:11] [INFO]  ---client 0
[2024-01-15 22:13:25] [INFO] |  local epoch  : 0, acc 0.300
[2024-01-15 22:13:38] [INFO] |  local epoch  : 1, acc 0.301
[2024-01-15 22:13:52] [INFO] |  local epoch  : 2, acc 0.293
[2024-01-15 22:14:06] [INFO] |  local epoch  : 3, acc 0.302
[2024-01-15 22:14:19] [INFO] |  local epoch  : 4, acc 0.301
[2024-01-15 22:14:19] [INFO]  ---client 1
[2024-01-15 22:14:33] [INFO] |  local epoch  : 0, acc 0.295
[2024-01-15 22:14:46] [INFO] |  local epoch  : 1, acc 0.301
[2024-01-15 22:14:59] [INFO] |  local epoch  : 2, acc 0.302
[2024-01-15 22:15:13] [INFO] |  local epoch  : 3, acc 0.303
[2024-01-15 22:15:26] [INFO] |  local epoch  : 4, acc 0.302
[2024-01-15 22:15:26] [INFO]  ---client 2
[2024-01-15 22:15:40] [INFO] |  local epoch  : 0, acc 0.283
