[2024-01-15 22:04:48] [INFO] device cuda is used.
[2024-01-15 22:04:48] [INFO] cudnn is actived.
[2024-01-15 22:04:48] [INFO] 
      alpha      :  0.3  
        T        :   6   
    algorithm    :   1   
num_server_commu :  50   
num_client_commu :   5   
num_client_train :   5   
num_public_train :   5   
   batch_size    :  160  
     dataset     : mnist 
  model_select   :   1   
 num_all_client  :   9   
 num_all_server  :   3   
 num_client_data : 1200  
 num_public_data :  50   
   proportion    :  0.8  
   num_workers   :   8   
[2024-01-15 22:05:46] [INFO] --------------------------------------------------
[2024-01-15 22:05:46] [INFO] |epoch_server_commu: 0/50
[2024-01-15 22:05:46] [INFO]  |epoch_client_commu: 0/5
[2024-01-15 22:05:46] [INFO]   |server: 0
[2024-01-15 22:05:46] [INFO]  ---client 0
[2024-01-15 22:06:00] [INFO] |  local epoch  : 0, acc 0.103
[2024-01-15 22:06:10] [INFO] |  local epoch  : 1, acc 0.103
[2024-01-15 22:06:20] [INFO] |  local epoch  : 2, acc 0.125
[2024-01-15 22:06:31] [INFO] |  local epoch  : 3, acc 0.286
[2024-01-15 22:06:42] [INFO] |  local epoch  : 4, acc 0.296
[2024-01-15 22:06:42] [INFO]  ---client 1
[2024-01-15 22:06:54] [INFO] |  local epoch  : 0, acc 0.103
[2024-01-15 22:07:05] [INFO] |  local epoch  : 1, acc 0.103
[2024-01-15 22:07:17] [INFO] |  local epoch  : 2, acc 0.261
[2024-01-15 22:07:28] [INFO] |  local epoch  : 3, acc 0.210
[2024-01-15 22:07:39] [INFO] |  local epoch  : 4, acc 0.269
[2024-01-15 22:07:39] [INFO]  ---client 2
[2024-01-15 22:07:51] [INFO] |  local epoch  : 0, acc 0.103
[2024-01-15 22:08:02] [INFO] |  local epoch  : 1, acc 0.103
[2024-01-15 22:08:15] [INFO] |  local epoch  : 2, acc 0.190
