[2024-01-15 22:05:08] [INFO] device cuda is used.
[2024-01-15 22:05:08] [INFO] cudnn is actived.
[2024-01-15 22:05:08] [INFO] 
      alpha      :  0.4  
        T        :   2   
    algorithm    :   1   
num_server_commu :  50   
num_client_commu :   5   
num_client_train :   5   
num_public_train :   5   
   batch_size    :  160  
     dataset     : mnist 
  model_select   :   1   
 num_all_client  :   9   
 num_all_server  :   3   
 num_client_data : 1200  
 num_public_data :  50   
   proportion    :  0.8  
   num_workers   :   8   
[2024-01-15 22:06:11] [INFO] --------------------------------------------------
[2024-01-15 22:06:11] [INFO] |epoch_server_commu: 0/50
[2024-01-15 22:06:11] [INFO]  |epoch_client_commu: 0/5
[2024-01-15 22:06:11] [INFO]   |server: 0
[2024-01-15 22:06:11] [INFO]  ---client 0
[2024-01-15 22:06:30] [INFO] |  local epoch  : 0, acc 0.098
[2024-01-15 22:06:42] [INFO] |  local epoch  : 1, acc 0.098
[2024-01-15 22:06:53] [INFO] |  local epoch  : 2, acc 0.189
[2024-01-15 22:07:04] [INFO] |  local epoch  : 3, acc 0.299
[2024-01-15 22:07:16] [INFO] |  local epoch  : 4, acc 0.198
[2024-01-15 22:07:16] [INFO]  ---client 1
[2024-01-15 22:07:27] [INFO] |  local epoch  : 0, acc 0.098
[2024-01-15 22:07:39] [INFO] |  local epoch  : 1, acc 0.098
[2024-01-15 22:07:51] [INFO] |  local epoch  : 2, acc 0.176
[2024-01-15 22:08:02] [INFO] |  local epoch  : 3, acc 0.295
[2024-01-15 22:08:15] [INFO] |  local epoch  : 4, acc 0.302
[2024-01-15 22:08:15] [INFO]  ---client 2
[2024-01-15 22:08:29] [INFO] |  local epoch  : 0, acc 0.098
[2024-01-15 22:08:45] [INFO] |  local epoch  : 1, acc 0.098
[2024-01-15 22:09:00] [INFO] |  local epoch  : 2, acc 0.196
[2024-01-15 22:09:15] [INFO] |  local epoch  : 3, acc 0.277
[2024-01-15 22:09:29] [INFO] |  local epoch  : 4, acc 0.304
[2024-01-15 22:09:35] [INFO] |servers comunicated: 0, server aggregated: 0, acc_server 0: 0.288.
[2024-01-15 22:09:35] [INFO] --------------------------------------------------
[2024-01-15 22:09:35] [INFO]   |server: 1
[2024-01-15 22:09:36] [INFO]  ---client 3
[2024-01-15 22:09:50] [INFO] |  local epoch  : 0, acc 0.099
[2024-01-15 22:10:04] [INFO] |  local epoch  : 1, acc 0.099
[2024-01-15 22:10:19] [INFO] |  local epoch  : 2, acc 0.138
[2024-01-15 22:10:34] [INFO] |  local epoch  : 3, acc 0.195
[2024-01-15 22:10:48] [INFO] |  local epoch  : 4, acc 0.236
[2024-01-15 22:10:48] [INFO]  ---client 4
[2024-01-15 22:11:03] [INFO] |  local epoch  : 0, acc 0.099
[2024-01-15 22:11:17] [INFO] |  local epoch  : 1, acc 0.099
[2024-01-15 22:11:32] [INFO] |  local epoch  : 2, acc 0.103
[2024-01-15 22:11:46] [INFO] |  local epoch  : 3, acc 0.221
[2024-01-15 22:12:01] [INFO] |  local epoch  : 4, acc 0.254
[2024-01-15 22:12:01] [INFO]  ---client 5
[2024-01-15 22:12:16] [INFO] |  local epoch  : 0, acc 0.099
[2024-01-15 22:12:30] [INFO] |  local epoch  : 1, acc 0.099
[2024-01-15 22:12:45] [INFO] |  local epoch  : 2, acc 0.212
[2024-01-15 22:12:59] [INFO] |  local epoch  : 3, acc 0.252
[2024-01-15 22:13:14] [INFO] |  local epoch  : 4, acc 0.217
[2024-01-15 22:13:19] [INFO] |servers comunicated: 0, server aggregated: 0, acc_server 1: 0.251.
[2024-01-15 22:13:19] [INFO] --------------------------------------------------
[2024-01-15 22:13:19] [INFO]   |server: 2
[2024-01-15 22:13:20] [INFO]  ---client 6
[2024-01-15 22:13:34] [INFO] |  local epoch  : 0, acc 0.103
[2024-01-15 22:13:48] [INFO] |  local epoch  : 1, acc 0.103
[2024-01-15 22:14:03] [INFO] |  local epoch  : 2, acc 0.245
[2024-01-15 22:14:18] [INFO] |  local epoch  : 3, acc 0.206
[2024-01-15 22:14:32] [INFO] |  local epoch  : 4, acc 0.276
[2024-01-15 22:14:32] [INFO]  ---client 7
[2024-01-15 22:14:46] [INFO] |  local epoch  : 0, acc 0.103
[2024-01-15 22:15:01] [INFO] |  local epoch  : 1, acc 0.114
[2024-01-15 22:15:15] [INFO] |  local epoch  : 2, acc 0.182
[2024-01-15 22:15:29] [INFO] |  local epoch  : 3, acc 0.265
[2024-01-15 22:15:45] [INFO] |  local epoch  : 4, acc 0.266
[2024-01-15 22:15:45] [INFO]  ---client 8
