[2024-01-15 22:06:38] [INFO] device cuda is used.
[2024-01-15 22:06:38] [INFO] cudnn is actived.
[2024-01-15 22:06:38] [INFO] 
      alpha      :  0.4  
        T        :  10   
    algorithm    :   1   
num_server_commu :  50   
num_client_commu :   5   
num_client_train :   5   
num_public_train :   5   
   batch_size    :  160  
     dataset     : mnist 
  model_select   :   1   
 num_all_client  :   9   
 num_all_server  :   3   
 num_client_data : 1200  
 num_public_data :  50   
   proportion    :  0.8  
   num_workers   :   8   
[2024-01-15 22:08:19] [INFO] --------------------------------------------------
[2024-01-15 22:08:19] [INFO] |epoch_server_commu: 0/50
[2024-01-15 22:08:19] [INFO]  |epoch_client_commu: 0/5
[2024-01-15 22:08:19] [INFO]   |server: 0
[2024-01-15 22:08:19] [INFO]  ---client 0
[2024-01-15 22:08:50] [INFO] |  local epoch  : 0, acc 0.110
[2024-01-15 22:09:04] [INFO] |  local epoch  : 1, acc 0.144
[2024-01-15 22:09:19] [INFO] |  local epoch  : 2, acc 0.155
[2024-01-15 22:09:34] [INFO] |  local epoch  : 3, acc 0.296
[2024-01-15 22:09:48] [INFO] |  local epoch  : 4, acc 0.300
[2024-01-15 22:09:48] [INFO]  ---client 1
[2024-01-15 22:10:03] [INFO] |  local epoch  : 0, acc 0.188
[2024-01-15 22:10:18] [INFO] |  local epoch  : 1, acc 0.125
[2024-01-15 22:10:33] [INFO] |  local epoch  : 2, acc 0.100
[2024-01-15 22:10:48] [INFO] |  local epoch  : 3, acc 0.209
[2024-01-15 22:11:02] [INFO] |  local epoch  : 4, acc 0.273
[2024-01-15 22:11:02] [INFO]  ---client 2
[2024-01-15 22:11:18] [INFO] |  local epoch  : 0, acc 0.231
[2024-01-15 22:11:32] [INFO] |  local epoch  : 1, acc 0.119
[2024-01-15 22:11:48] [INFO] |  local epoch  : 2, acc 0.104
[2024-01-15 22:12:03] [INFO] |  local epoch  : 3, acc 0.295
[2024-01-15 22:12:18] [INFO] |  local epoch  : 4, acc 0.284
[2024-01-15 22:12:24] [INFO] |servers comunicated: 0, server aggregated: 0, acc_server 0: 0.289.
[2024-01-15 22:12:24] [INFO] --------------------------------------------------
[2024-01-15 22:12:24] [INFO]   |server: 1
[2024-01-15 22:12:24] [INFO]  ---client 3
[2024-01-15 22:12:39] [INFO] |  local epoch  : 0, acc 0.099
[2024-01-15 22:12:54] [INFO] |  local epoch  : 1, acc 0.098
[2024-01-15 22:13:09] [INFO] |  local epoch  : 2, acc 0.177
[2024-01-15 22:13:23] [INFO] |  local epoch  : 3, acc 0.243
[2024-01-15 22:13:38] [INFO] |  local epoch  : 4, acc 0.241
[2024-01-15 22:13:38] [INFO]  ---client 4
[2024-01-15 22:13:53] [INFO] |  local epoch  : 0, acc 0.159
[2024-01-15 22:14:08] [INFO] |  local epoch  : 1, acc 0.154
[2024-01-15 22:14:23] [INFO] |  local epoch  : 2, acc 0.165
[2024-01-15 22:14:38] [INFO] |  local epoch  : 3, acc 0.113
[2024-01-15 22:14:53] [INFO] |  local epoch  : 4, acc 0.229
[2024-01-15 22:14:53] [INFO]  ---client 5
[2024-01-15 22:15:08] [INFO] |  local epoch  : 0, acc 0.098
[2024-01-15 22:15:22] [INFO] |  local epoch  : 1, acc 0.098
[2024-01-15 22:15:37] [INFO] |  local epoch  : 2, acc 0.220
