[2024-01-15 22:06:48] [INFO] device cuda is used.
[2024-01-15 22:06:48] [INFO] cudnn is actived.
[2024-01-15 22:06:49] [INFO] 
      alpha      :  0.5  
        T        :   6   
    algorithm    :   1   
num_server_commu :  50   
num_client_commu :   5   
num_client_train :   5   
num_public_train :   5   
   batch_size    :  160  
     dataset     : mnist 
  model_select   :   1   
 num_all_client  :   9   
 num_all_server  :   3   
 num_client_data : 1200  
 num_public_data :  50   
   proportion    :  0.8  
   num_workers   :   8   
[2024-01-15 22:08:30] [INFO] --------------------------------------------------
[2024-01-15 22:08:30] [INFO] |epoch_server_commu: 0/50
[2024-01-15 22:08:30] [INFO]  |epoch_client_commu: 0/5
[2024-01-15 22:08:30] [INFO]   |server: 0
[2024-01-15 22:08:31] [INFO]  ---client 0
[2024-01-15 22:09:01] [INFO] |  local epoch  : 0, acc 0.098
[2024-01-15 22:09:15] [INFO] |  local epoch  : 1, acc 0.136
[2024-01-15 22:09:30] [INFO] |  local epoch  : 2, acc 0.172
[2024-01-15 22:09:45] [INFO] |  local epoch  : 3, acc 0.194
[2024-01-15 22:09:59] [INFO] |  local epoch  : 4, acc 0.282
[2024-01-15 22:09:59] [INFO]  ---client 1
[2024-01-15 22:10:14] [INFO] |  local epoch  : 0, acc 0.098
[2024-01-15 22:10:29] [INFO] |  local epoch  : 1, acc 0.098
[2024-01-15 22:10:44] [INFO] |  local epoch  : 2, acc 0.126
[2024-01-15 22:10:58] [INFO] |  local epoch  : 3, acc 0.202
[2024-01-15 22:11:13] [INFO] |  local epoch  : 4, acc 0.294
[2024-01-15 22:11:13] [INFO]  ---client 2
[2024-01-15 22:11:28] [INFO] |  local epoch  : 0, acc 0.098
[2024-01-15 22:11:43] [INFO] |  local epoch  : 1, acc 0.219
[2024-01-15 22:11:58] [INFO] |  local epoch  : 2, acc 0.253
[2024-01-15 22:12:13] [INFO] |  local epoch  : 3, acc 0.226
[2024-01-15 22:12:28] [INFO] |  local epoch  : 4, acc 0.287
[2024-01-15 22:12:33] [INFO] |servers comunicated: 0, server aggregated: 0, acc_server 0: 0.282.
[2024-01-15 22:12:33] [INFO] --------------------------------------------------
[2024-01-15 22:12:33] [INFO]   |server: 1
[2024-01-15 22:12:33] [INFO]  ---client 3
[2024-01-15 22:12:49] [INFO] |  local epoch  : 0, acc 0.123
[2024-01-15 22:13:04] [INFO] |  local epoch  : 1, acc 0.101
[2024-01-15 22:13:19] [INFO] |  local epoch  : 2, acc 0.101
[2024-01-15 22:13:33] [INFO] |  local epoch  : 3, acc 0.170
[2024-01-15 22:13:48] [INFO] |  local epoch  : 4, acc 0.135
[2024-01-15 22:13:48] [INFO]  ---client 4
[2024-01-15 22:14:02] [INFO] |  local epoch  : 0, acc 0.145
[2024-01-15 22:14:17] [INFO] |  local epoch  : 1, acc 0.120
[2024-01-15 22:14:31] [INFO] |  local epoch  : 2, acc 0.128
[2024-01-15 22:14:47] [INFO] |  local epoch  : 3, acc 0.191
[2024-01-15 22:15:01] [INFO] |  local epoch  : 4, acc 0.244
[2024-01-15 22:15:01] [INFO]  ---client 5
[2024-01-15 22:15:16] [INFO] |  local epoch  : 0, acc 0.090
[2024-01-15 22:15:31] [INFO] |  local epoch  : 1, acc 0.155
[2024-01-15 22:15:46] [INFO] |  local epoch  : 2, acc 0.147
