[2024-01-15 22:06:32] [INFO] device cuda is used.
[2024-01-15 22:06:32] [INFO] cudnn is actived.
[2024-01-15 22:06:32] [INFO] 
      alpha      :  0.4  
        T        :   8   
    algorithm    :   1   
num_server_commu :  50   
num_client_commu :   5   
num_client_train :   5   
num_public_train :   5   
   batch_size    :  160  
     dataset     : mnist 
  model_select   :   1   
 num_all_client  :   9   
 num_all_server  :   3   
 num_client_data : 1200  
 num_public_data :  50   
   proportion    :  0.8  
   num_workers   :   8   
[2024-01-15 22:08:13] [INFO] --------------------------------------------------
[2024-01-15 22:08:13] [INFO] |epoch_server_commu: 0/50
[2024-01-15 22:08:13] [INFO]  |epoch_client_commu: 0/5
[2024-01-15 22:08:13] [INFO]   |server: 0
[2024-01-15 22:08:13] [INFO]  ---client 0
[2024-01-15 22:08:41] [INFO] |  local epoch  : 0, acc 0.098
[2024-01-15 22:08:57] [INFO] |  local epoch  : 1, acc 0.098
[2024-01-15 22:09:11] [INFO] |  local epoch  : 2, acc 0.174
[2024-01-15 22:09:26] [INFO] |  local epoch  : 3, acc 0.188
[2024-01-15 22:09:41] [INFO] |  local epoch  : 4, acc 0.164
[2024-01-15 22:09:41] [INFO]  ---client 1
[2024-01-15 22:09:56] [INFO] |  local epoch  : 0, acc 0.098
[2024-01-15 22:10:11] [INFO] |  local epoch  : 1, acc 0.098
[2024-01-15 22:10:25] [INFO] |  local epoch  : 2, acc 0.188
[2024-01-15 22:10:40] [INFO] |  local epoch  : 3, acc 0.109
[2024-01-15 22:10:54] [INFO] |  local epoch  : 4, acc 0.209
[2024-01-15 22:10:54] [INFO]  ---client 2
[2024-01-15 22:11:09] [INFO] |  local epoch  : 0, acc 0.098
[2024-01-15 22:11:24] [INFO] |  local epoch  : 1, acc 0.167
[2024-01-15 22:11:39] [INFO] |  local epoch  : 2, acc 0.103
[2024-01-15 22:11:54] [INFO] |  local epoch  : 3, acc 0.103
[2024-01-15 22:12:09] [INFO] |  local epoch  : 4, acc 0.183
[2024-01-15 22:12:14] [INFO] |servers comunicated: 0, server aggregated: 0, acc_server 0: 0.252.
[2024-01-15 22:12:14] [INFO] --------------------------------------------------
[2024-01-15 22:12:14] [INFO]   |server: 1
[2024-01-15 22:12:14] [INFO]  ---client 3
[2024-01-15 22:12:29] [INFO] |  local epoch  : 0, acc 0.099
[2024-01-15 22:12:44] [INFO] |  local epoch  : 1, acc 0.099
[2024-01-15 22:12:58] [INFO] |  local epoch  : 2, acc 0.099
[2024-01-15 22:13:14] [INFO] |  local epoch  : 3, acc 0.117
[2024-01-15 22:13:28] [INFO] |  local epoch  : 4, acc 0.224
[2024-01-15 22:13:28] [INFO]  ---client 4
[2024-01-15 22:13:43] [INFO] |  local epoch  : 0, acc 0.089
[2024-01-15 22:13:57] [INFO] |  local epoch  : 1, acc 0.089
[2024-01-15 22:14:12] [INFO] |  local epoch  : 2, acc 0.089
[2024-01-15 22:14:26] [INFO] |  local epoch  : 3, acc 0.107
[2024-01-15 22:14:41] [INFO] |  local epoch  : 4, acc 0.173
[2024-01-15 22:14:41] [INFO]  ---client 5
[2024-01-15 22:14:56] [INFO] |  local epoch  : 0, acc 0.089
[2024-01-15 22:15:10] [INFO] |  local epoch  : 1, acc 0.092
[2024-01-15 22:15:25] [INFO] |  local epoch  : 2, acc 0.129
[2024-01-15 22:15:40] [INFO] |  local epoch  : 3, acc 0.183
