[2024-01-15 22:06:45] [INFO] device cuda is used.
[2024-01-15 22:06:45] [INFO] cudnn is actived.
[2024-01-15 22:06:45] [INFO] 
      alpha      :  0.5  
        T        :   4   
    algorithm    :   1   
num_server_commu :  50   
num_client_commu :   5   
num_client_train :   5   
num_public_train :   5   
   batch_size    :  160  
     dataset     : mnist 
  model_select   :   1   
 num_all_client  :   9   
 num_all_server  :   3   
 num_client_data : 1200  
 num_public_data :  50   
   proportion    :  0.8  
   num_workers   :   8   
[2024-01-15 22:08:27] [INFO] --------------------------------------------------
[2024-01-15 22:08:27] [INFO] |epoch_server_commu: 0/50
[2024-01-15 22:08:27] [INFO]  |epoch_client_commu: 0/5
[2024-01-15 22:08:27] [INFO]   |server: 0
[2024-01-15 22:08:27] [INFO]  ---client 0
[2024-01-15 22:08:58] [INFO] |  local epoch  : 0, acc 0.125
[2024-01-15 22:09:13] [INFO] |  local epoch  : 1, acc 0.133
[2024-01-15 22:09:28] [INFO] |  local epoch  : 2, acc 0.191
[2024-01-15 22:09:42] [INFO] |  local epoch  : 3, acc 0.222
[2024-01-15 22:09:57] [INFO] |  local epoch  : 4, acc 0.290
[2024-01-15 22:09:57] [INFO]  ---client 1
[2024-01-15 22:10:12] [INFO] |  local epoch  : 0, acc 0.129
[2024-01-15 22:10:26] [INFO] |  local epoch  : 1, acc 0.140
[2024-01-15 22:10:40] [INFO] |  local epoch  : 2, acc 0.108
[2024-01-15 22:10:54] [INFO] |  local epoch  : 3, acc 0.191
[2024-01-15 22:11:09] [INFO] |  local epoch  : 4, acc 0.282
[2024-01-15 22:11:09] [INFO]  ---client 2
[2024-01-15 22:11:23] [INFO] |  local epoch  : 0, acc 0.136
[2024-01-15 22:11:38] [INFO] |  local epoch  : 1, acc 0.145
[2024-01-15 22:11:53] [INFO] |  local epoch  : 2, acc 0.227
[2024-01-15 22:12:07] [INFO] |  local epoch  : 3, acc 0.189
[2024-01-15 22:12:22] [INFO] |  local epoch  : 4, acc 0.292
[2024-01-15 22:12:28] [INFO] |servers comunicated: 0, server aggregated: 0, acc_server 0: 0.284.
[2024-01-15 22:12:28] [INFO] --------------------------------------------------
[2024-01-15 22:12:28] [INFO]   |server: 1
[2024-01-15 22:12:28] [INFO]  ---client 3
[2024-01-15 22:12:43] [INFO] |  local epoch  : 0, acc 0.089
[2024-01-15 22:12:57] [INFO] |  local epoch  : 1, acc 0.089
[2024-01-15 22:13:12] [INFO] |  local epoch  : 2, acc 0.126
[2024-01-15 22:13:27] [INFO] |  local epoch  : 3, acc 0.191
[2024-01-15 22:13:42] [INFO] |  local epoch  : 4, acc 0.229
[2024-01-15 22:13:42] [INFO]  ---client 4
[2024-01-15 22:13:56] [INFO] |  local epoch  : 0, acc 0.089
[2024-01-15 22:14:10] [INFO] |  local epoch  : 1, acc 0.092
[2024-01-15 22:14:25] [INFO] |  local epoch  : 2, acc 0.114
[2024-01-15 22:14:39] [INFO] |  local epoch  : 3, acc 0.201
[2024-01-15 22:14:54] [INFO] |  local epoch  : 4, acc 0.220
[2024-01-15 22:14:54] [INFO]  ---client 5
[2024-01-15 22:15:09] [INFO] |  local epoch  : 0, acc 0.089
[2024-01-15 22:15:24] [INFO] |  local epoch  : 1, acc 0.089
[2024-01-15 22:15:39] [INFO] |  local epoch  : 2, acc 0.169
