[2024-01-15 22:06:53] [INFO] device cuda is used.
[2024-01-15 22:06:53] [INFO] cudnn is actived.
[2024-01-15 22:06:53] [INFO] 
      alpha      :  0.5  
        T        :   8   
    algorithm    :   1   
num_server_commu :  50   
num_client_commu :   5   
num_client_train :   5   
num_public_train :   5   
   batch_size    :  160  
     dataset     : mnist 
  model_select   :   1   
 num_all_client  :   9   
 num_all_server  :   3   
 num_client_data : 1200  
 num_public_data :  50   
   proportion    :  0.8  
   num_workers   :   8   
[2024-01-15 22:08:38] [INFO] --------------------------------------------------
[2024-01-15 22:08:38] [INFO] |epoch_server_commu: 0/50
[2024-01-15 22:08:38] [INFO]  |epoch_client_commu: 0/5
[2024-01-15 22:08:38] [INFO]   |server: 0
[2024-01-15 22:08:38] [INFO]  ---client 0
[2024-01-15 22:09:06] [INFO] |  local epoch  : 0, acc 0.113
[2024-01-15 22:09:20] [INFO] |  local epoch  : 1, acc 0.113
[2024-01-15 22:09:35] [INFO] |  local epoch  : 2, acc 0.113
[2024-01-15 22:09:50] [INFO] |  local epoch  : 3, acc 0.209
[2024-01-15 22:10:05] [INFO] |  local epoch  : 4, acc 0.280
[2024-01-15 22:10:05] [INFO]  ---client 1
[2024-01-15 22:10:20] [INFO] |  local epoch  : 0, acc 0.113
[2024-01-15 22:10:35] [INFO] |  local epoch  : 1, acc 0.113
[2024-01-15 22:10:49] [INFO] |  local epoch  : 2, acc 0.113
[2024-01-15 22:11:05] [INFO] |  local epoch  : 3, acc 0.213
[2024-01-15 22:11:20] [INFO] |  local epoch  : 4, acc 0.301
[2024-01-15 22:11:20] [INFO]  ---client 2
[2024-01-15 22:11:35] [INFO] |  local epoch  : 0, acc 0.113
[2024-01-15 22:11:49] [INFO] |  local epoch  : 1, acc 0.113
[2024-01-15 22:12:05] [INFO] |  local epoch  : 2, acc 0.113
[2024-01-15 22:12:19] [INFO] |  local epoch  : 3, acc 0.211
[2024-01-15 22:12:34] [INFO] |  local epoch  : 4, acc 0.192
[2024-01-15 22:12:40] [INFO] |servers comunicated: 0, server aggregated: 0, acc_server 0: 0.253.
[2024-01-15 22:12:40] [INFO] --------------------------------------------------
[2024-01-15 22:12:40] [INFO]   |server: 1
[2024-01-15 22:12:41] [INFO]  ---client 3
[2024-01-15 22:12:55] [INFO] |  local epoch  : 0, acc 0.132
[2024-01-15 22:13:10] [INFO] |  local epoch  : 1, acc 0.198
[2024-01-15 22:13:25] [INFO] |  local epoch  : 2, acc 0.129
[2024-01-15 22:13:40] [INFO] |  local epoch  : 3, acc 0.090
[2024-01-15 22:13:54] [INFO] |  local epoch  : 4, acc 0.214
[2024-01-15 22:13:54] [INFO]  ---client 4
[2024-01-15 22:14:09] [INFO] |  local epoch  : 0, acc 0.116
[2024-01-15 22:14:24] [INFO] |  local epoch  : 1, acc 0.195
[2024-01-15 22:14:39] [INFO] |  local epoch  : 2, acc 0.163
[2024-01-15 22:14:55] [INFO] |  local epoch  : 3, acc 0.205
[2024-01-15 22:15:10] [INFO] |  local epoch  : 4, acc 0.221
[2024-01-15 22:15:10] [INFO]  ---client 5
[2024-01-15 22:15:25] [INFO] |  local epoch  : 0, acc 0.187
[2024-01-15 22:15:40] [INFO] |  local epoch  : 1, acc 0.111
