[2024-01-15 22:06:42] [INFO] device cuda is used.
[2024-01-15 22:06:42] [INFO] cudnn is actived.
[2024-01-15 22:06:42] [INFO] 
      alpha      :  0.5  
        T        :   2   
    algorithm    :   1   
num_server_commu :  50   
num_client_commu :   5   
num_client_train :   5   
num_public_train :   5   
   batch_size    :  160  
     dataset     : mnist 
  model_select   :   1   
 num_all_client  :   9   
 num_all_server  :   3   
 num_client_data : 1200  
 num_public_data :  50   
   proportion    :  0.8  
   num_workers   :   8   
[2024-01-15 22:08:24] [INFO] --------------------------------------------------
[2024-01-15 22:08:24] [INFO] |epoch_server_commu: 0/50
[2024-01-15 22:08:24] [INFO]  |epoch_client_commu: 0/5
[2024-01-15 22:08:24] [INFO]   |server: 0
[2024-01-15 22:08:24] [INFO]  ---client 0
[2024-01-15 22:08:55] [INFO] |  local epoch  : 0, acc 0.103
[2024-01-15 22:09:09] [INFO] |  local epoch  : 1, acc 0.103
[2024-01-15 22:09:24] [INFO] |  local epoch  : 2, acc 0.142
[2024-01-15 22:09:39] [INFO] |  local epoch  : 3, acc 0.273
[2024-01-15 22:09:55] [INFO] |  local epoch  : 4, acc 0.263
[2024-01-15 22:09:55] [INFO]  ---client 1
[2024-01-15 22:10:09] [INFO] |  local epoch  : 0, acc 0.103
[2024-01-15 22:10:24] [INFO] |  local epoch  : 1, acc 0.103
[2024-01-15 22:10:39] [INFO] |  local epoch  : 2, acc 0.104
[2024-01-15 22:10:54] [INFO] |  local epoch  : 3, acc 0.100
[2024-01-15 22:11:08] [INFO] |  local epoch  : 4, acc 0.110
[2024-01-15 22:11:08] [INFO]  ---client 2
[2024-01-15 22:11:22] [INFO] |  local epoch  : 0, acc 0.103
[2024-01-15 22:11:37] [INFO] |  local epoch  : 1, acc 0.103
[2024-01-15 22:11:51] [INFO] |  local epoch  : 2, acc 0.103
[2024-01-15 22:12:05] [INFO] |  local epoch  : 3, acc 0.211
[2024-01-15 22:12:21] [INFO] |  local epoch  : 4, acc 0.230
[2024-01-15 22:12:27] [INFO] |servers comunicated: 0, server aggregated: 0, acc_server 0: 0.279.
[2024-01-15 22:12:27] [INFO] --------------------------------------------------
[2024-01-15 22:12:27] [INFO]   |server: 1
[2024-01-15 22:12:27] [INFO]  ---client 3
[2024-01-15 22:12:42] [INFO] |  local epoch  : 0, acc 0.098
[2024-01-15 22:12:56] [INFO] |  local epoch  : 1, acc 0.089
[2024-01-15 22:13:11] [INFO] |  local epoch  : 2, acc 0.089
[2024-01-15 22:13:26] [INFO] |  local epoch  : 3, acc 0.162
[2024-01-15 22:13:41] [INFO] |  local epoch  : 4, acc 0.143
[2024-01-15 22:13:41] [INFO]  ---client 4
[2024-01-15 22:13:56] [INFO] |  local epoch  : 0, acc 0.098
[2024-01-15 22:14:11] [INFO] |  local epoch  : 1, acc 0.089
[2024-01-15 22:14:26] [INFO] |  local epoch  : 2, acc 0.089
[2024-01-15 22:14:41] [INFO] |  local epoch  : 3, acc 0.089
[2024-01-15 22:14:56] [INFO] |  local epoch  : 4, acc 0.144
[2024-01-15 22:14:56] [INFO]  ---client 5
[2024-01-15 22:15:10] [INFO] |  local epoch  : 0, acc 0.098
[2024-01-15 22:15:24] [INFO] |  local epoch  : 1, acc 0.089
[2024-01-15 22:15:39] [INFO] |  local epoch  : 2, acc 0.089
