[2024-01-14 20:19:57] [INFO] device cuda is used.
[2024-01-14 20:19:57] [INFO] cudnn is actived.
[2024-01-14 20:19:57] [INFO] 
      alpha      :  0.1  
        T        :   2   
    algorithm    :   0   
num_server_commu :  50   
num_client_commu :   5   
num_client_train :   5   
num_public_train :   5   
   batch_size    :  160  
     dataset     : mnist 
  model_select   :   1   
 num_all_client  :   9   
 num_all_server  :   3   
 num_client_data : 1200  
 num_public_data :  50   
   proportion    :  0.8  
   num_workers   :   8   
[2024-01-14 20:20:00] [INFO] --------------------------------------------------
[2024-01-14 20:20:00] [INFO] |epoch_server_commu: 0/50
[2024-01-14 20:20:00] [INFO]  |epoch_client_commu: 0/5
[2024-01-14 20:20:00] [INFO]   |server: 0
[2024-01-14 20:20:00] [INFO]  ---client 0
[2024-01-14 20:20:01] [INFO] |  local epoch  : 0, acc 0.103
[2024-01-14 20:20:02] [INFO] |  local epoch  : 1, acc 0.103
[2024-01-14 20:20:02] [INFO] |  local epoch  : 2, acc 0.103
[2024-01-14 20:20:02] [INFO] |  local epoch  : 3, acc 0.103
[2024-01-14 20:20:03] [INFO] |  local epoch  : 4, acc 0.103
