[2024-01-15 21:15:01] [INFO] device cuda is used.
[2024-01-15 21:15:01] [INFO] cudnn is actived.
[2024-01-15 21:15:01] [INFO] 
      alpha      :  0.1  
        T        :   2   
    algorithm    :   0   
num_server_commu :   3   
num_client_commu :   5   
num_client_train :   5   
num_public_train :   5   
   batch_size    :  160  
     dataset     : mnist 
  model_select   :   1   
 num_all_client  :   9   
 num_all_server  :   3   
 num_client_data : 1200  
 num_public_data :  50   
   proportion    :  0.8  
   num_workers   :   8   
[2024-01-15 21:15:04] [INFO] --------------------------------------------------
[2024-01-15 21:15:04] [INFO] |epoch_server_commu: 0/3
[2024-01-15 21:15:04] [INFO]  |epoch_client_commu: 0/5
[2024-01-15 21:15:04] [INFO]   |server: 0
[2024-01-15 21:15:04] [INFO]  ---client 0
[2024-01-15 21:15:05] [INFO] |  local epoch  : 0, acc 0.098
[2024-01-15 21:15:05] [INFO] |  local epoch  : 1, acc 0.098
[2024-01-15 21:15:06] [INFO] |  local epoch  : 2, acc 0.202
[2024-01-15 21:15:06] [INFO] |  local epoch  : 3, acc 0.273
[2024-01-15 21:15:06] [INFO] |  local epoch  : 4, acc 0.301
[2024-01-15 21:15:06] [INFO]  ---client 1
[2024-01-15 21:15:07] [INFO] |  local epoch  : 0, acc 0.098
[2024-01-15 21:15:07] [INFO] |  local epoch  : 1, acc 0.098
[2024-01-15 21:15:07] [INFO] |  local epoch  : 2, acc 0.108
[2024-01-15 21:15:08] [INFO] |  local epoch  : 3, acc 0.217
[2024-01-15 21:15:08] [INFO] |  local epoch  : 4, acc 0.302
[2024-01-15 21:15:08] [INFO]  ---client 2
[2024-01-15 21:15:09] [INFO] |  local epoch  : 0, acc 0.098
[2024-01-15 21:15:09] [INFO] |  local epoch  : 1, acc 0.098
[2024-01-15 21:15:09] [INFO] |  local epoch  : 2, acc 0.184
[2024-01-15 21:15:10] [INFO] |  local epoch  : 3, acc 0.285
[2024-01-15 21:15:10] [INFO] |  local epoch  : 4, acc 0.280
[2024-01-15 21:15:10] [INFO] |servers comunicated: 0, server aggregated: 0, acc_server 0: 0.301.
[2024-01-15 21:15:10] [INFO] --------------------------------------------------
[2024-01-15 21:15:10] [INFO]   |server: 1
[2024-01-15 21:15:10] [INFO]  ---client 3
[2024-01-15 21:15:10] [INFO] |  local epoch  : 0, acc 0.098
[2024-01-15 21:15:11] [INFO] |  local epoch  : 1, acc 0.145
[2024-01-15 21:15:11] [INFO] |  local epoch  : 2, acc 0.191
[2024-01-15 21:15:11] [INFO] |  local epoch  : 3, acc 0.193
[2024-01-15 21:15:12] [INFO] |  local epoch  : 4, acc 0.201
[2024-01-15 21:15:12] [INFO]  ---client 4
[2024-01-15 21:15:12] [INFO] |  local epoch  : 0, acc 0.098
[2024-01-15 21:15:12] [INFO] |  local epoch  : 1, acc 0.098
[2024-01-15 21:15:13] [INFO] |  local epoch  : 2, acc 0.119
[2024-01-15 21:15:13] [INFO] |  local epoch  : 3, acc 0.196
[2024-01-15 21:15:13] [INFO] |  local epoch  : 4, acc 0.230
[2024-01-15 21:15:13] [INFO]  ---client 5
[2024-01-15 21:15:14] [INFO] |  local epoch  : 0, acc 0.098
[2024-01-15 21:15:14] [INFO] |  local epoch  : 1, acc 0.135
[2024-01-15 21:15:14] [INFO] |  local epoch  : 2, acc 0.189
[2024-01-15 21:15:15] [INFO] |  local epoch  : 3, acc 0.189
[2024-01-15 21:15:15] [INFO] |  local epoch  : 4, acc 0.257
[2024-01-15 21:15:15] [INFO] |servers comunicated: 0, server aggregated: 0, acc_server 1: 0.237.
[2024-01-15 21:15:15] [INFO] --------------------------------------------------
[2024-01-15 21:15:15] [INFO]   |server: 2
[2024-01-15 21:15:15] [INFO]  ---client 6
[2024-01-15 21:15:16] [INFO] |  local epoch  : 0, acc 0.128
[2024-01-15 21:15:16] [INFO] |  local epoch  : 1, acc 0.122
[2024-01-15 21:15:16] [INFO] |  local epoch  : 2, acc 0.103
[2024-01-15 21:15:17] [INFO] |  local epoch  : 3, acc 0.267
[2024-01-15 21:15:17] [INFO] |  local epoch  : 4, acc 0.292
[2024-01-15 21:15:17] [INFO]  ---client 7
[2024-01-15 21:15:17] [INFO] |  local epoch  : 0, acc 0.115
[2024-01-15 21:15:18] [INFO] |  local epoch  : 1, acc 0.133
[2024-01-15 21:15:18] [INFO] |  local epoch  : 2, acc 0.104
[2024-01-15 21:15:18] [INFO] |  local epoch  : 3, acc 0.271
[2024-01-15 21:15:19] [INFO] |  local epoch  : 4, acc 0.272
[2024-01-15 21:15:19] [INFO]  ---client 8
[2024-01-15 21:15:19] [INFO] |  local epoch  : 0, acc 0.127
[2024-01-15 21:15:19] [INFO] |  local epoch  : 1, acc 0.120
[2024-01-15 21:15:20] [INFO] |  local epoch  : 2, acc 0.103
[2024-01-15 21:15:20] [INFO] |  local epoch  : 3, acc 0.261
[2024-01-15 21:15:20] [INFO] |  local epoch  : 4, acc 0.346
[2024-01-15 21:15:21] [INFO] |servers comunicated: 0, server aggregated: 0, acc_server 2: 0.324.
[2024-01-15 21:15:21] [INFO] --------------------------------------------------
[2024-01-15 21:15:21] [INFO]  |epoch_client_commu: 1/5
[2024-01-15 21:15:21] [INFO]   |server: 0
[2024-01-15 21:15:21] [INFO]  ---client 0
[2024-01-15 21:15:21] [INFO] |  local epoch  : 0, acc 0.303
[2024-01-15 21:15:21] [INFO] |  local epoch  : 1, acc 0.303
[2024-01-15 21:15:22] [INFO] |  local epoch  : 2, acc 0.304
[2024-01-15 21:15:22] [INFO] |  local epoch  : 3, acc 0.306
[2024-01-15 21:15:22] [INFO] |  local epoch  : 4, acc 0.306
[2024-01-15 21:15:22] [INFO]  ---client 1
[2024-01-15 21:15:23] [INFO] |  local epoch  : 0, acc 0.304
[2024-01-15 21:15:23] [INFO] |  local epoch  : 1, acc 0.303
[2024-01-15 21:15:23] [INFO] |  local epoch  : 2, acc 0.304
[2024-01-15 21:15:24] [INFO] |  local epoch  : 3, acc 0.307
[2024-01-15 21:15:24] [INFO] |  local epoch  : 4, acc 0.307
[2024-01-15 21:15:24] [INFO]  ---client 2
[2024-01-15 21:15:24] [INFO] |  local epoch  : 0, acc 0.300
[2024-01-15 21:15:25] [INFO] |  local epoch  : 1, acc 0.301
[2024-01-15 21:15:25] [INFO] |  local epoch  : 2, acc 0.305
[2024-01-15 21:15:26] [INFO] |  local epoch  : 3, acc 0.304
[2024-01-15 21:15:26] [INFO] |  local epoch  : 4, acc 0.306
[2024-01-15 21:15:26] [INFO] |servers comunicated: 0, server aggregated: 1, acc_server 0: 0.308.
[2024-01-15 21:15:26] [INFO] --------------------------------------------------
[2024-01-15 21:15:26] [INFO]   |server: 1
[2024-01-15 21:15:26] [INFO]  ---client 3
[2024-01-15 21:15:26] [INFO] |  local epoch  : 0, acc 0.239
[2024-01-15 21:15:27] [INFO] |  local epoch  : 1, acc 0.200
[2024-01-15 21:15:27] [INFO] |  local epoch  : 2, acc 0.234
[2024-01-15 21:15:27] [INFO] |  local epoch  : 3, acc 0.246
[2024-01-15 21:15:28] [INFO] |  local epoch  : 4, acc 0.245
[2024-01-15 21:15:28] [INFO]  ---client 4
[2024-01-15 21:15:28] [INFO] |  local epoch  : 0, acc 0.220
[2024-01-15 21:15:28] [INFO] |  local epoch  : 1, acc 0.226
[2024-01-15 21:15:29] [INFO] |  local epoch  : 2, acc 0.255
[2024-01-15 21:15:29] [INFO] |  local epoch  : 3, acc 0.258
[2024-01-15 21:15:29] [INFO] |  local epoch  : 4, acc 0.249
[2024-01-15 21:15:29] [INFO]  ---client 5
[2024-01-15 21:15:30] [INFO] |  local epoch  : 0, acc 0.205
[2024-01-15 21:15:30] [INFO] |  local epoch  : 1, acc 0.252
[2024-01-15 21:15:31] [INFO] |  local epoch  : 2, acc 0.249
[2024-01-15 21:15:31] [INFO] |  local epoch  : 3, acc 0.255
[2024-01-15 21:15:31] [INFO] |  local epoch  : 4, acc 0.257
[2024-01-15 21:15:31] [INFO] |servers comunicated: 0, server aggregated: 1, acc_server 1: 0.259.
[2024-01-15 21:15:31] [INFO] --------------------------------------------------
[2024-01-15 21:15:31] [INFO]   |server: 2
[2024-01-15 21:15:31] [INFO]  ---client 6
[2024-01-15 21:15:32] [INFO] |  local epoch  : 0, acc 0.319
[2024-01-15 21:15:32] [INFO] |  local epoch  : 1, acc 0.324
[2024-01-15 21:15:33] [INFO] |  local epoch  : 2, acc 0.342
[2024-01-15 21:15:33] [INFO] |  local epoch  : 3, acc 0.341
[2024-01-15 21:15:33] [INFO] |  local epoch  : 4, acc 0.342
[2024-01-15 21:15:33] [INFO]  ---client 7
[2024-01-15 21:15:34] [INFO] |  local epoch  : 0, acc 0.298
[2024-01-15 21:15:34] [INFO] |  local epoch  : 1, acc 0.292
[2024-01-15 21:15:34] [INFO] |  local epoch  : 2, acc 0.349
[2024-01-15 21:15:35] [INFO] |  local epoch  : 3, acc 0.332
[2024-01-15 21:15:35] [INFO] |  local epoch  : 4, acc 0.353
[2024-01-15 21:15:35] [INFO]  ---client 8
[2024-01-15 21:15:35] [INFO] |  local epoch  : 0, acc 0.350
[2024-01-15 21:15:36] [INFO] |  local epoch  : 1, acc 0.304
[2024-01-15 21:15:36] [INFO] |  local epoch  : 2, acc 0.353
[2024-01-15 21:15:36] [INFO] |  local epoch  : 3, acc 0.354
[2024-01-15 21:15:37] [INFO] |  local epoch  : 4, acc 0.356
[2024-01-15 21:15:37] [INFO] |servers comunicated: 0, server aggregated: 1, acc_server 2: 0.359.
[2024-01-15 21:15:37] [INFO] --------------------------------------------------
[2024-01-15 21:15:37] [INFO]  |epoch_client_commu: 2/5
[2024-01-15 21:15:37] [INFO]   |server: 0
[2024-01-15 21:15:37] [INFO]  ---client 0
[2024-01-15 21:15:37] [INFO] |  local epoch  : 0, acc 0.304
[2024-01-15 21:15:38] [INFO] |  local epoch  : 1, acc 0.306
[2024-01-15 21:15:38] [INFO] |  local epoch  : 2, acc 0.306
[2024-01-15 21:15:38] [INFO] |  local epoch  : 3, acc 0.307
[2024-01-15 21:15:39] [INFO] |  local epoch  : 4, acc 0.308
[2024-01-15 21:15:39] [INFO]  ---client 1
[2024-01-15 21:15:39] [INFO] |  local epoch  : 0, acc 0.307
[2024-01-15 21:15:39] [INFO] |  local epoch  : 1, acc 0.306
[2024-01-15 21:15:40] [INFO] |  local epoch  : 2, acc 0.308
[2024-01-15 21:15:40] [INFO] |  local epoch  : 3, acc 0.308
[2024-01-15 21:15:40] [INFO] |  local epoch  : 4, acc 0.308
[2024-01-15 21:15:40] [INFO]  ---client 2
[2024-01-15 21:15:41] [INFO] |  local epoch  : 0, acc 0.308
[2024-01-15 21:15:41] [INFO] |  local epoch  : 1, acc 0.309
[2024-01-15 21:15:41] [INFO] |  local epoch  : 2, acc 0.310
[2024-01-15 21:15:42] [INFO] |  local epoch  : 3, acc 0.309
[2024-01-15 21:15:42] [INFO] |  local epoch  : 4, acc 0.309
[2024-01-15 21:15:42] [INFO] |servers comunicated: 0, server aggregated: 2, acc_server 0: 0.309.
[2024-01-15 21:15:42] [INFO] --------------------------------------------------
[2024-01-15 21:15:42] [INFO]   |server: 1
[2024-01-15 21:15:42] [INFO]  ---client 3
[2024-01-15 21:15:43] [INFO] |  local epoch  : 0, acc 0.263
[2024-01-15 21:15:43] [INFO] |  local epoch  : 1, acc 0.265
[2024-01-15 21:15:43] [INFO] |  local epoch  : 2, acc 0.264
[2024-01-15 21:15:44] [INFO] |  local epoch  : 3, acc 0.266
[2024-01-15 21:15:44] [INFO] |  local epoch  : 4, acc 0.267
[2024-01-15 21:15:44] [INFO]  ---client 4
[2024-01-15 21:15:44] [INFO] |  local epoch  : 0, acc 0.263
[2024-01-15 21:15:45] [INFO] |  local epoch  : 1, acc 0.266
[2024-01-15 21:15:45] [INFO] |  local epoch  : 2, acc 0.269
[2024-01-15 21:15:45] [INFO] |  local epoch  : 3, acc 0.267
[2024-01-15 21:15:46] [INFO] |  local epoch  : 4, acc 0.266
[2024-01-15 21:15:46] [INFO]  ---client 5
[2024-01-15 21:15:46] [INFO] |  local epoch  : 0, acc 0.263
[2024-01-15 21:15:46] [INFO] |  local epoch  : 1, acc 0.266
[2024-01-15 21:15:47] [INFO] |  local epoch  : 2, acc 0.268
[2024-01-15 21:15:47] [INFO] |  local epoch  : 3, acc 0.260
[2024-01-15 21:15:47] [INFO] |  local epoch  : 4, acc 0.269
[2024-01-15 21:15:48] [INFO] |servers comunicated: 0, server aggregated: 2, acc_server 1: 0.270.
[2024-01-15 21:15:48] [INFO] --------------------------------------------------
[2024-01-15 21:15:48] [INFO]   |server: 2
[2024-01-15 21:15:48] [INFO]  ---client 6
[2024-01-15 21:15:48] [INFO] |  local epoch  : 0, acc 0.361
[2024-01-15 21:15:48] [INFO] |  local epoch  : 1, acc 0.363
[2024-01-15 21:15:49] [INFO] |  local epoch  : 2, acc 0.363
[2024-01-15 21:15:49] [INFO] |  local epoch  : 3, acc 0.360
[2024-01-15 21:15:49] [INFO] |  local epoch  : 4, acc 0.368
[2024-01-15 21:15:49] [INFO]  ---client 7
[2024-01-15 21:15:50] [INFO] |  local epoch  : 0, acc 0.350
[2024-01-15 21:15:50] [INFO] |  local epoch  : 1, acc 0.356
[2024-01-15 21:15:50] [INFO] |  local epoch  : 2, acc 0.353
[2024-01-15 21:15:51] [INFO] |  local epoch  : 3, acc 0.365
[2024-01-15 21:15:51] [INFO] |  local epoch  : 4, acc 0.367
[2024-01-15 21:15:51] [INFO]  ---client 8
[2024-01-15 21:15:51] [INFO] |  local epoch  : 0, acc 0.358
[2024-01-15 21:15:52] [INFO] |  local epoch  : 1, acc 0.364
[2024-01-15 21:15:52] [INFO] |  local epoch  : 2, acc 0.365
[2024-01-15 21:15:52] [INFO] |  local epoch  : 3, acc 0.362
[2024-01-15 21:15:53] [INFO] |  local epoch  : 4, acc 0.367
[2024-01-15 21:15:53] [INFO] |servers comunicated: 0, server aggregated: 2, acc_server 2: 0.368.
[2024-01-15 21:15:53] [INFO] --------------------------------------------------
[2024-01-15 21:15:53] [INFO]  |epoch_client_commu: 3/5
[2024-01-15 21:15:53] [INFO]   |server: 0
[2024-01-15 21:15:53] [INFO]  ---client 0
[2024-01-15 21:15:53] [INFO] |  local epoch  : 0, acc 0.309
[2024-01-15 21:15:54] [INFO] |  local epoch  : 1, acc 0.308
[2024-01-15 21:15:54] [INFO] |  local epoch  : 2, acc 0.309
[2024-01-15 21:15:54] [INFO] |  local epoch  : 3, acc 0.309
[2024-01-15 21:15:55] [INFO] |  local epoch  : 4, acc 0.310
[2024-01-15 21:15:55] [INFO]  ---client 1
[2024-01-15 21:15:55] [INFO] |  local epoch  : 0, acc 0.309
[2024-01-15 21:15:55] [INFO] |  local epoch  : 1, acc 0.308
[2024-01-15 21:15:56] [INFO] |  local epoch  : 2, acc 0.309
[2024-01-15 21:15:56] [INFO] |  local epoch  : 3, acc 0.306
[2024-01-15 21:15:56] [INFO] |  local epoch  : 4, acc 0.310
[2024-01-15 21:15:56] [INFO]  ---client 2
[2024-01-15 21:15:57] [INFO] |  local epoch  : 0, acc 0.310
[2024-01-15 21:15:57] [INFO] |  local epoch  : 1, acc 0.309
[2024-01-15 21:15:57] [INFO] |  local epoch  : 2, acc 0.310
[2024-01-15 21:15:58] [INFO] |  local epoch  : 3, acc 0.307
[2024-01-15 21:15:58] [INFO] |  local epoch  : 4, acc 0.311
[2024-01-15 21:15:58] [INFO] |servers comunicated: 0, server aggregated: 3, acc_server 0: 0.311.
[2024-01-15 21:15:58] [INFO] --------------------------------------------------
[2024-01-15 21:15:58] [INFO]   |server: 1
[2024-01-15 21:15:58] [INFO]  ---client 3
[2024-01-15 21:15:59] [INFO] |  local epoch  : 0, acc 0.268
[2024-01-15 21:15:59] [INFO] |  local epoch  : 1, acc 0.272
[2024-01-15 21:15:59] [INFO] |  local epoch  : 2, acc 0.271
[2024-01-15 21:16:00] [INFO] |  local epoch  : 3, acc 0.273
[2024-01-15 21:16:00] [INFO] |  local epoch  : 4, acc 0.272
[2024-01-15 21:16:00] [INFO]  ---client 4
[2024-01-15 21:16:00] [INFO] |  local epoch  : 0, acc 0.269
[2024-01-15 21:16:01] [INFO] |  local epoch  : 1, acc 0.271
[2024-01-15 21:16:01] [INFO] |  local epoch  : 2, acc 0.267
[2024-01-15 21:16:02] [INFO] |  local epoch  : 3, acc 0.271
[2024-01-15 21:16:02] [INFO] |  local epoch  : 4, acc 0.268
[2024-01-15 21:16:02] [INFO]  ---client 5
[2024-01-15 21:16:02] [INFO] |  local epoch  : 0, acc 0.270
[2024-01-15 21:16:03] [INFO] |  local epoch  : 1, acc 0.271
[2024-01-15 21:16:03] [INFO] |  local epoch  : 2, acc 0.273
[2024-01-15 21:16:03] [INFO] |  local epoch  : 3, acc 0.270
[2024-01-15 21:16:04] [INFO] |  local epoch  : 4, acc 0.272
[2024-01-15 21:16:04] [INFO] |servers comunicated: 0, server aggregated: 3, acc_server 1: 0.273.
[2024-01-15 21:16:04] [INFO] --------------------------------------------------
[2024-01-15 21:16:04] [INFO]   |server: 2
[2024-01-15 21:16:04] [INFO]  ---client 6
[2024-01-15 21:16:04] [INFO] |  local epoch  : 0, acc 0.367
[2024-01-15 21:16:04] [INFO] |  local epoch  : 1, acc 0.364
[2024-01-15 21:16:05] [INFO] |  local epoch  : 2, acc 0.366
[2024-01-15 21:16:05] [INFO] |  local epoch  : 3, acc 0.366
[2024-01-15 21:16:05] [INFO] |  local epoch  : 4, acc 0.371
[2024-01-15 21:16:05] [INFO]  ---client 7
[2024-01-15 21:16:06] [INFO] |  local epoch  : 0, acc 0.369
[2024-01-15 21:16:06] [INFO] |  local epoch  : 1, acc 0.369
[2024-01-15 21:16:07] [INFO] |  local epoch  : 2, acc 0.365
[2024-01-15 21:16:07] [INFO] |  local epoch  : 3, acc 0.370
[2024-01-15 21:16:07] [INFO] |  local epoch  : 4, acc 0.370
[2024-01-15 21:16:07] [INFO]  ---client 8
[2024-01-15 21:16:08] [INFO] |  local epoch  : 0, acc 0.367
[2024-01-15 21:16:08] [INFO] |  local epoch  : 1, acc 0.369
[2024-01-15 21:16:08] [INFO] |  local epoch  : 2, acc 0.371
[2024-01-15 21:16:09] [INFO] |  local epoch  : 3, acc 0.368
[2024-01-15 21:16:09] [INFO] |  local epoch  : 4, acc 0.370
[2024-01-15 21:16:09] [INFO] |servers comunicated: 0, server aggregated: 3, acc_server 2: 0.372.
[2024-01-15 21:16:09] [INFO] --------------------------------------------------
[2024-01-15 21:16:09] [INFO]  |epoch_client_commu: 4/5
[2024-01-15 21:16:09] [INFO]   |server: 0
[2024-01-15 21:16:09] [INFO]  ---client 0
[2024-01-15 21:16:09] [INFO] |  local epoch  : 0, acc 0.310
[2024-01-15 21:16:10] [INFO] |  local epoch  : 1, acc 0.311
[2024-01-15 21:16:10] [INFO] |  local epoch  : 2, acc 0.309
[2024-01-15 21:16:11] [INFO] |  local epoch  : 3, acc 0.310
[2024-01-15 21:16:11] [INFO] |  local epoch  : 4, acc 0.308
[2024-01-15 21:16:11] [INFO]  ---client 1
[2024-01-15 21:16:11] [INFO] |  local epoch  : 0, acc 0.308
[2024-01-15 21:16:12] [INFO] |  local epoch  : 1, acc 0.311
[2024-01-15 21:16:12] [INFO] |  local epoch  : 2, acc 0.310
[2024-01-15 21:16:12] [INFO] |  local epoch  : 3, acc 0.310
[2024-01-15 21:16:13] [INFO] |  local epoch  : 4, acc 0.310
[2024-01-15 21:16:13] [INFO]  ---client 2
[2024-01-15 21:16:13] [INFO] |  local epoch  : 0, acc 0.308
[2024-01-15 21:16:13] [INFO] |  local epoch  : 1, acc 0.311
[2024-01-15 21:16:14] [INFO] |  local epoch  : 2, acc 0.312
[2024-01-15 21:16:14] [INFO] |  local epoch  : 3, acc 0.310
[2024-01-15 21:16:14] [INFO] |  local epoch  : 4, acc 0.311
[2024-01-15 21:16:14] [INFO] |servers comunicated: 0, server aggregated: 4, acc_server 0: 0.311.
[2024-01-15 21:16:14] [INFO] --------------------------------------------------
[2024-01-15 21:16:14] [INFO]   |server: 1
[2024-01-15 21:16:14] [INFO]  ---client 3
[2024-01-15 21:16:15] [INFO] |  local epoch  : 0, acc 0.274
[2024-01-15 21:16:15] [INFO] |  local epoch  : 1, acc 0.272
[2024-01-15 21:16:16] [INFO] |  local epoch  : 2, acc 0.273
[2024-01-15 21:16:16] [INFO] |  local epoch  : 3, acc 0.270
[2024-01-15 21:16:16] [INFO] |  local epoch  : 4, acc 0.273
[2024-01-15 21:16:16] [INFO]  ---client 4
[2024-01-15 21:16:17] [INFO] |  local epoch  : 0, acc 0.273
[2024-01-15 21:16:17] [INFO] |  local epoch  : 1, acc 0.274
[2024-01-15 21:16:17] [INFO] |  local epoch  : 2, acc 0.271
[2024-01-15 21:16:18] [INFO] |  local epoch  : 3, acc 0.272
[2024-01-15 21:16:18] [INFO] |  local epoch  : 4, acc 0.266
[2024-01-15 21:16:18] [INFO]  ---client 5
[2024-01-15 21:16:18] [INFO] |  local epoch  : 0, acc 0.275
[2024-01-15 21:16:19] [INFO] |  local epoch  : 1, acc 0.272
[2024-01-15 21:16:19] [INFO] |  local epoch  : 2, acc 0.271
[2024-01-15 21:16:19] [INFO] |  local epoch  : 3, acc 0.275
[2024-01-15 21:16:20] [INFO] |  local epoch  : 4, acc 0.275
[2024-01-15 21:16:20] [INFO] |servers comunicated: 0, server aggregated: 4, acc_server 1: 0.273.
[2024-01-15 21:16:20] [INFO] --------------------------------------------------
[2024-01-15 21:16:20] [INFO]   |server: 2
[2024-01-15 21:16:20] [INFO]  ---client 6
[2024-01-15 21:16:20] [INFO] |  local epoch  : 0, acc 0.370
[2024-01-15 21:16:21] [INFO] |  local epoch  : 1, acc 0.368
[2024-01-15 21:16:21] [INFO] |  local epoch  : 2, acc 0.371
[2024-01-15 21:16:21] [INFO] |  local epoch  : 3, acc 0.367
[2024-01-15 21:16:22] [INFO] |  local epoch  : 4, acc 0.373
[2024-01-15 21:16:22] [INFO]  ---client 7
[2024-01-15 21:16:22] [INFO] |  local epoch  : 0, acc 0.372
[2024-01-15 21:16:22] [INFO] |  local epoch  : 1, acc 0.373
[2024-01-15 21:16:23] [INFO] |  local epoch  : 2, acc 0.367
[2024-01-15 21:16:23] [INFO] |  local epoch  : 3, acc 0.373
[2024-01-15 21:16:23] [INFO] |  local epoch  : 4, acc 0.374
[2024-01-15 21:16:23] [INFO]  ---client 8
[2024-01-15 21:16:24] [INFO] |  local epoch  : 0, acc 0.371
[2024-01-15 21:16:24] [INFO] |  local epoch  : 1, acc 0.368
[2024-01-15 21:16:24] [INFO] |  local epoch  : 2, acc 0.372
[2024-01-15 21:16:25] [INFO] |  local epoch  : 3, acc 0.368
[2024-01-15 21:16:25] [INFO] |  local epoch  : 4, acc 0.369
[2024-01-15 21:16:25] [INFO] |servers comunicated: 0, server aggregated: 4, acc_server 2: 0.373.
[2024-01-15 21:16:25] [INFO] --------------------------------------------------
[2024-01-15 21:16:25] [INFO]      ********  servers comunicates  ********      
[2024-01-15 21:16:25] [INFO] --------------------------------------------------
[2024-01-15 21:16:25] [INFO] |epoch_server_commu: 1/3
[2024-01-15 21:16:25] [INFO]  |epoch_client_commu: 0/5
[2024-01-15 21:16:25] [INFO]   |server: 0
[2024-01-15 21:16:25] [INFO]  ---client 0
[2024-01-15 21:16:25] [INFO] |  local epoch  : 0, acc 0.310
[2024-01-15 21:16:26] [INFO] |  local epoch  : 1, acc 0.311
[2024-01-15 21:16:26] [INFO] |  local epoch  : 2, acc 0.309
[2024-01-15 21:16:27] [INFO] |  local epoch  : 3, acc 0.310
[2024-01-15 21:16:27] [INFO] |  local epoch  : 4, acc 0.311
[2024-01-15 21:16:28] [INFO] | distill epoch : 0, acc 0.311
[2024-01-15 21:16:28] [INFO] | distill epoch : 1, acc 0.311
[2024-01-15 21:16:28] [INFO] | distill epoch : 2, acc 0.311
[2024-01-15 21:16:29] [INFO] | distill epoch : 3, acc 0.311
[2024-01-15 21:16:29] [INFO] | distill epoch : 4, acc 0.311
[2024-01-15 21:16:29] [INFO]  ---client 1
[2024-01-15 21:16:29] [INFO] |  local epoch  : 0, acc 0.311
[2024-01-15 21:16:30] [INFO] |  local epoch  : 1, acc 0.311
[2024-01-15 21:16:30] [INFO] |  local epoch  : 2, acc 0.312
[2024-01-15 21:16:31] [INFO] |  local epoch  : 3, acc 0.311
[2024-01-15 21:16:31] [INFO] |  local epoch  : 4, acc 0.310
[2024-01-15 21:16:31] [INFO] | distill epoch : 0, acc 0.310
[2024-01-15 21:16:32] [INFO] | distill epoch : 1, acc 0.310
[2024-01-15 21:16:32] [INFO] | distill epoch : 2, acc 0.310
[2024-01-15 21:16:32] [INFO] | distill epoch : 3, acc 0.310
[2024-01-15 21:16:33] [INFO] | distill epoch : 4, acc 0.310
[2024-01-15 21:16:33] [INFO]  ---client 2
[2024-01-15 21:16:33] [INFO] |  local epoch  : 0, acc 0.311
[2024-01-15 21:16:34] [INFO] |  local epoch  : 1, acc 0.312
[2024-01-15 21:16:34] [INFO] |  local epoch  : 2, acc 0.311
[2024-01-15 21:16:34] [INFO] |  local epoch  : 3, acc 0.312
[2024-01-15 21:16:35] [INFO] |  local epoch  : 4, acc 0.311
[2024-01-15 21:16:35] [INFO] | distill epoch : 0, acc 0.311
[2024-01-15 21:16:35] [INFO] | distill epoch : 1, acc 0.311
[2024-01-15 21:16:36] [INFO] | distill epoch : 2, acc 0.311
[2024-01-15 21:16:36] [INFO] | distill epoch : 3, acc 0.311
[2024-01-15 21:16:36] [INFO] | distill epoch : 4, acc 0.311
[2024-01-15 21:16:37] [INFO] |servers comunicated: 1, server aggregated: 0, acc_server 0: 0.311.
[2024-01-15 21:16:37] [INFO] --------------------------------------------------
[2024-01-15 21:16:37] [INFO]   |server: 1
[2024-01-15 21:16:37] [INFO]  ---client 3
[2024-01-15 21:16:37] [INFO] |  local epoch  : 0, acc 0.274
[2024-01-15 21:16:37] [INFO] |  local epoch  : 1, acc 0.274
[2024-01-15 21:16:38] [INFO] |  local epoch  : 2, acc 0.273
[2024-01-15 21:16:38] [INFO] |  local epoch  : 3, acc 0.274
[2024-01-15 21:16:39] [INFO] |  local epoch  : 4, acc 0.275
[2024-01-15 21:16:39] [INFO] | distill epoch : 0, acc 0.275
[2024-01-15 21:16:39] [INFO] | distill epoch : 1, acc 0.275
[2024-01-15 21:16:40] [INFO] | distill epoch : 2, acc 0.275
[2024-01-15 21:16:40] [INFO] | distill epoch : 3, acc 0.275
[2024-01-15 21:16:40] [INFO] | distill epoch : 4, acc 0.275
[2024-01-15 21:16:40] [INFO]  ---client 4
[2024-01-15 21:16:41] [INFO] |  local epoch  : 0, acc 0.274
[2024-01-15 21:16:41] [INFO] |  local epoch  : 1, acc 0.276
[2024-01-15 21:16:41] [INFO] |  local epoch  : 2, acc 0.275
[2024-01-15 21:16:42] [INFO] |  local epoch  : 3, acc 0.275
[2024-01-15 21:16:42] [INFO] |  local epoch  : 4, acc 0.273
[2024-01-15 21:16:43] [INFO] | distill epoch : 0, acc 0.274
[2024-01-15 21:16:43] [INFO] | distill epoch : 1, acc 0.274
[2024-01-15 21:16:43] [INFO] | distill epoch : 2, acc 0.274
[2024-01-15 21:16:44] [INFO] | distill epoch : 3, acc 0.274
[2024-01-15 21:16:44] [INFO] | distill epoch : 4, acc 0.274
[2024-01-15 21:16:44] [INFO]  ---client 5
[2024-01-15 21:16:44] [INFO] |  local epoch  : 0, acc 0.275
[2024-01-15 21:16:45] [INFO] |  local epoch  : 1, acc 0.274
[2024-01-15 21:16:45] [INFO] |  local epoch  : 2, acc 0.275
[2024-01-15 21:16:46] [INFO] |  local epoch  : 3, acc 0.274
[2024-01-15 21:16:46] [INFO] |  local epoch  : 4, acc 0.274
[2024-01-15 21:16:46] [INFO] | distill epoch : 0, acc 0.275
[2024-01-15 21:16:47] [INFO] | distill epoch : 1, acc 0.275
[2024-01-15 21:16:47] [INFO] | distill epoch : 2, acc 0.275
[2024-01-15 21:16:47] [INFO] | distill epoch : 3, acc 0.275
[2024-01-15 21:16:48] [INFO] | distill epoch : 4, acc 0.275
[2024-01-15 21:16:48] [INFO] |servers comunicated: 1, server aggregated: 0, acc_server 1: 0.275.
[2024-01-15 21:16:48] [INFO] --------------------------------------------------
[2024-01-15 21:16:48] [INFO]   |server: 2
[2024-01-15 21:16:48] [INFO]  ---client 6
[2024-01-15 21:16:48] [INFO] |  local epoch  : 0, acc 0.374
[2024-01-15 21:16:49] [INFO] |  local epoch  : 1, acc 0.372
[2024-01-15 21:16:49] [INFO] |  local epoch  : 2, acc 0.374
[2024-01-15 21:16:49] [INFO] |  local epoch  : 3, acc 0.374
[2024-01-15 21:16:50] [INFO] |  local epoch  : 4, acc 0.374
[2024-01-15 21:16:50] [INFO] | distill epoch : 0, acc 0.373
[2024-01-15 21:16:51] [INFO] | distill epoch : 1, acc 0.373
[2024-01-15 21:16:51] [INFO] | distill epoch : 2, acc 0.373
[2024-01-15 21:16:51] [INFO] | distill epoch : 3, acc 0.373
[2024-01-15 21:16:52] [INFO] | distill epoch : 4, acc 0.373
[2024-01-15 21:16:52] [INFO]  ---client 7
[2024-01-15 21:16:52] [INFO] |  local epoch  : 0, acc 0.372
[2024-01-15 21:16:52] [INFO] |  local epoch  : 1, acc 0.375
[2024-01-15 21:16:53] [INFO] |  local epoch  : 2, acc 0.374
[2024-01-15 21:16:53] [INFO] |  local epoch  : 3, acc 0.373
[2024-01-15 21:16:54] [INFO] |  local epoch  : 4, acc 0.375
[2024-01-15 21:16:54] [INFO] | distill epoch : 0, acc 0.374
[2024-01-15 21:16:54] [INFO] | distill epoch : 1, acc 0.374
[2024-01-15 21:16:55] [INFO] | distill epoch : 2, acc 0.374
[2024-01-15 21:16:55] [INFO] | distill epoch : 3, acc 0.374
[2024-01-15 21:16:55] [INFO] | distill epoch : 4, acc 0.374
[2024-01-15 21:16:55] [INFO]  ---client 8
[2024-01-15 21:16:56] [INFO] |  local epoch  : 0, acc 0.373
[2024-01-15 21:16:56] [INFO] |  local epoch  : 1, acc 0.373
[2024-01-15 21:16:57] [INFO] |  local epoch  : 2, acc 0.372
[2024-01-15 21:16:57] [INFO] |  local epoch  : 3, acc 0.374
[2024-01-15 21:16:57] [INFO] |  local epoch  : 4, acc 0.374
[2024-01-15 21:16:58] [INFO] | distill epoch : 0, acc 0.373
[2024-01-15 21:16:58] [INFO] | distill epoch : 1, acc 0.373
[2024-01-15 21:16:58] [INFO] | distill epoch : 2, acc 0.373
[2024-01-15 21:16:59] [INFO] | distill epoch : 3, acc 0.373
[2024-01-15 21:16:59] [INFO] | distill epoch : 4, acc 0.373
[2024-01-15 21:16:59] [INFO] |servers comunicated: 1, server aggregated: 0, acc_server 2: 0.374.
[2024-01-15 21:16:59] [INFO] --------------------------------------------------
[2024-01-15 21:16:59] [INFO]  |epoch_client_commu: 1/5
[2024-01-15 21:16:59] [INFO]   |server: 0
[2024-01-15 21:16:59] [INFO]  ---client 0
[2024-01-15 21:17:00] [INFO] |  local epoch  : 0, acc 0.310
[2024-01-15 21:17:00] [INFO] |  local epoch  : 1, acc 0.311
[2024-01-15 21:17:00] [INFO] |  local epoch  : 2, acc 0.311
[2024-01-15 21:17:01] [INFO] |  local epoch  : 3, acc 0.309
[2024-01-15 21:17:01] [INFO] |  local epoch  : 4, acc 0.311
[2024-01-15 21:17:02] [INFO] | distill epoch : 0, acc 0.311
[2024-01-15 21:17:02] [INFO] | distill epoch : 1, acc 0.311
[2024-01-15 21:17:02] [INFO] | distill epoch : 2, acc 0.311
[2024-01-15 21:17:03] [INFO] | distill epoch : 3, acc 0.311
[2024-01-15 21:17:03] [INFO] | distill epoch : 4, acc 0.311
[2024-01-15 21:17:03] [INFO]  ---client 1
[2024-01-15 21:17:03] [INFO] |  local epoch  : 0, acc 0.312
[2024-01-15 21:17:04] [INFO] |  local epoch  : 1, acc 0.311
[2024-01-15 21:17:04] [INFO] |  local epoch  : 2, acc 0.311
[2024-01-15 21:17:05] [INFO] |  local epoch  : 3, acc 0.311
[2024-01-15 21:17:05] [INFO] |  local epoch  : 4, acc 0.311
[2024-01-15 21:17:05] [INFO] | distill epoch : 0, acc 0.311
[2024-01-15 21:17:06] [INFO] | distill epoch : 1, acc 0.311
[2024-01-15 21:17:06] [INFO] | distill epoch : 2, acc 0.311
[2024-01-15 21:17:06] [INFO] | distill epoch : 3, acc 0.311
[2024-01-15 21:17:07] [INFO] | distill epoch : 4, acc 0.311
[2024-01-15 21:17:07] [INFO]  ---client 2
[2024-01-15 21:17:07] [INFO] |  local epoch  : 0, acc 0.312
[2024-01-15 21:17:07] [INFO] |  local epoch  : 1, acc 0.311
[2024-01-15 21:17:08] [INFO] |  local epoch  : 2, acc 0.311
[2024-01-15 21:17:08] [INFO] |  local epoch  : 3, acc 0.312
[2024-01-15 21:17:09] [INFO] |  local epoch  : 4, acc 0.311
[2024-01-15 21:17:09] [INFO] | distill epoch : 0, acc 0.311
[2024-01-15 21:17:09] [INFO] | distill epoch : 1, acc 0.311
[2024-01-15 21:17:10] [INFO] | distill epoch : 2, acc 0.311
[2024-01-15 21:17:10] [INFO] | distill epoch : 3, acc 0.311
[2024-01-15 21:17:10] [INFO] | distill epoch : 4, acc 0.311
[2024-01-15 21:17:11] [INFO] |servers comunicated: 1, server aggregated: 1, acc_server 0: 0.311.
[2024-01-15 21:17:11] [INFO] --------------------------------------------------
[2024-01-15 21:17:11] [INFO]   |server: 1
[2024-01-15 21:17:11] [INFO]  ---client 3
[2024-01-15 21:17:11] [INFO] |  local epoch  : 0, acc 0.274
[2024-01-15 21:17:12] [INFO] |  local epoch  : 1, acc 0.274
[2024-01-15 21:17:12] [INFO] |  local epoch  : 2, acc 0.275
[2024-01-15 21:17:12] [INFO] |  local epoch  : 3, acc 0.275
[2024-01-15 21:17:13] [INFO] |  local epoch  : 4, acc 0.275
[2024-01-15 21:17:13] [INFO] | distill epoch : 0, acc 0.275
[2024-01-15 21:17:13] [INFO] | distill epoch : 1, acc 0.275
[2024-01-15 21:17:14] [INFO] | distill epoch : 2, acc 0.275
[2024-01-15 21:17:14] [INFO] | distill epoch : 3, acc 0.275
[2024-01-15 21:17:15] [INFO] | distill epoch : 4, acc 0.275
[2024-01-15 21:17:15] [INFO]  ---client 4
[2024-01-15 21:17:15] [INFO] |  local epoch  : 0, acc 0.276
[2024-01-15 21:17:15] [INFO] |  local epoch  : 1, acc 0.274
[2024-01-15 21:17:16] [INFO] |  local epoch  : 2, acc 0.276
[2024-01-15 21:17:16] [INFO] |  local epoch  : 3, acc 0.275
[2024-01-15 21:17:16] [INFO] |  local epoch  : 4, acc 0.272
[2024-01-15 21:17:17] [INFO] | distill epoch : 0, acc 0.273
[2024-01-15 21:17:17] [INFO] | distill epoch : 1, acc 0.273
[2024-01-15 21:17:18] [INFO] | distill epoch : 2, acc 0.273
[2024-01-15 21:17:18] [INFO] | distill epoch : 3, acc 0.273
[2024-01-15 21:17:18] [INFO] | distill epoch : 4, acc 0.273
[2024-01-15 21:17:18] [INFO]  ---client 5
[2024-01-15 21:17:19] [INFO] |  local epoch  : 0, acc 0.275
[2024-01-15 21:17:19] [INFO] |  local epoch  : 1, acc 0.276
[2024-01-15 21:17:19] [INFO] |  local epoch  : 2, acc 0.275
[2024-01-15 21:17:20] [INFO] |  local epoch  : 3, acc 0.276
[2024-01-15 21:17:20] [INFO] |  local epoch  : 4, acc 0.276
[2024-01-15 21:17:21] [INFO] | distill epoch : 0, acc 0.275
[2024-01-15 21:17:21] [INFO] | distill epoch : 1, acc 0.275
[2024-01-15 21:17:21] [INFO] | distill epoch : 2, acc 0.275
[2024-01-15 21:17:22] [INFO] | distill epoch : 3, acc 0.275
[2024-01-15 21:17:22] [INFO] | distill epoch : 4, acc 0.275
[2024-01-15 21:17:22] [INFO] |servers comunicated: 1, server aggregated: 1, acc_server 1: 0.274.
[2024-01-15 21:17:22] [INFO] --------------------------------------------------
[2024-01-15 21:17:22] [INFO]   |server: 2
[2024-01-15 21:17:22] [INFO]  ---client 6
[2024-01-15 21:17:23] [INFO] |  local epoch  : 0, acc 0.375
[2024-01-15 21:17:23] [INFO] |  local epoch  : 1, acc 0.376
[2024-01-15 21:17:23] [INFO] |  local epoch  : 2, acc 0.376
[2024-01-15 21:17:24] [INFO] |  local epoch  : 3, acc 0.375
[2024-01-15 21:17:24] [INFO] |  local epoch  : 4, acc 0.375
[2024-01-15 21:17:24] [INFO] | distill epoch : 0, acc 0.375
[2024-01-15 21:17:25] [INFO] | distill epoch : 1, acc 0.375
[2024-01-15 21:17:25] [INFO] | distill epoch : 2, acc 0.375
[2024-01-15 21:17:26] [INFO] | distill epoch : 3, acc 0.375
[2024-01-15 21:17:26] [INFO] | distill epoch : 4, acc 0.375
[2024-01-15 21:17:26] [INFO]  ---client 7
[2024-01-15 21:17:26] [INFO] |  local epoch  : 0, acc 0.376
[2024-01-15 21:17:27] [INFO] |  local epoch  : 1, acc 0.375
[2024-01-15 21:17:27] [INFO] |  local epoch  : 2, acc 0.372
[2024-01-15 21:17:27] [INFO] |  local epoch  : 3, acc 0.376
[2024-01-15 21:17:28] [INFO] |  local epoch  : 4, acc 0.374
[2024-01-15 21:17:28] [INFO] | distill epoch : 0, acc 0.373
[2024-01-15 21:17:29] [INFO] | distill epoch : 1, acc 0.373
[2024-01-15 21:17:29] [INFO] | distill epoch : 2, acc 0.373
[2024-01-15 21:17:29] [INFO] | distill epoch : 3, acc 0.373
[2024-01-15 21:17:30] [INFO] | distill epoch : 4, acc 0.373
[2024-01-15 21:17:30] [INFO]  ---client 8
[2024-01-15 21:17:30] [INFO] |  local epoch  : 0, acc 0.374
[2024-01-15 21:17:30] [INFO] |  local epoch  : 1, acc 0.372
[2024-01-15 21:17:31] [INFO] |  local epoch  : 2, acc 0.374
[2024-01-15 21:17:31] [INFO] |  local epoch  : 3, acc 0.374
[2024-01-15 21:17:31] [INFO] |  local epoch  : 4, acc 0.374
[2024-01-15 21:17:32] [INFO] | distill epoch : 0, acc 0.374
[2024-01-15 21:17:32] [INFO] | distill epoch : 1, acc 0.374
[2024-01-15 21:17:33] [INFO] | distill epoch : 2, acc 0.374
[2024-01-15 21:17:33] [INFO] | distill epoch : 3, acc 0.374
[2024-01-15 21:17:33] [INFO] | distill epoch : 4, acc 0.374
[2024-01-15 21:17:34] [INFO] |servers comunicated: 1, server aggregated: 1, acc_server 2: 0.374.
[2024-01-15 21:17:34] [INFO] --------------------------------------------------
[2024-01-15 21:17:34] [INFO]  |epoch_client_commu: 2/5
[2024-01-15 21:17:34] [INFO]   |server: 0
[2024-01-15 21:17:34] [INFO]  ---client 0
[2024-01-15 21:17:34] [INFO] |  local epoch  : 0, acc 0.309
[2024-01-15 21:17:34] [INFO] |  local epoch  : 1, acc 0.312
[2024-01-15 21:17:35] [INFO] |  local epoch  : 2, acc 0.311
[2024-01-15 21:17:35] [INFO] |  local epoch  : 3, acc 0.312
[2024-01-15 21:17:35] [INFO] |  local epoch  : 4, acc 0.310
[2024-01-15 21:17:36] [INFO] | distill epoch : 0, acc 0.310
[2024-01-15 21:17:36] [INFO] | distill epoch : 1, acc 0.310
[2024-01-15 21:17:36] [INFO] | distill epoch : 2, acc 0.310
[2024-01-15 21:17:37] [INFO] | distill epoch : 3, acc 0.310
[2024-01-15 21:17:37] [INFO] | distill epoch : 4, acc 0.310
[2024-01-15 21:17:37] [INFO]  ---client 1
[2024-01-15 21:17:38] [INFO] |  local epoch  : 0, acc 0.312
[2024-01-15 21:17:38] [INFO] |  local epoch  : 1, acc 0.311
[2024-01-15 21:17:38] [INFO] |  local epoch  : 2, acc 0.312
[2024-01-15 21:17:39] [INFO] |  local epoch  : 3, acc 0.311
[2024-01-15 21:17:39] [INFO] |  local epoch  : 4, acc 0.311
[2024-01-15 21:17:39] [INFO] | distill epoch : 0, acc 0.311
[2024-01-15 21:17:40] [INFO] | distill epoch : 1, acc 0.311
[2024-01-15 21:17:40] [INFO] | distill epoch : 2, acc 0.311
[2024-01-15 21:17:41] [INFO] | distill epoch : 3, acc 0.311
[2024-01-15 21:17:41] [INFO] | distill epoch : 4, acc 0.311
[2024-01-15 21:17:41] [INFO]  ---client 2
[2024-01-15 21:17:41] [INFO] |  local epoch  : 0, acc 0.311
[2024-01-15 21:17:42] [INFO] |  local epoch  : 1, acc 0.312
[2024-01-15 21:17:42] [INFO] |  local epoch  : 2, acc 0.311
[2024-01-15 21:17:42] [INFO] |  local epoch  : 3, acc 0.311
[2024-01-15 21:17:43] [INFO] |  local epoch  : 4, acc 0.312
[2024-01-15 21:17:43] [INFO] | distill epoch : 0, acc 0.312
[2024-01-15 21:17:44] [INFO] | distill epoch : 1, acc 0.312
[2024-01-15 21:17:44] [INFO] | distill epoch : 2, acc 0.312
[2024-01-15 21:17:44] [INFO] | distill epoch : 3, acc 0.312
[2024-01-15 21:17:45] [INFO] | distill epoch : 4, acc 0.312
[2024-01-15 21:17:45] [INFO] |servers comunicated: 1, server aggregated: 2, acc_server 0: 0.311.
[2024-01-15 21:17:45] [INFO] --------------------------------------------------
[2024-01-15 21:17:45] [INFO]   |server: 1
[2024-01-15 21:17:45] [INFO]  ---client 3
[2024-01-15 21:17:45] [INFO] |  local epoch  : 0, acc 0.274
[2024-01-15 21:17:46] [INFO] |  local epoch  : 1, acc 0.275
[2024-01-15 21:17:46] [INFO] |  local epoch  : 2, acc 0.274
[2024-01-15 21:17:46] [INFO] |  local epoch  : 3, acc 0.275
[2024-01-15 21:17:47] [INFO] |  local epoch  : 4, acc 0.276
[2024-01-15 21:17:47] [INFO] | distill epoch : 0, acc 0.276
[2024-01-15 21:17:47] [INFO] | distill epoch : 1, acc 0.276
[2024-01-15 21:17:48] [INFO] | distill epoch : 2, acc 0.276
[2024-01-15 21:17:48] [INFO] | distill epoch : 3, acc 0.276
[2024-01-15 21:17:49] [INFO] | distill epoch : 4, acc 0.276
[2024-01-15 21:17:49] [INFO]  ---client 4
[2024-01-15 21:17:49] [INFO] |  local epoch  : 0, acc 0.276
[2024-01-15 21:17:49] [INFO] |  local epoch  : 1, acc 0.275
[2024-01-15 21:17:50] [INFO] |  local epoch  : 2, acc 0.274
[2024-01-15 21:17:50] [INFO] |  local epoch  : 3, acc 0.274
[2024-01-15 21:17:50] [INFO] |  local epoch  : 4, acc 0.275
[2024-01-15 21:17:51] [INFO] | distill epoch : 0, acc 0.274
[2024-01-15 21:17:51] [INFO] | distill epoch : 1, acc 0.274
[2024-01-15 21:17:52] [INFO] | distill epoch : 2, acc 0.274
[2024-01-15 21:17:52] [INFO] | distill epoch : 3, acc 0.274
[2024-01-15 21:17:52] [INFO] | distill epoch : 4, acc 0.274
[2024-01-15 21:17:52] [INFO]  ---client 5
[2024-01-15 21:17:53] [INFO] |  local epoch  : 0, acc 0.275
[2024-01-15 21:17:53] [INFO] |  local epoch  : 1, acc 0.276
[2024-01-15 21:17:53] [INFO] |  local epoch  : 2, acc 0.275
[2024-01-15 21:17:54] [INFO] |  local epoch  : 3, acc 0.276
[2024-01-15 21:17:54] [INFO] |  local epoch  : 4, acc 0.276
[2024-01-15 21:17:55] [INFO] | distill epoch : 0, acc 0.276
[2024-01-15 21:17:55] [INFO] | distill epoch : 1, acc 0.276
[2024-01-15 21:17:55] [INFO] | distill epoch : 2, acc 0.276
[2024-01-15 21:17:56] [INFO] | distill epoch : 3, acc 0.276
[2024-01-15 21:17:56] [INFO] | distill epoch : 4, acc 0.276
[2024-01-15 21:17:56] [INFO] |servers comunicated: 1, server aggregated: 2, acc_server 1: 0.276.
[2024-01-15 21:17:56] [INFO] --------------------------------------------------
[2024-01-15 21:17:56] [INFO]   |server: 2
[2024-01-15 21:17:56] [INFO]  ---client 6
[2024-01-15 21:17:57] [INFO] |  local epoch  : 0, acc 0.376
[2024-01-15 21:17:57] [INFO] |  local epoch  : 1, acc 0.374
[2024-01-15 21:17:57] [INFO] |  local epoch  : 2, acc 0.376
[2024-01-15 21:17:58] [INFO] |  local epoch  : 3, acc 0.376
[2024-01-15 21:17:58] [INFO] |  local epoch  : 4, acc 0.376
[2024-01-15 21:17:58] [INFO] | distill epoch : 0, acc 0.377
[2024-01-15 21:17:59] [INFO] | distill epoch : 1, acc 0.377
[2024-01-15 21:17:59] [INFO] | distill epoch : 2, acc 0.377
[2024-01-15 21:18:00] [INFO] | distill epoch : 3, acc 0.377
[2024-01-15 21:18:00] [INFO] | distill epoch : 4, acc 0.377
[2024-01-15 21:18:00] [INFO]  ---client 7
[2024-01-15 21:18:00] [INFO] |  local epoch  : 0, acc 0.375
[2024-01-15 21:18:01] [INFO] |  local epoch  : 1, acc 0.374
[2024-01-15 21:18:01] [INFO] |  local epoch  : 2, acc 0.375
[2024-01-15 21:18:01] [INFO] |  local epoch  : 3, acc 0.375
[2024-01-15 21:18:02] [INFO] |  local epoch  : 4, acc 0.376
[2024-01-15 21:18:02] [INFO] | distill epoch : 0, acc 0.375
[2024-01-15 21:18:03] [INFO] | distill epoch : 1, acc 0.375
[2024-01-15 21:18:03] [INFO] | distill epoch : 2, acc 0.375
[2024-01-15 21:18:03] [INFO] | distill epoch : 3, acc 0.375
[2024-01-15 21:18:04] [INFO] | distill epoch : 4, acc 0.375
[2024-01-15 21:18:04] [INFO]  ---client 8
[2024-01-15 21:18:04] [INFO] |  local epoch  : 0, acc 0.373
[2024-01-15 21:18:04] [INFO] |  local epoch  : 1, acc 0.375
[2024-01-15 21:18:05] [INFO] |  local epoch  : 2, acc 0.374
[2024-01-15 21:18:05] [INFO] |  local epoch  : 3, acc 0.374
[2024-01-15 21:18:06] [INFO] |  local epoch  : 4, acc 0.375
[2024-01-15 21:18:06] [INFO] | distill epoch : 0, acc 0.374
[2024-01-15 21:18:06] [INFO] | distill epoch : 1, acc 0.374
[2024-01-15 21:18:07] [INFO] | distill epoch : 2, acc 0.374
[2024-01-15 21:18:07] [INFO] | distill epoch : 3, acc 0.374
[2024-01-15 21:18:07] [INFO] | distill epoch : 4, acc 0.374
[2024-01-15 21:18:08] [INFO] |servers comunicated: 1, server aggregated: 2, acc_server 2: 0.376.
[2024-01-15 21:18:08] [INFO] --------------------------------------------------
[2024-01-15 21:18:08] [INFO]  |epoch_client_commu: 3/5
[2024-01-15 21:18:08] [INFO]   |server: 0
[2024-01-15 21:18:08] [INFO]  ---client 0
[2024-01-15 21:18:08] [INFO] |  local epoch  : 0, acc 0.309
[2024-01-15 21:18:08] [INFO] |  local epoch  : 1, acc 0.311
[2024-01-15 21:18:09] [INFO] |  local epoch  : 2, acc 0.310
[2024-01-15 21:18:09] [INFO] |  local epoch  : 3, acc 0.311
[2024-01-15 21:18:10] [INFO] |  local epoch  : 4, acc 0.311
[2024-01-15 21:18:10] [INFO] | distill epoch : 0, acc 0.311
[2024-01-15 21:18:10] [INFO] | distill epoch : 1, acc 0.311
[2024-01-15 21:18:11] [INFO] | distill epoch : 2, acc 0.311
[2024-01-15 21:18:11] [INFO] | distill epoch : 3, acc 0.311
[2024-01-15 21:18:11] [INFO] | distill epoch : 4, acc 0.311
[2024-01-15 21:18:11] [INFO]  ---client 1
[2024-01-15 21:18:12] [INFO] |  local epoch  : 0, acc 0.312
[2024-01-15 21:18:12] [INFO] |  local epoch  : 1, acc 0.311
[2024-01-15 21:18:12] [INFO] |  local epoch  : 2, acc 0.311
[2024-01-15 21:18:13] [INFO] |  local epoch  : 3, acc 0.311
[2024-01-15 21:18:13] [INFO] |  local epoch  : 4, acc 0.312
[2024-01-15 21:18:14] [INFO] | distill epoch : 0, acc 0.312
[2024-01-15 21:18:14] [INFO] | distill epoch : 1, acc 0.312
[2024-01-15 21:18:14] [INFO] | distill epoch : 2, acc 0.312
[2024-01-15 21:18:15] [INFO] | distill epoch : 3, acc 0.312
[2024-01-15 21:18:15] [INFO] | distill epoch : 4, acc 0.312
[2024-01-15 21:18:15] [INFO]  ---client 2
[2024-01-15 21:18:15] [INFO] |  local epoch  : 0, acc 0.311
[2024-01-15 21:18:16] [INFO] |  local epoch  : 1, acc 0.312
[2024-01-15 21:18:16] [INFO] |  local epoch  : 2, acc 0.312
[2024-01-15 21:18:17] [INFO] |  local epoch  : 3, acc 0.311
[2024-01-15 21:18:17] [INFO] |  local epoch  : 4, acc 0.312
[2024-01-15 21:18:17] [INFO] | distill epoch : 0, acc 0.312
[2024-01-15 21:18:18] [INFO] | distill epoch : 1, acc 0.312
[2024-01-15 21:18:18] [INFO] | distill epoch : 2, acc 0.312
[2024-01-15 21:18:18] [INFO] | distill epoch : 3, acc 0.312
[2024-01-15 21:18:19] [INFO] | distill epoch : 4, acc 0.312
[2024-01-15 21:18:19] [INFO] |servers comunicated: 1, server aggregated: 3, acc_server 0: 0.312.
[2024-01-15 21:18:19] [INFO] --------------------------------------------------
[2024-01-15 21:18:19] [INFO]   |server: 1
[2024-01-15 21:18:19] [INFO]  ---client 3
[2024-01-15 21:18:19] [INFO] |  local epoch  : 0, acc 0.273
[2024-01-15 21:18:20] [INFO] |  local epoch  : 1, acc 0.275
[2024-01-15 21:18:20] [INFO] |  local epoch  : 2, acc 0.276
[2024-01-15 21:18:21] [INFO] |  local epoch  : 3, acc 0.273
[2024-01-15 21:18:21] [INFO] |  local epoch  : 4, acc 0.276
[2024-01-15 21:18:21] [INFO] | distill epoch : 0, acc 0.276
[2024-01-15 21:18:22] [INFO] | distill epoch : 1, acc 0.276
[2024-01-15 21:18:22] [INFO] | distill epoch : 2, acc 0.276
[2024-01-15 21:18:22] [INFO] | distill epoch : 3, acc 0.276
[2024-01-15 21:18:23] [INFO] | distill epoch : 4, acc 0.276
[2024-01-15 21:18:23] [INFO]  ---client 4
[2024-01-15 21:18:23] [INFO] |  local epoch  : 0, acc 0.275
[2024-01-15 21:18:23] [INFO] |  local epoch  : 1, acc 0.276
[2024-01-15 21:18:24] [INFO] |  local epoch  : 2, acc 0.275
[2024-01-15 21:18:24] [INFO] |  local epoch  : 3, acc 0.276
[2024-01-15 21:18:25] [INFO] |  local epoch  : 4, acc 0.275
[2024-01-15 21:18:25] [INFO] | distill epoch : 0, acc 0.275
[2024-01-15 21:18:25] [INFO] | distill epoch : 1, acc 0.275
[2024-01-15 21:18:26] [INFO] | distill epoch : 2, acc 0.275
[2024-01-15 21:18:26] [INFO] | distill epoch : 3, acc 0.275
[2024-01-15 21:18:26] [INFO] | distill epoch : 4, acc 0.275
[2024-01-15 21:18:26] [INFO]  ---client 5
[2024-01-15 21:18:27] [INFO] |  local epoch  : 0, acc 0.275
[2024-01-15 21:18:27] [INFO] |  local epoch  : 1, acc 0.276
[2024-01-15 21:18:27] [INFO] |  local epoch  : 2, acc 0.276
[2024-01-15 21:18:28] [INFO] |  local epoch  : 3, acc 0.275
[2024-01-15 21:18:28] [INFO] |  local epoch  : 4, acc 0.275
[2024-01-15 21:18:29] [INFO] | distill epoch : 0, acc 0.275
[2024-01-15 21:18:29] [INFO] | distill epoch : 1, acc 0.275
[2024-01-15 21:18:29] [INFO] | distill epoch : 2, acc 0.275
[2024-01-15 21:18:30] [INFO] | distill epoch : 3, acc 0.275
[2024-01-15 21:18:30] [INFO] | distill epoch : 4, acc 0.275
[2024-01-15 21:18:30] [INFO] |servers comunicated: 1, server aggregated: 3, acc_server 1: 0.275.
[2024-01-15 21:18:30] [INFO] --------------------------------------------------
[2024-01-15 21:18:30] [INFO]   |server: 2
[2024-01-15 21:18:30] [INFO]  ---client 6
[2024-01-15 21:18:31] [INFO] |  local epoch  : 0, acc 0.374
[2024-01-15 21:18:31] [INFO] |  local epoch  : 1, acc 0.376
[2024-01-15 21:18:31] [INFO] |  local epoch  : 2, acc 0.377
[2024-01-15 21:18:32] [INFO] |  local epoch  : 3, acc 0.377
[2024-01-15 21:18:32] [INFO] |  local epoch  : 4, acc 0.377
[2024-01-15 21:18:33] [INFO] | distill epoch : 0, acc 0.376
[2024-01-15 21:18:33] [INFO] | distill epoch : 1, acc 0.376
[2024-01-15 21:18:33] [INFO] | distill epoch : 2, acc 0.376
[2024-01-15 21:18:34] [INFO] | distill epoch : 3, acc 0.376
[2024-01-15 21:18:34] [INFO] | distill epoch : 4, acc 0.376
[2024-01-15 21:18:34] [INFO]  ---client 7
[2024-01-15 21:18:34] [INFO] |  local epoch  : 0, acc 0.375
[2024-01-15 21:18:35] [INFO] |  local epoch  : 1, acc 0.375
[2024-01-15 21:18:35] [INFO] |  local epoch  : 2, acc 0.375
[2024-01-15 21:18:36] [INFO] |  local epoch  : 3, acc 0.376
[2024-01-15 21:18:36] [INFO] |  local epoch  : 4, acc 0.376
[2024-01-15 21:18:36] [INFO] | distill epoch : 0, acc 0.376
[2024-01-15 21:18:37] [INFO] | distill epoch : 1, acc 0.376
[2024-01-15 21:18:37] [INFO] | distill epoch : 2, acc 0.376
[2024-01-15 21:18:37] [INFO] | distill epoch : 3, acc 0.376
[2024-01-15 21:18:38] [INFO] | distill epoch : 4, acc 0.376
[2024-01-15 21:18:38] [INFO]  ---client 8
[2024-01-15 21:18:38] [INFO] |  local epoch  : 0, acc 0.376
[2024-01-15 21:18:39] [INFO] |  local epoch  : 1, acc 0.374
[2024-01-15 21:18:39] [INFO] |  local epoch  : 2, acc 0.374
[2024-01-15 21:18:39] [INFO] |  local epoch  : 3, acc 0.374
[2024-01-15 21:18:40] [INFO] |  local epoch  : 4, acc 0.374
[2024-01-15 21:18:40] [INFO] | distill epoch : 0, acc 0.374
[2024-01-15 21:18:40] [INFO] | distill epoch : 1, acc 0.374
[2024-01-15 21:18:41] [INFO] | distill epoch : 2, acc 0.374
[2024-01-15 21:18:41] [INFO] | distill epoch : 3, acc 0.374
[2024-01-15 21:18:41] [INFO] | distill epoch : 4, acc 0.374
[2024-01-15 21:18:42] [INFO] |servers comunicated: 1, server aggregated: 3, acc_server 2: 0.376.
[2024-01-15 21:18:42] [INFO] --------------------------------------------------
[2024-01-15 21:18:42] [INFO]  |epoch_client_commu: 4/5
[2024-01-15 21:18:42] [INFO]   |server: 0
[2024-01-15 21:18:42] [INFO]  ---client 0
[2024-01-15 21:18:42] [INFO] |  local epoch  : 0, acc 0.311
[2024-01-15 21:18:42] [INFO] |  local epoch  : 1, acc 0.312
[2024-01-15 21:18:43] [INFO] |  local epoch  : 2, acc 0.312
[2024-01-15 21:18:43] [INFO] |  local epoch  : 3, acc 0.312
[2024-01-15 21:18:44] [INFO] |  local epoch  : 4, acc 0.311
[2024-01-15 21:18:44] [INFO] | distill epoch : 0, acc 0.311
[2024-01-15 21:18:44] [INFO] | distill epoch : 1, acc 0.311
[2024-01-15 21:18:45] [INFO] | distill epoch : 2, acc 0.311
[2024-01-15 21:18:45] [INFO] | distill epoch : 3, acc 0.311
[2024-01-15 21:18:45] [INFO] | distill epoch : 4, acc 0.311
[2024-01-15 21:18:45] [INFO]  ---client 1
[2024-01-15 21:18:46] [INFO] |  local epoch  : 0, acc 0.312
[2024-01-15 21:18:46] [INFO] |  local epoch  : 1, acc 0.311
[2024-01-15 21:18:47] [INFO] |  local epoch  : 2, acc 0.312
[2024-01-15 21:18:47] [INFO] |  local epoch  : 3, acc 0.310
[2024-01-15 21:18:47] [INFO] |  local epoch  : 4, acc 0.312
[2024-01-15 21:18:48] [INFO] | distill epoch : 0, acc 0.312
[2024-01-15 21:18:48] [INFO] | distill epoch : 1, acc 0.312
[2024-01-15 21:18:48] [INFO] | distill epoch : 2, acc 0.312
[2024-01-15 21:18:49] [INFO] | distill epoch : 3, acc 0.312
[2024-01-15 21:18:49] [INFO] | distill epoch : 4, acc 0.312
[2024-01-15 21:18:49] [INFO]  ---client 2
[2024-01-15 21:18:49] [INFO] |  local epoch  : 0, acc 0.312
[2024-01-15 21:18:50] [INFO] |  local epoch  : 1, acc 0.312
[2024-01-15 21:18:50] [INFO] |  local epoch  : 2, acc 0.312
[2024-01-15 21:18:51] [INFO] |  local epoch  : 3, acc 0.312
[2024-01-15 21:18:51] [INFO] |  local epoch  : 4, acc 0.312
[2024-01-15 21:18:51] [INFO] | distill epoch : 0, acc 0.312
[2024-01-15 21:18:52] [INFO] | distill epoch : 1, acc 0.312
[2024-01-15 21:18:52] [INFO] | distill epoch : 2, acc 0.312
[2024-01-15 21:18:52] [INFO] | distill epoch : 3, acc 0.312
[2024-01-15 21:18:53] [INFO] | distill epoch : 4, acc 0.312
[2024-01-15 21:18:53] [INFO] |servers comunicated: 1, server aggregated: 4, acc_server 0: 0.311.
[2024-01-15 21:18:53] [INFO] --------------------------------------------------
[2024-01-15 21:18:53] [INFO]   |server: 1
[2024-01-15 21:18:53] [INFO]  ---client 3
[2024-01-15 21:18:53] [INFO] |  local epoch  : 0, acc 0.277
[2024-01-15 21:18:54] [INFO] |  local epoch  : 1, acc 0.277
[2024-01-15 21:18:54] [INFO] |  local epoch  : 2, acc 0.276
[2024-01-15 21:18:55] [INFO] |  local epoch  : 3, acc 0.276
[2024-01-15 21:18:55] [INFO] |  local epoch  : 4, acc 0.276
[2024-01-15 21:18:55] [INFO] | distill epoch : 0, acc 0.277
[2024-01-15 21:18:56] [INFO] | distill epoch : 1, acc 0.277
[2024-01-15 21:18:56] [INFO] | distill epoch : 2, acc 0.277
[2024-01-15 21:18:56] [INFO] | distill epoch : 3, acc 0.277
[2024-01-15 21:18:57] [INFO] | distill epoch : 4, acc 0.277
[2024-01-15 21:18:57] [INFO]  ---client 4
[2024-01-15 21:18:57] [INFO] |  local epoch  : 0, acc 0.275
[2024-01-15 21:18:57] [INFO] |  local epoch  : 1, acc 0.276
[2024-01-15 21:18:58] [INFO] |  local epoch  : 2, acc 0.277
[2024-01-15 21:18:58] [INFO] |  local epoch  : 3, acc 0.275
[2024-01-15 21:18:59] [INFO] |  local epoch  : 4, acc 0.275
[2024-01-15 21:18:59] [INFO] | distill epoch : 0, acc 0.275
[2024-01-15 21:18:59] [INFO] | distill epoch : 1, acc 0.275
[2024-01-15 21:19:00] [INFO] | distill epoch : 2, acc 0.275
[2024-01-15 21:19:00] [INFO] | distill epoch : 3, acc 0.275
[2024-01-15 21:19:00] [INFO] | distill epoch : 4, acc 0.275
[2024-01-15 21:19:00] [INFO]  ---client 5
[2024-01-15 21:19:01] [INFO] |  local epoch  : 0, acc 0.275
[2024-01-15 21:19:01] [INFO] |  local epoch  : 1, acc 0.275
[2024-01-15 21:19:02] [INFO] |  local epoch  : 2, acc 0.276
[2024-01-15 21:19:02] [INFO] |  local epoch  : 3, acc 0.277
[2024-01-15 21:19:02] [INFO] |  local epoch  : 4, acc 0.276
[2024-01-15 21:19:03] [INFO] | distill epoch : 0, acc 0.276
[2024-01-15 21:19:03] [INFO] | distill epoch : 1, acc 0.276
[2024-01-15 21:19:03] [INFO] | distill epoch : 2, acc 0.276
[2024-01-15 21:19:04] [INFO] | distill epoch : 3, acc 0.276
[2024-01-15 21:19:04] [INFO] | distill epoch : 4, acc 0.276
[2024-01-15 21:19:04] [INFO] |servers comunicated: 1, server aggregated: 4, acc_server 1: 0.276.
[2024-01-15 21:19:04] [INFO] --------------------------------------------------
[2024-01-15 21:19:04] [INFO]   |server: 2
[2024-01-15 21:19:04] [INFO]  ---client 6
[2024-01-15 21:19:05] [INFO] |  local epoch  : 0, acc 0.375
[2024-01-15 21:19:05] [INFO] |  local epoch  : 1, acc 0.375
[2024-01-15 21:19:05] [INFO] |  local epoch  : 2, acc 0.376
[2024-01-15 21:19:06] [INFO] |  local epoch  : 3, acc 0.377
[2024-01-15 21:19:06] [INFO] |  local epoch  : 4, acc 0.377
[2024-01-15 21:19:07] [INFO] | distill epoch : 0, acc 0.376
[2024-01-15 21:19:07] [INFO] | distill epoch : 1, acc 0.376
[2024-01-15 21:19:07] [INFO] | distill epoch : 2, acc 0.376
[2024-01-15 21:19:08] [INFO] | distill epoch : 3, acc 0.376
[2024-01-15 21:19:08] [INFO] | distill epoch : 4, acc 0.376
[2024-01-15 21:19:08] [INFO]  ---client 7
[2024-01-15 21:19:08] [INFO] |  local epoch  : 0, acc 0.376
[2024-01-15 21:19:09] [INFO] |  local epoch  : 1, acc 0.375
[2024-01-15 21:19:09] [INFO] |  local epoch  : 2, acc 0.375
[2024-01-15 21:19:10] [INFO] |  local epoch  : 3, acc 0.377
[2024-01-15 21:19:10] [INFO] |  local epoch  : 4, acc 0.375
[2024-01-15 21:19:10] [INFO] | distill epoch : 0, acc 0.375
[2024-01-15 21:19:11] [INFO] | distill epoch : 1, acc 0.375
[2024-01-15 21:19:11] [INFO] | distill epoch : 2, acc 0.375
[2024-01-15 21:19:11] [INFO] | distill epoch : 3, acc 0.375
[2024-01-15 21:19:12] [INFO] | distill epoch : 4, acc 0.375
[2024-01-15 21:19:12] [INFO]  ---client 8
[2024-01-15 21:19:12] [INFO] |  local epoch  : 0, acc 0.376
[2024-01-15 21:19:13] [INFO] |  local epoch  : 1, acc 0.376
[2024-01-15 21:19:13] [INFO] |  local epoch  : 2, acc 0.376
[2024-01-15 21:19:13] [INFO] |  local epoch  : 3, acc 0.376
[2024-01-15 21:19:14] [INFO] |  local epoch  : 4, acc 0.374
[2024-01-15 21:19:14] [INFO] | distill epoch : 0, acc 0.374
[2024-01-15 21:19:14] [INFO] | distill epoch : 1, acc 0.374
[2024-01-15 21:19:15] [INFO] | distill epoch : 2, acc 0.374
[2024-01-15 21:19:15] [INFO] | distill epoch : 3, acc 0.374
[2024-01-15 21:19:16] [INFO] | distill epoch : 4, acc 0.374
[2024-01-15 21:19:16] [INFO] |servers comunicated: 1, server aggregated: 4, acc_server 2: 0.375.
[2024-01-15 21:19:16] [INFO] --------------------------------------------------
[2024-01-15 21:19:16] [INFO]      ********  servers comunicates  ********      
[2024-01-15 21:19:16] [INFO] --------------------------------------------------
[2024-01-15 21:19:16] [INFO] |epoch_server_commu: 2/3
[2024-01-15 21:19:16] [INFO]  |epoch_client_commu: 0/5
[2024-01-15 21:19:16] [INFO]   |server: 0
[2024-01-15 21:19:16] [INFO]  ---client 0
[2024-01-15 21:19:16] [INFO] |  local epoch  : 0, acc 0.311
[2024-01-15 21:19:16] [INFO] |  local epoch  : 1, acc 0.311
[2024-01-15 21:19:17] [INFO] |  local epoch  : 2, acc 0.312
[2024-01-15 21:19:17] [INFO] |  local epoch  : 3, acc 0.312
[2024-01-15 21:19:18] [INFO] |  local epoch  : 4, acc 0.311
[2024-01-15 21:19:18] [INFO] | distill epoch : 0, acc 0.311
[2024-01-15 21:19:18] [INFO] | distill epoch : 1, acc 0.311
[2024-01-15 21:19:19] [INFO] | distill epoch : 2, acc 0.311
[2024-01-15 21:19:19] [INFO] | distill epoch : 3, acc 0.311
[2024-01-15 21:19:19] [INFO] | distill epoch : 4, acc 0.311
[2024-01-15 21:19:19] [INFO]  ---client 1
[2024-01-15 21:19:20] [INFO] |  local epoch  : 0, acc 0.312
[2024-01-15 21:19:20] [INFO] |  local epoch  : 1, acc 0.312
[2024-01-15 21:19:21] [INFO] |  local epoch  : 2, acc 0.312
[2024-01-15 21:19:21] [INFO] |  local epoch  : 3, acc 0.312
[2024-01-15 21:19:21] [INFO] |  local epoch  : 4, acc 0.311
[2024-01-15 21:19:22] [INFO] | distill epoch : 0, acc 0.311
[2024-01-15 21:19:22] [INFO] | distill epoch : 1, acc 0.311
[2024-01-15 21:19:22] [INFO] | distill epoch : 2, acc 0.311
[2024-01-15 21:19:23] [INFO] | distill epoch : 3, acc 0.311
[2024-01-15 21:19:23] [INFO] | distill epoch : 4, acc 0.311
[2024-01-15 21:19:23] [INFO]  ---client 2
[2024-01-15 21:19:24] [INFO] |  local epoch  : 0, acc 0.312
[2024-01-15 21:19:24] [INFO] |  local epoch  : 1, acc 0.312
[2024-01-15 21:19:24] [INFO] |  local epoch  : 2, acc 0.312
[2024-01-15 21:19:25] [INFO] |  local epoch  : 3, acc 0.312
[2024-01-15 21:19:25] [INFO] |  local epoch  : 4, acc 0.312
[2024-01-15 21:19:25] [INFO] | distill epoch : 0, acc 0.311
[2024-01-15 21:19:26] [INFO] | distill epoch : 1, acc 0.311
[2024-01-15 21:19:26] [INFO] | distill epoch : 2, acc 0.311
[2024-01-15 21:19:27] [INFO] | distill epoch : 3, acc 0.311
[2024-01-15 21:19:27] [INFO] | distill epoch : 4, acc 0.311
[2024-01-15 21:19:27] [INFO] |servers comunicated: 2, server aggregated: 0, acc_server 0: 0.311.
[2024-01-15 21:19:27] [INFO] --------------------------------------------------
[2024-01-15 21:19:27] [INFO]   |server: 1
[2024-01-15 21:19:27] [INFO]  ---client 3
[2024-01-15 21:19:27] [INFO] |  local epoch  : 0, acc 0.276
[2024-01-15 21:19:28] [INFO] |  local epoch  : 1, acc 0.276
[2024-01-15 21:19:28] [INFO] |  local epoch  : 2, acc 0.277
[2024-01-15 21:19:29] [INFO] |  local epoch  : 3, acc 0.276
[2024-01-15 21:19:29] [INFO] |  local epoch  : 4, acc 0.276
[2024-01-15 21:19:29] [INFO] | distill epoch : 0, acc 0.276
[2024-01-15 21:19:30] [INFO] | distill epoch : 1, acc 0.276
[2024-01-15 21:19:30] [INFO] | distill epoch : 2, acc 0.276
[2024-01-15 21:19:30] [INFO] | distill epoch : 3, acc 0.276
[2024-01-15 21:19:31] [INFO] | distill epoch : 4, acc 0.276
[2024-01-15 21:19:31] [INFO]  ---client 4
[2024-01-15 21:19:31] [INFO] |  local epoch  : 0, acc 0.276
[2024-01-15 21:19:32] [INFO] |  local epoch  : 1, acc 0.276
[2024-01-15 21:19:32] [INFO] |  local epoch  : 2, acc 0.276
[2024-01-15 21:19:32] [INFO] |  local epoch  : 3, acc 0.276
[2024-01-15 21:19:33] [INFO] |  local epoch  : 4, acc 0.277
[2024-01-15 21:19:33] [INFO] | distill epoch : 0, acc 0.276
[2024-01-15 21:19:33] [INFO] | distill epoch : 1, acc 0.276
[2024-01-15 21:19:34] [INFO] | distill epoch : 2, acc 0.276
[2024-01-15 21:19:34] [INFO] | distill epoch : 3, acc 0.276
[2024-01-15 21:19:35] [INFO] | distill epoch : 4, acc 0.276
[2024-01-15 21:19:35] [INFO]  ---client 5
[2024-01-15 21:19:35] [INFO] |  local epoch  : 0, acc 0.277
[2024-01-15 21:19:35] [INFO] |  local epoch  : 1, acc 0.275
[2024-01-15 21:19:36] [INFO] |  local epoch  : 2, acc 0.276
[2024-01-15 21:19:36] [INFO] |  local epoch  : 3, acc 0.277
[2024-01-15 21:19:36] [INFO] |  local epoch  : 4, acc 0.277
[2024-01-15 21:19:37] [INFO] | distill epoch : 0, acc 0.277
[2024-01-15 21:19:37] [INFO] | distill epoch : 1, acc 0.277
[2024-01-15 21:19:38] [INFO] | distill epoch : 2, acc 0.277
[2024-01-15 21:19:38] [INFO] | distill epoch : 3, acc 0.277
[2024-01-15 21:19:38] [INFO] | distill epoch : 4, acc 0.277
[2024-01-15 21:19:38] [INFO] |servers comunicated: 2, server aggregated: 0, acc_server 1: 0.276.
[2024-01-15 21:19:38] [INFO] --------------------------------------------------
[2024-01-15 21:19:38] [INFO]   |server: 2
[2024-01-15 21:19:38] [INFO]  ---client 6
[2024-01-15 21:19:39] [INFO] |  local epoch  : 0, acc 0.377
[2024-01-15 21:19:39] [INFO] |  local epoch  : 1, acc 0.377
[2024-01-15 21:19:40] [INFO] |  local epoch  : 2, acc 0.377
[2024-01-15 21:19:40] [INFO] |  local epoch  : 3, acc 0.377
[2024-01-15 21:19:40] [INFO] |  local epoch  : 4, acc 0.378
[2024-01-15 21:19:41] [INFO] | distill epoch : 0, acc 0.377
[2024-01-15 21:19:41] [INFO] | distill epoch : 1, acc 0.377
[2024-01-15 21:19:41] [INFO] | distill epoch : 2, acc 0.377
[2024-01-15 21:19:42] [INFO] | distill epoch : 3, acc 0.377
[2024-01-15 21:19:42] [INFO] | distill epoch : 4, acc 0.377
[2024-01-15 21:19:42] [INFO]  ---client 7
[2024-01-15 21:19:42] [INFO] |  local epoch  : 0, acc 0.376
[2024-01-15 21:19:43] [INFO] |  local epoch  : 1, acc 0.376
[2024-01-15 21:19:43] [INFO] |  local epoch  : 2, acc 0.377
[2024-01-15 21:19:44] [INFO] |  local epoch  : 3, acc 0.377
[2024-01-15 21:19:44] [INFO] |  local epoch  : 4, acc 0.377
[2024-01-15 21:19:44] [INFO] | distill epoch : 0, acc 0.377
[2024-01-15 21:19:45] [INFO] | distill epoch : 1, acc 0.377
[2024-01-15 21:19:45] [INFO] | distill epoch : 2, acc 0.377
[2024-01-15 21:19:45] [INFO] | distill epoch : 3, acc 0.377
[2024-01-15 21:19:46] [INFO] | distill epoch : 4, acc 0.377
[2024-01-15 21:19:46] [INFO]  ---client 8
[2024-01-15 21:19:46] [INFO] |  local epoch  : 0, acc 0.377
[2024-01-15 21:19:47] [INFO] |  local epoch  : 1, acc 0.375
[2024-01-15 21:19:47] [INFO] |  local epoch  : 2, acc 0.376
[2024-01-15 21:19:47] [INFO] |  local epoch  : 3, acc 0.376
[2024-01-15 21:19:48] [INFO] |  local epoch  : 4, acc 0.377
[2024-01-15 21:19:48] [INFO] | distill epoch : 0, acc 0.376
[2024-01-15 21:19:48] [INFO] | distill epoch : 1, acc 0.376
[2024-01-15 21:19:49] [INFO] | distill epoch : 2, acc 0.376
[2024-01-15 21:19:49] [INFO] | distill epoch : 3, acc 0.376
[2024-01-15 21:19:49] [INFO] | distill epoch : 4, acc 0.376
[2024-01-15 21:19:50] [INFO] |servers comunicated: 2, server aggregated: 0, acc_server 2: 0.377.
[2024-01-15 21:19:50] [INFO] --------------------------------------------------
[2024-01-15 21:19:50] [INFO]  |epoch_client_commu: 1/5
[2024-01-15 21:19:50] [INFO]   |server: 0
[2024-01-15 21:19:50] [INFO]  ---client 0
[2024-01-15 21:19:50] [INFO] |  local epoch  : 0, acc 0.312
[2024-01-15 21:19:50] [INFO] |  local epoch  : 1, acc 0.312
[2024-01-15 21:19:51] [INFO] |  local epoch  : 2, acc 0.312
[2024-01-15 21:19:51] [INFO] |  local epoch  : 3, acc 0.311
[2024-01-15 21:19:52] [INFO] |  local epoch  : 4, acc 0.312
[2024-01-15 21:19:52] [INFO] | distill epoch : 0, acc 0.312
[2024-01-15 21:19:52] [INFO] | distill epoch : 1, acc 0.312
[2024-01-15 21:19:53] [INFO] | distill epoch : 2, acc 0.312
[2024-01-15 21:19:53] [INFO] | distill epoch : 3, acc 0.312
[2024-01-15 21:19:53] [INFO] | distill epoch : 4, acc 0.312
[2024-01-15 21:19:53] [INFO]  ---client 1
[2024-01-15 21:19:54] [INFO] |  local epoch  : 0, acc 0.312
[2024-01-15 21:19:54] [INFO] |  local epoch  : 1, acc 0.311
[2024-01-15 21:19:55] [INFO] |  local epoch  : 2, acc 0.312
[2024-01-15 21:19:55] [INFO] |  local epoch  : 3, acc 0.312
[2024-01-15 21:19:55] [INFO] |  local epoch  : 4, acc 0.312
[2024-01-15 21:19:56] [INFO] | distill epoch : 0, acc 0.312
[2024-01-15 21:19:56] [INFO] | distill epoch : 1, acc 0.312
[2024-01-15 21:19:56] [INFO] | distill epoch : 2, acc 0.312
[2024-01-15 21:19:57] [INFO] | distill epoch : 3, acc 0.312
[2024-01-15 21:19:57] [INFO] | distill epoch : 4, acc 0.312
[2024-01-15 21:19:57] [INFO]  ---client 2
[2024-01-15 21:19:58] [INFO] |  local epoch  : 0, acc 0.312
[2024-01-15 21:19:58] [INFO] |  local epoch  : 1, acc 0.312
[2024-01-15 21:19:58] [INFO] |  local epoch  : 2, acc 0.312
[2024-01-15 21:19:59] [INFO] |  local epoch  : 3, acc 0.312
[2024-01-15 21:19:59] [INFO] |  local epoch  : 4, acc 0.312
[2024-01-15 21:19:59] [INFO] | distill epoch : 0, acc 0.312
[2024-01-15 21:20:00] [INFO] | distill epoch : 1, acc 0.312
[2024-01-15 21:20:00] [INFO] | distill epoch : 2, acc 0.312
[2024-01-15 21:20:01] [INFO] | distill epoch : 3, acc 0.312
[2024-01-15 21:20:01] [INFO] | distill epoch : 4, acc 0.312
[2024-01-15 21:20:01] [INFO] |servers comunicated: 2, server aggregated: 1, acc_server 0: 0.312.
[2024-01-15 21:20:01] [INFO] --------------------------------------------------
[2024-01-15 21:20:01] [INFO]   |server: 1
[2024-01-15 21:20:01] [INFO]  ---client 3
[2024-01-15 21:20:01] [INFO] |  local epoch  : 0, acc 0.276
[2024-01-15 21:20:02] [INFO] |  local epoch  : 1, acc 0.276
[2024-01-15 21:20:02] [INFO] |  local epoch  : 2, acc 0.276
[2024-01-15 21:20:03] [INFO] |  local epoch  : 3, acc 0.277
[2024-01-15 21:20:03] [INFO] |  local epoch  : 4, acc 0.276
[2024-01-15 21:20:03] [INFO] | distill epoch : 0, acc 0.276
[2024-01-15 21:20:04] [INFO] | distill epoch : 1, acc 0.276
[2024-01-15 21:20:04] [INFO] | distill epoch : 2, acc 0.276
[2024-01-15 21:20:04] [INFO] | distill epoch : 3, acc 0.276
[2024-01-15 21:20:05] [INFO] | distill epoch : 4, acc 0.276
[2024-01-15 21:20:05] [INFO]  ---client 4
[2024-01-15 21:20:05] [INFO] |  local epoch  : 0, acc 0.276
[2024-01-15 21:20:06] [INFO] |  local epoch  : 1, acc 0.276
[2024-01-15 21:20:06] [INFO] |  local epoch  : 2, acc 0.276
[2024-01-15 21:20:06] [INFO] |  local epoch  : 3, acc 0.277
[2024-01-15 21:20:07] [INFO] |  local epoch  : 4, acc 0.276
[2024-01-15 21:20:07] [INFO] | distill epoch : 0, acc 0.277
[2024-01-15 21:20:07] [INFO] | distill epoch : 1, acc 0.277
[2024-01-15 21:20:08] [INFO] | distill epoch : 2, acc 0.277
[2024-01-15 21:20:08] [INFO] | distill epoch : 3, acc 0.277
[2024-01-15 21:20:08] [INFO] | distill epoch : 4, acc 0.277
[2024-01-15 21:20:08] [INFO]  ---client 5
[2024-01-15 21:20:09] [INFO] |  local epoch  : 0, acc 0.277
[2024-01-15 21:20:09] [INFO] |  local epoch  : 1, acc 0.277
[2024-01-15 21:20:10] [INFO] |  local epoch  : 2, acc 0.277
[2024-01-15 21:20:10] [INFO] |  local epoch  : 3, acc 0.277
[2024-01-15 21:20:10] [INFO] |  local epoch  : 4, acc 0.277
[2024-01-15 21:20:11] [INFO] | distill epoch : 0, acc 0.277
[2024-01-15 21:20:11] [INFO] | distill epoch : 1, acc 0.277
[2024-01-15 21:20:11] [INFO] | distill epoch : 2, acc 0.277
[2024-01-15 21:20:12] [INFO] | distill epoch : 3, acc 0.277
[2024-01-15 21:20:12] [INFO] | distill epoch : 4, acc 0.277
[2024-01-15 21:20:12] [INFO] |servers comunicated: 2, server aggregated: 1, acc_server 1: 0.277.
[2024-01-15 21:20:12] [INFO] --------------------------------------------------
[2024-01-15 21:20:12] [INFO]   |server: 2
[2024-01-15 21:20:12] [INFO]  ---client 6
[2024-01-15 21:20:13] [INFO] |  local epoch  : 0, acc 0.378
[2024-01-15 21:20:13] [INFO] |  local epoch  : 1, acc 0.378
[2024-01-15 21:20:14] [INFO] |  local epoch  : 2, acc 0.377
[2024-01-15 21:20:14] [INFO] |  local epoch  : 3, acc 0.377
[2024-01-15 21:20:14] [INFO] |  local epoch  : 4, acc 0.378
[2024-01-15 21:20:15] [INFO] | distill epoch : 0, acc 0.378
[2024-01-15 21:20:15] [INFO] | distill epoch : 1, acc 0.378
[2024-01-15 21:20:15] [INFO] | distill epoch : 2, acc 0.378
[2024-01-15 21:20:16] [INFO] | distill epoch : 3, acc 0.378
[2024-01-15 21:20:16] [INFO] | distill epoch : 4, acc 0.378
[2024-01-15 21:20:16] [INFO]  ---client 7
[2024-01-15 21:20:16] [INFO] |  local epoch  : 0, acc 0.378
[2024-01-15 21:20:17] [INFO] |  local epoch  : 1, acc 0.377
[2024-01-15 21:20:17] [INFO] |  local epoch  : 2, acc 0.377
[2024-01-15 21:20:18] [INFO] |  local epoch  : 3, acc 0.378
[2024-01-15 21:20:18] [INFO] |  local epoch  : 4, acc 0.377
[2024-01-15 21:20:18] [INFO] | distill epoch : 0, acc 0.378
[2024-01-15 21:20:19] [INFO] | distill epoch : 1, acc 0.378
[2024-01-15 21:20:19] [INFO] | distill epoch : 2, acc 0.378
[2024-01-15 21:20:19] [INFO] | distill epoch : 3, acc 0.378
[2024-01-15 21:20:20] [INFO] | distill epoch : 4, acc 0.378
[2024-01-15 21:20:20] [INFO]  ---client 8
[2024-01-15 21:20:20] [INFO] |  local epoch  : 0, acc 0.376
[2024-01-15 21:20:21] [INFO] |  local epoch  : 1, acc 0.376
[2024-01-15 21:20:21] [INFO] |  local epoch  : 2, acc 0.376
[2024-01-15 21:20:21] [INFO] |  local epoch  : 3, acc 0.375
[2024-01-15 21:20:22] [INFO] |  local epoch  : 4, acc 0.377
[2024-01-15 21:20:22] [INFO] | distill epoch : 0, acc 0.377
[2024-01-15 21:20:22] [INFO] | distill epoch : 1, acc 0.377
[2024-01-15 21:20:23] [INFO] | distill epoch : 2, acc 0.377
[2024-01-15 21:20:23] [INFO] | distill epoch : 3, acc 0.377
[2024-01-15 21:20:24] [INFO] | distill epoch : 4, acc 0.377
[2024-01-15 21:20:24] [INFO] |servers comunicated: 2, server aggregated: 1, acc_server 2: 0.378.
[2024-01-15 21:20:24] [INFO] --------------------------------------------------
[2024-01-15 21:20:24] [INFO]  |epoch_client_commu: 2/5
[2024-01-15 21:20:24] [INFO]   |server: 0
[2024-01-15 21:20:24] [INFO]  ---client 0
[2024-01-15 21:20:24] [INFO] |  local epoch  : 0, acc 0.311
[2024-01-15 21:20:24] [INFO] |  local epoch  : 1, acc 0.312
[2024-01-15 21:20:25] [INFO] |  local epoch  : 2, acc 0.311
[2024-01-15 21:20:25] [INFO] |  local epoch  : 3, acc 0.311
[2024-01-15 21:20:26] [INFO] |  local epoch  : 4, acc 0.311
[2024-01-15 21:20:26] [INFO] | distill epoch : 0, acc 0.312
[2024-01-15 21:20:26] [INFO] | distill epoch : 1, acc 0.312
[2024-01-15 21:20:27] [INFO] | distill epoch : 2, acc 0.312
[2024-01-15 21:20:27] [INFO] | distill epoch : 3, acc 0.312
[2024-01-15 21:20:27] [INFO] | distill epoch : 4, acc 0.312
[2024-01-15 21:20:27] [INFO]  ---client 1
[2024-01-15 21:20:28] [INFO] |  local epoch  : 0, acc 0.312
[2024-01-15 21:20:28] [INFO] |  local epoch  : 1, acc 0.311
[2024-01-15 21:20:29] [INFO] |  local epoch  : 2, acc 0.312
[2024-01-15 21:20:29] [INFO] |  local epoch  : 3, acc 0.312
[2024-01-15 21:20:29] [INFO] |  local epoch  : 4, acc 0.312
[2024-01-15 21:20:30] [INFO] | distill epoch : 0, acc 0.311
[2024-01-15 21:20:30] [INFO] | distill epoch : 1, acc 0.311
[2024-01-15 21:20:30] [INFO] | distill epoch : 2, acc 0.311
[2024-01-15 21:20:31] [INFO] | distill epoch : 3, acc 0.311
[2024-01-15 21:20:31] [INFO] | distill epoch : 4, acc 0.311
[2024-01-15 21:20:31] [INFO]  ---client 2
[2024-01-15 21:20:32] [INFO] |  local epoch  : 0, acc 0.312
[2024-01-15 21:20:32] [INFO] |  local epoch  : 1, acc 0.312
[2024-01-15 21:20:32] [INFO] |  local epoch  : 2, acc 0.312
[2024-01-15 21:20:33] [INFO] |  local epoch  : 3, acc 0.312
[2024-01-15 21:20:33] [INFO] |  local epoch  : 4, acc 0.312
[2024-01-15 21:20:33] [INFO] | distill epoch : 0, acc 0.312
[2024-01-15 21:20:34] [INFO] | distill epoch : 1, acc 0.312
[2024-01-15 21:20:34] [INFO] | distill epoch : 2, acc 0.312
[2024-01-15 21:20:35] [INFO] | distill epoch : 3, acc 0.312
[2024-01-15 21:20:35] [INFO] | distill epoch : 4, acc 0.312
[2024-01-15 21:20:35] [INFO] |servers comunicated: 2, server aggregated: 2, acc_server 0: 0.312.
[2024-01-15 21:20:35] [INFO] --------------------------------------------------
[2024-01-15 21:20:35] [INFO]   |server: 1
[2024-01-15 21:20:35] [INFO]  ---client 3
[2024-01-15 21:20:36] [INFO] |  local epoch  : 0, acc 0.277
[2024-01-15 21:20:36] [INFO] |  local epoch  : 1, acc 0.276
[2024-01-15 21:20:36] [INFO] |  local epoch  : 2, acc 0.277
[2024-01-15 21:20:37] [INFO] |  local epoch  : 3, acc 0.277
[2024-01-15 21:20:37] [INFO] |  local epoch  : 4, acc 0.276
[2024-01-15 21:20:37] [INFO] | distill epoch : 0, acc 0.276
[2024-01-15 21:20:38] [INFO] | distill epoch : 1, acc 0.276
[2024-01-15 21:20:38] [INFO] | distill epoch : 2, acc 0.276
[2024-01-15 21:20:39] [INFO] | distill epoch : 3, acc 0.276
[2024-01-15 21:20:39] [INFO] | distill epoch : 4, acc 0.276
[2024-01-15 21:20:39] [INFO]  ---client 4
[2024-01-15 21:20:39] [INFO] |  local epoch  : 0, acc 0.276
[2024-01-15 21:20:40] [INFO] |  local epoch  : 1, acc 0.275
[2024-01-15 21:20:40] [INFO] |  local epoch  : 2, acc 0.277
[2024-01-15 21:20:40] [INFO] |  local epoch  : 3, acc 0.276
[2024-01-15 21:20:41] [INFO] |  local epoch  : 4, acc 0.277
[2024-01-15 21:20:41] [INFO] | distill epoch : 0, acc 0.276
[2024-01-15 21:20:41] [INFO] | distill epoch : 1, acc 0.276
[2024-01-15 21:20:42] [INFO] | distill epoch : 2, acc 0.276
[2024-01-15 21:20:42] [INFO] | distill epoch : 3, acc 0.276
[2024-01-15 21:20:43] [INFO] | distill epoch : 4, acc 0.276
[2024-01-15 21:20:43] [INFO]  ---client 5
[2024-01-15 21:20:43] [INFO] |  local epoch  : 0, acc 0.278
[2024-01-15 21:20:43] [INFO] |  local epoch  : 1, acc 0.277
[2024-01-15 21:20:44] [INFO] |  local epoch  : 2, acc 0.276
[2024-01-15 21:20:44] [INFO] |  local epoch  : 3, acc 0.277
[2024-01-15 21:20:44] [INFO] |  local epoch  : 4, acc 0.277
[2024-01-15 21:20:45] [INFO] | distill epoch : 0, acc 0.277
[2024-01-15 21:20:45] [INFO] | distill epoch : 1, acc 0.277
[2024-01-15 21:20:46] [INFO] | distill epoch : 2, acc 0.277
[2024-01-15 21:20:46] [INFO] | distill epoch : 3, acc 0.277
[2024-01-15 21:20:46] [INFO] | distill epoch : 4, acc 0.277
[2024-01-15 21:20:46] [INFO] |servers comunicated: 2, server aggregated: 2, acc_server 1: 0.277.
[2024-01-15 21:20:46] [INFO] --------------------------------------------------
[2024-01-15 21:20:46] [INFO]   |server: 2
[2024-01-15 21:20:46] [INFO]  ---client 6
[2024-01-15 21:20:47] [INFO] |  local epoch  : 0, acc 0.377
[2024-01-15 21:20:47] [INFO] |  local epoch  : 1, acc 0.378
[2024-01-15 21:20:48] [INFO] |  local epoch  : 2, acc 0.378
[2024-01-15 21:20:48] [INFO] |  local epoch  : 3, acc 0.377
[2024-01-15 21:20:48] [INFO] |  local epoch  : 4, acc 0.378
[2024-01-15 21:20:49] [INFO] | distill epoch : 0, acc 0.378
[2024-01-15 21:20:49] [INFO] | distill epoch : 1, acc 0.378
[2024-01-15 21:20:49] [INFO] | distill epoch : 2, acc 0.378
[2024-01-15 21:20:50] [INFO] | distill epoch : 3, acc 0.378
[2024-01-15 21:20:50] [INFO] | distill epoch : 4, acc 0.378
[2024-01-15 21:20:50] [INFO]  ---client 7
[2024-01-15 21:20:51] [INFO] |  local epoch  : 0, acc 0.377
[2024-01-15 21:20:51] [INFO] |  local epoch  : 1, acc 0.375
[2024-01-15 21:20:51] [INFO] |  local epoch  : 2, acc 0.377
[2024-01-15 21:20:52] [INFO] |  local epoch  : 3, acc 0.378
[2024-01-15 21:20:52] [INFO] |  local epoch  : 4, acc 0.376
[2024-01-15 21:20:52] [INFO] | distill epoch : 0, acc 0.376
[2024-01-15 21:20:53] [INFO] | distill epoch : 1, acc 0.376
[2024-01-15 21:20:53] [INFO] | distill epoch : 2, acc 0.376
[2024-01-15 21:20:54] [INFO] | distill epoch : 3, acc 0.376
[2024-01-15 21:20:54] [INFO] | distill epoch : 4, acc 0.376
[2024-01-15 21:20:54] [INFO]  ---client 8
[2024-01-15 21:20:54] [INFO] |  local epoch  : 0, acc 0.376
[2024-01-15 21:20:55] [INFO] |  local epoch  : 1, acc 0.376
[2024-01-15 21:20:55] [INFO] |  local epoch  : 2, acc 0.377
[2024-01-15 21:20:55] [INFO] |  local epoch  : 3, acc 0.377
[2024-01-15 21:20:56] [INFO] |  local epoch  : 4, acc 0.377
[2024-01-15 21:20:56] [INFO] | distill epoch : 0, acc 0.376
[2024-01-15 21:20:57] [INFO] | distill epoch : 1, acc 0.376
[2024-01-15 21:20:57] [INFO] | distill epoch : 2, acc 0.376
[2024-01-15 21:20:57] [INFO] | distill epoch : 3, acc 0.376
[2024-01-15 21:20:58] [INFO] | distill epoch : 4, acc 0.376
[2024-01-15 21:20:58] [INFO] |servers comunicated: 2, server aggregated: 2, acc_server 2: 0.377.
[2024-01-15 21:20:58] [INFO] --------------------------------------------------
[2024-01-15 21:20:58] [INFO]  |epoch_client_commu: 3/5
[2024-01-15 21:20:58] [INFO]   |server: 0
[2024-01-15 21:20:58] [INFO]  ---client 0
[2024-01-15 21:20:58] [INFO] |  local epoch  : 0, acc 0.311
[2024-01-15 21:20:59] [INFO] |  local epoch  : 1, acc 0.311
[2024-01-15 21:20:59] [INFO] |  local epoch  : 2, acc 0.311
[2024-01-15 21:20:59] [INFO] |  local epoch  : 3, acc 0.311
[2024-01-15 21:21:00] [INFO] |  local epoch  : 4, acc 0.311
[2024-01-15 21:21:00] [INFO] | distill epoch : 0, acc 0.311
[2024-01-15 21:21:00] [INFO] | distill epoch : 1, acc 0.311
[2024-01-15 21:21:01] [INFO] | distill epoch : 2, acc 0.311
[2024-01-15 21:21:01] [INFO] | distill epoch : 3, acc 0.311
[2024-01-15 21:21:02] [INFO] | distill epoch : 4, acc 0.311
[2024-01-15 21:21:02] [INFO]  ---client 1
[2024-01-15 21:21:02] [INFO] |  local epoch  : 0, acc 0.312
[2024-01-15 21:21:02] [INFO] |  local epoch  : 1, acc 0.312
[2024-01-15 21:21:03] [INFO] |  local epoch  : 2, acc 0.312
[2024-01-15 21:21:03] [INFO] |  local epoch  : 3, acc 0.312
[2024-01-15 21:21:03] [INFO] |  local epoch  : 4, acc 0.312
[2024-01-15 21:21:04] [INFO] | distill epoch : 0, acc 0.311
[2024-01-15 21:21:04] [INFO] | distill epoch : 1, acc 0.311
[2024-01-15 21:21:05] [INFO] | distill epoch : 2, acc 0.311
[2024-01-15 21:21:05] [INFO] | distill epoch : 3, acc 0.311
[2024-01-15 21:21:05] [INFO] | distill epoch : 4, acc 0.311
[2024-01-15 21:21:05] [INFO]  ---client 2
[2024-01-15 21:21:06] [INFO] |  local epoch  : 0, acc 0.312
[2024-01-15 21:21:06] [INFO] |  local epoch  : 1, acc 0.312
[2024-01-15 21:21:06] [INFO] |  local epoch  : 2, acc 0.312
[2024-01-15 21:21:07] [INFO] |  local epoch  : 3, acc 0.312
[2024-01-15 21:21:07] [INFO] |  local epoch  : 4, acc 0.312
[2024-01-15 21:21:08] [INFO] | distill epoch : 0, acc 0.312
[2024-01-15 21:21:08] [INFO] | distill epoch : 1, acc 0.312
[2024-01-15 21:21:08] [INFO] | distill epoch : 2, acc 0.312
[2024-01-15 21:21:09] [INFO] | distill epoch : 3, acc 0.312
[2024-01-15 21:21:09] [INFO] | distill epoch : 4, acc 0.312
[2024-01-15 21:21:09] [INFO] |servers comunicated: 2, server aggregated: 3, acc_server 0: 0.312.
[2024-01-15 21:21:09] [INFO] --------------------------------------------------
[2024-01-15 21:21:09] [INFO]   |server: 1
[2024-01-15 21:21:09] [INFO]  ---client 3
[2024-01-15 21:21:10] [INFO] |  local epoch  : 0, acc 0.276
[2024-01-15 21:21:10] [INFO] |  local epoch  : 1, acc 0.277
[2024-01-15 21:21:10] [INFO] |  local epoch  : 2, acc 0.276
[2024-01-15 21:21:11] [INFO] |  local epoch  : 3, acc 0.277
[2024-01-15 21:21:11] [INFO] |  local epoch  : 4, acc 0.277
[2024-01-15 21:21:11] [INFO] | distill epoch : 0, acc 0.277
[2024-01-15 21:21:12] [INFO] | distill epoch : 1, acc 0.277
[2024-01-15 21:21:12] [INFO] | distill epoch : 2, acc 0.277
[2024-01-15 21:21:12] [INFO] | distill epoch : 3, acc 0.277
[2024-01-15 21:21:13] [INFO] | distill epoch : 4, acc 0.277
[2024-01-15 21:21:13] [INFO]  ---client 4
[2024-01-15 21:21:13] [INFO] |  local epoch  : 0, acc 0.276
[2024-01-15 21:21:14] [INFO] |  local epoch  : 1, acc 0.277
[2024-01-15 21:21:14] [INFO] |  local epoch  : 2, acc 0.277
[2024-01-15 21:21:14] [INFO] |  local epoch  : 3, acc 0.276
[2024-01-15 21:21:15] [INFO] |  local epoch  : 4, acc 0.277
[2024-01-15 21:21:15] [INFO] | distill epoch : 0, acc 0.277
[2024-01-15 21:21:15] [INFO] | distill epoch : 1, acc 0.277
[2024-01-15 21:21:16] [INFO] | distill epoch : 2, acc 0.277
[2024-01-15 21:21:16] [INFO] | distill epoch : 3, acc 0.277
[2024-01-15 21:21:17] [INFO] | distill epoch : 4, acc 0.277
[2024-01-15 21:21:17] [INFO]  ---client 5
[2024-01-15 21:21:17] [INFO] |  local epoch  : 0, acc 0.277
[2024-01-15 21:21:17] [INFO] |  local epoch  : 1, acc 0.277
[2024-01-15 21:21:18] [INFO] |  local epoch  : 2, acc 0.277
[2024-01-15 21:21:18] [INFO] |  local epoch  : 3, acc 0.277
[2024-01-15 21:21:18] [INFO] |  local epoch  : 4, acc 0.277
[2024-01-15 21:21:19] [INFO] | distill epoch : 0, acc 0.277
[2024-01-15 21:21:19] [INFO] | distill epoch : 1, acc 0.277
[2024-01-15 21:21:20] [INFO] | distill epoch : 2, acc 0.277
[2024-01-15 21:21:20] [INFO] | distill epoch : 3, acc 0.277
[2024-01-15 21:21:20] [INFO] | distill epoch : 4, acc 0.277
[2024-01-15 21:21:20] [INFO] |servers comunicated: 2, server aggregated: 3, acc_server 1: 0.277.
[2024-01-15 21:21:20] [INFO] --------------------------------------------------
[2024-01-15 21:21:20] [INFO]   |server: 2
[2024-01-15 21:21:21] [INFO]  ---client 6
[2024-01-15 21:21:21] [INFO] |  local epoch  : 0, acc 0.378
[2024-01-15 21:21:21] [INFO] |  local epoch  : 1, acc 0.378
[2024-01-15 21:21:22] [INFO] |  local epoch  : 2, acc 0.378
[2024-01-15 21:21:22] [INFO] |  local epoch  : 3, acc 0.378
[2024-01-15 21:21:22] [INFO] |  local epoch  : 4, acc 0.378
[2024-01-15 21:21:23] [INFO] | distill epoch : 0, acc 0.379
[2024-01-15 21:21:23] [INFO] | distill epoch : 1, acc 0.379
[2024-01-15 21:21:24] [INFO] | distill epoch : 2, acc 0.379
[2024-01-15 21:21:24] [INFO] | distill epoch : 3, acc 0.379
[2024-01-15 21:21:24] [INFO] | distill epoch : 4, acc 0.379
[2024-01-15 21:21:24] [INFO]  ---client 7
[2024-01-15 21:21:25] [INFO] |  local epoch  : 0, acc 0.378
[2024-01-15 21:21:25] [INFO] |  local epoch  : 1, acc 0.378
[2024-01-15 21:21:25] [INFO] |  local epoch  : 2, acc 0.378
[2024-01-15 21:21:26] [INFO] |  local epoch  : 3, acc 0.377
[2024-01-15 21:21:26] [INFO] |  local epoch  : 4, acc 0.377
[2024-01-15 21:21:26] [INFO] | distill epoch : 0, acc 0.377
[2024-01-15 21:21:27] [INFO] | distill epoch : 1, acc 0.377
[2024-01-15 21:21:27] [INFO] | distill epoch : 2, acc 0.377
[2024-01-15 21:21:28] [INFO] | distill epoch : 3, acc 0.377
[2024-01-15 21:21:28] [INFO] | distill epoch : 4, acc 0.377
[2024-01-15 21:21:28] [INFO]  ---client 8
[2024-01-15 21:21:28] [INFO] |  local epoch  : 0, acc 0.377
[2024-01-15 21:21:29] [INFO] |  local epoch  : 1, acc 0.378
[2024-01-15 21:21:29] [INFO] |  local epoch  : 2, acc 0.376
[2024-01-15 21:21:29] [INFO] |  local epoch  : 3, acc 0.377
[2024-01-15 21:21:30] [INFO] |  local epoch  : 4, acc 0.377
[2024-01-15 21:21:30] [INFO] | distill epoch : 0, acc 0.377
[2024-01-15 21:21:31] [INFO] | distill epoch : 1, acc 0.377
[2024-01-15 21:21:31] [INFO] | distill epoch : 2, acc 0.377
[2024-01-15 21:21:31] [INFO] | distill epoch : 3, acc 0.377
[2024-01-15 21:21:32] [INFO] | distill epoch : 4, acc 0.377
[2024-01-15 21:21:32] [INFO] |servers comunicated: 2, server aggregated: 3, acc_server 2: 0.378.
[2024-01-15 21:21:32] [INFO] --------------------------------------------------
[2024-01-15 21:21:32] [INFO]  |epoch_client_commu: 4/5
[2024-01-15 21:21:32] [INFO]   |server: 0
[2024-01-15 21:21:32] [INFO]  ---client 0
[2024-01-15 21:21:32] [INFO] |  local epoch  : 0, acc 0.311
[2024-01-15 21:21:33] [INFO] |  local epoch  : 1, acc 0.311
[2024-01-15 21:21:33] [INFO] |  local epoch  : 2, acc 0.311
[2024-01-15 21:21:33] [INFO] |  local epoch  : 3, acc 0.312
[2024-01-15 21:21:34] [INFO] |  local epoch  : 4, acc 0.311
[2024-01-15 21:21:34] [INFO] | distill epoch : 0, acc 0.311
[2024-01-15 21:21:34] [INFO] | distill epoch : 1, acc 0.311
[2024-01-15 21:21:35] [INFO] | distill epoch : 2, acc 0.311
[2024-01-15 21:21:35] [INFO] | distill epoch : 3, acc 0.311
[2024-01-15 21:21:36] [INFO] | distill epoch : 4, acc 0.311
[2024-01-15 21:21:36] [INFO]  ---client 1
[2024-01-15 21:21:36] [INFO] |  local epoch  : 0, acc 0.311
[2024-01-15 21:21:36] [INFO] |  local epoch  : 1, acc 0.311
[2024-01-15 21:21:37] [INFO] |  local epoch  : 2, acc 0.312
[2024-01-15 21:21:37] [INFO] |  local epoch  : 3, acc 0.312
[2024-01-15 21:21:37] [INFO] |  local epoch  : 4, acc 0.311
[2024-01-15 21:21:38] [INFO] | distill epoch : 0, acc 0.311
[2024-01-15 21:21:38] [INFO] | distill epoch : 1, acc 0.311
[2024-01-15 21:21:39] [INFO] | distill epoch : 2, acc 0.311
[2024-01-15 21:21:39] [INFO] | distill epoch : 3, acc 0.311
[2024-01-15 21:21:39] [INFO] | distill epoch : 4, acc 0.311
[2024-01-15 21:21:39] [INFO]  ---client 2
[2024-01-15 21:21:40] [INFO] |  local epoch  : 0, acc 0.312
[2024-01-15 21:21:40] [INFO] |  local epoch  : 1, acc 0.312
[2024-01-15 21:21:40] [INFO] |  local epoch  : 2, acc 0.312
[2024-01-15 21:21:41] [INFO] |  local epoch  : 3, acc 0.312
[2024-01-15 21:21:41] [INFO] |  local epoch  : 4, acc 0.312
[2024-01-15 21:21:41] [INFO] | distill epoch : 0, acc 0.312
[2024-01-15 21:21:42] [INFO] | distill epoch : 1, acc 0.312
[2024-01-15 21:21:42] [INFO] | distill epoch : 2, acc 0.312
[2024-01-15 21:21:43] [INFO] | distill epoch : 3, acc 0.312
[2024-01-15 21:21:43] [INFO] | distill epoch : 4, acc 0.312
[2024-01-15 21:21:43] [INFO] |servers comunicated: 2, server aggregated: 4, acc_server 0: 0.312.
[2024-01-15 21:21:43] [INFO] --------------------------------------------------
[2024-01-15 21:21:43] [INFO]   |server: 1
[2024-01-15 21:21:43] [INFO]  ---client 3
[2024-01-15 21:21:44] [INFO] |  local epoch  : 0, acc 0.276
[2024-01-15 21:21:44] [INFO] |  local epoch  : 1, acc 0.277
[2024-01-15 21:21:44] [INFO] |  local epoch  : 2, acc 0.276
[2024-01-15 21:21:45] [INFO] |  local epoch  : 3, acc 0.277
[2024-01-15 21:21:45] [INFO] |  local epoch  : 4, acc 0.276
[2024-01-15 21:21:45] [INFO] | distill epoch : 0, acc 0.276
[2024-01-15 21:21:46] [INFO] | distill epoch : 1, acc 0.276
[2024-01-15 21:21:46] [INFO] | distill epoch : 2, acc 0.276
[2024-01-15 21:21:46] [INFO] | distill epoch : 3, acc 0.276
[2024-01-15 21:21:47] [INFO] | distill epoch : 4, acc 0.276
[2024-01-15 21:21:47] [INFO]  ---client 4
[2024-01-15 21:21:47] [INFO] |  local epoch  : 0, acc 0.276
[2024-01-15 21:21:48] [INFO] |  local epoch  : 1, acc 0.276
[2024-01-15 21:21:48] [INFO] |  local epoch  : 2, acc 0.277
[2024-01-15 21:21:48] [INFO] |  local epoch  : 3, acc 0.277
[2024-01-15 21:21:49] [INFO] |  local epoch  : 4, acc 0.276
[2024-01-15 21:21:49] [INFO] | distill epoch : 0, acc 0.276
[2024-01-15 21:21:49] [INFO] | distill epoch : 1, acc 0.276
[2024-01-15 21:21:50] [INFO] | distill epoch : 2, acc 0.276
[2024-01-15 21:21:50] [INFO] | distill epoch : 3, acc 0.276
[2024-01-15 21:21:51] [INFO] | distill epoch : 4, acc 0.276
[2024-01-15 21:21:51] [INFO]  ---client 5
[2024-01-15 21:21:51] [INFO] |  local epoch  : 0, acc 0.277
[2024-01-15 21:21:51] [INFO] |  local epoch  : 1, acc 0.277
[2024-01-15 21:21:52] [INFO] |  local epoch  : 2, acc 0.277
[2024-01-15 21:21:52] [INFO] |  local epoch  : 3, acc 0.277
[2024-01-15 21:21:52] [INFO] |  local epoch  : 4, acc 0.277
[2024-01-15 21:21:53] [INFO] | distill epoch : 0, acc 0.277
[2024-01-15 21:21:53] [INFO] | distill epoch : 1, acc 0.277
[2024-01-15 21:21:53] [INFO] | distill epoch : 2, acc 0.277
[2024-01-15 21:21:54] [INFO] | distill epoch : 3, acc 0.277
[2024-01-15 21:21:54] [INFO] | distill epoch : 4, acc 0.277
[2024-01-15 21:21:54] [INFO] |servers comunicated: 2, server aggregated: 4, acc_server 1: 0.277.
[2024-01-15 21:21:54] [INFO] --------------------------------------------------
[2024-01-15 21:21:54] [INFO]   |server: 2
[2024-01-15 21:21:54] [INFO]  ---client 6
[2024-01-15 21:21:55] [INFO] |  local epoch  : 0, acc 0.378
[2024-01-15 21:21:55] [INFO] |  local epoch  : 1, acc 0.379
[2024-01-15 21:21:56] [INFO] |  local epoch  : 2, acc 0.378
[2024-01-15 21:21:56] [INFO] |  local epoch  : 3, acc 0.379
[2024-01-15 21:21:57] [INFO] |  local epoch  : 4, acc 0.379
[2024-01-15 21:21:57] [INFO] | distill epoch : 0, acc 0.378
[2024-01-15 21:21:57] [INFO] | distill epoch : 1, acc 0.378
[2024-01-15 21:21:58] [INFO] | distill epoch : 2, acc 0.378
[2024-01-15 21:21:58] [INFO] | distill epoch : 3, acc 0.378
[2024-01-15 21:21:58] [INFO] | distill epoch : 4, acc 0.378
[2024-01-15 21:21:58] [INFO]  ---client 7
[2024-01-15 21:21:59] [INFO] |  local epoch  : 0, acc 0.378
[2024-01-15 21:21:59] [INFO] |  local epoch  : 1, acc 0.378
[2024-01-15 21:22:00] [INFO] |  local epoch  : 2, acc 0.378
[2024-01-15 21:22:00] [INFO] |  local epoch  : 3, acc 0.378
[2024-01-15 21:22:00] [INFO] |  local epoch  : 4, acc 0.378
[2024-01-15 21:22:01] [INFO] | distill epoch : 0, acc 0.378
[2024-01-15 21:22:01] [INFO] | distill epoch : 1, acc 0.378
[2024-01-15 21:22:01] [INFO] | distill epoch : 2, acc 0.378
[2024-01-15 21:22:02] [INFO] | distill epoch : 3, acc 0.378
[2024-01-15 21:22:02] [INFO] | distill epoch : 4, acc 0.378
[2024-01-15 21:22:02] [INFO]  ---client 8
[2024-01-15 21:22:02] [INFO] |  local epoch  : 0, acc 0.377
[2024-01-15 21:22:03] [INFO] |  local epoch  : 1, acc 0.378
[2024-01-15 21:22:03] [INFO] |  local epoch  : 2, acc 0.376
[2024-01-15 21:22:04] [INFO] |  local epoch  : 3, acc 0.377
[2024-01-15 21:22:04] [INFO] |  local epoch  : 4, acc 0.378
[2024-01-15 21:22:04] [INFO] | distill epoch : 0, acc 0.377
[2024-01-15 21:22:05] [INFO] | distill epoch : 1, acc 0.377
[2024-01-15 21:22:05] [INFO] | distill epoch : 2, acc 0.377
[2024-01-15 21:22:05] [INFO] | distill epoch : 3, acc 0.377
[2024-01-15 21:22:06] [INFO] | distill epoch : 4, acc 0.377
[2024-01-15 21:22:06] [INFO] |servers comunicated: 2, server aggregated: 4, acc_server 2: 0.378.
[2024-01-15 21:22:06] [INFO] --------------------------------------------------
[2024-01-15 21:22:06] [INFO]      ********  servers comunicates  ********      
[2024-01-15 21:22:06] [INFO] ./res/mnist_model_1_algo_0/alpha_0.1_T_2/server_commu_3_client_commu_5_client_train_5_batch_size_160_num_all_client_9_num_all_server_3_num_client_data_1200_num_public_data_50_proportion_0.8.pt
