[2024-01-15 21:52:30] [INFO] device cuda is used.
[2024-01-15 21:52:30] [INFO] cudnn is actived.
[2024-01-15 21:52:30] [INFO] 
      alpha      :  0.1  
        T        :   6   
    algorithm    :   0   
num_server_commu :  50   
num_client_commu :   5   
num_client_train :   5   
num_public_train :   5   
   batch_size    :  160  
     dataset     : mnist 
  model_select   :   1   
 num_all_client  :   9   
 num_all_server  :   3   
 num_client_data : 1200  
 num_public_data :  50   
   proportion    :  0.8  
   num_workers   :   8   
[2024-01-15 21:52:34] [INFO] --------------------------------------------------
[2024-01-15 21:52:34] [INFO] |epoch_server_commu: 0/50
[2024-01-15 21:52:34] [INFO]  |epoch_client_commu: 0/5
[2024-01-15 21:52:34] [INFO]   |server: 0
[2024-01-15 21:52:34] [INFO]  ---client 0
[2024-01-15 21:52:35] [INFO] |  local epoch  : 0, acc 0.191
[2024-01-15 21:52:35] [INFO] |  local epoch  : 1, acc 0.104
[2024-01-15 21:52:35] [INFO] |  local epoch  : 2, acc 0.137
[2024-01-15 21:52:36] [INFO] |  local epoch  : 3, acc 0.286
[2024-01-15 21:52:36] [INFO] |  local epoch  : 4, acc 0.268
[2024-01-15 21:52:36] [INFO]  ---client 1
[2024-01-15 21:52:37] [INFO] |  local epoch  : 0, acc 0.189
[2024-01-15 21:52:37] [INFO] |  local epoch  : 1, acc 0.104
[2024-01-15 21:52:37] [INFO] |  local epoch  : 2, acc 0.165
[2024-01-15 21:52:38] [INFO] |  local epoch  : 3, acc 0.293
[2024-01-15 21:52:38] [INFO] |  local epoch  : 4, acc 0.298
[2024-01-15 21:52:38] [INFO]  ---client 2
[2024-01-15 21:52:39] [INFO] |  local epoch  : 0, acc 0.130
[2024-01-15 21:52:39] [INFO] |  local epoch  : 1, acc 0.103
[2024-01-15 21:52:40] [INFO] |  local epoch  : 2, acc 0.122
[2024-01-15 21:52:40] [INFO] |  local epoch  : 3, acc 0.208
[2024-01-15 21:52:40] [INFO] |  local epoch  : 4, acc 0.292
[2024-01-15 21:52:41] [INFO] |servers comunicated: 0, server aggregated: 0, acc_server 0: 0.295.
[2024-01-15 21:52:41] [INFO] --------------------------------------------------
[2024-01-15 21:52:41] [INFO]   |server: 1
[2024-01-15 21:52:41] [INFO]  ---client 3
[2024-01-15 21:52:41] [INFO] |  local epoch  : 0, acc 0.188
[2024-01-15 21:52:41] [INFO] |  local epoch  : 1, acc 0.161
[2024-01-15 21:52:42] [INFO] |  local epoch  : 2, acc 0.174
[2024-01-15 21:52:42] [INFO] |  local epoch  : 3, acc 0.217
[2024-01-15 21:52:43] [INFO] |  local epoch  : 4, acc 0.214
[2024-01-15 21:52:43] [INFO]  ---client 4
[2024-01-15 21:52:43] [INFO] |  local epoch  : 0, acc 0.130
[2024-01-15 21:52:44] [INFO] |  local epoch  : 1, acc 0.124
[2024-01-15 21:52:44] [INFO] |  local epoch  : 2, acc 0.172
[2024-01-15 21:52:44] [INFO] |  local epoch  : 3, acc 0.243
[2024-01-15 21:52:45] [INFO] |  local epoch  : 4, acc 0.202
[2024-01-15 21:52:45] [INFO]  ---client 5
[2024-01-15 21:52:45] [INFO] |  local epoch  : 0, acc 0.161
[2024-01-15 21:52:46] [INFO] |  local epoch  : 1, acc 0.179
[2024-01-15 21:52:46] [INFO] |  local epoch  : 2, acc 0.179
[2024-01-15 21:52:47] [INFO] |  local epoch  : 3, acc 0.188
[2024-01-15 21:52:47] [INFO] |  local epoch  : 4, acc 0.218
[2024-01-15 21:52:47] [INFO] |servers comunicated: 0, server aggregated: 0, acc_server 1: 0.236.
[2024-01-15 21:52:47] [INFO] --------------------------------------------------
[2024-01-15 21:52:47] [INFO]   |server: 2
[2024-01-15 21:52:47] [INFO]  ---client 6
[2024-01-15 21:52:48] [INFO] |  local epoch  : 0, acc 0.096
[2024-01-15 21:52:48] [INFO] |  local epoch  : 1, acc 0.096
[2024-01-15 21:52:48] [INFO] |  local epoch  : 2, acc 0.103
[2024-01-15 21:52:49] [INFO] |  local epoch  : 3, acc 0.207
[2024-01-15 21:52:49] [INFO] |  local epoch  : 4, acc 0.301
[2024-01-15 21:52:49] [INFO]  ---client 7
[2024-01-15 21:52:50] [INFO] |  local epoch  : 0, acc 0.096
[2024-01-15 21:52:50] [INFO] |  local epoch  : 1, acc 0.096
[2024-01-15 21:52:51] [INFO] |  local epoch  : 2, acc 0.096
[2024-01-15 21:52:51] [INFO] |  local epoch  : 3, acc 0.115
[2024-01-15 21:52:51] [INFO] |  local epoch  : 4, acc 0.288
[2024-01-15 21:52:51] [INFO]  ---client 8
[2024-01-15 21:52:52] [INFO] |  local epoch  : 0, acc 0.096
[2024-01-15 21:52:52] [INFO] |  local epoch  : 1, acc 0.096
[2024-01-15 21:52:53] [INFO] |  local epoch  : 2, acc 0.096
[2024-01-15 21:52:53] [INFO] |  local epoch  : 3, acc 0.167
[2024-01-15 21:52:53] [INFO] |  local epoch  : 4, acc 0.310
[2024-01-15 21:52:54] [INFO] |servers comunicated: 0, server aggregated: 0, acc_server 2: 0.290.
[2024-01-15 21:52:54] [INFO] --------------------------------------------------
[2024-01-15 21:52:54] [INFO]  |epoch_client_commu: 1/5
[2024-01-15 21:52:54] [INFO]   |server: 0
[2024-01-15 21:52:54] [INFO]  ---client 0
[2024-01-15 21:52:54] [INFO] |  local epoch  : 0, acc 0.298
[2024-01-15 21:52:55] [INFO] |  local epoch  : 1, acc 0.301
[2024-01-15 21:52:55] [INFO] |  local epoch  : 2, acc 0.299
[2024-01-15 21:52:55] [INFO] |  local epoch  : 3, acc 0.304
[2024-01-15 21:52:56] [INFO] |  local epoch  : 4, acc 0.307
[2024-01-15 21:52:56] [INFO]  ---client 1
[2024-01-15 21:52:56] [INFO] |  local epoch  : 0, acc 0.294
[2024-01-15 21:52:57] [INFO] |  local epoch  : 1, acc 0.297
[2024-01-15 21:52:57] [INFO] |  local epoch  : 2, acc 0.302
[2024-01-15 21:52:57] [INFO] |  local epoch  : 3, acc 0.303
[2024-01-15 21:52:58] [INFO] |  local epoch  : 4, acc 0.304
[2024-01-15 21:52:58] [INFO]  ---client 2
[2024-01-15 21:52:58] [INFO] |  local epoch  : 0, acc 0.302
[2024-01-15 21:52:59] [INFO] |  local epoch  : 1, acc 0.302
[2024-01-15 21:52:59] [INFO] |  local epoch  : 2, acc 0.304
[2024-01-15 21:53:00] [INFO] |  local epoch  : 3, acc 0.305
[2024-01-15 21:53:00] [INFO] |  local epoch  : 4, acc 0.306
[2024-01-15 21:53:00] [INFO] |servers comunicated: 0, server aggregated: 1, acc_server 0: 0.307.
[2024-01-15 21:53:00] [INFO] --------------------------------------------------
[2024-01-15 21:53:00] [INFO]   |server: 1
[2024-01-15 21:53:00] [INFO]  ---client 3
[2024-01-15 21:53:01] [INFO] |  local epoch  : 0, acc 0.253
[2024-01-15 21:53:01] [INFO] |  local epoch  : 1, acc 0.258
[2024-01-15 21:53:01] [INFO] |  local epoch  : 2, acc 0.261
[2024-01-15 21:53:02] [INFO] |  local epoch  : 3, acc 0.261
[2024-01-15 21:53:02] [INFO] |  local epoch  : 4, acc 0.259
[2024-01-15 21:53:02] [INFO]  ---client 4
[2024-01-15 21:53:03] [INFO] |  local epoch  : 0, acc 0.233
[2024-01-15 21:53:03] [INFO] |  local epoch  : 1, acc 0.255
[2024-01-15 21:53:04] [INFO] |  local epoch  : 2, acc 0.256
[2024-01-15 21:53:04] [INFO] |  local epoch  : 3, acc 0.260
[2024-01-15 21:53:04] [INFO] |  local epoch  : 4, acc 0.266
[2024-01-15 21:53:04] [INFO]  ---client 5
[2024-01-15 21:53:05] [INFO] |  local epoch  : 0, acc 0.251
[2024-01-15 21:53:05] [INFO] |  local epoch  : 1, acc 0.251
[2024-01-15 21:53:06] [INFO] |  local epoch  : 2, acc 0.254
[2024-01-15 21:53:06] [INFO] |  local epoch  : 3, acc 0.263
[2024-01-15 21:53:07] [INFO] |  local epoch  : 4, acc 0.261
[2024-01-15 21:53:07] [INFO] |servers comunicated: 0, server aggregated: 1, acc_server 1: 0.266.
[2024-01-15 21:53:07] [INFO] --------------------------------------------------
[2024-01-15 21:53:07] [INFO]   |server: 2
[2024-01-15 21:53:07] [INFO]  ---client 6
[2024-01-15 21:53:07] [INFO] |  local epoch  : 0, acc 0.355
[2024-01-15 21:53:08] [INFO] |  local epoch  : 1, acc 0.345
[2024-01-15 21:53:08] [INFO] |  local epoch  : 2, acc 0.356
[2024-01-15 21:53:09] [INFO] |  local epoch  : 3, acc 0.351
[2024-01-15 21:53:09] [INFO] |  local epoch  : 4, acc 0.354
[2024-01-15 21:53:09] [INFO]  ---client 7
[2024-01-15 21:53:09] [INFO] |  local epoch  : 0, acc 0.347
[2024-01-15 21:53:10] [INFO] |  local epoch  : 1, acc 0.338
[2024-01-15 21:53:10] [INFO] |  local epoch  : 2, acc 0.324
[2024-01-15 21:53:11] [INFO] |  local epoch  : 3, acc 0.344
[2024-01-15 21:53:11] [INFO] |  local epoch  : 4, acc 0.355
[2024-01-15 21:53:11] [INFO]  ---client 8
[2024-01-15 21:53:11] [INFO] |  local epoch  : 0, acc 0.339
[2024-01-15 21:53:12] [INFO] |  local epoch  : 1, acc 0.342
[2024-01-15 21:53:12] [INFO] |  local epoch  : 2, acc 0.339
[2024-01-15 21:53:13] [INFO] |  local epoch  : 3, acc 0.349
[2024-01-15 21:53:13] [INFO] |  local epoch  : 4, acc 0.358
[2024-01-15 21:53:13] [INFO] |servers comunicated: 0, server aggregated: 1, acc_server 2: 0.361.
[2024-01-15 21:53:13] [INFO] --------------------------------------------------
[2024-01-15 21:53:13] [INFO]  |epoch_client_commu: 2/5
[2024-01-15 21:53:13] [INFO]   |server: 0
[2024-01-15 21:53:13] [INFO]  ---client 0
[2024-01-15 21:53:14] [INFO] |  local epoch  : 0, acc 0.306
[2024-01-15 21:53:14] [INFO] |  local epoch  : 1, acc 0.308
[2024-01-15 21:53:15] [INFO] |  local epoch  : 2, acc 0.308
[2024-01-15 21:53:15] [INFO] |  local epoch  : 3, acc 0.306
[2024-01-15 21:53:15] [INFO] |  local epoch  : 4, acc 0.310
[2024-01-15 21:53:15] [INFO]  ---client 1
[2024-01-15 21:53:16] [INFO] |  local epoch  : 0, acc 0.308
[2024-01-15 21:53:16] [INFO] |  local epoch  : 1, acc 0.308
[2024-01-15 21:53:17] [INFO] |  local epoch  : 2, acc 0.308
[2024-01-15 21:53:17] [INFO] |  local epoch  : 3, acc 0.308
[2024-01-15 21:53:17] [INFO] |  local epoch  : 4, acc 0.308
[2024-01-15 21:53:17] [INFO]  ---client 2
[2024-01-15 21:53:18] [INFO] |  local epoch  : 0, acc 0.306
[2024-01-15 21:53:18] [INFO] |  local epoch  : 1, acc 0.308
[2024-01-15 21:53:19] [INFO] |  local epoch  : 2, acc 0.308
[2024-01-15 21:53:19] [INFO] |  local epoch  : 3, acc 0.308
[2024-01-15 21:53:20] [INFO] |  local epoch  : 4, acc 0.308
[2024-01-15 21:53:20] [INFO] |servers comunicated: 0, server aggregated: 2, acc_server 0: 0.309.
[2024-01-15 21:53:20] [INFO] --------------------------------------------------
[2024-01-15 21:53:20] [INFO]   |server: 1
[2024-01-15 21:53:20] [INFO]  ---client 3
[2024-01-15 21:53:20] [INFO] |  local epoch  : 0, acc 0.264
[2024-01-15 21:53:21] [INFO] |  local epoch  : 1, acc 0.267
[2024-01-15 21:53:21] [INFO] |  local epoch  : 2, acc 0.265
[2024-01-15 21:53:21] [INFO] |  local epoch  : 3, acc 0.266
[2024-01-15 21:53:22] [INFO] |  local epoch  : 4, acc 0.271
[2024-01-15 21:53:22] [INFO]  ---client 4
[2024-01-15 21:53:22] [INFO] |  local epoch  : 0, acc 0.267
[2024-01-15 21:53:23] [INFO] |  local epoch  : 1, acc 0.270
[2024-01-15 21:53:23] [INFO] |  local epoch  : 2, acc 0.265
[2024-01-15 21:53:24] [INFO] |  local epoch  : 3, acc 0.270
[2024-01-15 21:53:24] [INFO] |  local epoch  : 4, acc 0.269
[2024-01-15 21:53:24] [INFO]  ---client 5
[2024-01-15 21:53:24] [INFO] |  local epoch  : 0, acc 0.270
[2024-01-15 21:53:25] [INFO] |  local epoch  : 1, acc 0.270
[2024-01-15 21:53:25] [INFO] |  local epoch  : 2, acc 0.269
[2024-01-15 21:53:26] [INFO] |  local epoch  : 3, acc 0.263
[2024-01-15 21:53:26] [INFO] |  local epoch  : 4, acc 0.270
[2024-01-15 21:53:26] [INFO] |servers comunicated: 0, server aggregated: 2, acc_server 1: 0.271.
[2024-01-15 21:53:26] [INFO] --------------------------------------------------
[2024-01-15 21:53:26] [INFO]   |server: 2
[2024-01-15 21:53:26] [INFO]  ---client 6
[2024-01-15 21:53:27] [INFO] |  local epoch  : 0, acc 0.364
[2024-01-15 21:53:27] [INFO] |  local epoch  : 1, acc 0.363
[2024-01-15 21:53:28] [INFO] |  local epoch  : 2, acc 0.367
[2024-01-15 21:53:28] [INFO] |  local epoch  : 3, acc 0.366
[2024-01-15 21:53:28] [INFO] |  local epoch  : 4, acc 0.364
[2024-01-15 21:53:28] [INFO]  ---client 7
[2024-01-15 21:53:29] [INFO] |  local epoch  : 0, acc 0.362
[2024-01-15 21:53:29] [INFO] |  local epoch  : 1, acc 0.363
[2024-01-15 21:53:30] [INFO] |  local epoch  : 2, acc 0.365
[2024-01-15 21:53:30] [INFO] |  local epoch  : 3, acc 0.364
[2024-01-15 21:53:31] [INFO] |  local epoch  : 4, acc 0.365
[2024-01-15 21:53:31] [INFO]  ---client 8
[2024-01-15 21:53:31] [INFO] |  local epoch  : 0, acc 0.365
[2024-01-15 21:53:31] [INFO] |  local epoch  : 1, acc 0.365
[2024-01-15 21:53:32] [INFO] |  local epoch  : 2, acc 0.364
[2024-01-15 21:53:32] [INFO] |  local epoch  : 3, acc 0.366
[2024-01-15 21:53:33] [INFO] |  local epoch  : 4, acc 0.368
[2024-01-15 21:53:33] [INFO] |servers comunicated: 0, server aggregated: 2, acc_server 2: 0.367.
[2024-01-15 21:53:33] [INFO] --------------------------------------------------
[2024-01-15 21:53:33] [INFO]  |epoch_client_commu: 3/5
[2024-01-15 21:53:33] [INFO]   |server: 0
[2024-01-15 21:53:33] [INFO]  ---client 0
[2024-01-15 21:53:33] [INFO] |  local epoch  : 0, acc 0.308
[2024-01-15 21:53:34] [INFO] |  local epoch  : 1, acc 0.308
[2024-01-15 21:53:34] [INFO] |  local epoch  : 2, acc 0.309
[2024-01-15 21:53:35] [INFO] |  local epoch  : 3, acc 0.310
[2024-01-15 21:53:35] [INFO] |  local epoch  : 4, acc 0.308
[2024-01-15 21:53:35] [INFO]  ---client 1
[2024-01-15 21:53:36] [INFO] |  local epoch  : 0, acc 0.310
[2024-01-15 21:53:36] [INFO] |  local epoch  : 1, acc 0.310
[2024-01-15 21:53:36] [INFO] |  local epoch  : 2, acc 0.309
[2024-01-15 21:53:37] [INFO] |  local epoch  : 3, acc 0.309
[2024-01-15 21:53:37] [INFO] |  local epoch  : 4, acc 0.308
[2024-01-15 21:53:37] [INFO]  ---client 2
[2024-01-15 21:53:38] [INFO] |  local epoch  : 0, acc 0.309
[2024-01-15 21:53:38] [INFO] |  local epoch  : 1, acc 0.307
[2024-01-15 21:53:39] [INFO] |  local epoch  : 2, acc 0.310
[2024-01-15 21:53:39] [INFO] |  local epoch  : 3, acc 0.310
[2024-01-15 21:53:40] [INFO] |  local epoch  : 4, acc 0.310
[2024-01-15 21:53:40] [INFO] |servers comunicated: 0, server aggregated: 3, acc_server 0: 0.310.
[2024-01-15 21:53:40] [INFO] --------------------------------------------------
[2024-01-15 21:53:40] [INFO]   |server: 1
[2024-01-15 21:53:40] [INFO]  ---client 3
