[2024-01-04 19:51:39] [INFO] device cuda is used.
[2024-01-04 19:51:39] [INFO] cudnn is actived.
[2024-01-04 19:51:39] [INFO] 
      alpha      :  0.5  
        T        :   6   
    algorithm    :   4   
num_server_commu :  100  
num_client_commu :   5   
num_client_train :   5   
num_public_train :   5   
   batch_size    :  160  
     dataset     : mnist 
  model_select   :   1   
 num_all_client  :   9   
 num_all_server  :   3   
 num_client_data : 1200  
 num_public_data :  50   
   proportion    :  0.8  
[2024-01-04 19:51:47] [INFO] --------------------------------------------------
[2024-01-04 19:51:47] [INFO] |epoch_server_commu: 0/100
[2024-01-04 19:51:47] [INFO]  |epoch_client_commu: 0/5
[2024-01-04 19:51:47] [INFO]   |server: 0
[2024-01-04 19:51:47] [INFO]    -client 0
[2024-01-04 19:51:47] [INFO]    -client 0
[2024-01-04 19:51:49] [INFO]     |  local epoch  : 0, acc 0.096
[2024-01-04 19:51:49] [INFO]     |  local epoch  : 1, acc 0.096
[2024-01-04 19:51:50] [INFO]     |  local epoch  : 2, acc 0.096
[2024-01-04 19:51:50] [INFO]     |  local epoch  : 3, acc 0.096
[2024-01-04 19:51:51] [INFO]     |  local epoch  : 4, acc 0.096
[2024-01-04 19:51:52] [INFO]     |  local epoch  : 0, acc 0.096
[2024-01-04 19:51:52] [INFO]     |  local epoch  : 1, acc 0.096
[2024-01-04 19:51:53] [INFO]     |  local epoch  : 2, acc 0.096
[2024-01-04 19:51:54] [INFO]     |  local epoch  : 3, acc 0.096
[2024-01-04 19:51:54] [INFO]     |  local epoch  : 4, acc 0.096
[2024-01-04 19:51:54] [INFO]    -client 1
[2024-01-04 19:51:54] [INFO]    -client 1
[2024-01-04 19:51:55] [INFO]     |  local epoch  : 0, acc 0.096
[2024-01-04 19:51:56] [INFO]     |  local epoch  : 1, acc 0.096
[2024-01-04 19:51:56] [INFO]     |  local epoch  : 2, acc 0.096
[2024-01-04 19:51:57] [INFO]     |  local epoch  : 3, acc 0.096
[2024-01-04 19:51:58] [INFO]     |  local epoch  : 4, acc 0.096
[2024-01-04 19:51:58] [INFO]     |  local epoch  : 0, acc 0.096
[2024-01-04 19:51:59] [INFO]     |  local epoch  : 1, acc 0.096
[2024-01-04 19:52:00] [INFO]     |  local epoch  : 2, acc 0.096
[2024-01-04 19:52:01] [INFO]     |  local epoch  : 3, acc 0.096
[2024-01-04 19:52:01] [INFO]     |  local epoch  : 4, acc 0.096
[2024-01-04 19:52:01] [INFO]    -client 2
[2024-01-04 19:52:01] [INFO]    -client 2
[2024-01-04 19:52:02] [INFO]     |  local epoch  : 0, acc 0.096
[2024-01-04 19:52:03] [INFO]     |  local epoch  : 1, acc 0.096
[2024-01-04 19:52:03] [INFO]     |  local epoch  : 2, acc 0.096
[2024-01-04 19:52:04] [INFO]     |  local epoch  : 3, acc 0.096
[2024-01-04 19:52:05] [INFO]     |  local epoch  : 4, acc 0.096
[2024-01-04 19:52:05] [INFO]     |  local epoch  : 0, acc 0.096
[2024-01-04 19:52:06] [INFO]     |  local epoch  : 1, acc 0.096
[2024-01-04 19:52:07] [INFO]     |  local epoch  : 2, acc 0.096
[2024-01-04 19:52:07] [INFO]     |  local epoch  : 3, acc 0.096
[2024-01-04 19:52:08] [INFO]     |  local epoch  : 4, acc 0.096
[2024-01-04 19:52:08] [INFO] |servers comunicated: 0, server aggregated: 0, acc_server 0: 0.096.
[2024-01-04 19:52:08] [INFO] --------------------------------------------------
[2024-01-04 19:52:08] [INFO]   |server: 1
[2024-01-04 19:52:08] [INFO]    -client 3
[2024-01-04 19:52:08] [INFO]    -client 3
[2024-01-04 19:52:09] [INFO]     |  local epoch  : 0, acc 0.103
[2024-01-04 19:52:10] [INFO]     |  local epoch  : 1, acc 0.103
[2024-01-04 19:52:10] [INFO]     |  local epoch  : 2, acc 0.103
[2024-01-04 19:52:11] [INFO]     |  local epoch  : 3, acc 0.103
[2024-01-04 19:52:12] [INFO]     |  local epoch  : 4, acc 0.103
[2024-01-04 19:52:12] [INFO]     |  local epoch  : 0, acc 0.103
[2024-01-04 19:52:13] [INFO]     |  local epoch  : 1, acc 0.103
[2024-01-04 19:52:14] [INFO]     |  local epoch  : 2, acc 0.103
[2024-01-04 19:52:14] [INFO]     |  local epoch  : 3, acc 0.103
[2024-01-04 19:52:15] [INFO]     |  local epoch  : 4, acc 0.103
[2024-01-04 19:52:15] [INFO]    -client 4
[2024-01-04 19:52:15] [INFO]    -client 4
[2024-01-04 19:52:16] [INFO]     |  local epoch  : 0, acc 0.103
[2024-01-04 19:52:16] [INFO]     |  local epoch  : 1, acc 0.103
[2024-01-04 19:52:17] [INFO]     |  local epoch  : 2, acc 0.103
[2024-01-04 19:52:17] [INFO]     |  local epoch  : 3, acc 0.103
[2024-01-04 19:52:18] [INFO]     |  local epoch  : 4, acc 0.103
[2024-01-04 19:52:19] [INFO]     |  local epoch  : 0, acc 0.103
[2024-01-04 19:52:19] [INFO]     |  local epoch  : 1, acc 0.103
[2024-01-04 19:52:20] [INFO]     |  local epoch  : 2, acc 0.103
[2024-01-04 19:52:21] [INFO]     |  local epoch  : 3, acc 0.103
[2024-01-04 19:52:21] [INFO]     |  local epoch  : 4, acc 0.103
[2024-01-04 19:52:21] [INFO]    -client 5
[2024-01-04 19:52:21] [INFO]    -client 5
[2024-01-04 19:52:22] [INFO]     |  local epoch  : 0, acc 0.103
[2024-01-04 19:52:23] [INFO]     |  local epoch  : 1, acc 0.103
[2024-01-04 19:52:23] [INFO]     |  local epoch  : 2, acc 0.103
[2024-01-04 19:52:24] [INFO]     |  local epoch  : 3, acc 0.103
[2024-01-04 19:52:25] [INFO]     |  local epoch  : 4, acc 0.103
[2024-01-04 19:52:25] [INFO]     |  local epoch  : 0, acc 0.103
[2024-01-04 19:52:26] [INFO]     |  local epoch  : 1, acc 0.103
[2024-01-04 19:52:27] [INFO]     |  local epoch  : 2, acc 0.103
[2024-01-04 19:52:27] [INFO]     |  local epoch  : 3, acc 0.103
[2024-01-04 19:52:28] [INFO]     |  local epoch  : 4, acc 0.103
[2024-01-04 19:52:28] [INFO] |servers comunicated: 0, server aggregated: 0, acc_server 1: 0.103.
[2024-01-04 19:52:28] [INFO] --------------------------------------------------
[2024-01-04 19:52:28] [INFO]   |server: 2
[2024-01-04 19:52:28] [INFO]    -client 6
[2024-01-04 19:52:28] [INFO]    -client 6
[2024-01-04 19:52:29] [INFO]     |  local epoch  : 0, acc 0.098
[2024-01-04 19:52:29] [INFO]     |  local epoch  : 1, acc 0.098
[2024-01-04 19:52:30] [INFO]     |  local epoch  : 2, acc 0.098
[2024-01-04 19:52:31] [INFO]     |  local epoch  : 3, acc 0.098
[2024-01-04 19:52:32] [INFO]     |  local epoch  : 4, acc 0.098
[2024-01-04 19:52:32] [INFO]     |  local epoch  : 0, acc 0.098
[2024-01-04 19:52:33] [INFO]     |  local epoch  : 1, acc 0.098
[2024-01-04 19:52:34] [INFO]     |  local epoch  : 2, acc 0.098
[2024-01-04 19:52:34] [INFO]     |  local epoch  : 3, acc 0.098
[2024-01-04 19:52:35] [INFO]     |  local epoch  : 4, acc 0.098
[2024-01-04 19:52:35] [INFO]    -client 7
[2024-01-04 19:52:35] [INFO]    -client 7
[2024-01-04 19:52:35] [INFO]     |  local epoch  : 0, acc 0.098
[2024-01-04 19:52:36] [INFO]     |  local epoch  : 1, acc 0.098
[2024-01-04 19:52:37] [INFO]     |  local epoch  : 2, acc 0.098
[2024-01-04 19:52:37] [INFO]     |  local epoch  : 3, acc 0.098
[2024-01-04 19:52:38] [INFO]     |  local epoch  : 4, acc 0.098
[2024-01-04 19:52:39] [INFO]     |  local epoch  : 0, acc 0.098
[2024-01-04 19:52:39] [INFO]     |  local epoch  : 1, acc 0.098
[2024-01-04 19:52:40] [INFO]     |  local epoch  : 2, acc 0.098
[2024-01-04 19:52:41] [INFO]     |  local epoch  : 3, acc 0.098
[2024-01-04 19:52:41] [INFO]     |  local epoch  : 4, acc 0.098
[2024-01-04 19:52:41] [INFO]    -client 8
[2024-01-04 19:52:41] [INFO]    -client 8
[2024-01-04 19:52:42] [INFO]     |  local epoch  : 0, acc 0.098
[2024-01-04 19:52:43] [INFO]     |  local epoch  : 1, acc 0.098
[2024-01-04 19:52:43] [INFO]     |  local epoch  : 2, acc 0.098
[2024-01-04 19:52:44] [INFO]     |  local epoch  : 3, acc 0.098
[2024-01-04 19:52:45] [INFO]     |  local epoch  : 4, acc 0.098
[2024-01-04 19:52:45] [INFO]     |  local epoch  : 0, acc 0.098
[2024-01-04 19:52:46] [INFO]     |  local epoch  : 1, acc 0.098
[2024-01-04 19:52:47] [INFO]     |  local epoch  : 2, acc 0.098
[2024-01-04 19:52:47] [INFO]     |  local epoch  : 3, acc 0.098
[2024-01-04 19:52:48] [INFO]     |  local epoch  : 4, acc 0.098
[2024-01-04 19:52:48] [INFO] |servers comunicated: 0, server aggregated: 0, acc_server 2: 0.098.
[2024-01-04 19:52:48] [INFO] --------------------------------------------------
[2024-01-04 19:52:48] [INFO]  |epoch_client_commu: 1/5
[2024-01-04 19:52:48] [INFO]   |server: 0
[2024-01-04 19:52:48] [INFO]    -client 0
[2024-01-04 19:52:48] [INFO]    -client 0
[2024-01-04 19:52:49] [INFO]     |  local epoch  : 0, acc 0.096
[2024-01-04 19:52:50] [INFO]     |  local epoch  : 1, acc 0.096
[2024-01-04 19:52:50] [INFO]     |  local epoch  : 2, acc 0.096
[2024-01-04 19:52:51] [INFO]     |  local epoch  : 3, acc 0.096
[2024-01-04 19:52:52] [INFO]     |  local epoch  : 4, acc 0.096
[2024-01-04 19:52:52] [INFO]     |  local epoch  : 0, acc 0.096
[2024-01-04 19:52:53] [INFO]     |  local epoch  : 1, acc 0.096
[2024-01-04 19:52:53] [INFO]     |  local epoch  : 2, acc 0.096
[2024-01-04 19:52:54] [INFO]     |  local epoch  : 3, acc 0.096
[2024-01-04 19:52:55] [INFO]     |  local epoch  : 4, acc 0.106
[2024-01-04 19:52:55] [INFO]    -client 1
[2024-01-04 19:52:55] [INFO]    -client 1
[2024-01-04 19:52:55] [INFO]     |  local epoch  : 0, acc 0.096
[2024-01-04 19:52:56] [INFO]     |  local epoch  : 1, acc 0.096
[2024-01-04 19:52:57] [INFO]     |  local epoch  : 2, acc 0.096
[2024-01-04 19:52:58] [INFO]     |  local epoch  : 3, acc 0.096
[2024-01-04 19:52:58] [INFO]     |  local epoch  : 4, acc 0.096
[2024-01-04 19:52:59] [INFO]     |  local epoch  : 0, acc 0.096
[2024-01-04 19:52:59] [INFO]     |  local epoch  : 1, acc 0.096
[2024-01-04 19:53:00] [INFO]     |  local epoch  : 2, acc 0.096
[2024-01-04 19:53:01] [INFO]     |  local epoch  : 3, acc 0.106
[2024-01-04 19:53:01] [INFO]     |  local epoch  : 4, acc 0.152
[2024-01-04 19:53:01] [INFO]    -client 2
[2024-01-04 19:53:01] [INFO]    -client 2
[2024-01-04 19:53:02] [INFO]     |  local epoch  : 0, acc 0.096
[2024-01-04 19:53:03] [INFO]     |  local epoch  : 1, acc 0.096
[2024-01-04 19:53:04] [INFO]     |  local epoch  : 2, acc 0.096
[2024-01-04 19:53:04] [INFO]     |  local epoch  : 3, acc 0.096
[2024-01-04 19:53:05] [INFO]     |  local epoch  : 4, acc 0.096
[2024-01-04 19:53:05] [INFO]     |  local epoch  : 0, acc 0.096
[2024-01-04 19:53:06] [INFO]     |  local epoch  : 1, acc 0.096
[2024-01-04 19:53:07] [INFO]     |  local epoch  : 2, acc 0.104
[2024-01-04 19:53:07] [INFO]     |  local epoch  : 3, acc 0.143
[2024-01-04 19:53:08] [INFO]     |  local epoch  : 4, acc 0.189
[2024-01-04 19:53:08] [INFO] |servers comunicated: 0, server aggregated: 1, acc_server 0: 0.109.
[2024-01-04 19:53:08] [INFO] --------------------------------------------------
[2024-01-04 19:53:08] [INFO]   |server: 1
[2024-01-04 19:53:08] [INFO]    -client 3
[2024-01-04 19:53:08] [INFO]    -client 3
[2024-01-04 19:53:09] [INFO]     |  local epoch  : 0, acc 0.103
[2024-01-04 19:53:10] [INFO]     |  local epoch  : 1, acc 0.103
[2024-01-04 19:53:10] [INFO]     |  local epoch  : 2, acc 0.103
[2024-01-04 19:53:11] [INFO]     |  local epoch  : 3, acc 0.103
[2024-01-04 19:53:12] [INFO]     |  local epoch  : 4, acc 0.103
[2024-01-04 19:53:12] [INFO]     |  local epoch  : 0, acc 0.103
[2024-01-04 19:53:13] [INFO]     |  local epoch  : 1, acc 0.104
[2024-01-04 19:53:13] [INFO]     |  local epoch  : 2, acc 0.114
[2024-01-04 19:53:14] [INFO]     |  local epoch  : 3, acc 0.143
[2024-01-04 19:53:15] [INFO]     |  local epoch  : 4, acc 0.174
[2024-01-04 19:53:15] [INFO]    -client 4
[2024-01-04 19:53:15] [INFO]    -client 4
[2024-01-04 19:53:15] [INFO]     |  local epoch  : 0, acc 0.103
[2024-01-04 19:53:16] [INFO]     |  local epoch  : 1, acc 0.103
[2024-01-04 19:53:17] [INFO]     |  local epoch  : 2, acc 0.103
[2024-01-04 19:53:18] [INFO]     |  local epoch  : 3, acc 0.103
[2024-01-04 19:53:18] [INFO]     |  local epoch  : 4, acc 0.103
[2024-01-04 19:53:19] [INFO]     |  local epoch  : 0, acc 0.103
[2024-01-04 19:53:20] [INFO]     |  local epoch  : 1, acc 0.111
[2024-01-04 19:53:20] [INFO]     |  local epoch  : 2, acc 0.137
[2024-01-04 19:53:21] [INFO]     |  local epoch  : 3, acc 0.175
[2024-01-04 19:53:21] [INFO]     |  local epoch  : 4, acc 0.217
[2024-01-04 19:53:21] [INFO]    -client 5
[2024-01-04 19:53:21] [INFO]    -client 5
[2024-01-04 19:53:22] [INFO]     |  local epoch  : 0, acc 0.103
[2024-01-04 19:53:23] [INFO]     |  local epoch  : 1, acc 0.103
[2024-01-04 19:53:24] [INFO]     |  local epoch  : 2, acc 0.103
[2024-01-04 19:53:24] [INFO]     |  local epoch  : 3, acc 0.103
[2024-01-04 19:53:25] [INFO]     |  local epoch  : 4, acc 0.103
[2024-01-04 19:53:26] [INFO]     |  local epoch  : 0, acc 0.103
[2024-01-04 19:53:26] [INFO]     |  local epoch  : 1, acc 0.103
[2024-01-04 19:53:27] [INFO]     |  local epoch  : 2, acc 0.103
[2024-01-04 19:53:27] [INFO]     |  local epoch  : 3, acc 0.103
[2024-01-04 19:53:28] [INFO]     |  local epoch  : 4, acc 0.110
[2024-01-04 19:53:28] [INFO] |servers comunicated: 0, server aggregated: 1, acc_server 1: 0.145.
[2024-01-04 19:53:28] [INFO] --------------------------------------------------
[2024-01-04 19:53:28] [INFO]   |server: 2
[2024-01-04 19:53:28] [INFO]    -client 6
[2024-01-04 19:53:28] [INFO]    -client 6
[2024-01-04 19:53:29] [INFO]     |  local epoch  : 0, acc 0.098
[2024-01-04 19:53:30] [INFO]     |  local epoch  : 1, acc 0.098
[2024-01-04 19:53:30] [INFO]     |  local epoch  : 2, acc 0.098
[2024-01-04 19:53:31] [INFO]     |  local epoch  : 3, acc 0.098
[2024-01-04 19:53:32] [INFO]     |  local epoch  : 4, acc 0.098
[2024-01-04 19:53:32] [INFO]     |  local epoch  : 0, acc 0.098
[2024-01-04 19:53:33] [INFO]     |  local epoch  : 1, acc 0.098
[2024-01-04 19:53:34] [INFO]     |  local epoch  : 2, acc 0.105
[2024-01-04 19:53:34] [INFO]     |  local epoch  : 3, acc 0.149
[2024-01-04 19:53:35] [INFO]     |  local epoch  : 4, acc 0.209
[2024-01-04 19:53:35] [INFO]    -client 7
[2024-01-04 19:53:35] [INFO]    -client 7
[2024-01-04 19:53:36] [INFO]     |  local epoch  : 0, acc 0.098
[2024-01-04 19:53:36] [INFO]     |  local epoch  : 1, acc 0.098
[2024-01-04 19:53:37] [INFO]     |  local epoch  : 2, acc 0.098
[2024-01-04 19:53:38] [INFO]     |  local epoch  : 3, acc 0.098
[2024-01-04 19:53:38] [INFO]     |  local epoch  : 4, acc 0.098
[2024-01-04 19:53:39] [INFO]     |  local epoch  : 0, acc 0.098
[2024-01-04 19:53:40] [INFO]     |  local epoch  : 1, acc 0.098
[2024-01-04 19:53:40] [INFO]     |  local epoch  : 2, acc 0.103
[2024-01-04 19:53:41] [INFO]     |  local epoch  : 3, acc 0.166
[2024-01-04 19:53:42] [INFO]     |  local epoch  : 4, acc 0.255
[2024-01-04 19:53:42] [INFO]    -client 8
[2024-01-04 19:53:42] [INFO]    -client 8
[2024-01-04 19:53:42] [INFO]     |  local epoch  : 0, acc 0.098
[2024-01-04 19:53:43] [INFO]     |  local epoch  : 1, acc 0.098
[2024-01-04 19:53:44] [INFO]     |  local epoch  : 2, acc 0.098
[2024-01-04 19:53:44] [INFO]     |  local epoch  : 3, acc 0.098
[2024-01-04 19:53:45] [INFO]     |  local epoch  : 4, acc 0.098
[2024-01-04 19:53:46] [INFO]     |  local epoch  : 0, acc 0.098
[2024-01-04 19:53:46] [INFO]     |  local epoch  : 1, acc 0.098
[2024-01-04 19:53:47] [INFO]     |  local epoch  : 2, acc 0.098
[2024-01-04 19:53:48] [INFO]     |  local epoch  : 3, acc 0.098
[2024-01-04 19:53:48] [INFO]     |  local epoch  : 4, acc 0.102
[2024-01-04 19:53:49] [INFO] |servers comunicated: 0, server aggregated: 1, acc_server 2: 0.160.
[2024-01-04 19:53:49] [INFO] --------------------------------------------------
[2024-01-04 19:53:49] [INFO]  |epoch_client_commu: 2/5
[2024-01-04 19:53:49] [INFO]   |server: 0
[2024-01-04 19:53:49] [INFO]    -client 0
[2024-01-04 19:53:49] [INFO]    -client 0
[2024-01-04 19:53:49] [INFO]     |  local epoch  : 0, acc 0.096
[2024-01-04 19:53:50] [INFO]     |  local epoch  : 1, acc 0.096
[2024-01-04 19:53:51] [INFO]     |  local epoch  : 2, acc 0.101
[2024-01-04 19:53:52] [INFO]     |  local epoch  : 3, acc 0.185
[2024-01-04 19:53:52] [INFO]     |  local epoch  : 4, acc 0.263
[2024-01-04 19:53:53] [INFO]     |  local epoch  : 0, acc 0.355
[2024-01-04 19:53:54] [INFO]     |  local epoch  : 1, acc 0.504
[2024-01-04 19:53:54] [INFO]     |  local epoch  : 2, acc 0.560
[2024-01-04 19:53:55] [INFO]     |  local epoch  : 3, acc 0.549
[2024-01-04 19:53:56] [INFO]     |  local epoch  : 4, acc 0.535
[2024-01-04 19:53:56] [INFO]    -client 1
[2024-01-04 19:53:56] [INFO]    -client 1
[2024-01-04 19:53:56] [INFO]     |  local epoch  : 0, acc 0.096
[2024-01-04 19:53:57] [INFO]     |  local epoch  : 1, acc 0.096
[2024-01-04 19:53:58] [INFO]     |  local epoch  : 2, acc 0.146
[2024-01-04 19:53:58] [INFO]     |  local epoch  : 3, acc 0.195
[2024-01-04 19:53:59] [INFO]     |  local epoch  : 4, acc 0.291
[2024-01-04 19:54:00] [INFO]     |  local epoch  : 0, acc 0.388
[2024-01-04 19:54:00] [INFO]     |  local epoch  : 1, acc 0.468
[2024-01-04 19:54:01] [INFO]     |  local epoch  : 2, acc 0.484
[2024-01-04 19:54:01] [INFO]     |  local epoch  : 3, acc 0.466
[2024-01-04 19:54:02] [INFO]     |  local epoch  : 4, acc 0.452
[2024-01-04 19:54:02] [INFO]    -client 2
[2024-01-04 19:54:02] [INFO]    -client 2
[2024-01-04 19:54:03] [INFO]     |  local epoch  : 0, acc 0.096
[2024-01-04 19:54:03] [INFO]     |  local epoch  : 1, acc 0.096
[2024-01-04 19:54:04] [INFO]     |  local epoch  : 2, acc 0.113
[2024-01-04 19:54:05] [INFO]     |  local epoch  : 3, acc 0.205
[2024-01-04 19:54:06] [INFO]     |  local epoch  : 4, acc 0.308
[2024-01-04 19:54:06] [INFO]     |  local epoch  : 0, acc 0.395
[2024-01-04 19:54:07] [INFO]     |  local epoch  : 1, acc 0.445
[2024-01-04 19:54:08] [INFO]     |  local epoch  : 2, acc 0.466
[2024-01-04 19:54:08] [INFO]     |  local epoch  : 3, acc 0.489
[2024-01-04 19:54:09] [INFO]     |  local epoch  : 4, acc 0.514
[2024-01-04 19:54:09] [INFO] |servers comunicated: 0, server aggregated: 2, acc_server 0: 0.527.
[2024-01-04 19:54:09] [INFO] --------------------------------------------------
[2024-01-04 19:54:09] [INFO]   |server: 1
[2024-01-04 19:54:09] [INFO]    -client 3
[2024-01-04 19:54:09] [INFO]    -client 3
[2024-01-04 19:54:10] [INFO]     |  local epoch  : 0, acc 0.103
[2024-01-04 19:54:11] [INFO]     |  local epoch  : 1, acc 0.104
[2024-01-04 19:54:11] [INFO]     |  local epoch  : 2, acc 0.157
[2024-01-04 19:54:12] [INFO]     |  local epoch  : 3, acc 0.213
[2024-01-04 19:54:12] [INFO]     |  local epoch  : 4, acc 0.339
[2024-01-04 19:54:13] [INFO]     |  local epoch  : 0, acc 0.454
[2024-01-04 19:54:14] [INFO]     |  local epoch  : 1, acc 0.499
[2024-01-04 19:54:14] [INFO]     |  local epoch  : 2, acc 0.516
[2024-01-04 19:54:15] [INFO]     |  local epoch  : 3, acc 0.526
[2024-01-04 19:54:16] [INFO]     |  local epoch  : 4, acc 0.537
[2024-01-04 19:54:16] [INFO]    -client 4
[2024-01-04 19:54:16] [INFO]    -client 4
[2024-01-04 19:54:17] [INFO]     |  local epoch  : 0, acc 0.103
[2024-01-04 19:54:18] [INFO]     |  local epoch  : 1, acc 0.104
[2024-01-04 19:54:19] [INFO]     |  local epoch  : 2, acc 0.167
[2024-01-04 19:54:20] [INFO]     |  local epoch  : 3, acc 0.280
[2024-01-04 19:54:21] [INFO]     |  local epoch  : 4, acc 0.353
[2024-01-04 19:54:21] [INFO]     |  local epoch  : 0, acc 0.420
[2024-01-04 19:54:22] [INFO]     |  local epoch  : 1, acc 0.463
[2024-01-04 19:54:23] [INFO]     |  local epoch  : 2, acc 0.488
[2024-01-04 19:54:24] [INFO]     |  local epoch  : 3, acc 0.514
[2024-01-04 19:54:24] [INFO]     |  local epoch  : 4, acc 0.522
[2024-01-04 19:54:24] [INFO]    -client 5
[2024-01-04 19:54:24] [INFO]    -client 5
[2024-01-04 19:54:25] [INFO]     |  local epoch  : 0, acc 0.103
[2024-01-04 19:54:26] [INFO]     |  local epoch  : 1, acc 0.103
[2024-01-04 19:54:27] [INFO]     |  local epoch  : 2, acc 0.114
[2024-01-04 19:54:27] [INFO]     |  local epoch  : 3, acc 0.192
[2024-01-04 19:54:28] [INFO]     |  local epoch  : 4, acc 0.244
[2024-01-04 19:54:29] [INFO]     |  local epoch  : 0, acc 0.348
[2024-01-04 19:54:29] [INFO]     |  local epoch  : 1, acc 0.454
[2024-01-04 19:54:30] [INFO]     |  local epoch  : 2, acc 0.516
[2024-01-04 19:54:30] [INFO]     |  local epoch  : 3, acc 0.520
[2024-01-04 19:54:31] [INFO]     |  local epoch  : 4, acc 0.527
[2024-01-04 19:54:31] [INFO] |servers comunicated: 0, server aggregated: 2, acc_server 1: 0.534.
[2024-01-04 19:54:31] [INFO] --------------------------------------------------
[2024-01-04 19:54:31] [INFO]   |server: 2
[2024-01-04 19:54:31] [INFO]    -client 6
[2024-01-04 19:54:31] [INFO]    -client 6
[2024-01-04 19:54:32] [INFO]     |  local epoch  : 0, acc 0.098
[2024-01-04 19:54:33] [INFO]     |  local epoch  : 1, acc 0.098
[2024-01-04 19:54:33] [INFO]     |  local epoch  : 2, acc 0.152
[2024-01-04 19:54:34] [INFO]     |  local epoch  : 3, acc 0.241
[2024-01-04 19:54:35] [INFO]     |  local epoch  : 4, acc 0.287
[2024-01-04 19:54:36] [INFO]     |  local epoch  : 0, acc 0.375
[2024-01-04 19:54:37] [INFO]     |  local epoch  : 1, acc 0.437
[2024-01-04 19:54:37] [INFO]     |  local epoch  : 2, acc 0.473
[2024-01-04 19:54:38] [INFO]     |  local epoch  : 3, acc 0.490
[2024-01-04 19:54:39] [INFO]     |  local epoch  : 4, acc 0.497
[2024-01-04 19:54:39] [INFO]    -client 7
[2024-01-04 19:54:39] [INFO]    -client 7
[2024-01-04 19:54:40] [INFO]     |  local epoch  : 0, acc 0.098
[2024-01-04 19:54:41] [INFO]     |  local epoch  : 1, acc 0.098
[2024-01-04 19:54:42] [INFO]     |  local epoch  : 2, acc 0.137
[2024-01-04 19:54:43] [INFO]     |  local epoch  : 3, acc 0.253
[2024-01-04 19:54:43] [INFO]     |  local epoch  : 4, acc 0.366
[2024-01-04 19:54:44] [INFO]     |  local epoch  : 0, acc 0.437
[2024-01-04 19:54:45] [INFO]     |  local epoch  : 1, acc 0.442
[2024-01-04 19:54:45] [INFO]     |  local epoch  : 2, acc 0.438
[2024-01-04 19:54:46] [INFO]     |  local epoch  : 3, acc 0.439
[2024-01-04 19:54:47] [INFO]     |  local epoch  : 4, acc 0.446
[2024-01-04 19:54:47] [INFO]    -client 8
[2024-01-04 19:54:47] [INFO]    -client 8
[2024-01-04 19:54:47] [INFO]     |  local epoch  : 0, acc 0.098
[2024-01-04 19:54:48] [INFO]     |  local epoch  : 1, acc 0.098
[2024-01-04 19:54:49] [INFO]     |  local epoch  : 2, acc 0.137
[2024-01-04 19:54:49] [INFO]     |  local epoch  : 3, acc 0.271
[2024-01-04 19:54:50] [INFO]     |  local epoch  : 4, acc 0.310
[2024-01-04 19:54:51] [INFO]     |  local epoch  : 0, acc 0.405
[2024-01-04 19:54:52] [INFO]     |  local epoch  : 1, acc 0.456
[2024-01-04 19:54:52] [INFO]     |  local epoch  : 2, acc 0.481
[2024-01-04 19:54:53] [INFO]     |  local epoch  : 3, acc 0.497
[2024-01-04 19:54:54] [INFO]     |  local epoch  : 4, acc 0.503
[2024-01-04 19:54:55] [INFO] |servers comunicated: 0, server aggregated: 2, acc_server 2: 0.483.
[2024-01-04 19:54:55] [INFO] --------------------------------------------------
[2024-01-04 19:54:55] [INFO]  |epoch_client_commu: 3/5
[2024-01-04 19:54:55] [INFO]   |server: 0
[2024-01-04 19:54:55] [INFO]    -client 0
[2024-01-04 19:54:55] [INFO]    -client 0
[2024-01-04 19:54:55] [INFO]     |  local epoch  : 0, acc 0.271
[2024-01-04 19:54:56] [INFO]     |  local epoch  : 1, acc 0.501
[2024-01-04 19:54:57] [INFO]     |  local epoch  : 2, acc 0.564
[2024-01-04 19:54:57] [INFO]     |  local epoch  : 3, acc 0.508
[2024-01-04 19:54:58] [INFO]     |  local epoch  : 4, acc 0.575
[2024-01-04 19:54:59] [INFO]     |  local epoch  : 0, acc 0.691
[2024-01-04 19:54:59] [INFO]     |  local epoch  : 1, acc 0.703
[2024-01-04 19:55:00] [INFO]     |  local epoch  : 2, acc 0.673
[2024-01-04 19:55:01] [INFO]     |  local epoch  : 3, acc 0.682
[2024-01-04 19:55:02] [INFO]     |  local epoch  : 4, acc 0.670
[2024-01-04 19:55:02] [INFO]    -client 1
[2024-01-04 19:55:02] [INFO]    -client 1
[2024-01-04 19:55:02] [INFO]     |  local epoch  : 0, acc 0.270
[2024-01-04 19:55:03] [INFO]     |  local epoch  : 1, acc 0.431
[2024-01-04 19:55:04] [INFO]     |  local epoch  : 2, acc 0.547
[2024-01-04 19:55:04] [INFO]     |  local epoch  : 3, acc 0.568
[2024-01-04 19:55:05] [INFO]     |  local epoch  : 4, acc 0.610
[2024-01-04 19:55:06] [INFO]     |  local epoch  : 0, acc 0.671
[2024-01-04 19:55:06] [INFO]     |  local epoch  : 1, acc 0.676
