[2024-01-04 21:13:56] [INFO] device cuda is used.
[2024-01-04 21:13:56] [INFO] cudnn is actived.
[2024-01-04 21:13:56] [INFO] 
      alpha      :  0.5  
        T        :   6   
    algorithm    :   0   
num_server_commu :   2   
num_client_commu :   2   
num_client_train :   2   
num_public_train :   2   
   batch_size    :  160  
     dataset     :cifar10
  model_select   :   1   
 num_all_client  :   9   
 num_all_server  :   3   
 num_client_data : 1200  
 num_public_data :  50   
   proportion    :  0.8  
[2024-01-04 21:14:08] [INFO] --------------------------------------------------
[2024-01-04 21:14:08] [INFO] |epoch_server_commu: 0/2
[2024-01-04 21:14:08] [INFO]  |epoch_client_commu: 0/2
[2024-01-04 21:14:08] [INFO]   |server: 0
[2024-01-04 21:14:08] [INFO]    -client 0
[2024-01-04 21:14:10] [INFO]     |  local epoch  : 0, acc 0.100
[2024-01-04 21:14:12] [INFO]     |  local epoch  : 1, acc 0.100
[2024-01-04 21:14:12] [INFO]    -client 1
[2024-01-04 21:14:13] [INFO]     |  local epoch  : 0, acc 0.100
[2024-01-04 21:14:14] [INFO]     |  local epoch  : 1, acc 0.100
[2024-01-04 21:14:14] [INFO]    -client 2
[2024-01-04 21:14:16] [INFO]     |  local epoch  : 0, acc 0.100
[2024-01-04 21:14:17] [INFO]     |  local epoch  : 1, acc 0.100
[2024-01-04 21:14:18] [INFO] |servers comunicated: 0, server aggregated: 0, acc_server 0: 0.100.
[2024-01-04 21:14:18] [INFO] --------------------------------------------------
[2024-01-04 21:14:18] [INFO]   |server: 1
[2024-01-04 21:14:18] [INFO]    -client 3
[2024-01-04 21:14:19] [INFO]     |  local epoch  : 0, acc 0.100
[2024-01-04 21:14:21] [INFO]     |  local epoch  : 1, acc 0.100
[2024-01-04 21:14:21] [INFO]    -client 4
[2024-01-04 21:14:22] [INFO]     |  local epoch  : 0, acc 0.100
[2024-01-04 21:14:23] [INFO]     |  local epoch  : 1, acc 0.100
[2024-01-04 21:14:23] [INFO]    -client 5
[2024-01-04 21:14:24] [INFO]     |  local epoch  : 0, acc 0.100
[2024-01-04 21:14:26] [INFO]     |  local epoch  : 1, acc 0.100
[2024-01-04 21:14:26] [INFO] |servers comunicated: 0, server aggregated: 0, acc_server 1: 0.100.
[2024-01-04 21:14:26] [INFO] --------------------------------------------------
[2024-01-04 21:14:26] [INFO]   |server: 2
[2024-01-04 21:14:26] [INFO]    -client 6
[2024-01-04 21:14:28] [INFO]     |  local epoch  : 0, acc 0.100
[2024-01-04 21:14:29] [INFO]     |  local epoch  : 1, acc 0.100
[2024-01-04 21:14:29] [INFO]    -client 7
[2024-01-04 21:14:30] [INFO]     |  local epoch  : 0, acc 0.100
[2024-01-04 21:14:32] [INFO]     |  local epoch  : 1, acc 0.100
[2024-01-04 21:14:32] [INFO]    -client 8
[2024-01-04 21:14:33] [INFO]     |  local epoch  : 0, acc 0.100
[2024-01-04 21:14:34] [INFO]     |  local epoch  : 1, acc 0.100
[2024-01-04 21:14:35] [INFO] |servers comunicated: 0, server aggregated: 0, acc_server 2: 0.100.
[2024-01-04 21:14:35] [INFO] --------------------------------------------------
[2024-01-04 21:14:35] [INFO]  |epoch_client_commu: 1/2
[2024-01-04 21:14:35] [INFO]   |server: 0
[2024-01-04 21:14:35] [INFO]    -client 0
[2024-01-04 21:14:36] [INFO]     |  local epoch  : 0, acc 0.100
[2024-01-04 21:14:38] [INFO]     |  local epoch  : 1, acc 0.100
[2024-01-04 21:14:38] [INFO]    -client 1
[2024-01-04 21:14:39] [INFO]     |  local epoch  : 0, acc 0.100
[2024-01-04 21:14:40] [INFO]     |  local epoch  : 1, acc 0.100
[2024-01-04 21:14:40] [INFO]    -client 2
[2024-01-04 21:14:42] [INFO]     |  local epoch  : 0, acc 0.100
[2024-01-04 21:14:43] [INFO]     |  local epoch  : 1, acc 0.100
[2024-01-04 21:14:44] [INFO] |servers comunicated: 0, server aggregated: 1, acc_server 0: 0.100.
[2024-01-04 21:14:44] [INFO] --------------------------------------------------
[2024-01-04 21:14:44] [INFO]   |server: 1
[2024-01-04 21:14:44] [INFO]    -client 3
[2024-01-04 21:14:45] [INFO]     |  local epoch  : 0, acc 0.100
[2024-01-04 21:14:46] [INFO]     |  local epoch  : 1, acc 0.100
[2024-01-04 21:14:46] [INFO]    -client 4
[2024-01-04 21:14:48] [INFO]     |  local epoch  : 0, acc 0.100
[2024-01-04 21:14:49] [INFO]     |  local epoch  : 1, acc 0.100
[2024-01-04 21:14:49] [INFO]    -client 5
[2024-01-04 21:14:50] [INFO]     |  local epoch  : 0, acc 0.100
[2024-01-04 21:14:51] [INFO]     |  local epoch  : 1, acc 0.100
[2024-01-04 21:14:52] [INFO] |servers comunicated: 0, server aggregated: 1, acc_server 1: 0.100.
[2024-01-04 21:14:52] [INFO] --------------------------------------------------
[2024-01-04 21:14:52] [INFO]   |server: 2
[2024-01-04 21:14:52] [INFO]    -client 6
[2024-01-04 21:14:53] [INFO]     |  local epoch  : 0, acc 0.100
[2024-01-04 21:14:55] [INFO]     |  local epoch  : 1, acc 0.100
[2024-01-04 21:14:55] [INFO]    -client 7
[2024-01-04 21:14:56] [INFO]     |  local epoch  : 0, acc 0.100
[2024-01-04 21:14:57] [INFO]     |  local epoch  : 1, acc 0.100
[2024-01-04 21:14:57] [INFO]    -client 8
[2024-01-04 21:14:59] [INFO]     |  local epoch  : 0, acc 0.100
[2024-01-04 21:15:00] [INFO]     |  local epoch  : 1, acc 0.100
[2024-01-04 21:15:01] [INFO] |servers comunicated: 0, server aggregated: 1, acc_server 2: 0.100.
[2024-01-04 21:15:01] [INFO] --------------------------------------------------
[2024-01-04 21:15:01] [INFO]      ********  servers comunicates  ********      
[2024-01-04 21:15:01] [INFO] --------------------------------------------------
[2024-01-04 21:15:01] [INFO] |epoch_server_commu: 1/2
[2024-01-04 21:15:01] [INFO]  |epoch_client_commu: 0/2
[2024-01-04 21:15:01] [INFO]   |server: 0
[2024-01-04 21:15:01] [INFO]    -client 0
[2024-01-04 21:15:02] [INFO]     |  local epoch  : 0, acc 0.100
[2024-01-04 21:15:03] [INFO]     |  local epoch  : 1, acc 0.100
[2024-01-04 21:15:05] [INFO]     | distill epoch : 0, acc 0.100
[2024-01-04 21:15:06] [INFO]     | distill epoch : 1, acc 0.100
[2024-01-04 21:15:06] [INFO]    -client 1
[2024-01-04 21:15:08] [INFO]     |  local epoch  : 0, acc 0.100
[2024-01-04 21:15:09] [INFO]     |  local epoch  : 1, acc 0.100
[2024-01-04 21:15:11] [INFO]     | distill epoch : 0, acc 0.100
[2024-01-04 21:15:12] [INFO]     | distill epoch : 1, acc 0.100
[2024-01-04 21:15:12] [INFO]    -client 2
[2024-01-04 21:15:13] [INFO]     |  local epoch  : 0, acc 0.100
[2024-01-04 21:15:15] [INFO]     |  local epoch  : 1, acc 0.100
[2024-01-04 21:15:16] [INFO]     | distill epoch : 0, acc 0.100
[2024-01-04 21:15:17] [INFO]     | distill epoch : 1, acc 0.100
[2024-01-04 21:15:18] [INFO] |servers comunicated: 1, server aggregated: 0, acc_server 0: 0.100.
[2024-01-04 21:15:18] [INFO] --------------------------------------------------
[2024-01-04 21:15:18] [INFO]   |server: 1
[2024-01-04 21:15:18] [INFO]    -client 3
[2024-01-04 21:15:19] [INFO]     |  local epoch  : 0, acc 0.100
[2024-01-04 21:15:21] [INFO]     |  local epoch  : 1, acc 0.100
[2024-01-04 21:15:22] [INFO]     | distill epoch : 0, acc 0.100
[2024-01-04 21:15:23] [INFO]     | distill epoch : 1, acc 0.100
[2024-01-04 21:15:23] [INFO]    -client 4
[2024-01-04 21:15:25] [INFO]     |  local epoch  : 0, acc 0.100
[2024-01-04 21:15:26] [INFO]     |  local epoch  : 1, acc 0.100
[2024-01-04 21:15:27] [INFO]     | distill epoch : 0, acc 0.100
[2024-01-04 21:15:29] [INFO]     | distill epoch : 1, acc 0.100
[2024-01-04 21:15:29] [INFO]    -client 5
[2024-01-04 21:15:30] [INFO]     |  local epoch  : 0, acc 0.100
[2024-01-04 21:15:31] [INFO]     |  local epoch  : 1, acc 0.100
[2024-01-04 21:15:33] [INFO]     | distill epoch : 0, acc 0.100
[2024-01-04 21:15:34] [INFO]     | distill epoch : 1, acc 0.100
[2024-01-04 21:15:35] [INFO] |servers comunicated: 1, server aggregated: 0, acc_server 1: 0.100.
[2024-01-04 21:15:35] [INFO] --------------------------------------------------
[2024-01-04 21:15:35] [INFO]   |server: 2
[2024-01-04 21:15:35] [INFO]    -client 6
[2024-01-04 21:15:36] [INFO]     |  local epoch  : 0, acc 0.100
[2024-01-04 21:15:37] [INFO]     |  local epoch  : 1, acc 0.100
[2024-01-04 21:15:39] [INFO]     | distill epoch : 0, acc 0.100
[2024-01-04 21:15:40] [INFO]     | distill epoch : 1, acc 0.100
[2024-01-04 21:15:40] [INFO]    -client 7
[2024-01-04 21:15:41] [INFO]     |  local epoch  : 0, acc 0.100
[2024-01-04 21:15:43] [INFO]     |  local epoch  : 1, acc 0.100
[2024-01-04 21:15:44] [INFO]     | distill epoch : 0, acc 0.100
[2024-01-04 21:15:46] [INFO]     | distill epoch : 1, acc 0.100
[2024-01-04 21:15:46] [INFO]    -client 8
[2024-01-04 21:15:47] [INFO]     |  local epoch  : 0, acc 0.100
[2024-01-04 21:15:48] [INFO]     |  local epoch  : 1, acc 0.100
[2024-01-04 21:15:50] [INFO]     | distill epoch : 0, acc 0.100
[2024-01-04 21:15:51] [INFO]     | distill epoch : 1, acc 0.100
[2024-01-04 21:15:52] [INFO] |servers comunicated: 1, server aggregated: 0, acc_server 2: 0.100.
[2024-01-04 21:15:52] [INFO] --------------------------------------------------
[2024-01-04 21:15:52] [INFO]  |epoch_client_commu: 1/2
[2024-01-04 21:15:52] [INFO]   |server: 0
[2024-01-04 21:15:52] [INFO]    -client 0
[2024-01-04 21:15:53] [INFO]     |  local epoch  : 0, acc 0.100
[2024-01-04 21:15:54] [INFO]     |  local epoch  : 1, acc 0.100
[2024-01-04 21:15:56] [INFO]     | distill epoch : 0, acc 0.100
[2024-01-04 21:15:57] [INFO]     | distill epoch : 1, acc 0.100
[2024-01-04 21:15:57] [INFO]    -client 1
[2024-01-04 21:15:59] [INFO]     |  local epoch  : 0, acc 0.100
[2024-01-04 21:16:00] [INFO]     |  local epoch  : 1, acc 0.100
[2024-01-04 21:16:01] [INFO]     | distill epoch : 0, acc 0.100
[2024-01-04 21:16:03] [INFO]     | distill epoch : 1, acc 0.100
[2024-01-04 21:16:03] [INFO]    -client 2
[2024-01-04 21:16:04] [INFO]     |  local epoch  : 0, acc 0.100
[2024-01-04 21:16:06] [INFO]     |  local epoch  : 1, acc 0.100
[2024-01-04 21:16:07] [INFO]     | distill epoch : 0, acc 0.100
[2024-01-04 21:16:08] [INFO]     | distill epoch : 1, acc 0.100
[2024-01-04 21:16:09] [INFO] |servers comunicated: 1, server aggregated: 1, acc_server 0: 0.100.
[2024-01-04 21:16:09] [INFO] --------------------------------------------------
[2024-01-04 21:16:09] [INFO]   |server: 1
[2024-01-04 21:16:09] [INFO]    -client 3
[2024-01-04 21:16:10] [INFO]     |  local epoch  : 0, acc 0.100
[2024-01-04 21:16:12] [INFO]     |  local epoch  : 1, acc 0.100
[2024-01-04 21:16:13] [INFO]     | distill epoch : 0, acc 0.100
[2024-01-04 21:16:14] [INFO]     | distill epoch : 1, acc 0.100
[2024-01-04 21:16:14] [INFO]    -client 4
[2024-01-04 21:16:16] [INFO]     |  local epoch  : 0, acc 0.100
[2024-01-04 21:16:17] [INFO]     |  local epoch  : 1, acc 0.100
[2024-01-04 21:16:18] [INFO]     | distill epoch : 0, acc 0.100
[2024-01-04 21:16:20] [INFO]     | distill epoch : 1, acc 0.100
[2024-01-04 21:16:20] [INFO]    -client 5
[2024-01-04 21:16:21] [INFO]     |  local epoch  : 0, acc 0.100
[2024-01-04 21:16:22] [INFO]     |  local epoch  : 1, acc 0.100
[2024-01-04 21:16:24] [INFO]     | distill epoch : 0, acc 0.100
[2024-01-04 21:16:25] [INFO]     | distill epoch : 1, acc 0.100
[2024-01-04 21:16:26] [INFO] |servers comunicated: 1, server aggregated: 1, acc_server 1: 0.100.
[2024-01-04 21:16:26] [INFO] --------------------------------------------------
[2024-01-04 21:16:26] [INFO]   |server: 2
[2024-01-04 21:16:26] [INFO]    -client 6
[2024-01-04 21:16:27] [INFO]     |  local epoch  : 0, acc 0.100
[2024-01-04 21:16:29] [INFO]     |  local epoch  : 1, acc 0.100
[2024-01-04 21:16:30] [INFO]     | distill epoch : 0, acc 0.100
[2024-01-04 21:16:31] [INFO]     | distill epoch : 1, acc 0.100
[2024-01-04 21:16:31] [INFO]    -client 7
[2024-01-04 21:16:33] [INFO]     |  local epoch  : 0, acc 0.100
[2024-01-04 21:16:34] [INFO]     |  local epoch  : 1, acc 0.100
[2024-01-04 21:16:35] [INFO]     | distill epoch : 0, acc 0.100
[2024-01-04 21:16:37] [INFO]     | distill epoch : 1, acc 0.100
[2024-01-04 21:16:37] [INFO]    -client 8
[2024-01-04 21:16:38] [INFO]     |  local epoch  : 0, acc 0.100
[2024-01-04 21:16:39] [INFO]     |  local epoch  : 1, acc 0.100
[2024-01-04 21:16:41] [INFO]     | distill epoch : 0, acc 0.100
[2024-01-04 21:16:42] [INFO]     | distill epoch : 1, acc 0.100
[2024-01-04 21:16:43] [INFO] |servers comunicated: 1, server aggregated: 1, acc_server 2: 0.100.
[2024-01-04 21:16:43] [INFO] --------------------------------------------------
[2024-01-04 21:16:43] [INFO]      ********  servers comunicates  ********      
[2024-01-04 21:16:43] [INFO] ./res/cifar10_model_1_algo_0/alpha_0.5_T_6/server_commu_2_client_commu_2_client_train_2_batch_size_160_num_all_client_9_num_all_server_3_num_client_data_1200_num_public_data_50_proportion_0.8.pt
