[2024-01-09 10:46:50] [INFO] device cuda is used.
[2024-01-09 10:46:50] [INFO] cudnn is actived.
[2024-01-09 10:46:50] [INFO] 
      alpha      :  0.5  
        T        :   6   
    algorithm    :   0   
num_server_commu :   2   
num_client_commu :   2   
num_client_train :   2   
num_public_train :   2   
   batch_size    :  160  
     dataset     : mnist 
  model_select   :   1   
 num_all_client  :   9   
 num_all_server  :   3   
 num_client_data : 1200  
 num_public_data :  50   
   proportion    :  0.8  
[2024-01-09 10:46:58] [INFO] --------------------------------------------------
[2024-01-09 10:46:58] [INFO] |epoch_server_commu: 0/2
[2024-01-09 10:46:58] [INFO]  |epoch_client_commu: 0/2
[2024-01-09 10:46:58] [INFO]   |server: 0
[2024-01-09 10:46:58] [INFO] -client 0
[2024-01-09 10:46:59] [INFO]     |  local epoch  : 0, acc 0.098
[2024-01-09 10:46:59] [INFO]     |  local epoch  : 1, acc 0.098
[2024-01-09 10:46:59] [INFO] -client 1
[2024-01-09 10:46:59] [INFO]     |  local epoch  : 0, acc 0.098
[2024-01-09 10:47:00] [INFO]     |  local epoch  : 1, acc 0.098
[2024-01-09 10:47:00] [INFO] -client 2
[2024-01-09 10:47:00] [INFO]     |  local epoch  : 0, acc 0.098
[2024-01-09 10:47:00] [INFO]     |  local epoch  : 1, acc 0.098
[2024-01-09 10:47:00] [INFO] |servers comunicated: 0, server aggregated: 0, acc_server 0: 0.098.
[2024-01-09 10:47:00] [INFO] --------------------------------------------------
[2024-01-09 10:47:00] [INFO]   |server: 1
[2024-01-09 10:47:01] [INFO] -client 3
[2024-01-09 10:47:01] [INFO]     |  local epoch  : 0, acc 0.099
[2024-01-09 10:47:01] [INFO]     |  local epoch  : 1, acc 0.098
[2024-01-09 10:47:01] [INFO] -client 4
[2024-01-09 10:47:02] [INFO]     |  local epoch  : 0, acc 0.098
[2024-01-09 10:47:02] [INFO]     |  local epoch  : 1, acc 0.098
[2024-01-09 10:47:02] [INFO] -client 5
[2024-01-09 10:47:02] [INFO]     |  local epoch  : 0, acc 0.098
[2024-01-09 10:47:02] [INFO]     |  local epoch  : 1, acc 0.098
[2024-01-09 10:47:03] [INFO] |servers comunicated: 0, server aggregated: 0, acc_server 1: 0.098.
[2024-01-09 10:47:03] [INFO] --------------------------------------------------
[2024-01-09 10:47:03] [INFO]   |server: 2
[2024-01-09 10:47:03] [INFO] -client 6
[2024-01-09 10:47:03] [INFO]     |  local epoch  : 0, acc 0.096
[2024-01-09 10:47:03] [INFO]     |  local epoch  : 1, acc 0.096
[2024-01-09 10:47:03] [INFO] -client 7
[2024-01-09 10:47:04] [INFO]     |  local epoch  : 0, acc 0.096
[2024-01-09 10:47:04] [INFO]     |  local epoch  : 1, acc 0.096
[2024-01-09 10:47:04] [INFO] -client 8
[2024-01-09 10:47:04] [INFO]     |  local epoch  : 0, acc 0.096
[2024-01-09 10:47:05] [INFO]     |  local epoch  : 1, acc 0.096
[2024-01-09 10:47:05] [INFO] |servers comunicated: 0, server aggregated: 0, acc_server 2: 0.096.
[2024-01-09 10:47:05] [INFO] --------------------------------------------------
[2024-01-09 10:47:05] [INFO]  |epoch_client_commu: 1/2
[2024-01-09 10:47:05] [INFO]   |server: 0
[2024-01-09 10:47:05] [INFO] -client 0
[2024-01-09 10:47:05] [INFO]     |  local epoch  : 0, acc 0.098
[2024-01-09 10:47:05] [INFO]     |  local epoch  : 1, acc 0.098
[2024-01-09 10:47:05] [INFO] -client 1
[2024-01-09 10:47:06] [INFO]     |  local epoch  : 0, acc 0.098
[2024-01-09 10:47:06] [INFO]     |  local epoch  : 1, acc 0.098
[2024-01-09 10:47:06] [INFO] -client 2
[2024-01-09 10:47:06] [INFO]     |  local epoch  : 0, acc 0.098
[2024-01-09 10:47:07] [INFO]     |  local epoch  : 1, acc 0.098
[2024-01-09 10:47:07] [INFO] |servers comunicated: 0, server aggregated: 1, acc_server 0: 0.098.
[2024-01-09 10:47:07] [INFO] --------------------------------------------------
[2024-01-09 10:47:07] [INFO]   |server: 1
[2024-01-09 10:47:07] [INFO] -client 3
[2024-01-09 10:47:07] [INFO]     |  local epoch  : 0, acc 0.098
[2024-01-09 10:47:07] [INFO]     |  local epoch  : 1, acc 0.098
[2024-01-09 10:47:07] [INFO] -client 4
[2024-01-09 10:47:08] [INFO]     |  local epoch  : 0, acc 0.098
[2024-01-09 10:47:08] [INFO]     |  local epoch  : 1, acc 0.098
[2024-01-09 10:47:08] [INFO] -client 5
[2024-01-09 10:47:08] [INFO]     |  local epoch  : 0, acc 0.098
[2024-01-09 10:47:09] [INFO]     |  local epoch  : 1, acc 0.098
[2024-01-09 10:47:09] [INFO] |servers comunicated: 0, server aggregated: 1, acc_server 1: 0.098.
[2024-01-09 10:47:09] [INFO] --------------------------------------------------
[2024-01-09 10:47:09] [INFO]   |server: 2
[2024-01-09 10:47:09] [INFO] -client 6
[2024-01-09 10:47:09] [INFO]     |  local epoch  : 0, acc 0.096
[2024-01-09 10:47:09] [INFO]     |  local epoch  : 1, acc 0.096
[2024-01-09 10:47:09] [INFO] -client 7
[2024-01-09 10:47:10] [INFO]     |  local epoch  : 0, acc 0.096
[2024-01-09 10:47:10] [INFO]     |  local epoch  : 1, acc 0.096
[2024-01-09 10:47:10] [INFO] -client 8
[2024-01-09 10:47:10] [INFO]     |  local epoch  : 0, acc 0.096
[2024-01-09 10:47:11] [INFO]     |  local epoch  : 1, acc 0.096
[2024-01-09 10:47:11] [INFO] |servers comunicated: 0, server aggregated: 1, acc_server 2: 0.096.
[2024-01-09 10:47:11] [INFO] --------------------------------------------------
[2024-01-09 10:47:11] [INFO]      ********  servers comunicates  ********      
[2024-01-09 10:47:11] [INFO] --------------------------------------------------
[2024-01-09 10:47:11] [INFO] |epoch_server_commu: 1/2
[2024-01-09 10:47:11] [INFO]  |epoch_client_commu: 0/2
[2024-01-09 10:47:11] [INFO]   |server: 0
[2024-01-09 10:47:11] [INFO] -client 0
[2024-01-09 10:47:11] [INFO]     |  local epoch  : 0, acc 0.098
[2024-01-09 10:47:12] [INFO]     |  local epoch  : 1, acc 0.098
