[2024-01-09 10:43:36] [INFO] device cuda is used.
[2024-01-09 10:43:36] [INFO] cudnn is actived.
[2024-01-09 10:43:36] [INFO] 
      alpha      :  0.5  
        T        :   6   
    algorithm    :   0   
num_server_commu :   2   
num_client_commu :   2   
num_client_train :   2   
num_public_train :   2   
   batch_size    :  160  
     dataset     : mnist 
  model_select   :   1   
 num_all_client  :   9   
 num_all_server  :   3   
 num_client_data : 1200  
 num_public_data :  50   
   proportion    :  0.8  
[2024-01-09 10:43:43] [INFO] --------------------------------------------------
[2024-01-09 10:43:43] [INFO] |epoch_server_commu: 0/2
[2024-01-09 10:43:43] [INFO]  |epoch_client_commu: 0/2
[2024-01-09 10:43:43] [INFO]   |server: 0
[2024-01-09 10:43:43] [INFO] -client 0
[2024-01-09 10:43:44] [INFO]     |  local epoch  : 0, acc 0.098
[2024-01-09 10:43:44] [INFO]     |  local epoch  : 1, acc 0.098
[2024-01-09 10:43:44] [INFO] -client 1
[2024-01-09 10:43:45] [INFO]     |  local epoch  : 0, acc 0.098
[2024-01-09 10:43:45] [INFO]     |  local epoch  : 1, acc 0.098
[2024-01-09 10:43:45] [INFO] -client 2
[2024-01-09 10:43:45] [INFO]     |  local epoch  : 0, acc 0.098
[2024-01-09 10:43:46] [INFO]     |  local epoch  : 1, acc 0.098
[2024-01-09 10:43:46] [INFO] |servers comunicated: 0, server aggregated: 0, acc_server 0: 0.098.
[2024-01-09 10:43:46] [INFO] --------------------------------------------------
[2024-01-09 10:43:46] [INFO]   |server: 1
[2024-01-09 10:43:46] [INFO] -client 3
[2024-01-09 10:43:46] [INFO]     |  local epoch  : 0, acc 0.089
[2024-01-09 10:43:47] [INFO]     |  local epoch  : 1, acc 0.089
[2024-01-09 10:43:47] [INFO] -client 4
[2024-01-09 10:43:47] [INFO]     |  local epoch  : 0, acc 0.089
[2024-01-09 10:43:48] [INFO]     |  local epoch  : 1, acc 0.089
[2024-01-09 10:43:48] [INFO] -client 5
[2024-01-09 10:43:48] [INFO]     |  local epoch  : 0, acc 0.089
[2024-01-09 10:43:48] [INFO]     |  local epoch  : 1, acc 0.089
[2024-01-09 10:43:48] [INFO] |servers comunicated: 0, server aggregated: 0, acc_server 1: 0.089.
[2024-01-09 10:43:48] [INFO] --------------------------------------------------
[2024-01-09 10:43:48] [INFO]   |server: 2
[2024-01-09 10:43:49] [INFO] -client 6
[2024-01-09 10:43:49] [INFO]     |  local epoch  : 0, acc 0.103
[2024-01-09 10:43:49] [INFO]     |  local epoch  : 1, acc 0.103
[2024-01-09 10:43:49] [INFO] -client 7
[2024-01-09 10:43:50] [INFO]     |  local epoch  : 0, acc 0.103
[2024-01-09 10:43:50] [INFO]     |  local epoch  : 1, acc 0.103
[2024-01-09 10:43:50] [INFO] -client 8
[2024-01-09 10:43:50] [INFO]     |  local epoch  : 0, acc 0.103
[2024-01-09 10:43:51] [INFO]     |  local epoch  : 1, acc 0.103
[2024-01-09 10:43:51] [INFO] |servers comunicated: 0, server aggregated: 0, acc_server 2: 0.103.
[2024-01-09 10:43:51] [INFO] --------------------------------------------------
[2024-01-09 10:43:51] [INFO]  |epoch_client_commu: 1/2
[2024-01-09 10:43:51] [INFO]   |server: 0
[2024-01-09 10:43:51] [INFO] -client 0
[2024-01-09 10:43:51] [INFO]     |  local epoch  : 0, acc 0.098
[2024-01-09 10:43:52] [INFO]     |  local epoch  : 1, acc 0.098
[2024-01-09 10:43:52] [INFO] -client 1
[2024-01-09 10:43:52] [INFO]     |  local epoch  : 0, acc 0.098
[2024-01-09 10:43:52] [INFO]     |  local epoch  : 1, acc 0.098
[2024-01-09 10:43:52] [INFO] -client 2
[2024-01-09 10:43:53] [INFO]     |  local epoch  : 0, acc 0.098
[2024-01-09 10:43:53] [INFO]     |  local epoch  : 1, acc 0.098
[2024-01-09 10:43:53] [INFO] |servers comunicated: 0, server aggregated: 1, acc_server 0: 0.098.
[2024-01-09 10:43:53] [INFO] --------------------------------------------------
[2024-01-09 10:43:53] [INFO]   |server: 1
[2024-01-09 10:43:53] [INFO] -client 3
[2024-01-09 10:43:54] [INFO]     |  local epoch  : 0, acc 0.089
[2024-01-09 10:43:54] [INFO]     |  local epoch  : 1, acc 0.089
[2024-01-09 10:43:54] [INFO] -client 4
[2024-01-09 10:43:54] [INFO]     |  local epoch  : 0, acc 0.089
[2024-01-09 10:43:55] [INFO]     |  local epoch  : 1, acc 0.089
[2024-01-09 10:43:55] [INFO] -client 5
[2024-01-09 10:43:55] [INFO]     |  local epoch  : 0, acc 0.089
[2024-01-09 10:43:55] [INFO]     |  local epoch  : 1, acc 0.089
[2024-01-09 10:43:56] [INFO] |servers comunicated: 0, server aggregated: 1, acc_server 1: 0.089.
[2024-01-09 10:43:56] [INFO] --------------------------------------------------
[2024-01-09 10:43:56] [INFO]   |server: 2
[2024-01-09 10:43:56] [INFO] -client 6
[2024-01-09 10:43:56] [INFO]     |  local epoch  : 0, acc 0.103
[2024-01-09 10:43:56] [INFO]     |  local epoch  : 1, acc 0.103
[2024-01-09 10:43:56] [INFO] -client 7
[2024-01-09 10:43:57] [INFO]     |  local epoch  : 0, acc 0.103
[2024-01-09 10:43:57] [INFO]     |  local epoch  : 1, acc 0.103
[2024-01-09 10:43:57] [INFO] -client 8
[2024-01-09 10:43:58] [INFO]     |  local epoch  : 0, acc 0.103
[2024-01-09 10:43:58] [INFO]     |  local epoch  : 1, acc 0.103
[2024-01-09 10:43:58] [INFO] |servers comunicated: 0, server aggregated: 1, acc_server 2: 0.103.
[2024-01-09 10:43:58] [INFO] --------------------------------------------------
[2024-01-09 10:43:58] [INFO]      ********  servers comunicates  ********      
[2024-01-09 10:43:58] [INFO] --------------------------------------------------
[2024-01-09 10:43:58] [INFO] |epoch_server_commu: 1/2
[2024-01-09 10:43:58] [INFO]  |epoch_client_commu: 0/2
[2024-01-09 10:43:58] [INFO]   |server: 0
[2024-01-09 10:43:58] [INFO] -client 0
[2024-01-09 10:43:59] [INFO]     |  local epoch  : 0, acc 0.098
[2024-01-09 10:43:59] [INFO]     |  local epoch  : 1, acc 0.098
