[2024-01-09 12:12:41] [INFO] device cuda is used.
[2024-01-09 12:12:41] [INFO] cudnn is actived.
[2024-01-09 12:12:41] [INFO] 
      alpha      :  0.5  
        T        :   6   
    algorithm    :   0   
num_server_commu :   2   
num_client_commu :   5   
num_client_train :   5   
num_public_train :   5   
   batch_size    :  160  
     dataset     : mnist 
  model_select   :   3   
 num_all_client  :   9   
 num_all_server  :   3   
 num_client_data : 1200  
 num_public_data :  50   
   proportion    :  0.8  
[2024-01-09 12:12:49] [INFO] --------------------------------------------------
[2024-01-09 12:12:49] [INFO] |epoch_server_commu: 0/2
[2024-01-09 12:12:49] [INFO]  |epoch_client_commu: 0/5
[2024-01-09 12:12:49] [INFO]   |server: 0
[2024-01-09 12:12:51] [INFO]    -client 0
[2024-01-09 12:12:52] [INFO] |  local epoch  : 0, acc 0.097
[2024-01-09 12:12:52] [INFO] |  local epoch  : 1, acc 0.097
[2024-01-09 12:12:53] [INFO] |  local epoch  : 2, acc 0.097
[2024-01-09 12:12:53] [INFO] |  local epoch  : 3, acc 0.097
[2024-01-09 12:12:54] [INFO] |  local epoch  : 4, acc 0.097
[2024-01-09 12:12:54] [INFO]    -client 1
[2024-01-09 12:12:54] [INFO] |  local epoch  : 0, acc 0.097
[2024-01-09 12:12:54] [INFO] |  local epoch  : 1, acc 0.097
[2024-01-09 12:12:55] [INFO] |  local epoch  : 2, acc 0.097
[2024-01-09 12:12:55] [INFO] |  local epoch  : 3, acc 0.097
[2024-01-09 12:12:56] [INFO] |  local epoch  : 4, acc 0.097
[2024-01-09 12:12:56] [INFO]    -client 2
[2024-01-09 12:12:56] [INFO] |  local epoch  : 0, acc 0.097
[2024-01-09 12:12:57] [INFO] |  local epoch  : 1, acc 0.097
[2024-01-09 12:12:57] [INFO] |  local epoch  : 2, acc 0.097
[2024-01-09 12:12:58] [INFO] |  local epoch  : 3, acc 0.097
[2024-01-09 12:12:58] [INFO] |  local epoch  : 4, acc 0.097
[2024-01-09 12:12:58] [INFO] |servers comunicated: 0, server aggregated: 0, acc_server 0: 0.097.
[2024-01-09 12:12:58] [INFO] --------------------------------------------------
[2024-01-09 12:12:58] [INFO]   |server: 1
[2024-01-09 12:13:00] [INFO]    -client 3
[2024-01-09 12:13:00] [INFO] |  local epoch  : 0, acc 0.114
[2024-01-09 12:13:01] [INFO] |  local epoch  : 1, acc 0.114
[2024-01-09 12:13:01] [INFO] |  local epoch  : 2, acc 0.114
[2024-01-09 12:13:02] [INFO] |  local epoch  : 3, acc 0.114
[2024-01-09 12:13:02] [INFO] |  local epoch  : 4, acc 0.114
[2024-01-09 12:13:02] [INFO]    -client 4
[2024-01-09 12:13:03] [INFO] |  local epoch  : 0, acc 0.111
[2024-01-09 12:13:03] [INFO] |  local epoch  : 1, acc 0.114
[2024-01-09 12:13:04] [INFO] |  local epoch  : 2, acc 0.114
[2024-01-09 12:13:04] [INFO] |  local epoch  : 3, acc 0.114
[2024-01-09 12:13:05] [INFO] |  local epoch  : 4, acc 0.114
[2024-01-09 12:13:05] [INFO]    -client 5
[2024-01-09 12:13:05] [INFO] |  local epoch  : 0, acc 0.111
[2024-01-09 12:13:06] [INFO] |  local epoch  : 1, acc 0.114
[2024-01-09 12:13:06] [INFO] |  local epoch  : 2, acc 0.114
[2024-01-09 12:13:07] [INFO] |  local epoch  : 3, acc 0.114
[2024-01-09 12:13:07] [INFO] |  local epoch  : 4, acc 0.114
[2024-01-09 12:13:08] [INFO] |servers comunicated: 0, server aggregated: 0, acc_server 1: 0.114.
[2024-01-09 12:13:08] [INFO] --------------------------------------------------
[2024-01-09 12:13:08] [INFO]   |server: 2
[2024-01-09 12:13:09] [INFO]    -client 6
