[2024-01-09 12:10:04] [INFO] device cuda is used.
[2024-01-09 12:10:04] [INFO] cudnn is actived.
[2024-01-09 12:10:04] [INFO] 
      alpha      :  0.5  
        T        :   6   
    algorithm    :   0   
num_server_commu :   2   
num_client_commu :   5   
num_client_train :   5   
num_public_train :   5   
   batch_size    :  160  
     dataset     : mnist 
  model_select   :   3   
 num_all_client  :   9   
 num_all_server  :   3   
 num_client_data : 1200  
 num_public_data :  50   
   proportion    :  0.8  
[2024-01-09 12:10:12] [INFO] --------------------------------------------------
[2024-01-09 12:10:12] [INFO] |epoch_server_commu: 0/2
[2024-01-09 12:10:12] [INFO]  |epoch_client_commu: 0/5
[2024-01-09 12:10:12] [INFO]   |server: 0
[2024-01-09 12:10:14] [INFO]    -client 0
