[2024-01-09 12:18:39] [INFO] device cuda is used.
[2024-01-09 12:18:39] [INFO] cudnn is actived.
[2024-01-09 12:18:39] [INFO] 
      alpha      :  0.5  
        T        :   6   
    algorithm    :   0   
num_server_commu :   2   
num_client_commu :   5   
num_client_train :   5   
num_public_train :   5   
   batch_size    :  160  
     dataset     :cifar10
  model_select   :   3   
 num_all_client  :   9   
 num_all_server  :   3   
 num_client_data : 1200  
 num_public_data :  50   
   proportion    :  0.8  
[2024-01-09 12:18:49] [INFO] --------------------------------------------------
[2024-01-09 12:18:49] [INFO] |epoch_server_commu: 0/2
[2024-01-09 12:18:49] [INFO]  |epoch_client_commu: 0/5
[2024-01-09 12:18:49] [INFO]   |server: 0
[2024-01-09 12:18:51] [INFO]  ---client 0
[2024-01-09 12:18:52] [INFO] |  local epoch  : 0, acc 0.100
[2024-01-09 12:18:53] [INFO] |  local epoch  : 1, acc 0.100
[2024-01-09 12:18:53] [INFO] |  local epoch  : 2, acc 0.100
[2024-01-09 12:18:54] [INFO] |  local epoch  : 3, acc 0.100
[2024-01-09 12:18:54] [INFO] |  local epoch  : 4, acc 0.100
[2024-01-09 12:18:54] [INFO]  ---client 1
[2024-01-09 12:18:55] [INFO] |  local epoch  : 0, acc 0.100
[2024-01-09 12:18:55] [INFO] |  local epoch  : 1, acc 0.100
[2024-01-09 12:18:56] [INFO] |  local epoch  : 2, acc 0.100
[2024-01-09 12:18:56] [INFO] |  local epoch  : 3, acc 0.100
[2024-01-09 12:18:57] [INFO] |  local epoch  : 4, acc 0.100
[2024-01-09 12:18:57] [INFO]  ---client 2
[2024-01-09 12:18:57] [INFO] |  local epoch  : 0, acc 0.100
[2024-01-09 12:18:58] [INFO] |  local epoch  : 1, acc 0.100
[2024-01-09 12:18:58] [INFO] |  local epoch  : 2, acc 0.100
[2024-01-09 12:18:59] [INFO] |  local epoch  : 3, acc 0.100
[2024-01-09 12:18:59] [INFO] |  local epoch  : 4, acc 0.100
[2024-01-09 12:18:59] [INFO] |servers comunicated: 0, server aggregated: 0, acc_server 0: 0.100.
[2024-01-09 12:18:59] [INFO] --------------------------------------------------
[2024-01-09 12:18:59] [INFO]   |server: 1
[2024-01-09 12:19:01] [INFO]  ---client 3
[2024-01-09 12:19:02] [INFO] |  local epoch  : 0, acc 0.100
[2024-01-09 12:19:02] [INFO] |  local epoch  : 1, acc 0.100
[2024-01-09 12:19:03] [INFO] |  local epoch  : 2, acc 0.100
[2024-01-09 12:19:03] [INFO] |  local epoch  : 3, acc 0.100
[2024-01-09 12:19:04] [INFO] |  local epoch  : 4, acc 0.100
[2024-01-09 12:19:04] [INFO]  ---client 4
[2024-01-09 12:19:05] [INFO] |  local epoch  : 0, acc 0.100
[2024-01-09 12:19:05] [INFO] |  local epoch  : 1, acc 0.100
[2024-01-09 12:19:06] [INFO] |  local epoch  : 2, acc 0.100
[2024-01-09 12:19:06] [INFO] |  local epoch  : 3, acc 0.100
[2024-01-09 12:19:07] [INFO] |  local epoch  : 4, acc 0.100
[2024-01-09 12:19:07] [INFO]  ---client 5
[2024-01-09 12:19:07] [INFO] |  local epoch  : 0, acc 0.100
[2024-01-09 12:19:08] [INFO] |  local epoch  : 1, acc 0.100
[2024-01-09 12:19:08] [INFO] |  local epoch  : 2, acc 0.100
[2024-01-09 12:19:09] [INFO] |  local epoch  : 3, acc 0.100
[2024-01-09 12:19:09] [INFO] |  local epoch  : 4, acc 0.100
[2024-01-09 12:19:09] [INFO] |servers comunicated: 0, server aggregated: 0, acc_server 1: 0.100.
[2024-01-09 12:19:09] [INFO] --------------------------------------------------
[2024-01-09 12:19:09] [INFO]   |server: 2
[2024-01-09 12:19:11] [INFO]  ---client 6
[2024-01-09 12:19:16] [INFO] |  local epoch  : 0, acc 0.100
[2024-01-09 12:19:17] [INFO] |  local epoch  : 1, acc 0.100
[2024-01-09 12:19:18] [INFO] |  local epoch  : 2, acc 0.100
[2024-01-09 12:19:19] [INFO] |  local epoch  : 3, acc 0.104
[2024-01-09 12:19:20] [INFO] |  local epoch  : 4, acc 0.119
[2024-01-09 12:19:20] [INFO]  ---client 7
[2024-01-09 12:19:22] [INFO] |  local epoch  : 0, acc 0.100
[2024-01-09 12:19:23] [INFO] |  local epoch  : 1, acc 0.100
[2024-01-09 12:19:24] [INFO] |  local epoch  : 2, acc 0.100
[2024-01-09 12:19:25] [INFO] |  local epoch  : 3, acc 0.107
[2024-01-09 12:19:26] [INFO] |  local epoch  : 4, acc 0.121
[2024-01-09 12:19:26] [INFO]  ---client 8
[2024-01-09 12:19:28] [INFO] |  local epoch  : 0, acc 0.100
[2024-01-09 12:19:29] [INFO] |  local epoch  : 1, acc 0.100
[2024-01-09 12:19:30] [INFO] |  local epoch  : 2, acc 0.100
[2024-01-09 12:19:31] [INFO] |  local epoch  : 3, acc 0.100
[2024-01-09 12:19:32] [INFO] |  local epoch  : 4, acc 0.135
