[2024-01-09 12:21:11] [INFO] device cuda is used.
[2024-01-09 12:21:11] [INFO] cudnn is actived.
[2024-01-09 12:21:11] [INFO] 
      alpha      :  0.5  
        T        :   6   
    algorithm    :   0   
num_server_commu :   2   
num_client_commu :   5   
num_client_train :   5   
num_public_train :   5   
   batch_size    :  160  
     dataset     :cifar10
  model_select   :   3   
 num_all_client  :   9   
 num_all_server  :   3   
 num_client_data : 1200  
 num_public_data :  50   
   proportion    :  0.8  
[2024-01-09 12:21:23] [INFO] --------------------------------------------------
[2024-01-09 12:21:23] [INFO] |epoch_server_commu: 0/2
[2024-01-09 12:21:23] [INFO]  |epoch_client_commu: 0/5
[2024-01-09 12:21:23] [INFO]   |server: 0
[2024-01-09 12:21:28] [INFO]  ---client 0
[2024-01-09 12:21:33] [INFO] |  local epoch  : 0, acc 0.100
[2024-01-09 12:21:34] [INFO] |  local epoch  : 1, acc 0.100
[2024-01-09 12:21:35] [INFO] |  local epoch  : 2, acc 0.100
[2024-01-09 12:21:37] [INFO] |  local epoch  : 3, acc 0.114
[2024-01-09 12:21:38] [INFO] |  local epoch  : 4, acc 0.142
[2024-01-09 12:21:38] [INFO]  ---client 1
[2024-01-09 12:21:39] [INFO] |  local epoch  : 0, acc 0.100
[2024-01-09 12:21:41] [INFO] |  local epoch  : 1, acc 0.100
[2024-01-09 12:21:42] [INFO] |  local epoch  : 2, acc 0.100
[2024-01-09 12:21:43] [INFO] |  local epoch  : 3, acc 0.101
[2024-01-09 12:21:44] [INFO] |  local epoch  : 4, acc 0.105
[2024-01-09 12:21:44] [INFO]  ---client 2
[2024-01-09 12:21:46] [INFO] |  local epoch  : 0, acc 0.100
[2024-01-09 12:21:47] [INFO] |  local epoch  : 1, acc 0.100
[2024-01-09 12:21:49] [INFO] |  local epoch  : 2, acc 0.100
[2024-01-09 12:21:50] [INFO] |  local epoch  : 3, acc 0.154
[2024-01-09 12:21:51] [INFO] |  local epoch  : 4, acc 0.100
