[2024-01-09 13:35:01] [INFO] device cuda is used.
[2024-01-09 13:35:01] [INFO] cudnn is actived.
[2024-01-09 13:35:01] [INFO] 
      alpha      :  0.5  
        T        :   6   
    algorithm    :   0   
num_server_commu :   2   
num_client_commu :   5   
num_client_train :   5   
num_public_train :   5   
   batch_size    :  160  
     dataset     :cifar10
  model_select   :   3   
 num_all_client  :   9   
 num_all_server  :   3   
 num_client_data : 1200  
 num_public_data :  50   
   proportion    :  0.8  
[2024-01-09 13:35:13] [INFO] --------------------------------------------------
[2024-01-09 13:35:13] [INFO] |epoch_server_commu: 0/2
[2024-01-09 13:35:13] [INFO]  |epoch_client_commu: 0/5
[2024-01-09 13:35:13] [INFO]   |server: 0
[2024-01-09 13:35:18] [INFO]  ---client 0
[2024-01-09 13:35:23] [INFO] |  local epoch  : 0, acc 0.100
[2024-01-09 13:35:25] [INFO] |  local epoch  : 1, acc 0.115
[2024-01-09 13:35:26] [INFO] |  local epoch  : 2, acc 0.138
[2024-01-09 13:35:27] [INFO] |  local epoch  : 3, acc 0.146
[2024-01-09 13:35:28] [INFO] |  local epoch  : 4, acc 0.156
[2024-01-09 13:35:28] [INFO]  ---client 1
[2024-01-09 13:35:30] [INFO] |  local epoch  : 0, acc 0.100
[2024-01-09 13:35:31] [INFO] |  local epoch  : 1, acc 0.122
[2024-01-09 13:35:33] [INFO] |  local epoch  : 2, acc 0.104
[2024-01-09 13:35:34] [INFO] |  local epoch  : 3, acc 0.117
[2024-01-09 13:35:35] [INFO] |  local epoch  : 4, acc 0.126
[2024-01-09 13:35:35] [INFO]  ---client 2
[2024-01-09 13:35:37] [INFO] |  local epoch  : 0, acc 0.100
[2024-01-09 13:35:38] [INFO] |  local epoch  : 1, acc 0.100
[2024-01-09 13:35:39] [INFO] |  local epoch  : 2, acc 0.104
[2024-01-09 13:35:40] [INFO] |  local epoch  : 3, acc 0.183
[2024-01-09 13:35:42] [INFO] |  local epoch  : 4, acc 0.154
[2024-01-09 13:35:42] [INFO] |servers comunicated: 0, server aggregated: 0, acc_server 0: 0.100.
[2024-01-09 13:35:42] [INFO] --------------------------------------------------
[2024-01-09 13:35:42] [INFO]   |server: 1
[2024-01-09 13:35:46] [INFO]  ---client 3
[2024-01-09 13:35:48] [INFO] |  local epoch  : 0, acc 0.100
[2024-01-09 13:35:49] [INFO] |  local epoch  : 1, acc 0.100
[2024-01-09 13:35:50] [INFO] |  local epoch  : 2, acc 0.100
[2024-01-09 13:35:52] [INFO] |  local epoch  : 3, acc 0.100
[2024-01-09 13:35:53] [INFO] |  local epoch  : 4, acc 0.102
[2024-01-09 13:35:53] [INFO]  ---client 4
[2024-01-09 13:35:54] [INFO] |  local epoch  : 0, acc 0.100
[2024-01-09 13:35:56] [INFO] |  local epoch  : 1, acc 0.100
[2024-01-09 13:35:57] [INFO] |  local epoch  : 2, acc 0.100
[2024-01-09 13:35:58] [INFO] |  local epoch  : 3, acc 0.100
[2024-01-09 13:36:00] [INFO] |  local epoch  : 4, acc 0.136
[2024-01-09 13:36:00] [INFO]  ---client 5
[2024-01-09 13:36:01] [INFO] |  local epoch  : 0, acc 0.100
[2024-01-09 13:36:02] [INFO] |  local epoch  : 1, acc 0.100
[2024-01-09 13:36:04] [INFO] |  local epoch  : 2, acc 0.100
[2024-01-09 13:36:05] [INFO] |  local epoch  : 3, acc 0.118
[2024-01-09 13:36:06] [INFO] |  local epoch  : 4, acc 0.110
[2024-01-09 13:36:07] [INFO] |servers comunicated: 0, server aggregated: 0, acc_server 1: 0.100.
[2024-01-09 13:36:07] [INFO] --------------------------------------------------
[2024-01-09 13:36:07] [INFO]   |server: 2
[2024-01-09 13:36:09] [INFO]  ---client 6
[2024-01-09 13:36:10] [INFO] |  local epoch  : 0, acc 0.100
[2024-01-09 13:36:12] [INFO] |  local epoch  : 1, acc 0.136
[2024-01-09 13:36:13] [INFO] |  local epoch  : 2, acc 0.123
[2024-01-09 13:36:14] [INFO] |  local epoch  : 3, acc 0.151
[2024-01-09 13:36:16] [INFO] |  local epoch  : 4, acc 0.183
[2024-01-09 13:36:16] [INFO]  ---client 7
[2024-01-09 13:36:17] [INFO] |  local epoch  : 0, acc 0.100
[2024-01-09 13:36:18] [INFO] |  local epoch  : 1, acc 0.088
[2024-01-09 13:36:20] [INFO] |  local epoch  : 2, acc 0.153
[2024-01-09 13:36:21] [INFO] |  local epoch  : 3, acc 0.100
[2024-01-09 13:36:22] [INFO] |  local epoch  : 4, acc 0.166
[2024-01-09 13:36:22] [INFO]  ---client 8
[2024-01-09 13:36:24] [INFO] |  local epoch  : 0, acc 0.100
[2024-01-09 13:36:25] [INFO] |  local epoch  : 1, acc 0.100
[2024-01-09 13:36:26] [INFO] |  local epoch  : 2, acc 0.105
[2024-01-09 13:36:28] [INFO] |  local epoch  : 3, acc 0.177
[2024-01-09 13:36:29] [INFO] |  local epoch  : 4, acc 0.201
[2024-01-09 13:36:30] [INFO] |servers comunicated: 0, server aggregated: 0, acc_server 2: 0.100.
[2024-01-09 13:36:30] [INFO] --------------------------------------------------
[2024-01-09 13:36:30] [INFO]  |epoch_client_commu: 1/5
[2024-01-09 13:36:30] [INFO]   |server: 0
[2024-01-09 13:36:30] [INFO]  ---client 0
[2024-01-09 13:36:31] [INFO] |  local epoch  : 0, acc 0.185
[2024-01-09 13:36:32] [INFO] |  local epoch  : 1, acc 0.194
[2024-01-09 13:36:34] [INFO] |  local epoch  : 2, acc 0.216
[2024-01-09 13:36:35] [INFO] |  local epoch  : 3, acc 0.196
[2024-01-09 13:36:36] [INFO] |  local epoch  : 4, acc 0.159
[2024-01-09 13:36:36] [INFO]  ---client 1
[2024-01-09 13:36:38] [INFO] |  local epoch  : 0, acc 0.177
[2024-01-09 13:36:39] [INFO] |  local epoch  : 1, acc 0.206
[2024-01-09 13:36:40] [INFO] |  local epoch  : 2, acc 0.144
[2024-01-09 13:36:42] [INFO] |  local epoch  : 3, acc 0.223
[2024-01-09 13:36:43] [INFO] |  local epoch  : 4, acc 0.257
[2024-01-09 13:36:43] [INFO]  ---client 2
[2024-01-09 13:36:44] [INFO] |  local epoch  : 0, acc 0.161
[2024-01-09 13:36:45] [INFO] |  local epoch  : 1, acc 0.221
[2024-01-09 13:36:47] [INFO] |  local epoch  : 2, acc 0.239
[2024-01-09 13:36:48] [INFO] |  local epoch  : 3, acc 0.269
[2024-01-09 13:36:49] [INFO] |  local epoch  : 4, acc 0.173
[2024-01-09 13:36:50] [INFO] |servers comunicated: 0, server aggregated: 1, acc_server 0: 0.152.
[2024-01-09 13:36:50] [INFO] --------------------------------------------------
[2024-01-09 13:36:50] [INFO]   |server: 1
[2024-01-09 13:36:50] [INFO]  ---client 3
[2024-01-09 13:36:51] [INFO] |  local epoch  : 0, acc 0.104
[2024-01-09 13:36:53] [INFO] |  local epoch  : 1, acc 0.107
[2024-01-09 13:36:54] [INFO] |  local epoch  : 2, acc 0.173
[2024-01-09 13:36:55] [INFO] |  local epoch  : 3, acc 0.216
[2024-01-09 13:36:57] [INFO] |  local epoch  : 4, acc 0.229
[2024-01-09 13:36:57] [INFO]  ---client 4
[2024-01-09 13:36:58] [INFO] |  local epoch  : 0, acc 0.113
[2024-01-09 13:36:59] [INFO] |  local epoch  : 1, acc 0.133
[2024-01-09 13:37:01] [INFO] |  local epoch  : 2, acc 0.149
[2024-01-09 13:37:02] [INFO] |  local epoch  : 3, acc 0.119
[2024-01-09 13:37:03] [INFO] |  local epoch  : 4, acc 0.183
[2024-01-09 13:37:03] [INFO]  ---client 5
[2024-01-09 13:37:05] [INFO] |  local epoch  : 0, acc 0.100
[2024-01-09 13:37:06] [INFO] |  local epoch  : 1, acc 0.128
[2024-01-09 13:37:07] [INFO] |  local epoch  : 2, acc 0.140
[2024-01-09 13:37:08] [INFO] |  local epoch  : 3, acc 0.158
[2024-01-09 13:37:10] [INFO] |  local epoch  : 4, acc 0.123
[2024-01-09 13:37:10] [INFO] |servers comunicated: 0, server aggregated: 1, acc_server 1: 0.111.
[2024-01-09 13:37:10] [INFO] --------------------------------------------------
[2024-01-09 13:37:10] [INFO]   |server: 2
[2024-01-09 13:37:11] [INFO]  ---client 6
[2024-01-09 13:37:12] [INFO] |  local epoch  : 0, acc 0.128
[2024-01-09 13:37:13] [INFO] |  local epoch  : 1, acc 0.169
[2024-01-09 13:37:15] [INFO] |  local epoch  : 2, acc 0.188
[2024-01-09 13:37:16] [INFO] |  local epoch  : 3, acc 0.221
[2024-01-09 13:37:17] [INFO] |  local epoch  : 4, acc 0.162
[2024-01-09 13:37:17] [INFO]  ---client 7
[2024-01-09 13:37:18] [INFO] |  local epoch  : 0, acc 0.163
[2024-01-09 13:37:20] [INFO] |  local epoch  : 1, acc 0.165
[2024-01-09 13:37:21] [INFO] |  local epoch  : 2, acc 0.155
[2024-01-09 13:37:22] [INFO] |  local epoch  : 3, acc 0.142
[2024-01-09 13:37:24] [INFO] |  local epoch  : 4, acc 0.222
[2024-01-09 13:37:24] [INFO]  ---client 8
[2024-01-09 13:37:25] [INFO] |  local epoch  : 0, acc 0.151
[2024-01-09 13:37:26] [INFO] |  local epoch  : 1, acc 0.179
[2024-01-09 13:37:28] [INFO] |  local epoch  : 2, acc 0.206
[2024-01-09 13:37:29] [INFO] |  local epoch  : 3, acc 0.151
[2024-01-09 13:37:30] [INFO] |  local epoch  : 4, acc 0.234
[2024-01-09 13:37:31] [INFO] |servers comunicated: 0, server aggregated: 1, acc_server 2: 0.131.
[2024-01-09 13:37:31] [INFO] --------------------------------------------------
[2024-01-09 13:37:31] [INFO]  |epoch_client_commu: 2/5
[2024-01-09 13:37:31] [INFO]   |server: 0
[2024-01-09 13:37:31] [INFO]  ---client 0
[2024-01-09 13:37:32] [INFO] |  local epoch  : 0, acc 0.173
[2024-01-09 13:37:33] [INFO] |  local epoch  : 1, acc 0.194
[2024-01-09 13:37:35] [INFO] |  local epoch  : 2, acc 0.188
[2024-01-09 13:37:36] [INFO] |  local epoch  : 3, acc 0.238
[2024-01-09 13:37:37] [INFO] |  local epoch  : 4, acc 0.179
[2024-01-09 13:37:37] [INFO]  ---client 1
[2024-01-09 13:37:39] [INFO] |  local epoch  : 0, acc 0.127
[2024-01-09 13:37:40] [INFO] |  local epoch  : 1, acc 0.143
[2024-01-09 13:37:41] [INFO] |  local epoch  : 2, acc 0.175
[2024-01-09 13:37:43] [INFO] |  local epoch  : 3, acc 0.232
[2024-01-09 13:37:44] [INFO] |  local epoch  : 4, acc 0.211
[2024-01-09 13:37:44] [INFO]  ---client 2
[2024-01-09 13:37:45] [INFO] |  local epoch  : 0, acc 0.203
[2024-01-09 13:37:47] [INFO] |  local epoch  : 1, acc 0.189
[2024-01-09 13:37:48] [INFO] |  local epoch  : 2, acc 0.200
[2024-01-09 13:37:49] [INFO] |  local epoch  : 3, acc 0.190
[2024-01-09 13:37:50] [INFO] |  local epoch  : 4, acc 0.279
[2024-01-09 13:37:51] [INFO] |servers comunicated: 0, server aggregated: 2, acc_server 0: 0.240.
[2024-01-09 13:37:51] [INFO] --------------------------------------------------
[2024-01-09 13:37:51] [INFO]   |server: 1
[2024-01-09 13:37:51] [INFO]  ---client 3
[2024-01-09 13:37:53] [INFO] |  local epoch  : 0, acc 0.139
[2024-01-09 13:37:54] [INFO] |  local epoch  : 1, acc 0.122
[2024-01-09 13:37:55] [INFO] |  local epoch  : 2, acc 0.216
[2024-01-09 13:37:57] [INFO] |  local epoch  : 3, acc 0.209
[2024-01-09 13:37:58] [INFO] |  local epoch  : 4, acc 0.178
[2024-01-09 13:37:58] [INFO]  ---client 4
[2024-01-09 13:37:59] [INFO] |  local epoch  : 0, acc 0.140
[2024-01-09 13:38:00] [INFO] |  local epoch  : 1, acc 0.151
[2024-01-09 13:38:02] [INFO] |  local epoch  : 2, acc 0.130
[2024-01-09 13:38:03] [INFO] |  local epoch  : 3, acc 0.165
[2024-01-09 13:38:04] [INFO] |  local epoch  : 4, acc 0.151
[2024-01-09 13:38:04] [INFO]  ---client 5
[2024-01-09 13:38:06] [INFO] |  local epoch  : 0, acc 0.188
[2024-01-09 13:38:07] [INFO] |  local epoch  : 1, acc 0.120
[2024-01-09 13:38:08] [INFO] |  local epoch  : 2, acc 0.169
[2024-01-09 13:38:09] [INFO] |  local epoch  : 3, acc 0.131
[2024-01-09 13:38:11] [INFO] |  local epoch  : 4, acc 0.152
[2024-01-09 13:38:12] [INFO] |servers comunicated: 0, server aggregated: 2, acc_server 1: 0.161.
[2024-01-09 13:38:12] [INFO] --------------------------------------------------
[2024-01-09 13:38:12] [INFO]   |server: 2
[2024-01-09 13:38:12] [INFO]  ---client 6
[2024-01-09 13:38:13] [INFO] |  local epoch  : 0, acc 0.187
[2024-01-09 13:38:14] [INFO] |  local epoch  : 1, acc 0.178
[2024-01-09 13:38:16] [INFO] |  local epoch  : 2, acc 0.190
[2024-01-09 13:38:17] [INFO] |  local epoch  : 3, acc 0.185
[2024-01-09 13:38:18] [INFO] |  local epoch  : 4, acc 0.198
[2024-01-09 13:38:18] [INFO]  ---client 7
[2024-01-09 13:38:20] [INFO] |  local epoch  : 0, acc 0.104
[2024-01-09 13:38:21] [INFO] |  local epoch  : 1, acc 0.198
[2024-01-09 13:38:22] [INFO] |  local epoch  : 2, acc 0.116
[2024-01-09 13:38:23] [INFO] |  local epoch  : 3, acc 0.182
[2024-01-09 13:38:25] [INFO] |  local epoch  : 4, acc 0.195
[2024-01-09 13:38:25] [INFO]  ---client 8
[2024-01-09 13:38:26] [INFO] |  local epoch  : 0, acc 0.134
[2024-01-09 13:38:27] [INFO] |  local epoch  : 1, acc 0.235
[2024-01-09 13:38:29] [INFO] |  local epoch  : 2, acc 0.167
[2024-01-09 13:38:30] [INFO] |  local epoch  : 3, acc 0.194
[2024-01-09 13:38:31] [INFO] |  local epoch  : 4, acc 0.216
[2024-01-09 13:38:32] [INFO] |servers comunicated: 0, server aggregated: 2, acc_server 2: 0.212.
[2024-01-09 13:38:32] [INFO] --------------------------------------------------
[2024-01-09 13:38:32] [INFO]  |epoch_client_commu: 3/5
[2024-01-09 13:38:32] [INFO]   |server: 0
[2024-01-09 13:38:32] [INFO]  ---client 0
[2024-01-09 13:38:34] [INFO] |  local epoch  : 0, acc 0.131
[2024-01-09 13:38:35] [INFO] |  local epoch  : 1, acc 0.201
[2024-01-09 13:38:36] [INFO] |  local epoch  : 2, acc 0.189
[2024-01-09 13:38:37] [INFO] |  local epoch  : 3, acc 0.190
[2024-01-09 13:38:39] [INFO] |  local epoch  : 4, acc 0.224
[2024-01-09 13:38:39] [INFO]  ---client 1
[2024-01-09 13:38:40] [INFO] |  local epoch  : 0, acc 0.126
[2024-01-09 13:38:41] [INFO] |  local epoch  : 1, acc 0.227
[2024-01-09 13:38:42] [INFO] |  local epoch  : 2, acc 0.146
[2024-01-09 13:38:44] [INFO] |  local epoch  : 3, acc 0.182
[2024-01-09 13:38:45] [INFO] |  local epoch  : 4, acc 0.232
[2024-01-09 13:38:45] [INFO]  ---client 2
[2024-01-09 13:38:46] [INFO] |  local epoch  : 0, acc 0.113
[2024-01-09 13:38:48] [INFO] |  local epoch  : 1, acc 0.237
[2024-01-09 13:38:49] [INFO] |  local epoch  : 2, acc 0.213
[2024-01-09 13:38:50] [INFO] |  local epoch  : 3, acc 0.237
[2024-01-09 13:38:52] [INFO] |  local epoch  : 4, acc 0.109
[2024-01-09 13:38:52] [INFO] |servers comunicated: 0, server aggregated: 3, acc_server 0: 0.225.
[2024-01-09 13:38:52] [INFO] --------------------------------------------------
[2024-01-09 13:38:52] [INFO]   |server: 1
[2024-01-09 13:38:53] [INFO]  ---client 3
[2024-01-09 13:38:54] [INFO] |  local epoch  : 0, acc 0.192
[2024-01-09 13:38:55] [INFO] |  local epoch  : 1, acc 0.212
[2024-01-09 13:38:56] [INFO] |  local epoch  : 2, acc 0.175
[2024-01-09 13:38:58] [INFO] |  local epoch  : 3, acc 0.234
[2024-01-09 13:38:59] [INFO] |  local epoch  : 4, acc 0.166
[2024-01-09 13:38:59] [INFO]  ---client 4
[2024-01-09 13:39:00] [INFO] |  local epoch  : 0, acc 0.112
[2024-01-09 13:39:02] [INFO] |  local epoch  : 1, acc 0.176
[2024-01-09 13:39:03] [INFO] |  local epoch  : 2, acc 0.175
[2024-01-09 13:39:04] [INFO] |  local epoch  : 3, acc 0.212
[2024-01-09 13:39:06] [INFO] |  local epoch  : 4, acc 0.185
[2024-01-09 13:39:06] [INFO]  ---client 5
[2024-01-09 13:39:07] [INFO] |  local epoch  : 0, acc 0.160
[2024-01-09 13:39:08] [INFO] |  local epoch  : 1, acc 0.226
[2024-01-09 13:39:09] [INFO] |  local epoch  : 2, acc 0.158
[2024-01-09 13:39:11] [INFO] |  local epoch  : 3, acc 0.129
[2024-01-09 13:39:12] [INFO] |  local epoch  : 4, acc 0.205
[2024-01-09 13:39:13] [INFO] |servers comunicated: 0, server aggregated: 3, acc_server 1: 0.207.
[2024-01-09 13:39:13] [INFO] --------------------------------------------------
[2024-01-09 13:39:13] [INFO]   |server: 2
[2024-01-09 13:39:13] [INFO]  ---client 6
[2024-01-09 13:39:14] [INFO] |  local epoch  : 0, acc 0.144
[2024-01-09 13:39:16] [INFO] |  local epoch  : 1, acc 0.180
[2024-01-09 13:39:17] [INFO] |  local epoch  : 2, acc 0.201
[2024-01-09 13:39:18] [INFO] |  local epoch  : 3, acc 0.225
[2024-01-09 13:39:20] [INFO] |  local epoch  : 4, acc 0.129
[2024-01-09 13:39:20] [INFO]  ---client 7
[2024-01-09 13:39:21] [INFO] |  local epoch  : 0, acc 0.155
[2024-01-09 13:39:22] [INFO] |  local epoch  : 1, acc 0.163
[2024-01-09 13:39:23] [INFO] |  local epoch  : 2, acc 0.191
[2024-01-09 13:39:25] [INFO] |  local epoch  : 3, acc 0.169
[2024-01-09 13:39:26] [INFO] |  local epoch  : 4, acc 0.221
[2024-01-09 13:39:26] [INFO]  ---client 8
[2024-01-09 13:39:27] [INFO] |  local epoch  : 0, acc 0.124
[2024-01-09 13:39:29] [INFO] |  local epoch  : 1, acc 0.226
[2024-01-09 13:39:30] [INFO] |  local epoch  : 2, acc 0.181
[2024-01-09 13:39:31] [INFO] |  local epoch  : 3, acc 0.184
[2024-01-09 13:39:33] [INFO] |  local epoch  : 4, acc 0.233
[2024-01-09 13:39:33] [INFO] |servers comunicated: 0, server aggregated: 3, acc_server 2: 0.221.
[2024-01-09 13:39:33] [INFO] --------------------------------------------------
[2024-01-09 13:39:33] [INFO]  |epoch_client_commu: 4/5
[2024-01-09 13:39:33] [INFO]   |server: 0
[2024-01-09 13:39:34] [INFO]  ---client 0
[2024-01-09 13:39:35] [INFO] |  local epoch  : 0, acc 0.258
[2024-01-09 13:39:36] [INFO] |  local epoch  : 1, acc 0.177
[2024-01-09 13:39:37] [INFO] |  local epoch  : 2, acc 0.124
[2024-01-09 13:39:39] [INFO] |  local epoch  : 3, acc 0.217
[2024-01-09 13:39:40] [INFO] |  local epoch  : 4, acc 0.138
[2024-01-09 13:39:40] [INFO]  ---client 1
[2024-01-09 13:39:41] [INFO] |  local epoch  : 0, acc 0.209
[2024-01-09 13:39:43] [INFO] |  local epoch  : 1, acc 0.199
[2024-01-09 13:39:44] [INFO] |  local epoch  : 2, acc 0.245
[2024-01-09 13:39:45] [INFO] |  local epoch  : 3, acc 0.219
[2024-01-09 13:39:46] [INFO] |  local epoch  : 4, acc 0.204
[2024-01-09 13:39:47] [INFO]  ---client 2
[2024-01-09 13:39:48] [INFO] |  local epoch  : 0, acc 0.155
[2024-01-09 13:39:49] [INFO] |  local epoch  : 1, acc 0.270
[2024-01-09 13:39:50] [INFO] |  local epoch  : 2, acc 0.246
[2024-01-09 13:39:52] [INFO] |  local epoch  : 3, acc 0.236
[2024-01-09 13:39:53] [INFO] |  local epoch  : 4, acc 0.233
[2024-01-09 13:39:54] [INFO] |servers comunicated: 0, server aggregated: 4, acc_server 0: 0.273.
[2024-01-09 13:39:54] [INFO] --------------------------------------------------
[2024-01-09 13:39:54] [INFO]   |server: 1
[2024-01-09 13:39:54] [INFO]  ---client 3
[2024-01-09 13:39:55] [INFO] |  local epoch  : 0, acc 0.210
[2024-01-09 13:39:56] [INFO] |  local epoch  : 1, acc 0.271
[2024-01-09 13:39:58] [INFO] |  local epoch  : 2, acc 0.295
[2024-01-09 13:39:59] [INFO] |  local epoch  : 3, acc 0.218
[2024-01-09 13:40:00] [INFO] |  local epoch  : 4, acc 0.158
[2024-01-09 13:40:00] [INFO]  ---client 4
[2024-01-09 13:40:02] [INFO] |  local epoch  : 0, acc 0.201
[2024-01-09 13:40:03] [INFO] |  local epoch  : 1, acc 0.219
[2024-01-09 13:40:04] [INFO] |  local epoch  : 2, acc 0.262
[2024-01-09 13:40:05] [INFO] |  local epoch  : 3, acc 0.188
[2024-01-09 13:40:07] [INFO] |  local epoch  : 4, acc 0.194
[2024-01-09 13:40:07] [INFO]  ---client 5
[2024-01-09 13:40:08] [INFO] |  local epoch  : 0, acc 0.161
[2024-01-09 13:40:09] [INFO] |  local epoch  : 1, acc 0.154
[2024-01-09 13:40:10] [INFO] |  local epoch  : 2, acc 0.140
[2024-01-09 13:40:12] [INFO] |  local epoch  : 3, acc 0.130
[2024-01-09 13:40:13] [INFO] |  local epoch  : 4, acc 0.183
[2024-01-09 13:40:14] [INFO] |servers comunicated: 0, server aggregated: 4, acc_server 1: 0.184.
[2024-01-09 13:40:14] [INFO] --------------------------------------------------
[2024-01-09 13:40:14] [INFO]   |server: 2
[2024-01-09 13:40:14] [INFO]  ---client 6
[2024-01-09 13:40:15] [INFO] |  local epoch  : 0, acc 0.184
[2024-01-09 13:40:17] [INFO] |  local epoch  : 1, acc 0.158
[2024-01-09 13:40:18] [INFO] |  local epoch  : 2, acc 0.222
[2024-01-09 13:40:19] [INFO] |  local epoch  : 3, acc 0.176
[2024-01-09 13:40:20] [INFO] |  local epoch  : 4, acc 0.224
[2024-01-09 13:40:20] [INFO]  ---client 7
[2024-01-09 13:40:22] [INFO] |  local epoch  : 0, acc 0.204
[2024-01-09 13:40:23] [INFO] |  local epoch  : 1, acc 0.185
[2024-01-09 13:40:24] [INFO] |  local epoch  : 2, acc 0.191
[2024-01-09 13:40:26] [INFO] |  local epoch  : 3, acc 0.169
[2024-01-09 13:40:27] [INFO] |  local epoch  : 4, acc 0.248
[2024-01-09 13:40:27] [INFO]  ---client 8
[2024-01-09 13:40:28] [INFO] |  local epoch  : 0, acc 0.137
[2024-01-09 13:40:30] [INFO] |  local epoch  : 1, acc 0.246
[2024-01-09 13:40:31] [INFO] |  local epoch  : 2, acc 0.185
[2024-01-09 13:40:32] [INFO] |  local epoch  : 3, acc 0.244
[2024-01-09 13:40:33] [INFO] |  local epoch  : 4, acc 0.273
[2024-01-09 13:40:34] [INFO] |servers comunicated: 0, server aggregated: 4, acc_server 2: 0.275.
[2024-01-09 13:40:34] [INFO] --------------------------------------------------
[2024-01-09 13:40:34] [INFO]      ********  servers comunicates  ********      
[2024-01-09 13:40:34] [INFO] --------------------------------------------------
[2024-01-09 13:40:34] [INFO] |epoch_server_commu: 1/2
[2024-01-09 13:40:34] [INFO]  |epoch_client_commu: 0/5
[2024-01-09 13:40:34] [INFO]   |server: 0
[2024-01-09 13:40:34] [INFO]  ---client 0
[2024-01-09 13:40:36] [INFO] |  local epoch  : 0, acc 0.285
[2024-01-09 13:40:37] [INFO] |  local epoch  : 1, acc 0.296
[2024-01-09 13:40:38] [INFO] |  local epoch  : 2, acc 0.272
[2024-01-09 13:40:39] [INFO] |  local epoch  : 3, acc 0.237
[2024-01-09 13:40:41] [INFO] |  local epoch  : 4, acc 0.285
[2024-01-09 13:40:43] [INFO] | distill epoch : 0, acc 0.256
[2024-01-09 13:40:44] [INFO] | distill epoch : 1, acc 0.217
[2024-01-09 13:40:45] [INFO] | distill epoch : 2, acc 0.204
[2024-01-09 13:40:46] [INFO] | distill epoch : 3, acc 0.193
[2024-01-09 13:40:48] [INFO] | distill epoch : 4, acc 0.161
[2024-01-09 13:40:48] [INFO]  ---client 1
[2024-01-09 13:40:49] [INFO] |  local epoch  : 0, acc 0.280
[2024-01-09 13:40:50] [INFO] |  local epoch  : 1, acc 0.262
[2024-01-09 13:40:52] [INFO] |  local epoch  : 2, acc 0.267
[2024-01-09 13:40:53] [INFO] |  local epoch  : 3, acc 0.284
[2024-01-09 13:40:54] [INFO] |  local epoch  : 4, acc 0.257
[2024-01-09 13:40:56] [INFO] | distill epoch : 0, acc 0.233
[2024-01-09 13:40:57] [INFO] | distill epoch : 1, acc 0.223
[2024-01-09 13:40:58] [INFO] | distill epoch : 2, acc 0.238
[2024-01-09 13:40:59] [INFO] | distill epoch : 3, acc 0.202
[2024-01-09 13:41:00] [INFO] | distill epoch : 4, acc 0.223
[2024-01-09 13:41:00] [INFO]  ---client 2
[2024-01-09 13:41:01] [INFO] |  local epoch  : 0, acc 0.287
[2024-01-09 13:41:03] [INFO] |  local epoch  : 1, acc 0.317
[2024-01-09 13:41:04] [INFO] |  local epoch  : 2, acc 0.271
[2024-01-09 13:41:05] [INFO] |  local epoch  : 3, acc 0.337
[2024-01-09 13:41:07] [INFO] |  local epoch  : 4, acc 0.319
[2024-01-09 13:41:08] [INFO] | distill epoch : 0, acc 0.296
[2024-01-09 13:41:09] [INFO] | distill epoch : 1, acc 0.307
[2024-01-09 13:41:10] [INFO] | distill epoch : 2, acc 0.238
[2024-01-09 13:41:11] [INFO] | distill epoch : 3, acc 0.256
[2024-01-09 13:41:13] [INFO] | distill epoch : 4, acc 0.205
[2024-01-09 13:41:13] [INFO] |servers comunicated: 1, server aggregated: 0, acc_server 0: 0.218.
[2024-01-09 13:41:13] [INFO] --------------------------------------------------
[2024-01-09 13:41:13] [INFO]   |server: 1
[2024-01-09 13:41:13] [INFO]  ---client 3
[2024-01-09 13:41:15] [INFO] |  local epoch  : 0, acc 0.158
[2024-01-09 13:41:16] [INFO] |  local epoch  : 1, acc 0.224
[2024-01-09 13:41:18] [INFO] |  local epoch  : 2, acc 0.218
[2024-01-09 13:41:19] [INFO] |  local epoch  : 3, acc 0.243
[2024-01-09 13:41:20] [INFO] |  local epoch  : 4, acc 0.203
[2024-01-09 13:41:21] [INFO] | distill epoch : 0, acc 0.230
[2024-01-09 13:41:23] [INFO] | distill epoch : 1, acc 0.237
[2024-01-09 13:41:24] [INFO] | distill epoch : 2, acc 0.215
[2024-01-09 13:41:25] [INFO] | distill epoch : 3, acc 0.220
[2024-01-09 13:41:26] [INFO] | distill epoch : 4, acc 0.186
[2024-01-09 13:41:26] [INFO]  ---client 4
[2024-01-09 13:41:27] [INFO] |  local epoch  : 0, acc 0.200
[2024-01-09 13:41:29] [INFO] |  local epoch  : 1, acc 0.241
[2024-01-09 13:41:30] [INFO] |  local epoch  : 2, acc 0.235
[2024-01-09 13:41:31] [INFO] |  local epoch  : 3, acc 0.196
[2024-01-09 13:41:33] [INFO] |  local epoch  : 4, acc 0.221
[2024-01-09 13:41:34] [INFO] | distill epoch : 0, acc 0.222
[2024-01-09 13:41:35] [INFO] | distill epoch : 1, acc 0.230
[2024-01-09 13:41:36] [INFO] | distill epoch : 2, acc 0.175
[2024-01-09 13:41:38] [INFO] | distill epoch : 3, acc 0.206
[2024-01-09 13:41:39] [INFO] | distill epoch : 4, acc 0.158
[2024-01-09 13:41:39] [INFO]  ---client 5
[2024-01-09 13:41:40] [INFO] |  local epoch  : 0, acc 0.216
[2024-01-09 13:41:41] [INFO] |  local epoch  : 1, acc 0.230
[2024-01-09 13:41:43] [INFO] |  local epoch  : 2, acc 0.147
[2024-01-09 13:41:44] [INFO] |  local epoch  : 3, acc 0.229
[2024-01-09 13:41:45] [INFO] |  local epoch  : 4, acc 0.251
[2024-01-09 13:41:46] [INFO] | distill epoch : 0, acc 0.256
[2024-01-09 13:41:48] [INFO] | distill epoch : 1, acc 0.241
[2024-01-09 13:41:49] [INFO] | distill epoch : 2, acc 0.241
[2024-01-09 13:41:50] [INFO] | distill epoch : 3, acc 0.240
[2024-01-09 13:41:51] [INFO] | distill epoch : 4, acc 0.210
[2024-01-09 13:41:52] [INFO] |servers comunicated: 1, server aggregated: 0, acc_server 1: 0.180.
[2024-01-09 13:41:52] [INFO] --------------------------------------------------
[2024-01-09 13:41:52] [INFO]   |server: 2
[2024-01-09 13:41:52] [INFO]  ---client 6
[2024-01-09 13:41:53] [INFO] |  local epoch  : 0, acc 0.313
[2024-01-09 13:41:55] [INFO] |  local epoch  : 1, acc 0.271
[2024-01-09 13:41:56] [INFO] |  local epoch  : 2, acc 0.235
[2024-01-09 13:41:57] [INFO] |  local epoch  : 3, acc 0.252
[2024-01-09 13:41:59] [INFO] |  local epoch  : 4, acc 0.256
[2024-01-09 13:42:00] [INFO] | distill epoch : 0, acc 0.255
[2024-01-09 13:42:01] [INFO] | distill epoch : 1, acc 0.227
[2024-01-09 13:42:02] [INFO] | distill epoch : 2, acc 0.235
[2024-01-09 13:42:04] [INFO] | distill epoch : 3, acc 0.202
[2024-01-09 13:42:05] [INFO] | distill epoch : 4, acc 0.202
[2024-01-09 13:42:05] [INFO]  ---client 7
[2024-01-09 13:42:06] [INFO] |  local epoch  : 0, acc 0.255
[2024-01-09 13:42:07] [INFO] |  local epoch  : 1, acc 0.237
[2024-01-09 13:42:09] [INFO] |  local epoch  : 2, acc 0.264
[2024-01-09 13:42:10] [INFO] |  local epoch  : 3, acc 0.237
[2024-01-09 13:42:11] [INFO] |  local epoch  : 4, acc 0.257
[2024-01-09 13:42:13] [INFO] | distill epoch : 0, acc 0.239
[2024-01-09 13:42:14] [INFO] | distill epoch : 1, acc 0.232
[2024-01-09 13:42:15] [INFO] | distill epoch : 2, acc 0.211
[2024-01-09 13:42:16] [INFO] | distill epoch : 3, acc 0.190
[2024-01-09 13:42:17] [INFO] | distill epoch : 4, acc 0.174
[2024-01-09 13:42:17] [INFO]  ---client 8
[2024-01-09 13:42:19] [INFO] |  local epoch  : 0, acc 0.267
[2024-01-09 13:42:20] [INFO] |  local epoch  : 1, acc 0.246
[2024-01-09 13:42:21] [INFO] |  local epoch  : 2, acc 0.234
[2024-01-09 13:42:22] [INFO] |  local epoch  : 3, acc 0.208
[2024-01-09 13:42:24] [INFO] |  local epoch  : 4, acc 0.241
[2024-01-09 13:42:25] [INFO] | distill epoch : 0, acc 0.246
[2024-01-09 13:42:26] [INFO] | distill epoch : 1, acc 0.230
[2024-01-09 13:42:27] [INFO] | distill epoch : 2, acc 0.202
[2024-01-09 13:42:28] [INFO] | distill epoch : 3, acc 0.207
[2024-01-09 13:42:30] [INFO] | distill epoch : 4, acc 0.181
[2024-01-09 13:42:30] [INFO] |servers comunicated: 1, server aggregated: 0, acc_server 2: 0.196.
[2024-01-09 13:42:30] [INFO] --------------------------------------------------
[2024-01-09 13:42:30] [INFO]  |epoch_client_commu: 1/5
[2024-01-09 13:42:30] [INFO]   |server: 0
[2024-01-09 13:42:30] [INFO]  ---client 0
[2024-01-09 13:42:32] [INFO] |  local epoch  : 0, acc 0.283
[2024-01-09 13:42:33] [INFO] |  local epoch  : 1, acc 0.274
[2024-01-09 13:42:34] [INFO] |  local epoch  : 2, acc 0.223
[2024-01-09 13:42:35] [INFO] |  local epoch  : 3, acc 0.290
[2024-01-09 13:42:37] [INFO] |  local epoch  : 4, acc 0.319
[2024-01-09 13:42:38] [INFO] | distill epoch : 0, acc 0.290
[2024-01-09 13:42:39] [INFO] | distill epoch : 1, acc 0.267
[2024-01-09 13:42:40] [INFO] | distill epoch : 2, acc 0.292
[2024-01-09 13:42:41] [INFO] | distill epoch : 3, acc 0.237
[2024-01-09 13:42:42] [INFO] | distill epoch : 4, acc 0.245
[2024-01-09 13:42:42] [INFO]  ---client 1
[2024-01-09 13:42:44] [INFO] |  local epoch  : 0, acc 0.233
[2024-01-09 13:42:45] [INFO] |  local epoch  : 1, acc 0.279
[2024-01-09 13:42:46] [INFO] |  local epoch  : 2, acc 0.240
[2024-01-09 13:42:48] [INFO] |  local epoch  : 3, acc 0.278
[2024-01-09 13:42:49] [INFO] |  local epoch  : 4, acc 0.273
[2024-01-09 13:42:50] [INFO] | distill epoch : 0, acc 0.258
[2024-01-09 13:42:51] [INFO] | distill epoch : 1, acc 0.255
[2024-01-09 13:42:52] [INFO] | distill epoch : 2, acc 0.222
[2024-01-09 13:42:54] [INFO] | distill epoch : 3, acc 0.240
[2024-01-09 13:42:55] [INFO] | distill epoch : 4, acc 0.170
[2024-01-09 13:42:55] [INFO]  ---client 2
[2024-01-09 13:42:56] [INFO] |  local epoch  : 0, acc 0.302
[2024-01-09 13:42:57] [INFO] |  local epoch  : 1, acc 0.325
[2024-01-09 13:42:59] [INFO] |  local epoch  : 2, acc 0.300
[2024-01-09 13:43:00] [INFO] |  local epoch  : 3, acc 0.311
[2024-01-09 13:43:01] [INFO] |  local epoch  : 4, acc 0.300
[2024-01-09 13:43:02] [INFO] | distill epoch : 0, acc 0.300
[2024-01-09 13:43:03] [INFO] | distill epoch : 1, acc 0.276
[2024-01-09 13:43:04] [INFO] | distill epoch : 2, acc 0.243
[2024-01-09 13:43:06] [INFO] | distill epoch : 3, acc 0.227
[2024-01-09 13:43:07] [INFO] | distill epoch : 4, acc 0.223
[2024-01-09 13:43:08] [INFO] |servers comunicated: 1, server aggregated: 1, acc_server 0: 0.223.
[2024-01-09 13:43:08] [INFO] --------------------------------------------------
[2024-01-09 13:43:08] [INFO]   |server: 1
[2024-01-09 13:43:08] [INFO]  ---client 3
[2024-01-09 13:43:09] [INFO] |  local epoch  : 0, acc 0.230
[2024-01-09 13:43:10] [INFO] |  local epoch  : 1, acc 0.220
[2024-01-09 13:43:11] [INFO] |  local epoch  : 2, acc 0.227
[2024-01-09 13:43:13] [INFO] |  local epoch  : 3, acc 0.221
[2024-01-09 13:43:14] [INFO] |  local epoch  : 4, acc 0.294
[2024-01-09 13:43:15] [INFO] | distill epoch : 0, acc 0.295
[2024-01-09 13:43:16] [INFO] | distill epoch : 1, acc 0.265
[2024-01-09 13:43:17] [INFO] | distill epoch : 2, acc 0.235
[2024-01-09 13:43:19] [INFO] | distill epoch : 3, acc 0.230
[2024-01-09 13:43:20] [INFO] | distill epoch : 4, acc 0.188
[2024-01-09 13:43:20] [INFO]  ---client 4
[2024-01-09 13:43:21] [INFO] |  local epoch  : 0, acc 0.177
[2024-01-09 13:43:22] [INFO] |  local epoch  : 1, acc 0.224
[2024-01-09 13:43:24] [INFO] |  local epoch  : 2, acc 0.277
[2024-01-09 13:43:25] [INFO] |  local epoch  : 3, acc 0.257
[2024-01-09 13:43:26] [INFO] |  local epoch  : 4, acc 0.239
[2024-01-09 13:43:27] [INFO] | distill epoch : 0, acc 0.258
[2024-01-09 13:43:29] [INFO] | distill epoch : 1, acc 0.264
[2024-01-09 13:43:30] [INFO] | distill epoch : 2, acc 0.244
[2024-01-09 13:43:31] [INFO] | distill epoch : 3, acc 0.228
[2024-01-09 13:43:32] [INFO] | distill epoch : 4, acc 0.209
[2024-01-09 13:43:32] [INFO]  ---client 5
[2024-01-09 13:43:33] [INFO] |  local epoch  : 0, acc 0.215
[2024-01-09 13:43:35] [INFO] |  local epoch  : 1, acc 0.219
[2024-01-09 13:43:36] [INFO] |  local epoch  : 2, acc 0.191
[2024-01-09 13:43:37] [INFO] |  local epoch  : 3, acc 0.162
[2024-01-09 13:43:38] [INFO] |  local epoch  : 4, acc 0.262
[2024-01-09 13:43:39] [INFO] | distill epoch : 0, acc 0.251
[2024-01-09 13:43:41] [INFO] | distill epoch : 1, acc 0.265
[2024-01-09 13:43:42] [INFO] | distill epoch : 2, acc 0.229
[2024-01-09 13:43:43] [INFO] | distill epoch : 3, acc 0.226
[2024-01-09 13:43:44] [INFO] | distill epoch : 4, acc 0.192
[2024-01-09 13:43:45] [INFO] |servers comunicated: 1, server aggregated: 1, acc_server 1: 0.203.
[2024-01-09 13:43:45] [INFO] --------------------------------------------------
[2024-01-09 13:43:45] [INFO]   |server: 2
[2024-01-09 13:43:45] [INFO]  ---client 6
[2024-01-09 13:43:46] [INFO] |  local epoch  : 0, acc 0.194
[2024-01-09 13:43:48] [INFO] |  local epoch  : 1, acc 0.262
[2024-01-09 13:43:49] [INFO] |  local epoch  : 2, acc 0.212
[2024-01-09 13:43:50] [INFO] |  local epoch  : 3, acc 0.270
[2024-01-09 13:43:52] [INFO] |  local epoch  : 4, acc 0.257
[2024-01-09 13:43:53] [INFO] | distill epoch : 0, acc 0.262
[2024-01-09 13:43:54] [INFO] | distill epoch : 1, acc 0.237
[2024-01-09 13:43:55] [INFO] | distill epoch : 2, acc 0.216
[2024-01-09 13:43:56] [INFO] | distill epoch : 3, acc 0.200
[2024-01-09 13:43:57] [INFO] | distill epoch : 4, acc 0.166
[2024-01-09 13:43:57] [INFO]  ---client 7
[2024-01-09 13:43:59] [INFO] |  local epoch  : 0, acc 0.196
[2024-01-09 13:44:00] [INFO] |  local epoch  : 1, acc 0.225
[2024-01-09 13:44:01] [INFO] |  local epoch  : 2, acc 0.241
[2024-01-09 13:44:03] [INFO] |  local epoch  : 3, acc 0.251
[2024-01-09 13:44:04] [INFO] |  local epoch  : 4, acc 0.238
[2024-01-09 13:44:05] [INFO] | distill epoch : 0, acc 0.210
[2024-01-09 13:44:06] [INFO] | distill epoch : 1, acc 0.189
[2024-01-09 13:44:07] [INFO] | distill epoch : 2, acc 0.174
[2024-01-09 13:44:09] [INFO] | distill epoch : 3, acc 0.161
[2024-01-09 13:44:10] [INFO] | distill epoch : 4, acc 0.137
[2024-01-09 13:44:10] [INFO]  ---client 8
[2024-01-09 13:44:11] [INFO] |  local epoch  : 0, acc 0.233
[2024-01-09 13:44:12] [INFO] |  local epoch  : 1, acc 0.223
[2024-01-09 13:44:13] [INFO] |  local epoch  : 2, acc 0.238
[2024-01-09 13:44:15] [INFO] |  local epoch  : 3, acc 0.216
[2024-01-09 13:44:16] [INFO] |  local epoch  : 4, acc 0.243
[2024-01-09 13:44:17] [INFO] | distill epoch : 0, acc 0.243
[2024-01-09 13:44:18] [INFO] | distill epoch : 1, acc 0.211
[2024-01-09 13:44:20] [INFO] | distill epoch : 2, acc 0.199
[2024-01-09 13:44:21] [INFO] | distill epoch : 3, acc 0.158
[2024-01-09 13:44:22] [INFO] | distill epoch : 4, acc 0.166
[2024-01-09 13:44:23] [INFO] |servers comunicated: 1, server aggregated: 1, acc_server 2: 0.165.
[2024-01-09 13:44:23] [INFO] --------------------------------------------------
[2024-01-09 13:44:23] [INFO]  |epoch_client_commu: 2/5
[2024-01-09 13:44:23] [INFO]   |server: 0
[2024-01-09 13:44:23] [INFO]  ---client 0
[2024-01-09 13:44:24] [INFO] |  local epoch  : 0, acc 0.276
[2024-01-09 13:44:25] [INFO] |  local epoch  : 1, acc 0.300
[2024-01-09 13:44:27] [INFO] |  local epoch  : 2, acc 0.234
[2024-01-09 13:44:28] [INFO] |  local epoch  : 3, acc 0.271
[2024-01-09 13:44:29] [INFO] |  local epoch  : 4, acc 0.204
[2024-01-09 13:44:30] [INFO] | distill epoch : 0, acc 0.187
[2024-01-09 13:44:31] [INFO] | distill epoch : 1, acc 0.200
[2024-01-09 13:44:33] [INFO] | distill epoch : 2, acc 0.207
[2024-01-09 13:44:34] [INFO] | distill epoch : 3, acc 0.193
[2024-01-09 13:44:35] [INFO] | distill epoch : 4, acc 0.189
[2024-01-09 13:44:35] [INFO]  ---client 1
[2024-01-09 13:44:36] [INFO] |  local epoch  : 0, acc 0.301
[2024-01-09 13:44:37] [INFO] |  local epoch  : 1, acc 0.242
[2024-01-09 13:44:39] [INFO] |  local epoch  : 2, acc 0.290
[2024-01-09 13:44:40] [INFO] |  local epoch  : 3, acc 0.323
[2024-01-09 13:44:41] [INFO] |  local epoch  : 4, acc 0.253
[2024-01-09 13:44:42] [INFO] | distill epoch : 0, acc 0.252
[2024-01-09 13:44:43] [INFO] | distill epoch : 1, acc 0.231
[2024-01-09 13:44:44] [INFO] | distill epoch : 2, acc 0.213
[2024-01-09 13:44:46] [INFO] | distill epoch : 3, acc 0.162
[2024-01-09 13:44:47] [INFO] | distill epoch : 4, acc 0.162
[2024-01-09 13:44:47] [INFO]  ---client 2
[2024-01-09 13:44:48] [INFO] |  local epoch  : 0, acc 0.275
[2024-01-09 13:44:49] [INFO] |  local epoch  : 1, acc 0.300
[2024-01-09 13:44:51] [INFO] |  local epoch  : 2, acc 0.292
[2024-01-09 13:44:52] [INFO] |  local epoch  : 3, acc 0.303
[2024-01-09 13:44:53] [INFO] |  local epoch  : 4, acc 0.324
[2024-01-09 13:44:54] [INFO] | distill epoch : 0, acc 0.279
[2024-01-09 13:44:56] [INFO] | distill epoch : 1, acc 0.275
[2024-01-09 13:44:57] [INFO] | distill epoch : 2, acc 0.212
[2024-01-09 13:44:58] [INFO] | distill epoch : 3, acc 0.217
[2024-01-09 13:44:59] [INFO] | distill epoch : 4, acc 0.158
[2024-01-09 13:45:00] [INFO] |servers comunicated: 1, server aggregated: 2, acc_server 0: 0.188.
[2024-01-09 13:45:00] [INFO] --------------------------------------------------
[2024-01-09 13:45:00] [INFO]   |server: 1
[2024-01-09 13:45:00] [INFO]  ---client 3
[2024-01-09 13:45:01] [INFO] |  local epoch  : 0, acc 0.258
[2024-01-09 13:45:03] [INFO] |  local epoch  : 1, acc 0.208
[2024-01-09 13:45:04] [INFO] |  local epoch  : 2, acc 0.311
[2024-01-09 13:45:05] [INFO] |  local epoch  : 3, acc 0.295
[2024-01-09 13:45:07] [INFO] |  local epoch  : 4, acc 0.244
[2024-01-09 13:45:08] [INFO] | distill epoch : 0, acc 0.237
[2024-01-09 13:45:09] [INFO] | distill epoch : 1, acc 0.236
[2024-01-09 13:45:10] [INFO] | distill epoch : 2, acc 0.217
[2024-01-09 13:45:11] [INFO] | distill epoch : 3, acc 0.197
[2024-01-09 13:45:12] [INFO] | distill epoch : 4, acc 0.202
[2024-01-09 13:45:12] [INFO]  ---client 4
[2024-01-09 13:45:13] [INFO] |  local epoch  : 0, acc 0.155
[2024-01-09 13:45:15] [INFO] |  local epoch  : 1, acc 0.229
[2024-01-09 13:45:16] [INFO] |  local epoch  : 2, acc 0.216
[2024-01-09 13:45:17] [INFO] |  local epoch  : 3, acc 0.233
[2024-01-09 13:45:19] [INFO] |  local epoch  : 4, acc 0.293
[2024-01-09 13:45:20] [INFO] | distill epoch : 0, acc 0.271
[2024-01-09 13:45:21] [INFO] | distill epoch : 1, acc 0.259
[2024-01-09 13:45:22] [INFO] | distill epoch : 2, acc 0.263
[2024-01-09 13:45:23] [INFO] | distill epoch : 3, acc 0.202
[2024-01-09 13:45:25] [INFO] | distill epoch : 4, acc 0.191
[2024-01-09 13:45:25] [INFO]  ---client 5
[2024-01-09 13:45:26] [INFO] |  local epoch  : 0, acc 0.239
[2024-01-09 13:45:27] [INFO] |  local epoch  : 1, acc 0.181
[2024-01-09 13:45:29] [INFO] |  local epoch  : 2, acc 0.247
[2024-01-09 13:45:30] [INFO] |  local epoch  : 3, acc 0.280
[2024-01-09 13:45:31] [INFO] |  local epoch  : 4, acc 0.212
[2024-01-09 13:45:32] [INFO] | distill epoch : 0, acc 0.184
[2024-01-09 13:45:33] [INFO] | distill epoch : 1, acc 0.176
[2024-01-09 13:45:35] [INFO] | distill epoch : 2, acc 0.172
[2024-01-09 13:45:36] [INFO] | distill epoch : 3, acc 0.146
[2024-01-09 13:45:37] [INFO] | distill epoch : 4, acc 0.147
[2024-01-09 13:45:38] [INFO] |servers comunicated: 1, server aggregated: 2, acc_server 1: 0.181.
[2024-01-09 13:45:38] [INFO] --------------------------------------------------
[2024-01-09 13:45:38] [INFO]   |server: 2
[2024-01-09 13:45:38] [INFO]  ---client 6
[2024-01-09 13:45:39] [INFO] |  local epoch  : 0, acc 0.231
[2024-01-09 13:45:40] [INFO] |  local epoch  : 1, acc 0.261
[2024-01-09 13:45:42] [INFO] |  local epoch  : 2, acc 0.233
[2024-01-09 13:45:43] [INFO] |  local epoch  : 3, acc 0.257
[2024-01-09 13:45:44] [INFO] |  local epoch  : 4, acc 0.256
[2024-01-09 13:45:45] [INFO] | distill epoch : 0, acc 0.243
[2024-01-09 13:45:47] [INFO] | distill epoch : 1, acc 0.225
[2024-01-09 13:45:48] [INFO] | distill epoch : 2, acc 0.196
[2024-01-09 13:45:49] [INFO] | distill epoch : 3, acc 0.174
[2024-01-09 13:45:50] [INFO] | distill epoch : 4, acc 0.170
[2024-01-09 13:45:50] [INFO]  ---client 7
[2024-01-09 13:45:52] [INFO] |  local epoch  : 0, acc 0.190
[2024-01-09 13:45:53] [INFO] |  local epoch  : 1, acc 0.239
[2024-01-09 13:45:54] [INFO] |  local epoch  : 2, acc 0.230
[2024-01-09 13:45:55] [INFO] |  local epoch  : 3, acc 0.250
[2024-01-09 13:45:57] [INFO] |  local epoch  : 4, acc 0.275
[2024-01-09 13:45:58] [INFO] | distill epoch : 0, acc 0.256
[2024-01-09 13:45:59] [INFO] | distill epoch : 1, acc 0.227
[2024-01-09 13:46:00] [INFO] | distill epoch : 2, acc 0.205
[2024-01-09 13:46:01] [INFO] | distill epoch : 3, acc 0.183
[2024-01-09 13:46:02] [INFO] | distill epoch : 4, acc 0.166
[2024-01-09 13:46:02] [INFO]  ---client 8
[2024-01-09 13:46:04] [INFO] |  local epoch  : 0, acc 0.239
[2024-01-09 13:46:05] [INFO] |  local epoch  : 1, acc 0.203
[2024-01-09 13:46:06] [INFO] |  local epoch  : 2, acc 0.229
[2024-01-09 13:46:08] [INFO] |  local epoch  : 3, acc 0.226
[2024-01-09 13:46:09] [INFO] |  local epoch  : 4, acc 0.238
[2024-01-09 13:46:10] [INFO] | distill epoch : 0, acc 0.212
[2024-01-09 13:46:11] [INFO] | distill epoch : 1, acc 0.185
[2024-01-09 13:46:12] [INFO] | distill epoch : 2, acc 0.167
[2024-01-09 13:46:13] [INFO] | distill epoch : 3, acc 0.145
[2024-01-09 13:46:15] [INFO] | distill epoch : 4, acc 0.139
[2024-01-09 13:46:15] [INFO] |servers comunicated: 1, server aggregated: 2, acc_server 2: 0.163.
[2024-01-09 13:46:15] [INFO] --------------------------------------------------
[2024-01-09 13:46:15] [INFO]  |epoch_client_commu: 3/5
[2024-01-09 13:46:15] [INFO]   |server: 0
[2024-01-09 13:46:16] [INFO]  ---client 0
[2024-01-09 13:46:17] [INFO] |  local epoch  : 0, acc 0.284
[2024-01-09 13:46:18] [INFO] |  local epoch  : 1, acc 0.255
[2024-01-09 13:46:19] [INFO] |  local epoch  : 2, acc 0.278
[2024-01-09 13:46:21] [INFO] |  local epoch  : 3, acc 0.293
[2024-01-09 13:46:22] [INFO] |  local epoch  : 4, acc 0.254
[2024-01-09 13:46:23] [INFO] | distill epoch : 0, acc 0.202
[2024-01-09 13:46:24] [INFO] | distill epoch : 1, acc 0.177
[2024-01-09 13:46:25] [INFO] | distill epoch : 2, acc 0.190
[2024-01-09 13:46:26] [INFO] | distill epoch : 3, acc 0.153
[2024-01-09 13:46:28] [INFO] | distill epoch : 4, acc 0.154
[2024-01-09 13:46:28] [INFO]  ---client 1
[2024-01-09 13:46:29] [INFO] |  local epoch  : 0, acc 0.207
[2024-01-09 13:46:30] [INFO] |  local epoch  : 1, acc 0.245
[2024-01-09 13:46:32] [INFO] |  local epoch  : 2, acc 0.242
[2024-01-09 13:46:33] [INFO] |  local epoch  : 3, acc 0.250
[2024-01-09 13:46:34] [INFO] |  local epoch  : 4, acc 0.282
[2024-01-09 13:46:35] [INFO] | distill epoch : 0, acc 0.297
[2024-01-09 13:46:36] [INFO] | distill epoch : 1, acc 0.312
[2024-01-09 13:46:37] [INFO] | distill epoch : 2, acc 0.244
[2024-01-09 13:46:39] [INFO] | distill epoch : 3, acc 0.256
[2024-01-09 13:46:40] [INFO] | distill epoch : 4, acc 0.234
[2024-01-09 13:46:40] [INFO]  ---client 2
[2024-01-09 13:46:41] [INFO] |  local epoch  : 0, acc 0.253
[2024-01-09 13:46:42] [INFO] |  local epoch  : 1, acc 0.329
[2024-01-09 13:46:44] [INFO] |  local epoch  : 2, acc 0.306
[2024-01-09 13:46:45] [INFO] |  local epoch  : 3, acc 0.261
[2024-01-09 13:46:46] [INFO] |  local epoch  : 4, acc 0.272
[2024-01-09 13:46:47] [INFO] | distill epoch : 0, acc 0.263
[2024-01-09 13:46:48] [INFO] | distill epoch : 1, acc 0.265
[2024-01-09 13:46:50] [INFO] | distill epoch : 2, acc 0.236
[2024-01-09 13:46:51] [INFO] | distill epoch : 3, acc 0.204
[2024-01-09 13:46:52] [INFO] | distill epoch : 4, acc 0.186
[2024-01-09 13:46:53] [INFO] |servers comunicated: 1, server aggregated: 3, acc_server 0: 0.202.
[2024-01-09 13:46:53] [INFO] --------------------------------------------------
[2024-01-09 13:46:53] [INFO]   |server: 1
[2024-01-09 13:46:53] [INFO]  ---client 3
[2024-01-09 13:46:54] [INFO] |  local epoch  : 0, acc 0.245
[2024-01-09 13:46:55] [INFO] |  local epoch  : 1, acc 0.215
[2024-01-09 13:46:57] [INFO] |  local epoch  : 2, acc 0.230
[2024-01-09 13:46:58] [INFO] |  local epoch  : 3, acc 0.247
[2024-01-09 13:46:59] [INFO] |  local epoch  : 4, acc 0.241
[2024-01-09 13:47:00] [INFO] | distill epoch : 0, acc 0.261
[2024-01-09 13:47:01] [INFO] | distill epoch : 1, acc 0.230
[2024-01-09 13:47:03] [INFO] | distill epoch : 2, acc 0.209
[2024-01-09 13:47:04] [INFO] | distill epoch : 3, acc 0.205
[2024-01-09 13:47:05] [INFO] | distill epoch : 4, acc 0.171
[2024-01-09 13:47:05] [INFO]  ---client 4
[2024-01-09 13:47:06] [INFO] |  local epoch  : 0, acc 0.244
[2024-01-09 13:47:07] [INFO] |  local epoch  : 1, acc 0.241
[2024-01-09 13:47:09] [INFO] |  local epoch  : 2, acc 0.268
[2024-01-09 13:47:10] [INFO] |  local epoch  : 3, acc 0.276
[2024-01-09 13:47:11] [INFO] |  local epoch  : 4, acc 0.221
[2024-01-09 13:47:13] [INFO] | distill epoch : 0, acc 0.196
[2024-01-09 13:47:14] [INFO] | distill epoch : 1, acc 0.217
[2024-01-09 13:47:15] [INFO] | distill epoch : 2, acc 0.201
[2024-01-09 13:47:16] [INFO] | distill epoch : 3, acc 0.162
[2024-01-09 13:47:17] [INFO] | distill epoch : 4, acc 0.158
[2024-01-09 13:47:17] [INFO]  ---client 5
[2024-01-09 13:47:19] [INFO] |  local epoch  : 0, acc 0.259
[2024-01-09 13:47:20] [INFO] |  local epoch  : 1, acc 0.247
[2024-01-09 13:47:21] [INFO] |  local epoch  : 2, acc 0.268
[2024-01-09 13:47:23] [INFO] |  local epoch  : 3, acc 0.254
[2024-01-09 13:47:24] [INFO] |  local epoch  : 4, acc 0.245
[2024-01-09 13:47:25] [INFO] | distill epoch : 0, acc 0.255
[2024-01-09 13:47:27] [INFO] | distill epoch : 1, acc 0.248
[2024-01-09 13:47:28] [INFO] | distill epoch : 2, acc 0.210
[2024-01-09 13:47:29] [INFO] | distill epoch : 3, acc 0.193
[2024-01-09 13:47:30] [INFO] | distill epoch : 4, acc 0.181
[2024-01-09 13:47:31] [INFO] |servers comunicated: 1, server aggregated: 3, acc_server 1: 0.179.
[2024-01-09 13:47:31] [INFO] --------------------------------------------------
[2024-01-09 13:47:31] [INFO]   |server: 2
[2024-01-09 13:47:31] [INFO]  ---client 6
[2024-01-09 13:47:32] [INFO] |  local epoch  : 0, acc 0.228
[2024-01-09 13:47:34] [INFO] |  local epoch  : 1, acc 0.314
[2024-01-09 13:47:35] [INFO] |  local epoch  : 2, acc 0.230
[2024-01-09 13:47:37] [INFO] |  local epoch  : 3, acc 0.240
[2024-01-09 13:47:38] [INFO] |  local epoch  : 4, acc 0.265
[2024-01-09 13:47:39] [INFO] | distill epoch : 0, acc 0.218
[2024-01-09 13:47:40] [INFO] | distill epoch : 1, acc 0.208
[2024-01-09 13:47:42] [INFO] | distill epoch : 2, acc 0.175
[2024-01-09 13:47:43] [INFO] | distill epoch : 3, acc 0.151
[2024-01-09 13:47:44] [INFO] | distill epoch : 4, acc 0.138
[2024-01-09 13:47:44] [INFO]  ---client 7
[2024-01-09 13:47:45] [INFO] |  local epoch  : 0, acc 0.187
[2024-01-09 13:47:47] [INFO] |  local epoch  : 1, acc 0.255
[2024-01-09 13:47:48] [INFO] |  local epoch  : 2, acc 0.325
[2024-01-09 13:47:49] [INFO] |  local epoch  : 3, acc 0.269
[2024-01-09 13:47:51] [INFO] |  local epoch  : 4, acc 0.293
[2024-01-09 13:47:52] [INFO] | distill epoch : 0, acc 0.252
[2024-01-09 13:47:53] [INFO] | distill epoch : 1, acc 0.236
[2024-01-09 13:47:54] [INFO] | distill epoch : 2, acc 0.201
[2024-01-09 13:47:55] [INFO] | distill epoch : 3, acc 0.158
[2024-01-09 13:47:57] [INFO] | distill epoch : 4, acc 0.161
[2024-01-09 13:47:57] [INFO]  ---client 8
[2024-01-09 13:47:58] [INFO] |  local epoch  : 0, acc 0.214
[2024-01-09 13:47:59] [INFO] |  local epoch  : 1, acc 0.246
[2024-01-09 13:48:01] [INFO] |  local epoch  : 2, acc 0.250
[2024-01-09 13:48:02] [INFO] |  local epoch  : 3, acc 0.249
[2024-01-09 13:48:03] [INFO] |  local epoch  : 4, acc 0.263
[2024-01-09 13:48:05] [INFO] | distill epoch : 0, acc 0.259
[2024-01-09 13:48:06] [INFO] | distill epoch : 1, acc 0.224
[2024-01-09 13:48:07] [INFO] | distill epoch : 2, acc 0.175
[2024-01-09 13:48:08] [INFO] | distill epoch : 3, acc 0.161
[2024-01-09 13:48:10] [INFO] | distill epoch : 4, acc 0.143
[2024-01-09 13:48:10] [INFO] |servers comunicated: 1, server aggregated: 3, acc_server 2: 0.157.
[2024-01-09 13:48:10] [INFO] --------------------------------------------------
[2024-01-09 13:48:10] [INFO]  |epoch_client_commu: 4/5
[2024-01-09 13:48:10] [INFO]   |server: 0
[2024-01-09 13:48:11] [INFO]  ---client 0
[2024-01-09 13:48:12] [INFO] |  local epoch  : 0, acc 0.313
[2024-01-09 13:48:13] [INFO] |  local epoch  : 1, acc 0.241
[2024-01-09 13:48:15] [INFO] |  local epoch  : 2, acc 0.265
[2024-01-09 13:48:16] [INFO] |  local epoch  : 3, acc 0.285
[2024-01-09 13:48:17] [INFO] |  local epoch  : 4, acc 0.305
[2024-01-09 13:48:18] [INFO] | distill epoch : 0, acc 0.276
[2024-01-09 13:48:19] [INFO] | distill epoch : 1, acc 0.242
[2024-01-09 13:48:21] [INFO] | distill epoch : 2, acc 0.228
[2024-01-09 13:48:22] [INFO] | distill epoch : 3, acc 0.233
[2024-01-09 13:48:23] [INFO] | distill epoch : 4, acc 0.193
[2024-01-09 13:48:23] [INFO]  ---client 1
[2024-01-09 13:48:24] [INFO] |  local epoch  : 0, acc 0.269
[2024-01-09 13:48:25] [INFO] |  local epoch  : 1, acc 0.286
[2024-01-09 13:48:27] [INFO] |  local epoch  : 2, acc 0.341
[2024-01-09 13:48:28] [INFO] |  local epoch  : 3, acc 0.251
[2024-01-09 13:48:29] [INFO] |  local epoch  : 4, acc 0.235
[2024-01-09 13:48:31] [INFO] | distill epoch : 0, acc 0.224
[2024-01-09 13:48:32] [INFO] | distill epoch : 1, acc 0.219
[2024-01-09 13:48:33] [INFO] | distill epoch : 2, acc 0.214
[2024-01-09 13:48:34] [INFO] | distill epoch : 3, acc 0.182
[2024-01-09 13:48:35] [INFO] | distill epoch : 4, acc 0.165
[2024-01-09 13:48:35] [INFO]  ---client 2
[2024-01-09 13:48:36] [INFO] |  local epoch  : 0, acc 0.342
[2024-01-09 13:48:38] [INFO] |  local epoch  : 1, acc 0.285
[2024-01-09 13:48:39] [INFO] |  local epoch  : 2, acc 0.325
[2024-01-09 13:48:40] [INFO] |  local epoch  : 3, acc 0.342
[2024-01-09 13:48:41] [INFO] |  local epoch  : 4, acc 0.318
[2024-01-09 13:48:42] [INFO] | distill epoch : 0, acc 0.301
[2024-01-09 13:48:44] [INFO] | distill epoch : 1, acc 0.312
[2024-01-09 13:48:45] [INFO] | distill epoch : 2, acc 0.243
[2024-01-09 13:48:46] [INFO] | distill epoch : 3, acc 0.229
[2024-01-09 13:48:47] [INFO] | distill epoch : 4, acc 0.199
[2024-01-09 13:48:48] [INFO] |servers comunicated: 1, server aggregated: 4, acc_server 0: 0.199.
[2024-01-09 13:48:48] [INFO] --------------------------------------------------
[2024-01-09 13:48:48] [INFO]   |server: 1
[2024-01-09 13:48:48] [INFO]  ---client 3
[2024-01-09 13:48:49] [INFO] |  local epoch  : 0, acc 0.163
[2024-01-09 13:48:51] [INFO] |  local epoch  : 1, acc 0.208
[2024-01-09 13:48:52] [INFO] |  local epoch  : 2, acc 0.259
[2024-01-09 13:48:53] [INFO] |  local epoch  : 3, acc 0.257
[2024-01-09 13:48:55] [INFO] |  local epoch  : 4, acc 0.178
[2024-01-09 13:48:56] [INFO] | distill epoch : 0, acc 0.195
[2024-01-09 13:48:57] [INFO] | distill epoch : 1, acc 0.189
[2024-01-09 13:48:58] [INFO] | distill epoch : 2, acc 0.169
[2024-01-09 13:49:00] [INFO] | distill epoch : 3, acc 0.182
[2024-01-09 13:49:01] [INFO] | distill epoch : 4, acc 0.155
[2024-01-09 13:49:01] [INFO]  ---client 4
[2024-01-09 13:49:02] [INFO] |  local epoch  : 0, acc 0.293
[2024-01-09 13:49:03] [INFO] |  local epoch  : 1, acc 0.207
[2024-01-09 13:49:05] [INFO] |  local epoch  : 2, acc 0.190
[2024-01-09 13:49:06] [INFO] |  local epoch  : 3, acc 0.241
[2024-01-09 13:49:07] [INFO] |  local epoch  : 4, acc 0.276
[2024-01-09 13:49:08] [INFO] | distill epoch : 0, acc 0.262
[2024-01-09 13:49:10] [INFO] | distill epoch : 1, acc 0.252
[2024-01-09 13:49:11] [INFO] | distill epoch : 2, acc 0.228
[2024-01-09 13:49:12] [INFO] | distill epoch : 3, acc 0.190
[2024-01-09 13:49:13] [INFO] | distill epoch : 4, acc 0.206
[2024-01-09 13:49:13] [INFO]  ---client 5
[2024-01-09 13:49:14] [INFO] |  local epoch  : 0, acc 0.214
[2024-01-09 13:49:16] [INFO] |  local epoch  : 1, acc 0.226
[2024-01-09 13:49:17] [INFO] |  local epoch  : 2, acc 0.251
[2024-01-09 13:49:18] [INFO] |  local epoch  : 3, acc 0.225
[2024-01-09 13:49:20] [INFO] |  local epoch  : 4, acc 0.270
[2024-01-09 13:49:21] [INFO] | distill epoch : 0, acc 0.212
[2024-01-09 13:49:22] [INFO] | distill epoch : 1, acc 0.239
[2024-01-09 13:49:23] [INFO] | distill epoch : 2, acc 0.194
[2024-01-09 13:49:24] [INFO] | distill epoch : 3, acc 0.190
[2024-01-09 13:49:26] [INFO] | distill epoch : 4, acc 0.193
[2024-01-09 13:49:26] [INFO] |servers comunicated: 1, server aggregated: 4, acc_server 1: 0.180.
[2024-01-09 13:49:26] [INFO] --------------------------------------------------
[2024-01-09 13:49:26] [INFO]   |server: 2
[2024-01-09 13:49:27] [INFO]  ---client 6
[2024-01-09 13:49:28] [INFO] |  local epoch  : 0, acc 0.198
[2024-01-09 13:49:29] [INFO] |  local epoch  : 1, acc 0.262
[2024-01-09 13:49:31] [INFO] |  local epoch  : 2, acc 0.285
[2024-01-09 13:49:32] [INFO] |  local epoch  : 3, acc 0.286
[2024-01-09 13:49:33] [INFO] |  local epoch  : 4, acc 0.297
[2024-01-09 13:49:34] [INFO] | distill epoch : 0, acc 0.293
[2024-01-09 13:49:36] [INFO] | distill epoch : 1, acc 0.261
[2024-01-09 13:49:37] [INFO] | distill epoch : 2, acc 0.222
[2024-01-09 13:49:38] [INFO] | distill epoch : 3, acc 0.195
[2024-01-09 13:49:39] [INFO] | distill epoch : 4, acc 0.175
[2024-01-09 13:49:39] [INFO]  ---client 7
[2024-01-09 13:49:40] [INFO] |  local epoch  : 0, acc 0.209
[2024-01-09 13:49:42] [INFO] |  local epoch  : 1, acc 0.228
[2024-01-09 13:49:43] [INFO] |  local epoch  : 2, acc 0.268
[2024-01-09 13:49:44] [INFO] |  local epoch  : 3, acc 0.246
[2024-01-09 13:49:45] [INFO] |  local epoch  : 4, acc 0.258
[2024-01-09 13:49:47] [INFO] | distill epoch : 0, acc 0.234
[2024-01-09 13:49:48] [INFO] | distill epoch : 1, acc 0.203
[2024-01-09 13:49:49] [INFO] | distill epoch : 2, acc 0.188
[2024-01-09 13:49:50] [INFO] | distill epoch : 3, acc 0.173
[2024-01-09 13:49:51] [INFO] | distill epoch : 4, acc 0.160
[2024-01-09 13:49:51] [INFO]  ---client 8
[2024-01-09 13:49:53] [INFO] |  local epoch  : 0, acc 0.216
[2024-01-09 13:49:54] [INFO] |  local epoch  : 1, acc 0.274
[2024-01-09 13:49:55] [INFO] |  local epoch  : 2, acc 0.245
[2024-01-09 13:49:56] [INFO] |  local epoch  : 3, acc 0.275
[2024-01-09 13:49:58] [INFO] |  local epoch  : 4, acc 0.253
[2024-01-09 13:49:59] [INFO] | distill epoch : 0, acc 0.233
[2024-01-09 13:50:00] [INFO] | distill epoch : 1, acc 0.209
[2024-01-09 13:50:01] [INFO] | distill epoch : 2, acc 0.187
[2024-01-09 13:50:02] [INFO] | distill epoch : 3, acc 0.163
[2024-01-09 13:50:03] [INFO] | distill epoch : 4, acc 0.165
[2024-01-09 13:50:04] [INFO] |servers comunicated: 1, server aggregated: 4, acc_server 2: 0.165.
[2024-01-09 13:50:04] [INFO] --------------------------------------------------
[2024-01-09 13:50:04] [INFO]      ********  servers comunicates  ********      
[2024-01-09 13:50:04] [INFO] ./res/cifar10_model_3_algo_0/alpha_0.5_T_6/server_commu_2_client_commu_5_client_train_5_batch_size_160_num_all_client_9_num_all_server_3_num_client_data_1200_num_public_data_50_proportion_0.8.pt
