[2024-01-09 15:29:40] [INFO] device cuda is used.
[2024-01-09 15:29:40] [INFO] cudnn is actived.
[2024-01-09 15:29:40] [INFO] 
      alpha      :  0.5  
        T        :   6   
    algorithm    :   0   
num_server_commu :   2   
num_client_commu :   5   
num_client_train :   5   
num_public_train :   5   
   batch_size    :  160  
     dataset     :cifar10
  model_select   :   3   
 num_all_client  :   9   
 num_all_server  :   3   
 num_client_data : 1200  
 num_public_data :  50   
   proportion    :  0.8  
[2024-01-09 15:29:52] [INFO] --------------------------------------------------
[2024-01-09 15:29:52] [INFO] |epoch_server_commu: 0/2
[2024-01-09 15:29:52] [INFO]  |epoch_client_commu: 0/5
[2024-01-09 15:29:52] [INFO]   |server: 0
[2024-01-09 15:29:57] [INFO]  ---client 0
[2024-01-09 15:30:02] [INFO] |  local epoch  : 0, acc 0.100
[2024-01-09 15:30:04] [INFO] |  local epoch  : 1, acc 0.100
[2024-01-09 15:30:05] [INFO] |  local epoch  : 2, acc 0.143
[2024-01-09 15:30:06] [INFO] |  local epoch  : 3, acc 0.161
[2024-01-09 15:30:07] [INFO] |  local epoch  : 4, acc 0.124
[2024-01-09 15:30:07] [INFO]  ---client 1
[2024-01-09 15:30:09] [INFO] |  local epoch  : 0, acc 0.100
[2024-01-09 15:30:10] [INFO] |  local epoch  : 1, acc 0.101
[2024-01-09 15:30:11] [INFO] |  local epoch  : 2, acc 0.117
[2024-01-09 15:30:12] [INFO] |  local epoch  : 3, acc 0.150
[2024-01-09 15:30:13] [INFO] |  local epoch  : 4, acc 0.174
[2024-01-09 15:30:13] [INFO]  ---client 2
[2024-01-09 15:30:15] [INFO] |  local epoch  : 0, acc 0.100
[2024-01-09 15:30:16] [INFO] |  local epoch  : 1, acc 0.100
[2024-01-09 15:30:17] [INFO] |  local epoch  : 2, acc 0.154
[2024-01-09 15:30:18] [INFO] |  local epoch  : 3, acc 0.126
[2024-01-09 15:30:20] [INFO] |  local epoch  : 4, acc 0.123
[2024-01-09 15:30:20] [INFO] |servers comunicated: 0, server aggregated: 0, acc_server 0: 0.100.
[2024-01-09 15:30:20] [INFO] --------------------------------------------------
[2024-01-09 15:30:20] [INFO]   |server: 1
[2024-01-09 15:30:24] [INFO]  ---client 3
[2024-01-09 15:30:25] [INFO] |  local epoch  : 0, acc 0.100
[2024-01-09 15:30:27] [INFO] |  local epoch  : 1, acc 0.100
[2024-01-09 15:30:28] [INFO] |  local epoch  : 2, acc 0.114
[2024-01-09 15:30:29] [INFO] |  local epoch  : 3, acc 0.100
[2024-01-09 15:30:30] [INFO] |  local epoch  : 4, acc 0.130
[2024-01-09 15:30:30] [INFO]  ---client 4
[2024-01-09 15:30:32] [INFO] |  local epoch  : 0, acc 0.100
[2024-01-09 15:30:33] [INFO] |  local epoch  : 1, acc 0.100
[2024-01-09 15:30:34] [INFO] |  local epoch  : 2, acc 0.100
[2024-01-09 15:30:35] [INFO] |  local epoch  : 3, acc 0.101
[2024-01-09 15:30:37] [INFO] |  local epoch  : 4, acc 0.102
[2024-01-09 15:30:37] [INFO]  ---client 5
[2024-01-09 15:30:38] [INFO] |  local epoch  : 0, acc 0.100
[2024-01-09 15:30:39] [INFO] |  local epoch  : 1, acc 0.100
[2024-01-09 15:30:40] [INFO] |  local epoch  : 2, acc 0.105
[2024-01-09 15:30:42] [INFO] |  local epoch  : 3, acc 0.105
[2024-01-09 15:30:43] [INFO] |  local epoch  : 4, acc 0.178
[2024-01-09 15:30:44] [INFO] |servers comunicated: 0, server aggregated: 0, acc_server 1: 0.100.
[2024-01-09 15:30:44] [INFO] --------------------------------------------------
[2024-01-09 15:30:44] [INFO]   |server: 2
[2024-01-09 15:30:46] [INFO]  ---client 6
[2024-01-09 15:30:47] [INFO] |  local epoch  : 0, acc 0.100
[2024-01-09 15:30:48] [INFO] |  local epoch  : 1, acc 0.107
[2024-01-09 15:30:50] [INFO] |  local epoch  : 2, acc 0.103
[2024-01-09 15:30:51] [INFO] |  local epoch  : 3, acc 0.135
[2024-01-09 15:30:52] [INFO] |  local epoch  : 4, acc 0.194
[2024-01-09 15:30:52] [INFO]  ---client 7
[2024-01-09 15:30:53] [INFO] |  local epoch  : 0, acc 0.100
[2024-01-09 15:30:55] [INFO] |  local epoch  : 1, acc 0.114
[2024-01-09 15:30:56] [INFO] |  local epoch  : 2, acc 0.100
[2024-01-09 15:30:57] [INFO] |  local epoch  : 3, acc 0.129
[2024-01-09 15:30:58] [INFO] |  local epoch  : 4, acc 0.199
[2024-01-09 15:30:58] [INFO]  ---client 8
[2024-01-09 15:31:00] [INFO] |  local epoch  : 0, acc 0.100
[2024-01-09 15:31:01] [INFO] |  local epoch  : 1, acc 0.105
[2024-01-09 15:31:02] [INFO] |  local epoch  : 2, acc 0.133
[2024-01-09 15:31:03] [INFO] |  local epoch  : 3, acc 0.101
