[2024-01-09 15:48:21] [INFO] device cuda is used.
[2024-01-09 15:48:21] [INFO] cudnn is actived.
[2024-01-09 15:48:21] [INFO] 
      alpha      :  0.5  
        T        :   6   
    algorithm    :   0   
num_server_commu :   2   
num_client_commu :   2   
num_client_train :   1   
num_public_train :   2   
   batch_size    :  160  
     dataset     :cifar10
  model_select   :   3   
 num_all_client  :   9   
 num_all_server  :   3   
 num_client_data : 1200  
 num_public_data :  50   
   proportion    :  0.8  
[2024-01-09 15:48:33] [INFO] --------------------------------------------------
[2024-01-09 15:48:33] [INFO] |epoch_server_commu: 0/2
[2024-01-09 15:48:33] [INFO]  |epoch_client_commu: 0/2
[2024-01-09 15:48:33] [INFO]   |server: 0
[2024-01-09 15:48:38] [INFO]  ---client 0
[2024-01-09 15:48:43] [INFO] |  local epoch  : 0, acc 0.100
[2024-01-09 15:48:43] [INFO]  ---client 1
[2024-01-09 15:48:45] [INFO] |  local epoch  : 0, acc 0.100
[2024-01-09 15:48:45] [INFO]  ---client 2
[2024-01-09 15:48:46] [INFO] |  local epoch  : 0, acc 0.100
[2024-01-09 15:48:47] [INFO] |servers comunicated: 0, server aggregated: 0, acc_server 0: 0.100.
[2024-01-09 15:48:47] [INFO] --------------------------------------------------
[2024-01-09 15:48:47] [INFO]   |server: 1
[2024-01-09 15:48:51] [INFO]  ---client 3
[2024-01-09 15:48:52] [INFO] |  local epoch  : 0, acc 0.100
[2024-01-09 15:48:52] [INFO]  ---client 4
[2024-01-09 15:48:54] [INFO] |  local epoch  : 0, acc 0.100
[2024-01-09 15:48:54] [INFO]  ---client 5
[2024-01-09 15:48:55] [INFO] |  local epoch  : 0, acc 0.100
[2024-01-09 15:48:56] [INFO] |servers comunicated: 0, server aggregated: 0, acc_server 1: 0.100.
[2024-01-09 15:48:56] [INFO] --------------------------------------------------
[2024-01-09 15:48:56] [INFO]   |server: 2
[2024-01-09 15:48:58] [INFO]  ---client 6
[2024-01-09 15:48:59] [INFO] |  local epoch  : 0, acc 0.100
[2024-01-09 15:48:59] [INFO]  ---client 7
[2024-01-09 15:49:01] [INFO] |  local epoch  : 0, acc 0.100
[2024-01-09 15:49:01] [INFO]  ---client 8
[2024-01-09 15:49:02] [INFO] |  local epoch  : 0, acc 0.100
[2024-01-09 15:49:03] [INFO] |servers comunicated: 0, server aggregated: 0, acc_server 2: 0.100.
[2024-01-09 15:49:03] [INFO] --------------------------------------------------
[2024-01-09 15:49:03] [INFO]  |epoch_client_commu: 1/2
[2024-01-09 15:49:03] [INFO]   |server: 0
[2024-01-09 15:49:03] [INFO]  ---client 0
[2024-01-09 15:49:04] [INFO] |  local epoch  : 0, acc 0.101
[2024-01-09 15:49:04] [INFO]  ---client 1
[2024-01-09 15:49:05] [INFO] |  local epoch  : 0, acc 0.100
[2024-01-09 15:49:05] [INFO]  ---client 2
[2024-01-09 15:49:07] [INFO] |  local epoch  : 0, acc 0.100
[2024-01-09 15:49:07] [INFO] |servers comunicated: 0, server aggregated: 1, acc_server 0: 0.100.
[2024-01-09 15:49:07] [INFO] --------------------------------------------------
[2024-01-09 15:49:07] [INFO]   |server: 1
[2024-01-09 15:49:08] [INFO]  ---client 3
[2024-01-09 15:49:09] [INFO] |  local epoch  : 0, acc 0.100
[2024-01-09 15:49:09] [INFO]  ---client 4
[2024-01-09 15:49:10] [INFO] |  local epoch  : 0, acc 0.100
[2024-01-09 15:49:10] [INFO]  ---client 5
[2024-01-09 15:49:11] [INFO] |  local epoch  : 0, acc 0.100
[2024-01-09 15:49:12] [INFO] |servers comunicated: 0, server aggregated: 1, acc_server 1: 0.100.
[2024-01-09 15:49:12] [INFO] --------------------------------------------------
[2024-01-09 15:49:12] [INFO]   |server: 2
[2024-01-09 15:49:12] [INFO]  ---client 6
[2024-01-09 15:49:13] [INFO] |  local epoch  : 0, acc 0.100
[2024-01-09 15:49:13] [INFO]  ---client 7
[2024-01-09 15:49:14] [INFO] |  local epoch  : 0, acc 0.100
[2024-01-09 15:49:14] [INFO]  ---client 8
[2024-01-09 15:49:16] [INFO] |  local epoch  : 0, acc 0.100
[2024-01-09 15:49:16] [INFO] |servers comunicated: 0, server aggregated: 1, acc_server 2: 0.100.
[2024-01-09 15:49:16] [INFO] --------------------------------------------------
[2024-01-09 15:49:16] [INFO]      ********  servers comunicates  ********      
[2024-01-09 15:49:16] [INFO] --------------------------------------------------
[2024-01-09 15:49:16] [INFO] |epoch_server_commu: 1/2
[2024-01-09 15:49:16] [INFO]  |epoch_client_commu: 0/2
[2024-01-09 15:49:16] [INFO]   |server: 0
[2024-01-09 15:49:17] [INFO]  ---client 0
[2024-01-09 15:49:18] [INFO] |  local epoch  : 0, acc 0.118
[2024-01-09 15:49:20] [INFO] | distill epoch : 0, acc 0.100
[2024-01-09 15:49:21] [INFO] | distill epoch : 1, acc 0.100
[2024-01-09 15:49:21] [INFO]  ---client 1
[2024-01-09 15:49:22] [INFO] |  local epoch  : 0, acc 0.100
[2024-01-09 15:49:23] [INFO] | distill epoch : 0, acc 0.100
[2024-01-09 15:49:24] [INFO] | distill epoch : 1, acc 0.100
[2024-01-09 15:49:24] [INFO]  ---client 2
[2024-01-09 15:49:26] [INFO] |  local epoch  : 0, acc 0.100
[2024-01-09 15:49:27] [INFO] | distill epoch : 0, acc 0.100
[2024-01-09 15:49:28] [INFO] | distill epoch : 1, acc 0.100
[2024-01-09 15:49:28] [INFO] |servers comunicated: 1, server aggregated: 0, acc_server 0: 0.100.
[2024-01-09 15:49:28] [INFO] --------------------------------------------------
[2024-01-09 15:49:28] [INFO]   |server: 1
[2024-01-09 15:49:29] [INFO]  ---client 3
[2024-01-09 15:49:30] [INFO] |  local epoch  : 0, acc 0.100
[2024-01-09 15:49:31] [INFO] | distill epoch : 0, acc 0.100
[2024-01-09 15:49:32] [INFO] | distill epoch : 1, acc 0.100
[2024-01-09 15:49:32] [INFO]  ---client 4
[2024-01-09 15:49:33] [INFO] |  local epoch  : 0, acc 0.100
[2024-01-09 15:49:34] [INFO] | distill epoch : 0, acc 0.100
[2024-01-09 15:49:36] [INFO] | distill epoch : 1, acc 0.100
[2024-01-09 15:49:36] [INFO]  ---client 5
[2024-01-09 15:49:37] [INFO] |  local epoch  : 0, acc 0.100
[2024-01-09 15:49:38] [INFO] | distill epoch : 0, acc 0.100
[2024-01-09 15:49:39] [INFO] | distill epoch : 1, acc 0.100
[2024-01-09 15:49:40] [INFO] |servers comunicated: 1, server aggregated: 0, acc_server 1: 0.100.
[2024-01-09 15:49:40] [INFO] --------------------------------------------------
[2024-01-09 15:49:40] [INFO]   |server: 2
[2024-01-09 15:49:40] [INFO]  ---client 6
[2024-01-09 15:49:41] [INFO] |  local epoch  : 0, acc 0.100
[2024-01-09 15:49:42] [INFO] | distill epoch : 0, acc 0.100
[2024-01-09 15:49:43] [INFO] | distill epoch : 1, acc 0.100
[2024-01-09 15:49:43] [INFO]  ---client 7
[2024-01-09 15:49:45] [INFO] |  local epoch  : 0, acc 0.100
[2024-01-09 15:49:46] [INFO] | distill epoch : 0, acc 0.100
[2024-01-09 15:49:47] [INFO] | distill epoch : 1, acc 0.100
[2024-01-09 15:49:47] [INFO]  ---client 8
[2024-01-09 15:49:48] [INFO] |  local epoch  : 0, acc 0.100
[2024-01-09 15:49:49] [INFO] | distill epoch : 0, acc 0.100
[2024-01-09 15:49:50] [INFO] | distill epoch : 1, acc 0.100
[2024-01-09 15:49:51] [INFO] |servers comunicated: 1, server aggregated: 0, acc_server 2: 0.100.
[2024-01-09 15:49:51] [INFO] --------------------------------------------------
[2024-01-09 15:49:51] [INFO]  |epoch_client_commu: 1/2
[2024-01-09 15:49:51] [INFO]   |server: 0
[2024-01-09 15:49:51] [INFO]  ---client 0
[2024-01-09 15:49:52] [INFO] |  local epoch  : 0, acc 0.100
[2024-01-09 15:49:53] [INFO] | distill epoch : 0, acc 0.100
[2024-01-09 15:49:54] [INFO] | distill epoch : 1, acc 0.100
[2024-01-09 15:49:54] [INFO]  ---client 1
[2024-01-09 15:49:56] [INFO] |  local epoch  : 0, acc 0.100
[2024-01-09 15:49:57] [INFO] | distill epoch : 0, acc 0.100
[2024-01-09 15:49:58] [INFO] | distill epoch : 1, acc 0.100
[2024-01-09 15:49:58] [INFO]  ---client 2
[2024-01-09 15:49:59] [INFO] |  local epoch  : 0, acc 0.101
[2024-01-09 15:50:00] [INFO] | distill epoch : 0, acc 0.100
[2024-01-09 15:50:01] [INFO] | distill epoch : 1, acc 0.100
[2024-01-09 15:50:02] [INFO] |servers comunicated: 1, server aggregated: 1, acc_server 0: 0.100.
[2024-01-09 15:50:02] [INFO] --------------------------------------------------
[2024-01-09 15:50:02] [INFO]   |server: 1
[2024-01-09 15:50:02] [INFO]  ---client 3
[2024-01-09 15:50:03] [INFO] |  local epoch  : 0, acc 0.099
[2024-01-09 15:50:04] [INFO] | distill epoch : 0, acc 0.100
[2024-01-09 15:50:05] [INFO] | distill epoch : 1, acc 0.100
[2024-01-09 15:50:05] [INFO]  ---client 4
[2024-01-09 15:50:07] [INFO] |  local epoch  : 0, acc 0.080
[2024-01-09 15:50:08] [INFO] | distill epoch : 0, acc 0.100
[2024-01-09 15:50:09] [INFO] | distill epoch : 1, acc 0.100
[2024-01-09 15:50:09] [INFO]  ---client 5
[2024-01-09 15:50:10] [INFO] |  local epoch  : 0, acc 0.096
[2024-01-09 15:50:11] [INFO] | distill epoch : 0, acc 0.100
[2024-01-09 15:50:12] [INFO] | distill epoch : 1, acc 0.100
[2024-01-09 15:50:13] [INFO] |servers comunicated: 1, server aggregated: 1, acc_server 1: 0.100.
[2024-01-09 15:50:13] [INFO] --------------------------------------------------
[2024-01-09 15:50:13] [INFO]   |server: 2
[2024-01-09 15:50:13] [INFO]  ---client 6
[2024-01-09 15:50:14] [INFO] |  local epoch  : 0, acc 0.111
