[2024-01-09 15:59:42] [INFO] device cuda is used.
[2024-01-09 15:59:42] [INFO] cudnn is actived.
[2024-01-09 15:59:42] [INFO] 
      alpha      :  0.5  
        T        :   6   
    algorithm    :   1   
num_server_commu :   2   
num_client_commu :   2   
num_client_train :   2   
num_public_train :   2   
   batch_size    :  160  
     dataset     :cifar10
  model_select   :   3   
 num_all_client  :   9   
 num_all_server  :   3   
 num_client_data : 1200  
 num_public_data :  50   
   proportion    :  0.8  
[2024-01-09 15:59:54] [INFO] --------------------------------------------------
[2024-01-09 15:59:54] [INFO] |epoch_server_commu: 0/2
[2024-01-09 15:59:54] [INFO]  |epoch_client_commu: 0/2
[2024-01-09 15:59:54] [INFO]   |server: 0
[2024-01-09 16:00:00] [INFO]  ---client 0
[2024-01-09 16:00:05] [INFO] |  local epoch  : 0, acc 0.100
[2024-01-09 16:00:06] [INFO] |  local epoch  : 1, acc 0.100
[2024-01-09 16:00:06] [INFO]  ---client 1
[2024-01-09 16:00:07] [INFO] |  local epoch  : 0, acc 0.100
[2024-01-09 16:00:09] [INFO] |  local epoch  : 1, acc 0.100
[2024-01-09 16:00:09] [INFO]  ---client 2
[2024-01-09 16:00:10] [INFO] |  local epoch  : 0, acc 0.100
[2024-01-09 16:00:11] [INFO] |  local epoch  : 1, acc 0.100
[2024-01-09 16:00:12] [INFO] |servers comunicated: 0, server aggregated: 0, acc_server 0: 0.100.
[2024-01-09 16:00:12] [INFO] --------------------------------------------------
[2024-01-09 16:00:12] [INFO]   |server: 1
[2024-01-09 16:00:16] [INFO]  ---client 3
[2024-01-09 16:00:17] [INFO] |  local epoch  : 0, acc 0.100
[2024-01-09 16:00:18] [INFO] |  local epoch  : 1, acc 0.100
[2024-01-09 16:00:18] [INFO]  ---client 4
[2024-01-09 16:00:20] [INFO] |  local epoch  : 0, acc 0.100
[2024-01-09 16:00:21] [INFO] |  local epoch  : 1, acc 0.100
[2024-01-09 16:00:21] [INFO]  ---client 5
[2024-01-09 16:00:23] [INFO] |  local epoch  : 0, acc 0.100
[2024-01-09 16:00:24] [INFO] |  local epoch  : 1, acc 0.100
[2024-01-09 16:00:25] [INFO] |servers comunicated: 0, server aggregated: 0, acc_server 1: 0.100.
[2024-01-09 16:00:25] [INFO] --------------------------------------------------
[2024-01-09 16:00:25] [INFO]   |server: 2
[2024-01-09 16:00:26] [INFO]  ---client 6
[2024-01-09 16:00:28] [INFO] |  local epoch  : 0, acc 0.100
[2024-01-09 16:00:29] [INFO] |  local epoch  : 1, acc 0.105
[2024-01-09 16:00:29] [INFO]  ---client 7
[2024-01-09 16:00:31] [INFO] |  local epoch  : 0, acc 0.100
[2024-01-09 16:00:32] [INFO] |  local epoch  : 1, acc 0.106
[2024-01-09 16:00:32] [INFO]  ---client 8
[2024-01-09 16:00:33] [INFO] |  local epoch  : 0, acc 0.100
[2024-01-09 16:00:35] [INFO] |  local epoch  : 1, acc 0.114
[2024-01-09 16:00:35] [INFO] |servers comunicated: 0, server aggregated: 0, acc_server 2: 0.100.
[2024-01-09 16:00:35] [INFO] --------------------------------------------------
[2024-01-09 16:00:35] [INFO]  |epoch_client_commu: 1/2
[2024-01-09 16:00:35] [INFO]   |server: 0
[2024-01-09 16:00:36] [INFO]  ---client 0
[2024-01-09 16:00:37] [INFO] |  local epoch  : 0, acc 0.100
[2024-01-09 16:00:38] [INFO] |  local epoch  : 1, acc 0.129
[2024-01-09 16:00:38] [INFO]  ---client 1
[2024-01-09 16:00:39] [INFO] |  local epoch  : 0, acc 0.103
[2024-01-09 16:00:40] [INFO] |  local epoch  : 1, acc 0.103
[2024-01-09 16:00:40] [INFO]  ---client 2
[2024-01-09 16:00:42] [INFO] |  local epoch  : 0, acc 0.100
[2024-01-09 16:00:43] [INFO] |  local epoch  : 1, acc 0.101
[2024-01-09 16:00:44] [INFO] |servers comunicated: 0, server aggregated: 1, acc_server 0: 0.100.
[2024-01-09 16:00:44] [INFO] --------------------------------------------------
[2024-01-09 16:00:44] [INFO]   |server: 1
[2024-01-09 16:00:44] [INFO]  ---client 3
[2024-01-09 16:00:45] [INFO] |  local epoch  : 0, acc 0.100
[2024-01-09 16:00:46] [INFO] |  local epoch  : 1, acc 0.100
[2024-01-09 16:00:46] [INFO]  ---client 4
[2024-01-09 16:00:47] [INFO] |  local epoch  : 0, acc 0.100
[2024-01-09 16:00:49] [INFO] |  local epoch  : 1, acc 0.100
[2024-01-09 16:00:49] [INFO]  ---client 5
[2024-01-09 16:00:50] [INFO] |  local epoch  : 0, acc 0.100
[2024-01-09 16:00:51] [INFO] |  local epoch  : 1, acc 0.100
[2024-01-09 16:00:52] [INFO] |servers comunicated: 0, server aggregated: 1, acc_server 1: 0.100.
[2024-01-09 16:00:52] [INFO] --------------------------------------------------
[2024-01-09 16:00:52] [INFO]   |server: 2
[2024-01-09 16:00:52] [INFO]  ---client 6
[2024-01-09 16:00:53] [INFO] |  local epoch  : 0, acc 0.088
[2024-01-09 16:00:55] [INFO] |  local epoch  : 1, acc 0.132
[2024-01-09 16:00:55] [INFO]  ---client 7
[2024-01-09 16:00:56] [INFO] |  local epoch  : 0, acc 0.100
[2024-01-09 16:00:57] [INFO] |  local epoch  : 1, acc 0.150
[2024-01-09 16:00:57] [INFO]  ---client 8
[2024-01-09 16:00:58] [INFO] |  local epoch  : 0, acc 0.100
[2024-01-09 16:00:59] [INFO] |  local epoch  : 1, acc 0.156
[2024-01-09 16:01:00] [INFO] |servers comunicated: 0, server aggregated: 1, acc_server 2: 0.180.
[2024-01-09 16:01:00] [INFO] --------------------------------------------------
[2024-01-09 16:01:00] [INFO]      ********  servers comunicates  ********      
[2024-01-09 16:01:00] [INFO] --------------------------------------------------
[2024-01-09 16:01:00] [INFO] |epoch_server_commu: 1/2
[2024-01-09 16:01:00] [INFO]  |epoch_client_commu: 0/2
[2024-01-09 16:01:00] [INFO]   |server: 0
[2024-01-09 16:01:00] [INFO]  ---client 0
[2024-01-09 16:01:02] [INFO] |  local epoch  : 0, acc 0.100
[2024-01-09 16:01:03] [INFO] |  local epoch  : 1, acc 0.102
[2024-01-09 16:01:05] [INFO] | distill epoch : 0, acc 0.101
[2024-01-09 16:01:06] [INFO] | distill epoch : 1, acc 0.101
[2024-01-09 16:01:06] [INFO]  ---client 1
[2024-01-09 16:01:07] [INFO] |  local epoch  : 0, acc 0.100
[2024-01-09 16:01:09] [INFO] |  local epoch  : 1, acc 0.101
[2024-01-09 16:01:10] [INFO] | distill epoch : 0, acc 0.100
[2024-01-09 16:01:11] [INFO] | distill epoch : 1, acc 0.100
[2024-01-09 16:01:11] [INFO]  ---client 2
[2024-01-09 16:01:12] [INFO] |  local epoch  : 0, acc 0.100
[2024-01-09 16:01:13] [INFO] |  local epoch  : 1, acc 0.101
[2024-01-09 16:01:15] [INFO] | distill epoch : 0, acc 0.101
[2024-01-09 16:01:16] [INFO] | distill epoch : 1, acc 0.101
[2024-01-09 16:01:16] [INFO] |servers comunicated: 1, server aggregated: 0, acc_server 0: 0.101.
[2024-01-09 16:01:16] [INFO] --------------------------------------------------
[2024-01-09 16:01:16] [INFO]   |server: 1
[2024-01-09 16:01:17] [INFO]  ---client 3
[2024-01-09 16:01:18] [INFO] |  local epoch  : 0, acc 0.100
[2024-01-09 16:01:19] [INFO] |  local epoch  : 1, acc 0.100
[2024-01-09 16:01:20] [INFO] | distill epoch : 0, acc 0.100
[2024-01-09 16:01:21] [INFO] | distill epoch : 0, acc 0.100
[2024-01-09 16:01:22] [INFO] | distill epoch : 1, acc 0.100
[2024-01-09 16:01:23] [INFO] | distill epoch : 1, acc 0.100
[2024-01-09 16:01:23] [INFO]  ---client 4
[2024-01-09 16:01:25] [INFO] |  local epoch  : 0, acc 0.100
[2024-01-09 16:01:26] [INFO] |  local epoch  : 1, acc 0.100
[2024-01-09 16:01:27] [INFO] | distill epoch : 0, acc 0.100
[2024-01-09 16:01:28] [INFO] | distill epoch : 0, acc 0.100
[2024-01-09 16:01:29] [INFO] | distill epoch : 1, acc 0.100
[2024-01-09 16:01:30] [INFO] | distill epoch : 1, acc 0.100
[2024-01-09 16:01:30] [INFO]  ---client 5
[2024-01-09 16:01:31] [INFO] |  local epoch  : 0, acc 0.100
[2024-01-09 16:01:33] [INFO] |  local epoch  : 1, acc 0.100
[2024-01-09 16:01:34] [INFO] | distill epoch : 0, acc 0.100
[2024-01-09 16:01:35] [INFO] | distill epoch : 0, acc 0.100
[2024-01-09 16:01:36] [INFO] | distill epoch : 1, acc 0.100
[2024-01-09 16:01:37] [INFO] | distill epoch : 1, acc 0.100
[2024-01-09 16:01:38] [INFO] |servers comunicated: 1, server aggregated: 0, acc_server 1: 0.100.
[2024-01-09 16:01:38] [INFO] --------------------------------------------------
[2024-01-09 16:01:38] [INFO]   |server: 2
[2024-01-09 16:01:38] [INFO]  ---client 6
[2024-01-09 16:01:39] [INFO] |  local epoch  : 0, acc 0.145
[2024-01-09 16:01:41] [INFO] |  local epoch  : 1, acc 0.185
[2024-01-09 16:01:42] [INFO] | distill epoch : 0, acc 0.215
[2024-01-09 16:01:43] [INFO] | distill epoch : 0, acc 0.215
[2024-01-09 16:01:44] [INFO] | distill epoch : 0, acc 0.215
[2024-01-09 16:01:45] [INFO] | distill epoch : 1, acc 0.215
[2024-01-09 16:01:46] [INFO] | distill epoch : 1, acc 0.215
[2024-01-09 16:01:47] [INFO] | distill epoch : 1, acc 0.215
[2024-01-09 16:01:47] [INFO]  ---client 7
[2024-01-09 16:01:49] [INFO] |  local epoch  : 0, acc 0.261
[2024-01-09 16:01:50] [INFO] |  local epoch  : 1, acc 0.215
[2024-01-09 16:01:51] [INFO] | distill epoch : 0, acc 0.212
[2024-01-09 16:01:52] [INFO] | distill epoch : 0, acc 0.213
[2024-01-09 16:01:53] [INFO] | distill epoch : 0, acc 0.213
[2024-01-09 16:01:54] [INFO] | distill epoch : 1, acc 0.212
[2024-01-09 16:01:55] [INFO] | distill epoch : 1, acc 0.212
[2024-01-09 16:01:56] [INFO] | distill epoch : 1, acc 0.213
[2024-01-09 16:01:56] [INFO]  ---client 8
[2024-01-09 16:01:58] [INFO] |  local epoch  : 0, acc 0.167
[2024-01-09 16:01:59] [INFO] |  local epoch  : 1, acc 0.223
[2024-01-09 16:02:00] [INFO] | distill epoch : 0, acc 0.220
[2024-01-09 16:02:01] [INFO] | distill epoch : 0, acc 0.220
[2024-01-09 16:02:02] [INFO] | distill epoch : 0, acc 0.220
[2024-01-09 16:02:03] [INFO] | distill epoch : 1, acc 0.220
[2024-01-09 16:02:04] [INFO] | distill epoch : 1, acc 0.220
[2024-01-09 16:02:06] [INFO] | distill epoch : 1, acc 0.220
[2024-01-09 16:02:06] [INFO] |servers comunicated: 1, server aggregated: 0, acc_server 2: 0.238.
[2024-01-09 16:02:06] [INFO] --------------------------------------------------
[2024-01-09 16:02:06] [INFO]  |epoch_client_commu: 1/2
[2024-01-09 16:02:06] [INFO]   |server: 0
[2024-01-09 16:02:06] [INFO]  ---client 0
[2024-01-09 16:02:08] [INFO] |  local epoch  : 0, acc 0.158
[2024-01-09 16:02:09] [INFO] |  local epoch  : 1, acc 0.152
[2024-01-09 16:02:10] [INFO] | distill epoch : 0, acc 0.138
[2024-01-09 16:02:11] [INFO] | distill epoch : 1, acc 0.138
[2024-01-09 16:02:11] [INFO]  ---client 1
[2024-01-09 16:02:12] [INFO] |  local epoch  : 0, acc 0.102
[2024-01-09 16:02:14] [INFO] |  local epoch  : 1, acc 0.156
[2024-01-09 16:02:15] [INFO] | distill epoch : 0, acc 0.127
[2024-01-09 16:02:16] [INFO] | distill epoch : 1, acc 0.126
[2024-01-09 16:02:16] [INFO]  ---client 2
[2024-01-09 16:02:17] [INFO] |  local epoch  : 0, acc 0.121
[2024-01-09 16:02:18] [INFO] |  local epoch  : 1, acc 0.126
[2024-01-09 16:02:20] [INFO] | distill epoch : 0, acc 0.107
[2024-01-09 16:02:21] [INFO] | distill epoch : 1, acc 0.107
[2024-01-09 16:02:21] [INFO] |servers comunicated: 1, server aggregated: 1, acc_server 0: 0.119.
[2024-01-09 16:02:21] [INFO] --------------------------------------------------
[2024-01-09 16:02:21] [INFO]   |server: 1
[2024-01-09 16:02:22] [INFO]  ---client 3
[2024-01-09 16:02:23] [INFO] |  local epoch  : 0, acc 0.101
[2024-01-09 16:02:24] [INFO] |  local epoch  : 1, acc 0.103
[2024-01-09 16:02:25] [INFO] | distill epoch : 0, acc 0.109
[2024-01-09 16:02:26] [INFO] | distill epoch : 0, acc 0.109
[2024-01-09 16:02:27] [INFO] | distill epoch : 1, acc 0.109
[2024-01-09 16:02:28] [INFO] | distill epoch : 1, acc 0.109
[2024-01-09 16:02:28] [INFO]  ---client 4
[2024-01-09 16:02:30] [INFO] |  local epoch  : 0, acc 0.100
[2024-01-09 16:02:31] [INFO] |  local epoch  : 1, acc 0.104
[2024-01-09 16:02:32] [INFO] | distill epoch : 0, acc 0.102
[2024-01-09 16:02:33] [INFO] | distill epoch : 0, acc 0.102
[2024-01-09 16:02:34] [INFO] | distill epoch : 1, acc 0.102
[2024-01-09 16:02:35] [INFO] | distill epoch : 1, acc 0.102
[2024-01-09 16:02:35] [INFO]  ---client 5
[2024-01-09 16:02:37] [INFO] |  local epoch  : 0, acc 0.101
[2024-01-09 16:02:38] [INFO] |  local epoch  : 1, acc 0.105
[2024-01-09 16:02:39] [INFO] | distill epoch : 0, acc 0.113
[2024-01-09 16:02:40] [INFO] | distill epoch : 0, acc 0.113
[2024-01-09 16:02:41] [INFO] | distill epoch : 1, acc 0.113
[2024-01-09 16:02:42] [INFO] | distill epoch : 1, acc 0.113
[2024-01-09 16:02:43] [INFO] |servers comunicated: 1, server aggregated: 1, acc_server 1: 0.105.
[2024-01-09 16:02:43] [INFO] --------------------------------------------------
[2024-01-09 16:02:43] [INFO]   |server: 2
[2024-01-09 16:02:43] [INFO]  ---client 6
[2024-01-09 16:02:44] [INFO] |  local epoch  : 0, acc 0.209
[2024-01-09 16:02:46] [INFO] |  local epoch  : 1, acc 0.278
[2024-01-09 16:02:47] [INFO] | distill epoch : 0, acc 0.269
[2024-01-09 16:02:48] [INFO] | distill epoch : 0, acc 0.269
[2024-01-09 16:02:49] [INFO] | distill epoch : 0, acc 0.269
[2024-01-09 16:02:50] [INFO] | distill epoch : 1, acc 0.269
[2024-01-09 16:02:51] [INFO] | distill epoch : 1, acc 0.270
[2024-01-09 16:02:53] [INFO] | distill epoch : 1, acc 0.269
[2024-01-09 16:02:53] [INFO]  ---client 7
[2024-01-09 16:02:54] [INFO] |  local epoch  : 0, acc 0.232
[2024-01-09 16:02:55] [INFO] |  local epoch  : 1, acc 0.266
[2024-01-09 16:02:56] [INFO] | distill epoch : 0, acc 0.250
[2024-01-09 16:02:57] [INFO] | distill epoch : 0, acc 0.251
[2024-01-09 16:02:58] [INFO] | distill epoch : 0, acc 0.251
[2024-01-09 16:03:00] [INFO] | distill epoch : 1, acc 0.250
[2024-01-09 16:03:01] [INFO] | distill epoch : 1, acc 0.251
[2024-01-09 16:03:02] [INFO] | distill epoch : 1, acc 0.250
[2024-01-09 16:03:02] [INFO]  ---client 8
[2024-01-09 16:03:03] [INFO] |  local epoch  : 0, acc 0.248
[2024-01-09 16:03:04] [INFO] |  local epoch  : 1, acc 0.263
[2024-01-09 16:03:05] [INFO] | distill epoch : 0, acc 0.241
[2024-01-09 16:03:06] [INFO] | distill epoch : 0, acc 0.240
[2024-01-09 16:03:08] [INFO] | distill epoch : 0, acc 0.240
[2024-01-09 16:03:09] [INFO] | distill epoch : 1, acc 0.241
[2024-01-09 16:03:10] [INFO] | distill epoch : 1, acc 0.240
[2024-01-09 16:03:11] [INFO] | distill epoch : 1, acc 0.240
[2024-01-09 16:03:12] [INFO] |servers comunicated: 1, server aggregated: 1, acc_server 2: 0.293.
[2024-01-09 16:03:12] [INFO] --------------------------------------------------
[2024-01-09 16:03:12] [INFO]      ********  servers comunicates  ********      
[2024-01-09 16:03:12] [INFO] ./res/cifar10_model_3_algo_1/alpha_0.5_T_6/server_commu_2_client_commu_2_client_train_2_batch_size_160_num_all_client_9_num_all_server_3_num_client_data_1200_num_public_data_50_proportion_0.8.pt
