[2024-01-09 15:52:03] [INFO] device cuda is used.
[2024-01-09 15:52:03] [INFO] cudnn is actived.
[2024-01-09 15:52:03] [INFO] 
      alpha      :  0.5  
        T        :   6   
    algorithm    :   0   
num_server_commu :   2   
num_client_commu :   2   
num_client_train :   2   
num_public_train :   2   
   batch_size    :  160  
     dataset     :cifar10
  model_select   :   3   
 num_all_client  :   9   
 num_all_server  :   3   
 num_client_data : 1200  
 num_public_data :  50   
   proportion    :  0.8  
[2024-01-09 15:52:15] [INFO] --------------------------------------------------
[2024-01-09 15:52:15] [INFO] |epoch_server_commu: 0/2
[2024-01-09 15:52:15] [INFO]  |epoch_client_commu: 0/2
[2024-01-09 15:52:15] [INFO]   |server: 0
[2024-01-09 15:52:20] [INFO]  ---client 0
[2024-01-09 15:52:25] [INFO] |  local epoch  : 0, acc 0.100
[2024-01-09 15:52:26] [INFO] |  local epoch  : 1, acc 0.099
[2024-01-09 15:52:26] [INFO]  ---client 1
[2024-01-09 15:52:27] [INFO] |  local epoch  : 0, acc 0.106
[2024-01-09 15:52:28] [INFO] |  local epoch  : 1, acc 0.111
[2024-01-09 15:52:28] [INFO]  ---client 2
[2024-01-09 15:52:30] [INFO] |  local epoch  : 0, acc 0.130
[2024-01-09 15:52:31] [INFO] |  local epoch  : 1, acc 0.148
[2024-01-09 15:52:32] [INFO] |servers comunicated: 0, server aggregated: 0, acc_server 0: 0.102.
[2024-01-09 15:52:32] [INFO] --------------------------------------------------
[2024-01-09 15:52:32] [INFO]   |server: 1
[2024-01-09 15:52:35] [INFO]  ---client 3
[2024-01-09 15:52:37] [INFO] |  local epoch  : 0, acc 0.101
[2024-01-09 15:52:38] [INFO] |  local epoch  : 1, acc 0.094
[2024-01-09 15:52:38] [INFO]  ---client 4
[2024-01-09 15:52:39] [INFO] |  local epoch  : 0, acc 0.101
[2024-01-09 15:52:40] [INFO] |  local epoch  : 1, acc 0.101
[2024-01-09 15:52:40] [INFO]  ---client 5
[2024-01-09 15:52:42] [INFO] |  local epoch  : 0, acc 0.101
[2024-01-09 15:52:43] [INFO] |  local epoch  : 1, acc 0.101
[2024-01-09 15:52:44] [INFO] |servers comunicated: 0, server aggregated: 0, acc_server 1: 0.101.
[2024-01-09 15:52:44] [INFO] --------------------------------------------------
[2024-01-09 15:52:44] [INFO]   |server: 2
[2024-01-09 15:52:46] [INFO]  ---client 6
[2024-01-09 15:52:47] [INFO] |  local epoch  : 0, acc 0.100
[2024-01-09 15:52:48] [INFO] |  local epoch  : 1, acc 0.100
[2024-01-09 15:52:48] [INFO]  ---client 7
[2024-01-09 15:52:50] [INFO] |  local epoch  : 0, acc 0.100
[2024-01-09 15:52:51] [INFO] |  local epoch  : 1, acc 0.100
[2024-01-09 15:52:51] [INFO]  ---client 8
[2024-01-09 15:52:52] [INFO] |  local epoch  : 0, acc 0.100
[2024-01-09 15:52:53] [INFO] |  local epoch  : 1, acc 0.100
[2024-01-09 15:52:54] [INFO] |servers comunicated: 0, server aggregated: 0, acc_server 2: 0.100.
[2024-01-09 15:52:54] [INFO] --------------------------------------------------
[2024-01-09 15:52:54] [INFO]  |epoch_client_commu: 1/2
[2024-01-09 15:52:54] [INFO]   |server: 0
[2024-01-09 15:52:54] [INFO]  ---client 0
[2024-01-09 15:52:55] [INFO] |  local epoch  : 0, acc 0.121
[2024-01-09 15:52:56] [INFO] |  local epoch  : 1, acc 0.102
[2024-01-09 15:52:56] [INFO]  ---client 1
[2024-01-09 15:52:57] [INFO] |  local epoch  : 0, acc 0.102
[2024-01-09 15:52:59] [INFO] |  local epoch  : 1, acc 0.144
[2024-01-09 15:52:59] [INFO]  ---client 2
[2024-01-09 15:53:00] [INFO] |  local epoch  : 0, acc 0.101
[2024-01-09 15:53:01] [INFO] |  local epoch  : 1, acc 0.171
[2024-01-09 15:53:02] [INFO] |servers comunicated: 0, server aggregated: 1, acc_server 0: 0.176.
[2024-01-09 15:53:02] [INFO] --------------------------------------------------
[2024-01-09 15:53:02] [INFO]   |server: 1
[2024-01-09 15:53:02] [INFO]  ---client 3
[2024-01-09 15:53:03] [INFO] |  local epoch  : 0, acc 0.101
[2024-01-09 15:53:04] [INFO] |  local epoch  : 1, acc 0.143
[2024-01-09 15:53:04] [INFO]  ---client 4
[2024-01-09 15:53:05] [INFO] |  local epoch  : 0, acc 0.101
[2024-01-09 15:53:06] [INFO] |  local epoch  : 1, acc 0.165
[2024-01-09 15:53:06] [INFO]  ---client 5
[2024-01-09 15:53:07] [INFO] |  local epoch  : 0, acc 0.111
[2024-01-09 15:53:08] [INFO] |  local epoch  : 1, acc 0.138
[2024-01-09 15:53:09] [INFO] |servers comunicated: 0, server aggregated: 1, acc_server 1: 0.112.
[2024-01-09 15:53:09] [INFO] --------------------------------------------------
[2024-01-09 15:53:09] [INFO]   |server: 2
[2024-01-09 15:53:09] [INFO]  ---client 6
[2024-01-09 15:53:11] [INFO] |  local epoch  : 0, acc 0.100
[2024-01-09 15:53:12] [INFO] |  local epoch  : 1, acc 0.145
[2024-01-09 15:53:12] [INFO]  ---client 7
[2024-01-09 15:53:13] [INFO] |  local epoch  : 0, acc 0.100
[2024-01-09 15:53:14] [INFO] |  local epoch  : 1, acc 0.115
[2024-01-09 15:53:14] [INFO]  ---client 8
[2024-01-09 15:53:15] [INFO] |  local epoch  : 0, acc 0.100
[2024-01-09 15:53:16] [INFO] |  local epoch  : 1, acc 0.155
[2024-01-09 15:53:17] [INFO] |servers comunicated: 0, server aggregated: 1, acc_server 2: 0.100.
[2024-01-09 15:53:17] [INFO] --------------------------------------------------
[2024-01-09 15:53:17] [INFO]      ********  servers comunicates  ********      
[2024-01-09 15:53:17] [INFO] --------------------------------------------------
[2024-01-09 15:53:17] [INFO] |epoch_server_commu: 1/2
[2024-01-09 15:53:17] [INFO]  |epoch_client_commu: 0/2
[2024-01-09 15:53:17] [INFO]   |server: 0
[2024-01-09 15:53:17] [INFO]  ---client 0
[2024-01-09 15:53:18] [INFO] |  local epoch  : 0, acc 0.184
[2024-01-09 15:53:19] [INFO] |  local epoch  : 1, acc 0.218
[2024-01-09 15:53:21] [INFO] | distill epoch : 0, acc 0.218
[2024-01-09 15:53:22] [INFO] | distill epoch : 1, acc 0.218
[2024-01-09 15:53:22] [INFO]  ---client 1
[2024-01-09 15:53:23] [INFO] |  local epoch  : 0, acc 0.179
[2024-01-09 15:53:25] [INFO] |  local epoch  : 1, acc 0.250
[2024-01-09 15:53:26] [INFO] | distill epoch : 0, acc 0.188
[2024-01-09 15:53:27] [INFO] | distill epoch : 1, acc 0.188
[2024-01-09 15:53:27] [INFO]  ---client 2
[2024-01-09 15:53:28] [INFO] |  local epoch  : 0, acc 0.144
[2024-01-09 15:53:29] [INFO] |  local epoch  : 1, acc 0.212
[2024-01-09 15:53:30] [INFO] | distill epoch : 0, acc 0.182
[2024-01-09 15:53:31] [INFO] | distill epoch : 1, acc 0.182
[2024-01-09 15:53:32] [INFO] |servers comunicated: 1, server aggregated: 0, acc_server 0: 0.217.
[2024-01-09 15:53:32] [INFO] --------------------------------------------------
[2024-01-09 15:53:32] [INFO]   |server: 1
[2024-01-09 15:53:32] [INFO]  ---client 3
[2024-01-09 15:53:33] [INFO] |  local epoch  : 0, acc 0.127
[2024-01-09 15:53:34] [INFO] |  local epoch  : 1, acc 0.142
[2024-01-09 15:53:35] [INFO] | distill epoch : 0, acc 0.162
[2024-01-09 15:53:36] [INFO] | distill epoch : 1, acc 0.162
[2024-01-09 15:53:36] [INFO]  ---client 4
[2024-01-09 15:53:37] [INFO] |  local epoch  : 0, acc 0.113
[2024-01-09 15:53:39] [INFO] |  local epoch  : 1, acc 0.132
[2024-01-09 15:53:40] [INFO] | distill epoch : 0, acc 0.146
[2024-01-09 15:53:41] [INFO] | distill epoch : 1, acc 0.146
[2024-01-09 15:53:41] [INFO]  ---client 5
[2024-01-09 15:53:42] [INFO] |  local epoch  : 0, acc 0.101
[2024-01-09 15:53:43] [INFO] |  local epoch  : 1, acc 0.143
[2024-01-09 15:53:44] [INFO] | distill epoch : 0, acc 0.135
[2024-01-09 15:53:45] [INFO] | distill epoch : 1, acc 0.135
[2024-01-09 15:53:46] [INFO] |servers comunicated: 1, server aggregated: 0, acc_server 1: 0.136.
[2024-01-09 15:53:46] [INFO] --------------------------------------------------
[2024-01-09 15:53:46] [INFO]   |server: 2
[2024-01-09 15:53:46] [INFO]  ---client 6
[2024-01-09 15:53:47] [INFO] |  local epoch  : 0, acc 0.100
[2024-01-09 15:53:48] [INFO] |  local epoch  : 1, acc 0.104
[2024-01-09 15:53:49] [INFO] | distill epoch : 0, acc 0.107
[2024-01-09 15:53:50] [INFO] | distill epoch : 1, acc 0.107
[2024-01-09 15:53:50] [INFO]  ---client 7
[2024-01-09 15:53:52] [INFO] |  local epoch  : 0, acc 0.102
[2024-01-09 15:53:53] [INFO] |  local epoch  : 1, acc 0.111
[2024-01-09 15:53:54] [INFO] | distill epoch : 0, acc 0.111
[2024-01-09 15:53:55] [INFO] | distill epoch : 1, acc 0.111
[2024-01-09 15:53:55] [INFO]  ---client 8
[2024-01-09 15:53:56] [INFO] |  local epoch  : 0, acc 0.100
[2024-01-09 15:53:57] [INFO] |  local epoch  : 1, acc 0.124
[2024-01-09 15:53:58] [INFO] | distill epoch : 0, acc 0.105
[2024-01-09 15:53:59] [INFO] | distill epoch : 1, acc 0.105
[2024-01-09 15:54:00] [INFO] |servers comunicated: 1, server aggregated: 0, acc_server 2: 0.105.
[2024-01-09 15:54:00] [INFO] --------------------------------------------------
[2024-01-09 15:54:00] [INFO]  |epoch_client_commu: 1/2
[2024-01-09 15:54:00] [INFO]   |server: 0
[2024-01-09 15:54:00] [INFO]  ---client 0
[2024-01-09 15:54:02] [INFO] |  local epoch  : 0, acc 0.232
[2024-01-09 15:54:03] [INFO] |  local epoch  : 1, acc 0.247
[2024-01-09 15:54:04] [INFO] | distill epoch : 0, acc 0.215
[2024-01-09 15:54:05] [INFO] | distill epoch : 1, acc 0.216
[2024-01-09 15:54:05] [INFO]  ---client 1
[2024-01-09 15:54:06] [INFO] |  local epoch  : 0, acc 0.227
[2024-01-09 15:54:07] [INFO] |  local epoch  : 1, acc 0.248
[2024-01-09 15:54:08] [INFO] | distill epoch : 0, acc 0.217
[2024-01-09 15:54:09] [INFO] | distill epoch : 1, acc 0.217
[2024-01-09 15:54:09] [INFO]  ---client 2
[2024-01-09 15:54:10] [INFO] |  local epoch  : 0, acc 0.209
[2024-01-09 15:54:11] [INFO] |  local epoch  : 1, acc 0.208
[2024-01-09 15:54:13] [INFO] | distill epoch : 0, acc 0.189
[2024-01-09 15:54:14] [INFO] | distill epoch : 1, acc 0.188
[2024-01-09 15:54:14] [INFO] |servers comunicated: 1, server aggregated: 1, acc_server 0: 0.245.
[2024-01-09 15:54:14] [INFO] --------------------------------------------------
[2024-01-09 15:54:14] [INFO]   |server: 1
[2024-01-09 15:54:15] [INFO]  ---client 3
[2024-01-09 15:54:16] [INFO] |  local epoch  : 0, acc 0.159
[2024-01-09 15:54:17] [INFO] |  local epoch  : 1, acc 0.165
[2024-01-09 15:54:18] [INFO] | distill epoch : 0, acc 0.159
[2024-01-09 15:54:19] [INFO] | distill epoch : 1, acc 0.159
[2024-01-09 15:54:19] [INFO]  ---client 4
[2024-01-09 15:54:20] [INFO] |  local epoch  : 0, acc 0.120
[2024-01-09 15:54:21] [INFO] |  local epoch  : 1, acc 0.160
[2024-01-09 15:54:22] [INFO] | distill epoch : 0, acc 0.144
[2024-01-09 15:54:23] [INFO] | distill epoch : 1, acc 0.144
[2024-01-09 15:54:23] [INFO]  ---client 5
[2024-01-09 15:54:24] [INFO] |  local epoch  : 0, acc 0.136
[2024-01-09 15:54:26] [INFO] |  local epoch  : 1, acc 0.156
[2024-01-09 15:54:27] [INFO] | distill epoch : 0, acc 0.154
[2024-01-09 15:54:28] [INFO] | distill epoch : 1, acc 0.154
[2024-01-09 15:54:28] [INFO] |servers comunicated: 1, server aggregated: 1, acc_server 1: 0.147.
[2024-01-09 15:54:28] [INFO] --------------------------------------------------
[2024-01-09 15:54:28] [INFO]   |server: 2
[2024-01-09 15:54:28] [INFO]  ---client 6
[2024-01-09 15:54:30] [INFO] |  local epoch  : 0, acc 0.119
[2024-01-09 15:54:31] [INFO] |  local epoch  : 1, acc 0.213
[2024-01-09 15:54:32] [INFO] | distill epoch : 0, acc 0.158
[2024-01-09 15:54:33] [INFO] | distill epoch : 1, acc 0.158
[2024-01-09 15:54:33] [INFO]  ---client 7
[2024-01-09 15:54:34] [INFO] |  local epoch  : 0, acc 0.123
[2024-01-09 15:54:35] [INFO] |  local epoch  : 1, acc 0.179
[2024-01-09 15:54:36] [INFO] | distill epoch : 0, acc 0.183
[2024-01-09 15:54:37] [INFO] | distill epoch : 1, acc 0.183
[2024-01-09 15:54:37] [INFO]  ---client 8
[2024-01-09 15:54:38] [INFO] |  local epoch  : 0, acc 0.144
[2024-01-09 15:54:40] [INFO] |  local epoch  : 1, acc 0.172
[2024-01-09 15:54:41] [INFO] | distill epoch : 0, acc 0.159
[2024-01-09 15:54:42] [INFO] | distill epoch : 1, acc 0.158
[2024-01-09 15:54:43] [INFO] |servers comunicated: 1, server aggregated: 1, acc_server 2: 0.165.
[2024-01-09 15:54:43] [INFO] --------------------------------------------------
[2024-01-09 15:54:43] [INFO]      ********  servers comunicates  ********      
[2024-01-09 15:54:43] [INFO] ./res/cifar10_model_3_algo_0/alpha_0.5_T_6/server_commu_2_client_commu_2_client_train_2_batch_size_160_num_all_client_9_num_all_server_3_num_client_data_1200_num_public_data_50_proportion_0.8.pt
