[2024-01-09 16:47:47] [INFO] device cuda is used.
[2024-01-09 16:47:47] [INFO] cudnn is actived.
[2024-01-09 16:47:47] [INFO] 
      alpha      :  0.5  
        T        :   6   
    algorithm    :   1   
num_server_commu :   2   
num_client_commu :   2   
num_client_train :   2   
num_public_train :   2   
   batch_size    :  160  
     dataset     :cifar10
  model_select   :   3   
 num_all_client  :   9   
 num_all_server  :   3   
 num_client_data : 1200  
 num_public_data :  50   
   proportion    :  0.8  
[2024-01-09 16:48:00] [INFO] --------------------------------------------------
[2024-01-09 16:48:00] [INFO] |epoch_server_commu: 0/2
[2024-01-09 16:48:00] [INFO]  |epoch_client_commu: 0/2
[2024-01-09 16:48:00] [INFO]   |server: 0
[2024-01-09 16:48:05] [INFO]  ---client 0
[2024-01-09 16:48:10] [INFO] |  local epoch  : 0, acc 0.100
[2024-01-09 16:48:11] [INFO] |  local epoch  : 1, acc 0.100
[2024-01-09 16:48:11] [INFO]  ---client 1
[2024-01-09 16:48:13] [INFO] |  local epoch  : 0, acc 0.100
[2024-01-09 16:48:14] [INFO] |  local epoch  : 1, acc 0.100
[2024-01-09 16:48:14] [INFO]  ---client 2
[2024-01-09 16:48:15] [INFO] |  local epoch  : 0, acc 0.100
[2024-01-09 16:48:16] [INFO] |  local epoch  : 1, acc 0.100
[2024-01-09 16:48:17] [INFO] |servers comunicated: 0, server aggregated: 0, acc_server 0: 0.100.
[2024-01-09 16:48:17] [INFO] --------------------------------------------------
[2024-01-09 16:48:17] [INFO]   |server: 1
[2024-01-09 16:48:21] [INFO]  ---client 3
[2024-01-09 16:48:22] [INFO] |  local epoch  : 0, acc 0.100
[2024-01-09 16:48:23] [INFO] |  local epoch  : 1, acc 0.100
[2024-01-09 16:48:23] [INFO]  ---client 4
[2024-01-09 16:48:25] [INFO] |  local epoch  : 0, acc 0.100
[2024-01-09 16:48:26] [INFO] |  local epoch  : 1, acc 0.100
[2024-01-09 16:48:26] [INFO]  ---client 5
[2024-01-09 16:48:27] [INFO] |  local epoch  : 0, acc 0.100
[2024-01-09 16:48:28] [INFO] |  local epoch  : 1, acc 0.100
[2024-01-09 16:48:29] [INFO] |servers comunicated: 0, server aggregated: 0, acc_server 1: 0.100.
[2024-01-09 16:48:29] [INFO] --------------------------------------------------
[2024-01-09 16:48:29] [INFO]   |server: 2
[2024-01-09 16:48:31] [INFO]  ---client 6
[2024-01-09 16:48:33] [INFO] |  local epoch  : 0, acc 0.100
[2024-01-09 16:48:34] [INFO] |  local epoch  : 1, acc 0.100
[2024-01-09 16:48:34] [INFO]  ---client 7
[2024-01-09 16:48:35] [INFO] |  local epoch  : 0, acc 0.100
[2024-01-09 16:48:36] [INFO] |  local epoch  : 1, acc 0.100
[2024-01-09 16:48:36] [INFO]  ---client 8
[2024-01-09 16:48:38] [INFO] |  local epoch  : 0, acc 0.100
[2024-01-09 16:48:39] [INFO] |  local epoch  : 1, acc 0.100
[2024-01-09 16:48:40] [INFO] |servers comunicated: 0, server aggregated: 0, acc_server 2: 0.100.
[2024-01-09 16:48:40] [INFO] --------------------------------------------------
[2024-01-09 16:48:40] [INFO]  |epoch_client_commu: 1/2
[2024-01-09 16:48:40] [INFO]   |server: 0
[2024-01-09 16:48:40] [INFO]  ---client 0
[2024-01-09 16:48:41] [INFO] |  local epoch  : 0, acc 0.100
[2024-01-09 16:48:42] [INFO] |  local epoch  : 1, acc 0.101
[2024-01-09 16:48:42] [INFO]  ---client 1
[2024-01-09 16:48:44] [INFO] |  local epoch  : 0, acc 0.100
[2024-01-09 16:48:45] [INFO] |  local epoch  : 1, acc 0.100
[2024-01-09 16:48:45] [INFO]  ---client 2
[2024-01-09 16:48:46] [INFO] |  local epoch  : 0, acc 0.100
[2024-01-09 16:48:47] [INFO] |  local epoch  : 1, acc 0.100
[2024-01-09 16:48:48] [INFO] |servers comunicated: 0, server aggregated: 1, acc_server 0: 0.100.
[2024-01-09 16:48:48] [INFO] --------------------------------------------------
[2024-01-09 16:48:48] [INFO]   |server: 1
[2024-01-09 16:48:48] [INFO]  ---client 3
[2024-01-09 16:48:49] [INFO] |  local epoch  : 0, acc 0.100
[2024-01-09 16:48:50] [INFO] |  local epoch  : 1, acc 0.100
[2024-01-09 16:48:50] [INFO]  ---client 4
[2024-01-09 16:48:51] [INFO] |  local epoch  : 0, acc 0.100
[2024-01-09 16:48:53] [INFO] |  local epoch  : 1, acc 0.100
[2024-01-09 16:48:53] [INFO]  ---client 5
[2024-01-09 16:48:54] [INFO] |  local epoch  : 0, acc 0.100
[2024-01-09 16:48:55] [INFO] |  local epoch  : 1, acc 0.100
[2024-01-09 16:48:56] [INFO] |servers comunicated: 0, server aggregated: 1, acc_server 1: 0.100.
[2024-01-09 16:48:56] [INFO] --------------------------------------------------
[2024-01-09 16:48:56] [INFO]   |server: 2
[2024-01-09 16:48:56] [INFO]  ---client 6
[2024-01-09 16:48:57] [INFO] |  local epoch  : 0, acc 0.100
[2024-01-09 16:48:58] [INFO] |  local epoch  : 1, acc 0.100
[2024-01-09 16:48:58] [INFO]  ---client 7
[2024-01-09 16:49:00] [INFO] |  local epoch  : 0, acc 0.100
[2024-01-09 16:49:01] [INFO] |  local epoch  : 1, acc 0.101
[2024-01-09 16:49:01] [INFO]  ---client 8
