[2024-01-09 16:54:44] [INFO] device cuda is used.
[2024-01-09 16:54:44] [INFO] cudnn is actived.
[2024-01-09 16:54:44] [INFO] 
      alpha      :  0.5  
        T        :   6   
    algorithm    :   1   
num_server_commu :   2   
num_client_commu :   2   
num_client_train :   2   
num_public_train :   2   
   batch_size    :  160  
     dataset     :cifar10
  model_select   :   3   
 num_all_client  :   9   
 num_all_server  :   3   
 num_client_data : 1200  
 num_public_data :  50   
   proportion    :  0.8  
[2024-01-09 16:54:56] [INFO] --------------------------------------------------
[2024-01-09 16:54:56] [INFO] |epoch_server_commu: 0/2
[2024-01-09 16:54:56] [INFO]  |epoch_client_commu: 0/2
[2024-01-09 16:54:56] [INFO]   |server: 0
[2024-01-09 16:55:02] [INFO]  ---client 0
[2024-01-09 16:55:07] [INFO] |  local epoch  : 0, acc 0.100
[2024-01-09 16:55:08] [INFO] |  local epoch  : 1, acc 0.100
[2024-01-09 16:55:08] [INFO]  ---client 1
[2024-01-09 16:55:10] [INFO] |  local epoch  : 0, acc 0.100
[2024-01-09 16:55:11] [INFO] |  local epoch  : 1, acc 0.100
[2024-01-09 16:55:11] [INFO]  ---client 2
[2024-01-09 16:55:12] [INFO] |  local epoch  : 0, acc 0.100
[2024-01-09 16:55:14] [INFO] |  local epoch  : 1, acc 0.100
[2024-01-09 16:55:14] [INFO] |servers comunicated: 0, server aggregated: 0, acc_server 0: 0.100.
[2024-01-09 16:55:14] [INFO] --------------------------------------------------
[2024-01-09 16:55:14] [INFO]   |server: 1
[2024-01-09 16:55:18] [INFO]  ---client 3
[2024-01-09 16:55:20] [INFO] |  local epoch  : 0, acc 0.100
[2024-01-09 16:55:21] [INFO] |  local epoch  : 1, acc 0.100
[2024-01-09 16:55:21] [INFO]  ---client 4
[2024-01-09 16:55:22] [INFO] |  local epoch  : 0, acc 0.100
[2024-01-09 16:55:24] [INFO] |  local epoch  : 1, acc 0.100
[2024-01-09 16:55:24] [INFO]  ---client 5
[2024-01-09 16:55:25] [INFO] |  local epoch  : 0, acc 0.100
[2024-01-09 16:55:26] [INFO] |  local epoch  : 1, acc 0.100
[2024-01-09 16:55:27] [INFO] |servers comunicated: 0, server aggregated: 0, acc_server 1: 0.100.
[2024-01-09 16:55:27] [INFO] --------------------------------------------------
[2024-01-09 16:55:27] [INFO]   |server: 2
[2024-01-09 16:55:29] [INFO]  ---client 6
[2024-01-09 16:55:31] [INFO] |  local epoch  : 0, acc 0.101
[2024-01-09 16:55:32] [INFO] |  local epoch  : 1, acc 0.112
[2024-01-09 16:55:32] [INFO]  ---client 7
[2024-01-09 16:55:33] [INFO] |  local epoch  : 0, acc 0.100
[2024-01-09 16:55:35] [INFO] |  local epoch  : 1, acc 0.114
[2024-01-09 16:55:35] [INFO]  ---client 8
[2024-01-09 16:55:36] [INFO] |  local epoch  : 0, acc 0.100
[2024-01-09 16:55:37] [INFO] |  local epoch  : 1, acc 0.102
[2024-01-09 16:55:38] [INFO] |servers comunicated: 0, server aggregated: 0, acc_server 2: 0.100.
[2024-01-09 16:55:38] [INFO] --------------------------------------------------
[2024-01-09 16:55:38] [INFO]  |epoch_client_commu: 1/2
[2024-01-09 16:55:38] [INFO]   |server: 0
[2024-01-09 16:55:38] [INFO]  ---client 0
[2024-01-09 16:55:40] [INFO] |  local epoch  : 0, acc 0.100
[2024-01-09 16:55:41] [INFO] |  local epoch  : 1, acc 0.106
[2024-01-09 16:55:41] [INFO]  ---client 1
[2024-01-09 16:55:42] [INFO] |  local epoch  : 0, acc 0.100
[2024-01-09 16:55:43] [INFO] |  local epoch  : 1, acc 0.124
[2024-01-09 16:55:43] [INFO]  ---client 2
[2024-01-09 16:55:44] [INFO] |  local epoch  : 0, acc 0.100
[2024-01-09 16:55:46] [INFO] |  local epoch  : 1, acc 0.160
[2024-01-09 16:55:46] [INFO] |servers comunicated: 0, server aggregated: 1, acc_server 0: 0.100.
[2024-01-09 16:55:46] [INFO] --------------------------------------------------
[2024-01-09 16:55:46] [INFO]   |server: 1
[2024-01-09 16:55:47] [INFO]  ---client 3
[2024-01-09 16:55:48] [INFO] |  local epoch  : 0, acc 0.100
[2024-01-09 16:55:49] [INFO] |  local epoch  : 1, acc 0.100
[2024-01-09 16:55:49] [INFO]  ---client 4
[2024-01-09 16:55:50] [INFO] |  local epoch  : 0, acc 0.100
[2024-01-09 16:55:51] [INFO] |  local epoch  : 1, acc 0.100
[2024-01-09 16:55:51] [INFO]  ---client 5
[2024-01-09 16:55:53] [INFO] |  local epoch  : 0, acc 0.100
[2024-01-09 16:55:54] [INFO] |  local epoch  : 1, acc 0.153
[2024-01-09 16:55:55] [INFO] |servers comunicated: 0, server aggregated: 1, acc_server 1: 0.100.
[2024-01-09 16:55:55] [INFO] --------------------------------------------------
[2024-01-09 16:55:55] [INFO]   |server: 2
[2024-01-09 16:55:55] [INFO]  ---client 6
[2024-01-09 16:55:56] [INFO] |  local epoch  : 0, acc 0.112
[2024-01-09 16:55:57] [INFO] |  local epoch  : 1, acc 0.102
[2024-01-09 16:55:57] [INFO]  ---client 7
[2024-01-09 16:55:59] [INFO] |  local epoch  : 0, acc 0.100
[2024-01-09 16:56:00] [INFO] |  local epoch  : 1, acc 0.109
[2024-01-09 16:56:00] [INFO]  ---client 8
[2024-01-09 16:56:01] [INFO] |  local epoch  : 0, acc 0.100
[2024-01-09 16:56:02] [INFO] |  local epoch  : 1, acc 0.105
[2024-01-09 16:56:03] [INFO] |servers comunicated: 0, server aggregated: 1, acc_server 2: 0.101.
[2024-01-09 16:56:03] [INFO] --------------------------------------------------
[2024-01-09 16:56:03] [INFO]      ********  servers comunicates  ********      
[2024-01-09 16:56:03] [INFO] --------------------------------------------------
[2024-01-09 16:56:03] [INFO] |epoch_server_commu: 1/2
[2024-01-09 16:56:03] [INFO]  |epoch_client_commu: 0/2
[2024-01-09 16:56:03] [INFO]   |server: 0
[2024-01-09 16:56:03] [INFO]  ---client 0
[2024-01-09 16:56:04] [INFO] |  local epoch  : 0, acc 0.100
[2024-01-09 16:56:06] [INFO] |  local epoch  : 1, acc 0.117
[2024-01-09 16:56:08] [INFO] | distill epoch : 0, acc 0.111
[2024-01-09 16:56:09] [INFO] | distill epoch : 1, acc 0.111
[2024-01-09 16:56:09] [INFO]  ---client 1
[2024-01-09 16:56:10] [INFO] |  local epoch  : 0, acc 0.101
[2024-01-09 16:56:11] [INFO] |  local epoch  : 1, acc 0.100
[2024-01-09 16:56:12] [INFO] | distill epoch : 0, acc 0.100
[2024-01-09 16:56:13] [INFO] | distill epoch : 1, acc 0.100
[2024-01-09 16:56:13] [INFO]  ---client 2
[2024-01-09 16:56:15] [INFO] |  local epoch  : 0, acc 0.106
[2024-01-09 16:56:16] [INFO] |  local epoch  : 1, acc 0.166
[2024-01-09 16:56:17] [INFO] | distill epoch : 0, acc 0.176
[2024-01-09 16:56:18] [INFO] | distill epoch : 1, acc 0.176
[2024-01-09 16:56:19] [INFO] |servers comunicated: 1, server aggregated: 0, acc_server 0: 0.102.
[2024-01-09 16:56:19] [INFO] --------------------------------------------------
[2024-01-09 16:56:19] [INFO]   |server: 1
[2024-01-09 16:56:19] [INFO]  ---client 3
[2024-01-09 16:56:20] [INFO] |  local epoch  : 0, acc 0.100
[2024-01-09 16:56:22] [INFO] |  local epoch  : 1, acc 0.117
[2024-01-09 16:56:23] [INFO] | distill epoch : 0, acc 0.112
[2024-01-09 16:56:24] [INFO] | distill epoch : 0, acc 0.112
[2024-01-09 16:56:25] [INFO] | distill epoch : 1, acc 0.112
[2024-01-09 16:56:26] [INFO] | distill epoch : 1, acc 0.111
[2024-01-09 16:56:26] [INFO]  ---client 4
[2024-01-09 16:56:27] [INFO] |  local epoch  : 0, acc 0.100
[2024-01-09 16:56:28] [INFO] |  local epoch  : 1, acc 0.115
[2024-01-09 16:56:29] [INFO] | distill epoch : 0, acc 0.107
[2024-01-09 16:56:30] [INFO] | distill epoch : 0, acc 0.107
[2024-01-09 16:56:32] [INFO] | distill epoch : 1, acc 0.107
[2024-01-09 16:56:33] [INFO] | distill epoch : 1, acc 0.107
[2024-01-09 16:56:33] [INFO]  ---client 5
[2024-01-09 16:56:34] [INFO] |  local epoch  : 0, acc 0.100
[2024-01-09 16:56:35] [INFO] |  local epoch  : 1, acc 0.102
[2024-01-09 16:56:36] [INFO] | distill epoch : 0, acc 0.102
[2024-01-09 16:56:37] [INFO] | distill epoch : 0, acc 0.101
[2024-01-09 16:56:38] [INFO] | distill epoch : 1, acc 0.102
[2024-01-09 16:56:40] [INFO] | distill epoch : 1, acc 0.102
[2024-01-09 16:56:40] [INFO] |servers comunicated: 1, server aggregated: 0, acc_server 1: 0.103.
[2024-01-09 16:56:40] [INFO] --------------------------------------------------
[2024-01-09 16:56:40] [INFO]   |server: 2
[2024-01-09 16:56:41] [INFO]  ---client 6
[2024-01-09 16:56:42] [INFO] |  local epoch  : 0, acc 0.200
[2024-01-09 16:56:43] [INFO] |  local epoch  : 1, acc 0.190
[2024-01-09 16:56:44] [INFO] | distill epoch : 0, acc 0.255
[2024-01-09 16:56:45] [INFO] | distill epoch : 0, acc 0.255
[2024-01-09 16:56:46] [INFO] | distill epoch : 0, acc 0.255
[2024-01-09 16:56:47] [INFO] | distill epoch : 1, acc 0.255
[2024-01-09 16:56:48] [INFO] | distill epoch : 1, acc 0.255
[2024-01-09 16:56:49] [INFO] | distill epoch : 1, acc 0.255
[2024-01-09 16:56:49] [INFO]  ---client 7
[2024-01-09 16:56:51] [INFO] |  local epoch  : 0, acc 0.153
[2024-01-09 16:56:52] [INFO] |  local epoch  : 1, acc 0.240
[2024-01-09 16:56:53] [INFO] | distill epoch : 0, acc 0.229
[2024-01-09 16:56:54] [INFO] | distill epoch : 0, acc 0.229
[2024-01-09 16:56:55] [INFO] | distill epoch : 0, acc 0.229
[2024-01-09 16:56:56] [INFO] | distill epoch : 1, acc 0.229
[2024-01-09 16:56:57] [INFO] | distill epoch : 1, acc 0.229
[2024-01-09 16:56:59] [INFO] | distill epoch : 1, acc 0.229
[2024-01-09 16:56:59] [INFO]  ---client 8
[2024-01-09 16:57:00] [INFO] |  local epoch  : 0, acc 0.110
[2024-01-09 16:57:01] [INFO] |  local epoch  : 1, acc 0.140
[2024-01-09 16:57:02] [INFO] | distill epoch : 0, acc 0.215
[2024-01-09 16:57:03] [INFO] | distill epoch : 0, acc 0.215
[2024-01-09 16:57:04] [INFO] | distill epoch : 0, acc 0.215
[2024-01-09 16:57:06] [INFO] | distill epoch : 1, acc 0.215
[2024-01-09 16:57:07] [INFO] | distill epoch : 1, acc 0.215
[2024-01-09 16:57:08] [INFO] | distill epoch : 1, acc 0.215
[2024-01-09 16:57:08] [INFO] |servers comunicated: 1, server aggregated: 0, acc_server 2: 0.287.
[2024-01-09 16:57:08] [INFO] --------------------------------------------------
[2024-01-09 16:57:08] [INFO]  |epoch_client_commu: 1/2
[2024-01-09 16:57:08] [INFO]   |server: 0
[2024-01-09 16:57:09] [INFO]  ---client 0
[2024-01-09 16:57:10] [INFO] |  local epoch  : 0, acc 0.136
[2024-01-09 16:57:11] [INFO] |  local epoch  : 1, acc 0.179
[2024-01-09 16:57:12] [INFO] | distill epoch : 0, acc 0.147
[2024-01-09 16:57:13] [INFO] | distill epoch : 1, acc 0.147
[2024-01-09 16:57:13] [INFO]  ---client 1
[2024-01-09 16:57:14] [INFO] |  local epoch  : 0, acc 0.128
[2024-01-09 16:57:16] [INFO] |  local epoch  : 1, acc 0.220
[2024-01-09 16:57:17] [INFO] | distill epoch : 0, acc 0.172
[2024-01-09 16:57:18] [INFO] | distill epoch : 1, acc 0.172
[2024-01-09 16:57:18] [INFO]  ---client 2
[2024-01-09 16:57:19] [INFO] |  local epoch  : 0, acc 0.147
[2024-01-09 16:57:21] [INFO] |  local epoch  : 1, acc 0.193
[2024-01-09 16:57:22] [INFO] | distill epoch : 0, acc 0.144
[2024-01-09 16:57:23] [INFO] | distill epoch : 1, acc 0.144
[2024-01-09 16:57:24] [INFO] |servers comunicated: 1, server aggregated: 1, acc_server 0: 0.129.
[2024-01-09 16:57:24] [INFO] --------------------------------------------------
[2024-01-09 16:57:24] [INFO]   |server: 1
[2024-01-09 16:57:24] [INFO]  ---client 3
[2024-01-09 16:57:25] [INFO] |  local epoch  : 0, acc 0.145
[2024-01-09 16:57:26] [INFO] |  local epoch  : 1, acc 0.140
[2024-01-09 16:57:27] [INFO] | distill epoch : 0, acc 0.152
[2024-01-09 16:57:28] [INFO] | distill epoch : 0, acc 0.152
[2024-01-09 16:57:29] [INFO] | distill epoch : 1, acc 0.152
[2024-01-09 16:57:31] [INFO] | distill epoch : 1, acc 0.152
[2024-01-09 16:57:31] [INFO]  ---client 4
[2024-01-09 16:57:32] [INFO] |  local epoch  : 0, acc 0.118
[2024-01-09 16:57:33] [INFO] |  local epoch  : 1, acc 0.166
[2024-01-09 16:57:34] [INFO] | distill epoch : 0, acc 0.135
[2024-01-09 16:57:35] [INFO] | distill epoch : 0, acc 0.135
[2024-01-09 16:57:36] [INFO] | distill epoch : 1, acc 0.135
[2024-01-09 16:57:38] [INFO] | distill epoch : 1, acc 0.135
[2024-01-09 16:57:38] [INFO]  ---client 5
[2024-01-09 16:57:39] [INFO] |  local epoch  : 0, acc 0.111
[2024-01-09 16:57:40] [INFO] |  local epoch  : 1, acc 0.117
[2024-01-09 16:57:41] [INFO] | distill epoch : 0, acc 0.128
[2024-01-09 16:57:42] [INFO] | distill epoch : 0, acc 0.128
[2024-01-09 16:57:43] [INFO] | distill epoch : 1, acc 0.128
[2024-01-09 16:57:45] [INFO] | distill epoch : 1, acc 0.128
[2024-01-09 16:57:45] [INFO] |servers comunicated: 1, server aggregated: 1, acc_server 1: 0.137.
[2024-01-09 16:57:45] [INFO] --------------------------------------------------
[2024-01-09 16:57:45] [INFO]   |server: 2
[2024-01-09 16:57:45] [INFO]  ---client 6
[2024-01-09 16:57:47] [INFO] |  local epoch  : 0, acc 0.275
[2024-01-09 16:57:48] [INFO] |  local epoch  : 1, acc 0.283
[2024-01-09 16:57:49] [INFO] | distill epoch : 0, acc 0.264
[2024-01-09 16:57:50] [INFO] | distill epoch : 0, acc 0.263
[2024-01-09 16:57:51] [INFO] | distill epoch : 0, acc 0.263
[2024-01-09 16:57:52] [INFO] | distill epoch : 1, acc 0.264
[2024-01-09 16:57:53] [INFO] | distill epoch : 1, acc 0.263
[2024-01-09 16:57:54] [INFO] | distill epoch : 1, acc 0.263
[2024-01-09 16:57:55] [INFO]  ---client 7
[2024-01-09 16:57:56] [INFO] |  local epoch  : 0, acc 0.290
[2024-01-09 16:57:57] [INFO] |  local epoch  : 1, acc 0.231
[2024-01-09 16:57:58] [INFO] | distill epoch : 0, acc 0.201
[2024-01-09 16:57:59] [INFO] | distill epoch : 0, acc 0.201
[2024-01-09 16:58:00] [INFO] | distill epoch : 0, acc 0.201
[2024-01-09 16:58:01] [INFO] | distill epoch : 1, acc 0.201
[2024-01-09 16:58:03] [INFO] | distill epoch : 1, acc 0.201
[2024-01-09 16:58:04] [INFO] | distill epoch : 1, acc 0.200
[2024-01-09 16:58:04] [INFO]  ---client 8
[2024-01-09 16:58:05] [INFO] |  local epoch  : 0, acc 0.273
[2024-01-09 16:58:06] [INFO] |  local epoch  : 1, acc 0.291
[2024-01-09 16:58:07] [INFO] | distill epoch : 0, acc 0.289
[2024-01-09 16:58:08] [INFO] | distill epoch : 0, acc 0.289
[2024-01-09 16:58:09] [INFO] | distill epoch : 0, acc 0.289
[2024-01-09 16:58:10] [INFO] | distill epoch : 1, acc 0.289
[2024-01-09 16:58:12] [INFO] | distill epoch : 1, acc 0.288
[2024-01-09 16:58:13] [INFO] | distill epoch : 1, acc 0.289
[2024-01-09 16:58:13] [INFO] |servers comunicated: 1, server aggregated: 1, acc_server 2: 0.278.
[2024-01-09 16:58:13] [INFO] --------------------------------------------------
[2024-01-09 16:58:13] [INFO]      ********  servers comunicates  ********      
[2024-01-09 16:58:13] [INFO] ./res/cifar10_model_3_algo_1/alpha_0.5_T_6/server_commu_2_client_commu_2_client_train_2_batch_size_160_num_all_client_9_num_all_server_3_num_client_data_1200_num_public_data_50_proportion_0.8.pt
