[2024-01-09 16:51:40] [INFO] device cuda is used.
[2024-01-09 16:51:40] [INFO] cudnn is actived.
[2024-01-09 16:51:40] [INFO] 
      alpha      :  0.5  
        T        :   6   
    algorithm    :   1   
num_server_commu :   2   
num_client_commu :   2   
num_client_train :   2   
num_public_train :   2   
   batch_size    :  160  
     dataset     :cifar10
  model_select   :   3   
 num_all_client  :   9   
 num_all_server  :   3   
 num_client_data : 1200  
 num_public_data :  50   
   proportion    :  0.8  
[2024-01-09 16:51:53] [INFO] --------------------------------------------------
[2024-01-09 16:51:53] [INFO] |epoch_server_commu: 0/2
[2024-01-09 16:51:53] [INFO]  |epoch_client_commu: 0/2
[2024-01-09 16:51:53] [INFO]   |server: 0
[2024-01-09 16:51:59] [INFO]  ---client 0
[2024-01-09 16:52:04] [INFO] |  local epoch  : 0, acc 0.100
[2024-01-09 16:52:05] [INFO] |  local epoch  : 1, acc 0.100
[2024-01-09 16:52:05] [INFO]  ---client 1
[2024-01-09 16:52:07] [INFO] |  local epoch  : 0, acc 0.100
[2024-01-09 16:52:08] [INFO] |  local epoch  : 1, acc 0.135
[2024-01-09 16:52:08] [INFO]  ---client 2
[2024-01-09 16:52:09] [INFO] |  local epoch  : 0, acc 0.100
[2024-01-09 16:52:10] [INFO] |  local epoch  : 1, acc 0.108
[2024-01-09 16:52:11] [INFO] |servers comunicated: 0, server aggregated: 0, acc_server 0: 0.100.
[2024-01-09 16:52:11] [INFO] --------------------------------------------------
[2024-01-09 16:52:11] [INFO]   |server: 1
[2024-01-09 16:52:15] [INFO]  ---client 3
[2024-01-09 16:52:16] [INFO] |  local epoch  : 0, acc 0.100
[2024-01-09 16:52:18] [INFO] |  local epoch  : 1, acc 0.100
[2024-01-09 16:52:18] [INFO]  ---client 4
[2024-01-09 16:52:19] [INFO] |  local epoch  : 0, acc 0.100
[2024-01-09 16:52:20] [INFO] |  local epoch  : 1, acc 0.100
[2024-01-09 16:52:20] [INFO]  ---client 5
[2024-01-09 16:52:22] [INFO] |  local epoch  : 0, acc 0.100
[2024-01-09 16:52:23] [INFO] |  local epoch  : 1, acc 0.100
[2024-01-09 16:52:24] [INFO] |servers comunicated: 0, server aggregated: 0, acc_server 1: 0.100.
[2024-01-09 16:52:24] [INFO] --------------------------------------------------
[2024-01-09 16:52:24] [INFO]   |server: 2
[2024-01-09 16:52:26] [INFO]  ---client 6
[2024-01-09 16:52:27] [INFO] |  local epoch  : 0, acc 0.100
[2024-01-09 16:52:28] [INFO] |  local epoch  : 1, acc 0.100
[2024-01-09 16:52:29] [INFO]  ---client 7
[2024-01-09 16:52:30] [INFO] |  local epoch  : 0, acc 0.100
[2024-01-09 16:52:31] [INFO] |  local epoch  : 1, acc 0.100
[2024-01-09 16:52:31] [INFO]  ---client 8
[2024-01-09 16:52:33] [INFO] |  local epoch  : 0, acc 0.100
[2024-01-09 16:52:34] [INFO] |  local epoch  : 1, acc 0.100
[2024-01-09 16:52:35] [INFO] |servers comunicated: 0, server aggregated: 0, acc_server 2: 0.100.
[2024-01-09 16:52:35] [INFO] --------------------------------------------------
[2024-01-09 16:52:35] [INFO]  |epoch_client_commu: 1/2
[2024-01-09 16:52:35] [INFO]   |server: 0
[2024-01-09 16:52:35] [INFO]  ---client 0
[2024-01-09 16:52:36] [INFO] |  local epoch  : 0, acc 0.100
[2024-01-09 16:52:37] [INFO] |  local epoch  : 1, acc 0.100
[2024-01-09 16:52:37] [INFO]  ---client 1
[2024-01-09 16:52:38] [INFO] |  local epoch  : 0, acc 0.100
[2024-01-09 16:52:40] [INFO] |  local epoch  : 1, acc 0.170
[2024-01-09 16:52:40] [INFO]  ---client 2
[2024-01-09 16:52:41] [INFO] |  local epoch  : 0, acc 0.103
[2024-01-09 16:52:42] [INFO] |  local epoch  : 1, acc 0.146
[2024-01-09 16:52:43] [INFO] |servers comunicated: 0, server aggregated: 1, acc_server 0: 0.130.
[2024-01-09 16:52:43] [INFO] --------------------------------------------------
[2024-01-09 16:52:43] [INFO]   |server: 1
[2024-01-09 16:52:43] [INFO]  ---client 3
[2024-01-09 16:52:44] [INFO] |  local epoch  : 0, acc 0.100
[2024-01-09 16:52:45] [INFO] |  local epoch  : 1, acc 0.100
[2024-01-09 16:52:45] [INFO]  ---client 4
[2024-01-09 16:52:47] [INFO] |  local epoch  : 0, acc 0.100
[2024-01-09 16:52:48] [INFO] |  local epoch  : 1, acc 0.100
[2024-01-09 16:52:48] [INFO]  ---client 5
[2024-01-09 16:52:49] [INFO] |  local epoch  : 0, acc 0.100
[2024-01-09 16:52:50] [INFO] |  local epoch  : 1, acc 0.101
[2024-01-09 16:52:51] [INFO] |servers comunicated: 0, server aggregated: 1, acc_server 1: 0.100.
[2024-01-09 16:52:51] [INFO] --------------------------------------------------
[2024-01-09 16:52:51] [INFO]   |server: 2
[2024-01-09 16:52:51] [INFO]  ---client 6
[2024-01-09 16:52:52] [INFO] |  local epoch  : 0, acc 0.100
[2024-01-09 16:52:53] [INFO] |  local epoch  : 1, acc 0.155
[2024-01-09 16:52:53] [INFO]  ---client 7
[2024-01-09 16:52:55] [INFO] |  local epoch  : 0, acc 0.100
[2024-01-09 16:52:56] [INFO] |  local epoch  : 1, acc 0.102
[2024-01-09 16:52:56] [INFO]  ---client 8
[2024-01-09 16:52:57] [INFO] |  local epoch  : 0, acc 0.100
[2024-01-09 16:52:58] [INFO] |  local epoch  : 1, acc 0.138
[2024-01-09 16:52:59] [INFO] |servers comunicated: 0, server aggregated: 1, acc_server 2: 0.100.
[2024-01-09 16:52:59] [INFO] --------------------------------------------------
[2024-01-09 16:52:59] [INFO]      ********  servers comunicates  ********      
[2024-01-09 16:52:59] [INFO] --------------------------------------------------
[2024-01-09 16:52:59] [INFO] |epoch_server_commu: 1/2
[2024-01-09 16:52:59] [INFO]  |epoch_client_commu: 0/2
[2024-01-09 16:52:59] [INFO]   |server: 0
[2024-01-09 16:52:59] [INFO]  ---client 0
[2024-01-09 16:53:00] [INFO] |  local epoch  : 0, acc 0.196
[2024-01-09 16:53:01] [INFO] |  local epoch  : 1, acc 0.177
[2024-01-09 16:53:04] [INFO] | distill epoch : 0, acc 0.193
[2024-01-09 16:53:05] [INFO] | distill epoch : 1, acc 0.193
[2024-01-09 16:53:05] [INFO]  ---client 1
[2024-01-09 16:53:06] [INFO] |  local epoch  : 0, acc 0.158
[2024-01-09 16:53:07] [INFO] |  local epoch  : 1, acc 0.173
[2024-01-09 16:53:08] [INFO] | distill epoch : 0, acc 0.166
[2024-01-09 16:53:09] [INFO] | distill epoch : 1, acc 0.166
[2024-01-09 16:53:09] [INFO]  ---client 2
[2024-01-09 16:53:11] [INFO] |  local epoch  : 0, acc 0.172
[2024-01-09 16:53:12] [INFO] |  local epoch  : 1, acc 0.237
[2024-01-09 16:53:13] [INFO] | distill epoch : 0, acc 0.215
[2024-01-09 16:53:14] [INFO] | distill epoch : 1, acc 0.215
[2024-01-09 16:53:15] [INFO] |servers comunicated: 1, server aggregated: 0, acc_server 0: 0.220.
[2024-01-09 16:53:15] [INFO] --------------------------------------------------
[2024-01-09 16:53:15] [INFO]   |server: 1
[2024-01-09 16:53:15] [INFO]  ---client 3
[2024-01-09 16:53:16] [INFO] |  local epoch  : 0, acc 0.100
[2024-01-09 16:53:17] [INFO] |  local epoch  : 1, acc 0.100
[2024-01-09 16:53:18] [INFO] | distill epoch : 0, acc 0.100
[2024-01-09 16:53:19] [INFO] | distill epoch : 1, acc 0.100
[2024-01-09 16:53:20] [INFO]  ---client 4
[2024-01-09 16:53:21] [INFO] |  local epoch  : 0, acc 0.100
[2024-01-09 16:53:22] [INFO] |  local epoch  : 1, acc 0.100
[2024-01-09 16:53:23] [INFO] | distill epoch : 0, acc 0.100
[2024-01-09 16:53:24] [INFO] | distill epoch : 1, acc 0.100
[2024-01-09 16:53:24] [INFO]  ---client 5
[2024-01-09 16:53:25] [INFO] |  local epoch  : 0, acc 0.100
[2024-01-09 16:53:27] [INFO] |  local epoch  : 1, acc 0.100
[2024-01-09 16:53:28] [INFO] | distill epoch : 0, acc 0.101
[2024-01-09 16:53:29] [INFO] | distill epoch : 1, acc 0.101
[2024-01-09 16:53:30] [INFO] |servers comunicated: 1, server aggregated: 0, acc_server 1: 0.100.
[2024-01-09 16:53:30] [INFO] --------------------------------------------------
[2024-01-09 16:53:30] [INFO]   |server: 2
[2024-01-09 16:53:30] [INFO]  ---client 6
[2024-01-09 16:53:31] [INFO] |  local epoch  : 0, acc 0.100
[2024-01-09 16:53:32] [INFO] |  local epoch  : 1, acc 0.111
[2024-01-09 16:53:33] [INFO] | distill epoch : 0, acc 0.107
[2024-01-09 16:53:34] [INFO] | distill epoch : 1, acc 0.107
[2024-01-09 16:53:34] [INFO]  ---client 7
[2024-01-09 16:53:36] [INFO] |  local epoch  : 0, acc 0.103
[2024-01-09 16:53:37] [INFO] |  local epoch  : 1, acc 0.111
[2024-01-09 16:53:38] [INFO] | distill epoch : 0, acc 0.121
[2024-01-09 16:53:39] [INFO] | distill epoch : 1, acc 0.121
[2024-01-09 16:53:39] [INFO]  ---client 8
[2024-01-09 16:53:40] [INFO] |  local epoch  : 0, acc 0.101
[2024-01-09 16:53:41] [INFO] |  local epoch  : 1, acc 0.124
[2024-01-09 16:53:43] [INFO] | distill epoch : 0, acc 0.109
[2024-01-09 16:53:44] [INFO] | distill epoch : 1, acc 0.109
[2024-01-09 16:53:44] [INFO] |servers comunicated: 1, server aggregated: 0, acc_server 2: 0.109.
[2024-01-09 16:53:44] [INFO] --------------------------------------------------
[2024-01-09 16:53:44] [INFO]  |epoch_client_commu: 1/2
[2024-01-09 16:53:44] [INFO]   |server: 0
[2024-01-09 16:53:45] [INFO]  ---client 0
[2024-01-09 16:53:46] [INFO] |  local epoch  : 0, acc 0.205
[2024-01-09 16:53:47] [INFO] |  local epoch  : 1, acc 0.249
[2024-01-09 16:53:48] [INFO] | distill epoch : 0, acc 0.264
[2024-01-09 16:53:49] [INFO] | distill epoch : 1, acc 0.264
[2024-01-09 16:53:49] [INFO]  ---client 1
[2024-01-09 16:53:51] [INFO] |  local epoch  : 0, acc 0.224
[2024-01-09 16:53:52] [INFO] |  local epoch  : 1, acc 0.222
[2024-01-09 16:53:53] [INFO] | distill epoch : 0, acc 0.199
[2024-01-09 16:53:54] [INFO] | distill epoch : 1, acc 0.199
[2024-01-09 16:53:54] [INFO]  ---client 2
[2024-01-09 16:53:55] [INFO] |  local epoch  : 0, acc 0.228
[2024-01-09 16:53:56] [INFO] |  local epoch  : 1, acc 0.268
[2024-01-09 16:53:57] [INFO] | distill epoch : 0, acc 0.235
[2024-01-09 16:53:58] [INFO] | distill epoch : 1, acc 0.235
[2024-01-09 16:53:59] [INFO] |servers comunicated: 1, server aggregated: 1, acc_server 0: 0.278.
[2024-01-09 16:53:59] [INFO] --------------------------------------------------
[2024-01-09 16:53:59] [INFO]   |server: 1
[2024-01-09 16:53:59] [INFO]  ---client 3
[2024-01-09 16:54:01] [INFO] |  local epoch  : 0, acc 0.100
[2024-01-09 16:54:02] [INFO] |  local epoch  : 1, acc 0.121
[2024-01-09 16:54:03] [INFO] | distill epoch : 0, acc 0.118
[2024-01-09 16:54:04] [INFO] | distill epoch : 1, acc 0.118
[2024-01-09 16:54:04] [INFO]  ---client 4
[2024-01-09 16:54:05] [INFO] |  local epoch  : 0, acc 0.100
[2024-01-09 16:54:07] [INFO] |  local epoch  : 1, acc 0.108
[2024-01-09 16:54:08] [INFO] | distill epoch : 0, acc 0.107
[2024-01-09 16:54:09] [INFO] | distill epoch : 1, acc 0.107
[2024-01-09 16:54:09] [INFO]  ---client 5
[2024-01-09 16:54:10] [INFO] |  local epoch  : 0, acc 0.101
[2024-01-09 16:54:11] [INFO] |  local epoch  : 1, acc 0.113
[2024-01-09 16:54:12] [INFO] | distill epoch : 0, acc 0.126
[2024-01-09 16:54:13] [INFO] | distill epoch : 1, acc 0.126
[2024-01-09 16:54:14] [INFO] |servers comunicated: 1, server aggregated: 1, acc_server 1: 0.110.
[2024-01-09 16:54:14] [INFO] --------------------------------------------------
[2024-01-09 16:54:14] [INFO]   |server: 2
[2024-01-09 16:54:14] [INFO]  ---client 6
[2024-01-09 16:54:16] [INFO] |  local epoch  : 0, acc 0.148
[2024-01-09 16:54:17] [INFO] |  local epoch  : 1, acc 0.143
[2024-01-09 16:54:18] [INFO] | distill epoch : 0, acc 0.144
[2024-01-09 16:54:19] [INFO] | distill epoch : 1, acc 0.144
[2024-01-09 16:54:19] [INFO]  ---client 7
[2024-01-09 16:54:20] [INFO] |  local epoch  : 0, acc 0.126
[2024-01-09 16:54:22] [INFO] |  local epoch  : 1, acc 0.156
[2024-01-09 16:54:23] [INFO] | distill epoch : 0, acc 0.162
[2024-01-09 16:54:24] [INFO] | distill epoch : 1, acc 0.162
[2024-01-09 16:54:24] [INFO]  ---client 8
[2024-01-09 16:54:25] [INFO] |  local epoch  : 0, acc 0.169
[2024-01-09 16:54:26] [INFO] |  local epoch  : 1, acc 0.185
[2024-01-09 16:54:27] [INFO] | distill epoch : 0, acc 0.150
[2024-01-09 16:54:29] [INFO] | distill epoch : 1, acc 0.150
[2024-01-09 16:54:29] [INFO] |servers comunicated: 1, server aggregated: 1, acc_server 2: 0.139.
[2024-01-09 16:54:29] [INFO] --------------------------------------------------
[2024-01-09 16:54:29] [INFO]      ********  servers comunicates  ********      
[2024-01-09 16:54:29] [INFO] ./res/cifar10_model_3_algo_1/alpha_0.5_T_6/server_commu_2_client_commu_2_client_train_2_batch_size_160_num_all_client_9_num_all_server_3_num_client_data_1200_num_public_data_50_proportion_0.8.pt
