[2024-01-09 16:50:05] [INFO] device cuda is used.
[2024-01-09 16:50:05] [INFO] cudnn is actived.
[2024-01-09 16:50:05] [INFO] 
      alpha      :  0.5  
        T        :   6   
    algorithm    :   1   
num_server_commu :   2   
num_client_commu :   2   
num_client_train :   2   
num_public_train :   2   
   batch_size    :  160  
     dataset     :cifar10
  model_select   :   3   
 num_all_client  :   9   
 num_all_server  :   3   
 num_client_data : 1200  
 num_public_data :  50   
   proportion    :  0.8  
[2024-01-09 16:50:18] [INFO] --------------------------------------------------
[2024-01-09 16:50:18] [INFO] |epoch_server_commu: 0/2
[2024-01-09 16:50:18] [INFO]  |epoch_client_commu: 0/2
[2024-01-09 16:50:18] [INFO]   |server: 0
[2024-01-09 16:50:23] [INFO]  ---client 0
[2024-01-09 16:50:29] [INFO] |  local epoch  : 0, acc 0.100
[2024-01-09 16:50:30] [INFO] |  local epoch  : 1, acc 0.100
[2024-01-09 16:50:30] [INFO]  ---client 1
[2024-01-09 16:50:31] [INFO] |  local epoch  : 0, acc 0.100
[2024-01-09 16:50:32] [INFO] |  local epoch  : 1, acc 0.100
[2024-01-09 16:50:32] [INFO]  ---client 2
[2024-01-09 16:50:34] [INFO] |  local epoch  : 0, acc 0.100
[2024-01-09 16:50:35] [INFO] |  local epoch  : 1, acc 0.100
[2024-01-09 16:50:36] [INFO] |servers comunicated: 0, server aggregated: 0, acc_server 0: 0.100.
[2024-01-09 16:50:36] [INFO] --------------------------------------------------
[2024-01-09 16:50:36] [INFO]   |server: 1
[2024-01-09 16:50:39] [INFO]  ---client 3
[2024-01-09 16:50:41] [INFO] |  local epoch  : 0, acc 0.100
[2024-01-09 16:50:42] [INFO] |  local epoch  : 1, acc 0.100
[2024-01-09 16:50:42] [INFO]  ---client 4
[2024-01-09 16:50:44] [INFO] |  local epoch  : 0, acc 0.100
[2024-01-09 16:50:45] [INFO] |  local epoch  : 1, acc 0.100
[2024-01-09 16:50:45] [INFO]  ---client 5
[2024-01-09 16:50:46] [INFO] |  local epoch  : 0, acc 0.100
[2024-01-09 16:50:47] [INFO] |  local epoch  : 1, acc 0.100
[2024-01-09 16:50:48] [INFO] |servers comunicated: 0, server aggregated: 0, acc_server 1: 0.100.
[2024-01-09 16:50:48] [INFO] --------------------------------------------------
[2024-01-09 16:50:48] [INFO]   |server: 2
[2024-01-09 16:50:50] [INFO]  ---client 6
[2024-01-09 16:50:52] [INFO] |  local epoch  : 0, acc 0.100
[2024-01-09 16:50:53] [INFO] |  local epoch  : 1, acc 0.100
[2024-01-09 16:50:53] [INFO]  ---client 7
[2024-01-09 16:50:54] [INFO] |  local epoch  : 0, acc 0.100
[2024-01-09 16:50:55] [INFO] |  local epoch  : 1, acc 0.100
[2024-01-09 16:50:55] [INFO]  ---client 8
