[2024-01-09 17:31:01] [INFO] device cuda is used.
[2024-01-09 17:31:01] [INFO] cudnn is actived.
[2024-01-09 17:31:01] [INFO] 
      alpha      :  0.5  
        T        :   6   
    algorithm    :   1   
num_server_commu :   2   
num_client_commu :   2   
num_client_train :   2   
num_public_train :   2   
   batch_size    :  160  
     dataset     :cifar10
  model_select   :   3   
 num_all_client  :   9   
 num_all_server  :   3   
 num_client_data : 1200  
 num_public_data :  50   
   proportion    :  0.8  
[2024-01-09 17:31:14] [INFO] --------------------------------------------------
[2024-01-09 17:31:14] [INFO] |epoch_server_commu: 0/2
[2024-01-09 17:31:14] [INFO]  |epoch_client_commu: 0/2
[2024-01-09 17:31:14] [INFO]   |server: 0
[2024-01-09 17:31:19] [INFO]  ---client 0
[2024-01-09 17:31:25] [INFO] |  local epoch  : 0, acc 0.100
[2024-01-09 17:31:26] [INFO] |  local epoch  : 1, acc 0.100
[2024-01-09 17:31:26] [INFO]  ---client 1
[2024-01-09 17:31:28] [INFO] |  local epoch  : 0, acc 0.100
[2024-01-09 17:31:29] [INFO] |  local epoch  : 1, acc 0.100
[2024-01-09 17:31:29] [INFO]  ---client 2
[2024-01-09 17:31:31] [INFO] |  local epoch  : 0, acc 0.100
[2024-01-09 17:31:32] [INFO] |  local epoch  : 1, acc 0.100
[2024-01-09 17:31:34] [INFO] |servers comunicated: 0, server aggregated: 0, acc_server 0: 0.100.
[2024-01-09 17:31:34] [INFO] --------------------------------------------------
[2024-01-09 17:31:34] [INFO]   |server: 1
[2024-01-09 17:31:38] [INFO]  ---client 3
[2024-01-09 17:31:40] [INFO] |  local epoch  : 0, acc 0.100
[2024-01-09 17:31:41] [INFO] |  local epoch  : 1, acc 0.108
[2024-01-09 17:31:41] [INFO]  ---client 4
[2024-01-09 17:31:43] [INFO] |  local epoch  : 0, acc 0.100
[2024-01-09 17:31:44] [INFO] |  local epoch  : 1, acc 0.100
[2024-01-09 17:31:44] [INFO]  ---client 5
[2024-01-09 17:31:46] [INFO] |  local epoch  : 0, acc 0.100
[2024-01-09 17:31:48] [INFO] |  local epoch  : 1, acc 0.100
[2024-01-09 17:31:49] [INFO] |servers comunicated: 0, server aggregated: 0, acc_server 1: 0.100.
[2024-01-09 17:31:49] [INFO] --------------------------------------------------
[2024-01-09 17:31:49] [INFO]   |server: 2
[2024-01-09 17:31:51] [INFO]  ---client 6
[2024-01-09 17:31:53] [INFO] |  local epoch  : 0, acc 0.100
[2024-01-09 17:31:55] [INFO] |  local epoch  : 1, acc 0.100
[2024-01-09 17:31:55] [INFO]  ---client 7
[2024-01-09 17:31:56] [INFO] |  local epoch  : 0, acc 0.100
[2024-01-09 17:31:58] [INFO] |  local epoch  : 1, acc 0.100
[2024-01-09 17:31:58] [INFO]  ---client 8
[2024-01-09 17:31:59] [INFO] |  local epoch  : 0, acc 0.100
[2024-01-09 17:32:01] [INFO] |  local epoch  : 1, acc 0.100
[2024-01-09 17:32:02] [INFO] |servers comunicated: 0, server aggregated: 0, acc_server 2: 0.100.
[2024-01-09 17:32:02] [INFO] --------------------------------------------------
[2024-01-09 17:32:02] [INFO]  |epoch_client_commu: 1/2
[2024-01-09 17:32:02] [INFO]   |server: 0
[2024-01-09 17:32:02] [INFO]  ---client 0
[2024-01-09 17:32:03] [INFO] |  local epoch  : 0, acc 0.100
[2024-01-09 17:32:05] [INFO] |  local epoch  : 1, acc 0.105
[2024-01-09 17:32:05] [INFO]  ---client 1
[2024-01-09 17:32:06] [INFO] |  local epoch  : 0, acc 0.100
[2024-01-09 17:32:07] [INFO] |  local epoch  : 1, acc 0.100
[2024-01-09 17:32:07] [INFO]  ---client 2
[2024-01-09 17:32:09] [INFO] |  local epoch  : 0, acc 0.100
[2024-01-09 17:32:10] [INFO] |  local epoch  : 1, acc 0.100
[2024-01-09 17:32:11] [INFO] |servers comunicated: 0, server aggregated: 1, acc_server 0: 0.100.
[2024-01-09 17:32:11] [INFO] --------------------------------------------------
[2024-01-09 17:32:11] [INFO]   |server: 1
[2024-01-09 17:32:11] [INFO]  ---client 3
[2024-01-09 17:32:13] [INFO] |  local epoch  : 0, acc 0.100
[2024-01-09 17:32:14] [INFO] |  local epoch  : 1, acc 0.100
[2024-01-09 17:32:14] [INFO]  ---client 4
[2024-01-09 17:32:15] [INFO] |  local epoch  : 0, acc 0.102
[2024-01-09 17:32:17] [INFO] |  local epoch  : 1, acc 0.124
[2024-01-09 17:32:17] [INFO]  ---client 5
[2024-01-09 17:32:18] [INFO] |  local epoch  : 0, acc 0.100
[2024-01-09 17:32:19] [INFO] |  local epoch  : 1, acc 0.107
[2024-01-09 17:32:20] [INFO] |servers comunicated: 0, server aggregated: 1, acc_server 1: 0.100.
[2024-01-09 17:32:20] [INFO] --------------------------------------------------
[2024-01-09 17:32:20] [INFO]   |server: 2
[2024-01-09 17:32:20] [INFO]  ---client 6
[2024-01-09 17:32:22] [INFO] |  local epoch  : 0, acc 0.100
[2024-01-09 17:32:23] [INFO] |  local epoch  : 1, acc 0.101
[2024-01-09 17:32:23] [INFO]  ---client 7
[2024-01-09 17:32:24] [INFO] |  local epoch  : 0, acc 0.100
[2024-01-09 17:32:26] [INFO] |  local epoch  : 1, acc 0.100
[2024-01-09 17:32:26] [INFO]  ---client 8
[2024-01-09 17:32:27] [INFO] |  local epoch  : 0, acc 0.100
[2024-01-09 17:32:29] [INFO] |  local epoch  : 1, acc 0.102
[2024-01-09 17:32:30] [INFO] |servers comunicated: 0, server aggregated: 1, acc_server 2: 0.100.
[2024-01-09 17:32:30] [INFO] --------------------------------------------------
[2024-01-09 17:32:30] [INFO]      ********  servers comunicates  ********      
[2024-01-09 17:32:30] [INFO] --------------------------------------------------
[2024-01-09 17:32:30] [INFO] |epoch_server_commu: 1/2
[2024-01-09 17:32:30] [INFO]  |epoch_client_commu: 0/2
[2024-01-09 17:32:30] [INFO]   |server: 0
[2024-01-09 17:32:30] [INFO]  ---client 0
[2024-01-09 17:32:31] [INFO] |  local epoch  : 0, acc 0.100
[2024-01-09 17:32:33] [INFO] |  local epoch  : 1, acc 0.100
[2024-01-09 17:32:35] [INFO] | distill epoch : 0, acc 0.100
[2024-01-09 17:32:36] [INFO] | distill epoch : 1, acc 0.100
[2024-01-09 17:32:36] [INFO]  ---client 1
[2024-01-09 17:32:38] [INFO] |  local epoch  : 0, acc 0.100
[2024-01-09 17:32:39] [INFO] |  local epoch  : 1, acc 0.100
[2024-01-09 17:32:40] [INFO] | distill epoch : 0, acc 0.100
[2024-01-09 17:32:41] [INFO] | distill epoch : 1, acc 0.100
[2024-01-09 17:32:41] [INFO]  ---client 2
[2024-01-09 17:32:43] [INFO] |  local epoch  : 0, acc 0.100
[2024-01-09 17:32:44] [INFO] |  local epoch  : 1, acc 0.103
[2024-01-09 17:32:45] [INFO] | distill epoch : 0, acc 0.100
[2024-01-09 17:32:47] [INFO] | distill epoch : 1, acc 0.100
[2024-01-09 17:32:48] [INFO] |servers comunicated: 1, server aggregated: 0, acc_server 0: 0.100.
[2024-01-09 17:32:48] [INFO] --------------------------------------------------
[2024-01-09 17:32:48] [INFO]   |server: 1
[2024-01-09 17:32:48] [INFO]  ---client 3
[2024-01-09 17:32:49] [INFO] |  local epoch  : 0, acc 0.100
[2024-01-09 17:32:51] [INFO] |  local epoch  : 1, acc 0.171
[2024-01-09 17:32:52] [INFO] | distill epoch : 0, acc 0.183
[2024-01-09 17:32:53] [INFO] | distill epoch : 0, acc 0.183
[2024-01-09 17:32:54] [INFO] | distill epoch : 1, acc 0.183
[2024-01-09 17:32:56] [INFO] | distill epoch : 1, acc 0.183
[2024-01-09 17:32:56] [INFO]  ---client 4
[2024-01-09 17:32:57] [INFO] |  local epoch  : 0, acc 0.106
[2024-01-09 17:32:58] [INFO] |  local epoch  : 1, acc 0.173
[2024-01-09 17:33:00] [INFO] | distill epoch : 0, acc 0.191
[2024-01-09 17:33:01] [INFO] | distill epoch : 0, acc 0.191
[2024-01-09 17:33:02] [INFO] | distill epoch : 1, acc 0.191
[2024-01-09 17:33:03] [INFO] | distill epoch : 1, acc 0.191
[2024-01-09 17:33:03] [INFO]  ---client 5
[2024-01-09 17:33:05] [INFO] |  local epoch  : 0, acc 0.104
[2024-01-09 17:33:06] [INFO] |  local epoch  : 1, acc 0.102
[2024-01-09 17:33:07] [INFO] | distill epoch : 0, acc 0.104
[2024-01-09 17:33:09] [INFO] | distill epoch : 0, acc 0.104
[2024-01-09 17:33:10] [INFO] | distill epoch : 1, acc 0.104
[2024-01-09 17:33:11] [INFO] | distill epoch : 1, acc 0.104
[2024-01-09 17:33:12] [INFO] |servers comunicated: 1, server aggregated: 0, acc_server 1: 0.162.
[2024-01-09 17:33:12] [INFO] --------------------------------------------------
[2024-01-09 17:33:12] [INFO]   |server: 2
[2024-01-09 17:33:12] [INFO]  ---client 6
[2024-01-09 17:33:14] [INFO] |  local epoch  : 0, acc 0.101
[2024-01-09 17:33:15] [INFO] |  local epoch  : 1, acc 0.107
[2024-01-09 17:33:16] [INFO] | distill epoch : 0, acc 0.107
[2024-01-09 17:33:18] [INFO] | distill epoch : 0, acc 0.107
[2024-01-09 17:33:19] [INFO] | distill epoch : 0, acc 0.107
[2024-01-09 17:33:20] [INFO] | distill epoch : 1, acc 0.107
[2024-01-09 17:33:21] [INFO] | distill epoch : 1, acc 0.107
[2024-01-09 17:33:22] [INFO] | distill epoch : 1, acc 0.107
[2024-01-09 17:33:22] [INFO]  ---client 7
[2024-01-09 17:33:24] [INFO] |  local epoch  : 0, acc 0.100
[2024-01-09 17:33:25] [INFO] |  local epoch  : 1, acc 0.100
[2024-01-09 17:33:26] [INFO] | distill epoch : 0, acc 0.100
[2024-01-09 17:33:28] [INFO] | distill epoch : 0, acc 0.100
[2024-01-09 17:33:29] [INFO] | distill epoch : 0, acc 0.100
[2024-01-09 17:33:30] [INFO] | distill epoch : 1, acc 0.100
[2024-01-09 17:33:32] [INFO] | distill epoch : 1, acc 0.100
[2024-01-09 17:33:33] [INFO] | distill epoch : 1, acc 0.100
[2024-01-09 17:33:33] [INFO]  ---client 8
[2024-01-09 17:33:34] [INFO] |  local epoch  : 0, acc 0.100
[2024-01-09 17:33:36] [INFO] |  local epoch  : 1, acc 0.102
[2024-01-09 17:33:37] [INFO] | distill epoch : 0, acc 0.105
[2024-01-09 17:33:38] [INFO] | distill epoch : 0, acc 0.105
[2024-01-09 17:33:39] [INFO] | distill epoch : 0, acc 0.105
[2024-01-09 17:33:41] [INFO] | distill epoch : 1, acc 0.105
[2024-01-09 17:33:42] [INFO] | distill epoch : 1, acc 0.105
[2024-01-09 17:33:43] [INFO] | distill epoch : 1, acc 0.105
[2024-01-09 17:33:44] [INFO] |servers comunicated: 1, server aggregated: 0, acc_server 2: 0.102.
[2024-01-09 17:33:44] [INFO] --------------------------------------------------
[2024-01-09 17:33:44] [INFO]  |epoch_client_commu: 1/2
[2024-01-09 17:33:44] [INFO]   |server: 0
[2024-01-09 17:33:44] [INFO]  ---client 0
[2024-01-09 17:33:46] [INFO] |  local epoch  : 0, acc 0.104
[2024-01-09 17:33:47] [INFO] |  local epoch  : 1, acc 0.121
[2024-01-09 17:33:48] [INFO] | distill epoch : 0, acc 0.116
[2024-01-09 17:33:49] [INFO] | distill epoch : 1, acc 0.116
[2024-01-09 17:33:49] [INFO]  ---client 1
[2024-01-09 17:33:51] [INFO] |  local epoch  : 0, acc 0.101
[2024-01-09 17:33:52] [INFO] |  local epoch  : 1, acc 0.105
[2024-01-09 17:33:53] [INFO] | distill epoch : 0, acc 0.108
[2024-01-09 17:33:55] [INFO] | distill epoch : 1, acc 0.108
[2024-01-09 17:33:55] [INFO]  ---client 2
[2024-01-09 17:33:56] [INFO] |  local epoch  : 0, acc 0.101
[2024-01-09 17:33:57] [INFO] |  local epoch  : 1, acc 0.125
[2024-01-09 17:33:59] [INFO] | distill epoch : 0, acc 0.111
[2024-01-09 17:34:00] [INFO] | distill epoch : 1, acc 0.111
[2024-01-09 17:34:01] [INFO] |servers comunicated: 1, server aggregated: 1, acc_server 0: 0.108.
[2024-01-09 17:34:01] [INFO] --------------------------------------------------
[2024-01-09 17:34:01] [INFO]   |server: 1
[2024-01-09 17:34:01] [INFO]  ---client 3
[2024-01-09 17:34:02] [INFO] |  local epoch  : 0, acc 0.149
[2024-01-09 17:34:04] [INFO] |  local epoch  : 1, acc 0.164
[2024-01-09 17:34:05] [INFO] | distill epoch : 0, acc 0.181
[2024-01-09 17:34:06] [INFO] | distill epoch : 0, acc 0.180
[2024-01-09 17:34:08] [INFO] | distill epoch : 1, acc 0.181
[2024-01-09 17:34:09] [INFO] | distill epoch : 1, acc 0.180
[2024-01-09 17:34:09] [INFO]  ---client 4
[2024-01-09 17:34:10] [INFO] |  local epoch  : 0, acc 0.162
[2024-01-09 17:34:12] [INFO] |  local epoch  : 1, acc 0.193
[2024-01-09 17:34:13] [INFO] | distill epoch : 0, acc 0.208
[2024-01-09 17:34:14] [INFO] | distill epoch : 0, acc 0.207
[2024-01-09 17:34:15] [INFO] | distill epoch : 1, acc 0.207
[2024-01-09 17:34:17] [INFO] | distill epoch : 1, acc 0.207
[2024-01-09 17:34:17] [INFO]  ---client 5
[2024-01-09 17:34:18] [INFO] |  local epoch  : 0, acc 0.137
[2024-01-09 17:34:20] [INFO] |  local epoch  : 1, acc 0.238
[2024-01-09 17:34:21] [INFO] | distill epoch : 0, acc 0.214
[2024-01-09 17:34:22] [INFO] | distill epoch : 0, acc 0.214
[2024-01-09 17:34:23] [INFO] | distill epoch : 1, acc 0.214
[2024-01-09 17:34:24] [INFO] | distill epoch : 1, acc 0.214
[2024-01-09 17:34:25] [INFO] |servers comunicated: 1, server aggregated: 1, acc_server 1: 0.203.
[2024-01-09 17:34:25] [INFO] --------------------------------------------------
[2024-01-09 17:34:25] [INFO]   |server: 2
[2024-01-09 17:34:26] [INFO]  ---client 6
[2024-01-09 17:34:27] [INFO] |  local epoch  : 0, acc 0.133
[2024-01-09 17:34:28] [INFO] |  local epoch  : 1, acc 0.158
[2024-01-09 17:34:30] [INFO] | distill epoch : 0, acc 0.164
[2024-01-09 17:34:31] [INFO] | distill epoch : 0, acc 0.164
[2024-01-09 17:34:32] [INFO] | distill epoch : 0, acc 0.164
[2024-01-09 17:34:33] [INFO] | distill epoch : 1, acc 0.164
[2024-01-09 17:34:35] [INFO] | distill epoch : 1, acc 0.164
[2024-01-09 17:34:36] [INFO] | distill epoch : 1, acc 0.164
[2024-01-09 17:34:36] [INFO]  ---client 7
[2024-01-09 17:34:37] [INFO] |  local epoch  : 0, acc 0.101
[2024-01-09 17:34:39] [INFO] |  local epoch  : 1, acc 0.159
[2024-01-09 17:34:40] [INFO] | distill epoch : 0, acc 0.160
[2024-01-09 17:34:41] [INFO] | distill epoch : 0, acc 0.160
[2024-01-09 17:34:42] [INFO] | distill epoch : 0, acc 0.159
[2024-01-09 17:34:44] [INFO] | distill epoch : 1, acc 0.160
[2024-01-09 17:34:45] [INFO] | distill epoch : 1, acc 0.160
[2024-01-09 17:34:46] [INFO] | distill epoch : 1, acc 0.159
[2024-01-09 17:34:46] [INFO]  ---client 8
[2024-01-09 17:34:47] [INFO] |  local epoch  : 0, acc 0.116
[2024-01-09 17:34:49] [INFO] |  local epoch  : 1, acc 0.130
[2024-01-09 17:34:50] [INFO] | distill epoch : 0, acc 0.139
[2024-01-09 17:34:51] [INFO] | distill epoch : 0, acc 0.139
[2024-01-09 17:34:53] [INFO] | distill epoch : 0, acc 0.139
[2024-01-09 17:34:54] [INFO] | distill epoch : 1, acc 0.139
[2024-01-09 17:34:55] [INFO] | distill epoch : 1, acc 0.140
[2024-01-09 17:34:56] [INFO] | distill epoch : 1, acc 0.139
[2024-01-09 17:34:57] [INFO] |servers comunicated: 1, server aggregated: 1, acc_server 2: 0.136.
[2024-01-09 17:34:57] [INFO] --------------------------------------------------
[2024-01-09 17:34:57] [INFO]      ********  servers comunicates  ********      
[2024-01-09 17:34:57] [INFO] ./res/cifar10_model_3_algo_1/alpha_0.5_T_6/server_commu_2_client_commu_2_client_train_2_batch_size_160_num_all_client_9_num_all_server_3_num_client_data_1200_num_public_data_50_proportion_0.8.pt
