[2024-01-09 17:54:51] [INFO] device cuda is used.
[2024-01-09 17:54:51] [INFO] cudnn is actived.
[2024-01-09 17:54:51] [INFO] 
      alpha      :  0.5  
        T        :   6   
    algorithm    :   2   
num_server_commu :   2   
num_client_commu :   2   
num_client_train :   2   
num_public_train :   2   
   batch_size    :  160  
     dataset     : mnist 
  model_select   :   1   
 num_all_client  :   9   
 num_all_server  :   3   
 num_client_data : 1200  
 num_public_data :  50   
   proportion    :  0.8  
[2024-01-09 17:54:58] [INFO] --------------------------------------------------
[2024-01-09 17:54:58] [INFO] |epoch_server_commu: 0/2
[2024-01-09 17:54:58] [INFO]  |epoch_client_commu: 0/2
[2024-01-09 17:54:58] [INFO]   |server: 0
[2024-01-09 17:54:58] [INFO]  ---client 0
[2024-01-09 17:54:59] [INFO] |  local epoch  : 0, acc 0.098
[2024-01-09 17:55:00] [INFO] |  local epoch  : 1, acc 0.098
[2024-01-09 17:55:00] [INFO]  ---client 1
[2024-01-09 17:55:00] [INFO] |  local epoch  : 0, acc 0.098
[2024-01-09 17:55:00] [INFO] |  local epoch  : 1, acc 0.098
[2024-01-09 17:55:00] [INFO]  ---client 2
[2024-01-09 17:55:01] [INFO] |  local epoch  : 0, acc 0.098
[2024-01-09 17:55:01] [INFO] |  local epoch  : 1, acc 0.098
[2024-01-09 17:55:01] [INFO] |servers comunicated: 0, server aggregated: 0, acc_server 0: 0.098.
[2024-01-09 17:55:01] [INFO] --------------------------------------------------
[2024-01-09 17:55:01] [INFO]   |server: 1
[2024-01-09 17:55:01] [INFO]  ---client 3
[2024-01-09 17:55:02] [INFO] |  local epoch  : 0, acc 0.089
[2024-01-09 17:55:02] [INFO] |  local epoch  : 1, acc 0.089
[2024-01-09 17:55:02] [INFO]  ---client 4
[2024-01-09 17:55:02] [INFO] |  local epoch  : 0, acc 0.089
[2024-01-09 17:55:03] [INFO] |  local epoch  : 1, acc 0.089
[2024-01-09 17:55:03] [INFO]  ---client 5
[2024-01-09 17:55:03] [INFO] |  local epoch  : 0, acc 0.089
[2024-01-09 17:55:03] [INFO] |  local epoch  : 1, acc 0.089
[2024-01-09 17:55:03] [INFO] |servers comunicated: 0, server aggregated: 0, acc_server 1: 0.089.
[2024-01-09 17:55:03] [INFO] --------------------------------------------------
[2024-01-09 17:55:03] [INFO]   |server: 2
[2024-01-09 17:55:03] [INFO]  ---client 6
[2024-01-09 17:55:04] [INFO] |  local epoch  : 0, acc 0.103
[2024-01-09 17:55:04] [INFO] |  local epoch  : 1, acc 0.103
[2024-01-09 17:55:04] [INFO]  ---client 7
[2024-01-09 17:55:04] [INFO] |  local epoch  : 0, acc 0.103
[2024-01-09 17:55:05] [INFO] |  local epoch  : 1, acc 0.103
[2024-01-09 17:55:05] [INFO]  ---client 8
[2024-01-09 17:55:05] [INFO] |  local epoch  : 0, acc 0.103
[2024-01-09 17:55:05] [INFO] |  local epoch  : 1, acc 0.103
[2024-01-09 17:55:06] [INFO] |servers comunicated: 0, server aggregated: 0, acc_server 2: 0.103.
[2024-01-09 17:55:06] [INFO] --------------------------------------------------
[2024-01-09 17:55:06] [INFO]  |epoch_client_commu: 1/2
[2024-01-09 17:55:06] [INFO]   |server: 0
[2024-01-09 17:55:06] [INFO]  ---client 0
[2024-01-09 17:55:06] [INFO] |  local epoch  : 0, acc 0.098
[2024-01-09 17:55:06] [INFO] |  local epoch  : 1, acc 0.098
[2024-01-09 17:55:06] [INFO]  ---client 1
[2024-01-09 17:55:07] [INFO] |  local epoch  : 0, acc 0.098
[2024-01-09 17:55:07] [INFO] |  local epoch  : 1, acc 0.098
[2024-01-09 17:55:07] [INFO]  ---client 2
[2024-01-09 17:55:07] [INFO] |  local epoch  : 0, acc 0.098
[2024-01-09 17:55:08] [INFO] |  local epoch  : 1, acc 0.098
[2024-01-09 17:55:08] [INFO] |servers comunicated: 0, server aggregated: 1, acc_server 0: 0.098.
[2024-01-09 17:55:08] [INFO] --------------------------------------------------
[2024-01-09 17:55:08] [INFO]   |server: 1
[2024-01-09 17:55:08] [INFO]  ---client 3
[2024-01-09 17:55:08] [INFO] |  local epoch  : 0, acc 0.089
[2024-01-09 17:55:09] [INFO] |  local epoch  : 1, acc 0.089
[2024-01-09 17:55:09] [INFO]  ---client 4
[2024-01-09 17:55:09] [INFO] |  local epoch  : 0, acc 0.089
[2024-01-09 17:55:09] [INFO] |  local epoch  : 1, acc 0.089
[2024-01-09 17:55:09] [INFO]  ---client 5
[2024-01-09 17:55:10] [INFO] |  local epoch  : 0, acc 0.089
[2024-01-09 17:55:10] [INFO] |  local epoch  : 1, acc 0.089
[2024-01-09 17:55:10] [INFO] |servers comunicated: 0, server aggregated: 1, acc_server 1: 0.089.
[2024-01-09 17:55:10] [INFO] --------------------------------------------------
[2024-01-09 17:55:10] [INFO]   |server: 2
[2024-01-09 17:55:10] [INFO]  ---client 6
[2024-01-09 17:55:11] [INFO] |  local epoch  : 0, acc 0.103
[2024-01-09 17:55:11] [INFO] |  local epoch  : 1, acc 0.103
[2024-01-09 17:55:11] [INFO]  ---client 7
[2024-01-09 17:55:12] [INFO] |  local epoch  : 0, acc 0.103
[2024-01-09 17:55:12] [INFO] |  local epoch  : 1, acc 0.103
[2024-01-09 17:55:12] [INFO]  ---client 8
[2024-01-09 17:55:12] [INFO] |  local epoch  : 0, acc 0.103
[2024-01-09 17:55:13] [INFO] |  local epoch  : 1, acc 0.103
[2024-01-09 17:55:13] [INFO] |servers comunicated: 0, server aggregated: 1, acc_server 2: 0.103.
[2024-01-09 17:55:13] [INFO] --------------------------------------------------
[2024-01-09 17:55:13] [INFO]      ********  servers comunicates  ********      
[2024-01-09 17:55:13] [INFO] --------------------------------------------------
[2024-01-09 17:55:13] [INFO] |epoch_server_commu: 1/2
[2024-01-09 17:55:13] [INFO]  |epoch_client_commu: 0/2
[2024-01-09 17:55:13] [INFO]   |server: 0
[2024-01-09 17:55:13] [INFO]  ---client 0
[2024-01-09 17:55:13] [INFO] |  local epoch  : 0, acc 0.098
[2024-01-09 17:55:13] [INFO] |  local epoch  : 1, acc 0.098
[2024-01-09 17:55:13] [INFO]  ---client 1
[2024-01-09 17:55:14] [INFO] |  local epoch  : 0, acc 0.098
[2024-01-09 17:55:14] [INFO] |  local epoch  : 1, acc 0.098
[2024-01-09 17:55:14] [INFO]  ---client 2
[2024-01-09 17:55:15] [INFO] |  local epoch  : 0, acc 0.098
[2024-01-09 17:55:15] [INFO] |  local epoch  : 1, acc 0.098
[2024-01-09 17:55:15] [INFO] |servers comunicated: 1, server aggregated: 0, acc_server 0: 0.098.
[2024-01-09 17:55:15] [INFO] --------------------------------------------------
[2024-01-09 17:55:15] [INFO]   |server: 1
[2024-01-09 17:55:15] [INFO]  ---client 3
[2024-01-09 17:55:15] [INFO] |  local epoch  : 0, acc 0.089
[2024-01-09 17:55:16] [INFO] |  local epoch  : 1, acc 0.089
[2024-01-09 17:55:16] [INFO]  ---client 4
[2024-01-09 17:55:16] [INFO] |  local epoch  : 0, acc 0.089
[2024-01-09 17:55:17] [INFO] |  local epoch  : 1, acc 0.089
[2024-01-09 17:55:17] [INFO]  ---client 5
[2024-01-09 17:55:17] [INFO] |  local epoch  : 0, acc 0.089
[2024-01-09 17:55:17] [INFO] |  local epoch  : 1, acc 0.089
[2024-01-09 17:55:18] [INFO] |servers comunicated: 1, server aggregated: 0, acc_server 1: 0.089.
[2024-01-09 17:55:18] [INFO] --------------------------------------------------
[2024-01-09 17:55:18] [INFO]   |server: 2
[2024-01-09 17:55:18] [INFO]  ---client 6
[2024-01-09 17:55:18] [INFO] |  local epoch  : 0, acc 0.103
[2024-01-09 17:55:18] [INFO] |  local epoch  : 1, acc 0.103
[2024-01-09 17:55:18] [INFO]  ---client 7
[2024-01-09 17:55:19] [INFO] |  local epoch  : 0, acc 0.103
[2024-01-09 17:55:19] [INFO] |  local epoch  : 1, acc 0.103
[2024-01-09 17:55:19] [INFO]  ---client 8
[2024-01-09 17:55:19] [INFO] |  local epoch  : 0, acc 0.103
[2024-01-09 17:55:20] [INFO] |  local epoch  : 1, acc 0.103
[2024-01-09 17:55:20] [INFO] |servers comunicated: 1, server aggregated: 0, acc_server 2: 0.103.
[2024-01-09 17:55:20] [INFO] --------------------------------------------------
[2024-01-09 17:55:20] [INFO]  |epoch_client_commu: 1/2
[2024-01-09 17:55:20] [INFO]   |server: 0
[2024-01-09 17:55:20] [INFO]  ---client 0
[2024-01-09 17:55:20] [INFO] |  local epoch  : 0, acc 0.098
[2024-01-09 17:55:21] [INFO] |  local epoch  : 1, acc 0.098
[2024-01-09 17:55:21] [INFO]  ---client 1
[2024-01-09 17:55:21] [INFO] |  local epoch  : 0, acc 0.098
[2024-01-09 17:55:21] [INFO] |  local epoch  : 1, acc 0.098
[2024-01-09 17:55:21] [INFO]  ---client 2
[2024-01-09 17:55:22] [INFO] |  local epoch  : 0, acc 0.098
[2024-01-09 17:55:22] [INFO] |  local epoch  : 1, acc 0.098
[2024-01-09 17:55:23] [INFO] |servers comunicated: 1, server aggregated: 1, acc_server 0: 0.098.
[2024-01-09 17:55:23] [INFO] --------------------------------------------------
[2024-01-09 17:55:23] [INFO]   |server: 1
[2024-01-09 17:55:23] [INFO]  ---client 3
[2024-01-09 17:55:23] [INFO] |  local epoch  : 0, acc 0.089
[2024-01-09 17:55:23] [INFO] |  local epoch  : 1, acc 0.089
[2024-01-09 17:55:23] [INFO]  ---client 4
[2024-01-09 17:55:24] [INFO] |  local epoch  : 0, acc 0.089
[2024-01-09 17:55:24] [INFO] |  local epoch  : 1, acc 0.089
[2024-01-09 17:55:24] [INFO]  ---client 5
[2024-01-09 17:55:24] [INFO] |  local epoch  : 0, acc 0.089
[2024-01-09 17:55:25] [INFO] |  local epoch  : 1, acc 0.089
[2024-01-09 17:55:25] [INFO] |servers comunicated: 1, server aggregated: 1, acc_server 1: 0.089.
[2024-01-09 17:55:25] [INFO] --------------------------------------------------
[2024-01-09 17:55:25] [INFO]   |server: 2
[2024-01-09 17:55:25] [INFO]  ---client 6
[2024-01-09 17:55:25] [INFO] |  local epoch  : 0, acc 0.103
[2024-01-09 17:55:25] [INFO] |  local epoch  : 1, acc 0.103
[2024-01-09 17:55:25] [INFO]  ---client 7
[2024-01-09 17:55:26] [INFO] |  local epoch  : 0, acc 0.103
[2024-01-09 17:55:26] [INFO] |  local epoch  : 1, acc 0.103
[2024-01-09 17:55:26] [INFO]  ---client 8
[2024-01-09 17:55:27] [INFO] |  local epoch  : 0, acc 0.103
[2024-01-09 17:55:27] [INFO] |  local epoch  : 1, acc 0.103
[2024-01-09 17:55:27] [INFO] |servers comunicated: 1, server aggregated: 1, acc_server 2: 0.103.
[2024-01-09 17:55:27] [INFO] --------------------------------------------------
[2024-01-09 17:55:27] [INFO]      ********  servers comunicates  ********      
[2024-01-09 17:55:27] [INFO] ./res/mnist_model_1_algo_2/alpha_0.5_T_6/server_commu_2_client_commu_2_client_train_2_batch_size_160_num_all_client_9_num_all_server_3_num_client_data_1200_num_public_data_50_proportion_0.8.pt
