[2024-01-09 17:54:02] [INFO] device cuda is used.
[2024-01-09 17:54:02] [INFO] cudnn is actived.
[2024-01-09 17:54:02] [INFO] 
      alpha      :  0.5  
        T        :   6   
    algorithm    :   2   
num_server_commu :   2   
num_client_commu :   2   
num_client_train :   2   
num_public_train :   2   
   batch_size    :  160  
     dataset     : mnist 
  model_select   :   1   
 num_all_client  :   9   
 num_all_server  :   3   
 num_client_data : 1200  
 num_public_data :  50   
   proportion    :  0.8  
[2024-01-09 17:54:09] [INFO] --------------------------------------------------
[2024-01-09 17:54:09] [INFO] |epoch_server_commu: 0/2
[2024-01-09 17:54:09] [INFO]  |epoch_client_commu: 0/2
[2024-01-09 17:54:09] [INFO]   |server: 0
[2024-01-09 17:54:09] [INFO]  ---client 0
[2024-01-09 17:54:10] [INFO] |  local epoch  : 0, acc 0.113
[2024-01-09 17:54:10] [INFO] |  local epoch  : 1, acc 0.113
[2024-01-09 17:54:10] [INFO]  ---client 1
[2024-01-09 17:54:11] [INFO] |  local epoch  : 0, acc 0.113
[2024-01-09 17:54:11] [INFO] |  local epoch  : 1, acc 0.113
[2024-01-09 17:54:11] [INFO]  ---client 2
[2024-01-09 17:54:11] [INFO] |  local epoch  : 0, acc 0.113
[2024-01-09 17:54:12] [INFO] |  local epoch  : 1, acc 0.113
[2024-01-09 17:54:12] [INFO] |servers comunicated: 0, server aggregated: 0, acc_server 0: 0.113.
[2024-01-09 17:54:12] [INFO] --------------------------------------------------
[2024-01-09 17:54:12] [INFO]   |server: 1
[2024-01-09 17:54:12] [INFO]  ---client 3
[2024-01-09 17:54:13] [INFO] |  local epoch  : 0, acc 0.101
[2024-01-09 17:54:13] [INFO] |  local epoch  : 1, acc 0.101
[2024-01-09 17:54:13] [INFO]  ---client 4
[2024-01-09 17:54:14] [INFO] |  local epoch  : 0, acc 0.101
[2024-01-09 17:54:14] [INFO] |  local epoch  : 1, acc 0.101
[2024-01-09 17:54:14] [INFO]  ---client 5
[2024-01-09 17:54:14] [INFO] |  local epoch  : 0, acc 0.101
[2024-01-09 17:54:15] [INFO] |  local epoch  : 1, acc 0.101
[2024-01-09 17:54:15] [INFO] |servers comunicated: 0, server aggregated: 0, acc_server 1: 0.101.
[2024-01-09 17:54:15] [INFO] --------------------------------------------------
[2024-01-09 17:54:15] [INFO]   |server: 2
[2024-01-09 17:54:15] [INFO]  ---client 6
[2024-01-09 17:54:15] [INFO] |  local epoch  : 0, acc 0.089
[2024-01-09 17:54:16] [INFO] |  local epoch  : 1, acc 0.089
[2024-01-09 17:54:16] [INFO]  ---client 7
[2024-01-09 17:54:16] [INFO] |  local epoch  : 0, acc 0.089
[2024-01-09 17:54:17] [INFO] |  local epoch  : 1, acc 0.089
[2024-01-09 17:54:17] [INFO]  ---client 8
[2024-01-09 17:54:17] [INFO] |  local epoch  : 0, acc 0.089
[2024-01-09 17:54:17] [INFO] |  local epoch  : 1, acc 0.089
[2024-01-09 17:54:18] [INFO] |servers comunicated: 0, server aggregated: 0, acc_server 2: 0.089.
[2024-01-09 17:54:18] [INFO] --------------------------------------------------
[2024-01-09 17:54:18] [INFO]  |epoch_client_commu: 1/2
[2024-01-09 17:54:18] [INFO]   |server: 0
[2024-01-09 17:54:18] [INFO]  ---client 0
[2024-01-09 17:54:18] [INFO] |  local epoch  : 0, acc 0.113
[2024-01-09 17:54:18] [INFO] |  local epoch  : 1, acc 0.113
[2024-01-09 17:54:18] [INFO]  ---client 1
[2024-01-09 17:54:19] [INFO] |  local epoch  : 0, acc 0.113
[2024-01-09 17:54:19] [INFO] |  local epoch  : 1, acc 0.113
[2024-01-09 17:54:19] [INFO]  ---client 2
[2024-01-09 17:54:20] [INFO] |  local epoch  : 0, acc 0.113
[2024-01-09 17:54:20] [INFO] |  local epoch  : 1, acc 0.113
[2024-01-09 17:54:20] [INFO] |servers comunicated: 0, server aggregated: 1, acc_server 0: 0.113.
[2024-01-09 17:54:20] [INFO] --------------------------------------------------
[2024-01-09 17:54:20] [INFO]   |server: 1
[2024-01-09 17:54:20] [INFO]  ---client 3
[2024-01-09 17:54:21] [INFO] |  local epoch  : 0, acc 0.101
[2024-01-09 17:54:21] [INFO] |  local epoch  : 1, acc 0.101
[2024-01-09 17:54:21] [INFO]  ---client 4
[2024-01-09 17:54:22] [INFO] |  local epoch  : 0, acc 0.101
[2024-01-09 17:54:22] [INFO] |  local epoch  : 1, acc 0.101
[2024-01-09 17:54:22] [INFO]  ---client 5
[2024-01-09 17:54:22] [INFO] |  local epoch  : 0, acc 0.101
[2024-01-09 17:54:23] [INFO] |  local epoch  : 1, acc 0.101
[2024-01-09 17:54:23] [INFO] |servers comunicated: 0, server aggregated: 1, acc_server 1: 0.101.
[2024-01-09 17:54:23] [INFO] --------------------------------------------------
[2024-01-09 17:54:23] [INFO]   |server: 2
[2024-01-09 17:54:23] [INFO]  ---client 6
[2024-01-09 17:54:23] [INFO] |  local epoch  : 0, acc 0.089
[2024-01-09 17:54:24] [INFO] |  local epoch  : 1, acc 0.089
[2024-01-09 17:54:24] [INFO]  ---client 7
[2024-01-09 17:54:24] [INFO] |  local epoch  : 0, acc 0.089
[2024-01-09 17:54:25] [INFO] |  local epoch  : 1, acc 0.089
[2024-01-09 17:54:25] [INFO]  ---client 8
[2024-01-09 17:54:25] [INFO] |  local epoch  : 0, acc 0.089
[2024-01-09 17:54:25] [INFO] |  local epoch  : 1, acc 0.089
[2024-01-09 17:54:26] [INFO] |servers comunicated: 0, server aggregated: 1, acc_server 2: 0.089.
[2024-01-09 17:54:26] [INFO] --------------------------------------------------
[2024-01-09 17:54:26] [INFO]      ********  servers comunicates  ********      
[2024-01-09 17:54:26] [INFO] --------------------------------------------------
[2024-01-09 17:54:26] [INFO] |epoch_server_commu: 1/2
[2024-01-09 17:54:26] [INFO]  |epoch_client_commu: 0/2
[2024-01-09 17:54:26] [INFO]   |server: 0
[2024-01-09 17:54:26] [INFO]  ---client 0
[2024-01-09 17:54:26] [INFO] |  local epoch  : 0, acc 0.113
[2024-01-09 17:54:26] [INFO] |  local epoch  : 1, acc 0.113
[2024-01-09 17:54:26] [INFO]  ---client 1
[2024-01-09 17:54:27] [INFO] |  local epoch  : 0, acc 0.113
[2024-01-09 17:54:27] [INFO] |  local epoch  : 1, acc 0.113
[2024-01-09 17:54:27] [INFO]  ---client 2
[2024-01-09 17:54:28] [INFO] |  local epoch  : 0, acc 0.113
[2024-01-09 17:54:28] [INFO] |  local epoch  : 1, acc 0.113
[2024-01-09 17:54:28] [INFO] |servers comunicated: 1, server aggregated: 0, acc_server 0: 0.113.
[2024-01-09 17:54:28] [INFO] --------------------------------------------------
[2024-01-09 17:54:28] [INFO]   |server: 1
[2024-01-09 17:54:28] [INFO]  ---client 3
[2024-01-09 17:54:29] [INFO] |  local epoch  : 0, acc 0.101
[2024-01-09 17:54:29] [INFO] |  local epoch  : 1, acc 0.101
[2024-01-09 17:54:29] [INFO]  ---client 4
[2024-01-09 17:54:29] [INFO] |  local epoch  : 0, acc 0.101
[2024-01-09 17:54:30] [INFO] |  local epoch  : 1, acc 0.101
[2024-01-09 17:54:30] [INFO]  ---client 5
[2024-01-09 17:54:30] [INFO] |  local epoch  : 0, acc 0.101
[2024-01-09 17:54:31] [INFO] |  local epoch  : 1, acc 0.101
[2024-01-09 17:54:31] [INFO] |servers comunicated: 1, server aggregated: 0, acc_server 1: 0.101.
[2024-01-09 17:54:31] [INFO] --------------------------------------------------
[2024-01-09 17:54:31] [INFO]   |server: 2
[2024-01-09 17:54:31] [INFO]  ---client 6
[2024-01-09 17:54:31] [INFO] |  local epoch  : 0, acc 0.089
[2024-01-09 17:54:32] [INFO] |  local epoch  : 1, acc 0.089
[2024-01-09 17:54:32] [INFO]  ---client 7
[2024-01-09 17:54:32] [INFO] |  local epoch  : 0, acc 0.089
[2024-01-09 17:54:33] [INFO] |  local epoch  : 1, acc 0.089
[2024-01-09 17:54:33] [INFO]  ---client 8
[2024-01-09 17:54:33] [INFO] |  local epoch  : 0, acc 0.089
[2024-01-09 17:54:33] [INFO] |  local epoch  : 1, acc 0.089
[2024-01-09 17:54:34] [INFO] |servers comunicated: 1, server aggregated: 0, acc_server 2: 0.089.
[2024-01-09 17:54:34] [INFO] --------------------------------------------------
[2024-01-09 17:54:34] [INFO]  |epoch_client_commu: 1/2
[2024-01-09 17:54:34] [INFO]   |server: 0
[2024-01-09 17:54:34] [INFO]  ---client 0
[2024-01-09 17:54:34] [INFO] |  local epoch  : 0, acc 0.113
[2024-01-09 17:54:34] [INFO] |  local epoch  : 1, acc 0.113
[2024-01-09 17:54:34] [INFO]  ---client 1
[2024-01-09 17:54:35] [INFO] |  local epoch  : 0, acc 0.113
[2024-01-09 17:54:35] [INFO] |  local epoch  : 1, acc 0.113
[2024-01-09 17:54:35] [INFO]  ---client 2
[2024-01-09 17:54:36] [INFO] |  local epoch  : 0, acc 0.113
[2024-01-09 17:54:36] [INFO] |  local epoch  : 1, acc 0.113
[2024-01-09 17:54:36] [INFO] |servers comunicated: 1, server aggregated: 1, acc_server 0: 0.113.
[2024-01-09 17:54:36] [INFO] --------------------------------------------------
[2024-01-09 17:54:36] [INFO]   |server: 1
[2024-01-09 17:54:36] [INFO]  ---client 3
[2024-01-09 17:54:37] [INFO] |  local epoch  : 0, acc 0.101
[2024-01-09 17:54:37] [INFO] |  local epoch  : 1, acc 0.101
[2024-01-09 17:54:37] [INFO]  ---client 4
[2024-01-09 17:54:37] [INFO] |  local epoch  : 0, acc 0.101
[2024-01-09 17:54:38] [INFO] |  local epoch  : 1, acc 0.101
[2024-01-09 17:54:38] [INFO]  ---client 5
[2024-01-09 17:54:38] [INFO] |  local epoch  : 0, acc 0.101
[2024-01-09 17:54:39] [INFO] |  local epoch  : 1, acc 0.101
[2024-01-09 17:54:39] [INFO] |servers comunicated: 1, server aggregated: 1, acc_server 1: 0.101.
[2024-01-09 17:54:39] [INFO] --------------------------------------------------
[2024-01-09 17:54:39] [INFO]   |server: 2
[2024-01-09 17:54:39] [INFO]  ---client 6
[2024-01-09 17:54:39] [INFO] |  local epoch  : 0, acc 0.089
[2024-01-09 17:54:40] [INFO] |  local epoch  : 1, acc 0.089
[2024-01-09 17:54:40] [INFO]  ---client 7
[2024-01-09 17:54:40] [INFO] |  local epoch  : 0, acc 0.089
[2024-01-09 17:54:41] [INFO] |  local epoch  : 1, acc 0.089
[2024-01-09 17:54:41] [INFO]  ---client 8
[2024-01-09 17:54:41] [INFO] |  local epoch  : 0, acc 0.089
[2024-01-09 17:54:41] [INFO] |  local epoch  : 1, acc 0.089
[2024-01-09 17:54:42] [INFO] |servers comunicated: 1, server aggregated: 1, acc_server 2: 0.089.
[2024-01-09 17:54:42] [INFO] --------------------------------------------------
[2024-01-09 17:54:42] [INFO]      ********  servers comunicates  ********      
[2024-01-09 17:54:42] [INFO] ./res/mnist_model_1_algo_2/alpha_0.5_T_6/server_commu_2_client_commu_2_client_train_2_batch_size_160_num_all_client_9_num_all_server_3_num_client_data_1200_num_public_data_50_proportion_0.8.pt
