[2024-01-09 17:56:03] [INFO] device cuda is used.
[2024-01-09 17:56:03] [INFO] cudnn is actived.
[2024-01-09 17:56:03] [INFO] 
      alpha      :  0.5  
        T        :   6   
    algorithm    :   2   
num_server_commu :   2   
num_client_commu :   2   
num_client_train :  10   
num_public_train :   2   
   batch_size    :  160  
     dataset     : mnist 
  model_select   :   1   
 num_all_client  :   9   
 num_all_server  :   3   
 num_client_data : 1200  
 num_public_data :  50   
   proportion    :  0.8  
[2024-01-09 17:56:10] [INFO] --------------------------------------------------
[2024-01-09 17:56:10] [INFO] |epoch_server_commu: 0/2
[2024-01-09 17:56:10] [INFO]  |epoch_client_commu: 0/2
[2024-01-09 17:56:10] [INFO]   |server: 0
[2024-01-09 17:56:10] [INFO]  ---client 0
[2024-01-09 17:56:11] [INFO] |  local epoch  : 0, acc 0.101
[2024-01-09 17:56:12] [INFO] |  local epoch  : 1, acc 0.101
[2024-01-09 17:56:12] [INFO] |  local epoch  : 2, acc 0.101
[2024-01-09 17:56:12] [INFO] |  local epoch  : 3, acc 0.101
[2024-01-09 17:56:12] [INFO] |  local epoch  : 4, acc 0.101
[2024-01-09 17:56:13] [INFO] |  local epoch  : 5, acc 0.101
[2024-01-09 17:56:13] [INFO] |  local epoch  : 6, acc 0.101
[2024-01-09 17:56:13] [INFO] |  local epoch  : 7, acc 0.101
[2024-01-09 17:56:13] [INFO] |  local epoch  : 8, acc 0.101
[2024-01-09 17:56:14] [INFO] |  local epoch  : 9, acc 0.109
[2024-01-09 17:56:14] [INFO]  ---client 1
[2024-01-09 17:56:14] [INFO] |  local epoch  : 0, acc 0.101
[2024-01-09 17:56:14] [INFO] |  local epoch  : 1, acc 0.101
[2024-01-09 17:56:15] [INFO] |  local epoch  : 2, acc 0.101
[2024-01-09 17:56:15] [INFO] |  local epoch  : 3, acc 0.101
[2024-01-09 17:56:15] [INFO] |  local epoch  : 4, acc 0.101
[2024-01-09 17:56:16] [INFO] |  local epoch  : 5, acc 0.101
[2024-01-09 17:56:16] [INFO] |  local epoch  : 6, acc 0.101
[2024-01-09 17:56:16] [INFO] |  local epoch  : 7, acc 0.101
[2024-01-09 17:56:16] [INFO] |  local epoch  : 8, acc 0.101
[2024-01-09 17:56:17] [INFO] |  local epoch  : 9, acc 0.101
[2024-01-09 17:56:17] [INFO]  ---client 2
[2024-01-09 17:56:17] [INFO] |  local epoch  : 0, acc 0.101
[2024-01-09 17:56:17] [INFO] |  local epoch  : 1, acc 0.101
[2024-01-09 17:56:18] [INFO] |  local epoch  : 2, acc 0.101
[2024-01-09 17:56:18] [INFO] |  local epoch  : 3, acc 0.101
[2024-01-09 17:56:18] [INFO] |  local epoch  : 4, acc 0.101
[2024-01-09 17:56:18] [INFO] |  local epoch  : 5, acc 0.101
[2024-01-09 17:56:19] [INFO] |  local epoch  : 6, acc 0.101
[2024-01-09 17:56:19] [INFO] |  local epoch  : 7, acc 0.101
[2024-01-09 17:56:19] [INFO] |  local epoch  : 8, acc 0.101
[2024-01-09 17:56:20] [INFO] |  local epoch  : 9, acc 0.101
[2024-01-09 17:56:20] [INFO] |servers comunicated: 0, server aggregated: 0, acc_server 0: 0.101.
[2024-01-09 17:56:20] [INFO] --------------------------------------------------
[2024-01-09 17:56:20] [INFO]   |server: 1
[2024-01-09 17:56:20] [INFO]  ---client 3
[2024-01-09 17:56:20] [INFO] |  local epoch  : 0, acc 0.103
[2024-01-09 17:56:20] [INFO] |  local epoch  : 1, acc 0.103
[2024-01-09 17:56:21] [INFO] |  local epoch  : 2, acc 0.103
[2024-01-09 17:56:21] [INFO] |  local epoch  : 3, acc 0.103
[2024-01-09 17:56:21] [INFO] |  local epoch  : 4, acc 0.103
[2024-01-09 17:56:21] [INFO] |  local epoch  : 5, acc 0.103
[2024-01-09 17:56:22] [INFO] |  local epoch  : 6, acc 0.103
[2024-01-09 17:56:22] [INFO] |  local epoch  : 7, acc 0.103
[2024-01-09 17:56:22] [INFO] |  local epoch  : 8, acc 0.103
[2024-01-09 17:56:23] [INFO] |  local epoch  : 9, acc 0.172
[2024-01-09 17:56:23] [INFO]  ---client 4
[2024-01-09 17:56:23] [INFO] |  local epoch  : 0, acc 0.103
[2024-01-09 17:56:23] [INFO] |  local epoch  : 1, acc 0.103
[2024-01-09 17:56:23] [INFO] |  local epoch  : 2, acc 0.103
[2024-01-09 17:56:24] [INFO] |  local epoch  : 3, acc 0.103
[2024-01-09 17:56:24] [INFO] |  local epoch  : 4, acc 0.103
[2024-01-09 17:56:24] [INFO] |  local epoch  : 5, acc 0.103
[2024-01-09 17:56:25] [INFO] |  local epoch  : 6, acc 0.103
[2024-01-09 17:56:25] [INFO] |  local epoch  : 7, acc 0.103
[2024-01-09 17:56:25] [INFO] |  local epoch  : 8, acc 0.103
[2024-01-09 17:56:25] [INFO] |  local epoch  : 9, acc 0.117
[2024-01-09 17:56:26] [INFO]  ---client 5
[2024-01-09 17:56:26] [INFO] |  local epoch  : 0, acc 0.103
[2024-01-09 17:56:26] [INFO] |  local epoch  : 1, acc 0.103
[2024-01-09 17:56:26] [INFO] |  local epoch  : 2, acc 0.103
[2024-01-09 17:56:27] [INFO] |  local epoch  : 3, acc 0.103
[2024-01-09 17:56:27] [INFO] |  local epoch  : 4, acc 0.103
[2024-01-09 17:56:27] [INFO] |  local epoch  : 5, acc 0.103
[2024-01-09 17:56:28] [INFO] |  local epoch  : 6, acc 0.103
[2024-01-09 17:56:28] [INFO] |  local epoch  : 7, acc 0.103
[2024-01-09 17:56:28] [INFO] |  local epoch  : 8, acc 0.103
[2024-01-09 17:56:28] [INFO] |  local epoch  : 9, acc 0.139
[2024-01-09 17:56:29] [INFO] |servers comunicated: 0, server aggregated: 0, acc_server 1: 0.135.
[2024-01-09 17:56:29] [INFO] --------------------------------------------------
[2024-01-09 17:56:29] [INFO]   |server: 2
[2024-01-09 17:56:29] [INFO]  ---client 6
[2024-01-09 17:56:29] [INFO] |  local epoch  : 0, acc 0.098
[2024-01-09 17:56:29] [INFO] |  local epoch  : 1, acc 0.098
[2024-01-09 17:56:29] [INFO] |  local epoch  : 2, acc 0.098
[2024-01-09 17:56:30] [INFO] |  local epoch  : 3, acc 0.098
[2024-01-09 17:56:30] [INFO] |  local epoch  : 4, acc 0.098
[2024-01-09 17:56:30] [INFO] |  local epoch  : 5, acc 0.098
[2024-01-09 17:56:31] [INFO] |  local epoch  : 6, acc 0.098
[2024-01-09 17:56:31] [INFO] |  local epoch  : 7, acc 0.098
[2024-01-09 17:56:31] [INFO] |  local epoch  : 8, acc 0.098
[2024-01-09 17:56:31] [INFO] |  local epoch  : 9, acc 0.098
[2024-01-09 17:56:31] [INFO]  ---client 7
[2024-01-09 17:56:32] [INFO] |  local epoch  : 0, acc 0.098
[2024-01-09 17:56:32] [INFO] |  local epoch  : 1, acc 0.098
[2024-01-09 17:56:32] [INFO] |  local epoch  : 2, acc 0.098
[2024-01-09 17:56:33] [INFO] |  local epoch  : 3, acc 0.098
[2024-01-09 17:56:33] [INFO] |  local epoch  : 4, acc 0.098
[2024-01-09 17:56:33] [INFO] |  local epoch  : 5, acc 0.098
[2024-01-09 17:56:34] [INFO] |  local epoch  : 6, acc 0.098
[2024-01-09 17:56:34] [INFO] |  local epoch  : 7, acc 0.098
[2024-01-09 17:56:34] [INFO] |  local epoch  : 8, acc 0.110
[2024-01-09 17:56:34] [INFO] |  local epoch  : 9, acc 0.134
[2024-01-09 17:56:34] [INFO]  ---client 8
[2024-01-09 17:56:35] [INFO] |  local epoch  : 0, acc 0.098
[2024-01-09 17:56:35] [INFO] |  local epoch  : 1, acc 0.098
[2024-01-09 17:56:35] [INFO] |  local epoch  : 2, acc 0.098
[2024-01-09 17:56:35] [INFO] |  local epoch  : 3, acc 0.098
[2024-01-09 17:56:36] [INFO] |  local epoch  : 4, acc 0.098
[2024-01-09 17:56:36] [INFO] |  local epoch  : 5, acc 0.098
[2024-01-09 17:56:36] [INFO] |  local epoch  : 6, acc 0.098
[2024-01-09 17:56:37] [INFO] |  local epoch  : 7, acc 0.098
[2024-01-09 17:56:37] [INFO] |  local epoch  : 8, acc 0.098
[2024-01-09 17:56:37] [INFO] |  local epoch  : 9, acc 0.147
[2024-01-09 17:56:37] [INFO] |servers comunicated: 0, server aggregated: 0, acc_server 2: 0.103.
[2024-01-09 17:56:37] [INFO] --------------------------------------------------
[2024-01-09 17:56:37] [INFO]  |epoch_client_commu: 1/2
[2024-01-09 17:56:37] [INFO]   |server: 0
[2024-01-09 17:56:37] [INFO]  ---client 0
[2024-01-09 17:56:38] [INFO] |  local epoch  : 0, acc 0.104
[2024-01-09 17:56:38] [INFO] |  local epoch  : 1, acc 0.159
[2024-01-09 17:56:38] [INFO] |  local epoch  : 2, acc 0.190
[2024-01-09 17:56:39] [INFO] |  local epoch  : 3, acc 0.280
[2024-01-09 17:56:39] [INFO] |  local epoch  : 4, acc 0.331
[2024-01-09 17:56:39] [INFO] |  local epoch  : 5, acc 0.484
[2024-01-09 17:56:39] [INFO] |  local epoch  : 6, acc 0.520
[2024-01-09 17:56:40] [INFO] |  local epoch  : 7, acc 0.617
[2024-01-09 17:56:40] [INFO] |  local epoch  : 8, acc 0.614
[2024-01-09 17:56:40] [INFO] |  local epoch  : 9, acc 0.616
[2024-01-09 17:56:40] [INFO]  ---client 1
[2024-01-09 17:56:41] [INFO] |  local epoch  : 0, acc 0.116
[2024-01-09 17:56:41] [INFO] |  local epoch  : 1, acc 0.134
[2024-01-09 17:56:41] [INFO] |  local epoch  : 2, acc 0.223
[2024-01-09 17:56:42] [INFO] |  local epoch  : 3, acc 0.355
[2024-01-09 17:56:42] [INFO] |  local epoch  : 4, acc 0.354
[2024-01-09 17:56:42] [INFO] |  local epoch  : 5, acc 0.344
[2024-01-09 17:56:42] [INFO] |  local epoch  : 6, acc 0.469
[2024-01-09 17:56:43] [INFO] |  local epoch  : 7, acc 0.469
[2024-01-09 17:56:43] [INFO] |  local epoch  : 8, acc 0.488
[2024-01-09 17:56:43] [INFO] |  local epoch  : 9, acc 0.445
[2024-01-09 17:56:43] [INFO]  ---client 2
[2024-01-09 17:56:44] [INFO] |  local epoch  : 0, acc 0.110
[2024-01-09 17:56:44] [INFO] |  local epoch  : 1, acc 0.154
[2024-01-09 17:56:44] [INFO] |  local epoch  : 2, acc 0.183
[2024-01-09 17:56:45] [INFO] |  local epoch  : 3, acc 0.248
[2024-01-09 17:56:45] [INFO] |  local epoch  : 4, acc 0.297
[2024-01-09 17:56:45] [INFO] |  local epoch  : 5, acc 0.344
[2024-01-09 17:56:45] [INFO] |  local epoch  : 6, acc 0.411
[2024-01-09 17:56:46] [INFO] |  local epoch  : 7, acc 0.459
[2024-01-09 17:56:46] [INFO] |  local epoch  : 8, acc 0.457
[2024-01-09 17:56:46] [INFO] |  local epoch  : 9, acc 0.572
[2024-01-09 17:56:47] [INFO] |servers comunicated: 0, server aggregated: 1, acc_server 0: 0.541.
[2024-01-09 17:56:47] [INFO] --------------------------------------------------
[2024-01-09 17:56:47] [INFO]   |server: 1
[2024-01-09 17:56:47] [INFO]  ---client 3
[2024-01-09 17:56:47] [INFO] |  local epoch  : 0, acc 0.239
[2024-01-09 17:56:47] [INFO] |  local epoch  : 1, acc 0.257
[2024-01-09 17:56:47] [INFO] |  local epoch  : 2, acc 0.357
[2024-01-09 17:56:48] [INFO] |  local epoch  : 3, acc 0.373
[2024-01-09 17:56:48] [INFO] |  local epoch  : 4, acc 0.421
[2024-01-09 17:56:48] [INFO] |  local epoch  : 5, acc 0.454
[2024-01-09 17:56:49] [INFO] |  local epoch  : 6, acc 0.525
[2024-01-09 17:56:49] [INFO] |  local epoch  : 7, acc 0.621
[2024-01-09 17:56:49] [INFO] |  local epoch  : 8, acc 0.595
[2024-01-09 17:56:49] [INFO] |  local epoch  : 9, acc 0.618
[2024-01-09 17:56:49] [INFO]  ---client 4
[2024-01-09 17:56:50] [INFO] |  local epoch  : 0, acc 0.226
[2024-01-09 17:56:50] [INFO] |  local epoch  : 1, acc 0.300
[2024-01-09 17:56:50] [INFO] |  local epoch  : 2, acc 0.339
[2024-01-09 17:56:51] [INFO] |  local epoch  : 3, acc 0.405
[2024-01-09 17:56:51] [INFO] |  local epoch  : 4, acc 0.416
[2024-01-09 17:56:51] [INFO] |  local epoch  : 5, acc 0.441
[2024-01-09 17:56:51] [INFO] |  local epoch  : 6, acc 0.481
[2024-01-09 17:56:52] [INFO] |  local epoch  : 7, acc 0.500
[2024-01-09 17:56:52] [INFO] |  local epoch  : 8, acc 0.534
[2024-01-09 17:56:52] [INFO] |  local epoch  : 9, acc 0.595
[2024-01-09 17:56:52] [INFO]  ---client 5
[2024-01-09 17:56:53] [INFO] |  local epoch  : 0, acc 0.241
[2024-01-09 17:56:53] [INFO] |  local epoch  : 1, acc 0.262
[2024-01-09 17:56:53] [INFO] |  local epoch  : 2, acc 0.334
[2024-01-09 17:56:53] [INFO] |  local epoch  : 3, acc 0.411
[2024-01-09 17:56:54] [INFO] |  local epoch  : 4, acc 0.534
[2024-01-09 17:56:54] [INFO] |  local epoch  : 5, acc 0.559
[2024-01-09 17:56:54] [INFO] |  local epoch  : 6, acc 0.577
[2024-01-09 17:56:55] [INFO] |  local epoch  : 7, acc 0.549
[2024-01-09 17:56:55] [INFO] |  local epoch  : 8, acc 0.595
[2024-01-09 17:56:55] [INFO] |  local epoch  : 9, acc 0.586
[2024-01-09 17:56:55] [INFO] |servers comunicated: 0, server aggregated: 1, acc_server 1: 0.620.
[2024-01-09 17:56:55] [INFO] --------------------------------------------------
[2024-01-09 17:56:55] [INFO]   |server: 2
[2024-01-09 17:56:55] [INFO]  ---client 6
[2024-01-09 17:56:56] [INFO] |  local epoch  : 0, acc 0.159
[2024-01-09 17:56:56] [INFO] |  local epoch  : 1, acc 0.314
[2024-01-09 17:56:56] [INFO] |  local epoch  : 2, acc 0.373
[2024-01-09 17:56:57] [INFO] |  local epoch  : 3, acc 0.399
[2024-01-09 17:56:57] [INFO] |  local epoch  : 4, acc 0.498
[2024-01-09 17:56:57] [INFO] |  local epoch  : 5, acc 0.520
[2024-01-09 17:56:57] [INFO] |  local epoch  : 6, acc 0.623
[2024-01-09 17:56:58] [INFO] |  local epoch  : 7, acc 0.540
[2024-01-09 17:56:58] [INFO] |  local epoch  : 8, acc 0.661
[2024-01-09 17:56:58] [INFO] |  local epoch  : 9, acc 0.655
[2024-01-09 17:56:58] [INFO]  ---client 7
[2024-01-09 17:56:59] [INFO] |  local epoch  : 0, acc 0.174
[2024-01-09 17:56:59] [INFO] |  local epoch  : 1, acc 0.335
[2024-01-09 17:56:59] [INFO] |  local epoch  : 2, acc 0.371
[2024-01-09 17:56:59] [INFO] |  local epoch  : 3, acc 0.478
[2024-01-09 17:57:00] [INFO] |  local epoch  : 4, acc 0.471
[2024-01-09 17:57:00] [INFO] |  local epoch  : 5, acc 0.613
[2024-01-09 17:57:00] [INFO] |  local epoch  : 6, acc 0.621
[2024-01-09 17:57:01] [INFO] |  local epoch  : 7, acc 0.669
[2024-01-09 17:57:01] [INFO] |  local epoch  : 8, acc 0.698
[2024-01-09 17:57:01] [INFO] |  local epoch  : 9, acc 0.715
[2024-01-09 17:57:01] [INFO]  ---client 8
[2024-01-09 17:57:01] [INFO] |  local epoch  : 0, acc 0.125
[2024-01-09 17:57:02] [INFO] |  local epoch  : 1, acc 0.228
[2024-01-09 17:57:02] [INFO] |  local epoch  : 2, acc 0.347
[2024-01-09 17:57:02] [INFO] |  local epoch  : 3, acc 0.392
[2024-01-09 17:57:03] [INFO] |  local epoch  : 4, acc 0.461
[2024-01-09 17:57:03] [INFO] |  local epoch  : 5, acc 0.549
[2024-01-09 17:57:03] [INFO] |  local epoch  : 6, acc 0.608
[2024-01-09 17:57:04] [INFO] |  local epoch  : 7, acc 0.659
[2024-01-09 17:57:04] [INFO] |  local epoch  : 8, acc 0.701
[2024-01-09 17:57:04] [INFO] |  local epoch  : 9, acc 0.731
[2024-01-09 17:57:04] [INFO] |servers comunicated: 0, server aggregated: 1, acc_server 2: 0.739.
[2024-01-09 17:57:04] [INFO] --------------------------------------------------
[2024-01-09 17:57:04] [INFO]      ********  servers comunicates  ********      
[2024-01-09 17:57:04] [INFO] --------------------------------------------------
[2024-01-09 17:57:04] [INFO] |epoch_server_commu: 1/2
[2024-01-09 17:57:04] [INFO]  |epoch_client_commu: 0/2
[2024-01-09 17:57:04] [INFO]   |server: 0
[2024-01-09 17:57:04] [INFO]  ---client 0
[2024-01-09 17:57:05] [INFO] |  local epoch  : 0, acc 0.631
[2024-01-09 17:57:05] [INFO] |  local epoch  : 1, acc 0.601
[2024-01-09 17:57:05] [INFO] |  local epoch  : 2, acc 0.660
[2024-01-09 17:57:06] [INFO] |  local epoch  : 3, acc 0.660
[2024-01-09 17:57:06] [INFO] |  local epoch  : 4, acc 0.684
[2024-01-09 17:57:06] [INFO] |  local epoch  : 5, acc 0.701
[2024-01-09 17:57:06] [INFO] |  local epoch  : 6, acc 0.713
[2024-01-09 17:57:07] [INFO] |  local epoch  : 7, acc 0.713
[2024-01-09 17:57:07] [INFO] |  local epoch  : 8, acc 0.708
[2024-01-09 17:57:07] [INFO] |  local epoch  : 9, acc 0.690
[2024-01-09 17:57:07] [INFO]  ---client 1
[2024-01-09 17:57:08] [INFO] |  local epoch  : 0, acc 0.533
[2024-01-09 17:57:08] [INFO] |  local epoch  : 1, acc 0.583
[2024-01-09 17:57:08] [INFO] |  local epoch  : 2, acc 0.561
[2024-01-09 17:57:08] [INFO] |  local epoch  : 3, acc 0.611
[2024-01-09 17:57:09] [INFO] |  local epoch  : 4, acc 0.597
[2024-01-09 17:57:09] [INFO] |  local epoch  : 5, acc 0.649
[2024-01-09 17:57:09] [INFO] |  local epoch  : 6, acc 0.668
[2024-01-09 17:57:10] [INFO] |  local epoch  : 7, acc 0.623
[2024-01-09 17:57:10] [INFO] |  local epoch  : 8, acc 0.637
[2024-01-09 17:57:10] [INFO] |  local epoch  : 9, acc 0.674
[2024-01-09 17:57:10] [INFO]  ---client 2
[2024-01-09 17:57:10] [INFO] |  local epoch  : 0, acc 0.579
[2024-01-09 17:57:11] [INFO] |  local epoch  : 1, acc 0.564
[2024-01-09 17:57:11] [INFO] |  local epoch  : 2, acc 0.588
[2024-01-09 17:57:11] [INFO] |  local epoch  : 3, acc 0.612
[2024-01-09 17:57:12] [INFO] |  local epoch  : 4, acc 0.578
[2024-01-09 17:57:12] [INFO] |  local epoch  : 5, acc 0.602
[2024-01-09 17:57:12] [INFO] |  local epoch  : 6, acc 0.646
[2024-01-09 17:57:12] [INFO] |  local epoch  : 7, acc 0.682
[2024-01-09 17:57:13] [INFO] |  local epoch  : 8, acc 0.595
[2024-01-09 17:57:13] [INFO] |  local epoch  : 9, acc 0.674
[2024-01-09 17:57:13] [INFO] |servers comunicated: 1, server aggregated: 0, acc_server 0: 0.689.
[2024-01-09 17:57:13] [INFO] --------------------------------------------------
[2024-01-09 17:57:13] [INFO]   |server: 1
[2024-01-09 17:57:13] [INFO]  ---client 3
[2024-01-09 17:57:13] [INFO] |  local epoch  : 0, acc 0.658
[2024-01-09 17:57:14] [INFO] |  local epoch  : 1, acc 0.697
[2024-01-09 17:57:14] [INFO] |  local epoch  : 2, acc 0.659
[2024-01-09 17:57:14] [INFO] |  local epoch  : 3, acc 0.687
[2024-01-09 17:57:15] [INFO] |  local epoch  : 4, acc 0.734
[2024-01-09 17:57:15] [INFO] |  local epoch  : 5, acc 0.695
[2024-01-09 17:57:15] [INFO] |  local epoch  : 6, acc 0.678
[2024-01-09 17:57:16] [INFO] |  local epoch  : 7, acc 0.761
[2024-01-09 17:57:16] [INFO] |  local epoch  : 8, acc 0.684
[2024-01-09 17:57:16] [INFO] |  local epoch  : 9, acc 0.739
[2024-01-09 17:57:16] [INFO]  ---client 4
[2024-01-09 17:57:16] [INFO] |  local epoch  : 0, acc 0.618
[2024-01-09 17:57:17] [INFO] |  local epoch  : 1, acc 0.635
[2024-01-09 17:57:17] [INFO] |  local epoch  : 2, acc 0.636
[2024-01-09 17:57:17] [INFO] |  local epoch  : 3, acc 0.661
[2024-01-09 17:57:18] [INFO] |  local epoch  : 4, acc 0.660
[2024-01-09 17:57:18] [INFO] |  local epoch  : 5, acc 0.649
[2024-01-09 17:57:18] [INFO] |  local epoch  : 6, acc 0.708
[2024-01-09 17:57:18] [INFO] |  local epoch  : 7, acc 0.694
[2024-01-09 17:57:19] [INFO] |  local epoch  : 8, acc 0.717
[2024-01-09 17:57:19] [INFO] |  local epoch  : 9, acc 0.707
[2024-01-09 17:57:19] [INFO]  ---client 5
[2024-01-09 17:57:19] [INFO] |  local epoch  : 0, acc 0.591
[2024-01-09 17:57:20] [INFO] |  local epoch  : 1, acc 0.686
[2024-01-09 17:57:20] [INFO] |  local epoch  : 2, acc 0.618
[2024-01-09 17:57:20] [INFO] |  local epoch  : 3, acc 0.684
[2024-01-09 17:57:21] [INFO] |  local epoch  : 4, acc 0.672
[2024-01-09 17:57:21] [INFO] |  local epoch  : 5, acc 0.641
[2024-01-09 17:57:21] [INFO] |  local epoch  : 6, acc 0.675
[2024-01-09 17:57:21] [INFO] |  local epoch  : 7, acc 0.654
[2024-01-09 17:57:22] [INFO] |  local epoch  : 8, acc 0.720
[2024-01-09 17:57:22] [INFO] |  local epoch  : 9, acc 0.699
[2024-01-09 17:57:22] [INFO] |servers comunicated: 1, server aggregated: 0, acc_server 1: 0.728.
[2024-01-09 17:57:22] [INFO] --------------------------------------------------
[2024-01-09 17:57:22] [INFO]   |server: 2
[2024-01-09 17:57:22] [INFO]  ---client 6
[2024-01-09 17:57:22] [INFO] |  local epoch  : 0, acc 0.723
[2024-01-09 17:57:23] [INFO] |  local epoch  : 1, acc 0.719
[2024-01-09 17:57:23] [INFO] |  local epoch  : 2, acc 0.742
[2024-01-09 17:57:23] [INFO] |  local epoch  : 3, acc 0.745
[2024-01-09 17:57:24] [INFO] |  local epoch  : 4, acc 0.750
[2024-01-09 17:57:24] [INFO] |  local epoch  : 5, acc 0.742
[2024-01-09 17:57:24] [INFO] |  local epoch  : 6, acc 0.739
[2024-01-09 17:57:24] [INFO] |  local epoch  : 7, acc 0.756
[2024-01-09 17:57:25] [INFO] |  local epoch  : 8, acc 0.766
[2024-01-09 17:57:25] [INFO] |  local epoch  : 9, acc 0.769
[2024-01-09 17:57:25] [INFO]  ---client 7
[2024-01-09 17:57:25] [INFO] |  local epoch  : 0, acc 0.734
[2024-01-09 17:57:26] [INFO] |  local epoch  : 1, acc 0.738
[2024-01-09 17:57:26] [INFO] |  local epoch  : 2, acc 0.743
[2024-01-09 17:57:26] [INFO] |  local epoch  : 3, acc 0.735
[2024-01-09 17:57:26] [INFO] |  local epoch  : 4, acc 0.763
[2024-01-09 17:57:27] [INFO] |  local epoch  : 5, acc 0.747
[2024-01-09 17:57:27] [INFO] |  local epoch  : 6, acc 0.766
[2024-01-09 17:57:27] [INFO] |  local epoch  : 7, acc 0.750
[2024-01-09 17:57:28] [INFO] |  local epoch  : 8, acc 0.770
[2024-01-09 17:57:28] [INFO] |  local epoch  : 9, acc 0.768
[2024-01-09 17:57:28] [INFO]  ---client 8
[2024-01-09 17:57:28] [INFO] |  local epoch  : 0, acc 0.713
[2024-01-09 17:57:28] [INFO] |  local epoch  : 1, acc 0.724
[2024-01-09 17:57:29] [INFO] |  local epoch  : 2, acc 0.721
[2024-01-09 17:57:29] [INFO] |  local epoch  : 3, acc 0.741
[2024-01-09 17:57:29] [INFO] |  local epoch  : 4, acc 0.752
[2024-01-09 17:57:30] [INFO] |  local epoch  : 5, acc 0.756
[2024-01-09 17:57:30] [INFO] |  local epoch  : 6, acc 0.763
[2024-01-09 17:57:30] [INFO] |  local epoch  : 7, acc 0.732
[2024-01-09 17:57:30] [INFO] |  local epoch  : 8, acc 0.764
[2024-01-09 17:57:31] [INFO] |  local epoch  : 9, acc 0.771
[2024-01-09 17:57:31] [INFO] |servers comunicated: 1, server aggregated: 0, acc_server 2: 0.777.
[2024-01-09 17:57:31] [INFO] --------------------------------------------------
[2024-01-09 17:57:31] [INFO]  |epoch_client_commu: 1/2
[2024-01-09 17:57:31] [INFO]   |server: 0
[2024-01-09 17:57:31] [INFO]  ---client 0
[2024-01-09 17:57:31] [INFO] |  local epoch  : 0, acc 0.702
[2024-01-09 17:57:31] [INFO] |  local epoch  : 1, acc 0.725
[2024-01-09 17:57:32] [INFO] |  local epoch  : 2, acc 0.737
[2024-01-09 17:57:32] [INFO] |  local epoch  : 3, acc 0.683
[2024-01-09 17:57:32] [INFO] |  local epoch  : 4, acc 0.716
[2024-01-09 17:57:33] [INFO] |  local epoch  : 5, acc 0.763
[2024-01-09 17:57:33] [INFO] |  local epoch  : 6, acc 0.724
[2024-01-09 17:57:33] [INFO] |  local epoch  : 7, acc 0.715
[2024-01-09 17:57:33] [INFO] |  local epoch  : 8, acc 0.766
[2024-01-09 17:57:34] [INFO] |  local epoch  : 9, acc 0.745
[2024-01-09 17:57:34] [INFO]  ---client 1
[2024-01-09 17:57:34] [INFO] |  local epoch  : 0, acc 0.635
[2024-01-09 17:57:34] [INFO] |  local epoch  : 1, acc 0.685
[2024-01-09 17:57:35] [INFO] |  local epoch  : 2, acc 0.655
[2024-01-09 17:57:35] [INFO] |  local epoch  : 3, acc 0.695
[2024-01-09 17:57:35] [INFO] |  local epoch  : 4, acc 0.667
[2024-01-09 17:57:35] [INFO] |  local epoch  : 5, acc 0.655
[2024-01-09 17:57:36] [INFO] |  local epoch  : 6, acc 0.705
[2024-01-09 17:57:36] [INFO] |  local epoch  : 7, acc 0.680
[2024-01-09 17:57:36] [INFO] |  local epoch  : 8, acc 0.747
[2024-01-09 17:57:37] [INFO] |  local epoch  : 9, acc 0.690
[2024-01-09 17:57:37] [INFO]  ---client 2
[2024-01-09 17:57:37] [INFO] |  local epoch  : 0, acc 0.668
[2024-01-09 17:57:37] [INFO] |  local epoch  : 1, acc 0.661
[2024-01-09 17:57:37] [INFO] |  local epoch  : 2, acc 0.653
[2024-01-09 17:57:38] [INFO] |  local epoch  : 3, acc 0.712
[2024-01-09 17:57:38] [INFO] |  local epoch  : 4, acc 0.706
[2024-01-09 17:57:38] [INFO] |  local epoch  : 5, acc 0.709
[2024-01-09 17:57:39] [INFO] |  local epoch  : 6, acc 0.730
[2024-01-09 17:57:39] [INFO] |  local epoch  : 7, acc 0.646
[2024-01-09 17:57:39] [INFO] |  local epoch  : 8, acc 0.710
[2024-01-09 17:57:40] [INFO] |  local epoch  : 9, acc 0.716
[2024-01-09 17:57:40] [INFO] |servers comunicated: 1, server aggregated: 1, acc_server 0: 0.731.
[2024-01-09 17:57:40] [INFO] --------------------------------------------------
[2024-01-09 17:57:40] [INFO]   |server: 1
[2024-01-09 17:57:40] [INFO]  ---client 3
[2024-01-09 17:57:40] [INFO] |  local epoch  : 0, acc 0.742
[2024-01-09 17:57:40] [INFO] |  local epoch  : 1, acc 0.762
[2024-01-09 17:57:41] [INFO] |  local epoch  : 2, acc 0.747
[2024-01-09 17:57:41] [INFO] |  local epoch  : 3, acc 0.778
[2024-01-09 17:57:41] [INFO] |  local epoch  : 4, acc 0.719
[2024-01-09 17:57:41] [INFO] |  local epoch  : 5, acc 0.758
[2024-01-09 17:57:42] [INFO] |  local epoch  : 6, acc 0.730
[2024-01-09 17:57:42] [INFO] |  local epoch  : 7, acc 0.764
[2024-01-09 17:57:42] [INFO] |  local epoch  : 8, acc 0.781
[2024-01-09 17:57:43] [INFO] |  local epoch  : 9, acc 0.780
[2024-01-09 17:57:43] [INFO]  ---client 4
[2024-01-09 17:57:43] [INFO] |  local epoch  : 0, acc 0.713
[2024-01-09 17:57:43] [INFO] |  local epoch  : 1, acc 0.744
[2024-01-09 17:57:43] [INFO] |  local epoch  : 2, acc 0.735
[2024-01-09 17:57:44] [INFO] |  local epoch  : 3, acc 0.718
[2024-01-09 17:57:44] [INFO] |  local epoch  : 4, acc 0.727
[2024-01-09 17:57:44] [INFO] |  local epoch  : 5, acc 0.750
[2024-01-09 17:57:45] [INFO] |  local epoch  : 6, acc 0.710
[2024-01-09 17:57:45] [INFO] |  local epoch  : 7, acc 0.744
[2024-01-09 17:57:45] [INFO] |  local epoch  : 8, acc 0.758
[2024-01-09 17:57:45] [INFO] |  local epoch  : 9, acc 0.738
[2024-01-09 17:57:45] [INFO]  ---client 5
[2024-01-09 17:57:46] [INFO] |  local epoch  : 0, acc 0.657
[2024-01-09 17:57:46] [INFO] |  local epoch  : 1, acc 0.719
[2024-01-09 17:57:46] [INFO] |  local epoch  : 2, acc 0.740
[2024-01-09 17:57:47] [INFO] |  local epoch  : 3, acc 0.692
[2024-01-09 17:57:47] [INFO] |  local epoch  : 4, acc 0.729
[2024-01-09 17:57:47] [INFO] |  local epoch  : 5, acc 0.748
[2024-01-09 17:57:47] [INFO] |  local epoch  : 6, acc 0.698
[2024-01-09 17:57:48] [INFO] |  local epoch  : 7, acc 0.731
[2024-01-09 17:57:48] [INFO] |  local epoch  : 8, acc 0.766
[2024-01-09 17:57:48] [INFO] |  local epoch  : 9, acc 0.740
[2024-01-09 17:57:48] [INFO] |servers comunicated: 1, server aggregated: 1, acc_server 1: 0.771.
[2024-01-09 17:57:48] [INFO] --------------------------------------------------
[2024-01-09 17:57:48] [INFO]   |server: 2
[2024-01-09 17:57:48] [INFO]  ---client 6
[2024-01-09 17:57:49] [INFO] |  local epoch  : 0, acc 0.765
[2024-01-09 17:57:49] [INFO] |  local epoch  : 1, acc 0.783
[2024-01-09 17:57:49] [INFO] |  local epoch  : 2, acc 0.767
[2024-01-09 17:57:50] [INFO] |  local epoch  : 3, acc 0.795
[2024-01-09 17:57:50] [INFO] |  local epoch  : 4, acc 0.787
[2024-01-09 17:57:50] [INFO] |  local epoch  : 5, acc 0.771
[2024-01-09 17:57:51] [INFO] |  local epoch  : 6, acc 0.786
[2024-01-09 17:57:51] [INFO] |  local epoch  : 7, acc 0.797
[2024-01-09 17:57:51] [INFO] |  local epoch  : 8, acc 0.794
[2024-01-09 17:57:51] [INFO] |  local epoch  : 9, acc 0.791
[2024-01-09 17:57:51] [INFO]  ---client 7
[2024-01-09 17:57:52] [INFO] |  local epoch  : 0, acc 0.765
[2024-01-09 17:57:52] [INFO] |  local epoch  : 1, acc 0.784
[2024-01-09 17:57:52] [INFO] |  local epoch  : 2, acc 0.772
[2024-01-09 17:57:53] [INFO] |  local epoch  : 3, acc 0.779
[2024-01-09 17:57:53] [INFO] |  local epoch  : 4, acc 0.781
[2024-01-09 17:57:53] [INFO] |  local epoch  : 5, acc 0.800
[2024-01-09 17:57:53] [INFO] |  local epoch  : 6, acc 0.792
[2024-01-09 17:57:54] [INFO] |  local epoch  : 7, acc 0.789
[2024-01-09 17:57:54] [INFO] |  local epoch  : 8, acc 0.783
[2024-01-09 17:57:54] [INFO] |  local epoch  : 9, acc 0.798
[2024-01-09 17:57:54] [INFO]  ---client 8
[2024-01-09 17:57:55] [INFO] |  local epoch  : 0, acc 0.754
[2024-01-09 17:57:55] [INFO] |  local epoch  : 1, acc 0.784
[2024-01-09 17:57:55] [INFO] |  local epoch  : 2, acc 0.779
[2024-01-09 17:57:55] [INFO] |  local epoch  : 3, acc 0.769
[2024-01-09 17:57:56] [INFO] |  local epoch  : 4, acc 0.777
[2024-01-09 17:57:56] [INFO] |  local epoch  : 5, acc 0.790
[2024-01-09 17:57:56] [INFO] |  local epoch  : 6, acc 0.784
[2024-01-09 17:57:57] [INFO] |  local epoch  : 7, acc 0.788
[2024-01-09 17:57:57] [INFO] |  local epoch  : 8, acc 0.797
[2024-01-09 17:57:57] [INFO] |  local epoch  : 9, acc 0.777
[2024-01-09 17:57:57] [INFO] |servers comunicated: 1, server aggregated: 1, acc_server 2: 0.804.
[2024-01-09 17:57:57] [INFO] --------------------------------------------------
[2024-01-09 17:57:57] [INFO]      ********  servers comunicates  ********      
[2024-01-09 17:57:57] [INFO] ./res/mnist_model_1_algo_2/alpha_0.5_T_6/server_commu_2_client_commu_2_client_train_10_batch_size_160_num_all_client_9_num_all_server_3_num_client_data_1200_num_public_data_50_proportion_0.8.pt
