[2024-01-09 17:52:24] [INFO] device cuda is used.
[2024-01-09 17:52:24] [INFO] cudnn is actived.
[2024-01-09 17:52:24] [INFO] 
      alpha      :  0.5  
        T        :   6   
    algorithm    :   2   
num_server_commu :   2   
num_client_commu :   2   
num_client_train :   2   
num_public_train :   2   
   batch_size    :  160  
     dataset     :cifar10
  model_select   :   3   
 num_all_client  :   9   
 num_all_server  :   3   
 num_client_data : 1200  
 num_public_data :  50   
   proportion    :  0.8  
[2024-01-09 17:52:37] [INFO] --------------------------------------------------
[2024-01-09 17:52:37] [INFO] |epoch_server_commu: 0/2
[2024-01-09 17:52:37] [INFO]  |epoch_client_commu: 0/2
[2024-01-09 17:52:37] [INFO]   |server: 0
[2024-01-09 17:52:42] [INFO]  ---client 0
[2024-01-09 17:52:47] [INFO] |  local epoch  : 0, acc 0.100
[2024-01-09 17:52:48] [INFO] |  local epoch  : 1, acc 0.100
[2024-01-09 17:52:48] [INFO]  ---client 1
[2024-01-09 17:52:50] [INFO] |  local epoch  : 0, acc 0.100
[2024-01-09 17:52:51] [INFO] |  local epoch  : 1, acc 0.100
[2024-01-09 17:52:51] [INFO]  ---client 2
[2024-01-09 17:52:53] [INFO] |  local epoch  : 0, acc 0.100
[2024-01-09 17:52:54] [INFO] |  local epoch  : 1, acc 0.100
[2024-01-09 17:52:56] [INFO] |servers comunicated: 0, server aggregated: 0, acc_server 0: 0.100.
[2024-01-09 17:52:56] [INFO] --------------------------------------------------
[2024-01-09 17:52:56] [INFO]   |server: 1
[2024-01-09 17:53:00] [INFO]  ---client 3
[2024-01-09 17:53:02] [INFO] |  local epoch  : 0, acc 0.100
[2024-01-09 17:53:03] [INFO] |  local epoch  : 1, acc 0.100
[2024-01-09 17:53:03] [INFO]  ---client 4
[2024-01-09 17:53:05] [INFO] |  local epoch  : 0, acc 0.100
[2024-01-09 17:53:06] [INFO] |  local epoch  : 1, acc 0.100
[2024-01-09 17:53:06] [INFO]  ---client 5
[2024-01-09 17:53:08] [INFO] |  local epoch  : 0, acc 0.100
[2024-01-09 17:53:09] [INFO] |  local epoch  : 1, acc 0.100
[2024-01-09 17:53:11] [INFO] |servers comunicated: 0, server aggregated: 0, acc_server 1: 0.100.
[2024-01-09 17:53:11] [INFO] --------------------------------------------------
[2024-01-09 17:53:11] [INFO]   |server: 2
[2024-01-09 17:53:13] [INFO]  ---client 6
[2024-01-09 17:53:14] [INFO] |  local epoch  : 0, acc 0.100
[2024-01-09 17:53:16] [INFO] |  local epoch  : 1, acc 0.100
[2024-01-09 17:53:16] [INFO]  ---client 7
[2024-01-09 17:53:17] [INFO] |  local epoch  : 0, acc 0.100
[2024-01-09 17:53:19] [INFO] |  local epoch  : 1, acc 0.100
[2024-01-09 17:53:19] [INFO]  ---client 8
[2024-01-09 17:53:20] [INFO] |  local epoch  : 0, acc 0.100
[2024-01-09 17:53:22] [INFO] |  local epoch  : 1, acc 0.100
[2024-01-09 17:53:23] [INFO] |servers comunicated: 0, server aggregated: 0, acc_server 2: 0.100.
[2024-01-09 17:53:23] [INFO] --------------------------------------------------
[2024-01-09 17:53:23] [INFO]  |epoch_client_commu: 1/2
[2024-01-09 17:53:23] [INFO]   |server: 0
[2024-01-09 17:53:23] [INFO]  ---client 0
[2024-01-09 17:53:24] [INFO] |  local epoch  : 0, acc 0.100
[2024-01-09 17:53:26] [INFO] |  local epoch  : 1, acc 0.101
[2024-01-09 17:53:26] [INFO]  ---client 1
[2024-01-09 17:53:27] [INFO] |  local epoch  : 0, acc 0.100
[2024-01-09 17:53:29] [INFO] |  local epoch  : 1, acc 0.100
[2024-01-09 17:53:29] [INFO]  ---client 2
[2024-01-09 17:53:30] [INFO] |  local epoch  : 0, acc 0.100
[2024-01-09 17:53:31] [INFO] |  local epoch  : 1, acc 0.101
[2024-01-09 17:53:32] [INFO] |servers comunicated: 0, server aggregated: 1, acc_server 0: 0.100.
[2024-01-09 17:53:32] [INFO] --------------------------------------------------
[2024-01-09 17:53:32] [INFO]   |server: 1
[2024-01-09 17:53:32] [INFO]  ---client 3
[2024-01-09 17:53:34] [INFO] |  local epoch  : 0, acc 0.100
[2024-01-09 17:53:35] [INFO] |  local epoch  : 1, acc 0.100
[2024-01-09 17:53:35] [INFO]  ---client 4
[2024-01-09 17:53:37] [INFO] |  local epoch  : 0, acc 0.100
[2024-01-09 17:53:38] [INFO] |  local epoch  : 1, acc 0.101
[2024-01-09 17:53:38] [INFO]  ---client 5
[2024-01-09 17:53:39] [INFO] |  local epoch  : 0, acc 0.100
[2024-01-09 17:53:41] [INFO] |  local epoch  : 1, acc 0.100
[2024-01-09 17:53:41] [INFO] |servers comunicated: 0, server aggregated: 1, acc_server 1: 0.100.
[2024-01-09 17:53:41] [INFO] --------------------------------------------------
[2024-01-09 17:53:41] [INFO]   |server: 2
[2024-01-09 17:53:42] [INFO]  ---client 6
[2024-01-09 17:53:43] [INFO] |  local epoch  : 0, acc 0.100
[2024-01-09 17:53:44] [INFO] |  local epoch  : 1, acc 0.100
[2024-01-09 17:53:44] [INFO]  ---client 7
[2024-01-09 17:53:46] [INFO] |  local epoch  : 0, acc 0.100
[2024-01-09 17:53:47] [INFO] |  local epoch  : 1, acc 0.100
[2024-01-09 17:53:47] [INFO]  ---client 8
[2024-01-09 17:53:49] [INFO] |  local epoch  : 0, acc 0.100
[2024-01-09 17:53:50] [INFO] |  local epoch  : 1, acc 0.100
[2024-01-09 17:53:51] [INFO] |servers comunicated: 0, server aggregated: 1, acc_server 2: 0.100.
[2024-01-09 17:53:51] [INFO] --------------------------------------------------
[2024-01-09 17:53:51] [INFO]      ********  servers comunicates  ********      
[2024-01-09 17:53:51] [INFO] --------------------------------------------------
[2024-01-09 17:53:51] [INFO] |epoch_server_commu: 1/2
[2024-01-09 17:53:51] [INFO]  |epoch_client_commu: 0/2
[2024-01-09 17:53:51] [INFO]   |server: 0
[2024-01-09 17:53:51] [INFO]  ---client 0
[2024-01-09 17:53:53] [INFO] |  local epoch  : 0, acc 0.104
[2024-01-09 17:53:54] [INFO] |  local epoch  : 1, acc 0.104
[2024-01-09 17:53:54] [INFO]  ---client 1
[2024-01-09 17:53:55] [INFO] |  local epoch  : 0, acc 0.100
[2024-01-09 17:53:57] [INFO] |  local epoch  : 1, acc 0.134
[2024-01-09 17:53:57] [INFO]  ---client 2
