[2024-01-09 18:00:02] [INFO] device cuda is used.
[2024-01-09 18:00:02] [INFO] cudnn is actived.
[2024-01-09 18:00:02] [INFO] 
      alpha      :  0.5  
        T        :   6   
    algorithm    :   2   
num_server_commu :   2   
num_client_commu :   2   
num_client_train :  10   
num_public_train :   2   
   batch_size    :  160  
     dataset     : mnist 
  model_select   :   1   
 num_all_client  :   9   
 num_all_server  :   3   
 num_client_data : 1200  
 num_public_data :  50   
   proportion    :  0.8  
[2024-01-09 18:00:10] [INFO] --------------------------------------------------
[2024-01-09 18:00:10] [INFO] |epoch_server_commu: 0/2
[2024-01-09 18:00:10] [INFO]  |epoch_client_commu: 0/2
[2024-01-09 18:00:10] [INFO]   |server: 0
[2024-01-09 18:00:10] [INFO]  ---client 0
[2024-01-09 18:00:11] [INFO] |  local epoch  : 0, acc 0.101
[2024-01-09 18:00:11] [INFO] |  local epoch  : 1, acc 0.101
[2024-01-09 18:00:11] [INFO] |  local epoch  : 2, acc 0.101
[2024-01-09 18:00:11] [INFO] |  local epoch  : 3, acc 0.101
[2024-01-09 18:00:12] [INFO] |  local epoch  : 4, acc 0.101
[2024-01-09 18:00:12] [INFO] |  local epoch  : 5, acc 0.101
[2024-01-09 18:00:12] [INFO] |  local epoch  : 6, acc 0.101
[2024-01-09 18:00:13] [INFO] |  local epoch  : 7, acc 0.101
[2024-01-09 18:00:13] [INFO] |  local epoch  : 8, acc 0.101
[2024-01-09 18:00:13] [INFO] |  local epoch  : 9, acc 0.101
[2024-01-09 18:00:13] [INFO]  ---client 1
[2024-01-09 18:00:13] [INFO] |  local epoch  : 0, acc 0.101
[2024-01-09 18:00:14] [INFO] |  local epoch  : 1, acc 0.101
[2024-01-09 18:00:14] [INFO] |  local epoch  : 2, acc 0.101
[2024-01-09 18:00:14] [INFO] |  local epoch  : 3, acc 0.101
[2024-01-09 18:00:15] [INFO] |  local epoch  : 4, acc 0.101
[2024-01-09 18:00:15] [INFO] |  local epoch  : 5, acc 0.101
[2024-01-09 18:00:15] [INFO] |  local epoch  : 6, acc 0.101
[2024-01-09 18:00:16] [INFO] |  local epoch  : 7, acc 0.101
[2024-01-09 18:00:16] [INFO] |  local epoch  : 8, acc 0.101
[2024-01-09 18:00:16] [INFO] |  local epoch  : 9, acc 0.101
[2024-01-09 18:00:16] [INFO]  ---client 2
[2024-01-09 18:00:16] [INFO] |  local epoch  : 0, acc 0.101
[2024-01-09 18:00:17] [INFO] |  local epoch  : 1, acc 0.101
[2024-01-09 18:00:17] [INFO] |  local epoch  : 2, acc 0.101
[2024-01-09 18:00:17] [INFO] |  local epoch  : 3, acc 0.101
[2024-01-09 18:00:18] [INFO] |  local epoch  : 4, acc 0.101
[2024-01-09 18:00:18] [INFO] |  local epoch  : 5, acc 0.101
[2024-01-09 18:00:18] [INFO] |  local epoch  : 6, acc 0.101
[2024-01-09 18:00:18] [INFO] |  local epoch  : 7, acc 0.101
[2024-01-09 18:00:19] [INFO] |  local epoch  : 8, acc 0.101
[2024-01-09 18:00:19] [INFO] |  local epoch  : 9, acc 0.101
[2024-01-09 18:00:19] [INFO] |servers comunicated: 0, server aggregated: 0, acc_server 0: 0.101.
[2024-01-09 18:00:19] [INFO] --------------------------------------------------
[2024-01-09 18:00:19] [INFO]   |server: 1
[2024-01-09 18:00:19] [INFO]  ---client 3
[2024-01-09 18:00:19] [INFO] |  local epoch  : 0, acc 0.103
[2024-01-09 18:00:20] [INFO] |  local epoch  : 1, acc 0.103
[2024-01-09 18:00:20] [INFO] |  local epoch  : 2, acc 0.103
[2024-01-09 18:00:20] [INFO] |  local epoch  : 3, acc 0.103
[2024-01-09 18:00:21] [INFO] |  local epoch  : 4, acc 0.103
[2024-01-09 18:00:21] [INFO] |  local epoch  : 5, acc 0.103
[2024-01-09 18:00:21] [INFO] |  local epoch  : 6, acc 0.103
[2024-01-09 18:00:21] [INFO] |  local epoch  : 7, acc 0.103
[2024-01-09 18:00:22] [INFO] |  local epoch  : 8, acc 0.103
[2024-01-09 18:00:22] [INFO] |  local epoch  : 9, acc 0.103
[2024-01-09 18:00:22] [INFO]  ---client 4
[2024-01-09 18:00:22] [INFO] |  local epoch  : 0, acc 0.103
[2024-01-09 18:00:23] [INFO] |  local epoch  : 1, acc 0.103
[2024-01-09 18:00:23] [INFO] |  local epoch  : 2, acc 0.103
[2024-01-09 18:00:23] [INFO] |  local epoch  : 3, acc 0.103
[2024-01-09 18:00:24] [INFO] |  local epoch  : 4, acc 0.103
[2024-01-09 18:00:24] [INFO] |  local epoch  : 5, acc 0.103
[2024-01-09 18:00:24] [INFO] |  local epoch  : 6, acc 0.103
[2024-01-09 18:00:24] [INFO] |  local epoch  : 7, acc 0.103
[2024-01-09 18:00:25] [INFO] |  local epoch  : 8, acc 0.103
[2024-01-09 18:00:25] [INFO] |  local epoch  : 9, acc 0.103
[2024-01-09 18:00:25] [INFO]  ---client 5
[2024-01-09 18:00:25] [INFO] |  local epoch  : 0, acc 0.103
[2024-01-09 18:00:26] [INFO] |  local epoch  : 1, acc 0.103
[2024-01-09 18:00:26] [INFO] |  local epoch  : 2, acc 0.103
[2024-01-09 18:00:26] [INFO] |  local epoch  : 3, acc 0.103
[2024-01-09 18:00:26] [INFO] |  local epoch  : 4, acc 0.103
[2024-01-09 18:00:27] [INFO] |  local epoch  : 5, acc 0.103
[2024-01-09 18:00:27] [INFO] |  local epoch  : 6, acc 0.103
[2024-01-09 18:00:27] [INFO] |  local epoch  : 7, acc 0.103
[2024-01-09 18:00:28] [INFO] |  local epoch  : 8, acc 0.103
[2024-01-09 18:00:28] [INFO] |  local epoch  : 9, acc 0.103
[2024-01-09 18:00:28] [INFO] |servers comunicated: 0, server aggregated: 0, acc_server 1: 0.103.
[2024-01-09 18:00:28] [INFO] --------------------------------------------------
[2024-01-09 18:00:28] [INFO]   |server: 2
[2024-01-09 18:00:28] [INFO]  ---client 6
[2024-01-09 18:00:28] [INFO] |  local epoch  : 0, acc 0.098
[2024-01-09 18:00:29] [INFO] |  local epoch  : 1, acc 0.098
[2024-01-09 18:00:29] [INFO] |  local epoch  : 2, acc 0.098
[2024-01-09 18:00:29] [INFO] |  local epoch  : 3, acc 0.098
[2024-01-09 18:00:30] [INFO] |  local epoch  : 4, acc 0.098
[2024-01-09 18:00:30] [INFO] |  local epoch  : 5, acc 0.098
[2024-01-09 18:00:30] [INFO] |  local epoch  : 6, acc 0.098
[2024-01-09 18:00:30] [INFO] |  local epoch  : 7, acc 0.098
[2024-01-09 18:00:31] [INFO] |  local epoch  : 8, acc 0.098
[2024-01-09 18:00:31] [INFO] |  local epoch  : 9, acc 0.098
[2024-01-09 18:00:31] [INFO]  ---client 7
[2024-01-09 18:00:31] [INFO] |  local epoch  : 0, acc 0.098
[2024-01-09 18:00:32] [INFO] |  local epoch  : 1, acc 0.098
[2024-01-09 18:00:32] [INFO] |  local epoch  : 2, acc 0.098
[2024-01-09 18:00:32] [INFO] |  local epoch  : 3, acc 0.098
[2024-01-09 18:00:32] [INFO] |  local epoch  : 4, acc 0.098
[2024-01-09 18:00:33] [INFO] |  local epoch  : 5, acc 0.098
[2024-01-09 18:00:33] [INFO] |  local epoch  : 6, acc 0.098
[2024-01-09 18:00:33] [INFO] |  local epoch  : 7, acc 0.098
[2024-01-09 18:00:34] [INFO] |  local epoch  : 8, acc 0.098
[2024-01-09 18:00:34] [INFO] |  local epoch  : 9, acc 0.098
[2024-01-09 18:00:34] [INFO]  ---client 8
[2024-01-09 18:00:34] [INFO] |  local epoch  : 0, acc 0.098
[2024-01-09 18:00:35] [INFO] |  local epoch  : 1, acc 0.098
[2024-01-09 18:00:35] [INFO] |  local epoch  : 2, acc 0.098
[2024-01-09 18:00:35] [INFO] |  local epoch  : 3, acc 0.098
[2024-01-09 18:00:35] [INFO] |  local epoch  : 4, acc 0.098
[2024-01-09 18:00:36] [INFO] |  local epoch  : 5, acc 0.098
[2024-01-09 18:00:36] [INFO] |  local epoch  : 6, acc 0.098
[2024-01-09 18:00:36] [INFO] |  local epoch  : 7, acc 0.098
[2024-01-09 18:00:37] [INFO] |  local epoch  : 8, acc 0.098
[2024-01-09 18:00:37] [INFO] |  local epoch  : 9, acc 0.098
[2024-01-09 18:00:37] [INFO] |servers comunicated: 0, server aggregated: 0, acc_server 2: 0.098.
[2024-01-09 18:00:37] [INFO] --------------------------------------------------
[2024-01-09 18:00:37] [INFO]  |epoch_client_commu: 1/2
[2024-01-09 18:00:37] [INFO]   |server: 0
[2024-01-09 18:00:37] [INFO]  ---client 0
[2024-01-09 18:00:37] [INFO] |  local epoch  : 0, acc 0.101
[2024-01-09 18:00:38] [INFO] |  local epoch  : 1, acc 0.102
[2024-01-09 18:00:38] [INFO] |  local epoch  : 2, acc 0.129
[2024-01-09 18:00:38] [INFO] |  local epoch  : 3, acc 0.171
[2024-01-09 18:00:38] [INFO] |  local epoch  : 4, acc 0.147
[2024-01-09 18:00:39] [INFO] |  local epoch  : 5, acc 0.182
[2024-01-09 18:00:39] [INFO] |  local epoch  : 6, acc 0.228
[2024-01-09 18:00:39] [INFO] |  local epoch  : 7, acc 0.303
[2024-01-09 18:00:40] [INFO] |  local epoch  : 8, acc 0.294
[2024-01-09 18:00:40] [INFO] |  local epoch  : 9, acc 0.346
[2024-01-09 18:00:40] [INFO]  ---client 1
[2024-01-09 18:00:40] [INFO] |  local epoch  : 0, acc 0.101
[2024-01-09 18:00:41] [INFO] |  local epoch  : 1, acc 0.101
[2024-01-09 18:00:41] [INFO] |  local epoch  : 2, acc 0.110
[2024-01-09 18:00:41] [INFO] |  local epoch  : 3, acc 0.138
[2024-01-09 18:00:41] [INFO] |  local epoch  : 4, acc 0.244
[2024-01-09 18:00:42] [INFO] |  local epoch  : 5, acc 0.255
[2024-01-09 18:00:42] [INFO] |  local epoch  : 6, acc 0.302
[2024-01-09 18:00:42] [INFO] |  local epoch  : 7, acc 0.301
[2024-01-09 18:00:43] [INFO] |  local epoch  : 8, acc 0.335
[2024-01-09 18:00:43] [INFO] |  local epoch  : 9, acc 0.361
[2024-01-09 18:00:43] [INFO]  ---client 2
[2024-01-09 18:00:43] [INFO] |  local epoch  : 0, acc 0.101
[2024-01-09 18:00:43] [INFO] |  local epoch  : 1, acc 0.101
[2024-01-09 18:00:44] [INFO] |  local epoch  : 2, acc 0.108
[2024-01-09 18:00:44] [INFO] |  local epoch  : 3, acc 0.145
[2024-01-09 18:00:44] [INFO] |  local epoch  : 4, acc 0.203
[2024-01-09 18:00:45] [INFO] |  local epoch  : 5, acc 0.269
[2024-01-09 18:00:45] [INFO] |  local epoch  : 6, acc 0.246
[2024-01-09 18:00:45] [INFO] |  local epoch  : 7, acc 0.279
[2024-01-09 18:00:46] [INFO] |  local epoch  : 8, acc 0.362
[2024-01-09 18:00:46] [INFO] |  local epoch  : 9, acc 0.454
[2024-01-09 18:00:46] [INFO] |servers comunicated: 0, server aggregated: 1, acc_server 0: 0.389.
[2024-01-09 18:00:46] [INFO] --------------------------------------------------
[2024-01-09 18:00:46] [INFO]   |server: 1
[2024-01-09 18:00:46] [INFO]  ---client 3
[2024-01-09 18:00:46] [INFO] |  local epoch  : 0, acc 0.103
[2024-01-09 18:00:47] [INFO] |  local epoch  : 1, acc 0.103
[2024-01-09 18:00:47] [INFO] |  local epoch  : 2, acc 0.103
[2024-01-09 18:00:47] [INFO] |  local epoch  : 3, acc 0.123
[2024-01-09 18:00:47] [INFO] |  local epoch  : 4, acc 0.212
[2024-01-09 18:00:48] [INFO] |  local epoch  : 5, acc 0.197
[2024-01-09 18:00:48] [INFO] |  local epoch  : 6, acc 0.234
[2024-01-09 18:00:48] [INFO] |  local epoch  : 7, acc 0.322
[2024-01-09 18:00:49] [INFO] |  local epoch  : 8, acc 0.349
[2024-01-09 18:00:49] [INFO] |  local epoch  : 9, acc 0.472
[2024-01-09 18:00:49] [INFO]  ---client 4
[2024-01-09 18:00:49] [INFO] |  local epoch  : 0, acc 0.103
[2024-01-09 18:00:50] [INFO] |  local epoch  : 1, acc 0.103
[2024-01-09 18:00:50] [INFO] |  local epoch  : 2, acc 0.103
[2024-01-09 18:00:50] [INFO] |  local epoch  : 3, acc 0.108
[2024-01-09 18:00:50] [INFO] |  local epoch  : 4, acc 0.155
[2024-01-09 18:00:51] [INFO] |  local epoch  : 5, acc 0.211
[2024-01-09 18:00:51] [INFO] |  local epoch  : 6, acc 0.298
[2024-01-09 18:00:51] [INFO] |  local epoch  : 7, acc 0.421
[2024-01-09 18:00:52] [INFO] |  local epoch  : 8, acc 0.395
[2024-01-09 18:00:52] [INFO] |  local epoch  : 9, acc 0.481
[2024-01-09 18:00:52] [INFO]  ---client 5
[2024-01-09 18:00:52] [INFO] |  local epoch  : 0, acc 0.103
[2024-01-09 18:00:52] [INFO] |  local epoch  : 1, acc 0.103
[2024-01-09 18:00:53] [INFO] |  local epoch  : 2, acc 0.110
[2024-01-09 18:00:53] [INFO] |  local epoch  : 3, acc 0.197
[2024-01-09 18:00:53] [INFO] |  local epoch  : 4, acc 0.218
[2024-01-09 18:00:54] [INFO] |  local epoch  : 5, acc 0.294
[2024-01-09 18:00:54] [INFO] |  local epoch  : 6, acc 0.312
[2024-01-09 18:00:54] [INFO] |  local epoch  : 7, acc 0.359
[2024-01-09 18:00:54] [INFO] |  local epoch  : 8, acc 0.366
[2024-01-09 18:00:55] [INFO] |  local epoch  : 9, acc 0.350
[2024-01-09 18:00:55] [INFO] |servers comunicated: 0, server aggregated: 1, acc_server 1: 0.488.
[2024-01-09 18:00:55] [INFO] --------------------------------------------------
[2024-01-09 18:00:55] [INFO]   |server: 2
[2024-01-09 18:00:55] [INFO]  ---client 6
[2024-01-09 18:00:55] [INFO] |  local epoch  : 0, acc 0.098
[2024-01-09 18:00:56] [INFO] |  local epoch  : 1, acc 0.111
[2024-01-09 18:00:56] [INFO] |  local epoch  : 2, acc 0.181
[2024-01-09 18:00:56] [INFO] |  local epoch  : 3, acc 0.255
[2024-01-09 18:00:56] [INFO] |  local epoch  : 4, acc 0.341
[2024-01-09 18:00:57] [INFO] |  local epoch  : 5, acc 0.470
[2024-01-09 18:00:57] [INFO] |  local epoch  : 6, acc 0.505
[2024-01-09 18:00:57] [INFO] |  local epoch  : 7, acc 0.575
[2024-01-09 18:00:58] [INFO] |  local epoch  : 8, acc 0.616
[2024-01-09 18:00:58] [INFO] |  local epoch  : 9, acc 0.666
[2024-01-09 18:00:58] [INFO]  ---client 7
[2024-01-09 18:00:58] [INFO] |  local epoch  : 0, acc 0.109
[2024-01-09 18:00:59] [INFO] |  local epoch  : 1, acc 0.267
[2024-01-09 18:00:59] [INFO] |  local epoch  : 2, acc 0.375
[2024-01-09 18:00:59] [INFO] |  local epoch  : 3, acc 0.360
[2024-01-09 18:00:59] [INFO] |  local epoch  : 4, acc 0.456
[2024-01-09 18:01:00] [INFO] |  local epoch  : 5, acc 0.518
[2024-01-09 18:01:00] [INFO] |  local epoch  : 6, acc 0.564
[2024-01-09 18:01:00] [INFO] |  local epoch  : 7, acc 0.621
[2024-01-09 18:01:01] [INFO] |  local epoch  : 8, acc 0.678
[2024-01-09 18:01:01] [INFO] |  local epoch  : 9, acc 0.650
[2024-01-09 18:01:01] [INFO]  ---client 8
[2024-01-09 18:01:01] [INFO] |  local epoch  : 0, acc 0.100
[2024-01-09 18:01:02] [INFO] |  local epoch  : 1, acc 0.139
[2024-01-09 18:01:02] [INFO] |  local epoch  : 2, acc 0.173
[2024-01-09 18:01:02] [INFO] |  local epoch  : 3, acc 0.277
[2024-01-09 18:01:03] [INFO] |  local epoch  : 4, acc 0.459
[2024-01-09 18:01:03] [INFO] |  local epoch  : 5, acc 0.508
[2024-01-09 18:01:03] [INFO] |  local epoch  : 6, acc 0.544
[2024-01-09 18:01:03] [INFO] |  local epoch  : 7, acc 0.624
[2024-01-09 18:01:04] [INFO] |  local epoch  : 8, acc 0.698
[2024-01-09 18:01:04] [INFO] |  local epoch  : 9, acc 0.714
[2024-01-09 18:01:04] [INFO] |servers comunicated: 0, server aggregated: 1, acc_server 2: 0.714.
[2024-01-09 18:01:04] [INFO] --------------------------------------------------
[2024-01-09 18:01:04] [INFO]      ********  servers comunicates  ********      
[2024-01-09 18:01:04] [INFO] --------------------------------------------------
[2024-01-09 18:01:04] [INFO] |epoch_server_commu: 1/2
[2024-01-09 18:01:04] [INFO]  |epoch_client_commu: 0/2
[2024-01-09 18:01:04] [INFO]   |server: 0
[2024-01-09 18:01:04] [INFO]  ---client 0
[2024-01-09 18:01:05] [INFO] |  local epoch  : 0, acc 0.406
[2024-01-09 18:01:05] [INFO] |  local epoch  : 1, acc 0.425
[2024-01-09 18:01:05] [INFO] |  local epoch  : 2, acc 0.411
[2024-01-09 18:01:05] [INFO] |  local epoch  : 3, acc 0.468
[2024-01-09 18:01:06] [INFO] |  local epoch  : 4, acc 0.479
[2024-01-09 18:01:06] [INFO] |  local epoch  : 5, acc 0.479
[2024-01-09 18:01:06] [INFO] |  local epoch  : 6, acc 0.486
[2024-01-09 18:01:07] [INFO] |  local epoch  : 7, acc 0.558
[2024-01-09 18:01:07] [INFO] |  local epoch  : 8, acc 0.541
[2024-01-09 18:01:07] [INFO] |  local epoch  : 9, acc 0.583
[2024-01-09 18:01:07] [INFO]  ---client 1
[2024-01-09 18:01:08] [INFO] |  local epoch  : 0, acc 0.451
[2024-01-09 18:01:08] [INFO] |  local epoch  : 1, acc 0.460
[2024-01-09 18:01:08] [INFO] |  local epoch  : 2, acc 0.441
[2024-01-09 18:01:08] [INFO] |  local epoch  : 3, acc 0.528
[2024-01-09 18:01:09] [INFO] |  local epoch  : 4, acc 0.484
[2024-01-09 18:01:09] [INFO] |  local epoch  : 5, acc 0.546
[2024-01-09 18:01:09] [INFO] |  local epoch  : 6, acc 0.559
[2024-01-09 18:01:10] [INFO] |  local epoch  : 7, acc 0.555
[2024-01-09 18:01:10] [INFO] |  local epoch  : 8, acc 0.595
[2024-01-09 18:01:10] [INFO] |  local epoch  : 9, acc 0.589
[2024-01-09 18:01:10] [INFO]  ---client 2
[2024-01-09 18:01:10] [INFO] |  local epoch  : 0, acc 0.467
[2024-01-09 18:01:11] [INFO] |  local epoch  : 1, acc 0.445
[2024-01-09 18:01:11] [INFO] |  local epoch  : 2, acc 0.486
[2024-01-09 18:01:11] [INFO] |  local epoch  : 3, acc 0.498
[2024-01-09 18:01:12] [INFO] |  local epoch  : 4, acc 0.462
[2024-01-09 18:01:12] [INFO] |  local epoch  : 5, acc 0.564
[2024-01-09 18:01:12] [INFO] |  local epoch  : 6, acc 0.570
[2024-01-09 18:01:12] [INFO] |  local epoch  : 7, acc 0.585
[2024-01-09 18:01:13] [INFO] |  local epoch  : 8, acc 0.559
[2024-01-09 18:01:13] [INFO] |  local epoch  : 9, acc 0.607
[2024-01-09 18:01:13] [INFO] |servers comunicated: 1, server aggregated: 0, acc_server 0: 0.601.
[2024-01-09 18:01:13] [INFO] --------------------------------------------------
[2024-01-09 18:01:13] [INFO]   |server: 1
[2024-01-09 18:01:13] [INFO]  ---client 3
[2024-01-09 18:01:14] [INFO] |  local epoch  : 0, acc 0.527
[2024-01-09 18:01:14] [INFO] |  local epoch  : 1, acc 0.496
[2024-01-09 18:01:14] [INFO] |  local epoch  : 2, acc 0.556
[2024-01-09 18:01:14] [INFO] |  local epoch  : 3, acc 0.532
[2024-01-09 18:01:15] [INFO] |  local epoch  : 4, acc 0.619
[2024-01-09 18:01:15] [INFO] |  local epoch  : 5, acc 0.571
[2024-01-09 18:01:15] [INFO] |  local epoch  : 6, acc 0.630
[2024-01-09 18:01:16] [INFO] |  local epoch  : 7, acc 0.615
[2024-01-09 18:01:16] [INFO] |  local epoch  : 8, acc 0.629
[2024-01-09 18:01:16] [INFO] |  local epoch  : 9, acc 0.674
[2024-01-09 18:01:16] [INFO]  ---client 4
[2024-01-09 18:01:17] [INFO] |  local epoch  : 0, acc 0.476
[2024-01-09 18:01:17] [INFO] |  local epoch  : 1, acc 0.451
[2024-01-09 18:01:17] [INFO] |  local epoch  : 2, acc 0.466
[2024-01-09 18:01:17] [INFO] |  local epoch  : 3, acc 0.486
[2024-01-09 18:01:18] [INFO] |  local epoch  : 4, acc 0.495
[2024-01-09 18:01:18] [INFO] |  local epoch  : 5, acc 0.499
[2024-01-09 18:01:18] [INFO] |  local epoch  : 6, acc 0.556
[2024-01-09 18:01:19] [INFO] |  local epoch  : 7, acc 0.535
[2024-01-09 18:01:19] [INFO] |  local epoch  : 8, acc 0.534
[2024-01-09 18:01:19] [INFO] |  local epoch  : 9, acc 0.592
[2024-01-09 18:01:19] [INFO]  ---client 5
[2024-01-09 18:01:19] [INFO] |  local epoch  : 0, acc 0.541
[2024-01-09 18:01:20] [INFO] |  local epoch  : 1, acc 0.481
[2024-01-09 18:01:20] [INFO] |  local epoch  : 2, acc 0.588
[2024-01-09 18:01:20] [INFO] |  local epoch  : 3, acc 0.584
[2024-01-09 18:01:21] [INFO] |  local epoch  : 4, acc 0.579
[2024-01-09 18:01:21] [INFO] |  local epoch  : 5, acc 0.621
[2024-01-09 18:01:21] [INFO] |  local epoch  : 6, acc 0.638
[2024-01-09 18:01:22] [INFO] |  local epoch  : 7, acc 0.602
[2024-01-09 18:01:22] [INFO] |  local epoch  : 8, acc 0.675
[2024-01-09 18:01:22] [INFO] |  local epoch  : 9, acc 0.660
[2024-01-09 18:01:22] [INFO] |servers comunicated: 1, server aggregated: 0, acc_server 1: 0.665.
[2024-01-09 18:01:22] [INFO] --------------------------------------------------
[2024-01-09 18:01:22] [INFO]   |server: 2
[2024-01-09 18:01:22] [INFO]  ---client 6
[2024-01-09 18:01:23] [INFO] |  local epoch  : 0, acc 0.677
[2024-01-09 18:01:23] [INFO] |  local epoch  : 1, acc 0.704
[2024-01-09 18:01:23] [INFO] |  local epoch  : 2, acc 0.696
[2024-01-09 18:01:23] [INFO] |  local epoch  : 3, acc 0.734
[2024-01-09 18:01:24] [INFO] |  local epoch  : 4, acc 0.716
[2024-01-09 18:01:24] [INFO] |  local epoch  : 5, acc 0.710
[2024-01-09 18:01:24] [INFO] |  local epoch  : 6, acc 0.736
[2024-01-09 18:01:25] [INFO] |  local epoch  : 7, acc 0.740
[2024-01-09 18:01:25] [INFO] |  local epoch  : 8, acc 0.738
[2024-01-09 18:01:25] [INFO] |  local epoch  : 9, acc 0.741
[2024-01-09 18:01:25] [INFO]  ---client 7
[2024-01-09 18:01:26] [INFO] |  local epoch  : 0, acc 0.718
[2024-01-09 18:01:26] [INFO] |  local epoch  : 1, acc 0.725
[2024-01-09 18:01:26] [INFO] |  local epoch  : 2, acc 0.735
[2024-01-09 18:01:26] [INFO] |  local epoch  : 3, acc 0.742
[2024-01-09 18:01:27] [INFO] |  local epoch  : 4, acc 0.748
[2024-01-09 18:01:27] [INFO] |  local epoch  : 5, acc 0.764
[2024-01-09 18:01:27] [INFO] |  local epoch  : 6, acc 0.763
[2024-01-09 18:01:28] [INFO] |  local epoch  : 7, acc 0.768
[2024-01-09 18:01:28] [INFO] |  local epoch  : 8, acc 0.779
[2024-01-09 18:01:28] [INFO] |  local epoch  : 9, acc 0.776
[2024-01-09 18:01:28] [INFO]  ---client 8
[2024-01-09 18:01:28] [INFO] |  local epoch  : 0, acc 0.718
[2024-01-09 18:01:29] [INFO] |  local epoch  : 1, acc 0.697
[2024-01-09 18:01:29] [INFO] |  local epoch  : 2, acc 0.735
[2024-01-09 18:01:29] [INFO] |  local epoch  : 3, acc 0.706
[2024-01-09 18:01:30] [INFO] |  local epoch  : 4, acc 0.742
[2024-01-09 18:01:30] [INFO] |  local epoch  : 5, acc 0.737
[2024-01-09 18:01:30] [INFO] |  local epoch  : 6, acc 0.750
[2024-01-09 18:01:30] [INFO] |  local epoch  : 7, acc 0.745
[2024-01-09 18:01:31] [INFO] |  local epoch  : 8, acc 0.767
[2024-01-09 18:01:31] [INFO] |  local epoch  : 9, acc 0.772
[2024-01-09 18:01:31] [INFO] |servers comunicated: 1, server aggregated: 0, acc_server 2: 0.778.
[2024-01-09 18:01:31] [INFO] --------------------------------------------------
[2024-01-09 18:01:31] [INFO]  |epoch_client_commu: 1/2
[2024-01-09 18:01:31] [INFO]   |server: 0
[2024-01-09 18:01:31] [INFO]  ---client 0
[2024-01-09 18:01:32] [INFO] |  local epoch  : 0, acc 0.567
[2024-01-09 18:01:32] [INFO] |  local epoch  : 1, acc 0.593
[2024-01-09 18:01:32] [INFO] |  local epoch  : 2, acc 0.596
[2024-01-09 18:01:32] [INFO] |  local epoch  : 3, acc 0.644
[2024-01-09 18:01:33] [INFO] |  local epoch  : 4, acc 0.612
[2024-01-09 18:01:33] [INFO] |  local epoch  : 5, acc 0.638
[2024-01-09 18:01:33] [INFO] |  local epoch  : 6, acc 0.648
[2024-01-09 18:01:34] [INFO] |  local epoch  : 7, acc 0.603
[2024-01-09 18:01:34] [INFO] |  local epoch  : 8, acc 0.694
[2024-01-09 18:01:34] [INFO] |  local epoch  : 9, acc 0.615
[2024-01-09 18:01:34] [INFO]  ---client 1
[2024-01-09 18:01:34] [INFO] |  local epoch  : 0, acc 0.601
[2024-01-09 18:01:35] [INFO] |  local epoch  : 1, acc 0.645
[2024-01-09 18:01:35] [INFO] |  local epoch  : 2, acc 0.623
[2024-01-09 18:01:35] [INFO] |  local epoch  : 3, acc 0.629
[2024-01-09 18:01:36] [INFO] |  local epoch  : 4, acc 0.612
[2024-01-09 18:01:36] [INFO] |  local epoch  : 5, acc 0.641
[2024-01-09 18:01:36] [INFO] |  local epoch  : 6, acc 0.680
[2024-01-09 18:01:36] [INFO] |  local epoch  : 7, acc 0.643
[2024-01-09 18:01:37] [INFO] |  local epoch  : 8, acc 0.679
[2024-01-09 18:01:37] [INFO] |  local epoch  : 9, acc 0.651
[2024-01-09 18:01:37] [INFO]  ---client 2
[2024-01-09 18:01:37] [INFO] |  local epoch  : 0, acc 0.621
[2024-01-09 18:01:38] [INFO] |  local epoch  : 1, acc 0.623
[2024-01-09 18:01:38] [INFO] |  local epoch  : 2, acc 0.634
[2024-01-09 18:01:38] [INFO] |  local epoch  : 3, acc 0.649
[2024-01-09 18:01:39] [INFO] |  local epoch  : 4, acc 0.634
[2024-01-09 18:01:39] [INFO] |  local epoch  : 5, acc 0.650
[2024-01-09 18:01:39] [INFO] |  local epoch  : 6, acc 0.636
[2024-01-09 18:01:39] [INFO] |  local epoch  : 7, acc 0.651
[2024-01-09 18:01:40] [INFO] |  local epoch  : 8, acc 0.694
[2024-01-09 18:01:40] [INFO] |  local epoch  : 9, acc 0.691
[2024-01-09 18:01:40] [INFO] |servers comunicated: 1, server aggregated: 1, acc_server 0: 0.660.
[2024-01-09 18:01:40] [INFO] --------------------------------------------------
[2024-01-09 18:01:40] [INFO]   |server: 1
[2024-01-09 18:01:40] [INFO]  ---client 3
[2024-01-09 18:01:41] [INFO] |  local epoch  : 0, acc 0.668
[2024-01-09 18:01:41] [INFO] |  local epoch  : 1, acc 0.669
[2024-01-09 18:01:41] [INFO] |  local epoch  : 2, acc 0.687
[2024-01-09 18:01:41] [INFO] |  local epoch  : 3, acc 0.663
[2024-01-09 18:01:42] [INFO] |  local epoch  : 4, acc 0.680
[2024-01-09 18:01:42] [INFO] |  local epoch  : 5, acc 0.704
[2024-01-09 18:01:42] [INFO] |  local epoch  : 6, acc 0.715
[2024-01-09 18:01:43] [INFO] |  local epoch  : 7, acc 0.678
[2024-01-09 18:01:43] [INFO] |  local epoch  : 8, acc 0.747
[2024-01-09 18:01:43] [INFO] |  local epoch  : 9, acc 0.726
[2024-01-09 18:01:43] [INFO]  ---client 4
[2024-01-09 18:01:44] [INFO] |  local epoch  : 0, acc 0.619
[2024-01-09 18:01:44] [INFO] |  local epoch  : 1, acc 0.639
[2024-01-09 18:01:44] [INFO] |  local epoch  : 2, acc 0.647
[2024-01-09 18:01:44] [INFO] |  local epoch  : 3, acc 0.643
[2024-01-09 18:01:45] [INFO] |  local epoch  : 4, acc 0.648
[2024-01-09 18:01:45] [INFO] |  local epoch  : 5, acc 0.593
[2024-01-09 18:01:45] [INFO] |  local epoch  : 6, acc 0.679
[2024-01-09 18:01:46] [INFO] |  local epoch  : 7, acc 0.671
[2024-01-09 18:01:46] [INFO] |  local epoch  : 8, acc 0.703
[2024-01-09 18:01:46] [INFO] |  local epoch  : 9, acc 0.659
[2024-01-09 18:01:46] [INFO]  ---client 5
[2024-01-09 18:01:47] [INFO] |  local epoch  : 0, acc 0.699
[2024-01-09 18:01:47] [INFO] |  local epoch  : 1, acc 0.667
[2024-01-09 18:01:47] [INFO] |  local epoch  : 2, acc 0.701
[2024-01-09 18:01:48] [INFO] |  local epoch  : 3, acc 0.699
[2024-01-09 18:01:48] [INFO] |  local epoch  : 4, acc 0.709
[2024-01-09 18:01:48] [INFO] |  local epoch  : 5, acc 0.699
[2024-01-09 18:01:48] [INFO] |  local epoch  : 6, acc 0.709
[2024-01-09 18:01:49] [INFO] |  local epoch  : 7, acc 0.711
[2024-01-09 18:01:49] [INFO] |  local epoch  : 8, acc 0.752
[2024-01-09 18:01:49] [INFO] |  local epoch  : 9, acc 0.733
[2024-01-09 18:01:49] [INFO] |servers comunicated: 1, server aggregated: 1, acc_server 1: 0.721.
[2024-01-09 18:01:49] [INFO] --------------------------------------------------
[2024-01-09 18:01:49] [INFO]   |server: 2
[2024-01-09 18:01:50] [INFO]  ---client 6
[2024-01-09 18:01:50] [INFO] |  local epoch  : 0, acc 0.762
[2024-01-09 18:01:50] [INFO] |  local epoch  : 1, acc 0.748
[2024-01-09 18:01:50] [INFO] |  local epoch  : 2, acc 0.771
[2024-01-09 18:01:51] [INFO] |  local epoch  : 3, acc 0.772
[2024-01-09 18:01:51] [INFO] |  local epoch  : 4, acc 0.768
[2024-01-09 18:01:51] [INFO] |  local epoch  : 5, acc 0.778
[2024-01-09 18:01:52] [INFO] |  local epoch  : 6, acc 0.774
[2024-01-09 18:01:52] [INFO] |  local epoch  : 7, acc 0.782
[2024-01-09 18:01:52] [INFO] |  local epoch  : 8, acc 0.772
[2024-01-09 18:01:53] [INFO] |  local epoch  : 9, acc 0.784
[2024-01-09 18:01:53] [INFO]  ---client 7
[2024-01-09 18:01:53] [INFO] |  local epoch  : 0, acc 0.786
[2024-01-09 18:01:53] [INFO] |  local epoch  : 1, acc 0.792
[2024-01-09 18:01:53] [INFO] |  local epoch  : 2, acc 0.788
[2024-01-09 18:01:54] [INFO] |  local epoch  : 3, acc 0.795
[2024-01-09 18:01:54] [INFO] |  local epoch  : 4, acc 0.804
[2024-01-09 18:01:54] [INFO] |  local epoch  : 5, acc 0.796
[2024-01-09 18:01:55] [INFO] |  local epoch  : 6, acc 0.807
[2024-01-09 18:01:55] [INFO] |  local epoch  : 7, acc 0.809
[2024-01-09 18:01:55] [INFO] |  local epoch  : 8, acc 0.809
[2024-01-09 18:01:56] [INFO] |  local epoch  : 9, acc 0.806
[2024-01-09 18:01:56] [INFO]  ---client 8
[2024-01-09 18:01:56] [INFO] |  local epoch  : 0, acc 0.755
[2024-01-09 18:01:56] [INFO] |  local epoch  : 1, acc 0.760
[2024-01-09 18:01:56] [INFO] |  local epoch  : 2, acc 0.785
[2024-01-09 18:01:57] [INFO] |  local epoch  : 3, acc 0.769
[2024-01-09 18:01:57] [INFO] |  local epoch  : 4, acc 0.797
