[2024-01-09 18:17:16] [INFO] device cuda is used.
[2024-01-09 18:17:16] [INFO] cudnn is actived.
[2024-01-09 18:17:16] [INFO] 
      alpha      :  0.5  
        T        :   6   
    algorithm    :   2   
num_server_commu :   2   
num_client_commu :   2   
num_client_train :  10   
num_public_train :   2   
   batch_size    :  160  
     dataset     : mnist 
  model_select   :   1   
 num_all_client  :   9   
 num_all_server  :   3   
 num_client_data : 1200  
 num_public_data :  50   
   proportion    :  0.8  
[2024-01-09 18:17:23] [INFO] --------------------------------------------------
[2024-01-09 18:17:23] [INFO] |epoch_server_commu: 0/2
[2024-01-09 18:17:23] [INFO]  |epoch_client_commu: 0/2
[2024-01-09 18:17:23] [INFO]   |server: 0
[2024-01-09 18:17:24] [INFO]  ---client 0
[2024-01-09 18:17:24] [INFO] |  local epoch  : 0, acc 0.101
[2024-01-09 18:17:25] [INFO] |  local epoch  : 1, acc 0.101
[2024-01-09 18:17:25] [INFO] |  local epoch  : 2, acc 0.101
[2024-01-09 18:17:25] [INFO] |  local epoch  : 3, acc 0.101
[2024-01-09 18:17:25] [INFO] |  local epoch  : 4, acc 0.101
[2024-01-09 18:17:26] [INFO] |  local epoch  : 5, acc 0.101
[2024-01-09 18:17:26] [INFO] |  local epoch  : 6, acc 0.101
[2024-01-09 18:17:26] [INFO] |  local epoch  : 7, acc 0.101
[2024-01-09 18:17:27] [INFO] |  local epoch  : 8, acc 0.101
[2024-01-09 18:17:27] [INFO] |  local epoch  : 9, acc 0.101
[2024-01-09 18:17:27] [INFO]  ---client 1
[2024-01-09 18:17:27] [INFO] |  local epoch  : 0, acc 0.101
[2024-01-09 18:17:28] [INFO] |  local epoch  : 1, acc 0.101
[2024-01-09 18:17:28] [INFO] |  local epoch  : 2, acc 0.101
[2024-01-09 18:17:28] [INFO] |  local epoch  : 3, acc 0.101
[2024-01-09 18:17:28] [INFO] |  local epoch  : 4, acc 0.101
[2024-01-09 18:17:29] [INFO] |  local epoch  : 5, acc 0.101
[2024-01-09 18:17:29] [INFO] |  local epoch  : 6, acc 0.101
[2024-01-09 18:17:29] [INFO] |  local epoch  : 7, acc 0.101
[2024-01-09 18:17:30] [INFO] |  local epoch  : 8, acc 0.101
[2024-01-09 18:17:30] [INFO] |  local epoch  : 9, acc 0.101
[2024-01-09 18:17:30] [INFO]  ---client 2
[2024-01-09 18:17:30] [INFO] |  local epoch  : 0, acc 0.101
[2024-01-09 18:17:31] [INFO] |  local epoch  : 1, acc 0.101
[2024-01-09 18:17:31] [INFO] |  local epoch  : 2, acc 0.101
[2024-01-09 18:17:31] [INFO] |  local epoch  : 3, acc 0.101
[2024-01-09 18:17:31] [INFO] |  local epoch  : 4, acc 0.101
[2024-01-09 18:17:32] [INFO] |  local epoch  : 5, acc 0.101
[2024-01-09 18:17:32] [INFO] |  local epoch  : 6, acc 0.101
[2024-01-09 18:17:32] [INFO] |  local epoch  : 7, acc 0.101
[2024-01-09 18:17:33] [INFO] |  local epoch  : 8, acc 0.101
[2024-01-09 18:17:33] [INFO] |  local epoch  : 9, acc 0.101
[2024-01-09 18:17:33] [INFO] |servers comunicated: 0, server aggregated: 0, acc_server 0: 0.101.
[2024-01-09 18:17:33] [INFO] --------------------------------------------------
[2024-01-09 18:17:33] [INFO]   |server: 1
[2024-01-09 18:17:33] [INFO]  ---client 3
[2024-01-09 18:17:33] [INFO] |  local epoch  : 0, acc 0.098
[2024-01-09 18:17:34] [INFO] |  local epoch  : 1, acc 0.098
[2024-01-09 18:17:34] [INFO] |  local epoch  : 2, acc 0.098
[2024-01-09 18:17:34] [INFO] |  local epoch  : 3, acc 0.098
[2024-01-09 18:17:34] [INFO] |  local epoch  : 4, acc 0.098
[2024-01-09 18:17:35] [INFO] |  local epoch  : 5, acc 0.098
[2024-01-09 18:17:35] [INFO] |  local epoch  : 6, acc 0.098
[2024-01-09 18:17:35] [INFO] |  local epoch  : 7, acc 0.098
[2024-01-09 18:17:36] [INFO] |  local epoch  : 8, acc 0.098
[2024-01-09 18:17:36] [INFO] |  local epoch  : 9, acc 0.098
[2024-01-09 18:17:36] [INFO]  ---client 4
[2024-01-09 18:17:36] [INFO] |  local epoch  : 0, acc 0.098
[2024-01-09 18:17:37] [INFO] |  local epoch  : 1, acc 0.098
[2024-01-09 18:17:37] [INFO] |  local epoch  : 2, acc 0.098
[2024-01-09 18:17:37] [INFO] |  local epoch  : 3, acc 0.098
[2024-01-09 18:17:37] [INFO] |  local epoch  : 4, acc 0.098
[2024-01-09 18:17:38] [INFO] |  local epoch  : 5, acc 0.098
[2024-01-09 18:17:38] [INFO] |  local epoch  : 6, acc 0.098
[2024-01-09 18:17:38] [INFO] |  local epoch  : 7, acc 0.098
[2024-01-09 18:17:39] [INFO] |  local epoch  : 8, acc 0.098
[2024-01-09 18:17:39] [INFO] |  local epoch  : 9, acc 0.098
[2024-01-09 18:17:39] [INFO]  ---client 5
[2024-01-09 18:17:39] [INFO] |  local epoch  : 0, acc 0.098
[2024-01-09 18:17:40] [INFO] |  local epoch  : 1, acc 0.098
[2024-01-09 18:17:40] [INFO] |  local epoch  : 2, acc 0.098
[2024-01-09 18:17:40] [INFO] |  local epoch  : 3, acc 0.098
[2024-01-09 18:17:40] [INFO] |  local epoch  : 4, acc 0.098
[2024-01-09 18:17:41] [INFO] |  local epoch  : 5, acc 0.098
[2024-01-09 18:17:41] [INFO] |  local epoch  : 6, acc 0.098
[2024-01-09 18:17:41] [INFO] |  local epoch  : 7, acc 0.098
[2024-01-09 18:17:42] [INFO] |  local epoch  : 8, acc 0.098
[2024-01-09 18:17:42] [INFO] |  local epoch  : 9, acc 0.098
[2024-01-09 18:17:42] [INFO] |servers comunicated: 0, server aggregated: 0, acc_server 1: 0.098.
[2024-01-09 18:17:42] [INFO] --------------------------------------------------
[2024-01-09 18:17:42] [INFO]   |server: 2
[2024-01-09 18:17:42] [INFO]  ---client 6
[2024-01-09 18:17:42] [INFO] |  local epoch  : 0, acc 0.096
[2024-01-09 18:17:43] [INFO] |  local epoch  : 1, acc 0.096
[2024-01-09 18:17:43] [INFO] |  local epoch  : 2, acc 0.096
[2024-01-09 18:17:43] [INFO] |  local epoch  : 3, acc 0.096
[2024-01-09 18:17:44] [INFO] |  local epoch  : 4, acc 0.096
[2024-01-09 18:17:44] [INFO] |  local epoch  : 5, acc 0.096
[2024-01-09 18:17:44] [INFO] |  local epoch  : 6, acc 0.096
[2024-01-09 18:17:44] [INFO] |  local epoch  : 7, acc 0.096
[2024-01-09 18:17:45] [INFO] |  local epoch  : 8, acc 0.096
[2024-01-09 18:17:45] [INFO] |  local epoch  : 9, acc 0.096
[2024-01-09 18:17:45] [INFO]  ---client 7
[2024-01-09 18:17:45] [INFO] |  local epoch  : 0, acc 0.096
[2024-01-09 18:17:46] [INFO] |  local epoch  : 1, acc 0.096
[2024-01-09 18:17:46] [INFO] |  local epoch  : 2, acc 0.096
[2024-01-09 18:17:46] [INFO] |  local epoch  : 3, acc 0.096
[2024-01-09 18:17:47] [INFO] |  local epoch  : 4, acc 0.096
[2024-01-09 18:17:47] [INFO] |  local epoch  : 5, acc 0.096
[2024-01-09 18:17:47] [INFO] |  local epoch  : 6, acc 0.096
[2024-01-09 18:17:48] [INFO] |  local epoch  : 7, acc 0.096
[2024-01-09 18:17:48] [INFO] |  local epoch  : 8, acc 0.096
[2024-01-09 18:17:48] [INFO] |  local epoch  : 9, acc 0.096
[2024-01-09 18:17:48] [INFO]  ---client 8
[2024-01-09 18:17:49] [INFO] |  local epoch  : 0, acc 0.096
[2024-01-09 18:17:49] [INFO] |  local epoch  : 1, acc 0.096
[2024-01-09 18:17:49] [INFO] |  local epoch  : 2, acc 0.096
[2024-01-09 18:17:49] [INFO] |  local epoch  : 3, acc 0.096
[2024-01-09 18:17:50] [INFO] |  local epoch  : 4, acc 0.096
[2024-01-09 18:17:50] [INFO] |  local epoch  : 5, acc 0.096
[2024-01-09 18:17:50] [INFO] |  local epoch  : 6, acc 0.096
[2024-01-09 18:17:51] [INFO] |  local epoch  : 7, acc 0.096
[2024-01-09 18:17:51] [INFO] |  local epoch  : 8, acc 0.096
[2024-01-09 18:17:51] [INFO] |  local epoch  : 9, acc 0.096
[2024-01-09 18:17:51] [INFO] |servers comunicated: 0, server aggregated: 0, acc_server 2: 0.096.
[2024-01-09 18:17:51] [INFO] --------------------------------------------------
[2024-01-09 18:17:51] [INFO]  |epoch_client_commu: 1/2
[2024-01-09 18:17:51] [INFO]   |server: 0
[2024-01-09 18:17:51] [INFO]  ---client 0
[2024-01-09 18:17:52] [INFO] |  local epoch  : 0, acc 0.101
[2024-01-09 18:17:52] [INFO] |  local epoch  : 1, acc 0.101
[2024-01-09 18:17:52] [INFO] |  local epoch  : 2, acc 0.101
[2024-01-09 18:17:53] [INFO] |  local epoch  : 3, acc 0.101
[2024-01-09 18:17:53] [INFO] |  local epoch  : 4, acc 0.107
[2024-01-09 18:17:53] [INFO] |  local epoch  : 5, acc 0.122
[2024-01-09 18:17:53] [INFO] |  local epoch  : 6, acc 0.157
[2024-01-09 18:17:54] [INFO] |  local epoch  : 7, acc 0.190
[2024-01-09 18:17:54] [INFO] |  local epoch  : 8, acc 0.293
[2024-01-09 18:17:54] [INFO] |  local epoch  : 9, acc 0.302
[2024-01-09 18:17:54] [INFO]  ---client 1
[2024-01-09 18:17:55] [INFO] |  local epoch  : 0, acc 0.101
[2024-01-09 18:17:55] [INFO] |  local epoch  : 1, acc 0.101
[2024-01-09 18:17:55] [INFO] |  local epoch  : 2, acc 0.101
[2024-01-09 18:17:56] [INFO] |  local epoch  : 3, acc 0.101
[2024-01-09 18:17:56] [INFO] |  local epoch  : 4, acc 0.105
[2024-01-09 18:17:56] [INFO] |  local epoch  : 5, acc 0.136
[2024-01-09 18:17:56] [INFO] |  local epoch  : 6, acc 0.163
[2024-01-09 18:17:57] [INFO] |  local epoch  : 7, acc 0.190
[2024-01-09 18:17:57] [INFO] |  local epoch  : 8, acc 0.237
[2024-01-09 18:17:57] [INFO] |  local epoch  : 9, acc 0.407
[2024-01-09 18:17:57] [INFO]  ---client 2
[2024-01-09 18:17:58] [INFO] |  local epoch  : 0, acc 0.101
[2024-01-09 18:17:58] [INFO] |  local epoch  : 1, acc 0.101
[2024-01-09 18:17:58] [INFO] |  local epoch  : 2, acc 0.101
[2024-01-09 18:17:59] [INFO] |  local epoch  : 3, acc 0.101
[2024-01-09 18:17:59] [INFO] |  local epoch  : 4, acc 0.101
[2024-01-09 18:17:59] [INFO] |  local epoch  : 5, acc 0.106
[2024-01-09 18:17:59] [INFO] |  local epoch  : 6, acc 0.138
[2024-01-09 18:18:00] [INFO] |  local epoch  : 7, acc 0.166
[2024-01-09 18:18:00] [INFO] |  local epoch  : 8, acc 0.268
[2024-01-09 18:18:00] [INFO] |  local epoch  : 9, acc 0.301
[2024-01-09 18:18:00] [INFO] |servers comunicated: 0, server aggregated: 1, acc_server 0: 0.321.
[2024-01-09 18:18:00] [INFO] --------------------------------------------------
[2024-01-09 18:18:00] [INFO]   |server: 1
