[2024-01-09 18:02:06] [INFO] device cuda is used.
[2024-01-09 18:02:06] [INFO] cudnn is actived.
[2024-01-09 18:02:06] [INFO] 
      alpha      :  0.5  
        T        :   6   
    algorithm    :   2   
num_server_commu :   2   
num_client_commu :   2   
num_client_train :  10   
num_public_train :   2   
   batch_size    :  160  
     dataset     : mnist 
  model_select   :   1   
 num_all_client  :   9   
 num_all_server  :   3   
 num_client_data : 1200  
 num_public_data :  50   
   proportion    :  0.8  
[2024-01-09 18:02:14] [INFO] --------------------------------------------------
[2024-01-09 18:02:14] [INFO] |epoch_server_commu: 0/2
[2024-01-09 18:02:14] [INFO]  |epoch_client_commu: 0/2
[2024-01-09 18:02:14] [INFO]   |server: 0
[2024-01-09 18:02:14] [INFO]  ---client 0
[2024-01-09 18:02:15] [INFO] |  local epoch  : 0, acc 0.101
[2024-01-09 18:02:15] [INFO] |  local epoch  : 1, acc 0.101
[2024-01-09 18:02:15] [INFO] |  local epoch  : 2, acc 0.101
[2024-01-09 18:02:16] [INFO] |  local epoch  : 3, acc 0.101
[2024-01-09 18:02:16] [INFO] |  local epoch  : 4, acc 0.101
[2024-01-09 18:02:16] [INFO] |  local epoch  : 5, acc 0.101
[2024-01-09 18:02:16] [INFO] |  local epoch  : 6, acc 0.101
[2024-01-09 18:02:17] [INFO] |  local epoch  : 7, acc 0.101
[2024-01-09 18:02:17] [INFO] |  local epoch  : 8, acc 0.101
[2024-01-09 18:02:17] [INFO] |  local epoch  : 9, acc 0.136
[2024-01-09 18:02:17] [INFO]  ---client 1
[2024-01-09 18:02:18] [INFO] |  local epoch  : 0, acc 0.101
[2024-01-09 18:02:18] [INFO] |  local epoch  : 1, acc 0.101
[2024-01-09 18:02:18] [INFO] |  local epoch  : 2, acc 0.101
[2024-01-09 18:02:19] [INFO] |  local epoch  : 3, acc 0.101
[2024-01-09 18:02:19] [INFO] |  local epoch  : 4, acc 0.101
[2024-01-09 18:02:19] [INFO] |  local epoch  : 5, acc 0.101
[2024-01-09 18:02:20] [INFO] |  local epoch  : 6, acc 0.101
[2024-01-09 18:02:20] [INFO] |  local epoch  : 7, acc 0.101
[2024-01-09 18:02:20] [INFO] |  local epoch  : 8, acc 0.101
[2024-01-09 18:02:21] [INFO] |  local epoch  : 9, acc 0.102
[2024-01-09 18:02:21] [INFO]  ---client 2
[2024-01-09 18:02:21] [INFO] |  local epoch  : 0, acc 0.101
[2024-01-09 18:02:21] [INFO] |  local epoch  : 1, acc 0.101
[2024-01-09 18:02:22] [INFO] |  local epoch  : 2, acc 0.101
[2024-01-09 18:02:22] [INFO] |  local epoch  : 3, acc 0.101
[2024-01-09 18:02:22] [INFO] |  local epoch  : 4, acc 0.101
[2024-01-09 18:02:23] [INFO] |  local epoch  : 5, acc 0.101
[2024-01-09 18:02:23] [INFO] |  local epoch  : 6, acc 0.101
[2024-01-09 18:02:23] [INFO] |  local epoch  : 7, acc 0.101
[2024-01-09 18:02:24] [INFO] |  local epoch  : 8, acc 0.101
[2024-01-09 18:02:24] [INFO] |  local epoch  : 9, acc 0.101
[2024-01-09 18:02:24] [INFO] |servers comunicated: 0, server aggregated: 0, acc_server 0: 0.101.
[2024-01-09 18:02:24] [INFO] --------------------------------------------------
[2024-01-09 18:02:24] [INFO]   |server: 1
[2024-01-09 18:02:24] [INFO]  ---client 3
[2024-01-09 18:02:24] [INFO] |  local epoch  : 0, acc 0.103
[2024-01-09 18:02:25] [INFO] |  local epoch  : 1, acc 0.103
[2024-01-09 18:02:25] [INFO] |  local epoch  : 2, acc 0.103
[2024-01-09 18:02:25] [INFO] |  local epoch  : 3, acc 0.103
[2024-01-09 18:02:26] [INFO] |  local epoch  : 4, acc 0.103
[2024-01-09 18:02:26] [INFO] |  local epoch  : 5, acc 0.103
[2024-01-09 18:02:26] [INFO] |  local epoch  : 6, acc 0.103
[2024-01-09 18:02:27] [INFO] |  local epoch  : 7, acc 0.104
[2024-01-09 18:02:27] [INFO] |  local epoch  : 8, acc 0.147
[2024-01-09 18:02:27] [INFO] |  local epoch  : 9, acc 0.216
[2024-01-09 18:02:27] [INFO]  ---client 4
[2024-01-09 18:02:28] [INFO] |  local epoch  : 0, acc 0.103
[2024-01-09 18:02:28] [INFO] |  local epoch  : 1, acc 0.103
[2024-01-09 18:02:28] [INFO] |  local epoch  : 2, acc 0.103
[2024-01-09 18:02:28] [INFO] |  local epoch  : 3, acc 0.103
[2024-01-09 18:02:29] [INFO] |  local epoch  : 4, acc 0.103
[2024-01-09 18:02:29] [INFO] |  local epoch  : 5, acc 0.103
[2024-01-09 18:02:29] [INFO] |  local epoch  : 6, acc 0.103
[2024-01-09 18:02:30] [INFO] |  local epoch  : 7, acc 0.103
[2024-01-09 18:02:30] [INFO] |  local epoch  : 8, acc 0.112
[2024-01-09 18:02:30] [INFO] |  local epoch  : 9, acc 0.192
[2024-01-09 18:02:30] [INFO]  ---client 5
[2024-01-09 18:02:31] [INFO] |  local epoch  : 0, acc 0.103
[2024-01-09 18:02:31] [INFO] |  local epoch  : 1, acc 0.103
[2024-01-09 18:02:31] [INFO] |  local epoch  : 2, acc 0.103
[2024-01-09 18:02:32] [INFO] |  local epoch  : 3, acc 0.103
[2024-01-09 18:02:32] [INFO] |  local epoch  : 4, acc 0.103
[2024-01-09 18:02:32] [INFO] |  local epoch  : 5, acc 0.103
[2024-01-09 18:02:33] [INFO] |  local epoch  : 6, acc 0.103
[2024-01-09 18:02:33] [INFO] |  local epoch  : 7, acc 0.103
[2024-01-09 18:02:33] [INFO] |  local epoch  : 8, acc 0.103
[2024-01-09 18:02:34] [INFO] |  local epoch  : 9, acc 0.137
[2024-01-09 18:02:34] [INFO] |servers comunicated: 0, server aggregated: 0, acc_server 1: 0.192.
[2024-01-09 18:02:34] [INFO] --------------------------------------------------
[2024-01-09 18:02:34] [INFO]   |server: 2
[2024-01-09 18:02:34] [INFO]  ---client 6
[2024-01-09 18:02:34] [INFO] |  local epoch  : 0, acc 0.098
[2024-01-09 18:02:34] [INFO] |  local epoch  : 1, acc 0.098
[2024-01-09 18:02:35] [INFO] |  local epoch  : 2, acc 0.098
[2024-01-09 18:02:35] [INFO] |  local epoch  : 3, acc 0.098
[2024-01-09 18:02:35] [INFO] |  local epoch  : 4, acc 0.098
[2024-01-09 18:02:36] [INFO] |  local epoch  : 5, acc 0.098
[2024-01-09 18:02:36] [INFO] |  local epoch  : 6, acc 0.098
[2024-01-09 18:02:36] [INFO] |  local epoch  : 7, acc 0.098
[2024-01-09 18:02:37] [INFO] |  local epoch  : 8, acc 0.134
[2024-01-09 18:02:37] [INFO] |  local epoch  : 9, acc 0.208
[2024-01-09 18:02:37] [INFO]  ---client 7
[2024-01-09 18:02:37] [INFO] |  local epoch  : 0, acc 0.098
[2024-01-09 18:02:37] [INFO] |  local epoch  : 1, acc 0.098
[2024-01-09 18:02:38] [INFO] |  local epoch  : 2, acc 0.098
[2024-01-09 18:02:38] [INFO] |  local epoch  : 3, acc 0.098
[2024-01-09 18:02:38] [INFO] |  local epoch  : 4, acc 0.098
[2024-01-09 18:02:39] [INFO] |  local epoch  : 5, acc 0.098
[2024-01-09 18:02:39] [INFO] |  local epoch  : 6, acc 0.098
[2024-01-09 18:02:39] [INFO] |  local epoch  : 7, acc 0.098
[2024-01-09 18:02:40] [INFO] |  local epoch  : 8, acc 0.142
[2024-01-09 18:02:40] [INFO] |  local epoch  : 9, acc 0.264
[2024-01-09 18:02:40] [INFO]  ---client 8
[2024-01-09 18:02:40] [INFO] |  local epoch  : 0, acc 0.098
[2024-01-09 18:02:41] [INFO] |  local epoch  : 1, acc 0.098
[2024-01-09 18:02:41] [INFO] |  local epoch  : 2, acc 0.098
[2024-01-09 18:02:41] [INFO] |  local epoch  : 3, acc 0.098
[2024-01-09 18:02:41] [INFO] |  local epoch  : 4, acc 0.098
[2024-01-09 18:02:42] [INFO] |  local epoch  : 5, acc 0.098
[2024-01-09 18:02:42] [INFO] |  local epoch  : 6, acc 0.098
[2024-01-09 18:02:42] [INFO] |  local epoch  : 7, acc 0.098
[2024-01-09 18:02:43] [INFO] |  local epoch  : 8, acc 0.118
[2024-01-09 18:02:43] [INFO] |  local epoch  : 9, acc 0.190
[2024-01-09 18:02:43] [INFO] |servers comunicated: 0, server aggregated: 0, acc_server 2: 0.205.
[2024-01-09 18:02:43] [INFO] --------------------------------------------------
[2024-01-09 18:02:43] [INFO]  |epoch_client_commu: 1/2
[2024-01-09 18:02:43] [INFO]   |server: 0
[2024-01-09 18:02:43] [INFO]  ---client 0
[2024-01-09 18:02:44] [INFO] |  local epoch  : 0, acc 0.140
[2024-01-09 18:02:44] [INFO] |  local epoch  : 1, acc 0.186
[2024-01-09 18:02:44] [INFO] |  local epoch  : 2, acc 0.261
[2024-01-09 18:02:44] [INFO] |  local epoch  : 3, acc 0.312
[2024-01-09 18:02:45] [INFO] |  local epoch  : 4, acc 0.392
[2024-01-09 18:02:45] [INFO] |  local epoch  : 5, acc 0.367
[2024-01-09 18:02:45] [INFO] |  local epoch  : 6, acc 0.506
[2024-01-09 18:02:46] [INFO] |  local epoch  : 7, acc 0.506
[2024-01-09 18:02:46] [INFO] |  local epoch  : 8, acc 0.516
[2024-01-09 18:02:46] [INFO] |  local epoch  : 9, acc 0.582
[2024-01-09 18:02:46] [INFO]  ---client 1
[2024-01-09 18:02:47] [INFO] |  local epoch  : 0, acc 0.111
[2024-01-09 18:02:47] [INFO] |  local epoch  : 1, acc 0.184
[2024-01-09 18:02:47] [INFO] |  local epoch  : 2, acc 0.234
[2024-01-09 18:02:48] [INFO] |  local epoch  : 3, acc 0.293
[2024-01-09 18:02:48] [INFO] |  local epoch  : 4, acc 0.375
[2024-01-09 18:02:48] [INFO] |  local epoch  : 5, acc 0.471
[2024-01-09 18:02:49] [INFO] |  local epoch  : 6, acc 0.487
[2024-01-09 18:02:49] [INFO] |  local epoch  : 7, acc 0.530
[2024-01-09 18:02:49] [INFO] |  local epoch  : 8, acc 0.565
[2024-01-09 18:02:50] [INFO] |  local epoch  : 9, acc 0.589
[2024-01-09 18:02:50] [INFO]  ---client 2
[2024-01-09 18:02:50] [INFO] |  local epoch  : 0, acc 0.135
[2024-01-09 18:02:50] [INFO] |  local epoch  : 1, acc 0.176
[2024-01-09 18:02:50] [INFO] |  local epoch  : 2, acc 0.240
[2024-01-09 18:02:51] [INFO] |  local epoch  : 3, acc 0.330
[2024-01-09 18:02:51] [INFO] |  local epoch  : 4, acc 0.409
[2024-01-09 18:02:51] [INFO] |  local epoch  : 5, acc 0.504
[2024-01-09 18:02:52] [INFO] |  local epoch  : 6, acc 0.543
[2024-01-09 18:02:52] [INFO] |  local epoch  : 7, acc 0.540
[2024-01-09 18:02:52] [INFO] |  local epoch  : 8, acc 0.625
[2024-01-09 18:02:53] [INFO] |  local epoch  : 9, acc 0.696
[2024-01-09 18:02:53] [INFO] |servers comunicated: 0, server aggregated: 1, acc_server 0: 0.652.
[2024-01-09 18:02:53] [INFO] --------------------------------------------------
[2024-01-09 18:02:53] [INFO]   |server: 1
[2024-01-09 18:02:53] [INFO]  ---client 3
[2024-01-09 18:02:53] [INFO] |  local epoch  : 0, acc 0.241
[2024-01-09 18:02:53] [INFO] |  local epoch  : 1, acc 0.300
[2024-01-09 18:02:54] [INFO] |  local epoch  : 2, acc 0.384
[2024-01-09 18:02:54] [INFO] |  local epoch  : 3, acc 0.467
[2024-01-09 18:02:54] [INFO] |  local epoch  : 4, acc 0.538
[2024-01-09 18:02:55] [INFO] |  local epoch  : 5, acc 0.589
[2024-01-09 18:02:55] [INFO] |  local epoch  : 6, acc 0.605
[2024-01-09 18:02:55] [INFO] |  local epoch  : 7, acc 0.681
[2024-01-09 18:02:56] [INFO] |  local epoch  : 8, acc 0.709
[2024-01-09 18:02:56] [INFO] |  local epoch  : 9, acc 0.747
[2024-01-09 18:02:56] [INFO]  ---client 4
[2024-01-09 18:02:56] [INFO] |  local epoch  : 0, acc 0.273
[2024-01-09 18:02:57] [INFO] |  local epoch  : 1, acc 0.351
[2024-01-09 18:02:57] [INFO] |  local epoch  : 2, acc 0.396
[2024-01-09 18:02:57] [INFO] |  local epoch  : 3, acc 0.492
[2024-01-09 18:02:58] [INFO] |  local epoch  : 4, acc 0.519
[2024-01-09 18:02:58] [INFO] |  local epoch  : 5, acc 0.533
[2024-01-09 18:02:58] [INFO] |  local epoch  : 6, acc 0.599
[2024-01-09 18:02:58] [INFO] |  local epoch  : 7, acc 0.622
[2024-01-09 18:02:59] [INFO] |  local epoch  : 8, acc 0.629
[2024-01-09 18:02:59] [INFO] |  local epoch  : 9, acc 0.687
[2024-01-09 18:02:59] [INFO]  ---client 5
[2024-01-09 18:02:59] [INFO] |  local epoch  : 0, acc 0.264
[2024-01-09 18:03:00] [INFO] |  local epoch  : 1, acc 0.347
[2024-01-09 18:03:00] [INFO] |  local epoch  : 2, acc 0.332
[2024-01-09 18:03:00] [INFO] |  local epoch  : 3, acc 0.386
[2024-01-09 18:03:01] [INFO] |  local epoch  : 4, acc 0.440
