[2024-01-09 18:28:50] [INFO] device cuda is used.
[2024-01-09 18:28:50] [INFO] cudnn is actived.
[2024-01-09 18:28:50] [INFO] 
      alpha      :  0.5  
        T        :   6   
    algorithm    :   2   
num_server_commu :   2   
num_client_commu :   2   
num_client_train :  10   
num_public_train :   2   
   batch_size    :  160  
     dataset     : mnist 
  model_select   :   1   
 num_all_client  :   9   
 num_all_server  :   3   
 num_client_data : 1200  
 num_public_data :  50   
   proportion    :  0.8  
[2024-01-09 18:28:58] [INFO] --------------------------------------------------
[2024-01-09 18:28:58] [INFO] |epoch_server_commu: 0/2
[2024-01-09 18:28:58] [INFO]  |epoch_client_commu: 0/2
[2024-01-09 18:28:58] [INFO]   |server: 0
[2024-01-09 18:28:58] [INFO]  ---client 0
[2024-01-09 18:28:58] [INFO] |  local epoch  : 0, acc 0.102
[2024-01-09 18:28:59] [INFO] |  local epoch  : 1, acc 0.103
[2024-01-09 18:28:59] [INFO] |  local epoch  : 2, acc 0.103
[2024-01-09 18:28:59] [INFO] |  local epoch  : 3, acc 0.103
[2024-01-09 18:29:00] [INFO] |  local epoch  : 4, acc 0.103
[2024-01-09 18:29:00] [INFO] |  local epoch  : 5, acc 0.103
[2024-01-09 18:29:00] [INFO] |  local epoch  : 6, acc 0.103
[2024-01-09 18:29:00] [INFO] |  local epoch  : 7, acc 0.103
[2024-01-09 18:29:01] [INFO] |  local epoch  : 8, acc 0.103
[2024-01-09 18:29:01] [INFO] |  local epoch  : 9, acc 0.103
[2024-01-09 18:29:01] [INFO]  ---client 1
[2024-01-09 18:29:01] [INFO] |  local epoch  : 0, acc 0.103
[2024-01-09 18:29:01] [INFO] |  local epoch  : 1, acc 0.103
[2024-01-09 18:29:02] [INFO] |  local epoch  : 2, acc 0.103
[2024-01-09 18:29:02] [INFO] |  local epoch  : 3, acc 0.103
[2024-01-09 18:29:02] [INFO] |  local epoch  : 4, acc 0.103
[2024-01-09 18:29:03] [INFO] |  local epoch  : 5, acc 0.103
[2024-01-09 18:29:03] [INFO] |  local epoch  : 6, acc 0.103
[2024-01-09 18:29:03] [INFO] |  local epoch  : 7, acc 0.103
[2024-01-09 18:29:04] [INFO] |  local epoch  : 8, acc 0.103
[2024-01-09 18:29:04] [INFO] |  local epoch  : 9, acc 0.103
[2024-01-09 18:29:04] [INFO]  ---client 2
[2024-01-09 18:29:04] [INFO] |  local epoch  : 0, acc 0.092
[2024-01-09 18:29:04] [INFO] |  local epoch  : 1, acc 0.103
[2024-01-09 18:29:05] [INFO] |  local epoch  : 2, acc 0.103
[2024-01-09 18:29:05] [INFO] |  local epoch  : 3, acc 0.103
[2024-01-09 18:29:05] [INFO] |  local epoch  : 4, acc 0.103
[2024-01-09 18:29:06] [INFO] |  local epoch  : 5, acc 0.103
[2024-01-09 18:29:06] [INFO] |  local epoch  : 6, acc 0.103
[2024-01-09 18:29:06] [INFO] |  local epoch  : 7, acc 0.103
[2024-01-09 18:29:06] [INFO] |  local epoch  : 8, acc 0.103
[2024-01-09 18:29:07] [INFO] |  local epoch  : 9, acc 0.103
[2024-01-09 18:29:07] [INFO] |servers comunicated: 0, server aggregated: 0, acc_server 0: 0.103.
[2024-01-09 18:29:07] [INFO] --------------------------------------------------
[2024-01-09 18:29:07] [INFO]   |server: 1
[2024-01-09 18:29:07] [INFO]  ---client 3
[2024-01-09 18:29:07] [INFO] |  local epoch  : 0, acc 0.098
[2024-01-09 18:29:07] [INFO] |  local epoch  : 1, acc 0.098
[2024-01-09 18:29:08] [INFO] |  local epoch  : 2, acc 0.098
[2024-01-09 18:29:08] [INFO] |  local epoch  : 3, acc 0.098
[2024-01-09 18:29:08] [INFO] |  local epoch  : 4, acc 0.098
[2024-01-09 18:29:09] [INFO] |  local epoch  : 5, acc 0.098
[2024-01-09 18:29:09] [INFO] |  local epoch  : 6, acc 0.098
[2024-01-09 18:29:09] [INFO] |  local epoch  : 7, acc 0.098
[2024-01-09 18:29:09] [INFO] |  local epoch  : 8, acc 0.099
[2024-01-09 18:29:10] [INFO] |  local epoch  : 9, acc 0.146
[2024-01-09 18:29:10] [INFO]  ---client 4
[2024-01-09 18:29:10] [INFO] |  local epoch  : 0, acc 0.098
[2024-01-09 18:29:10] [INFO] |  local epoch  : 1, acc 0.098
[2024-01-09 18:29:11] [INFO] |  local epoch  : 2, acc 0.098
[2024-01-09 18:29:11] [INFO] |  local epoch  : 3, acc 0.098
[2024-01-09 18:29:11] [INFO] |  local epoch  : 4, acc 0.098
[2024-01-09 18:29:11] [INFO] |  local epoch  : 5, acc 0.098
[2024-01-09 18:29:12] [INFO] |  local epoch  : 6, acc 0.098
[2024-01-09 18:29:12] [INFO] |  local epoch  : 7, acc 0.098
[2024-01-09 18:29:12] [INFO] |  local epoch  : 8, acc 0.142
[2024-01-09 18:29:13] [INFO] |  local epoch  : 9, acc 0.213
[2024-01-09 18:29:13] [INFO]  ---client 5
[2024-01-09 18:29:13] [INFO] |  local epoch  : 0, acc 0.098
[2024-01-09 18:29:13] [INFO] |  local epoch  : 1, acc 0.098
[2024-01-09 18:29:13] [INFO] |  local epoch  : 2, acc 0.098
[2024-01-09 18:29:14] [INFO] |  local epoch  : 3, acc 0.098
[2024-01-09 18:29:14] [INFO] |  local epoch  : 4, acc 0.098
[2024-01-09 18:29:14] [INFO] |  local epoch  : 5, acc 0.098
[2024-01-09 18:29:15] [INFO] |  local epoch  : 6, acc 0.098
[2024-01-09 18:29:15] [INFO] |  local epoch  : 7, acc 0.098
[2024-01-09 18:29:15] [INFO] |  local epoch  : 8, acc 0.131
[2024-01-09 18:29:15] [INFO] |  local epoch  : 9, acc 0.209
[2024-01-09 18:29:16] [INFO] |servers comunicated: 0, server aggregated: 0, acc_server 1: 0.114.
[2024-01-09 18:29:16] [INFO] --------------------------------------------------
[2024-01-09 18:29:16] [INFO]   |server: 2
[2024-01-09 18:29:16] [INFO]  ---client 6
[2024-01-09 18:29:16] [INFO] |  local epoch  : 0, acc 0.098
[2024-01-09 18:29:16] [INFO] |  local epoch  : 1, acc 0.098
[2024-01-09 18:29:17] [INFO] |  local epoch  : 2, acc 0.098
[2024-01-09 18:29:17] [INFO] |  local epoch  : 3, acc 0.098
[2024-01-09 18:29:17] [INFO] |  local epoch  : 4, acc 0.098
[2024-01-09 18:29:17] [INFO] |  local epoch  : 5, acc 0.098
[2024-01-09 18:29:18] [INFO] |  local epoch  : 6, acc 0.098
[2024-01-09 18:29:18] [INFO] |  local epoch  : 7, acc 0.098
[2024-01-09 18:29:18] [INFO] |  local epoch  : 8, acc 0.098
[2024-01-09 18:29:19] [INFO] |  local epoch  : 9, acc 0.098
[2024-01-09 18:29:19] [INFO]  ---client 7
[2024-01-09 18:29:19] [INFO] |  local epoch  : 0, acc 0.098
[2024-01-09 18:29:19] [INFO] |  local epoch  : 1, acc 0.098
[2024-01-09 18:29:19] [INFO] |  local epoch  : 2, acc 0.098
[2024-01-09 18:29:20] [INFO] |  local epoch  : 3, acc 0.098
[2024-01-09 18:29:20] [INFO] |  local epoch  : 4, acc 0.098
[2024-01-09 18:29:20] [INFO] |  local epoch  : 5, acc 0.098
[2024-01-09 18:29:21] [INFO] |  local epoch  : 6, acc 0.098
[2024-01-09 18:29:21] [INFO] |  local epoch  : 7, acc 0.098
[2024-01-09 18:29:21] [INFO] |  local epoch  : 8, acc 0.098
[2024-01-09 18:29:21] [INFO] |  local epoch  : 9, acc 0.098
[2024-01-09 18:29:21] [INFO]  ---client 8
[2024-01-09 18:29:22] [INFO] |  local epoch  : 0, acc 0.098
[2024-01-09 18:29:22] [INFO] |  local epoch  : 1, acc 0.098
[2024-01-09 18:29:22] [INFO] |  local epoch  : 2, acc 0.098
[2024-01-09 18:29:23] [INFO] |  local epoch  : 3, acc 0.098
[2024-01-09 18:29:23] [INFO] |  local epoch  : 4, acc 0.098
[2024-01-09 18:29:23] [INFO] |  local epoch  : 5, acc 0.098
[2024-01-09 18:29:24] [INFO] |  local epoch  : 6, acc 0.098
[2024-01-09 18:29:24] [INFO] |  local epoch  : 7, acc 0.098
[2024-01-09 18:29:24] [INFO] |  local epoch  : 8, acc 0.098
[2024-01-09 18:29:25] [INFO] |  local epoch  : 9, acc 0.098
[2024-01-09 18:29:25] [INFO] |servers comunicated: 0, server aggregated: 0, acc_server 2: 0.098.
[2024-01-09 18:29:25] [INFO] --------------------------------------------------
[2024-01-09 18:29:25] [INFO]  |epoch_client_commu: 1/2
[2024-01-09 18:29:25] [INFO]   |server: 0
[2024-01-09 18:29:25] [INFO]  ---client 0
[2024-01-09 18:29:25] [INFO] |  local epoch  : 0, acc 0.103
[2024-01-09 18:29:25] [INFO] |  local epoch  : 1, acc 0.103
[2024-01-09 18:29:26] [INFO] |  local epoch  : 2, acc 0.140
[2024-01-09 18:29:26] [INFO] |  local epoch  : 3, acc 0.259
[2024-01-09 18:29:26] [INFO] |  local epoch  : 4, acc 0.306
[2024-01-09 18:29:27] [INFO] |  local epoch  : 5, acc 0.325
[2024-01-09 18:29:27] [INFO] |  local epoch  : 6, acc 0.405
[2024-01-09 18:29:27] [INFO] |  local epoch  : 7, acc 0.469
[2024-01-09 18:29:27] [INFO] |  local epoch  : 8, acc 0.532
[2024-01-09 18:29:28] [INFO] |  local epoch  : 9, acc 0.536
[2024-01-09 18:29:28] [INFO]  ---client 1
[2024-01-09 18:29:28] [INFO] |  local epoch  : 0, acc 0.103
[2024-01-09 18:29:28] [INFO] |  local epoch  : 1, acc 0.103
[2024-01-09 18:29:29] [INFO] |  local epoch  : 2, acc 0.165
[2024-01-09 18:29:29] [INFO] |  local epoch  : 3, acc 0.224
[2024-01-09 18:29:29] [INFO] |  local epoch  : 4, acc 0.323
[2024-01-09 18:29:30] [INFO] |  local epoch  : 5, acc 0.395
[2024-01-09 18:29:30] [INFO] |  local epoch  : 6, acc 0.471
[2024-01-09 18:29:30] [INFO] |  local epoch  : 7, acc 0.534
[2024-01-09 18:29:30] [INFO] |  local epoch  : 8, acc 0.572
[2024-01-09 18:29:31] [INFO] |  local epoch  : 9, acc 0.586
[2024-01-09 18:29:31] [INFO]  ---client 2
[2024-01-09 18:29:31] [INFO] |  local epoch  : 0, acc 0.103
[2024-01-09 18:29:31] [INFO] |  local epoch  : 1, acc 0.103
[2024-01-09 18:29:32] [INFO] |  local epoch  : 2, acc 0.190
[2024-01-09 18:29:32] [INFO] |  local epoch  : 3, acc 0.254
[2024-01-09 18:29:32] [INFO] |  local epoch  : 4, acc 0.325
[2024-01-09 18:29:33] [INFO] |  local epoch  : 5, acc 0.390
[2024-01-09 18:29:33] [INFO] |  local epoch  : 6, acc 0.472
[2024-01-09 18:29:33] [INFO] |  local epoch  : 7, acc 0.519
[2024-01-09 18:29:33] [INFO] |  local epoch  : 8, acc 0.559
[2024-01-09 18:29:34] [INFO] |  local epoch  : 9, acc 0.569
[2024-01-09 18:29:34] [INFO] |servers comunicated: 0, server aggregated: 1, acc_server 0: 0.570.
[2024-01-09 18:29:34] [INFO] --------------------------------------------------
[2024-01-09 18:29:34] [INFO]   |server: 1
[2024-01-09 18:29:34] [INFO]  ---client 3
[2024-01-09 18:29:34] [INFO] |  local epoch  : 0, acc 0.161
[2024-01-09 18:29:34] [INFO] |  local epoch  : 1, acc 0.279
[2024-01-09 18:29:35] [INFO] |  local epoch  : 2, acc 0.335
[2024-01-09 18:29:35] [INFO] |  local epoch  : 3, acc 0.397
[2024-01-09 18:29:35] [INFO] |  local epoch  : 4, acc 0.519
[2024-01-09 18:29:36] [INFO] |  local epoch  : 5, acc 0.560
[2024-01-09 18:29:36] [INFO] |  local epoch  : 6, acc 0.634
[2024-01-09 18:29:36] [INFO] |  local epoch  : 7, acc 0.666
[2024-01-09 18:29:37] [INFO] |  local epoch  : 8, acc 0.637
[2024-01-09 18:29:37] [INFO] |  local epoch  : 9, acc 0.684
[2024-01-09 18:29:37] [INFO]  ---client 4
[2024-01-09 18:29:37] [INFO] |  local epoch  : 0, acc 0.278
[2024-01-09 18:29:37] [INFO] |  local epoch  : 1, acc 0.321
[2024-01-09 18:29:38] [INFO] |  local epoch  : 2, acc 0.371
[2024-01-09 18:29:38] [INFO] |  local epoch  : 3, acc 0.404
[2024-01-09 18:29:38] [INFO] |  local epoch  : 4, acc 0.484
[2024-01-09 18:29:39] [INFO] |  local epoch  : 5, acc 0.558
[2024-01-09 18:29:39] [INFO] |  local epoch  : 6, acc 0.607
[2024-01-09 18:29:39] [INFO] |  local epoch  : 7, acc 0.652
[2024-01-09 18:29:39] [INFO] |  local epoch  : 8, acc 0.667
[2024-01-09 18:29:40] [INFO] |  local epoch  : 9, acc 0.635
[2024-01-09 18:29:40] [INFO]  ---client 5
[2024-01-09 18:29:40] [INFO] |  local epoch  : 0, acc 0.181
[2024-01-09 18:29:40] [INFO] |  local epoch  : 1, acc 0.264
[2024-01-09 18:29:41] [INFO] |  local epoch  : 2, acc 0.330
[2024-01-09 18:29:41] [INFO] |  local epoch  : 3, acc 0.476
[2024-01-09 18:29:41] [INFO] |  local epoch  : 4, acc 0.462
[2024-01-09 18:29:42] [INFO] |  local epoch  : 5, acc 0.577
[2024-01-09 18:29:42] [INFO] |  local epoch  : 6, acc 0.620
[2024-01-09 18:29:42] [INFO] |  local epoch  : 7, acc 0.692
[2024-01-09 18:29:42] [INFO] |  local epoch  : 8, acc 0.703
[2024-01-09 18:29:43] [INFO] |  local epoch  : 9, acc 0.762
[2024-01-09 18:29:43] [INFO] |servers comunicated: 0, server aggregated: 1, acc_server 1: 0.747.
[2024-01-09 18:29:43] [INFO] --------------------------------------------------
[2024-01-09 18:29:43] [INFO]   |server: 2
[2024-01-09 18:29:43] [INFO]  ---client 6
[2024-01-09 18:29:43] [INFO] |  local epoch  : 0, acc 0.098
[2024-01-09 18:29:43] [INFO] |  local epoch  : 1, acc 0.109
[2024-01-09 18:29:44] [INFO] |  local epoch  : 2, acc 0.195
[2024-01-09 18:29:44] [INFO] |  local epoch  : 3, acc 0.225
[2024-01-09 18:29:44] [INFO] |  local epoch  : 4, acc 0.295
[2024-01-09 18:29:45] [INFO] |  local epoch  : 5, acc 0.348
[2024-01-09 18:29:45] [INFO] |  local epoch  : 6, acc 0.418
[2024-01-09 18:29:45] [INFO] |  local epoch  : 7, acc 0.482
[2024-01-09 18:29:46] [INFO] |  local epoch  : 8, acc 0.563
[2024-01-09 18:29:46] [INFO] |  local epoch  : 9, acc 0.635
[2024-01-09 18:29:46] [INFO]  ---client 7
[2024-01-09 18:29:46] [INFO] |  local epoch  : 0, acc 0.102
[2024-01-09 18:29:46] [INFO] |  local epoch  : 1, acc 0.155
[2024-01-09 18:29:47] [INFO] |  local epoch  : 2, acc 0.272
[2024-01-09 18:29:47] [INFO] |  local epoch  : 3, acc 0.317
[2024-01-09 18:29:47] [INFO] |  local epoch  : 4, acc 0.325
[2024-01-09 18:29:48] [INFO] |  local epoch  : 5, acc 0.435
[2024-01-09 18:29:48] [INFO] |  local epoch  : 6, acc 0.536
[2024-01-09 18:29:48] [INFO] |  local epoch  : 7, acc 0.598
[2024-01-09 18:29:49] [INFO] |  local epoch  : 8, acc 0.628
[2024-01-09 18:29:49] [INFO] |  local epoch  : 9, acc 0.643
[2024-01-09 18:29:49] [INFO]  ---client 8
[2024-01-09 18:29:49] [INFO] |  local epoch  : 0, acc 0.098
[2024-01-09 18:29:49] [INFO] |  local epoch  : 1, acc 0.116
[2024-01-09 18:29:50] [INFO] |  local epoch  : 2, acc 0.232
[2024-01-09 18:29:50] [INFO] |  local epoch  : 3, acc 0.371
[2024-01-09 18:29:50] [INFO] |  local epoch  : 4, acc 0.455
[2024-01-09 18:29:51] [INFO] |  local epoch  : 5, acc 0.466
[2024-01-09 18:29:51] [INFO] |  local epoch  : 6, acc 0.550
[2024-01-09 18:29:51] [INFO] |  local epoch  : 7, acc 0.540
[2024-01-09 18:29:51] [INFO] |  local epoch  : 8, acc 0.582
[2024-01-09 18:29:52] [INFO] |  local epoch  : 9, acc 0.638
[2024-01-09 18:29:52] [INFO] |servers comunicated: 0, server aggregated: 1, acc_server 2: 0.663.
[2024-01-09 18:29:52] [INFO] --------------------------------------------------
[2024-01-09 18:29:52] [INFO]      ********  servers comunicates  ********      
[2024-01-09 18:29:52] [INFO] --------------------------------------------------
[2024-01-09 18:29:52] [INFO] |epoch_server_commu: 1/2
[2024-01-09 18:29:52] [INFO]  |epoch_client_commu: 0/2
[2024-01-09 18:29:52] [INFO]   |server: 0
[2024-01-09 18:29:52] [INFO]  ---client 0
[2024-01-09 18:29:52] [INFO] |  local epoch  : 0, acc 0.646
[2024-01-09 18:29:53] [INFO] |  local epoch  : 1, acc 0.620
[2024-01-09 18:29:53] [INFO] |  local epoch  : 2, acc 0.666
[2024-01-09 18:29:53] [INFO] |  local epoch  : 3, acc 0.645
[2024-01-09 18:29:53] [INFO] |  local epoch  : 4, acc 0.647
[2024-01-09 18:29:54] [INFO] |  local epoch  : 5, acc 0.693
[2024-01-09 18:29:54] [INFO] |  local epoch  : 6, acc 0.663
[2024-01-09 18:29:54] [INFO] |  local epoch  : 7, acc 0.681
[2024-01-09 18:29:55] [INFO] |  local epoch  : 8, acc 0.712
[2024-01-09 18:29:55] [INFO] |  local epoch  : 9, acc 0.687
[2024-01-09 18:29:55] [INFO]  ---client 1
[2024-01-09 18:29:55] [INFO] |  local epoch  : 0, acc 0.613
[2024-01-09 18:29:56] [INFO] |  local epoch  : 1, acc 0.622
[2024-01-09 18:29:56] [INFO] |  local epoch  : 2, acc 0.648
[2024-01-09 18:29:56] [INFO] |  local epoch  : 3, acc 0.641
[2024-01-09 18:29:56] [INFO] |  local epoch  : 4, acc 0.671
[2024-01-09 18:29:57] [INFO] |  local epoch  : 5, acc 0.663
[2024-01-09 18:29:57] [INFO] |  local epoch  : 6, acc 0.702
[2024-01-09 18:29:57] [INFO] |  local epoch  : 7, acc 0.681
[2024-01-09 18:29:58] [INFO] |  local epoch  : 8, acc 0.687
[2024-01-09 18:29:58] [INFO] |  local epoch  : 9, acc 0.696
[2024-01-09 18:29:58] [INFO]  ---client 2
[2024-01-09 18:29:58] [INFO] |  local epoch  : 0, acc 0.636
[2024-01-09 18:29:59] [INFO] |  local epoch  : 1, acc 0.617
[2024-01-09 18:29:59] [INFO] |  local epoch  : 2, acc 0.634
[2024-01-09 18:29:59] [INFO] |  local epoch  : 3, acc 0.627
[2024-01-09 18:29:59] [INFO] |  local epoch  : 4, acc 0.647
[2024-01-09 18:30:00] [INFO] |  local epoch  : 5, acc 0.653
[2024-01-09 18:30:00] [INFO] |  local epoch  : 6, acc 0.672
[2024-01-09 18:30:00] [INFO] |  local epoch  : 7, acc 0.668
[2024-01-09 18:30:01] [INFO] |  local epoch  : 8, acc 0.688
[2024-01-09 18:30:01] [INFO] |  local epoch  : 9, acc 0.702
[2024-01-09 18:30:01] [INFO] |servers comunicated: 1, server aggregated: 0, acc_server 0: 0.703.
[2024-01-09 18:30:01] [INFO] --------------------------------------------------
[2024-01-09 18:30:01] [INFO]   |server: 1
[2024-01-09 18:30:01] [INFO]  ---client 3
[2024-01-09 18:30:01] [INFO] |  local epoch  : 0, acc 0.755
[2024-01-09 18:30:02] [INFO] |  local epoch  : 1, acc 0.761
[2024-01-09 18:30:02] [INFO] |  local epoch  : 2, acc 0.747
[2024-01-09 18:30:02] [INFO] |  local epoch  : 3, acc 0.762
[2024-01-09 18:30:03] [INFO] |  local epoch  : 4, acc 0.744
[2024-01-09 18:30:03] [INFO] |  local epoch  : 5, acc 0.778
[2024-01-09 18:30:03] [INFO] |  local epoch  : 6, acc 0.775
[2024-01-09 18:30:03] [INFO] |  local epoch  : 7, acc 0.776
[2024-01-09 18:30:04] [INFO] |  local epoch  : 8, acc 0.763
[2024-01-09 18:30:04] [INFO] |  local epoch  : 9, acc 0.779
[2024-01-09 18:30:04] [INFO]  ---client 4
[2024-01-09 18:30:04] [INFO] |  local epoch  : 0, acc 0.728
[2024-01-09 18:30:05] [INFO] |  local epoch  : 1, acc 0.747
[2024-01-09 18:30:05] [INFO] |  local epoch  : 2, acc 0.750
[2024-01-09 18:30:05] [INFO] |  local epoch  : 3, acc 0.751
[2024-01-09 18:30:06] [INFO] |  local epoch  : 4, acc 0.763
[2024-01-09 18:30:06] [INFO] |  local epoch  : 5, acc 0.753
[2024-01-09 18:30:06] [INFO] |  local epoch  : 6, acc 0.768
[2024-01-09 18:30:06] [INFO] |  local epoch  : 7, acc 0.766
[2024-01-09 18:30:07] [INFO] |  local epoch  : 8, acc 0.776
[2024-01-09 18:30:07] [INFO] |  local epoch  : 9, acc 0.778
[2024-01-09 18:30:07] [INFO]  ---client 5
[2024-01-09 18:30:07] [INFO] |  local epoch  : 0, acc 0.767
[2024-01-09 18:30:08] [INFO] |  local epoch  : 1, acc 0.772
[2024-01-09 18:30:08] [INFO] |  local epoch  : 2, acc 0.765
[2024-01-09 18:30:08] [INFO] |  local epoch  : 3, acc 0.769
[2024-01-09 18:30:09] [INFO] |  local epoch  : 4, acc 0.777
[2024-01-09 18:30:09] [INFO] |  local epoch  : 5, acc 0.791
[2024-01-09 18:30:09] [INFO] |  local epoch  : 6, acc 0.782
[2024-01-09 18:30:09] [INFO] |  local epoch  : 7, acc 0.790
[2024-01-09 18:30:10] [INFO] |  local epoch  : 8, acc 0.792
[2024-01-09 18:30:10] [INFO] |  local epoch  : 9, acc 0.794
[2024-01-09 18:30:10] [INFO] |servers comunicated: 1, server aggregated: 0, acc_server 1: 0.801.
[2024-01-09 18:30:10] [INFO] --------------------------------------------------
[2024-01-09 18:30:10] [INFO]   |server: 2
[2024-01-09 18:30:10] [INFO]  ---client 6
[2024-01-09 18:30:10] [INFO] |  local epoch  : 0, acc 0.656
[2024-01-09 18:30:11] [INFO] |  local epoch  : 1, acc 0.668
[2024-01-09 18:30:11] [INFO] |  local epoch  : 2, acc 0.681
[2024-01-09 18:30:11] [INFO] |  local epoch  : 3, acc 0.662
[2024-01-09 18:30:12] [INFO] |  local epoch  : 4, acc 0.682
[2024-01-09 18:30:12] [INFO] |  local epoch  : 5, acc 0.682
[2024-01-09 18:30:12] [INFO] |  local epoch  : 6, acc 0.701
[2024-01-09 18:30:13] [INFO] |  local epoch  : 7, acc 0.692
[2024-01-09 18:30:13] [INFO] |  local epoch  : 8, acc 0.699
[2024-01-09 18:30:13] [INFO] |  local epoch  : 9, acc 0.695
[2024-01-09 18:30:13] [INFO]  ---client 7
[2024-01-09 18:30:13] [INFO] |  local epoch  : 0, acc 0.653
[2024-01-09 18:30:14] [INFO] |  local epoch  : 1, acc 0.670
[2024-01-09 18:30:14] [INFO] |  local epoch  : 2, acc 0.672
[2024-01-09 18:30:14] [INFO] |  local epoch  : 3, acc 0.670
[2024-01-09 18:30:15] [INFO] |  local epoch  : 4, acc 0.688
[2024-01-09 18:30:15] [INFO] |  local epoch  : 5, acc 0.684
[2024-01-09 18:30:15] [INFO] |  local epoch  : 6, acc 0.688
[2024-01-09 18:30:15] [INFO] |  local epoch  : 7, acc 0.698
[2024-01-09 18:30:16] [INFO] |  local epoch  : 8, acc 0.693
[2024-01-09 18:30:16] [INFO] |  local epoch  : 9, acc 0.707
[2024-01-09 18:30:16] [INFO]  ---client 8
[2024-01-09 18:30:16] [INFO] |  local epoch  : 0, acc 0.682
[2024-01-09 18:30:17] [INFO] |  local epoch  : 1, acc 0.680
[2024-01-09 18:30:17] [INFO] |  local epoch  : 2, acc 0.687
[2024-01-09 18:30:17] [INFO] |  local epoch  : 3, acc 0.695
[2024-01-09 18:30:18] [INFO] |  local epoch  : 4, acc 0.697
[2024-01-09 18:30:18] [INFO] |  local epoch  : 5, acc 0.712
[2024-01-09 18:30:18] [INFO] |  local epoch  : 6, acc 0.692
[2024-01-09 18:30:18] [INFO] |  local epoch  : 7, acc 0.699
[2024-01-09 18:30:19] [INFO] |  local epoch  : 8, acc 0.713
[2024-01-09 18:30:19] [INFO] |  local epoch  : 9, acc 0.719
[2024-01-09 18:30:19] [INFO] |servers comunicated: 1, server aggregated: 0, acc_server 2: 0.711.
[2024-01-09 18:30:19] [INFO] --------------------------------------------------
[2024-01-09 18:30:19] [INFO]  |epoch_client_commu: 1/2
[2024-01-09 18:30:19] [INFO]   |server: 0
[2024-01-09 18:30:19] [INFO]  ---client 0
[2024-01-09 18:30:19] [INFO] |  local epoch  : 0, acc 0.728
[2024-01-09 18:30:20] [INFO] |  local epoch  : 1, acc 0.723
[2024-01-09 18:30:20] [INFO] |  local epoch  : 2, acc 0.732
[2024-01-09 18:30:20] [INFO] |  local epoch  : 3, acc 0.744
[2024-01-09 18:30:21] [INFO] |  local epoch  : 4, acc 0.727
[2024-01-09 18:30:21] [INFO] |  local epoch  : 5, acc 0.747
[2024-01-09 18:30:21] [INFO] |  local epoch  : 6, acc 0.719
[2024-01-09 18:30:22] [INFO] |  local epoch  : 7, acc 0.750
[2024-01-09 18:30:22] [INFO] |  local epoch  : 8, acc 0.745
[2024-01-09 18:30:22] [INFO] |  local epoch  : 9, acc 0.744
[2024-01-09 18:30:22] [INFO]  ---client 1
[2024-01-09 18:30:22] [INFO] |  local epoch  : 0, acc 0.713
[2024-01-09 18:30:23] [INFO] |  local epoch  : 1, acc 0.716
[2024-01-09 18:30:23] [INFO] |  local epoch  : 2, acc 0.727
[2024-01-09 18:30:23] [INFO] |  local epoch  : 3, acc 0.725
[2024-01-09 18:30:24] [INFO] |  local epoch  : 4, acc 0.734
[2024-01-09 18:30:24] [INFO] |  local epoch  : 5, acc 0.746
[2024-01-09 18:30:24] [INFO] |  local epoch  : 6, acc 0.753
[2024-01-09 18:30:25] [INFO] |  local epoch  : 7, acc 0.731
[2024-01-09 18:30:25] [INFO] |  local epoch  : 8, acc 0.762
[2024-01-09 18:30:25] [INFO] |  local epoch  : 9, acc 0.731
[2024-01-09 18:30:25] [INFO]  ---client 2
[2024-01-09 18:30:25] [INFO] |  local epoch  : 0, acc 0.704
[2024-01-09 18:30:26] [INFO] |  local epoch  : 1, acc 0.713
[2024-01-09 18:30:26] [INFO] |  local epoch  : 2, acc 0.712
[2024-01-09 18:30:26] [INFO] |  local epoch  : 3, acc 0.728
[2024-01-09 18:30:27] [INFO] |  local epoch  : 4, acc 0.742
[2024-01-09 18:30:27] [INFO] |  local epoch  : 5, acc 0.705
[2024-01-09 18:30:27] [INFO] |  local epoch  : 6, acc 0.736
[2024-01-09 18:30:28] [INFO] |  local epoch  : 7, acc 0.745
[2024-01-09 18:30:28] [INFO] |  local epoch  : 8, acc 0.727
[2024-01-09 18:30:28] [INFO] |  local epoch  : 9, acc 0.752
[2024-01-09 18:30:28] [INFO] |servers comunicated: 1, server aggregated: 1, acc_server 0: 0.752.
[2024-01-09 18:30:28] [INFO] --------------------------------------------------
[2024-01-09 18:30:28] [INFO]   |server: 1
[2024-01-09 18:30:28] [INFO]  ---client 3
[2024-01-09 18:30:29] [INFO] |  local epoch  : 0, acc 0.757
[2024-01-09 18:30:29] [INFO] |  local epoch  : 1, acc 0.790
[2024-01-09 18:30:29] [INFO] |  local epoch  : 2, acc 0.779
[2024-01-09 18:30:29] [INFO] |  local epoch  : 3, acc 0.786
[2024-01-09 18:30:30] [INFO] |  local epoch  : 4, acc 0.810
[2024-01-09 18:30:30] [INFO] |  local epoch  : 5, acc 0.789
[2024-01-09 18:30:30] [INFO] |  local epoch  : 6, acc 0.801
[2024-01-09 18:30:31] [INFO] |  local epoch  : 7, acc 0.787
[2024-01-09 18:30:31] [INFO] |  local epoch  : 8, acc 0.800
[2024-01-09 18:30:31] [INFO] |  local epoch  : 9, acc 0.795
[2024-01-09 18:30:31] [INFO]  ---client 4
[2024-01-09 18:30:32] [INFO] |  local epoch  : 0, acc 0.782
[2024-01-09 18:30:32] [INFO] |  local epoch  : 1, acc 0.795
[2024-01-09 18:30:32] [INFO] |  local epoch  : 2, acc 0.785
[2024-01-09 18:30:32] [INFO] |  local epoch  : 3, acc 0.796
[2024-01-09 18:30:33] [INFO] |  local epoch  : 4, acc 0.787
[2024-01-09 18:30:33] [INFO] |  local epoch  : 5, acc 0.792
[2024-01-09 18:30:33] [INFO] |  local epoch  : 6, acc 0.794
[2024-01-09 18:30:34] [INFO] |  local epoch  : 7, acc 0.799
[2024-01-09 18:30:34] [INFO] |  local epoch  : 8, acc 0.798
[2024-01-09 18:30:34] [INFO] |  local epoch  : 9, acc 0.802
[2024-01-09 18:30:34] [INFO]  ---client 5
[2024-01-09 18:30:34] [INFO] |  local epoch  : 0, acc 0.805
[2024-01-09 18:30:35] [INFO] |  local epoch  : 1, acc 0.795
[2024-01-09 18:30:35] [INFO] |  local epoch  : 2, acc 0.811
[2024-01-09 18:30:35] [INFO] |  local epoch  : 3, acc 0.811
[2024-01-09 18:30:36] [INFO] |  local epoch  : 4, acc 0.813
[2024-01-09 18:30:36] [INFO] |  local epoch  : 5, acc 0.802
[2024-01-09 18:30:36] [INFO] |  local epoch  : 6, acc 0.820
[2024-01-09 18:30:37] [INFO] |  local epoch  : 7, acc 0.803
[2024-01-09 18:30:37] [INFO] |  local epoch  : 8, acc 0.821
[2024-01-09 18:30:37] [INFO] |  local epoch  : 9, acc 0.818
[2024-01-09 18:30:37] [INFO] |servers comunicated: 1, server aggregated: 1, acc_server 1: 0.817.
[2024-01-09 18:30:37] [INFO] --------------------------------------------------
[2024-01-09 18:30:37] [INFO]   |server: 2
[2024-01-09 18:30:37] [INFO]  ---client 6
[2024-01-09 18:30:38] [INFO] |  local epoch  : 0, acc 0.714
[2024-01-09 18:30:38] [INFO] |  local epoch  : 1, acc 0.716
[2024-01-09 18:30:38] [INFO] |  local epoch  : 2, acc 0.718
[2024-01-09 18:30:38] [INFO] |  local epoch  : 3, acc 0.714
[2024-01-09 18:30:39] [INFO] |  local epoch  : 4, acc 0.725
[2024-01-09 18:30:39] [INFO] |  local epoch  : 5, acc 0.719
[2024-01-09 18:30:39] [INFO] |  local epoch  : 6, acc 0.729
[2024-01-09 18:30:40] [INFO] |  local epoch  : 7, acc 0.732
[2024-01-09 18:30:40] [INFO] |  local epoch  : 8, acc 0.734
[2024-01-09 18:30:40] [INFO] |  local epoch  : 9, acc 0.723
[2024-01-09 18:30:40] [INFO]  ---client 7
[2024-01-09 18:30:40] [INFO] |  local epoch  : 0, acc 0.714
[2024-01-09 18:30:41] [INFO] |  local epoch  : 1, acc 0.713
[2024-01-09 18:30:41] [INFO] |  local epoch  : 2, acc 0.722
[2024-01-09 18:30:41] [INFO] |  local epoch  : 3, acc 0.721
[2024-01-09 18:30:42] [INFO] |  local epoch  : 4, acc 0.718
[2024-01-09 18:30:42] [INFO] |  local epoch  : 5, acc 0.727
[2024-01-09 18:30:42] [INFO] |  local epoch  : 6, acc 0.744
[2024-01-09 18:30:43] [INFO] |  local epoch  : 7, acc 0.728
[2024-01-09 18:30:43] [INFO] |  local epoch  : 8, acc 0.729
[2024-01-09 18:30:43] [INFO] |  local epoch  : 9, acc 0.741
[2024-01-09 18:30:43] [INFO]  ---client 8
[2024-01-09 18:30:43] [INFO] |  local epoch  : 0, acc 0.721
[2024-01-09 18:30:44] [INFO] |  local epoch  : 1, acc 0.736
[2024-01-09 18:30:44] [INFO] |  local epoch  : 2, acc 0.737
[2024-01-09 18:30:44] [INFO] |  local epoch  : 3, acc 0.740
[2024-01-09 18:30:45] [INFO] |  local epoch  : 4, acc 0.721
[2024-01-09 18:30:45] [INFO] |  local epoch  : 5, acc 0.742
[2024-01-09 18:30:45] [INFO] |  local epoch  : 6, acc 0.740
[2024-01-09 18:30:45] [INFO] |  local epoch  : 7, acc 0.743
[2024-01-09 18:30:46] [INFO] |  local epoch  : 8, acc 0.749
[2024-01-09 18:30:46] [INFO] |  local epoch  : 9, acc 0.768
[2024-01-09 18:30:46] [INFO] |servers comunicated: 1, server aggregated: 1, acc_server 2: 0.748.
[2024-01-09 18:30:46] [INFO] --------------------------------------------------
[2024-01-09 18:30:46] [INFO]      ********  servers comunicates  ********      
[2024-01-09 18:30:46] [INFO] ./res/mnist_model_1_algo_2/alpha_0.5_T_6/server_commu_2_client_commu_2_client_train_10_batch_size_160_num_all_client_9_num_all_server_3_num_client_data_1200_num_public_data_50_proportion_0.8.pt
