[2024-01-09 18:25:46] [INFO] device cuda is used.
[2024-01-09 18:25:46] [INFO] cudnn is actived.
[2024-01-09 18:25:46] [INFO] 
      alpha      :  0.5  
        T        :   6   
    algorithm    :   2   
num_server_commu :   2   
num_client_commu :   2   
num_client_train :  10   
num_public_train :   2   
   batch_size    :  160  
     dataset     : mnist 
  model_select   :   1   
 num_all_client  :   9   
 num_all_server  :   3   
 num_client_data : 1200  
 num_public_data :  50   
   proportion    :  0.8  
[2024-01-09 18:25:54] [INFO] --------------------------------------------------
[2024-01-09 18:25:54] [INFO] |epoch_server_commu: 0/2
[2024-01-09 18:25:54] [INFO]  |epoch_client_commu: 0/2
[2024-01-09 18:25:54] [INFO]   |server: 0
[2024-01-09 18:25:54] [INFO]  ---client 0
[2024-01-09 18:25:55] [INFO] |  local epoch  : 0, acc 0.103
[2024-01-09 18:25:55] [INFO] |  local epoch  : 1, acc 0.103
[2024-01-09 18:25:55] [INFO] |  local epoch  : 2, acc 0.103
[2024-01-09 18:25:56] [INFO] |  local epoch  : 3, acc 0.103
[2024-01-09 18:25:56] [INFO] |  local epoch  : 4, acc 0.103
[2024-01-09 18:25:56] [INFO] |  local epoch  : 5, acc 0.103
[2024-01-09 18:25:56] [INFO] |  local epoch  : 6, acc 0.103
[2024-01-09 18:25:57] [INFO] |  local epoch  : 7, acc 0.103
[2024-01-09 18:25:57] [INFO] |  local epoch  : 8, acc 0.103
[2024-01-09 18:25:57] [INFO] |  local epoch  : 9, acc 0.103
